[2024-06-24T15:03:48.584+0000] {processor.py:156} INFO - Started process (PID=38) to work on /opt/airflow/dags/assignment3_bigdata.py
[2024-06-24T15:03:48.585+0000] {processor.py:799} INFO - Processing file /opt/airflow/dags/assignment3_bigdata.py for tasks to queue
[2024-06-24T15:03:48.585+0000] {logging_mixin.py:149} INFO - [2024-06-24T15:03:48.585+0000] {dagbag.py:541} INFO - Filling up the DagBag from /opt/airflow/dags/assignment3_bigdata.py
[2024-06-24T15:03:49.559+0000] {logging_mixin.py:149} INFO - [2024-06-24T15:03:49.556+0000] {dagbag.py:350} ERROR - Failed to import: /opt/airflow/dags/assignment3_bigdata.py
Traceback (most recent call last):
  File "/home/airflow/.local/lib/python3.7/site-packages/airflow/models/dagbag.py", line 346, in parse
    loader.exec_module(new_module)
  File "<frozen importlib._bootstrap_external>", line 728, in exec_module
  File "<frozen importlib._bootstrap>", line 219, in _call_with_frames_removed
  File "/opt/airflow/dags/assignment3_bigdata.py", line 102, in <module>
    emails = Variable.get("emails")
  File "/home/airflow/.local/lib/python3.7/site-packages/airflow/models/variable.py", line 142, in get
    raise KeyError(f"Variable {key} does not exist")
KeyError: 'Variable emails does not exist'
[2024-06-24T15:03:49.562+0000] {processor.py:811} WARNING - No viable dags retrieved from /opt/airflow/dags/assignment3_bigdata.py
[2024-06-24T15:03:49.567+0000] {processor.py:178} INFO - Processing /opt/airflow/dags/assignment3_bigdata.py took 0.986 seconds
[2024-06-24T15:04:19.607+0000] {processor.py:156} INFO - Started process (PID=114) to work on /opt/airflow/dags/assignment3_bigdata.py
[2024-06-24T15:04:19.608+0000] {processor.py:799} INFO - Processing file /opt/airflow/dags/assignment3_bigdata.py for tasks to queue
[2024-06-24T15:04:19.608+0000] {logging_mixin.py:149} INFO - [2024-06-24T15:04:19.608+0000] {dagbag.py:541} INFO - Filling up the DagBag from /opt/airflow/dags/assignment3_bigdata.py
[2024-06-24T15:04:19.798+0000] {logging_mixin.py:149} INFO - [2024-06-24T15:04:19.797+0000] {dagbag.py:350} ERROR - Failed to import: /opt/airflow/dags/assignment3_bigdata.py
Traceback (most recent call last):
  File "/home/airflow/.local/lib/python3.7/site-packages/airflow/models/dagbag.py", line 346, in parse
    loader.exec_module(new_module)
  File "<frozen importlib._bootstrap_external>", line 728, in exec_module
  File "<frozen importlib._bootstrap>", line 219, in _call_with_frames_removed
  File "/opt/airflow/dags/assignment3_bigdata.py", line 102, in <module>
    emails = Variable.get("emails")
  File "/home/airflow/.local/lib/python3.7/site-packages/airflow/models/variable.py", line 142, in get
    raise KeyError(f"Variable {key} does not exist")
KeyError: 'Variable emails does not exist'
[2024-06-24T15:04:19.799+0000] {processor.py:811} WARNING - No viable dags retrieved from /opt/airflow/dags/assignment3_bigdata.py
[2024-06-24T15:04:19.802+0000] {processor.py:178} INFO - Processing /opt/airflow/dags/assignment3_bigdata.py took 0.196 seconds
[2024-06-24T15:04:50.189+0000] {processor.py:156} INFO - Started process (PID=175) to work on /opt/airflow/dags/assignment3_bigdata.py
[2024-06-24T15:04:50.190+0000] {processor.py:799} INFO - Processing file /opt/airflow/dags/assignment3_bigdata.py for tasks to queue
[2024-06-24T15:04:50.191+0000] {logging_mixin.py:149} INFO - [2024-06-24T15:04:50.191+0000] {dagbag.py:541} INFO - Filling up the DagBag from /opt/airflow/dags/assignment3_bigdata.py
[2024-06-24T15:04:50.401+0000] {logging_mixin.py:149} INFO - [2024-06-24T15:04:50.400+0000] {dagbag.py:350} ERROR - Failed to import: /opt/airflow/dags/assignment3_bigdata.py
Traceback (most recent call last):
  File "/home/airflow/.local/lib/python3.7/site-packages/airflow/models/dagbag.py", line 346, in parse
    loader.exec_module(new_module)
  File "<frozen importlib._bootstrap_external>", line 728, in exec_module
  File "<frozen importlib._bootstrap>", line 219, in _call_with_frames_removed
  File "/opt/airflow/dags/assignment3_bigdata.py", line 102, in <module>
    emails = Variable.get("emails")
  File "/home/airflow/.local/lib/python3.7/site-packages/airflow/models/variable.py", line 142, in get
    raise KeyError(f"Variable {key} does not exist")
KeyError: 'Variable emails does not exist'
[2024-06-24T15:04:50.402+0000] {processor.py:811} WARNING - No viable dags retrieved from /opt/airflow/dags/assignment3_bigdata.py
[2024-06-24T15:04:50.405+0000] {processor.py:178} INFO - Processing /opt/airflow/dags/assignment3_bigdata.py took 0.220 seconds
[2024-06-24T15:05:20.734+0000] {processor.py:156} INFO - Started process (PID=244) to work on /opt/airflow/dags/assignment3_bigdata.py
[2024-06-24T15:05:20.735+0000] {processor.py:799} INFO - Processing file /opt/airflow/dags/assignment3_bigdata.py for tasks to queue
[2024-06-24T15:05:20.736+0000] {logging_mixin.py:149} INFO - [2024-06-24T15:05:20.736+0000] {dagbag.py:541} INFO - Filling up the DagBag from /opt/airflow/dags/assignment3_bigdata.py
[2024-06-24T15:05:20.958+0000] {logging_mixin.py:149} INFO - [2024-06-24T15:05:20.957+0000] {dagbag.py:350} ERROR - Failed to import: /opt/airflow/dags/assignment3_bigdata.py
Traceback (most recent call last):
  File "/home/airflow/.local/lib/python3.7/site-packages/airflow/models/dagbag.py", line 346, in parse
    loader.exec_module(new_module)
  File "<frozen importlib._bootstrap_external>", line 728, in exec_module
  File "<frozen importlib._bootstrap>", line 219, in _call_with_frames_removed
  File "/opt/airflow/dags/assignment3_bigdata.py", line 102, in <module>
    emails = Variable.get("emails")
  File "/home/airflow/.local/lib/python3.7/site-packages/airflow/models/variable.py", line 142, in get
    raise KeyError(f"Variable {key} does not exist")
KeyError: 'Variable emails does not exist'
[2024-06-24T15:05:20.958+0000] {processor.py:811} WARNING - No viable dags retrieved from /opt/airflow/dags/assignment3_bigdata.py
[2024-06-24T15:05:20.962+0000] {processor.py:178} INFO - Processing /opt/airflow/dags/assignment3_bigdata.py took 0.232 seconds
[2024-06-24T15:05:51.360+0000] {processor.py:156} INFO - Started process (PID=313) to work on /opt/airflow/dags/assignment3_bigdata.py
[2024-06-24T15:05:51.360+0000] {processor.py:799} INFO - Processing file /opt/airflow/dags/assignment3_bigdata.py for tasks to queue
[2024-06-24T15:05:51.361+0000] {logging_mixin.py:149} INFO - [2024-06-24T15:05:51.361+0000] {dagbag.py:541} INFO - Filling up the DagBag from /opt/airflow/dags/assignment3_bigdata.py
[2024-06-24T15:05:51.563+0000] {logging_mixin.py:149} INFO - [2024-06-24T15:05:51.562+0000] {dagbag.py:350} ERROR - Failed to import: /opt/airflow/dags/assignment3_bigdata.py
Traceback (most recent call last):
  File "/home/airflow/.local/lib/python3.7/site-packages/airflow/models/dagbag.py", line 346, in parse
    loader.exec_module(new_module)
  File "<frozen importlib._bootstrap_external>", line 728, in exec_module
  File "<frozen importlib._bootstrap>", line 219, in _call_with_frames_removed
  File "/opt/airflow/dags/assignment3_bigdata.py", line 102, in <module>
    emails = Variable.get("emails")
  File "/home/airflow/.local/lib/python3.7/site-packages/airflow/models/variable.py", line 142, in get
    raise KeyError(f"Variable {key} does not exist")
KeyError: 'Variable emails does not exist'
[2024-06-24T15:05:51.563+0000] {processor.py:811} WARNING - No viable dags retrieved from /opt/airflow/dags/assignment3_bigdata.py
[2024-06-24T15:05:51.567+0000] {processor.py:178} INFO - Processing /opt/airflow/dags/assignment3_bigdata.py took 0.211 seconds
[2024-06-24T15:06:21.925+0000] {processor.py:156} INFO - Started process (PID=381) to work on /opt/airflow/dags/assignment3_bigdata.py
[2024-06-24T15:06:21.925+0000] {processor.py:799} INFO - Processing file /opt/airflow/dags/assignment3_bigdata.py for tasks to queue
[2024-06-24T15:06:21.926+0000] {logging_mixin.py:149} INFO - [2024-06-24T15:06:21.926+0000] {dagbag.py:541} INFO - Filling up the DagBag from /opt/airflow/dags/assignment3_bigdata.py
[2024-06-24T15:06:22.159+0000] {processor.py:809} INFO - DAG(s) dict_keys(['Assignment3']) retrieved from /opt/airflow/dags/assignment3_bigdata.py
[2024-06-24T15:06:22.292+0000] {logging_mixin.py:149} INFO - [2024-06-24T15:06:22.292+0000] {manager.py:504} INFO - Created Permission View: can delete on DAG:Assignment3
[2024-06-24T15:06:22.296+0000] {logging_mixin.py:149} INFO - [2024-06-24T15:06:22.296+0000] {manager.py:504} INFO - Created Permission View: can edit on DAG:Assignment3
[2024-06-24T15:06:22.298+0000] {logging_mixin.py:149} INFO - [2024-06-24T15:06:22.298+0000] {manager.py:504} INFO - Created Permission View: can read on DAG:Assignment3
[2024-06-24T15:06:22.298+0000] {logging_mixin.py:149} INFO - [2024-06-24T15:06:22.298+0000] {dag.py:2726} INFO - Sync 1 DAGs
[2024-06-24T15:06:22.304+0000] {logging_mixin.py:149} INFO - [2024-06-24T15:06:22.303+0000] {dag.py:2747} INFO - Creating ORM DAG for Assignment3
[2024-06-24T15:06:22.308+0000] {logging_mixin.py:149} INFO - [2024-06-24T15:06:22.308+0000] {dag.py:3490} INFO - Setting next_dagrun for Assignment3 to 2024-06-23T00:00:00+00:00, run_after=2024-06-24T00:00:00+00:00
[2024-06-24T15:06:22.315+0000] {processor.py:178} INFO - Processing /opt/airflow/dags/assignment3_bigdata.py took 0.394 seconds
[2024-06-24T15:06:52.600+0000] {processor.py:156} INFO - Started process (PID=450) to work on /opt/airflow/dags/assignment3_bigdata.py
[2024-06-24T15:06:52.601+0000] {processor.py:799} INFO - Processing file /opt/airflow/dags/assignment3_bigdata.py for tasks to queue
[2024-06-24T15:06:52.601+0000] {logging_mixin.py:149} INFO - [2024-06-24T15:06:52.601+0000] {dagbag.py:541} INFO - Filling up the DagBag from /opt/airflow/dags/assignment3_bigdata.py
[2024-06-24T15:06:52.853+0000] {processor.py:809} INFO - DAG(s) dict_keys(['Assignment3']) retrieved from /opt/airflow/dags/assignment3_bigdata.py
[2024-06-24T15:06:52.859+0000] {logging_mixin.py:149} INFO - [2024-06-24T15:06:52.859+0000] {dag.py:2726} INFO - Sync 1 DAGs
[2024-06-24T15:06:52.870+0000] {logging_mixin.py:149} INFO - [2024-06-24T15:06:52.870+0000] {dag.py:3490} INFO - Setting next_dagrun for Assignment3 to 2024-06-23T00:00:00+00:00, run_after=2024-06-24T00:00:00+00:00
[2024-06-24T15:06:52.877+0000] {processor.py:178} INFO - Processing /opt/airflow/dags/assignment3_bigdata.py took 0.283 seconds
[2024-06-24T15:07:52.779+0000] {processor.py:156} INFO - Started process (PID=38) to work on /opt/airflow/dags/assignment3_bigdata.py
[2024-06-24T15:07:52.780+0000] {processor.py:799} INFO - Processing file /opt/airflow/dags/assignment3_bigdata.py for tasks to queue
[2024-06-24T15:07:52.781+0000] {logging_mixin.py:149} INFO - [2024-06-24T15:07:52.781+0000] {dagbag.py:541} INFO - Filling up the DagBag from /opt/airflow/dags/assignment3_bigdata.py
[2024-06-24T15:07:53.493+0000] {processor.py:809} INFO - DAG(s) dict_keys(['Assignment3']) retrieved from /opt/airflow/dags/assignment3_bigdata.py
[2024-06-24T15:07:53.531+0000] {logging_mixin.py:149} INFO - [2024-06-24T15:07:53.531+0000] {dag.py:2726} INFO - Sync 1 DAGs
[2024-06-24T15:07:53.544+0000] {logging_mixin.py:149} INFO - [2024-06-24T15:07:53.543+0000] {dag.py:3490} INFO - Setting next_dagrun for Assignment3 to 2024-06-23T00:00:00+00:00, run_after=2024-06-24T00:00:00+00:00
[2024-06-24T15:07:53.553+0000] {processor.py:178} INFO - Processing /opt/airflow/dags/assignment3_bigdata.py took 0.777 seconds
[2024-06-24T15:08:23.680+0000] {processor.py:156} INFO - Started process (PID=120) to work on /opt/airflow/dags/assignment3_bigdata.py
[2024-06-24T15:08:23.680+0000] {processor.py:799} INFO - Processing file /opt/airflow/dags/assignment3_bigdata.py for tasks to queue
[2024-06-24T15:08:23.681+0000] {logging_mixin.py:149} INFO - [2024-06-24T15:08:23.681+0000] {dagbag.py:541} INFO - Filling up the DagBag from /opt/airflow/dags/assignment3_bigdata.py
[2024-06-24T15:08:23.909+0000] {processor.py:809} INFO - DAG(s) dict_keys(['Assignment3']) retrieved from /opt/airflow/dags/assignment3_bigdata.py
[2024-06-24T15:08:23.917+0000] {logging_mixin.py:149} INFO - [2024-06-24T15:08:23.916+0000] {dag.py:2726} INFO - Sync 1 DAGs
[2024-06-24T15:08:23.928+0000] {logging_mixin.py:149} INFO - [2024-06-24T15:08:23.928+0000] {dag.py:3490} INFO - Setting next_dagrun for Assignment3 to 2024-06-24T00:00:00+00:00, run_after=2024-06-25T00:00:00+00:00
[2024-06-24T15:08:23.936+0000] {processor.py:178} INFO - Processing /opt/airflow/dags/assignment3_bigdata.py took 0.257 seconds
[2024-06-24T15:08:54.114+0000] {processor.py:156} INFO - Started process (PID=180) to work on /opt/airflow/dags/assignment3_bigdata.py
[2024-06-24T15:08:54.115+0000] {processor.py:799} INFO - Processing file /opt/airflow/dags/assignment3_bigdata.py for tasks to queue
[2024-06-24T15:08:54.116+0000] {logging_mixin.py:149} INFO - [2024-06-24T15:08:54.116+0000] {dagbag.py:541} INFO - Filling up the DagBag from /opt/airflow/dags/assignment3_bigdata.py
[2024-06-24T15:08:54.327+0000] {processor.py:809} INFO - DAG(s) dict_keys(['Assignment3']) retrieved from /opt/airflow/dags/assignment3_bigdata.py
[2024-06-24T15:08:54.332+0000] {logging_mixin.py:149} INFO - [2024-06-24T15:08:54.332+0000] {dag.py:2726} INFO - Sync 1 DAGs
[2024-06-24T15:08:54.342+0000] {logging_mixin.py:149} INFO - [2024-06-24T15:08:54.342+0000] {dag.py:3490} INFO - Setting next_dagrun for Assignment3 to 2024-06-24T00:00:00+00:00, run_after=2024-06-25T00:00:00+00:00
[2024-06-24T15:08:54.349+0000] {processor.py:178} INFO - Processing /opt/airflow/dags/assignment3_bigdata.py took 0.240 seconds
[2024-06-24T15:09:24.893+0000] {processor.py:156} INFO - Started process (PID=249) to work on /opt/airflow/dags/assignment3_bigdata.py
[2024-06-24T15:09:24.894+0000] {processor.py:799} INFO - Processing file /opt/airflow/dags/assignment3_bigdata.py for tasks to queue
[2024-06-24T15:09:24.895+0000] {logging_mixin.py:149} INFO - [2024-06-24T15:09:24.894+0000] {dagbag.py:541} INFO - Filling up the DagBag from /opt/airflow/dags/assignment3_bigdata.py
[2024-06-24T15:09:25.107+0000] {processor.py:809} INFO - DAG(s) dict_keys(['Assignment3']) retrieved from /opt/airflow/dags/assignment3_bigdata.py
[2024-06-24T15:09:25.113+0000] {logging_mixin.py:149} INFO - [2024-06-24T15:09:25.113+0000] {dag.py:2726} INFO - Sync 1 DAGs
[2024-06-24T15:09:25.123+0000] {logging_mixin.py:149} INFO - [2024-06-24T15:09:25.123+0000] {dag.py:3490} INFO - Setting next_dagrun for Assignment3 to 2024-06-24T00:00:00+00:00, run_after=2024-06-25T00:00:00+00:00
[2024-06-24T15:09:25.129+0000] {processor.py:178} INFO - Processing /opt/airflow/dags/assignment3_bigdata.py took 0.242 seconds
[2024-06-24T15:09:55.505+0000] {processor.py:156} INFO - Started process (PID=318) to work on /opt/airflow/dags/assignment3_bigdata.py
[2024-06-24T15:09:55.506+0000] {processor.py:799} INFO - Processing file /opt/airflow/dags/assignment3_bigdata.py for tasks to queue
[2024-06-24T15:09:55.507+0000] {logging_mixin.py:149} INFO - [2024-06-24T15:09:55.507+0000] {dagbag.py:541} INFO - Filling up the DagBag from /opt/airflow/dags/assignment3_bigdata.py
[2024-06-24T15:09:55.720+0000] {processor.py:809} INFO - DAG(s) dict_keys(['Assignment3']) retrieved from /opt/airflow/dags/assignment3_bigdata.py
[2024-06-24T15:09:55.728+0000] {logging_mixin.py:149} INFO - [2024-06-24T15:09:55.728+0000] {dag.py:2726} INFO - Sync 1 DAGs
[2024-06-24T15:09:55.738+0000] {logging_mixin.py:149} INFO - [2024-06-24T15:09:55.738+0000] {dag.py:3490} INFO - Setting next_dagrun for Assignment3 to 2024-06-24T00:00:00+00:00, run_after=2024-06-25T00:00:00+00:00
[2024-06-24T15:09:55.745+0000] {processor.py:178} INFO - Processing /opt/airflow/dags/assignment3_bigdata.py took 0.245 seconds
[2024-06-24T15:10:26.140+0000] {processor.py:156} INFO - Started process (PID=387) to work on /opt/airflow/dags/assignment3_bigdata.py
[2024-06-24T15:10:26.141+0000] {processor.py:799} INFO - Processing file /opt/airflow/dags/assignment3_bigdata.py for tasks to queue
[2024-06-24T15:10:26.142+0000] {logging_mixin.py:149} INFO - [2024-06-24T15:10:26.142+0000] {dagbag.py:541} INFO - Filling up the DagBag from /opt/airflow/dags/assignment3_bigdata.py
[2024-06-24T15:10:26.385+0000] {processor.py:809} INFO - DAG(s) dict_keys(['Assignment3']) retrieved from /opt/airflow/dags/assignment3_bigdata.py
[2024-06-24T15:10:26.392+0000] {logging_mixin.py:149} INFO - [2024-06-24T15:10:26.392+0000] {dag.py:2726} INFO - Sync 1 DAGs
[2024-06-24T15:10:26.403+0000] {logging_mixin.py:149} INFO - [2024-06-24T15:10:26.403+0000] {dag.py:3490} INFO - Setting next_dagrun for Assignment3 to 2024-06-24T00:00:00+00:00, run_after=2024-06-25T00:00:00+00:00
[2024-06-24T15:10:26.413+0000] {processor.py:178} INFO - Processing /opt/airflow/dags/assignment3_bigdata.py took 0.277 seconds
[2024-06-24T15:10:56.908+0000] {processor.py:156} INFO - Started process (PID=456) to work on /opt/airflow/dags/assignment3_bigdata.py
[2024-06-24T15:10:56.909+0000] {processor.py:799} INFO - Processing file /opt/airflow/dags/assignment3_bigdata.py for tasks to queue
[2024-06-24T15:10:56.910+0000] {logging_mixin.py:149} INFO - [2024-06-24T15:10:56.910+0000] {dagbag.py:541} INFO - Filling up the DagBag from /opt/airflow/dags/assignment3_bigdata.py
[2024-06-24T15:10:57.108+0000] {processor.py:809} INFO - DAG(s) dict_keys(['Assignment3']) retrieved from /opt/airflow/dags/assignment3_bigdata.py
[2024-06-24T15:10:57.114+0000] {logging_mixin.py:149} INFO - [2024-06-24T15:10:57.114+0000] {dag.py:2726} INFO - Sync 1 DAGs
[2024-06-24T15:10:57.125+0000] {logging_mixin.py:149} INFO - [2024-06-24T15:10:57.125+0000] {dag.py:3490} INFO - Setting next_dagrun for Assignment3 to 2024-06-24T00:00:00+00:00, run_after=2024-06-25T00:00:00+00:00
[2024-06-24T15:10:57.131+0000] {processor.py:178} INFO - Processing /opt/airflow/dags/assignment3_bigdata.py took 0.228 seconds
[2024-06-24T15:11:27.611+0000] {processor.py:156} INFO - Started process (PID=525) to work on /opt/airflow/dags/assignment3_bigdata.py
[2024-06-24T15:11:27.613+0000] {processor.py:799} INFO - Processing file /opt/airflow/dags/assignment3_bigdata.py for tasks to queue
[2024-06-24T15:11:27.614+0000] {logging_mixin.py:149} INFO - [2024-06-24T15:11:27.614+0000] {dagbag.py:541} INFO - Filling up the DagBag from /opt/airflow/dags/assignment3_bigdata.py
[2024-06-24T15:11:27.839+0000] {processor.py:809} INFO - DAG(s) dict_keys(['Assignment3']) retrieved from /opt/airflow/dags/assignment3_bigdata.py
[2024-06-24T15:11:27.845+0000] {logging_mixin.py:149} INFO - [2024-06-24T15:11:27.845+0000] {dag.py:2726} INFO - Sync 1 DAGs
[2024-06-24T15:11:27.857+0000] {logging_mixin.py:149} INFO - [2024-06-24T15:11:27.857+0000] {dag.py:3490} INFO - Setting next_dagrun for Assignment3 to 2024-06-24T00:00:00+00:00, run_after=2024-06-25T00:00:00+00:00
[2024-06-24T15:11:27.863+0000] {processor.py:178} INFO - Processing /opt/airflow/dags/assignment3_bigdata.py took 0.258 seconds
[2024-06-24T15:11:58.311+0000] {processor.py:156} INFO - Started process (PID=594) to work on /opt/airflow/dags/assignment3_bigdata.py
[2024-06-24T15:11:58.313+0000] {processor.py:799} INFO - Processing file /opt/airflow/dags/assignment3_bigdata.py for tasks to queue
[2024-06-24T15:11:58.314+0000] {logging_mixin.py:149} INFO - [2024-06-24T15:11:58.313+0000] {dagbag.py:541} INFO - Filling up the DagBag from /opt/airflow/dags/assignment3_bigdata.py
[2024-06-24T15:11:58.564+0000] {processor.py:809} INFO - DAG(s) dict_keys(['Assignment3']) retrieved from /opt/airflow/dags/assignment3_bigdata.py
[2024-06-24T15:11:58.570+0000] {logging_mixin.py:149} INFO - [2024-06-24T15:11:58.570+0000] {dag.py:2726} INFO - Sync 1 DAGs
[2024-06-24T15:11:58.581+0000] {logging_mixin.py:149} INFO - [2024-06-24T15:11:58.581+0000] {dag.py:3490} INFO - Setting next_dagrun for Assignment3 to 2024-06-24T00:00:00+00:00, run_after=2024-06-25T00:00:00+00:00
[2024-06-24T15:11:58.588+0000] {processor.py:178} INFO - Processing /opt/airflow/dags/assignment3_bigdata.py took 0.282 seconds
[2024-06-24T15:12:29.059+0000] {processor.py:156} INFO - Started process (PID=663) to work on /opt/airflow/dags/assignment3_bigdata.py
[2024-06-24T15:12:29.059+0000] {processor.py:799} INFO - Processing file /opt/airflow/dags/assignment3_bigdata.py for tasks to queue
[2024-06-24T15:12:29.060+0000] {logging_mixin.py:149} INFO - [2024-06-24T15:12:29.060+0000] {dagbag.py:541} INFO - Filling up the DagBag from /opt/airflow/dags/assignment3_bigdata.py
[2024-06-24T15:12:29.312+0000] {processor.py:809} INFO - DAG(s) dict_keys(['Assignment3']) retrieved from /opt/airflow/dags/assignment3_bigdata.py
[2024-06-24T15:12:29.319+0000] {logging_mixin.py:149} INFO - [2024-06-24T15:12:29.319+0000] {dag.py:2726} INFO - Sync 1 DAGs
[2024-06-24T15:12:29.330+0000] {logging_mixin.py:149} INFO - [2024-06-24T15:12:29.330+0000] {dag.py:3490} INFO - Setting next_dagrun for Assignment3 to 2024-06-24T00:00:00+00:00, run_after=2024-06-25T00:00:00+00:00
[2024-06-24T15:12:29.340+0000] {processor.py:178} INFO - Processing /opt/airflow/dags/assignment3_bigdata.py took 0.288 seconds
[2024-06-24T15:12:59.738+0000] {processor.py:156} INFO - Started process (PID=732) to work on /opt/airflow/dags/assignment3_bigdata.py
[2024-06-24T15:12:59.739+0000] {processor.py:799} INFO - Processing file /opt/airflow/dags/assignment3_bigdata.py for tasks to queue
[2024-06-24T15:12:59.740+0000] {logging_mixin.py:149} INFO - [2024-06-24T15:12:59.740+0000] {dagbag.py:541} INFO - Filling up the DagBag from /opt/airflow/dags/assignment3_bigdata.py
[2024-06-24T15:12:59.943+0000] {processor.py:809} INFO - DAG(s) dict_keys(['Assignment3']) retrieved from /opt/airflow/dags/assignment3_bigdata.py
[2024-06-24T15:12:59.950+0000] {logging_mixin.py:149} INFO - [2024-06-24T15:12:59.950+0000] {dag.py:2726} INFO - Sync 1 DAGs
[2024-06-24T15:12:59.962+0000] {logging_mixin.py:149} INFO - [2024-06-24T15:12:59.962+0000] {dag.py:3490} INFO - Setting next_dagrun for Assignment3 to 2024-06-24T00:00:00+00:00, run_after=2024-06-25T00:00:00+00:00
[2024-06-24T15:12:59.969+0000] {processor.py:178} INFO - Processing /opt/airflow/dags/assignment3_bigdata.py took 0.236 seconds
[2024-06-24T15:13:30.422+0000] {processor.py:156} INFO - Started process (PID=801) to work on /opt/airflow/dags/assignment3_bigdata.py
[2024-06-24T15:13:30.423+0000] {processor.py:799} INFO - Processing file /opt/airflow/dags/assignment3_bigdata.py for tasks to queue
[2024-06-24T15:13:30.424+0000] {logging_mixin.py:149} INFO - [2024-06-24T15:13:30.423+0000] {dagbag.py:541} INFO - Filling up the DagBag from /opt/airflow/dags/assignment3_bigdata.py
[2024-06-24T15:13:30.601+0000] {processor.py:809} INFO - DAG(s) dict_keys(['Assignment3']) retrieved from /opt/airflow/dags/assignment3_bigdata.py
[2024-06-24T15:13:30.609+0000] {logging_mixin.py:149} INFO - [2024-06-24T15:13:30.608+0000] {dag.py:2726} INFO - Sync 1 DAGs
[2024-06-24T15:13:30.621+0000] {logging_mixin.py:149} INFO - [2024-06-24T15:13:30.621+0000] {dag.py:3490} INFO - Setting next_dagrun for Assignment3 to 2024-06-24T00:00:00+00:00, run_after=2024-06-25T00:00:00+00:00
[2024-06-24T15:13:30.713+0000] {processor.py:178} INFO - Processing /opt/airflow/dags/assignment3_bigdata.py took 0.294 seconds
[2024-06-24T15:14:01.036+0000] {processor.py:156} INFO - Started process (PID=870) to work on /opt/airflow/dags/assignment3_bigdata.py
[2024-06-24T15:14:01.037+0000] {processor.py:799} INFO - Processing file /opt/airflow/dags/assignment3_bigdata.py for tasks to queue
[2024-06-24T15:14:01.038+0000] {logging_mixin.py:149} INFO - [2024-06-24T15:14:01.038+0000] {dagbag.py:541} INFO - Filling up the DagBag from /opt/airflow/dags/assignment3_bigdata.py
[2024-06-24T15:14:01.240+0000] {processor.py:809} INFO - DAG(s) dict_keys(['Assignment3']) retrieved from /opt/airflow/dags/assignment3_bigdata.py
[2024-06-24T15:14:01.246+0000] {logging_mixin.py:149} INFO - [2024-06-24T15:14:01.246+0000] {dag.py:2726} INFO - Sync 1 DAGs
[2024-06-24T15:14:01.256+0000] {logging_mixin.py:149} INFO - [2024-06-24T15:14:01.256+0000] {dag.py:3490} INFO - Setting next_dagrun for Assignment3 to 2024-06-24T00:00:00+00:00, run_after=2024-06-25T00:00:00+00:00
[2024-06-24T15:14:01.262+0000] {processor.py:178} INFO - Processing /opt/airflow/dags/assignment3_bigdata.py took 0.231 seconds
[2024-06-24T15:14:25.538+0000] {processor.py:156} INFO - Started process (PID=939) to work on /opt/airflow/dags/assignment3_bigdata.py
[2024-06-24T15:14:25.538+0000] {processor.py:799} INFO - Processing file /opt/airflow/dags/assignment3_bigdata.py for tasks to queue
[2024-06-24T15:14:25.538+0000] {logging_mixin.py:149} INFO - [2024-06-24T15:14:25.538+0000] {dagbag.py:541} INFO - Filling up the DagBag from /opt/airflow/dags/assignment3_bigdata.py
[2024-06-24T15:14:25.740+0000] {processor.py:809} INFO - DAG(s) dict_keys(['Assignment3']) retrieved from /opt/airflow/dags/assignment3_bigdata.py
[2024-06-24T15:14:25.747+0000] {logging_mixin.py:149} INFO - [2024-06-24T15:14:25.747+0000] {dag.py:2726} INFO - Sync 1 DAGs
[2024-06-24T15:14:25.811+0000] {logging_mixin.py:149} INFO - [2024-06-24T15:14:25.811+0000] {dag.py:3490} INFO - Setting next_dagrun for Assignment3 to 2024-06-24T00:00:00+00:00, run_after=2024-06-25T00:00:00+00:00
[2024-06-24T15:14:25.819+0000] {processor.py:178} INFO - Processing /opt/airflow/dags/assignment3_bigdata.py took 0.283 seconds
[2024-06-24T15:14:55.981+0000] {processor.py:156} INFO - Started process (PID=1008) to work on /opt/airflow/dags/assignment3_bigdata.py
[2024-06-24T15:14:55.982+0000] {processor.py:799} INFO - Processing file /opt/airflow/dags/assignment3_bigdata.py for tasks to queue
[2024-06-24T15:14:55.983+0000] {logging_mixin.py:149} INFO - [2024-06-24T15:14:55.983+0000] {dagbag.py:541} INFO - Filling up the DagBag from /opt/airflow/dags/assignment3_bigdata.py
[2024-06-24T15:14:56.168+0000] {processor.py:809} INFO - DAG(s) dict_keys(['Assignment3']) retrieved from /opt/airflow/dags/assignment3_bigdata.py
[2024-06-24T15:14:56.174+0000] {logging_mixin.py:149} INFO - [2024-06-24T15:14:56.174+0000] {dag.py:2726} INFO - Sync 1 DAGs
[2024-06-24T15:14:56.184+0000] {logging_mixin.py:149} INFO - [2024-06-24T15:14:56.184+0000] {dag.py:3490} INFO - Setting next_dagrun for Assignment3 to 2024-06-24T00:00:00+00:00, run_after=2024-06-25T00:00:00+00:00
[2024-06-24T15:14:56.239+0000] {processor.py:178} INFO - Processing /opt/airflow/dags/assignment3_bigdata.py took 0.263 seconds
[2024-06-24T15:15:05.289+0000] {processor.py:156} INFO - Started process (PID=1070) to work on /opt/airflow/dags/assignment3_bigdata.py
[2024-06-24T15:15:05.290+0000] {processor.py:799} INFO - Processing file /opt/airflow/dags/assignment3_bigdata.py for tasks to queue
[2024-06-24T15:15:05.291+0000] {logging_mixin.py:149} INFO - [2024-06-24T15:15:05.291+0000] {dagbag.py:541} INFO - Filling up the DagBag from /opt/airflow/dags/assignment3_bigdata.py
[2024-06-24T15:15:05.468+0000] {processor.py:809} INFO - DAG(s) dict_keys(['Assignment3']) retrieved from /opt/airflow/dags/assignment3_bigdata.py
[2024-06-24T15:15:05.474+0000] {logging_mixin.py:149} INFO - [2024-06-24T15:15:05.474+0000] {dag.py:2726} INFO - Sync 1 DAGs
[2024-06-24T15:15:05.482+0000] {logging_mixin.py:149} INFO - [2024-06-24T15:15:05.482+0000] {dag.py:3490} INFO - Setting next_dagrun for Assignment3 to 2024-06-24T00:00:00+00:00, run_after=2024-06-25T00:00:00+00:00
[2024-06-24T15:15:05.489+0000] {processor.py:178} INFO - Processing /opt/airflow/dags/assignment3_bigdata.py took 0.204 seconds
[2024-06-24T15:15:32.623+0000] {processor.py:156} INFO - Started process (PID=1086) to work on /opt/airflow/dags/assignment3_bigdata.py
[2024-06-24T15:15:32.624+0000] {processor.py:799} INFO - Processing file /opt/airflow/dags/assignment3_bigdata.py for tasks to queue
[2024-06-24T15:15:32.625+0000] {logging_mixin.py:149} INFO - [2024-06-24T15:15:32.625+0000] {dagbag.py:541} INFO - Filling up the DagBag from /opt/airflow/dags/assignment3_bigdata.py
[2024-06-24T15:15:32.840+0000] {processor.py:809} INFO - DAG(s) dict_keys(['Assignment3']) retrieved from /opt/airflow/dags/assignment3_bigdata.py
[2024-06-24T15:15:32.864+0000] {logging_mixin.py:149} INFO - [2024-06-24T15:15:32.863+0000] {dag.py:2726} INFO - Sync 1 DAGs
[2024-06-24T15:15:32.947+0000] {logging_mixin.py:149} INFO - [2024-06-24T15:15:32.947+0000] {dag.py:3490} INFO - Setting next_dagrun for Assignment3 to 2024-06-24T00:00:00+00:00, run_after=2024-06-25T00:00:00+00:00
[2024-06-24T15:15:32.956+0000] {processor.py:178} INFO - Processing /opt/airflow/dags/assignment3_bigdata.py took 0.338 seconds
[2024-06-24T15:15:34.570+0000] {processor.py:156} INFO - Started process (PID=1129) to work on /opt/airflow/dags/assignment3_bigdata.py
[2024-06-24T15:15:34.571+0000] {processor.py:799} INFO - Processing file /opt/airflow/dags/assignment3_bigdata.py for tasks to queue
[2024-06-24T15:15:34.572+0000] {logging_mixin.py:149} INFO - [2024-06-24T15:15:34.572+0000] {dagbag.py:541} INFO - Filling up the DagBag from /opt/airflow/dags/assignment3_bigdata.py
[2024-06-24T15:15:34.780+0000] {processor.py:809} INFO - DAG(s) dict_keys(['Assignment3']) retrieved from /opt/airflow/dags/assignment3_bigdata.py
[2024-06-24T15:15:34.782+0000] {logging_mixin.py:149} INFO - [2024-06-24T15:15:34.782+0000] {dag.py:2726} INFO - Sync 1 DAGs
[2024-06-24T15:15:34.792+0000] {logging_mixin.py:149} INFO - [2024-06-24T15:15:34.792+0000] {dag.py:3490} INFO - Setting next_dagrun for Assignment3 to 2024-06-24T00:00:00+00:00, run_after=2024-06-25T00:00:00+00:00
[2024-06-24T15:15:34.854+0000] {processor.py:178} INFO - Processing /opt/airflow/dags/assignment3_bigdata.py took 0.289 seconds
[2024-06-24T15:16:05.154+0000] {processor.py:156} INFO - Started process (PID=1198) to work on /opt/airflow/dags/assignment3_bigdata.py
[2024-06-24T15:16:05.157+0000] {processor.py:799} INFO - Processing file /opt/airflow/dags/assignment3_bigdata.py for tasks to queue
[2024-06-24T15:16:05.158+0000] {logging_mixin.py:149} INFO - [2024-06-24T15:16:05.158+0000] {dagbag.py:541} INFO - Filling up the DagBag from /opt/airflow/dags/assignment3_bigdata.py
[2024-06-24T15:16:05.493+0000] {processor.py:809} INFO - DAG(s) dict_keys(['Assignment3']) retrieved from /opt/airflow/dags/assignment3_bigdata.py
[2024-06-24T15:16:05.501+0000] {logging_mixin.py:149} INFO - [2024-06-24T15:16:05.501+0000] {dag.py:2726} INFO - Sync 1 DAGs
[2024-06-24T15:16:05.516+0000] {logging_mixin.py:149} INFO - [2024-06-24T15:16:05.515+0000] {dag.py:3490} INFO - Setting next_dagrun for Assignment3 to 2024-06-24T00:00:00+00:00, run_after=2024-06-25T00:00:00+00:00
[2024-06-24T15:16:05.527+0000] {processor.py:178} INFO - Processing /opt/airflow/dags/assignment3_bigdata.py took 0.375 seconds
[2024-06-24T15:16:35.840+0000] {processor.py:156} INFO - Started process (PID=1267) to work on /opt/airflow/dags/assignment3_bigdata.py
[2024-06-24T15:16:35.843+0000] {processor.py:799} INFO - Processing file /opt/airflow/dags/assignment3_bigdata.py for tasks to queue
[2024-06-24T15:16:35.844+0000] {logging_mixin.py:149} INFO - [2024-06-24T15:16:35.844+0000] {dagbag.py:541} INFO - Filling up the DagBag from /opt/airflow/dags/assignment3_bigdata.py
[2024-06-24T15:16:36.067+0000] {processor.py:809} INFO - DAG(s) dict_keys(['Assignment3']) retrieved from /opt/airflow/dags/assignment3_bigdata.py
[2024-06-24T15:16:36.169+0000] {logging_mixin.py:149} INFO - [2024-06-24T15:16:36.169+0000] {dag.py:2726} INFO - Sync 1 DAGs
[2024-06-24T15:16:36.182+0000] {logging_mixin.py:149} INFO - [2024-06-24T15:16:36.182+0000] {dag.py:3490} INFO - Setting next_dagrun for Assignment3 to 2024-06-24T00:00:00+00:00, run_after=2024-06-25T00:00:00+00:00
[2024-06-24T15:16:36.190+0000] {processor.py:178} INFO - Processing /opt/airflow/dags/assignment3_bigdata.py took 0.354 seconds
[2024-06-24T15:17:06.439+0000] {processor.py:156} INFO - Started process (PID=1336) to work on /opt/airflow/dags/assignment3_bigdata.py
[2024-06-24T15:17:06.441+0000] {processor.py:799} INFO - Processing file /opt/airflow/dags/assignment3_bigdata.py for tasks to queue
[2024-06-24T15:17:06.442+0000] {logging_mixin.py:149} INFO - [2024-06-24T15:17:06.442+0000] {dagbag.py:541} INFO - Filling up the DagBag from /opt/airflow/dags/assignment3_bigdata.py
[2024-06-24T15:17:06.689+0000] {processor.py:809} INFO - DAG(s) dict_keys(['Assignment3']) retrieved from /opt/airflow/dags/assignment3_bigdata.py
[2024-06-24T15:17:06.695+0000] {logging_mixin.py:149} INFO - [2024-06-24T15:17:06.694+0000] {dag.py:2726} INFO - Sync 1 DAGs
[2024-06-24T15:17:06.769+0000] {logging_mixin.py:149} INFO - [2024-06-24T15:17:06.769+0000] {dag.py:3490} INFO - Setting next_dagrun for Assignment3 to 2024-06-24T00:00:00+00:00, run_after=2024-06-25T00:00:00+00:00
[2024-06-24T15:17:06.776+0000] {processor.py:178} INFO - Processing /opt/airflow/dags/assignment3_bigdata.py took 0.341 seconds
[2024-06-24T15:17:36.991+0000] {processor.py:156} INFO - Started process (PID=1404) to work on /opt/airflow/dags/assignment3_bigdata.py
[2024-06-24T15:17:36.992+0000] {processor.py:799} INFO - Processing file /opt/airflow/dags/assignment3_bigdata.py for tasks to queue
[2024-06-24T15:17:36.993+0000] {logging_mixin.py:149} INFO - [2024-06-24T15:17:36.993+0000] {dagbag.py:541} INFO - Filling up the DagBag from /opt/airflow/dags/assignment3_bigdata.py
[2024-06-24T15:17:37.213+0000] {processor.py:809} INFO - DAG(s) dict_keys(['Assignment3']) retrieved from /opt/airflow/dags/assignment3_bigdata.py
[2024-06-24T15:17:37.218+0000] {logging_mixin.py:149} INFO - [2024-06-24T15:17:37.218+0000] {dag.py:2726} INFO - Sync 1 DAGs
[2024-06-24T15:17:37.228+0000] {logging_mixin.py:149} INFO - [2024-06-24T15:17:37.228+0000] {dag.py:3490} INFO - Setting next_dagrun for Assignment3 to 2024-06-24T00:00:00+00:00, run_after=2024-06-25T00:00:00+00:00
[2024-06-24T15:17:37.235+0000] {processor.py:178} INFO - Processing /opt/airflow/dags/assignment3_bigdata.py took 0.247 seconds
[2024-06-24T15:18:07.558+0000] {processor.py:156} INFO - Started process (PID=1473) to work on /opt/airflow/dags/assignment3_bigdata.py
[2024-06-24T15:18:07.561+0000] {processor.py:799} INFO - Processing file /opt/airflow/dags/assignment3_bigdata.py for tasks to queue
[2024-06-24T15:18:07.565+0000] {logging_mixin.py:149} INFO - [2024-06-24T15:18:07.565+0000] {dagbag.py:541} INFO - Filling up the DagBag from /opt/airflow/dags/assignment3_bigdata.py
[2024-06-24T15:18:07.832+0000] {processor.py:809} INFO - DAG(s) dict_keys(['Assignment3']) retrieved from /opt/airflow/dags/assignment3_bigdata.py
[2024-06-24T15:18:07.924+0000] {logging_mixin.py:149} INFO - [2024-06-24T15:18:07.924+0000] {dag.py:2726} INFO - Sync 1 DAGs
[2024-06-24T15:18:07.935+0000] {logging_mixin.py:149} INFO - [2024-06-24T15:18:07.935+0000] {dag.py:3490} INFO - Setting next_dagrun for Assignment3 to 2024-06-24T00:00:00+00:00, run_after=2024-06-25T00:00:00+00:00
[2024-06-24T15:18:07.943+0000] {processor.py:178} INFO - Processing /opt/airflow/dags/assignment3_bigdata.py took 0.390 seconds
[2024-06-24T15:18:38.287+0000] {processor.py:156} INFO - Started process (PID=1542) to work on /opt/airflow/dags/assignment3_bigdata.py
[2024-06-24T15:18:38.288+0000] {processor.py:799} INFO - Processing file /opt/airflow/dags/assignment3_bigdata.py for tasks to queue
[2024-06-24T15:18:38.289+0000] {logging_mixin.py:149} INFO - [2024-06-24T15:18:38.289+0000] {dagbag.py:541} INFO - Filling up the DagBag from /opt/airflow/dags/assignment3_bigdata.py
[2024-06-24T15:18:38.565+0000] {processor.py:809} INFO - DAG(s) dict_keys(['Assignment3']) retrieved from /opt/airflow/dags/assignment3_bigdata.py
[2024-06-24T15:18:38.572+0000] {logging_mixin.py:149} INFO - [2024-06-24T15:18:38.571+0000] {dag.py:2726} INFO - Sync 1 DAGs
[2024-06-24T15:18:38.665+0000] {logging_mixin.py:149} INFO - [2024-06-24T15:18:38.665+0000] {dag.py:3490} INFO - Setting next_dagrun for Assignment3 to 2024-06-24T00:00:00+00:00, run_after=2024-06-25T00:00:00+00:00
[2024-06-24T15:18:38.672+0000] {processor.py:178} INFO - Processing /opt/airflow/dags/assignment3_bigdata.py took 0.389 seconds
[2024-06-24T15:19:09.013+0000] {processor.py:156} INFO - Started process (PID=1611) to work on /opt/airflow/dags/assignment3_bigdata.py
[2024-06-24T15:19:09.014+0000] {processor.py:799} INFO - Processing file /opt/airflow/dags/assignment3_bigdata.py for tasks to queue
[2024-06-24T15:19:09.015+0000] {logging_mixin.py:149} INFO - [2024-06-24T15:19:09.015+0000] {dagbag.py:541} INFO - Filling up the DagBag from /opt/airflow/dags/assignment3_bigdata.py
[2024-06-24T15:19:09.241+0000] {processor.py:809} INFO - DAG(s) dict_keys(['Assignment3']) retrieved from /opt/airflow/dags/assignment3_bigdata.py
[2024-06-24T15:19:09.246+0000] {logging_mixin.py:149} INFO - [2024-06-24T15:19:09.246+0000] {dag.py:2726} INFO - Sync 1 DAGs
[2024-06-24T15:19:09.313+0000] {logging_mixin.py:149} INFO - [2024-06-24T15:19:09.313+0000] {dag.py:3490} INFO - Setting next_dagrun for Assignment3 to 2024-06-24T00:00:00+00:00, run_after=2024-06-25T00:00:00+00:00
[2024-06-24T15:19:09.321+0000] {processor.py:178} INFO - Processing /opt/airflow/dags/assignment3_bigdata.py took 0.312 seconds
[2024-06-24T15:19:39.558+0000] {processor.py:156} INFO - Started process (PID=1680) to work on /opt/airflow/dags/assignment3_bigdata.py
[2024-06-24T15:19:39.559+0000] {processor.py:799} INFO - Processing file /opt/airflow/dags/assignment3_bigdata.py for tasks to queue
[2024-06-24T15:19:39.559+0000] {logging_mixin.py:149} INFO - [2024-06-24T15:19:39.559+0000] {dagbag.py:541} INFO - Filling up the DagBag from /opt/airflow/dags/assignment3_bigdata.py
[2024-06-24T15:19:39.876+0000] {processor.py:809} INFO - DAG(s) dict_keys(['Assignment3']) retrieved from /opt/airflow/dags/assignment3_bigdata.py
[2024-06-24T15:19:39.883+0000] {logging_mixin.py:149} INFO - [2024-06-24T15:19:39.883+0000] {dag.py:2726} INFO - Sync 1 DAGs
[2024-06-24T15:19:39.895+0000] {logging_mixin.py:149} INFO - [2024-06-24T15:19:39.895+0000] {dag.py:3490} INFO - Setting next_dagrun for Assignment3 to 2024-06-24T00:00:00+00:00, run_after=2024-06-25T00:00:00+00:00
[2024-06-24T15:19:39.903+0000] {processor.py:178} INFO - Processing /opt/airflow/dags/assignment3_bigdata.py took 0.348 seconds
[2024-06-24T15:20:10.141+0000] {processor.py:156} INFO - Started process (PID=1749) to work on /opt/airflow/dags/assignment3_bigdata.py
[2024-06-24T15:20:10.142+0000] {processor.py:799} INFO - Processing file /opt/airflow/dags/assignment3_bigdata.py for tasks to queue
[2024-06-24T15:20:10.142+0000] {logging_mixin.py:149} INFO - [2024-06-24T15:20:10.142+0000] {dagbag.py:541} INFO - Filling up the DagBag from /opt/airflow/dags/assignment3_bigdata.py
[2024-06-24T15:20:10.413+0000] {processor.py:809} INFO - DAG(s) dict_keys(['Assignment3']) retrieved from /opt/airflow/dags/assignment3_bigdata.py
[2024-06-24T15:20:10.513+0000] {logging_mixin.py:149} INFO - [2024-06-24T15:20:10.512+0000] {dag.py:2726} INFO - Sync 1 DAGs
[2024-06-24T15:20:10.558+0000] {logging_mixin.py:149} INFO - [2024-06-24T15:20:10.558+0000] {dag.py:3490} INFO - Setting next_dagrun for Assignment3 to 2024-06-24T00:00:00+00:00, run_after=2024-06-25T00:00:00+00:00
[2024-06-24T15:20:10.568+0000] {processor.py:178} INFO - Processing /opt/airflow/dags/assignment3_bigdata.py took 0.429 seconds
[2024-06-24T15:20:40.833+0000] {processor.py:156} INFO - Started process (PID=1818) to work on /opt/airflow/dags/assignment3_bigdata.py
[2024-06-24T15:20:40.835+0000] {processor.py:799} INFO - Processing file /opt/airflow/dags/assignment3_bigdata.py for tasks to queue
[2024-06-24T15:20:40.836+0000] {logging_mixin.py:149} INFO - [2024-06-24T15:20:40.836+0000] {dagbag.py:541} INFO - Filling up the DagBag from /opt/airflow/dags/assignment3_bigdata.py
[2024-06-24T15:20:41.177+0000] {processor.py:809} INFO - DAG(s) dict_keys(['Assignment3']) retrieved from /opt/airflow/dags/assignment3_bigdata.py
[2024-06-24T15:20:41.183+0000] {logging_mixin.py:149} INFO - [2024-06-24T15:20:41.183+0000] {dag.py:2726} INFO - Sync 1 DAGs
[2024-06-24T15:20:41.193+0000] {logging_mixin.py:149} INFO - [2024-06-24T15:20:41.193+0000] {dag.py:3490} INFO - Setting next_dagrun for Assignment3 to 2024-06-24T00:00:00+00:00, run_after=2024-06-25T00:00:00+00:00
[2024-06-24T15:20:41.200+0000] {processor.py:178} INFO - Processing /opt/airflow/dags/assignment3_bigdata.py took 0.371 seconds
[2024-06-24T15:21:11.516+0000] {processor.py:156} INFO - Started process (PID=1887) to work on /opt/airflow/dags/assignment3_bigdata.py
[2024-06-24T15:21:11.518+0000] {processor.py:799} INFO - Processing file /opt/airflow/dags/assignment3_bigdata.py for tasks to queue
[2024-06-24T15:21:11.519+0000] {logging_mixin.py:149} INFO - [2024-06-24T15:21:11.519+0000] {dagbag.py:541} INFO - Filling up the DagBag from /opt/airflow/dags/assignment3_bigdata.py
[2024-06-24T15:21:11.916+0000] {processor.py:809} INFO - DAG(s) dict_keys(['Assignment3']) retrieved from /opt/airflow/dags/assignment3_bigdata.py
[2024-06-24T15:21:11.922+0000] {logging_mixin.py:149} INFO - [2024-06-24T15:21:11.922+0000] {dag.py:2726} INFO - Sync 1 DAGs
[2024-06-24T15:21:11.933+0000] {logging_mixin.py:149} INFO - [2024-06-24T15:21:11.933+0000] {dag.py:3490} INFO - Setting next_dagrun for Assignment3 to 2024-06-24T00:00:00+00:00, run_after=2024-06-25T00:00:00+00:00
[2024-06-24T15:21:11.940+0000] {processor.py:178} INFO - Processing /opt/airflow/dags/assignment3_bigdata.py took 0.429 seconds
[2024-06-24T15:21:42.445+0000] {processor.py:156} INFO - Started process (PID=1955) to work on /opt/airflow/dags/assignment3_bigdata.py
[2024-06-24T15:21:42.446+0000] {processor.py:799} INFO - Processing file /opt/airflow/dags/assignment3_bigdata.py for tasks to queue
[2024-06-24T15:21:42.447+0000] {logging_mixin.py:149} INFO - [2024-06-24T15:21:42.447+0000] {dagbag.py:541} INFO - Filling up the DagBag from /opt/airflow/dags/assignment3_bigdata.py
[2024-06-24T15:21:42.781+0000] {processor.py:809} INFO - DAG(s) dict_keys(['Assignment3']) retrieved from /opt/airflow/dags/assignment3_bigdata.py
[2024-06-24T15:21:42.788+0000] {logging_mixin.py:149} INFO - [2024-06-24T15:21:42.787+0000] {dag.py:2726} INFO - Sync 1 DAGs
[2024-06-24T15:21:42.800+0000] {logging_mixin.py:149} INFO - [2024-06-24T15:21:42.800+0000] {dag.py:3490} INFO - Setting next_dagrun for Assignment3 to 2024-06-24T00:00:00+00:00, run_after=2024-06-25T00:00:00+00:00
[2024-06-24T15:21:42.807+0000] {processor.py:178} INFO - Processing /opt/airflow/dags/assignment3_bigdata.py took 0.366 seconds
[2024-06-24T15:22:13.115+0000] {processor.py:156} INFO - Started process (PID=2024) to work on /opt/airflow/dags/assignment3_bigdata.py
[2024-06-24T15:22:13.117+0000] {processor.py:799} INFO - Processing file /opt/airflow/dags/assignment3_bigdata.py for tasks to queue
[2024-06-24T15:22:13.117+0000] {logging_mixin.py:149} INFO - [2024-06-24T15:22:13.117+0000] {dagbag.py:541} INFO - Filling up the DagBag from /opt/airflow/dags/assignment3_bigdata.py
[2024-06-24T15:22:13.408+0000] {processor.py:809} INFO - DAG(s) dict_keys(['Assignment3']) retrieved from /opt/airflow/dags/assignment3_bigdata.py
[2024-06-24T15:22:13.414+0000] {logging_mixin.py:149} INFO - [2024-06-24T15:22:13.413+0000] {dag.py:2726} INFO - Sync 1 DAGs
[2024-06-24T15:22:13.423+0000] {logging_mixin.py:149} INFO - [2024-06-24T15:22:13.423+0000] {dag.py:3490} INFO - Setting next_dagrun for Assignment3 to 2024-06-24T00:00:00+00:00, run_after=2024-06-25T00:00:00+00:00
[2024-06-24T15:22:13.430+0000] {processor.py:178} INFO - Processing /opt/airflow/dags/assignment3_bigdata.py took 0.318 seconds
[2024-06-24T15:22:43.746+0000] {processor.py:156} INFO - Started process (PID=2092) to work on /opt/airflow/dags/assignment3_bigdata.py
[2024-06-24T15:22:43.746+0000] {processor.py:799} INFO - Processing file /opt/airflow/dags/assignment3_bigdata.py for tasks to queue
[2024-06-24T15:22:43.747+0000] {logging_mixin.py:149} INFO - [2024-06-24T15:22:43.747+0000] {dagbag.py:541} INFO - Filling up the DagBag from /opt/airflow/dags/assignment3_bigdata.py
[2024-06-24T15:22:44.028+0000] {processor.py:809} INFO - DAG(s) dict_keys(['Assignment3']) retrieved from /opt/airflow/dags/assignment3_bigdata.py
[2024-06-24T15:22:44.034+0000] {logging_mixin.py:149} INFO - [2024-06-24T15:22:44.034+0000] {dag.py:2726} INFO - Sync 1 DAGs
[2024-06-24T15:22:44.044+0000] {logging_mixin.py:149} INFO - [2024-06-24T15:22:44.044+0000] {dag.py:3490} INFO - Setting next_dagrun for Assignment3 to 2024-06-24T00:00:00+00:00, run_after=2024-06-25T00:00:00+00:00
[2024-06-24T15:22:44.051+0000] {processor.py:178} INFO - Processing /opt/airflow/dags/assignment3_bigdata.py took 0.309 seconds
[2024-06-24T15:23:14.425+0000] {processor.py:156} INFO - Started process (PID=2161) to work on /opt/airflow/dags/assignment3_bigdata.py
[2024-06-24T15:23:14.426+0000] {processor.py:799} INFO - Processing file /opt/airflow/dags/assignment3_bigdata.py for tasks to queue
[2024-06-24T15:23:14.427+0000] {logging_mixin.py:149} INFO - [2024-06-24T15:23:14.427+0000] {dagbag.py:541} INFO - Filling up the DagBag from /opt/airflow/dags/assignment3_bigdata.py
[2024-06-24T15:23:14.765+0000] {processor.py:809} INFO - DAG(s) dict_keys(['Assignment3']) retrieved from /opt/airflow/dags/assignment3_bigdata.py
[2024-06-24T15:23:14.771+0000] {logging_mixin.py:149} INFO - [2024-06-24T15:23:14.770+0000] {dag.py:2726} INFO - Sync 1 DAGs
[2024-06-24T15:23:14.780+0000] {logging_mixin.py:149} INFO - [2024-06-24T15:23:14.780+0000] {dag.py:3490} INFO - Setting next_dagrun for Assignment3 to 2024-06-24T00:00:00+00:00, run_after=2024-06-25T00:00:00+00:00
[2024-06-24T15:23:14.787+0000] {processor.py:178} INFO - Processing /opt/airflow/dags/assignment3_bigdata.py took 0.367 seconds
[2024-06-24T15:23:45.128+0000] {processor.py:156} INFO - Started process (PID=2230) to work on /opt/airflow/dags/assignment3_bigdata.py
[2024-06-24T15:23:45.129+0000] {processor.py:799} INFO - Processing file /opt/airflow/dags/assignment3_bigdata.py for tasks to queue
[2024-06-24T15:23:45.130+0000] {logging_mixin.py:149} INFO - [2024-06-24T15:23:45.129+0000] {dagbag.py:541} INFO - Filling up the DagBag from /opt/airflow/dags/assignment3_bigdata.py
[2024-06-24T15:23:45.556+0000] {processor.py:809} INFO - DAG(s) dict_keys(['Assignment3']) retrieved from /opt/airflow/dags/assignment3_bigdata.py
[2024-06-24T15:23:45.564+0000] {logging_mixin.py:149} INFO - [2024-06-24T15:23:45.564+0000] {dag.py:2726} INFO - Sync 1 DAGs
[2024-06-24T15:23:45.575+0000] {logging_mixin.py:149} INFO - [2024-06-24T15:23:45.575+0000] {dag.py:3490} INFO - Setting next_dagrun for Assignment3 to 2024-06-24T00:00:00+00:00, run_after=2024-06-25T00:00:00+00:00
[2024-06-24T15:23:45.582+0000] {processor.py:178} INFO - Processing /opt/airflow/dags/assignment3_bigdata.py took 0.458 seconds
[2024-06-24T15:24:15.850+0000] {processor.py:156} INFO - Started process (PID=2306) to work on /opt/airflow/dags/assignment3_bigdata.py
[2024-06-24T15:24:15.850+0000] {processor.py:799} INFO - Processing file /opt/airflow/dags/assignment3_bigdata.py for tasks to queue
[2024-06-24T15:24:15.851+0000] {logging_mixin.py:149} INFO - [2024-06-24T15:24:15.850+0000] {dagbag.py:541} INFO - Filling up the DagBag from /opt/airflow/dags/assignment3_bigdata.py
[2024-06-24T15:24:16.118+0000] {processor.py:809} INFO - DAG(s) dict_keys(['Assignment3']) retrieved from /opt/airflow/dags/assignment3_bigdata.py
[2024-06-24T15:24:16.123+0000] {logging_mixin.py:149} INFO - [2024-06-24T15:24:16.123+0000] {dag.py:2726} INFO - Sync 1 DAGs
[2024-06-24T15:24:16.132+0000] {logging_mixin.py:149} INFO - [2024-06-24T15:24:16.132+0000] {dag.py:3490} INFO - Setting next_dagrun for Assignment3 to 2024-06-24T00:00:00+00:00, run_after=2024-06-25T00:00:00+00:00
[2024-06-24T15:24:16.138+0000] {processor.py:178} INFO - Processing /opt/airflow/dags/assignment3_bigdata.py took 0.291 seconds
[2024-06-24T15:24:46.455+0000] {processor.py:156} INFO - Started process (PID=2374) to work on /opt/airflow/dags/assignment3_bigdata.py
[2024-06-24T15:24:46.456+0000] {processor.py:799} INFO - Processing file /opt/airflow/dags/assignment3_bigdata.py for tasks to queue
[2024-06-24T15:24:46.458+0000] {logging_mixin.py:149} INFO - [2024-06-24T15:24:46.458+0000] {dagbag.py:541} INFO - Filling up the DagBag from /opt/airflow/dags/assignment3_bigdata.py
[2024-06-24T15:24:46.724+0000] {processor.py:809} INFO - DAG(s) dict_keys(['Assignment3']) retrieved from /opt/airflow/dags/assignment3_bigdata.py
[2024-06-24T15:24:46.730+0000] {logging_mixin.py:149} INFO - [2024-06-24T15:24:46.729+0000] {dag.py:2726} INFO - Sync 1 DAGs
[2024-06-24T15:24:46.739+0000] {logging_mixin.py:149} INFO - [2024-06-24T15:24:46.739+0000] {dag.py:3490} INFO - Setting next_dagrun for Assignment3 to 2024-06-24T00:00:00+00:00, run_after=2024-06-25T00:00:00+00:00
[2024-06-24T15:24:46.746+0000] {processor.py:178} INFO - Processing /opt/airflow/dags/assignment3_bigdata.py took 0.295 seconds
[2024-06-24T15:25:17.052+0000] {processor.py:156} INFO - Started process (PID=2442) to work on /opt/airflow/dags/assignment3_bigdata.py
[2024-06-24T15:25:17.053+0000] {processor.py:799} INFO - Processing file /opt/airflow/dags/assignment3_bigdata.py for tasks to queue
[2024-06-24T15:25:17.054+0000] {logging_mixin.py:149} INFO - [2024-06-24T15:25:17.054+0000] {dagbag.py:541} INFO - Filling up the DagBag from /opt/airflow/dags/assignment3_bigdata.py
[2024-06-24T15:25:17.355+0000] {processor.py:809} INFO - DAG(s) dict_keys(['Assignment3']) retrieved from /opt/airflow/dags/assignment3_bigdata.py
[2024-06-24T15:25:17.360+0000] {logging_mixin.py:149} INFO - [2024-06-24T15:25:17.360+0000] {dag.py:2726} INFO - Sync 1 DAGs
[2024-06-24T15:25:17.370+0000] {logging_mixin.py:149} INFO - [2024-06-24T15:25:17.370+0000] {dag.py:3490} INFO - Setting next_dagrun for Assignment3 to 2024-06-24T00:00:00+00:00, run_after=2024-06-25T00:00:00+00:00
[2024-06-24T15:25:17.377+0000] {processor.py:178} INFO - Processing /opt/airflow/dags/assignment3_bigdata.py took 0.330 seconds
[2024-06-24T15:25:47.605+0000] {processor.py:156} INFO - Started process (PID=2511) to work on /opt/airflow/dags/assignment3_bigdata.py
[2024-06-24T15:25:47.607+0000] {processor.py:799} INFO - Processing file /opt/airflow/dags/assignment3_bigdata.py for tasks to queue
[2024-06-24T15:25:47.608+0000] {logging_mixin.py:149} INFO - [2024-06-24T15:25:47.608+0000] {dagbag.py:541} INFO - Filling up the DagBag from /opt/airflow/dags/assignment3_bigdata.py
[2024-06-24T15:25:47.905+0000] {processor.py:809} INFO - DAG(s) dict_keys(['Assignment3']) retrieved from /opt/airflow/dags/assignment3_bigdata.py
[2024-06-24T15:25:47.911+0000] {logging_mixin.py:149} INFO - [2024-06-24T15:25:47.911+0000] {dag.py:2726} INFO - Sync 1 DAGs
[2024-06-24T15:25:47.922+0000] {logging_mixin.py:149} INFO - [2024-06-24T15:25:47.922+0000] {dag.py:3490} INFO - Setting next_dagrun for Assignment3 to 2024-06-24T00:00:00+00:00, run_after=2024-06-25T00:00:00+00:00
[2024-06-24T15:25:47.929+0000] {processor.py:178} INFO - Processing /opt/airflow/dags/assignment3_bigdata.py took 0.326 seconds
[2024-06-24T15:26:18.157+0000] {processor.py:156} INFO - Started process (PID=2580) to work on /opt/airflow/dags/assignment3_bigdata.py
[2024-06-24T15:26:18.158+0000] {processor.py:799} INFO - Processing file /opt/airflow/dags/assignment3_bigdata.py for tasks to queue
[2024-06-24T15:26:18.158+0000] {logging_mixin.py:149} INFO - [2024-06-24T15:26:18.158+0000] {dagbag.py:541} INFO - Filling up the DagBag from /opt/airflow/dags/assignment3_bigdata.py
[2024-06-24T15:26:18.506+0000] {processor.py:809} INFO - DAG(s) dict_keys(['Assignment3']) retrieved from /opt/airflow/dags/assignment3_bigdata.py
[2024-06-24T15:26:18.513+0000] {logging_mixin.py:149} INFO - [2024-06-24T15:26:18.512+0000] {dag.py:2726} INFO - Sync 1 DAGs
[2024-06-24T15:26:18.523+0000] {logging_mixin.py:149} INFO - [2024-06-24T15:26:18.523+0000] {dag.py:3490} INFO - Setting next_dagrun for Assignment3 to 2024-06-24T00:00:00+00:00, run_after=2024-06-25T00:00:00+00:00
[2024-06-24T15:26:18.530+0000] {processor.py:178} INFO - Processing /opt/airflow/dags/assignment3_bigdata.py took 0.375 seconds
[2024-06-24T15:26:48.942+0000] {processor.py:156} INFO - Started process (PID=2649) to work on /opt/airflow/dags/assignment3_bigdata.py
[2024-06-24T15:26:48.943+0000] {processor.py:799} INFO - Processing file /opt/airflow/dags/assignment3_bigdata.py for tasks to queue
[2024-06-24T15:26:48.943+0000] {logging_mixin.py:149} INFO - [2024-06-24T15:26:48.943+0000] {dagbag.py:541} INFO - Filling up the DagBag from /opt/airflow/dags/assignment3_bigdata.py
[2024-06-24T15:26:49.322+0000] {processor.py:809} INFO - DAG(s) dict_keys(['Assignment3']) retrieved from /opt/airflow/dags/assignment3_bigdata.py
[2024-06-24T15:26:49.336+0000] {logging_mixin.py:149} INFO - [2024-06-24T15:26:49.335+0000] {dag.py:2726} INFO - Sync 1 DAGs
[2024-06-24T15:26:49.353+0000] {logging_mixin.py:149} INFO - [2024-06-24T15:26:49.353+0000] {dag.py:3490} INFO - Setting next_dagrun for Assignment3 to 2024-06-24T00:00:00+00:00, run_after=2024-06-25T00:00:00+00:00
[2024-06-24T15:26:49.364+0000] {processor.py:178} INFO - Processing /opt/airflow/dags/assignment3_bigdata.py took 0.424 seconds
[2024-06-24T15:27:19.808+0000] {processor.py:156} INFO - Started process (PID=2718) to work on /opt/airflow/dags/assignment3_bigdata.py
[2024-06-24T15:27:19.810+0000] {processor.py:799} INFO - Processing file /opt/airflow/dags/assignment3_bigdata.py for tasks to queue
[2024-06-24T15:27:19.812+0000] {logging_mixin.py:149} INFO - [2024-06-24T15:27:19.812+0000] {dagbag.py:541} INFO - Filling up the DagBag from /opt/airflow/dags/assignment3_bigdata.py
[2024-06-24T15:27:20.149+0000] {processor.py:809} INFO - DAG(s) dict_keys(['Assignment3']) retrieved from /opt/airflow/dags/assignment3_bigdata.py
[2024-06-24T15:27:20.155+0000] {logging_mixin.py:149} INFO - [2024-06-24T15:27:20.154+0000] {dag.py:2726} INFO - Sync 1 DAGs
[2024-06-24T15:27:20.164+0000] {logging_mixin.py:149} INFO - [2024-06-24T15:27:20.164+0000] {dag.py:3490} INFO - Setting next_dagrun for Assignment3 to 2024-06-24T00:00:00+00:00, run_after=2024-06-25T00:00:00+00:00
[2024-06-24T15:27:20.171+0000] {processor.py:178} INFO - Processing /opt/airflow/dags/assignment3_bigdata.py took 0.367 seconds
[2024-06-24T15:27:50.617+0000] {processor.py:156} INFO - Started process (PID=2787) to work on /opt/airflow/dags/assignment3_bigdata.py
[2024-06-24T15:27:50.618+0000] {processor.py:799} INFO - Processing file /opt/airflow/dags/assignment3_bigdata.py for tasks to queue
[2024-06-24T15:27:50.619+0000] {logging_mixin.py:149} INFO - [2024-06-24T15:27:50.619+0000] {dagbag.py:541} INFO - Filling up the DagBag from /opt/airflow/dags/assignment3_bigdata.py
[2024-06-24T15:27:50.988+0000] {processor.py:809} INFO - DAG(s) dict_keys(['Assignment3']) retrieved from /opt/airflow/dags/assignment3_bigdata.py
[2024-06-24T15:27:50.995+0000] {logging_mixin.py:149} INFO - [2024-06-24T15:27:50.995+0000] {dag.py:2726} INFO - Sync 1 DAGs
[2024-06-24T15:27:51.007+0000] {logging_mixin.py:149} INFO - [2024-06-24T15:27:51.007+0000] {dag.py:3490} INFO - Setting next_dagrun for Assignment3 to 2024-06-24T00:00:00+00:00, run_after=2024-06-25T00:00:00+00:00
[2024-06-24T15:27:51.015+0000] {processor.py:178} INFO - Processing /opt/airflow/dags/assignment3_bigdata.py took 0.401 seconds
[2024-06-24T15:28:21.505+0000] {processor.py:156} INFO - Started process (PID=2856) to work on /opt/airflow/dags/assignment3_bigdata.py
[2024-06-24T15:28:21.507+0000] {processor.py:799} INFO - Processing file /opt/airflow/dags/assignment3_bigdata.py for tasks to queue
[2024-06-24T15:28:21.508+0000] {logging_mixin.py:149} INFO - [2024-06-24T15:28:21.508+0000] {dagbag.py:541} INFO - Filling up the DagBag from /opt/airflow/dags/assignment3_bigdata.py
[2024-06-24T15:28:21.897+0000] {processor.py:809} INFO - DAG(s) dict_keys(['Assignment3']) retrieved from /opt/airflow/dags/assignment3_bigdata.py
[2024-06-24T15:28:21.905+0000] {logging_mixin.py:149} INFO - [2024-06-24T15:28:21.904+0000] {dag.py:2726} INFO - Sync 1 DAGs
[2024-06-24T15:28:21.916+0000] {logging_mixin.py:149} INFO - [2024-06-24T15:28:21.916+0000] {dag.py:3490} INFO - Setting next_dagrun for Assignment3 to 2024-06-24T00:00:00+00:00, run_after=2024-06-25T00:00:00+00:00
[2024-06-24T15:28:21.923+0000] {processor.py:178} INFO - Processing /opt/airflow/dags/assignment3_bigdata.py took 0.424 seconds
[2024-06-24T15:28:52.396+0000] {processor.py:156} INFO - Started process (PID=2925) to work on /opt/airflow/dags/assignment3_bigdata.py
[2024-06-24T15:28:52.397+0000] {processor.py:799} INFO - Processing file /opt/airflow/dags/assignment3_bigdata.py for tasks to queue
[2024-06-24T15:28:52.398+0000] {logging_mixin.py:149} INFO - [2024-06-24T15:28:52.398+0000] {dagbag.py:541} INFO - Filling up the DagBag from /opt/airflow/dags/assignment3_bigdata.py
[2024-06-24T15:28:52.690+0000] {processor.py:809} INFO - DAG(s) dict_keys(['Assignment3']) retrieved from /opt/airflow/dags/assignment3_bigdata.py
[2024-06-24T15:28:52.696+0000] {logging_mixin.py:149} INFO - [2024-06-24T15:28:52.695+0000] {dag.py:2726} INFO - Sync 1 DAGs
[2024-06-24T15:28:52.706+0000] {logging_mixin.py:149} INFO - [2024-06-24T15:28:52.706+0000] {dag.py:3490} INFO - Setting next_dagrun for Assignment3 to 2024-06-24T00:00:00+00:00, run_after=2024-06-25T00:00:00+00:00
[2024-06-24T15:28:52.713+0000] {processor.py:178} INFO - Processing /opt/airflow/dags/assignment3_bigdata.py took 0.321 seconds
[2024-06-24T15:29:23.031+0000] {processor.py:156} INFO - Started process (PID=2993) to work on /opt/airflow/dags/assignment3_bigdata.py
[2024-06-24T15:29:23.032+0000] {processor.py:799} INFO - Processing file /opt/airflow/dags/assignment3_bigdata.py for tasks to queue
[2024-06-24T15:29:23.034+0000] {logging_mixin.py:149} INFO - [2024-06-24T15:29:23.034+0000] {dagbag.py:541} INFO - Filling up the DagBag from /opt/airflow/dags/assignment3_bigdata.py
[2024-06-24T15:29:23.409+0000] {processor.py:809} INFO - DAG(s) dict_keys(['Assignment3']) retrieved from /opt/airflow/dags/assignment3_bigdata.py
[2024-06-24T15:29:23.415+0000] {logging_mixin.py:149} INFO - [2024-06-24T15:29:23.415+0000] {dag.py:2726} INFO - Sync 1 DAGs
[2024-06-24T15:29:23.426+0000] {logging_mixin.py:149} INFO - [2024-06-24T15:29:23.426+0000] {dag.py:3490} INFO - Setting next_dagrun for Assignment3 to 2024-06-24T00:00:00+00:00, run_after=2024-06-25T00:00:00+00:00
[2024-06-24T15:29:23.433+0000] {processor.py:178} INFO - Processing /opt/airflow/dags/assignment3_bigdata.py took 0.406 seconds
[2024-06-24T15:29:53.739+0000] {processor.py:156} INFO - Started process (PID=3062) to work on /opt/airflow/dags/assignment3_bigdata.py
[2024-06-24T15:29:53.740+0000] {processor.py:799} INFO - Processing file /opt/airflow/dags/assignment3_bigdata.py for tasks to queue
[2024-06-24T15:29:53.741+0000] {logging_mixin.py:149} INFO - [2024-06-24T15:29:53.741+0000] {dagbag.py:541} INFO - Filling up the DagBag from /opt/airflow/dags/assignment3_bigdata.py
[2024-06-24T15:29:54.076+0000] {processor.py:809} INFO - DAG(s) dict_keys(['Assignment3']) retrieved from /opt/airflow/dags/assignment3_bigdata.py
[2024-06-24T15:29:54.083+0000] {logging_mixin.py:149} INFO - [2024-06-24T15:29:54.082+0000] {dag.py:2726} INFO - Sync 1 DAGs
[2024-06-24T15:29:54.092+0000] {logging_mixin.py:149} INFO - [2024-06-24T15:29:54.092+0000] {dag.py:3490} INFO - Setting next_dagrun for Assignment3 to 2024-06-24T00:00:00+00:00, run_after=2024-06-25T00:00:00+00:00
[2024-06-24T15:29:54.099+0000] {processor.py:178} INFO - Processing /opt/airflow/dags/assignment3_bigdata.py took 0.364 seconds
[2024-06-24T15:30:24.386+0000] {processor.py:156} INFO - Started process (PID=3130) to work on /opt/airflow/dags/assignment3_bigdata.py
[2024-06-24T15:30:24.388+0000] {processor.py:799} INFO - Processing file /opt/airflow/dags/assignment3_bigdata.py for tasks to queue
[2024-06-24T15:30:24.389+0000] {logging_mixin.py:149} INFO - [2024-06-24T15:30:24.388+0000] {dagbag.py:541} INFO - Filling up the DagBag from /opt/airflow/dags/assignment3_bigdata.py
[2024-06-24T15:30:24.722+0000] {processor.py:809} INFO - DAG(s) dict_keys(['Assignment3']) retrieved from /opt/airflow/dags/assignment3_bigdata.py
[2024-06-24T15:30:24.729+0000] {logging_mixin.py:149} INFO - [2024-06-24T15:30:24.728+0000] {dag.py:2726} INFO - Sync 1 DAGs
[2024-06-24T15:30:24.740+0000] {logging_mixin.py:149} INFO - [2024-06-24T15:30:24.740+0000] {dag.py:3490} INFO - Setting next_dagrun for Assignment3 to 2024-06-24T00:00:00+00:00, run_after=2024-06-25T00:00:00+00:00
[2024-06-24T15:30:24.747+0000] {processor.py:178} INFO - Processing /opt/airflow/dags/assignment3_bigdata.py took 0.366 seconds
