[2024-06-24T15:03:50.658+0000] {processor.py:156} INFO - Started process (PID=69) to work on /home/airflow/.local/lib/python3.7/site-packages/airflow/example_dags/example_params_trigger_ui.py
[2024-06-24T15:03:50.658+0000] {processor.py:799} INFO - Processing file /home/airflow/.local/lib/python3.7/site-packages/airflow/example_dags/example_params_trigger_ui.py for tasks to queue
[2024-06-24T15:03:50.659+0000] {logging_mixin.py:149} INFO - [2024-06-24T15:03:50.659+0000] {dagbag.py:541} INFO - Filling up the DagBag from /home/airflow/.local/lib/python3.7/site-packages/airflow/example_dags/example_params_trigger_ui.py
[2024-06-24T15:03:50.680+0000] {processor.py:809} INFO - DAG(s) dict_keys(['example_params_trigger_ui']) retrieved from /home/airflow/.local/lib/python3.7/site-packages/airflow/example_dags/example_params_trigger_ui.py
[2024-06-24T15:03:50.777+0000] {logging_mixin.py:149} INFO - [2024-06-24T15:03:50.776+0000] {manager.py:504} INFO - Created Permission View: can delete on DAG:example_params_trigger_ui
[2024-06-24T15:03:50.781+0000] {logging_mixin.py:149} INFO - [2024-06-24T15:03:50.781+0000] {manager.py:504} INFO - Created Permission View: can edit on DAG:example_params_trigger_ui
[2024-06-24T15:03:50.784+0000] {logging_mixin.py:149} INFO - [2024-06-24T15:03:50.784+0000] {manager.py:504} INFO - Created Permission View: can read on DAG:example_params_trigger_ui
[2024-06-24T15:03:50.785+0000] {logging_mixin.py:149} INFO - [2024-06-24T15:03:50.785+0000] {dag.py:2726} INFO - Sync 1 DAGs
[2024-06-24T15:03:50.793+0000] {logging_mixin.py:149} INFO - [2024-06-24T15:03:50.793+0000] {dag.py:2747} INFO - Creating ORM DAG for example_params_trigger_ui
[2024-06-24T15:03:50.799+0000] {logging_mixin.py:149} INFO - [2024-06-24T15:03:50.799+0000] {dag.py:3490} INFO - Setting next_dagrun for example_params_trigger_ui to None, run_after=None
[2024-06-24T15:03:50.809+0000] {processor.py:178} INFO - Processing /home/airflow/.local/lib/python3.7/site-packages/airflow/example_dags/example_params_trigger_ui.py took 0.153 seconds
[2024-06-24T15:04:21.214+0000] {processor.py:156} INFO - Started process (PID=138) to work on /home/airflow/.local/lib/python3.7/site-packages/airflow/example_dags/example_params_trigger_ui.py
[2024-06-24T15:04:21.215+0000] {processor.py:799} INFO - Processing file /home/airflow/.local/lib/python3.7/site-packages/airflow/example_dags/example_params_trigger_ui.py for tasks to queue
[2024-06-24T15:04:21.215+0000] {logging_mixin.py:149} INFO - [2024-06-24T15:04:21.215+0000] {dagbag.py:541} INFO - Filling up the DagBag from /home/airflow/.local/lib/python3.7/site-packages/airflow/example_dags/example_params_trigger_ui.py
[2024-06-24T15:04:21.225+0000] {processor.py:809} INFO - DAG(s) dict_keys(['example_params_trigger_ui']) retrieved from /home/airflow/.local/lib/python3.7/site-packages/airflow/example_dags/example_params_trigger_ui.py
[2024-06-24T15:04:21.259+0000] {logging_mixin.py:149} INFO - [2024-06-24T15:04:21.259+0000] {dag.py:2726} INFO - Sync 1 DAGs
[2024-06-24T15:04:21.270+0000] {logging_mixin.py:149} INFO - [2024-06-24T15:04:21.270+0000] {dag.py:3490} INFO - Setting next_dagrun for example_params_trigger_ui to None, run_after=None
[2024-06-24T15:04:21.278+0000] {processor.py:178} INFO - Processing /home/airflow/.local/lib/python3.7/site-packages/airflow/example_dags/example_params_trigger_ui.py took 0.065 seconds
[2024-06-24T15:04:51.822+0000] {processor.py:156} INFO - Started process (PID=206) to work on /home/airflow/.local/lib/python3.7/site-packages/airflow/example_dags/example_params_trigger_ui.py
[2024-06-24T15:04:51.822+0000] {processor.py:799} INFO - Processing file /home/airflow/.local/lib/python3.7/site-packages/airflow/example_dags/example_params_trigger_ui.py for tasks to queue
[2024-06-24T15:04:51.823+0000] {logging_mixin.py:149} INFO - [2024-06-24T15:04:51.823+0000] {dagbag.py:541} INFO - Filling up the DagBag from /home/airflow/.local/lib/python3.7/site-packages/airflow/example_dags/example_params_trigger_ui.py
[2024-06-24T15:04:51.831+0000] {processor.py:809} INFO - DAG(s) dict_keys(['example_params_trigger_ui']) retrieved from /home/airflow/.local/lib/python3.7/site-packages/airflow/example_dags/example_params_trigger_ui.py
[2024-06-24T15:04:51.863+0000] {logging_mixin.py:149} INFO - [2024-06-24T15:04:51.863+0000] {dag.py:2726} INFO - Sync 1 DAGs
[2024-06-24T15:04:51.874+0000] {logging_mixin.py:149} INFO - [2024-06-24T15:04:51.874+0000] {dag.py:3490} INFO - Setting next_dagrun for example_params_trigger_ui to None, run_after=None
[2024-06-24T15:04:51.880+0000] {processor.py:178} INFO - Processing /home/airflow/.local/lib/python3.7/site-packages/airflow/example_dags/example_params_trigger_ui.py took 0.059 seconds
[2024-06-24T15:05:22.406+0000] {processor.py:156} INFO - Started process (PID=275) to work on /home/airflow/.local/lib/python3.7/site-packages/airflow/example_dags/example_params_trigger_ui.py
[2024-06-24T15:05:22.406+0000] {processor.py:799} INFO - Processing file /home/airflow/.local/lib/python3.7/site-packages/airflow/example_dags/example_params_trigger_ui.py for tasks to queue
[2024-06-24T15:05:22.406+0000] {logging_mixin.py:149} INFO - [2024-06-24T15:05:22.406+0000] {dagbag.py:541} INFO - Filling up the DagBag from /home/airflow/.local/lib/python3.7/site-packages/airflow/example_dags/example_params_trigger_ui.py
[2024-06-24T15:05:22.414+0000] {processor.py:809} INFO - DAG(s) dict_keys(['example_params_trigger_ui']) retrieved from /home/airflow/.local/lib/python3.7/site-packages/airflow/example_dags/example_params_trigger_ui.py
[2024-06-24T15:05:22.444+0000] {logging_mixin.py:149} INFO - [2024-06-24T15:05:22.444+0000] {dag.py:2726} INFO - Sync 1 DAGs
[2024-06-24T15:05:22.453+0000] {logging_mixin.py:149} INFO - [2024-06-24T15:05:22.453+0000] {dag.py:3490} INFO - Setting next_dagrun for example_params_trigger_ui to None, run_after=None
[2024-06-24T15:05:22.460+0000] {processor.py:178} INFO - Processing /home/airflow/.local/lib/python3.7/site-packages/airflow/example_dags/example_params_trigger_ui.py took 0.055 seconds
[2024-06-24T15:05:53.007+0000] {processor.py:156} INFO - Started process (PID=344) to work on /home/airflow/.local/lib/python3.7/site-packages/airflow/example_dags/example_params_trigger_ui.py
[2024-06-24T15:05:53.008+0000] {processor.py:799} INFO - Processing file /home/airflow/.local/lib/python3.7/site-packages/airflow/example_dags/example_params_trigger_ui.py for tasks to queue
[2024-06-24T15:05:53.008+0000] {logging_mixin.py:149} INFO - [2024-06-24T15:05:53.008+0000] {dagbag.py:541} INFO - Filling up the DagBag from /home/airflow/.local/lib/python3.7/site-packages/airflow/example_dags/example_params_trigger_ui.py
[2024-06-24T15:05:53.017+0000] {processor.py:809} INFO - DAG(s) dict_keys(['example_params_trigger_ui']) retrieved from /home/airflow/.local/lib/python3.7/site-packages/airflow/example_dags/example_params_trigger_ui.py
[2024-06-24T15:05:53.049+0000] {logging_mixin.py:149} INFO - [2024-06-24T15:05:53.049+0000] {dag.py:2726} INFO - Sync 1 DAGs
[2024-06-24T15:05:53.060+0000] {logging_mixin.py:149} INFO - [2024-06-24T15:05:53.060+0000] {dag.py:3490} INFO - Setting next_dagrun for example_params_trigger_ui to None, run_after=None
[2024-06-24T15:05:53.066+0000] {processor.py:178} INFO - Processing /home/airflow/.local/lib/python3.7/site-packages/airflow/example_dags/example_params_trigger_ui.py took 0.060 seconds
[2024-06-24T15:06:23.648+0000] {processor.py:156} INFO - Started process (PID=412) to work on /home/airflow/.local/lib/python3.7/site-packages/airflow/example_dags/example_params_trigger_ui.py
[2024-06-24T15:06:23.649+0000] {processor.py:799} INFO - Processing file /home/airflow/.local/lib/python3.7/site-packages/airflow/example_dags/example_params_trigger_ui.py for tasks to queue
[2024-06-24T15:06:23.649+0000] {logging_mixin.py:149} INFO - [2024-06-24T15:06:23.649+0000] {dagbag.py:541} INFO - Filling up the DagBag from /home/airflow/.local/lib/python3.7/site-packages/airflow/example_dags/example_params_trigger_ui.py
[2024-06-24T15:06:23.657+0000] {processor.py:809} INFO - DAG(s) dict_keys(['example_params_trigger_ui']) retrieved from /home/airflow/.local/lib/python3.7/site-packages/airflow/example_dags/example_params_trigger_ui.py
[2024-06-24T15:06:23.689+0000] {logging_mixin.py:149} INFO - [2024-06-24T15:06:23.689+0000] {dag.py:2726} INFO - Sync 1 DAGs
[2024-06-24T15:06:23.699+0000] {logging_mixin.py:149} INFO - [2024-06-24T15:06:23.699+0000] {dag.py:3490} INFO - Setting next_dagrun for example_params_trigger_ui to None, run_after=None
[2024-06-24T15:06:23.706+0000] {processor.py:178} INFO - Processing /home/airflow/.local/lib/python3.7/site-packages/airflow/example_dags/example_params_trigger_ui.py took 0.059 seconds
[2024-06-24T15:06:54.295+0000] {processor.py:156} INFO - Started process (PID=481) to work on /home/airflow/.local/lib/python3.7/site-packages/airflow/example_dags/example_params_trigger_ui.py
[2024-06-24T15:06:54.295+0000] {processor.py:799} INFO - Processing file /home/airflow/.local/lib/python3.7/site-packages/airflow/example_dags/example_params_trigger_ui.py for tasks to queue
[2024-06-24T15:06:54.296+0000] {logging_mixin.py:149} INFO - [2024-06-24T15:06:54.296+0000] {dagbag.py:541} INFO - Filling up the DagBag from /home/airflow/.local/lib/python3.7/site-packages/airflow/example_dags/example_params_trigger_ui.py
[2024-06-24T15:06:54.304+0000] {processor.py:809} INFO - DAG(s) dict_keys(['example_params_trigger_ui']) retrieved from /home/airflow/.local/lib/python3.7/site-packages/airflow/example_dags/example_params_trigger_ui.py
[2024-06-24T15:06:54.338+0000] {logging_mixin.py:149} INFO - [2024-06-24T15:06:54.338+0000] {dag.py:2726} INFO - Sync 1 DAGs
[2024-06-24T15:06:54.349+0000] {logging_mixin.py:149} INFO - [2024-06-24T15:06:54.349+0000] {dag.py:3490} INFO - Setting next_dagrun for example_params_trigger_ui to None, run_after=None
[2024-06-24T15:06:54.356+0000] {processor.py:178} INFO - Processing /home/airflow/.local/lib/python3.7/site-packages/airflow/example_dags/example_params_trigger_ui.py took 0.063 seconds
[2024-06-24T15:07:53.813+0000] {processor.py:156} INFO - Started process (PID=69) to work on /home/airflow/.local/lib/python3.7/site-packages/airflow/example_dags/example_params_trigger_ui.py
[2024-06-24T15:07:53.813+0000] {processor.py:799} INFO - Processing file /home/airflow/.local/lib/python3.7/site-packages/airflow/example_dags/example_params_trigger_ui.py for tasks to queue
[2024-06-24T15:07:53.814+0000] {logging_mixin.py:149} INFO - [2024-06-24T15:07:53.814+0000] {dagbag.py:541} INFO - Filling up the DagBag from /home/airflow/.local/lib/python3.7/site-packages/airflow/example_dags/example_params_trigger_ui.py
[2024-06-24T15:07:53.833+0000] {processor.py:809} INFO - DAG(s) dict_keys(['example_params_trigger_ui']) retrieved from /home/airflow/.local/lib/python3.7/site-packages/airflow/example_dags/example_params_trigger_ui.py
[2024-06-24T15:07:53.844+0000] {logging_mixin.py:149} INFO - [2024-06-24T15:07:53.844+0000] {dag.py:2726} INFO - Sync 1 DAGs
[2024-06-24T15:07:53.859+0000] {logging_mixin.py:149} INFO - [2024-06-24T15:07:53.859+0000] {dag.py:3490} INFO - Setting next_dagrun for example_params_trigger_ui to None, run_after=None
[2024-06-24T15:07:53.873+0000] {processor.py:178} INFO - Processing /home/airflow/.local/lib/python3.7/site-packages/airflow/example_dags/example_params_trigger_ui.py took 0.063 seconds
[2024-06-24T15:08:24.205+0000] {processor.py:156} INFO - Started process (PID=142) to work on /home/airflow/.local/lib/python3.7/site-packages/airflow/example_dags/example_params_trigger_ui.py
[2024-06-24T15:08:24.206+0000] {processor.py:799} INFO - Processing file /home/airflow/.local/lib/python3.7/site-packages/airflow/example_dags/example_params_trigger_ui.py for tasks to queue
[2024-06-24T15:08:24.206+0000] {logging_mixin.py:149} INFO - [2024-06-24T15:08:24.206+0000] {dagbag.py:541} INFO - Filling up the DagBag from /home/airflow/.local/lib/python3.7/site-packages/airflow/example_dags/example_params_trigger_ui.py
[2024-06-24T15:08:24.214+0000] {processor.py:809} INFO - DAG(s) dict_keys(['example_params_trigger_ui']) retrieved from /home/airflow/.local/lib/python3.7/site-packages/airflow/example_dags/example_params_trigger_ui.py
[2024-06-24T15:08:24.246+0000] {logging_mixin.py:149} INFO - [2024-06-24T15:08:24.246+0000] {dag.py:2726} INFO - Sync 1 DAGs
[2024-06-24T15:08:24.255+0000] {logging_mixin.py:149} INFO - [2024-06-24T15:08:24.255+0000] {dag.py:3490} INFO - Setting next_dagrun for example_params_trigger_ui to None, run_after=None
[2024-06-24T15:08:24.262+0000] {processor.py:178} INFO - Processing /home/airflow/.local/lib/python3.7/site-packages/airflow/example_dags/example_params_trigger_ui.py took 0.058 seconds
[2024-06-24T15:08:54.797+0000] {processor.py:156} INFO - Started process (PID=211) to work on /home/airflow/.local/lib/python3.7/site-packages/airflow/example_dags/example_params_trigger_ui.py
[2024-06-24T15:08:54.798+0000] {processor.py:799} INFO - Processing file /home/airflow/.local/lib/python3.7/site-packages/airflow/example_dags/example_params_trigger_ui.py for tasks to queue
[2024-06-24T15:08:54.798+0000] {logging_mixin.py:149} INFO - [2024-06-24T15:08:54.798+0000] {dagbag.py:541} INFO - Filling up the DagBag from /home/airflow/.local/lib/python3.7/site-packages/airflow/example_dags/example_params_trigger_ui.py
[2024-06-24T15:08:54.806+0000] {processor.py:809} INFO - DAG(s) dict_keys(['example_params_trigger_ui']) retrieved from /home/airflow/.local/lib/python3.7/site-packages/airflow/example_dags/example_params_trigger_ui.py
[2024-06-24T15:08:54.837+0000] {logging_mixin.py:149} INFO - [2024-06-24T15:08:54.837+0000] {dag.py:2726} INFO - Sync 1 DAGs
[2024-06-24T15:08:54.846+0000] {logging_mixin.py:149} INFO - [2024-06-24T15:08:54.846+0000] {dag.py:3490} INFO - Setting next_dagrun for example_params_trigger_ui to None, run_after=None
[2024-06-24T15:08:54.852+0000] {processor.py:178} INFO - Processing /home/airflow/.local/lib/python3.7/site-packages/airflow/example_dags/example_params_trigger_ui.py took 0.056 seconds
[2024-06-24T15:09:25.536+0000] {processor.py:156} INFO - Started process (PID=280) to work on /home/airflow/.local/lib/python3.7/site-packages/airflow/example_dags/example_params_trigger_ui.py
[2024-06-24T15:09:25.536+0000] {processor.py:799} INFO - Processing file /home/airflow/.local/lib/python3.7/site-packages/airflow/example_dags/example_params_trigger_ui.py for tasks to queue
[2024-06-24T15:09:25.537+0000] {logging_mixin.py:149} INFO - [2024-06-24T15:09:25.537+0000] {dagbag.py:541} INFO - Filling up the DagBag from /home/airflow/.local/lib/python3.7/site-packages/airflow/example_dags/example_params_trigger_ui.py
[2024-06-24T15:09:25.546+0000] {processor.py:809} INFO - DAG(s) dict_keys(['example_params_trigger_ui']) retrieved from /home/airflow/.local/lib/python3.7/site-packages/airflow/example_dags/example_params_trigger_ui.py
[2024-06-24T15:09:25.578+0000] {logging_mixin.py:149} INFO - [2024-06-24T15:09:25.578+0000] {dag.py:2726} INFO - Sync 1 DAGs
[2024-06-24T15:09:25.588+0000] {logging_mixin.py:149} INFO - [2024-06-24T15:09:25.588+0000] {dag.py:3490} INFO - Setting next_dagrun for example_params_trigger_ui to None, run_after=None
[2024-06-24T15:09:25.595+0000] {processor.py:178} INFO - Processing /home/airflow/.local/lib/python3.7/site-packages/airflow/example_dags/example_params_trigger_ui.py took 0.061 seconds
[2024-06-24T15:09:56.118+0000] {processor.py:156} INFO - Started process (PID=349) to work on /home/airflow/.local/lib/python3.7/site-packages/airflow/example_dags/example_params_trigger_ui.py
[2024-06-24T15:09:56.118+0000] {processor.py:799} INFO - Processing file /home/airflow/.local/lib/python3.7/site-packages/airflow/example_dags/example_params_trigger_ui.py for tasks to queue
[2024-06-24T15:09:56.118+0000] {logging_mixin.py:149} INFO - [2024-06-24T15:09:56.118+0000] {dagbag.py:541} INFO - Filling up the DagBag from /home/airflow/.local/lib/python3.7/site-packages/airflow/example_dags/example_params_trigger_ui.py
[2024-06-24T15:09:56.127+0000] {processor.py:809} INFO - DAG(s) dict_keys(['example_params_trigger_ui']) retrieved from /home/airflow/.local/lib/python3.7/site-packages/airflow/example_dags/example_params_trigger_ui.py
[2024-06-24T15:09:56.160+0000] {logging_mixin.py:149} INFO - [2024-06-24T15:09:56.160+0000] {dag.py:2726} INFO - Sync 1 DAGs
[2024-06-24T15:09:56.170+0000] {logging_mixin.py:149} INFO - [2024-06-24T15:09:56.170+0000] {dag.py:3490} INFO - Setting next_dagrun for example_params_trigger_ui to None, run_after=None
[2024-06-24T15:09:56.177+0000] {processor.py:178} INFO - Processing /home/airflow/.local/lib/python3.7/site-packages/airflow/example_dags/example_params_trigger_ui.py took 0.061 seconds
[2024-06-24T15:10:26.799+0000] {processor.py:156} INFO - Started process (PID=418) to work on /home/airflow/.local/lib/python3.7/site-packages/airflow/example_dags/example_params_trigger_ui.py
[2024-06-24T15:10:26.800+0000] {processor.py:799} INFO - Processing file /home/airflow/.local/lib/python3.7/site-packages/airflow/example_dags/example_params_trigger_ui.py for tasks to queue
[2024-06-24T15:10:26.800+0000] {logging_mixin.py:149} INFO - [2024-06-24T15:10:26.800+0000] {dagbag.py:541} INFO - Filling up the DagBag from /home/airflow/.local/lib/python3.7/site-packages/airflow/example_dags/example_params_trigger_ui.py
[2024-06-24T15:10:26.809+0000] {processor.py:809} INFO - DAG(s) dict_keys(['example_params_trigger_ui']) retrieved from /home/airflow/.local/lib/python3.7/site-packages/airflow/example_dags/example_params_trigger_ui.py
[2024-06-24T15:10:26.842+0000] {logging_mixin.py:149} INFO - [2024-06-24T15:10:26.842+0000] {dag.py:2726} INFO - Sync 1 DAGs
[2024-06-24T15:10:26.853+0000] {logging_mixin.py:149} INFO - [2024-06-24T15:10:26.852+0000] {dag.py:3490} INFO - Setting next_dagrun for example_params_trigger_ui to None, run_after=None
[2024-06-24T15:10:26.859+0000] {processor.py:178} INFO - Processing /home/airflow/.local/lib/python3.7/site-packages/airflow/example_dags/example_params_trigger_ui.py took 0.062 seconds
[2024-06-24T15:10:57.540+0000] {processor.py:156} INFO - Started process (PID=487) to work on /home/airflow/.local/lib/python3.7/site-packages/airflow/example_dags/example_params_trigger_ui.py
[2024-06-24T15:10:57.540+0000] {processor.py:799} INFO - Processing file /home/airflow/.local/lib/python3.7/site-packages/airflow/example_dags/example_params_trigger_ui.py for tasks to queue
[2024-06-24T15:10:57.541+0000] {logging_mixin.py:149} INFO - [2024-06-24T15:10:57.541+0000] {dagbag.py:541} INFO - Filling up the DagBag from /home/airflow/.local/lib/python3.7/site-packages/airflow/example_dags/example_params_trigger_ui.py
[2024-06-24T15:10:57.554+0000] {processor.py:809} INFO - DAG(s) dict_keys(['example_params_trigger_ui']) retrieved from /home/airflow/.local/lib/python3.7/site-packages/airflow/example_dags/example_params_trigger_ui.py
[2024-06-24T15:10:57.589+0000] {logging_mixin.py:149} INFO - [2024-06-24T15:10:57.589+0000] {dag.py:2726} INFO - Sync 1 DAGs
[2024-06-24T15:10:57.599+0000] {logging_mixin.py:149} INFO - [2024-06-24T15:10:57.599+0000] {dag.py:3490} INFO - Setting next_dagrun for example_params_trigger_ui to None, run_after=None
[2024-06-24T15:10:57.607+0000] {processor.py:178} INFO - Processing /home/airflow/.local/lib/python3.7/site-packages/airflow/example_dags/example_params_trigger_ui.py took 0.068 seconds
[2024-06-24T15:11:28.266+0000] {processor.py:156} INFO - Started process (PID=556) to work on /home/airflow/.local/lib/python3.7/site-packages/airflow/example_dags/example_params_trigger_ui.py
[2024-06-24T15:11:28.267+0000] {processor.py:799} INFO - Processing file /home/airflow/.local/lib/python3.7/site-packages/airflow/example_dags/example_params_trigger_ui.py for tasks to queue
[2024-06-24T15:11:28.267+0000] {logging_mixin.py:149} INFO - [2024-06-24T15:11:28.267+0000] {dagbag.py:541} INFO - Filling up the DagBag from /home/airflow/.local/lib/python3.7/site-packages/airflow/example_dags/example_params_trigger_ui.py
[2024-06-24T15:11:28.276+0000] {processor.py:809} INFO - DAG(s) dict_keys(['example_params_trigger_ui']) retrieved from /home/airflow/.local/lib/python3.7/site-packages/airflow/example_dags/example_params_trigger_ui.py
[2024-06-24T15:11:28.309+0000] {logging_mixin.py:149} INFO - [2024-06-24T15:11:28.309+0000] {dag.py:2726} INFO - Sync 1 DAGs
[2024-06-24T15:11:28.318+0000] {logging_mixin.py:149} INFO - [2024-06-24T15:11:28.318+0000] {dag.py:3490} INFO - Setting next_dagrun for example_params_trigger_ui to None, run_after=None
[2024-06-24T15:11:28.325+0000] {processor.py:178} INFO - Processing /home/airflow/.local/lib/python3.7/site-packages/airflow/example_dags/example_params_trigger_ui.py took 0.060 seconds
[2024-06-24T15:11:59.070+0000] {processor.py:156} INFO - Started process (PID=625) to work on /home/airflow/.local/lib/python3.7/site-packages/airflow/example_dags/example_params_trigger_ui.py
[2024-06-24T15:11:59.070+0000] {processor.py:799} INFO - Processing file /home/airflow/.local/lib/python3.7/site-packages/airflow/example_dags/example_params_trigger_ui.py for tasks to queue
[2024-06-24T15:11:59.070+0000] {logging_mixin.py:149} INFO - [2024-06-24T15:11:59.070+0000] {dagbag.py:541} INFO - Filling up the DagBag from /home/airflow/.local/lib/python3.7/site-packages/airflow/example_dags/example_params_trigger_ui.py
[2024-06-24T15:11:59.079+0000] {processor.py:809} INFO - DAG(s) dict_keys(['example_params_trigger_ui']) retrieved from /home/airflow/.local/lib/python3.7/site-packages/airflow/example_dags/example_params_trigger_ui.py
[2024-06-24T15:11:59.113+0000] {logging_mixin.py:149} INFO - [2024-06-24T15:11:59.112+0000] {dag.py:2726} INFO - Sync 1 DAGs
[2024-06-24T15:11:59.123+0000] {logging_mixin.py:149} INFO - [2024-06-24T15:11:59.123+0000] {dag.py:3490} INFO - Setting next_dagrun for example_params_trigger_ui to None, run_after=None
[2024-06-24T15:11:59.130+0000] {processor.py:178} INFO - Processing /home/airflow/.local/lib/python3.7/site-packages/airflow/example_dags/example_params_trigger_ui.py took 0.062 seconds
[2024-06-24T15:12:29.712+0000] {processor.py:156} INFO - Started process (PID=694) to work on /home/airflow/.local/lib/python3.7/site-packages/airflow/example_dags/example_params_trigger_ui.py
[2024-06-24T15:12:29.713+0000] {processor.py:799} INFO - Processing file /home/airflow/.local/lib/python3.7/site-packages/airflow/example_dags/example_params_trigger_ui.py for tasks to queue
[2024-06-24T15:12:29.713+0000] {logging_mixin.py:149} INFO - [2024-06-24T15:12:29.713+0000] {dagbag.py:541} INFO - Filling up the DagBag from /home/airflow/.local/lib/python3.7/site-packages/airflow/example_dags/example_params_trigger_ui.py
[2024-06-24T15:12:29.722+0000] {processor.py:809} INFO - DAG(s) dict_keys(['example_params_trigger_ui']) retrieved from /home/airflow/.local/lib/python3.7/site-packages/airflow/example_dags/example_params_trigger_ui.py
[2024-06-24T15:12:29.757+0000] {logging_mixin.py:149} INFO - [2024-06-24T15:12:29.757+0000] {dag.py:2726} INFO - Sync 1 DAGs
[2024-06-24T15:12:29.768+0000] {logging_mixin.py:149} INFO - [2024-06-24T15:12:29.768+0000] {dag.py:3490} INFO - Setting next_dagrun for example_params_trigger_ui to None, run_after=None
[2024-06-24T15:12:29.776+0000] {processor.py:178} INFO - Processing /home/airflow/.local/lib/python3.7/site-packages/airflow/example_dags/example_params_trigger_ui.py took 0.064 seconds
[2024-06-24T15:13:00.380+0000] {processor.py:156} INFO - Started process (PID=763) to work on /home/airflow/.local/lib/python3.7/site-packages/airflow/example_dags/example_params_trigger_ui.py
[2024-06-24T15:13:00.381+0000] {processor.py:799} INFO - Processing file /home/airflow/.local/lib/python3.7/site-packages/airflow/example_dags/example_params_trigger_ui.py for tasks to queue
[2024-06-24T15:13:00.381+0000] {logging_mixin.py:149} INFO - [2024-06-24T15:13:00.381+0000] {dagbag.py:541} INFO - Filling up the DagBag from /home/airflow/.local/lib/python3.7/site-packages/airflow/example_dags/example_params_trigger_ui.py
[2024-06-24T15:13:00.395+0000] {processor.py:809} INFO - DAG(s) dict_keys(['example_params_trigger_ui']) retrieved from /home/airflow/.local/lib/python3.7/site-packages/airflow/example_dags/example_params_trigger_ui.py
[2024-06-24T15:13:00.451+0000] {logging_mixin.py:149} INFO - [2024-06-24T15:13:00.451+0000] {dag.py:2726} INFO - Sync 1 DAGs
[2024-06-24T15:13:00.462+0000] {logging_mixin.py:149} INFO - [2024-06-24T15:13:00.462+0000] {dag.py:3490} INFO - Setting next_dagrun for example_params_trigger_ui to None, run_after=None
[2024-06-24T15:13:00.469+0000] {processor.py:178} INFO - Processing /home/airflow/.local/lib/python3.7/site-packages/airflow/example_dags/example_params_trigger_ui.py took 0.091 seconds
[2024-06-24T15:13:31.106+0000] {processor.py:156} INFO - Started process (PID=832) to work on /home/airflow/.local/lib/python3.7/site-packages/airflow/example_dags/example_params_trigger_ui.py
[2024-06-24T15:13:31.107+0000] {processor.py:799} INFO - Processing file /home/airflow/.local/lib/python3.7/site-packages/airflow/example_dags/example_params_trigger_ui.py for tasks to queue
[2024-06-24T15:13:31.107+0000] {logging_mixin.py:149} INFO - [2024-06-24T15:13:31.107+0000] {dagbag.py:541} INFO - Filling up the DagBag from /home/airflow/.local/lib/python3.7/site-packages/airflow/example_dags/example_params_trigger_ui.py
[2024-06-24T15:13:31.116+0000] {processor.py:809} INFO - DAG(s) dict_keys(['example_params_trigger_ui']) retrieved from /home/airflow/.local/lib/python3.7/site-packages/airflow/example_dags/example_params_trigger_ui.py
[2024-06-24T15:13:31.148+0000] {logging_mixin.py:149} INFO - [2024-06-24T15:13:31.148+0000] {dag.py:2726} INFO - Sync 1 DAGs
[2024-06-24T15:13:31.159+0000] {logging_mixin.py:149} INFO - [2024-06-24T15:13:31.158+0000] {dag.py:3490} INFO - Setting next_dagrun for example_params_trigger_ui to None, run_after=None
[2024-06-24T15:13:31.165+0000] {processor.py:178} INFO - Processing /home/airflow/.local/lib/python3.7/site-packages/airflow/example_dags/example_params_trigger_ui.py took 0.060 seconds
[2024-06-24T15:14:01.633+0000] {processor.py:156} INFO - Started process (PID=901) to work on /home/airflow/.local/lib/python3.7/site-packages/airflow/example_dags/example_params_trigger_ui.py
[2024-06-24T15:14:01.633+0000] {processor.py:799} INFO - Processing file /home/airflow/.local/lib/python3.7/site-packages/airflow/example_dags/example_params_trigger_ui.py for tasks to queue
[2024-06-24T15:14:01.634+0000] {logging_mixin.py:149} INFO - [2024-06-24T15:14:01.633+0000] {dagbag.py:541} INFO - Filling up the DagBag from /home/airflow/.local/lib/python3.7/site-packages/airflow/example_dags/example_params_trigger_ui.py
[2024-06-24T15:14:01.642+0000] {processor.py:809} INFO - DAG(s) dict_keys(['example_params_trigger_ui']) retrieved from /home/airflow/.local/lib/python3.7/site-packages/airflow/example_dags/example_params_trigger_ui.py
[2024-06-24T15:14:01.674+0000] {logging_mixin.py:149} INFO - [2024-06-24T15:14:01.674+0000] {dag.py:2726} INFO - Sync 1 DAGs
[2024-06-24T15:14:01.685+0000] {logging_mixin.py:149} INFO - [2024-06-24T15:14:01.685+0000] {dag.py:3490} INFO - Setting next_dagrun for example_params_trigger_ui to None, run_after=None
[2024-06-24T15:14:01.691+0000] {processor.py:178} INFO - Processing /home/airflow/.local/lib/python3.7/site-packages/airflow/example_dags/example_params_trigger_ui.py took 0.060 seconds
[2024-06-24T15:14:32.122+0000] {processor.py:156} INFO - Started process (PID=970) to work on /home/airflow/.local/lib/python3.7/site-packages/airflow/example_dags/example_params_trigger_ui.py
[2024-06-24T15:14:32.122+0000] {processor.py:799} INFO - Processing file /home/airflow/.local/lib/python3.7/site-packages/airflow/example_dags/example_params_trigger_ui.py for tasks to queue
[2024-06-24T15:14:32.123+0000] {logging_mixin.py:149} INFO - [2024-06-24T15:14:32.122+0000] {dagbag.py:541} INFO - Filling up the DagBag from /home/airflow/.local/lib/python3.7/site-packages/airflow/example_dags/example_params_trigger_ui.py
[2024-06-24T15:14:32.133+0000] {processor.py:809} INFO - DAG(s) dict_keys(['example_params_trigger_ui']) retrieved from /home/airflow/.local/lib/python3.7/site-packages/airflow/example_dags/example_params_trigger_ui.py
[2024-06-24T15:14:32.165+0000] {logging_mixin.py:149} INFO - [2024-06-24T15:14:32.165+0000] {dag.py:2726} INFO - Sync 1 DAGs
[2024-06-24T15:14:32.175+0000] {logging_mixin.py:149} INFO - [2024-06-24T15:14:32.175+0000] {dag.py:3490} INFO - Setting next_dagrun for example_params_trigger_ui to None, run_after=None
[2024-06-24T15:14:32.182+0000] {processor.py:178} INFO - Processing /home/airflow/.local/lib/python3.7/site-packages/airflow/example_dags/example_params_trigger_ui.py took 0.061 seconds
[2024-06-24T15:15:02.592+0000] {processor.py:156} INFO - Started process (PID=1039) to work on /home/airflow/.local/lib/python3.7/site-packages/airflow/example_dags/example_params_trigger_ui.py
[2024-06-24T15:15:02.592+0000] {processor.py:799} INFO - Processing file /home/airflow/.local/lib/python3.7/site-packages/airflow/example_dags/example_params_trigger_ui.py for tasks to queue
[2024-06-24T15:15:02.592+0000] {logging_mixin.py:149} INFO - [2024-06-24T15:15:02.592+0000] {dagbag.py:541} INFO - Filling up the DagBag from /home/airflow/.local/lib/python3.7/site-packages/airflow/example_dags/example_params_trigger_ui.py
[2024-06-24T15:15:02.601+0000] {processor.py:809} INFO - DAG(s) dict_keys(['example_params_trigger_ui']) retrieved from /home/airflow/.local/lib/python3.7/site-packages/airflow/example_dags/example_params_trigger_ui.py
[2024-06-24T15:15:02.634+0000] {logging_mixin.py:149} INFO - [2024-06-24T15:15:02.633+0000] {dag.py:2726} INFO - Sync 1 DAGs
[2024-06-24T15:15:02.645+0000] {logging_mixin.py:149} INFO - [2024-06-24T15:15:02.645+0000] {dag.py:3490} INFO - Setting next_dagrun for example_params_trigger_ui to None, run_after=None
[2024-06-24T15:15:02.652+0000] {processor.py:178} INFO - Processing /home/airflow/.local/lib/python3.7/site-packages/airflow/example_dags/example_params_trigger_ui.py took 0.062 seconds
[2024-06-24T15:15:33.303+0000] {processor.py:156} INFO - Started process (PID=1117) to work on /home/airflow/.local/lib/python3.7/site-packages/airflow/example_dags/example_params_trigger_ui.py
[2024-06-24T15:15:33.303+0000] {processor.py:799} INFO - Processing file /home/airflow/.local/lib/python3.7/site-packages/airflow/example_dags/example_params_trigger_ui.py for tasks to queue
[2024-06-24T15:15:33.303+0000] {logging_mixin.py:149} INFO - [2024-06-24T15:15:33.303+0000] {dagbag.py:541} INFO - Filling up the DagBag from /home/airflow/.local/lib/python3.7/site-packages/airflow/example_dags/example_params_trigger_ui.py
[2024-06-24T15:15:33.312+0000] {processor.py:809} INFO - DAG(s) dict_keys(['example_params_trigger_ui']) retrieved from /home/airflow/.local/lib/python3.7/site-packages/airflow/example_dags/example_params_trigger_ui.py
[2024-06-24T15:15:33.344+0000] {logging_mixin.py:149} INFO - [2024-06-24T15:15:33.344+0000] {dag.py:2726} INFO - Sync 1 DAGs
[2024-06-24T15:15:33.354+0000] {logging_mixin.py:149} INFO - [2024-06-24T15:15:33.354+0000] {dag.py:3490} INFO - Setting next_dagrun for example_params_trigger_ui to None, run_after=None
[2024-06-24T15:15:33.361+0000] {processor.py:178} INFO - Processing /home/airflow/.local/lib/python3.7/site-packages/airflow/example_dags/example_params_trigger_ui.py took 0.060 seconds
[2024-06-24T15:16:03.870+0000] {processor.py:156} INFO - Started process (PID=1186) to work on /home/airflow/.local/lib/python3.7/site-packages/airflow/example_dags/example_params_trigger_ui.py
[2024-06-24T15:16:03.870+0000] {processor.py:799} INFO - Processing file /home/airflow/.local/lib/python3.7/site-packages/airflow/example_dags/example_params_trigger_ui.py for tasks to queue
[2024-06-24T15:16:03.870+0000] {logging_mixin.py:149} INFO - [2024-06-24T15:16:03.870+0000] {dagbag.py:541} INFO - Filling up the DagBag from /home/airflow/.local/lib/python3.7/site-packages/airflow/example_dags/example_params_trigger_ui.py
[2024-06-24T15:16:03.879+0000] {processor.py:809} INFO - DAG(s) dict_keys(['example_params_trigger_ui']) retrieved from /home/airflow/.local/lib/python3.7/site-packages/airflow/example_dags/example_params_trigger_ui.py
[2024-06-24T15:16:03.911+0000] {logging_mixin.py:149} INFO - [2024-06-24T15:16:03.911+0000] {dag.py:2726} INFO - Sync 1 DAGs
[2024-06-24T15:16:03.921+0000] {logging_mixin.py:149} INFO - [2024-06-24T15:16:03.921+0000] {dag.py:3490} INFO - Setting next_dagrun for example_params_trigger_ui to None, run_after=None
[2024-06-24T15:16:03.928+0000] {processor.py:178} INFO - Processing /home/airflow/.local/lib/python3.7/site-packages/airflow/example_dags/example_params_trigger_ui.py took 0.059 seconds
[2024-06-24T15:16:34.571+0000] {processor.py:156} INFO - Started process (PID=1255) to work on /home/airflow/.local/lib/python3.7/site-packages/airflow/example_dags/example_params_trigger_ui.py
[2024-06-24T15:16:34.571+0000] {processor.py:799} INFO - Processing file /home/airflow/.local/lib/python3.7/site-packages/airflow/example_dags/example_params_trigger_ui.py for tasks to queue
[2024-06-24T15:16:34.572+0000] {logging_mixin.py:149} INFO - [2024-06-24T15:16:34.572+0000] {dagbag.py:541} INFO - Filling up the DagBag from /home/airflow/.local/lib/python3.7/site-packages/airflow/example_dags/example_params_trigger_ui.py
[2024-06-24T15:16:34.580+0000] {processor.py:809} INFO - DAG(s) dict_keys(['example_params_trigger_ui']) retrieved from /home/airflow/.local/lib/python3.7/site-packages/airflow/example_dags/example_params_trigger_ui.py
[2024-06-24T15:16:34.612+0000] {logging_mixin.py:149} INFO - [2024-06-24T15:16:34.611+0000] {dag.py:2726} INFO - Sync 1 DAGs
[2024-06-24T15:16:34.621+0000] {logging_mixin.py:149} INFO - [2024-06-24T15:16:34.621+0000] {dag.py:3490} INFO - Setting next_dagrun for example_params_trigger_ui to None, run_after=None
[2024-06-24T15:16:34.629+0000] {processor.py:178} INFO - Processing /home/airflow/.local/lib/python3.7/site-packages/airflow/example_dags/example_params_trigger_ui.py took 0.059 seconds
[2024-06-24T15:17:05.139+0000] {processor.py:156} INFO - Started process (PID=1324) to work on /home/airflow/.local/lib/python3.7/site-packages/airflow/example_dags/example_params_trigger_ui.py
[2024-06-24T15:17:05.140+0000] {processor.py:799} INFO - Processing file /home/airflow/.local/lib/python3.7/site-packages/airflow/example_dags/example_params_trigger_ui.py for tasks to queue
[2024-06-24T15:17:05.140+0000] {logging_mixin.py:149} INFO - [2024-06-24T15:17:05.140+0000] {dagbag.py:541} INFO - Filling up the DagBag from /home/airflow/.local/lib/python3.7/site-packages/airflow/example_dags/example_params_trigger_ui.py
[2024-06-24T15:17:05.148+0000] {processor.py:809} INFO - DAG(s) dict_keys(['example_params_trigger_ui']) retrieved from /home/airflow/.local/lib/python3.7/site-packages/airflow/example_dags/example_params_trigger_ui.py
[2024-06-24T15:17:05.181+0000] {logging_mixin.py:149} INFO - [2024-06-24T15:17:05.181+0000] {dag.py:2726} INFO - Sync 1 DAGs
[2024-06-24T15:17:05.191+0000] {logging_mixin.py:149} INFO - [2024-06-24T15:17:05.191+0000] {dag.py:3490} INFO - Setting next_dagrun for example_params_trigger_ui to None, run_after=None
[2024-06-24T15:17:05.197+0000] {processor.py:178} INFO - Processing /home/airflow/.local/lib/python3.7/site-packages/airflow/example_dags/example_params_trigger_ui.py took 0.059 seconds
[2024-06-24T15:17:35.695+0000] {processor.py:156} INFO - Started process (PID=1392) to work on /home/airflow/.local/lib/python3.7/site-packages/airflow/example_dags/example_params_trigger_ui.py
[2024-06-24T15:17:35.695+0000] {processor.py:799} INFO - Processing file /home/airflow/.local/lib/python3.7/site-packages/airflow/example_dags/example_params_trigger_ui.py for tasks to queue
[2024-06-24T15:17:35.696+0000] {logging_mixin.py:149} INFO - [2024-06-24T15:17:35.696+0000] {dagbag.py:541} INFO - Filling up the DagBag from /home/airflow/.local/lib/python3.7/site-packages/airflow/example_dags/example_params_trigger_ui.py
[2024-06-24T15:17:35.705+0000] {processor.py:809} INFO - DAG(s) dict_keys(['example_params_trigger_ui']) retrieved from /home/airflow/.local/lib/python3.7/site-packages/airflow/example_dags/example_params_trigger_ui.py
[2024-06-24T15:17:35.737+0000] {logging_mixin.py:149} INFO - [2024-06-24T15:17:35.737+0000] {dag.py:2726} INFO - Sync 1 DAGs
[2024-06-24T15:17:35.748+0000] {logging_mixin.py:149} INFO - [2024-06-24T15:17:35.748+0000] {dag.py:3490} INFO - Setting next_dagrun for example_params_trigger_ui to None, run_after=None
[2024-06-24T15:17:35.755+0000] {processor.py:178} INFO - Processing /home/airflow/.local/lib/python3.7/site-packages/airflow/example_dags/example_params_trigger_ui.py took 0.061 seconds
[2024-06-24T15:18:06.248+0000] {processor.py:156} INFO - Started process (PID=1461) to work on /home/airflow/.local/lib/python3.7/site-packages/airflow/example_dags/example_params_trigger_ui.py
[2024-06-24T15:18:06.248+0000] {processor.py:799} INFO - Processing file /home/airflow/.local/lib/python3.7/site-packages/airflow/example_dags/example_params_trigger_ui.py for tasks to queue
[2024-06-24T15:18:06.249+0000] {logging_mixin.py:149} INFO - [2024-06-24T15:18:06.249+0000] {dagbag.py:541} INFO - Filling up the DagBag from /home/airflow/.local/lib/python3.7/site-packages/airflow/example_dags/example_params_trigger_ui.py
[2024-06-24T15:18:06.258+0000] {processor.py:809} INFO - DAG(s) dict_keys(['example_params_trigger_ui']) retrieved from /home/airflow/.local/lib/python3.7/site-packages/airflow/example_dags/example_params_trigger_ui.py
[2024-06-24T15:18:06.291+0000] {logging_mixin.py:149} INFO - [2024-06-24T15:18:06.291+0000] {dag.py:2726} INFO - Sync 1 DAGs
[2024-06-24T15:18:06.301+0000] {logging_mixin.py:149} INFO - [2024-06-24T15:18:06.301+0000] {dag.py:3490} INFO - Setting next_dagrun for example_params_trigger_ui to None, run_after=None
[2024-06-24T15:18:06.309+0000] {processor.py:178} INFO - Processing /home/airflow/.local/lib/python3.7/site-packages/airflow/example_dags/example_params_trigger_ui.py took 0.062 seconds
[2024-06-24T15:18:36.971+0000] {processor.py:156} INFO - Started process (PID=1530) to work on /home/airflow/.local/lib/python3.7/site-packages/airflow/example_dags/example_params_trigger_ui.py
[2024-06-24T15:18:36.972+0000] {processor.py:799} INFO - Processing file /home/airflow/.local/lib/python3.7/site-packages/airflow/example_dags/example_params_trigger_ui.py for tasks to queue
[2024-06-24T15:18:36.972+0000] {logging_mixin.py:149} INFO - [2024-06-24T15:18:36.972+0000] {dagbag.py:541} INFO - Filling up the DagBag from /home/airflow/.local/lib/python3.7/site-packages/airflow/example_dags/example_params_trigger_ui.py
[2024-06-24T15:18:36.982+0000] {processor.py:809} INFO - DAG(s) dict_keys(['example_params_trigger_ui']) retrieved from /home/airflow/.local/lib/python3.7/site-packages/airflow/example_dags/example_params_trigger_ui.py
[2024-06-24T15:18:37.014+0000] {logging_mixin.py:149} INFO - [2024-06-24T15:18:37.014+0000] {dag.py:2726} INFO - Sync 1 DAGs
[2024-06-24T15:18:37.025+0000] {logging_mixin.py:149} INFO - [2024-06-24T15:18:37.025+0000] {dag.py:3490} INFO - Setting next_dagrun for example_params_trigger_ui to None, run_after=None
[2024-06-24T15:18:37.032+0000] {processor.py:178} INFO - Processing /home/airflow/.local/lib/python3.7/site-packages/airflow/example_dags/example_params_trigger_ui.py took 0.062 seconds
[2024-06-24T15:19:07.721+0000] {processor.py:156} INFO - Started process (PID=1599) to work on /home/airflow/.local/lib/python3.7/site-packages/airflow/example_dags/example_params_trigger_ui.py
[2024-06-24T15:19:07.722+0000] {processor.py:799} INFO - Processing file /home/airflow/.local/lib/python3.7/site-packages/airflow/example_dags/example_params_trigger_ui.py for tasks to queue
[2024-06-24T15:19:07.722+0000] {logging_mixin.py:149} INFO - [2024-06-24T15:19:07.722+0000] {dagbag.py:541} INFO - Filling up the DagBag from /home/airflow/.local/lib/python3.7/site-packages/airflow/example_dags/example_params_trigger_ui.py
[2024-06-24T15:19:07.731+0000] {processor.py:809} INFO - DAG(s) dict_keys(['example_params_trigger_ui']) retrieved from /home/airflow/.local/lib/python3.7/site-packages/airflow/example_dags/example_params_trigger_ui.py
[2024-06-24T15:19:07.764+0000] {logging_mixin.py:149} INFO - [2024-06-24T15:19:07.764+0000] {dag.py:2726} INFO - Sync 1 DAGs
[2024-06-24T15:19:07.774+0000] {logging_mixin.py:149} INFO - [2024-06-24T15:19:07.774+0000] {dag.py:3490} INFO - Setting next_dagrun for example_params_trigger_ui to None, run_after=None
[2024-06-24T15:19:07.781+0000] {processor.py:178} INFO - Processing /home/airflow/.local/lib/python3.7/site-packages/airflow/example_dags/example_params_trigger_ui.py took 0.061 seconds
[2024-06-24T15:19:38.295+0000] {processor.py:156} INFO - Started process (PID=1668) to work on /home/airflow/.local/lib/python3.7/site-packages/airflow/example_dags/example_params_trigger_ui.py
[2024-06-24T15:19:38.295+0000] {processor.py:799} INFO - Processing file /home/airflow/.local/lib/python3.7/site-packages/airflow/example_dags/example_params_trigger_ui.py for tasks to queue
[2024-06-24T15:19:38.295+0000] {logging_mixin.py:149} INFO - [2024-06-24T15:19:38.295+0000] {dagbag.py:541} INFO - Filling up the DagBag from /home/airflow/.local/lib/python3.7/site-packages/airflow/example_dags/example_params_trigger_ui.py
[2024-06-24T15:19:38.304+0000] {processor.py:809} INFO - DAG(s) dict_keys(['example_params_trigger_ui']) retrieved from /home/airflow/.local/lib/python3.7/site-packages/airflow/example_dags/example_params_trigger_ui.py
[2024-06-24T15:19:38.337+0000] {logging_mixin.py:149} INFO - [2024-06-24T15:19:38.337+0000] {dag.py:2726} INFO - Sync 1 DAGs
[2024-06-24T15:19:38.347+0000] {logging_mixin.py:149} INFO - [2024-06-24T15:19:38.347+0000] {dag.py:3490} INFO - Setting next_dagrun for example_params_trigger_ui to None, run_after=None
[2024-06-24T15:19:38.354+0000] {processor.py:178} INFO - Processing /home/airflow/.local/lib/python3.7/site-packages/airflow/example_dags/example_params_trigger_ui.py took 0.060 seconds
[2024-06-24T15:20:08.803+0000] {processor.py:156} INFO - Started process (PID=1737) to work on /home/airflow/.local/lib/python3.7/site-packages/airflow/example_dags/example_params_trigger_ui.py
[2024-06-24T15:20:08.803+0000] {processor.py:799} INFO - Processing file /home/airflow/.local/lib/python3.7/site-packages/airflow/example_dags/example_params_trigger_ui.py for tasks to queue
[2024-06-24T15:20:08.803+0000] {logging_mixin.py:149} INFO - [2024-06-24T15:20:08.803+0000] {dagbag.py:541} INFO - Filling up the DagBag from /home/airflow/.local/lib/python3.7/site-packages/airflow/example_dags/example_params_trigger_ui.py
[2024-06-24T15:20:08.814+0000] {processor.py:809} INFO - DAG(s) dict_keys(['example_params_trigger_ui']) retrieved from /home/airflow/.local/lib/python3.7/site-packages/airflow/example_dags/example_params_trigger_ui.py
[2024-06-24T15:20:08.850+0000] {logging_mixin.py:149} INFO - [2024-06-24T15:20:08.850+0000] {dag.py:2726} INFO - Sync 1 DAGs
[2024-06-24T15:20:08.861+0000] {logging_mixin.py:149} INFO - [2024-06-24T15:20:08.861+0000] {dag.py:3490} INFO - Setting next_dagrun for example_params_trigger_ui to None, run_after=None
[2024-06-24T15:20:08.869+0000] {processor.py:178} INFO - Processing /home/airflow/.local/lib/python3.7/site-packages/airflow/example_dags/example_params_trigger_ui.py took 0.067 seconds
[2024-06-24T15:20:39.519+0000] {processor.py:156} INFO - Started process (PID=1806) to work on /home/airflow/.local/lib/python3.7/site-packages/airflow/example_dags/example_params_trigger_ui.py
[2024-06-24T15:20:39.520+0000] {processor.py:799} INFO - Processing file /home/airflow/.local/lib/python3.7/site-packages/airflow/example_dags/example_params_trigger_ui.py for tasks to queue
[2024-06-24T15:20:39.520+0000] {logging_mixin.py:149} INFO - [2024-06-24T15:20:39.520+0000] {dagbag.py:541} INFO - Filling up the DagBag from /home/airflow/.local/lib/python3.7/site-packages/airflow/example_dags/example_params_trigger_ui.py
[2024-06-24T15:20:39.529+0000] {processor.py:809} INFO - DAG(s) dict_keys(['example_params_trigger_ui']) retrieved from /home/airflow/.local/lib/python3.7/site-packages/airflow/example_dags/example_params_trigger_ui.py
[2024-06-24T15:20:39.567+0000] {logging_mixin.py:149} INFO - [2024-06-24T15:20:39.567+0000] {dag.py:2726} INFO - Sync 1 DAGs
[2024-06-24T15:20:39.577+0000] {logging_mixin.py:149} INFO - [2024-06-24T15:20:39.577+0000] {dag.py:3490} INFO - Setting next_dagrun for example_params_trigger_ui to None, run_after=None
[2024-06-24T15:20:39.583+0000] {processor.py:178} INFO - Processing /home/airflow/.local/lib/python3.7/site-packages/airflow/example_dags/example_params_trigger_ui.py took 0.065 seconds
[2024-06-24T15:21:10.169+0000] {processor.py:156} INFO - Started process (PID=1875) to work on /home/airflow/.local/lib/python3.7/site-packages/airflow/example_dags/example_params_trigger_ui.py
[2024-06-24T15:21:10.170+0000] {processor.py:799} INFO - Processing file /home/airflow/.local/lib/python3.7/site-packages/airflow/example_dags/example_params_trigger_ui.py for tasks to queue
[2024-06-24T15:21:10.170+0000] {logging_mixin.py:149} INFO - [2024-06-24T15:21:10.170+0000] {dagbag.py:541} INFO - Filling up the DagBag from /home/airflow/.local/lib/python3.7/site-packages/airflow/example_dags/example_params_trigger_ui.py
[2024-06-24T15:21:10.180+0000] {processor.py:809} INFO - DAG(s) dict_keys(['example_params_trigger_ui']) retrieved from /home/airflow/.local/lib/python3.7/site-packages/airflow/example_dags/example_params_trigger_ui.py
[2024-06-24T15:21:10.212+0000] {logging_mixin.py:149} INFO - [2024-06-24T15:21:10.212+0000] {dag.py:2726} INFO - Sync 1 DAGs
[2024-06-24T15:21:10.224+0000] {logging_mixin.py:149} INFO - [2024-06-24T15:21:10.224+0000] {dag.py:3490} INFO - Setting next_dagrun for example_params_trigger_ui to None, run_after=None
[2024-06-24T15:21:10.232+0000] {processor.py:178} INFO - Processing /home/airflow/.local/lib/python3.7/site-packages/airflow/example_dags/example_params_trigger_ui.py took 0.064 seconds
[2024-06-24T15:21:41.070+0000] {processor.py:156} INFO - Started process (PID=1943) to work on /home/airflow/.local/lib/python3.7/site-packages/airflow/example_dags/example_params_trigger_ui.py
[2024-06-24T15:21:41.070+0000] {processor.py:799} INFO - Processing file /home/airflow/.local/lib/python3.7/site-packages/airflow/example_dags/example_params_trigger_ui.py for tasks to queue
[2024-06-24T15:21:41.070+0000] {logging_mixin.py:149} INFO - [2024-06-24T15:21:41.070+0000] {dagbag.py:541} INFO - Filling up the DagBag from /home/airflow/.local/lib/python3.7/site-packages/airflow/example_dags/example_params_trigger_ui.py
[2024-06-24T15:21:41.080+0000] {processor.py:809} INFO - DAG(s) dict_keys(['example_params_trigger_ui']) retrieved from /home/airflow/.local/lib/python3.7/site-packages/airflow/example_dags/example_params_trigger_ui.py
[2024-06-24T15:21:41.112+0000] {logging_mixin.py:149} INFO - [2024-06-24T15:21:41.112+0000] {dag.py:2726} INFO - Sync 1 DAGs
[2024-06-24T15:21:41.122+0000] {logging_mixin.py:149} INFO - [2024-06-24T15:21:41.122+0000] {dag.py:3490} INFO - Setting next_dagrun for example_params_trigger_ui to None, run_after=None
[2024-06-24T15:21:41.129+0000] {processor.py:178} INFO - Processing /home/airflow/.local/lib/python3.7/site-packages/airflow/example_dags/example_params_trigger_ui.py took 0.060 seconds
[2024-06-24T15:22:11.851+0000] {processor.py:156} INFO - Started process (PID=2012) to work on /home/airflow/.local/lib/python3.7/site-packages/airflow/example_dags/example_params_trigger_ui.py
[2024-06-24T15:22:11.851+0000] {processor.py:799} INFO - Processing file /home/airflow/.local/lib/python3.7/site-packages/airflow/example_dags/example_params_trigger_ui.py for tasks to queue
[2024-06-24T15:22:11.852+0000] {logging_mixin.py:149} INFO - [2024-06-24T15:22:11.852+0000] {dagbag.py:541} INFO - Filling up the DagBag from /home/airflow/.local/lib/python3.7/site-packages/airflow/example_dags/example_params_trigger_ui.py
[2024-06-24T15:22:11.861+0000] {processor.py:809} INFO - DAG(s) dict_keys(['example_params_trigger_ui']) retrieved from /home/airflow/.local/lib/python3.7/site-packages/airflow/example_dags/example_params_trigger_ui.py
[2024-06-24T15:22:11.893+0000] {logging_mixin.py:149} INFO - [2024-06-24T15:22:11.893+0000] {dag.py:2726} INFO - Sync 1 DAGs
[2024-06-24T15:22:11.904+0000] {logging_mixin.py:149} INFO - [2024-06-24T15:22:11.904+0000] {dag.py:3490} INFO - Setting next_dagrun for example_params_trigger_ui to None, run_after=None
[2024-06-24T15:22:11.911+0000] {processor.py:178} INFO - Processing /home/airflow/.local/lib/python3.7/site-packages/airflow/example_dags/example_params_trigger_ui.py took 0.061 seconds
[2024-06-24T15:22:42.473+0000] {processor.py:156} INFO - Started process (PID=2080) to work on /home/airflow/.local/lib/python3.7/site-packages/airflow/example_dags/example_params_trigger_ui.py
[2024-06-24T15:22:42.473+0000] {processor.py:799} INFO - Processing file /home/airflow/.local/lib/python3.7/site-packages/airflow/example_dags/example_params_trigger_ui.py for tasks to queue
[2024-06-24T15:22:42.473+0000] {logging_mixin.py:149} INFO - [2024-06-24T15:22:42.473+0000] {dagbag.py:541} INFO - Filling up the DagBag from /home/airflow/.local/lib/python3.7/site-packages/airflow/example_dags/example_params_trigger_ui.py
[2024-06-24T15:22:42.483+0000] {processor.py:809} INFO - DAG(s) dict_keys(['example_params_trigger_ui']) retrieved from /home/airflow/.local/lib/python3.7/site-packages/airflow/example_dags/example_params_trigger_ui.py
[2024-06-24T15:22:42.514+0000] {logging_mixin.py:149} INFO - [2024-06-24T15:22:42.514+0000] {dag.py:2726} INFO - Sync 1 DAGs
[2024-06-24T15:22:42.525+0000] {logging_mixin.py:149} INFO - [2024-06-24T15:22:42.525+0000] {dag.py:3490} INFO - Setting next_dagrun for example_params_trigger_ui to None, run_after=None
[2024-06-24T15:22:42.532+0000] {processor.py:178} INFO - Processing /home/airflow/.local/lib/python3.7/site-packages/airflow/example_dags/example_params_trigger_ui.py took 0.060 seconds
[2024-06-24T15:23:13.128+0000] {processor.py:156} INFO - Started process (PID=2149) to work on /home/airflow/.local/lib/python3.7/site-packages/airflow/example_dags/example_params_trigger_ui.py
[2024-06-24T15:23:13.129+0000] {processor.py:799} INFO - Processing file /home/airflow/.local/lib/python3.7/site-packages/airflow/example_dags/example_params_trigger_ui.py for tasks to queue
[2024-06-24T15:23:13.129+0000] {logging_mixin.py:149} INFO - [2024-06-24T15:23:13.129+0000] {dagbag.py:541} INFO - Filling up the DagBag from /home/airflow/.local/lib/python3.7/site-packages/airflow/example_dags/example_params_trigger_ui.py
[2024-06-24T15:23:13.138+0000] {processor.py:809} INFO - DAG(s) dict_keys(['example_params_trigger_ui']) retrieved from /home/airflow/.local/lib/python3.7/site-packages/airflow/example_dags/example_params_trigger_ui.py
[2024-06-24T15:23:13.170+0000] {logging_mixin.py:149} INFO - [2024-06-24T15:23:13.170+0000] {dag.py:2726} INFO - Sync 1 DAGs
[2024-06-24T15:23:13.181+0000] {logging_mixin.py:149} INFO - [2024-06-24T15:23:13.181+0000] {dag.py:3490} INFO - Setting next_dagrun for example_params_trigger_ui to None, run_after=None
[2024-06-24T15:23:13.188+0000] {processor.py:178} INFO - Processing /home/airflow/.local/lib/python3.7/site-packages/airflow/example_dags/example_params_trigger_ui.py took 0.061 seconds
[2024-06-24T15:23:43.827+0000] {processor.py:156} INFO - Started process (PID=2218) to work on /home/airflow/.local/lib/python3.7/site-packages/airflow/example_dags/example_params_trigger_ui.py
[2024-06-24T15:23:43.828+0000] {processor.py:799} INFO - Processing file /home/airflow/.local/lib/python3.7/site-packages/airflow/example_dags/example_params_trigger_ui.py for tasks to queue
[2024-06-24T15:23:43.828+0000] {logging_mixin.py:149} INFO - [2024-06-24T15:23:43.828+0000] {dagbag.py:541} INFO - Filling up the DagBag from /home/airflow/.local/lib/python3.7/site-packages/airflow/example_dags/example_params_trigger_ui.py
[2024-06-24T15:23:43.837+0000] {processor.py:809} INFO - DAG(s) dict_keys(['example_params_trigger_ui']) retrieved from /home/airflow/.local/lib/python3.7/site-packages/airflow/example_dags/example_params_trigger_ui.py
[2024-06-24T15:23:43.870+0000] {logging_mixin.py:149} INFO - [2024-06-24T15:23:43.870+0000] {dag.py:2726} INFO - Sync 1 DAGs
[2024-06-24T15:23:43.881+0000] {logging_mixin.py:149} INFO - [2024-06-24T15:23:43.881+0000] {dag.py:3490} INFO - Setting next_dagrun for example_params_trigger_ui to None, run_after=None
[2024-06-24T15:23:43.888+0000] {processor.py:178} INFO - Processing /home/airflow/.local/lib/python3.7/site-packages/airflow/example_dags/example_params_trigger_ui.py took 0.061 seconds
[2024-06-24T15:24:14.572+0000] {processor.py:156} INFO - Started process (PID=2287) to work on /home/airflow/.local/lib/python3.7/site-packages/airflow/example_dags/example_params_trigger_ui.py
[2024-06-24T15:24:14.573+0000] {processor.py:799} INFO - Processing file /home/airflow/.local/lib/python3.7/site-packages/airflow/example_dags/example_params_trigger_ui.py for tasks to queue
[2024-06-24T15:24:14.573+0000] {logging_mixin.py:149} INFO - [2024-06-24T15:24:14.573+0000] {dagbag.py:541} INFO - Filling up the DagBag from /home/airflow/.local/lib/python3.7/site-packages/airflow/example_dags/example_params_trigger_ui.py
[2024-06-24T15:24:14.584+0000] {processor.py:809} INFO - DAG(s) dict_keys(['example_params_trigger_ui']) retrieved from /home/airflow/.local/lib/python3.7/site-packages/airflow/example_dags/example_params_trigger_ui.py
[2024-06-24T15:24:14.618+0000] {logging_mixin.py:149} INFO - [2024-06-24T15:24:14.618+0000] {dag.py:2726} INFO - Sync 1 DAGs
[2024-06-24T15:24:14.631+0000] {logging_mixin.py:149} INFO - [2024-06-24T15:24:14.631+0000] {dag.py:3490} INFO - Setting next_dagrun for example_params_trigger_ui to None, run_after=None
[2024-06-24T15:24:14.640+0000] {processor.py:178} INFO - Processing /home/airflow/.local/lib/python3.7/site-packages/airflow/example_dags/example_params_trigger_ui.py took 0.069 seconds
[2024-06-24T15:24:45.127+0000] {processor.py:156} INFO - Started process (PID=2356) to work on /home/airflow/.local/lib/python3.7/site-packages/airflow/example_dags/example_params_trigger_ui.py
[2024-06-24T15:24:45.127+0000] {processor.py:799} INFO - Processing file /home/airflow/.local/lib/python3.7/site-packages/airflow/example_dags/example_params_trigger_ui.py for tasks to queue
[2024-06-24T15:24:45.128+0000] {logging_mixin.py:149} INFO - [2024-06-24T15:24:45.127+0000] {dagbag.py:541} INFO - Filling up the DagBag from /home/airflow/.local/lib/python3.7/site-packages/airflow/example_dags/example_params_trigger_ui.py
[2024-06-24T15:24:45.137+0000] {processor.py:809} INFO - DAG(s) dict_keys(['example_params_trigger_ui']) retrieved from /home/airflow/.local/lib/python3.7/site-packages/airflow/example_dags/example_params_trigger_ui.py
[2024-06-24T15:24:45.171+0000] {logging_mixin.py:149} INFO - [2024-06-24T15:24:45.171+0000] {dag.py:2726} INFO - Sync 1 DAGs
[2024-06-24T15:24:45.182+0000] {logging_mixin.py:149} INFO - [2024-06-24T15:24:45.181+0000] {dag.py:3490} INFO - Setting next_dagrun for example_params_trigger_ui to None, run_after=None
[2024-06-24T15:24:45.190+0000] {processor.py:178} INFO - Processing /home/airflow/.local/lib/python3.7/site-packages/airflow/example_dags/example_params_trigger_ui.py took 0.064 seconds
[2024-06-24T15:25:15.691+0000] {processor.py:156} INFO - Started process (PID=2424) to work on /home/airflow/.local/lib/python3.7/site-packages/airflow/example_dags/example_params_trigger_ui.py
[2024-06-24T15:25:15.691+0000] {processor.py:799} INFO - Processing file /home/airflow/.local/lib/python3.7/site-packages/airflow/example_dags/example_params_trigger_ui.py for tasks to queue
[2024-06-24T15:25:15.692+0000] {logging_mixin.py:149} INFO - [2024-06-24T15:25:15.692+0000] {dagbag.py:541} INFO - Filling up the DagBag from /home/airflow/.local/lib/python3.7/site-packages/airflow/example_dags/example_params_trigger_ui.py
[2024-06-24T15:25:15.701+0000] {processor.py:809} INFO - DAG(s) dict_keys(['example_params_trigger_ui']) retrieved from /home/airflow/.local/lib/python3.7/site-packages/airflow/example_dags/example_params_trigger_ui.py
[2024-06-24T15:25:15.734+0000] {logging_mixin.py:149} INFO - [2024-06-24T15:25:15.734+0000] {dag.py:2726} INFO - Sync 1 DAGs
[2024-06-24T15:25:15.746+0000] {logging_mixin.py:149} INFO - [2024-06-24T15:25:15.746+0000] {dag.py:3490} INFO - Setting next_dagrun for example_params_trigger_ui to None, run_after=None
[2024-06-24T15:25:15.754+0000] {processor.py:178} INFO - Processing /home/airflow/.local/lib/python3.7/site-packages/airflow/example_dags/example_params_trigger_ui.py took 0.064 seconds
[2024-06-24T15:25:46.318+0000] {processor.py:156} INFO - Started process (PID=2499) to work on /home/airflow/.local/lib/python3.7/site-packages/airflow/example_dags/example_params_trigger_ui.py
[2024-06-24T15:25:46.318+0000] {processor.py:799} INFO - Processing file /home/airflow/.local/lib/python3.7/site-packages/airflow/example_dags/example_params_trigger_ui.py for tasks to queue
[2024-06-24T15:25:46.319+0000] {logging_mixin.py:149} INFO - [2024-06-24T15:25:46.319+0000] {dagbag.py:541} INFO - Filling up the DagBag from /home/airflow/.local/lib/python3.7/site-packages/airflow/example_dags/example_params_trigger_ui.py
[2024-06-24T15:25:46.327+0000] {processor.py:809} INFO - DAG(s) dict_keys(['example_params_trigger_ui']) retrieved from /home/airflow/.local/lib/python3.7/site-packages/airflow/example_dags/example_params_trigger_ui.py
[2024-06-24T15:25:46.360+0000] {logging_mixin.py:149} INFO - [2024-06-24T15:25:46.360+0000] {dag.py:2726} INFO - Sync 1 DAGs
[2024-06-24T15:25:46.371+0000] {logging_mixin.py:149} INFO - [2024-06-24T15:25:46.371+0000] {dag.py:3490} INFO - Setting next_dagrun for example_params_trigger_ui to None, run_after=None
[2024-06-24T15:25:46.378+0000] {processor.py:178} INFO - Processing /home/airflow/.local/lib/python3.7/site-packages/airflow/example_dags/example_params_trigger_ui.py took 0.061 seconds
[2024-06-24T15:26:16.872+0000] {processor.py:156} INFO - Started process (PID=2568) to work on /home/airflow/.local/lib/python3.7/site-packages/airflow/example_dags/example_params_trigger_ui.py
[2024-06-24T15:26:16.872+0000] {processor.py:799} INFO - Processing file /home/airflow/.local/lib/python3.7/site-packages/airflow/example_dags/example_params_trigger_ui.py for tasks to queue
[2024-06-24T15:26:16.873+0000] {logging_mixin.py:149} INFO - [2024-06-24T15:26:16.873+0000] {dagbag.py:541} INFO - Filling up the DagBag from /home/airflow/.local/lib/python3.7/site-packages/airflow/example_dags/example_params_trigger_ui.py
[2024-06-24T15:26:16.882+0000] {processor.py:809} INFO - DAG(s) dict_keys(['example_params_trigger_ui']) retrieved from /home/airflow/.local/lib/python3.7/site-packages/airflow/example_dags/example_params_trigger_ui.py
[2024-06-24T15:26:16.915+0000] {logging_mixin.py:149} INFO - [2024-06-24T15:26:16.915+0000] {dag.py:2726} INFO - Sync 1 DAGs
[2024-06-24T15:26:16.926+0000] {logging_mixin.py:149} INFO - [2024-06-24T15:26:16.926+0000] {dag.py:3490} INFO - Setting next_dagrun for example_params_trigger_ui to None, run_after=None
[2024-06-24T15:26:16.932+0000] {processor.py:178} INFO - Processing /home/airflow/.local/lib/python3.7/site-packages/airflow/example_dags/example_params_trigger_ui.py took 0.062 seconds
[2024-06-24T15:26:47.605+0000] {processor.py:156} INFO - Started process (PID=2637) to work on /home/airflow/.local/lib/python3.7/site-packages/airflow/example_dags/example_params_trigger_ui.py
[2024-06-24T15:26:47.605+0000] {processor.py:799} INFO - Processing file /home/airflow/.local/lib/python3.7/site-packages/airflow/example_dags/example_params_trigger_ui.py for tasks to queue
[2024-06-24T15:26:47.606+0000] {logging_mixin.py:149} INFO - [2024-06-24T15:26:47.606+0000] {dagbag.py:541} INFO - Filling up the DagBag from /home/airflow/.local/lib/python3.7/site-packages/airflow/example_dags/example_params_trigger_ui.py
[2024-06-24T15:26:47.618+0000] {processor.py:809} INFO - DAG(s) dict_keys(['example_params_trigger_ui']) retrieved from /home/airflow/.local/lib/python3.7/site-packages/airflow/example_dags/example_params_trigger_ui.py
[2024-06-24T15:26:47.655+0000] {logging_mixin.py:149} INFO - [2024-06-24T15:26:47.655+0000] {dag.py:2726} INFO - Sync 1 DAGs
[2024-06-24T15:26:47.667+0000] {logging_mixin.py:149} INFO - [2024-06-24T15:26:47.667+0000] {dag.py:3490} INFO - Setting next_dagrun for example_params_trigger_ui to None, run_after=None
[2024-06-24T15:26:47.676+0000] {processor.py:178} INFO - Processing /home/airflow/.local/lib/python3.7/site-packages/airflow/example_dags/example_params_trigger_ui.py took 0.072 seconds
[2024-06-24T15:27:18.493+0000] {processor.py:156} INFO - Started process (PID=2706) to work on /home/airflow/.local/lib/python3.7/site-packages/airflow/example_dags/example_params_trigger_ui.py
[2024-06-24T15:27:18.494+0000] {processor.py:799} INFO - Processing file /home/airflow/.local/lib/python3.7/site-packages/airflow/example_dags/example_params_trigger_ui.py for tasks to queue
[2024-06-24T15:27:18.494+0000] {logging_mixin.py:149} INFO - [2024-06-24T15:27:18.494+0000] {dagbag.py:541} INFO - Filling up the DagBag from /home/airflow/.local/lib/python3.7/site-packages/airflow/example_dags/example_params_trigger_ui.py
[2024-06-24T15:27:18.504+0000] {processor.py:809} INFO - DAG(s) dict_keys(['example_params_trigger_ui']) retrieved from /home/airflow/.local/lib/python3.7/site-packages/airflow/example_dags/example_params_trigger_ui.py
[2024-06-24T15:27:18.543+0000] {logging_mixin.py:149} INFO - [2024-06-24T15:27:18.543+0000] {dag.py:2726} INFO - Sync 1 DAGs
[2024-06-24T15:27:18.556+0000] {logging_mixin.py:149} INFO - [2024-06-24T15:27:18.556+0000] {dag.py:3490} INFO - Setting next_dagrun for example_params_trigger_ui to None, run_after=None
[2024-06-24T15:27:18.564+0000] {processor.py:178} INFO - Processing /home/airflow/.local/lib/python3.7/site-packages/airflow/example_dags/example_params_trigger_ui.py took 0.072 seconds
[2024-06-24T15:27:49.296+0000] {processor.py:156} INFO - Started process (PID=2775) to work on /home/airflow/.local/lib/python3.7/site-packages/airflow/example_dags/example_params_trigger_ui.py
[2024-06-24T15:27:49.297+0000] {processor.py:799} INFO - Processing file /home/airflow/.local/lib/python3.7/site-packages/airflow/example_dags/example_params_trigger_ui.py for tasks to queue
[2024-06-24T15:27:49.297+0000] {logging_mixin.py:149} INFO - [2024-06-24T15:27:49.297+0000] {dagbag.py:541} INFO - Filling up the DagBag from /home/airflow/.local/lib/python3.7/site-packages/airflow/example_dags/example_params_trigger_ui.py
[2024-06-24T15:27:49.306+0000] {processor.py:809} INFO - DAG(s) dict_keys(['example_params_trigger_ui']) retrieved from /home/airflow/.local/lib/python3.7/site-packages/airflow/example_dags/example_params_trigger_ui.py
[2024-06-24T15:27:49.345+0000] {logging_mixin.py:149} INFO - [2024-06-24T15:27:49.345+0000] {dag.py:2726} INFO - Sync 1 DAGs
[2024-06-24T15:27:49.358+0000] {logging_mixin.py:149} INFO - [2024-06-24T15:27:49.358+0000] {dag.py:3490} INFO - Setting next_dagrun for example_params_trigger_ui to None, run_after=None
[2024-06-24T15:27:49.368+0000] {processor.py:178} INFO - Processing /home/airflow/.local/lib/python3.7/site-packages/airflow/example_dags/example_params_trigger_ui.py took 0.073 seconds
[2024-06-24T15:28:20.195+0000] {processor.py:156} INFO - Started process (PID=2844) to work on /home/airflow/.local/lib/python3.7/site-packages/airflow/example_dags/example_params_trigger_ui.py
[2024-06-24T15:28:20.195+0000] {processor.py:799} INFO - Processing file /home/airflow/.local/lib/python3.7/site-packages/airflow/example_dags/example_params_trigger_ui.py for tasks to queue
[2024-06-24T15:28:20.196+0000] {logging_mixin.py:149} INFO - [2024-06-24T15:28:20.195+0000] {dagbag.py:541} INFO - Filling up the DagBag from /home/airflow/.local/lib/python3.7/site-packages/airflow/example_dags/example_params_trigger_ui.py
[2024-06-24T15:28:20.204+0000] {processor.py:809} INFO - DAG(s) dict_keys(['example_params_trigger_ui']) retrieved from /home/airflow/.local/lib/python3.7/site-packages/airflow/example_dags/example_params_trigger_ui.py
[2024-06-24T15:28:20.238+0000] {logging_mixin.py:149} INFO - [2024-06-24T15:28:20.238+0000] {dag.py:2726} INFO - Sync 1 DAGs
[2024-06-24T15:28:20.248+0000] {logging_mixin.py:149} INFO - [2024-06-24T15:28:20.248+0000] {dag.py:3490} INFO - Setting next_dagrun for example_params_trigger_ui to None, run_after=None
[2024-06-24T15:28:20.256+0000] {processor.py:178} INFO - Processing /home/airflow/.local/lib/python3.7/site-packages/airflow/example_dags/example_params_trigger_ui.py took 0.062 seconds
[2024-06-24T15:28:51.101+0000] {processor.py:156} INFO - Started process (PID=2913) to work on /home/airflow/.local/lib/python3.7/site-packages/airflow/example_dags/example_params_trigger_ui.py
[2024-06-24T15:28:51.102+0000] {processor.py:799} INFO - Processing file /home/airflow/.local/lib/python3.7/site-packages/airflow/example_dags/example_params_trigger_ui.py for tasks to queue
[2024-06-24T15:28:51.102+0000] {logging_mixin.py:149} INFO - [2024-06-24T15:28:51.102+0000] {dagbag.py:541} INFO - Filling up the DagBag from /home/airflow/.local/lib/python3.7/site-packages/airflow/example_dags/example_params_trigger_ui.py
[2024-06-24T15:28:51.111+0000] {processor.py:809} INFO - DAG(s) dict_keys(['example_params_trigger_ui']) retrieved from /home/airflow/.local/lib/python3.7/site-packages/airflow/example_dags/example_params_trigger_ui.py
[2024-06-24T15:28:51.144+0000] {logging_mixin.py:149} INFO - [2024-06-24T15:28:51.144+0000] {dag.py:2726} INFO - Sync 1 DAGs
[2024-06-24T15:28:51.154+0000] {logging_mixin.py:149} INFO - [2024-06-24T15:28:51.154+0000] {dag.py:3490} INFO - Setting next_dagrun for example_params_trigger_ui to None, run_after=None
[2024-06-24T15:28:51.162+0000] {processor.py:178} INFO - Processing /home/airflow/.local/lib/python3.7/site-packages/airflow/example_dags/example_params_trigger_ui.py took 0.062 seconds
[2024-06-24T15:29:21.729+0000] {processor.py:156} INFO - Started process (PID=2981) to work on /home/airflow/.local/lib/python3.7/site-packages/airflow/example_dags/example_params_trigger_ui.py
[2024-06-24T15:29:21.730+0000] {processor.py:799} INFO - Processing file /home/airflow/.local/lib/python3.7/site-packages/airflow/example_dags/example_params_trigger_ui.py for tasks to queue
[2024-06-24T15:29:21.730+0000] {logging_mixin.py:149} INFO - [2024-06-24T15:29:21.730+0000] {dagbag.py:541} INFO - Filling up the DagBag from /home/airflow/.local/lib/python3.7/site-packages/airflow/example_dags/example_params_trigger_ui.py
[2024-06-24T15:29:21.738+0000] {processor.py:809} INFO - DAG(s) dict_keys(['example_params_trigger_ui']) retrieved from /home/airflow/.local/lib/python3.7/site-packages/airflow/example_dags/example_params_trigger_ui.py
[2024-06-24T15:29:21.773+0000] {logging_mixin.py:149} INFO - [2024-06-24T15:29:21.773+0000] {dag.py:2726} INFO - Sync 1 DAGs
[2024-06-24T15:29:21.784+0000] {logging_mixin.py:149} INFO - [2024-06-24T15:29:21.784+0000] {dag.py:3490} INFO - Setting next_dagrun for example_params_trigger_ui to None, run_after=None
[2024-06-24T15:29:21.791+0000] {processor.py:178} INFO - Processing /home/airflow/.local/lib/python3.7/site-packages/airflow/example_dags/example_params_trigger_ui.py took 0.063 seconds
[2024-06-24T15:29:52.435+0000] {processor.py:156} INFO - Started process (PID=3050) to work on /home/airflow/.local/lib/python3.7/site-packages/airflow/example_dags/example_params_trigger_ui.py
[2024-06-24T15:29:52.435+0000] {processor.py:799} INFO - Processing file /home/airflow/.local/lib/python3.7/site-packages/airflow/example_dags/example_params_trigger_ui.py for tasks to queue
[2024-06-24T15:29:52.436+0000] {logging_mixin.py:149} INFO - [2024-06-24T15:29:52.436+0000] {dagbag.py:541} INFO - Filling up the DagBag from /home/airflow/.local/lib/python3.7/site-packages/airflow/example_dags/example_params_trigger_ui.py
[2024-06-24T15:29:52.444+0000] {processor.py:809} INFO - DAG(s) dict_keys(['example_params_trigger_ui']) retrieved from /home/airflow/.local/lib/python3.7/site-packages/airflow/example_dags/example_params_trigger_ui.py
[2024-06-24T15:29:52.477+0000] {logging_mixin.py:149} INFO - [2024-06-24T15:29:52.477+0000] {dag.py:2726} INFO - Sync 1 DAGs
[2024-06-24T15:29:52.487+0000] {logging_mixin.py:149} INFO - [2024-06-24T15:29:52.487+0000] {dag.py:3490} INFO - Setting next_dagrun for example_params_trigger_ui to None, run_after=None
[2024-06-24T15:29:52.495+0000] {processor.py:178} INFO - Processing /home/airflow/.local/lib/python3.7/site-packages/airflow/example_dags/example_params_trigger_ui.py took 0.062 seconds
[2024-06-24T15:30:23.081+0000] {processor.py:156} INFO - Started process (PID=3118) to work on /home/airflow/.local/lib/python3.7/site-packages/airflow/example_dags/example_params_trigger_ui.py
[2024-06-24T15:30:23.082+0000] {processor.py:799} INFO - Processing file /home/airflow/.local/lib/python3.7/site-packages/airflow/example_dags/example_params_trigger_ui.py for tasks to queue
[2024-06-24T15:30:23.082+0000] {logging_mixin.py:149} INFO - [2024-06-24T15:30:23.082+0000] {dagbag.py:541} INFO - Filling up the DagBag from /home/airflow/.local/lib/python3.7/site-packages/airflow/example_dags/example_params_trigger_ui.py
[2024-06-24T15:30:23.092+0000] {processor.py:809} INFO - DAG(s) dict_keys(['example_params_trigger_ui']) retrieved from /home/airflow/.local/lib/python3.7/site-packages/airflow/example_dags/example_params_trigger_ui.py
[2024-06-24T15:30:23.125+0000] {logging_mixin.py:149} INFO - [2024-06-24T15:30:23.125+0000] {dag.py:2726} INFO - Sync 1 DAGs
[2024-06-24T15:30:23.136+0000] {logging_mixin.py:149} INFO - [2024-06-24T15:30:23.136+0000] {dag.py:3490} INFO - Setting next_dagrun for example_params_trigger_ui to None, run_after=None
[2024-06-24T15:30:23.143+0000] {processor.py:178} INFO - Processing /home/airflow/.local/lib/python3.7/site-packages/airflow/example_dags/example_params_trigger_ui.py took 0.063 seconds
