[2024-06-24T15:03:51.304+0000] {processor.py:156} INFO - Started process (PID=81) to work on /home/airflow/.local/lib/python3.7/site-packages/airflow/example_dags/example_kubernetes_executor.py
[2024-06-24T15:03:51.305+0000] {processor.py:799} INFO - Processing file /home/airflow/.local/lib/python3.7/site-packages/airflow/example_dags/example_kubernetes_executor.py for tasks to queue
[2024-06-24T15:03:51.305+0000] {logging_mixin.py:149} INFO - [2024-06-24T15:03:51.305+0000] {dagbag.py:541} INFO - Filling up the DagBag from /home/airflow/.local/lib/python3.7/site-packages/airflow/example_dags/example_kubernetes_executor.py
[2024-06-24T15:03:51.764+0000] {processor.py:809} INFO - DAG(s) dict_keys(['example_kubernetes_executor']) retrieved from /home/airflow/.local/lib/python3.7/site-packages/airflow/example_dags/example_kubernetes_executor.py
[2024-06-24T15:03:51.822+0000] {logging_mixin.py:149} INFO - [2024-06-24T15:03:51.822+0000] {manager.py:504} INFO - Created Permission View: can delete on DAG:example_kubernetes_executor
[2024-06-24T15:03:51.827+0000] {logging_mixin.py:149} INFO - [2024-06-24T15:03:51.826+0000] {manager.py:504} INFO - Created Permission View: can edit on DAG:example_kubernetes_executor
[2024-06-24T15:03:51.830+0000] {logging_mixin.py:149} INFO - [2024-06-24T15:03:51.830+0000] {manager.py:504} INFO - Created Permission View: can read on DAG:example_kubernetes_executor
[2024-06-24T15:03:51.830+0000] {logging_mixin.py:149} INFO - [2024-06-24T15:03:51.830+0000] {dag.py:2726} INFO - Sync 1 DAGs
[2024-06-24T15:03:51.837+0000] {logging_mixin.py:149} INFO - [2024-06-24T15:03:51.837+0000] {dag.py:2747} INFO - Creating ORM DAG for example_kubernetes_executor
[2024-06-24T15:03:51.842+0000] {logging_mixin.py:149} INFO - [2024-06-24T15:03:51.842+0000] {dag.py:3490} INFO - Setting next_dagrun for example_kubernetes_executor to None, run_after=None
[2024-06-24T15:03:51.850+0000] {processor.py:178} INFO - Processing /home/airflow/.local/lib/python3.7/site-packages/airflow/example_dags/example_kubernetes_executor.py took 0.547 seconds
[2024-06-24T15:04:22.556+0000] {processor.py:156} INFO - Started process (PID=152) to work on /home/airflow/.local/lib/python3.7/site-packages/airflow/example_dags/example_kubernetes_executor.py
[2024-06-24T15:04:22.561+0000] {processor.py:799} INFO - Processing file /home/airflow/.local/lib/python3.7/site-packages/airflow/example_dags/example_kubernetes_executor.py for tasks to queue
[2024-06-24T15:04:22.562+0000] {logging_mixin.py:149} INFO - [2024-06-24T15:04:22.562+0000] {dagbag.py:541} INFO - Filling up the DagBag from /home/airflow/.local/lib/python3.7/site-packages/airflow/example_dags/example_kubernetes_executor.py
[2024-06-24T15:04:22.694+0000] {processor.py:809} INFO - DAG(s) dict_keys(['example_kubernetes_executor']) retrieved from /home/airflow/.local/lib/python3.7/site-packages/airflow/example_dags/example_kubernetes_executor.py
[2024-06-24T15:04:22.713+0000] {logging_mixin.py:149} INFO - [2024-06-24T15:04:22.713+0000] {dag.py:2726} INFO - Sync 1 DAGs
[2024-06-24T15:04:22.728+0000] {logging_mixin.py:149} INFO - [2024-06-24T15:04:22.727+0000] {dag.py:3490} INFO - Setting next_dagrun for example_kubernetes_executor to None, run_after=None
[2024-06-24T15:04:22.737+0000] {processor.py:178} INFO - Processing /home/airflow/.local/lib/python3.7/site-packages/airflow/example_dags/example_kubernetes_executor.py took 0.185 seconds
[2024-06-24T15:04:53.139+0000] {processor.py:156} INFO - Started process (PID=220) to work on /home/airflow/.local/lib/python3.7/site-packages/airflow/example_dags/example_kubernetes_executor.py
[2024-06-24T15:04:53.140+0000] {processor.py:799} INFO - Processing file /home/airflow/.local/lib/python3.7/site-packages/airflow/example_dags/example_kubernetes_executor.py for tasks to queue
[2024-06-24T15:04:53.141+0000] {logging_mixin.py:149} INFO - [2024-06-24T15:04:53.141+0000] {dagbag.py:541} INFO - Filling up the DagBag from /home/airflow/.local/lib/python3.7/site-packages/airflow/example_dags/example_kubernetes_executor.py
[2024-06-24T15:04:53.234+0000] {processor.py:809} INFO - DAG(s) dict_keys(['example_kubernetes_executor']) retrieved from /home/airflow/.local/lib/python3.7/site-packages/airflow/example_dags/example_kubernetes_executor.py
[2024-06-24T15:04:53.248+0000] {logging_mixin.py:149} INFO - [2024-06-24T15:04:53.248+0000] {dag.py:2726} INFO - Sync 1 DAGs
[2024-06-24T15:04:53.257+0000] {logging_mixin.py:149} INFO - [2024-06-24T15:04:53.257+0000] {dag.py:3490} INFO - Setting next_dagrun for example_kubernetes_executor to None, run_after=None
[2024-06-24T15:04:53.263+0000] {processor.py:178} INFO - Processing /home/airflow/.local/lib/python3.7/site-packages/airflow/example_dags/example_kubernetes_executor.py took 0.129 seconds
[2024-06-24T15:05:23.744+0000] {processor.py:156} INFO - Started process (PID=289) to work on /home/airflow/.local/lib/python3.7/site-packages/airflow/example_dags/example_kubernetes_executor.py
[2024-06-24T15:05:23.745+0000] {processor.py:799} INFO - Processing file /home/airflow/.local/lib/python3.7/site-packages/airflow/example_dags/example_kubernetes_executor.py for tasks to queue
[2024-06-24T15:05:23.746+0000] {logging_mixin.py:149} INFO - [2024-06-24T15:05:23.746+0000] {dagbag.py:541} INFO - Filling up the DagBag from /home/airflow/.local/lib/python3.7/site-packages/airflow/example_dags/example_kubernetes_executor.py
[2024-06-24T15:05:23.845+0000] {processor.py:809} INFO - DAG(s) dict_keys(['example_kubernetes_executor']) retrieved from /home/airflow/.local/lib/python3.7/site-packages/airflow/example_dags/example_kubernetes_executor.py
[2024-06-24T15:05:23.860+0000] {logging_mixin.py:149} INFO - [2024-06-24T15:05:23.860+0000] {dag.py:2726} INFO - Sync 1 DAGs
[2024-06-24T15:05:23.869+0000] {logging_mixin.py:149} INFO - [2024-06-24T15:05:23.869+0000] {dag.py:3490} INFO - Setting next_dagrun for example_kubernetes_executor to None, run_after=None
[2024-06-24T15:05:23.876+0000] {processor.py:178} INFO - Processing /home/airflow/.local/lib/python3.7/site-packages/airflow/example_dags/example_kubernetes_executor.py took 0.136 seconds
[2024-06-24T15:05:54.310+0000] {processor.py:156} INFO - Started process (PID=358) to work on /home/airflow/.local/lib/python3.7/site-packages/airflow/example_dags/example_kubernetes_executor.py
[2024-06-24T15:05:54.311+0000] {processor.py:799} INFO - Processing file /home/airflow/.local/lib/python3.7/site-packages/airflow/example_dags/example_kubernetes_executor.py for tasks to queue
[2024-06-24T15:05:54.313+0000] {logging_mixin.py:149} INFO - [2024-06-24T15:05:54.312+0000] {dagbag.py:541} INFO - Filling up the DagBag from /home/airflow/.local/lib/python3.7/site-packages/airflow/example_dags/example_kubernetes_executor.py
[2024-06-24T15:05:54.408+0000] {processor.py:809} INFO - DAG(s) dict_keys(['example_kubernetes_executor']) retrieved from /home/airflow/.local/lib/python3.7/site-packages/airflow/example_dags/example_kubernetes_executor.py
[2024-06-24T15:05:54.424+0000] {logging_mixin.py:149} INFO - [2024-06-24T15:05:54.424+0000] {dag.py:2726} INFO - Sync 1 DAGs
[2024-06-24T15:05:54.435+0000] {logging_mixin.py:149} INFO - [2024-06-24T15:05:54.435+0000] {dag.py:3490} INFO - Setting next_dagrun for example_kubernetes_executor to None, run_after=None
[2024-06-24T15:05:54.442+0000] {processor.py:178} INFO - Processing /home/airflow/.local/lib/python3.7/site-packages/airflow/example_dags/example_kubernetes_executor.py took 0.136 seconds
[2024-06-24T15:06:24.962+0000] {processor.py:156} INFO - Started process (PID=426) to work on /home/airflow/.local/lib/python3.7/site-packages/airflow/example_dags/example_kubernetes_executor.py
[2024-06-24T15:06:24.963+0000] {processor.py:799} INFO - Processing file /home/airflow/.local/lib/python3.7/site-packages/airflow/example_dags/example_kubernetes_executor.py for tasks to queue
[2024-06-24T15:06:24.964+0000] {logging_mixin.py:149} INFO - [2024-06-24T15:06:24.964+0000] {dagbag.py:541} INFO - Filling up the DagBag from /home/airflow/.local/lib/python3.7/site-packages/airflow/example_dags/example_kubernetes_executor.py
[2024-06-24T15:06:25.064+0000] {processor.py:809} INFO - DAG(s) dict_keys(['example_kubernetes_executor']) retrieved from /home/airflow/.local/lib/python3.7/site-packages/airflow/example_dags/example_kubernetes_executor.py
[2024-06-24T15:06:25.078+0000] {logging_mixin.py:149} INFO - [2024-06-24T15:06:25.078+0000] {dag.py:2726} INFO - Sync 1 DAGs
[2024-06-24T15:06:25.087+0000] {logging_mixin.py:149} INFO - [2024-06-24T15:06:25.087+0000] {dag.py:3490} INFO - Setting next_dagrun for example_kubernetes_executor to None, run_after=None
[2024-06-24T15:06:25.094+0000] {processor.py:178} INFO - Processing /home/airflow/.local/lib/python3.7/site-packages/airflow/example_dags/example_kubernetes_executor.py took 0.137 seconds
[2024-06-24T15:06:55.644+0000] {processor.py:156} INFO - Started process (PID=495) to work on /home/airflow/.local/lib/python3.7/site-packages/airflow/example_dags/example_kubernetes_executor.py
[2024-06-24T15:06:55.647+0000] {processor.py:799} INFO - Processing file /home/airflow/.local/lib/python3.7/site-packages/airflow/example_dags/example_kubernetes_executor.py for tasks to queue
[2024-06-24T15:06:55.648+0000] {logging_mixin.py:149} INFO - [2024-06-24T15:06:55.648+0000] {dagbag.py:541} INFO - Filling up the DagBag from /home/airflow/.local/lib/python3.7/site-packages/airflow/example_dags/example_kubernetes_executor.py
[2024-06-24T15:06:55.756+0000] {processor.py:809} INFO - DAG(s) dict_keys(['example_kubernetes_executor']) retrieved from /home/airflow/.local/lib/python3.7/site-packages/airflow/example_dags/example_kubernetes_executor.py
[2024-06-24T15:06:55.774+0000] {logging_mixin.py:149} INFO - [2024-06-24T15:06:55.773+0000] {dag.py:2726} INFO - Sync 1 DAGs
[2024-06-24T15:06:55.787+0000] {logging_mixin.py:149} INFO - [2024-06-24T15:06:55.787+0000] {dag.py:3490} INFO - Setting next_dagrun for example_kubernetes_executor to None, run_after=None
[2024-06-24T15:06:55.795+0000] {processor.py:178} INFO - Processing /home/airflow/.local/lib/python3.7/site-packages/airflow/example_dags/example_kubernetes_executor.py took 0.155 seconds
[2024-06-24T15:07:54.177+0000] {processor.py:156} INFO - Started process (PID=81) to work on /home/airflow/.local/lib/python3.7/site-packages/airflow/example_dags/example_kubernetes_executor.py
[2024-06-24T15:07:54.177+0000] {processor.py:799} INFO - Processing file /home/airflow/.local/lib/python3.7/site-packages/airflow/example_dags/example_kubernetes_executor.py for tasks to queue
[2024-06-24T15:07:54.178+0000] {logging_mixin.py:149} INFO - [2024-06-24T15:07:54.178+0000] {dagbag.py:541} INFO - Filling up the DagBag from /home/airflow/.local/lib/python3.7/site-packages/airflow/example_dags/example_kubernetes_executor.py
[2024-06-24T15:07:54.684+0000] {processor.py:809} INFO - DAG(s) dict_keys(['example_kubernetes_executor']) retrieved from /home/airflow/.local/lib/python3.7/site-packages/airflow/example_dags/example_kubernetes_executor.py
[2024-06-24T15:07:54.692+0000] {logging_mixin.py:149} INFO - [2024-06-24T15:07:54.692+0000] {dag.py:2726} INFO - Sync 1 DAGs
[2024-06-24T15:07:54.706+0000] {logging_mixin.py:149} INFO - [2024-06-24T15:07:54.705+0000] {dag.py:3490} INFO - Setting next_dagrun for example_kubernetes_executor to None, run_after=None
[2024-06-24T15:07:54.714+0000] {processor.py:178} INFO - Processing /home/airflow/.local/lib/python3.7/site-packages/airflow/example_dags/example_kubernetes_executor.py took 0.539 seconds
[2024-06-24T15:08:25.557+0000] {processor.py:156} INFO - Started process (PID=154) to work on /home/airflow/.local/lib/python3.7/site-packages/airflow/example_dags/example_kubernetes_executor.py
[2024-06-24T15:08:25.558+0000] {processor.py:799} INFO - Processing file /home/airflow/.local/lib/python3.7/site-packages/airflow/example_dags/example_kubernetes_executor.py for tasks to queue
[2024-06-24T15:08:25.559+0000] {logging_mixin.py:149} INFO - [2024-06-24T15:08:25.558+0000] {dagbag.py:541} INFO - Filling up the DagBag from /home/airflow/.local/lib/python3.7/site-packages/airflow/example_dags/example_kubernetes_executor.py
[2024-06-24T15:08:25.665+0000] {processor.py:809} INFO - DAG(s) dict_keys(['example_kubernetes_executor']) retrieved from /home/airflow/.local/lib/python3.7/site-packages/airflow/example_dags/example_kubernetes_executor.py
[2024-06-24T15:08:25.686+0000] {logging_mixin.py:149} INFO - [2024-06-24T15:08:25.686+0000] {dag.py:2726} INFO - Sync 1 DAGs
[2024-06-24T15:08:25.697+0000] {logging_mixin.py:149} INFO - [2024-06-24T15:08:25.697+0000] {dag.py:3490} INFO - Setting next_dagrun for example_kubernetes_executor to None, run_after=None
[2024-06-24T15:08:25.703+0000] {processor.py:178} INFO - Processing /home/airflow/.local/lib/python3.7/site-packages/airflow/example_dags/example_kubernetes_executor.py took 0.152 seconds
[2024-06-24T15:08:56.100+0000] {processor.py:156} INFO - Started process (PID=223) to work on /home/airflow/.local/lib/python3.7/site-packages/airflow/example_dags/example_kubernetes_executor.py
[2024-06-24T15:08:56.101+0000] {processor.py:799} INFO - Processing file /home/airflow/.local/lib/python3.7/site-packages/airflow/example_dags/example_kubernetes_executor.py for tasks to queue
[2024-06-24T15:08:56.102+0000] {logging_mixin.py:149} INFO - [2024-06-24T15:08:56.102+0000] {dagbag.py:541} INFO - Filling up the DagBag from /home/airflow/.local/lib/python3.7/site-packages/airflow/example_dags/example_kubernetes_executor.py
[2024-06-24T15:08:56.204+0000] {processor.py:809} INFO - DAG(s) dict_keys(['example_kubernetes_executor']) retrieved from /home/airflow/.local/lib/python3.7/site-packages/airflow/example_dags/example_kubernetes_executor.py
[2024-06-24T15:08:56.227+0000] {logging_mixin.py:149} INFO - [2024-06-24T15:08:56.227+0000] {dag.py:2726} INFO - Sync 1 DAGs
[2024-06-24T15:08:56.242+0000] {logging_mixin.py:149} INFO - [2024-06-24T15:08:56.242+0000] {dag.py:3490} INFO - Setting next_dagrun for example_kubernetes_executor to None, run_after=None
[2024-06-24T15:08:56.249+0000] {processor.py:178} INFO - Processing /home/airflow/.local/lib/python3.7/site-packages/airflow/example_dags/example_kubernetes_executor.py took 0.154 seconds
[2024-06-24T15:09:26.821+0000] {processor.py:156} INFO - Started process (PID=292) to work on /home/airflow/.local/lib/python3.7/site-packages/airflow/example_dags/example_kubernetes_executor.py
[2024-06-24T15:09:26.822+0000] {processor.py:799} INFO - Processing file /home/airflow/.local/lib/python3.7/site-packages/airflow/example_dags/example_kubernetes_executor.py for tasks to queue
[2024-06-24T15:09:26.823+0000] {logging_mixin.py:149} INFO - [2024-06-24T15:09:26.823+0000] {dagbag.py:541} INFO - Filling up the DagBag from /home/airflow/.local/lib/python3.7/site-packages/airflow/example_dags/example_kubernetes_executor.py
[2024-06-24T15:09:26.928+0000] {processor.py:809} INFO - DAG(s) dict_keys(['example_kubernetes_executor']) retrieved from /home/airflow/.local/lib/python3.7/site-packages/airflow/example_dags/example_kubernetes_executor.py
[2024-06-24T15:09:26.946+0000] {logging_mixin.py:149} INFO - [2024-06-24T15:09:26.946+0000] {dag.py:2726} INFO - Sync 1 DAGs
[2024-06-24T15:09:26.957+0000] {logging_mixin.py:149} INFO - [2024-06-24T15:09:26.957+0000] {dag.py:3490} INFO - Setting next_dagrun for example_kubernetes_executor to None, run_after=None
[2024-06-24T15:09:26.964+0000] {processor.py:178} INFO - Processing /home/airflow/.local/lib/python3.7/site-packages/airflow/example_dags/example_kubernetes_executor.py took 0.147 seconds
[2024-06-24T15:09:57.422+0000] {processor.py:156} INFO - Started process (PID=361) to work on /home/airflow/.local/lib/python3.7/site-packages/airflow/example_dags/example_kubernetes_executor.py
[2024-06-24T15:09:57.423+0000] {processor.py:799} INFO - Processing file /home/airflow/.local/lib/python3.7/site-packages/airflow/example_dags/example_kubernetes_executor.py for tasks to queue
[2024-06-24T15:09:57.424+0000] {logging_mixin.py:149} INFO - [2024-06-24T15:09:57.423+0000] {dagbag.py:541} INFO - Filling up the DagBag from /home/airflow/.local/lib/python3.7/site-packages/airflow/example_dags/example_kubernetes_executor.py
[2024-06-24T15:09:57.520+0000] {processor.py:809} INFO - DAG(s) dict_keys(['example_kubernetes_executor']) retrieved from /home/airflow/.local/lib/python3.7/site-packages/airflow/example_dags/example_kubernetes_executor.py
[2024-06-24T15:09:57.536+0000] {logging_mixin.py:149} INFO - [2024-06-24T15:09:57.536+0000] {dag.py:2726} INFO - Sync 1 DAGs
[2024-06-24T15:09:57.547+0000] {logging_mixin.py:149} INFO - [2024-06-24T15:09:57.547+0000] {dag.py:3490} INFO - Setting next_dagrun for example_kubernetes_executor to None, run_after=None
[2024-06-24T15:09:57.554+0000] {processor.py:178} INFO - Processing /home/airflow/.local/lib/python3.7/site-packages/airflow/example_dags/example_kubernetes_executor.py took 0.138 seconds
[2024-06-24T15:10:28.092+0000] {processor.py:156} INFO - Started process (PID=430) to work on /home/airflow/.local/lib/python3.7/site-packages/airflow/example_dags/example_kubernetes_executor.py
[2024-06-24T15:10:28.094+0000] {processor.py:799} INFO - Processing file /home/airflow/.local/lib/python3.7/site-packages/airflow/example_dags/example_kubernetes_executor.py for tasks to queue
[2024-06-24T15:10:28.095+0000] {logging_mixin.py:149} INFO - [2024-06-24T15:10:28.095+0000] {dagbag.py:541} INFO - Filling up the DagBag from /home/airflow/.local/lib/python3.7/site-packages/airflow/example_dags/example_kubernetes_executor.py
[2024-06-24T15:10:28.203+0000] {processor.py:809} INFO - DAG(s) dict_keys(['example_kubernetes_executor']) retrieved from /home/airflow/.local/lib/python3.7/site-packages/airflow/example_dags/example_kubernetes_executor.py
[2024-06-24T15:10:28.221+0000] {logging_mixin.py:149} INFO - [2024-06-24T15:10:28.221+0000] {dag.py:2726} INFO - Sync 1 DAGs
[2024-06-24T15:10:28.232+0000] {logging_mixin.py:149} INFO - [2024-06-24T15:10:28.232+0000] {dag.py:3490} INFO - Setting next_dagrun for example_kubernetes_executor to None, run_after=None
[2024-06-24T15:10:28.239+0000] {processor.py:178} INFO - Processing /home/airflow/.local/lib/python3.7/site-packages/airflow/example_dags/example_kubernetes_executor.py took 0.151 seconds
[2024-06-24T15:10:58.856+0000] {processor.py:156} INFO - Started process (PID=499) to work on /home/airflow/.local/lib/python3.7/site-packages/airflow/example_dags/example_kubernetes_executor.py
[2024-06-24T15:10:58.857+0000] {processor.py:799} INFO - Processing file /home/airflow/.local/lib/python3.7/site-packages/airflow/example_dags/example_kubernetes_executor.py for tasks to queue
[2024-06-24T15:10:58.859+0000] {logging_mixin.py:149} INFO - [2024-06-24T15:10:58.858+0000] {dagbag.py:541} INFO - Filling up the DagBag from /home/airflow/.local/lib/python3.7/site-packages/airflow/example_dags/example_kubernetes_executor.py
[2024-06-24T15:10:59.010+0000] {processor.py:809} INFO - DAG(s) dict_keys(['example_kubernetes_executor']) retrieved from /home/airflow/.local/lib/python3.7/site-packages/airflow/example_dags/example_kubernetes_executor.py
[2024-06-24T15:10:59.030+0000] {logging_mixin.py:149} INFO - [2024-06-24T15:10:59.030+0000] {dag.py:2726} INFO - Sync 1 DAGs
[2024-06-24T15:10:59.044+0000] {logging_mixin.py:149} INFO - [2024-06-24T15:10:59.044+0000] {dag.py:3490} INFO - Setting next_dagrun for example_kubernetes_executor to None, run_after=None
[2024-06-24T15:10:59.052+0000] {processor.py:178} INFO - Processing /home/airflow/.local/lib/python3.7/site-packages/airflow/example_dags/example_kubernetes_executor.py took 0.204 seconds
[2024-06-24T15:11:29.561+0000] {processor.py:156} INFO - Started process (PID=568) to work on /home/airflow/.local/lib/python3.7/site-packages/airflow/example_dags/example_kubernetes_executor.py
[2024-06-24T15:11:29.562+0000] {processor.py:799} INFO - Processing file /home/airflow/.local/lib/python3.7/site-packages/airflow/example_dags/example_kubernetes_executor.py for tasks to queue
[2024-06-24T15:11:29.564+0000] {logging_mixin.py:149} INFO - [2024-06-24T15:11:29.563+0000] {dagbag.py:541} INFO - Filling up the DagBag from /home/airflow/.local/lib/python3.7/site-packages/airflow/example_dags/example_kubernetes_executor.py
[2024-06-24T15:11:29.676+0000] {processor.py:809} INFO - DAG(s) dict_keys(['example_kubernetes_executor']) retrieved from /home/airflow/.local/lib/python3.7/site-packages/airflow/example_dags/example_kubernetes_executor.py
[2024-06-24T15:11:29.695+0000] {logging_mixin.py:149} INFO - [2024-06-24T15:11:29.695+0000] {dag.py:2726} INFO - Sync 1 DAGs
[2024-06-24T15:11:29.705+0000] {logging_mixin.py:149} INFO - [2024-06-24T15:11:29.705+0000] {dag.py:3490} INFO - Setting next_dagrun for example_kubernetes_executor to None, run_after=None
[2024-06-24T15:11:29.713+0000] {processor.py:178} INFO - Processing /home/airflow/.local/lib/python3.7/site-packages/airflow/example_dags/example_kubernetes_executor.py took 0.157 seconds
[2024-06-24T15:12:00.375+0000] {processor.py:156} INFO - Started process (PID=637) to work on /home/airflow/.local/lib/python3.7/site-packages/airflow/example_dags/example_kubernetes_executor.py
[2024-06-24T15:12:00.376+0000] {processor.py:799} INFO - Processing file /home/airflow/.local/lib/python3.7/site-packages/airflow/example_dags/example_kubernetes_executor.py for tasks to queue
[2024-06-24T15:12:00.377+0000] {logging_mixin.py:149} INFO - [2024-06-24T15:12:00.377+0000] {dagbag.py:541} INFO - Filling up the DagBag from /home/airflow/.local/lib/python3.7/site-packages/airflow/example_dags/example_kubernetes_executor.py
[2024-06-24T15:12:00.474+0000] {processor.py:809} INFO - DAG(s) dict_keys(['example_kubernetes_executor']) retrieved from /home/airflow/.local/lib/python3.7/site-packages/airflow/example_dags/example_kubernetes_executor.py
[2024-06-24T15:12:00.493+0000] {logging_mixin.py:149} INFO - [2024-06-24T15:12:00.492+0000] {dag.py:2726} INFO - Sync 1 DAGs
[2024-06-24T15:12:00.504+0000] {logging_mixin.py:149} INFO - [2024-06-24T15:12:00.504+0000] {dag.py:3490} INFO - Setting next_dagrun for example_kubernetes_executor to None, run_after=None
[2024-06-24T15:12:00.511+0000] {processor.py:178} INFO - Processing /home/airflow/.local/lib/python3.7/site-packages/airflow/example_dags/example_kubernetes_executor.py took 0.139 seconds
[2024-06-24T15:12:31.020+0000] {processor.py:156} INFO - Started process (PID=706) to work on /home/airflow/.local/lib/python3.7/site-packages/airflow/example_dags/example_kubernetes_executor.py
[2024-06-24T15:12:31.021+0000] {processor.py:799} INFO - Processing file /home/airflow/.local/lib/python3.7/site-packages/airflow/example_dags/example_kubernetes_executor.py for tasks to queue
[2024-06-24T15:12:31.022+0000] {logging_mixin.py:149} INFO - [2024-06-24T15:12:31.022+0000] {dagbag.py:541} INFO - Filling up the DagBag from /home/airflow/.local/lib/python3.7/site-packages/airflow/example_dags/example_kubernetes_executor.py
[2024-06-24T15:12:31.129+0000] {processor.py:809} INFO - DAG(s) dict_keys(['example_kubernetes_executor']) retrieved from /home/airflow/.local/lib/python3.7/site-packages/airflow/example_dags/example_kubernetes_executor.py
[2024-06-24T15:12:31.145+0000] {logging_mixin.py:149} INFO - [2024-06-24T15:12:31.145+0000] {dag.py:2726} INFO - Sync 1 DAGs
[2024-06-24T15:12:31.155+0000] {logging_mixin.py:149} INFO - [2024-06-24T15:12:31.155+0000] {dag.py:3490} INFO - Setting next_dagrun for example_kubernetes_executor to None, run_after=None
[2024-06-24T15:12:31.163+0000] {processor.py:178} INFO - Processing /home/airflow/.local/lib/python3.7/site-packages/airflow/example_dags/example_kubernetes_executor.py took 0.147 seconds
[2024-06-24T15:13:01.733+0000] {processor.py:156} INFO - Started process (PID=775) to work on /home/airflow/.local/lib/python3.7/site-packages/airflow/example_dags/example_kubernetes_executor.py
[2024-06-24T15:13:01.734+0000] {processor.py:799} INFO - Processing file /home/airflow/.local/lib/python3.7/site-packages/airflow/example_dags/example_kubernetes_executor.py for tasks to queue
[2024-06-24T15:13:01.735+0000] {logging_mixin.py:149} INFO - [2024-06-24T15:13:01.735+0000] {dagbag.py:541} INFO - Filling up the DagBag from /home/airflow/.local/lib/python3.7/site-packages/airflow/example_dags/example_kubernetes_executor.py
[2024-06-24T15:13:01.846+0000] {processor.py:809} INFO - DAG(s) dict_keys(['example_kubernetes_executor']) retrieved from /home/airflow/.local/lib/python3.7/site-packages/airflow/example_dags/example_kubernetes_executor.py
[2024-06-24T15:13:01.863+0000] {logging_mixin.py:149} INFO - [2024-06-24T15:13:01.863+0000] {dag.py:2726} INFO - Sync 1 DAGs
[2024-06-24T15:13:01.874+0000] {logging_mixin.py:149} INFO - [2024-06-24T15:13:01.874+0000] {dag.py:3490} INFO - Setting next_dagrun for example_kubernetes_executor to None, run_after=None
[2024-06-24T15:13:01.881+0000] {processor.py:178} INFO - Processing /home/airflow/.local/lib/python3.7/site-packages/airflow/example_dags/example_kubernetes_executor.py took 0.152 seconds
[2024-06-24T15:13:32.377+0000] {processor.py:156} INFO - Started process (PID=844) to work on /home/airflow/.local/lib/python3.7/site-packages/airflow/example_dags/example_kubernetes_executor.py
[2024-06-24T15:13:32.379+0000] {processor.py:799} INFO - Processing file /home/airflow/.local/lib/python3.7/site-packages/airflow/example_dags/example_kubernetes_executor.py for tasks to queue
[2024-06-24T15:13:32.379+0000] {logging_mixin.py:149} INFO - [2024-06-24T15:13:32.379+0000] {dagbag.py:541} INFO - Filling up the DagBag from /home/airflow/.local/lib/python3.7/site-packages/airflow/example_dags/example_kubernetes_executor.py
[2024-06-24T15:13:32.484+0000] {processor.py:809} INFO - DAG(s) dict_keys(['example_kubernetes_executor']) retrieved from /home/airflow/.local/lib/python3.7/site-packages/airflow/example_dags/example_kubernetes_executor.py
[2024-06-24T15:13:32.502+0000] {logging_mixin.py:149} INFO - [2024-06-24T15:13:32.502+0000] {dag.py:2726} INFO - Sync 1 DAGs
[2024-06-24T15:13:32.513+0000] {logging_mixin.py:149} INFO - [2024-06-24T15:13:32.513+0000] {dag.py:3490} INFO - Setting next_dagrun for example_kubernetes_executor to None, run_after=None
[2024-06-24T15:13:32.520+0000] {processor.py:178} INFO - Processing /home/airflow/.local/lib/python3.7/site-packages/airflow/example_dags/example_kubernetes_executor.py took 0.147 seconds
[2024-06-24T15:14:02.933+0000] {processor.py:156} INFO - Started process (PID=913) to work on /home/airflow/.local/lib/python3.7/site-packages/airflow/example_dags/example_kubernetes_executor.py
[2024-06-24T15:14:02.934+0000] {processor.py:799} INFO - Processing file /home/airflow/.local/lib/python3.7/site-packages/airflow/example_dags/example_kubernetes_executor.py for tasks to queue
[2024-06-24T15:14:02.936+0000] {logging_mixin.py:149} INFO - [2024-06-24T15:14:02.935+0000] {dagbag.py:541} INFO - Filling up the DagBag from /home/airflow/.local/lib/python3.7/site-packages/airflow/example_dags/example_kubernetes_executor.py
[2024-06-24T15:14:03.029+0000] {processor.py:809} INFO - DAG(s) dict_keys(['example_kubernetes_executor']) retrieved from /home/airflow/.local/lib/python3.7/site-packages/airflow/example_dags/example_kubernetes_executor.py
[2024-06-24T15:14:03.045+0000] {logging_mixin.py:149} INFO - [2024-06-24T15:14:03.045+0000] {dag.py:2726} INFO - Sync 1 DAGs
[2024-06-24T15:14:03.056+0000] {logging_mixin.py:149} INFO - [2024-06-24T15:14:03.056+0000] {dag.py:3490} INFO - Setting next_dagrun for example_kubernetes_executor to None, run_after=None
[2024-06-24T15:14:03.063+0000] {processor.py:178} INFO - Processing /home/airflow/.local/lib/python3.7/site-packages/airflow/example_dags/example_kubernetes_executor.py took 0.135 seconds
[2024-06-24T15:14:33.402+0000] {processor.py:156} INFO - Started process (PID=982) to work on /home/airflow/.local/lib/python3.7/site-packages/airflow/example_dags/example_kubernetes_executor.py
[2024-06-24T15:14:33.403+0000] {processor.py:799} INFO - Processing file /home/airflow/.local/lib/python3.7/site-packages/airflow/example_dags/example_kubernetes_executor.py for tasks to queue
[2024-06-24T15:14:33.403+0000] {logging_mixin.py:149} INFO - [2024-06-24T15:14:33.403+0000] {dagbag.py:541} INFO - Filling up the DagBag from /home/airflow/.local/lib/python3.7/site-packages/airflow/example_dags/example_kubernetes_executor.py
[2024-06-24T15:14:33.492+0000] {processor.py:809} INFO - DAG(s) dict_keys(['example_kubernetes_executor']) retrieved from /home/airflow/.local/lib/python3.7/site-packages/airflow/example_dags/example_kubernetes_executor.py
[2024-06-24T15:14:33.509+0000] {logging_mixin.py:149} INFO - [2024-06-24T15:14:33.509+0000] {dag.py:2726} INFO - Sync 1 DAGs
[2024-06-24T15:14:33.519+0000] {logging_mixin.py:149} INFO - [2024-06-24T15:14:33.519+0000] {dag.py:3490} INFO - Setting next_dagrun for example_kubernetes_executor to None, run_after=None
[2024-06-24T15:14:33.527+0000] {processor.py:178} INFO - Processing /home/airflow/.local/lib/python3.7/site-packages/airflow/example_dags/example_kubernetes_executor.py took 0.128 seconds
[2024-06-24T15:15:03.893+0000] {processor.py:156} INFO - Started process (PID=1051) to work on /home/airflow/.local/lib/python3.7/site-packages/airflow/example_dags/example_kubernetes_executor.py
[2024-06-24T15:15:03.894+0000] {processor.py:799} INFO - Processing file /home/airflow/.local/lib/python3.7/site-packages/airflow/example_dags/example_kubernetes_executor.py for tasks to queue
[2024-06-24T15:15:03.895+0000] {logging_mixin.py:149} INFO - [2024-06-24T15:15:03.895+0000] {dagbag.py:541} INFO - Filling up the DagBag from /home/airflow/.local/lib/python3.7/site-packages/airflow/example_dags/example_kubernetes_executor.py
[2024-06-24T15:15:04.003+0000] {processor.py:809} INFO - DAG(s) dict_keys(['example_kubernetes_executor']) retrieved from /home/airflow/.local/lib/python3.7/site-packages/airflow/example_dags/example_kubernetes_executor.py
[2024-06-24T15:15:04.023+0000] {logging_mixin.py:149} INFO - [2024-06-24T15:15:04.023+0000] {dag.py:2726} INFO - Sync 1 DAGs
[2024-06-24T15:15:04.034+0000] {logging_mixin.py:149} INFO - [2024-06-24T15:15:04.034+0000] {dag.py:3490} INFO - Setting next_dagrun for example_kubernetes_executor to None, run_after=None
[2024-06-24T15:15:04.042+0000] {processor.py:178} INFO - Processing /home/airflow/.local/lib/python3.7/site-packages/airflow/example_dags/example_kubernetes_executor.py took 0.153 seconds
[2024-06-24T15:15:34.577+0000] {processor.py:156} INFO - Started process (PID=1130) to work on /home/airflow/.local/lib/python3.7/site-packages/airflow/example_dags/example_kubernetes_executor.py
[2024-06-24T15:15:34.577+0000] {processor.py:799} INFO - Processing file /home/airflow/.local/lib/python3.7/site-packages/airflow/example_dags/example_kubernetes_executor.py for tasks to queue
[2024-06-24T15:15:34.578+0000] {logging_mixin.py:149} INFO - [2024-06-24T15:15:34.578+0000] {dagbag.py:541} INFO - Filling up the DagBag from /home/airflow/.local/lib/python3.7/site-packages/airflow/example_dags/example_kubernetes_executor.py
[2024-06-24T15:15:34.689+0000] {processor.py:809} INFO - DAG(s) dict_keys(['example_kubernetes_executor']) retrieved from /home/airflow/.local/lib/python3.7/site-packages/airflow/example_dags/example_kubernetes_executor.py
[2024-06-24T15:15:34.704+0000] {logging_mixin.py:149} INFO - [2024-06-24T15:15:34.704+0000] {dag.py:2726} INFO - Sync 1 DAGs
[2024-06-24T15:15:34.715+0000] {logging_mixin.py:149} INFO - [2024-06-24T15:15:34.715+0000] {dag.py:3490} INFO - Setting next_dagrun for example_kubernetes_executor to None, run_after=None
[2024-06-24T15:15:34.722+0000] {processor.py:178} INFO - Processing /home/airflow/.local/lib/python3.7/site-packages/airflow/example_dags/example_kubernetes_executor.py took 0.148 seconds
[2024-06-24T15:16:05.159+0000] {processor.py:156} INFO - Started process (PID=1199) to work on /home/airflow/.local/lib/python3.7/site-packages/airflow/example_dags/example_kubernetes_executor.py
[2024-06-24T15:16:05.160+0000] {processor.py:799} INFO - Processing file /home/airflow/.local/lib/python3.7/site-packages/airflow/example_dags/example_kubernetes_executor.py for tasks to queue
[2024-06-24T15:16:05.161+0000] {logging_mixin.py:149} INFO - [2024-06-24T15:16:05.161+0000] {dagbag.py:541} INFO - Filling up the DagBag from /home/airflow/.local/lib/python3.7/site-packages/airflow/example_dags/example_kubernetes_executor.py
[2024-06-24T15:16:05.372+0000] {processor.py:809} INFO - DAG(s) dict_keys(['example_kubernetes_executor']) retrieved from /home/airflow/.local/lib/python3.7/site-packages/airflow/example_dags/example_kubernetes_executor.py
[2024-06-24T15:16:05.394+0000] {logging_mixin.py:149} INFO - [2024-06-24T15:16:05.394+0000] {dag.py:2726} INFO - Sync 1 DAGs
[2024-06-24T15:16:05.407+0000] {logging_mixin.py:149} INFO - [2024-06-24T15:16:05.407+0000] {dag.py:3490} INFO - Setting next_dagrun for example_kubernetes_executor to None, run_after=None
[2024-06-24T15:16:05.418+0000] {processor.py:178} INFO - Processing /home/airflow/.local/lib/python3.7/site-packages/airflow/example_dags/example_kubernetes_executor.py took 0.262 seconds
[2024-06-24T15:16:35.843+0000] {processor.py:156} INFO - Started process (PID=1268) to work on /home/airflow/.local/lib/python3.7/site-packages/airflow/example_dags/example_kubernetes_executor.py
[2024-06-24T15:16:35.843+0000] {processor.py:799} INFO - Processing file /home/airflow/.local/lib/python3.7/site-packages/airflow/example_dags/example_kubernetes_executor.py for tasks to queue
[2024-06-24T15:16:35.844+0000] {logging_mixin.py:149} INFO - [2024-06-24T15:16:35.844+0000] {dagbag.py:541} INFO - Filling up the DagBag from /home/airflow/.local/lib/python3.7/site-packages/airflow/example_dags/example_kubernetes_executor.py
[2024-06-24T15:16:35.955+0000] {processor.py:809} INFO - DAG(s) dict_keys(['example_kubernetes_executor']) retrieved from /home/airflow/.local/lib/python3.7/site-packages/airflow/example_dags/example_kubernetes_executor.py
[2024-06-24T15:16:35.973+0000] {logging_mixin.py:149} INFO - [2024-06-24T15:16:35.973+0000] {dag.py:2726} INFO - Sync 1 DAGs
[2024-06-24T15:16:35.985+0000] {logging_mixin.py:149} INFO - [2024-06-24T15:16:35.984+0000] {dag.py:3490} INFO - Setting next_dagrun for example_kubernetes_executor to None, run_after=None
[2024-06-24T15:16:35.992+0000] {processor.py:178} INFO - Processing /home/airflow/.local/lib/python3.7/site-packages/airflow/example_dags/example_kubernetes_executor.py took 0.151 seconds
[2024-06-24T15:17:06.446+0000] {processor.py:156} INFO - Started process (PID=1337) to work on /home/airflow/.local/lib/python3.7/site-packages/airflow/example_dags/example_kubernetes_executor.py
[2024-06-24T15:17:06.447+0000] {processor.py:799} INFO - Processing file /home/airflow/.local/lib/python3.7/site-packages/airflow/example_dags/example_kubernetes_executor.py for tasks to queue
[2024-06-24T15:17:06.447+0000] {logging_mixin.py:149} INFO - [2024-06-24T15:17:06.447+0000] {dagbag.py:541} INFO - Filling up the DagBag from /home/airflow/.local/lib/python3.7/site-packages/airflow/example_dags/example_kubernetes_executor.py
[2024-06-24T15:17:06.568+0000] {processor.py:809} INFO - DAG(s) dict_keys(['example_kubernetes_executor']) retrieved from /home/airflow/.local/lib/python3.7/site-packages/airflow/example_dags/example_kubernetes_executor.py
[2024-06-24T15:17:06.584+0000] {logging_mixin.py:149} INFO - [2024-06-24T15:17:06.584+0000] {dag.py:2726} INFO - Sync 1 DAGs
[2024-06-24T15:17:06.595+0000] {logging_mixin.py:149} INFO - [2024-06-24T15:17:06.595+0000] {dag.py:3490} INFO - Setting next_dagrun for example_kubernetes_executor to None, run_after=None
[2024-06-24T15:17:06.602+0000] {processor.py:178} INFO - Processing /home/airflow/.local/lib/python3.7/site-packages/airflow/example_dags/example_kubernetes_executor.py took 0.159 seconds
[2024-06-24T15:17:36.996+0000] {processor.py:156} INFO - Started process (PID=1405) to work on /home/airflow/.local/lib/python3.7/site-packages/airflow/example_dags/example_kubernetes_executor.py
[2024-06-24T15:17:36.998+0000] {processor.py:799} INFO - Processing file /home/airflow/.local/lib/python3.7/site-packages/airflow/example_dags/example_kubernetes_executor.py for tasks to queue
[2024-06-24T15:17:36.998+0000] {logging_mixin.py:149} INFO - [2024-06-24T15:17:36.998+0000] {dagbag.py:541} INFO - Filling up the DagBag from /home/airflow/.local/lib/python3.7/site-packages/airflow/example_dags/example_kubernetes_executor.py
[2024-06-24T15:17:37.106+0000] {processor.py:809} INFO - DAG(s) dict_keys(['example_kubernetes_executor']) retrieved from /home/airflow/.local/lib/python3.7/site-packages/airflow/example_dags/example_kubernetes_executor.py
[2024-06-24T15:17:37.124+0000] {logging_mixin.py:149} INFO - [2024-06-24T15:17:37.124+0000] {dag.py:2726} INFO - Sync 1 DAGs
[2024-06-24T15:17:37.136+0000] {logging_mixin.py:149} INFO - [2024-06-24T15:17:37.136+0000] {dag.py:3490} INFO - Setting next_dagrun for example_kubernetes_executor to None, run_after=None
[2024-06-24T15:17:37.144+0000] {processor.py:178} INFO - Processing /home/airflow/.local/lib/python3.7/site-packages/airflow/example_dags/example_kubernetes_executor.py took 0.150 seconds
[2024-06-24T15:18:07.567+0000] {processor.py:156} INFO - Started process (PID=1474) to work on /home/airflow/.local/lib/python3.7/site-packages/airflow/example_dags/example_kubernetes_executor.py
[2024-06-24T15:18:07.568+0000] {processor.py:799} INFO - Processing file /home/airflow/.local/lib/python3.7/site-packages/airflow/example_dags/example_kubernetes_executor.py for tasks to queue
[2024-06-24T15:18:07.569+0000] {logging_mixin.py:149} INFO - [2024-06-24T15:18:07.569+0000] {dagbag.py:541} INFO - Filling up the DagBag from /home/airflow/.local/lib/python3.7/site-packages/airflow/example_dags/example_kubernetes_executor.py
[2024-06-24T15:18:07.702+0000] {processor.py:809} INFO - DAG(s) dict_keys(['example_kubernetes_executor']) retrieved from /home/airflow/.local/lib/python3.7/site-packages/airflow/example_dags/example_kubernetes_executor.py
[2024-06-24T15:18:07.723+0000] {logging_mixin.py:149} INFO - [2024-06-24T15:18:07.723+0000] {dag.py:2726} INFO - Sync 1 DAGs
[2024-06-24T15:18:07.735+0000] {logging_mixin.py:149} INFO - [2024-06-24T15:18:07.735+0000] {dag.py:3490} INFO - Setting next_dagrun for example_kubernetes_executor to None, run_after=None
[2024-06-24T15:18:07.745+0000] {processor.py:178} INFO - Processing /home/airflow/.local/lib/python3.7/site-packages/airflow/example_dags/example_kubernetes_executor.py took 0.182 seconds
[2024-06-24T15:18:38.295+0000] {processor.py:156} INFO - Started process (PID=1543) to work on /home/airflow/.local/lib/python3.7/site-packages/airflow/example_dags/example_kubernetes_executor.py
[2024-06-24T15:18:38.295+0000] {processor.py:799} INFO - Processing file /home/airflow/.local/lib/python3.7/site-packages/airflow/example_dags/example_kubernetes_executor.py for tasks to queue
[2024-06-24T15:18:38.296+0000] {logging_mixin.py:149} INFO - [2024-06-24T15:18:38.296+0000] {dagbag.py:541} INFO - Filling up the DagBag from /home/airflow/.local/lib/python3.7/site-packages/airflow/example_dags/example_kubernetes_executor.py
[2024-06-24T15:18:38.427+0000] {processor.py:809} INFO - DAG(s) dict_keys(['example_kubernetes_executor']) retrieved from /home/airflow/.local/lib/python3.7/site-packages/airflow/example_dags/example_kubernetes_executor.py
[2024-06-24T15:18:38.462+0000] {logging_mixin.py:149} INFO - [2024-06-24T15:18:38.462+0000] {dag.py:2726} INFO - Sync 1 DAGs
[2024-06-24T15:18:38.474+0000] {logging_mixin.py:149} INFO - [2024-06-24T15:18:38.474+0000] {dag.py:3490} INFO - Setting next_dagrun for example_kubernetes_executor to None, run_after=None
[2024-06-24T15:18:38.482+0000] {processor.py:178} INFO - Processing /home/airflow/.local/lib/python3.7/site-packages/airflow/example_dags/example_kubernetes_executor.py took 0.190 seconds
[2024-06-24T15:19:09.020+0000] {processor.py:156} INFO - Started process (PID=1612) to work on /home/airflow/.local/lib/python3.7/site-packages/airflow/example_dags/example_kubernetes_executor.py
[2024-06-24T15:19:09.021+0000] {processor.py:799} INFO - Processing file /home/airflow/.local/lib/python3.7/site-packages/airflow/example_dags/example_kubernetes_executor.py for tasks to queue
[2024-06-24T15:19:09.022+0000] {logging_mixin.py:149} INFO - [2024-06-24T15:19:09.022+0000] {dagbag.py:541} INFO - Filling up the DagBag from /home/airflow/.local/lib/python3.7/site-packages/airflow/example_dags/example_kubernetes_executor.py
[2024-06-24T15:19:09.136+0000] {processor.py:809} INFO - DAG(s) dict_keys(['example_kubernetes_executor']) retrieved from /home/airflow/.local/lib/python3.7/site-packages/airflow/example_dags/example_kubernetes_executor.py
[2024-06-24T15:19:09.153+0000] {logging_mixin.py:149} INFO - [2024-06-24T15:19:09.152+0000] {dag.py:2726} INFO - Sync 1 DAGs
[2024-06-24T15:19:09.164+0000] {logging_mixin.py:149} INFO - [2024-06-24T15:19:09.164+0000] {dag.py:3490} INFO - Setting next_dagrun for example_kubernetes_executor to None, run_after=None
[2024-06-24T15:19:09.171+0000] {processor.py:178} INFO - Processing /home/airflow/.local/lib/python3.7/site-packages/airflow/example_dags/example_kubernetes_executor.py took 0.154 seconds
[2024-06-24T15:19:39.561+0000] {processor.py:156} INFO - Started process (PID=1681) to work on /home/airflow/.local/lib/python3.7/site-packages/airflow/example_dags/example_kubernetes_executor.py
[2024-06-24T15:19:39.561+0000] {processor.py:799} INFO - Processing file /home/airflow/.local/lib/python3.7/site-packages/airflow/example_dags/example_kubernetes_executor.py for tasks to queue
[2024-06-24T15:19:39.561+0000] {logging_mixin.py:149} INFO - [2024-06-24T15:19:39.561+0000] {dagbag.py:541} INFO - Filling up the DagBag from /home/airflow/.local/lib/python3.7/site-packages/airflow/example_dags/example_kubernetes_executor.py
[2024-06-24T15:19:39.667+0000] {processor.py:809} INFO - DAG(s) dict_keys(['example_kubernetes_executor']) retrieved from /home/airflow/.local/lib/python3.7/site-packages/airflow/example_dags/example_kubernetes_executor.py
[2024-06-24T15:19:39.683+0000] {logging_mixin.py:149} INFO - [2024-06-24T15:19:39.683+0000] {dag.py:2726} INFO - Sync 1 DAGs
[2024-06-24T15:19:39.694+0000] {logging_mixin.py:149} INFO - [2024-06-24T15:19:39.694+0000] {dag.py:3490} INFO - Setting next_dagrun for example_kubernetes_executor to None, run_after=None
[2024-06-24T15:19:39.703+0000] {processor.py:178} INFO - Processing /home/airflow/.local/lib/python3.7/site-packages/airflow/example_dags/example_kubernetes_executor.py took 0.144 seconds
[2024-06-24T15:20:10.144+0000] {processor.py:156} INFO - Started process (PID=1750) to work on /home/airflow/.local/lib/python3.7/site-packages/airflow/example_dags/example_kubernetes_executor.py
[2024-06-24T15:20:10.144+0000] {processor.py:799} INFO - Processing file /home/airflow/.local/lib/python3.7/site-packages/airflow/example_dags/example_kubernetes_executor.py for tasks to queue
[2024-06-24T15:20:10.145+0000] {logging_mixin.py:149} INFO - [2024-06-24T15:20:10.145+0000] {dagbag.py:541} INFO - Filling up the DagBag from /home/airflow/.local/lib/python3.7/site-packages/airflow/example_dags/example_kubernetes_executor.py
[2024-06-24T15:20:10.280+0000] {processor.py:809} INFO - DAG(s) dict_keys(['example_kubernetes_executor']) retrieved from /home/airflow/.local/lib/python3.7/site-packages/airflow/example_dags/example_kubernetes_executor.py
[2024-06-24T15:20:10.302+0000] {logging_mixin.py:149} INFO - [2024-06-24T15:20:10.301+0000] {dag.py:2726} INFO - Sync 1 DAGs
[2024-06-24T15:20:10.315+0000] {logging_mixin.py:149} INFO - [2024-06-24T15:20:10.315+0000] {dag.py:3490} INFO - Setting next_dagrun for example_kubernetes_executor to None, run_after=None
[2024-06-24T15:20:10.323+0000] {processor.py:178} INFO - Processing /home/airflow/.local/lib/python3.7/site-packages/airflow/example_dags/example_kubernetes_executor.py took 0.181 seconds
[2024-06-24T15:20:40.841+0000] {processor.py:156} INFO - Started process (PID=1819) to work on /home/airflow/.local/lib/python3.7/site-packages/airflow/example_dags/example_kubernetes_executor.py
[2024-06-24T15:20:40.842+0000] {processor.py:799} INFO - Processing file /home/airflow/.local/lib/python3.7/site-packages/airflow/example_dags/example_kubernetes_executor.py for tasks to queue
[2024-06-24T15:20:40.842+0000] {logging_mixin.py:149} INFO - [2024-06-24T15:20:40.842+0000] {dagbag.py:541} INFO - Filling up the DagBag from /home/airflow/.local/lib/python3.7/site-packages/airflow/example_dags/example_kubernetes_executor.py
[2024-06-24T15:20:40.973+0000] {processor.py:809} INFO - DAG(s) dict_keys(['example_kubernetes_executor']) retrieved from /home/airflow/.local/lib/python3.7/site-packages/airflow/example_dags/example_kubernetes_executor.py
[2024-06-24T15:20:40.996+0000] {logging_mixin.py:149} INFO - [2024-06-24T15:20:40.996+0000] {dag.py:2726} INFO - Sync 1 DAGs
[2024-06-24T15:20:41.008+0000] {logging_mixin.py:149} INFO - [2024-06-24T15:20:41.008+0000] {dag.py:3490} INFO - Setting next_dagrun for example_kubernetes_executor to None, run_after=None
[2024-06-24T15:20:41.018+0000] {processor.py:178} INFO - Processing /home/airflow/.local/lib/python3.7/site-packages/airflow/example_dags/example_kubernetes_executor.py took 0.180 seconds
[2024-06-24T15:21:11.525+0000] {processor.py:156} INFO - Started process (PID=1888) to work on /home/airflow/.local/lib/python3.7/site-packages/airflow/example_dags/example_kubernetes_executor.py
[2024-06-24T15:21:11.527+0000] {processor.py:799} INFO - Processing file /home/airflow/.local/lib/python3.7/site-packages/airflow/example_dags/example_kubernetes_executor.py for tasks to queue
[2024-06-24T15:21:11.528+0000] {logging_mixin.py:149} INFO - [2024-06-24T15:21:11.528+0000] {dagbag.py:541} INFO - Filling up the DagBag from /home/airflow/.local/lib/python3.7/site-packages/airflow/example_dags/example_kubernetes_executor.py
[2024-06-24T15:21:11.679+0000] {processor.py:809} INFO - DAG(s) dict_keys(['example_kubernetes_executor']) retrieved from /home/airflow/.local/lib/python3.7/site-packages/airflow/example_dags/example_kubernetes_executor.py
[2024-06-24T15:21:11.705+0000] {logging_mixin.py:149} INFO - [2024-06-24T15:21:11.705+0000] {dag.py:2726} INFO - Sync 1 DAGs
[2024-06-24T15:21:11.717+0000] {logging_mixin.py:149} INFO - [2024-06-24T15:21:11.717+0000] {dag.py:3490} INFO - Setting next_dagrun for example_kubernetes_executor to None, run_after=None
[2024-06-24T15:21:11.725+0000] {processor.py:178} INFO - Processing /home/airflow/.local/lib/python3.7/site-packages/airflow/example_dags/example_kubernetes_executor.py took 0.204 seconds
[2024-06-24T15:21:42.454+0000] {processor.py:156} INFO - Started process (PID=1956) to work on /home/airflow/.local/lib/python3.7/site-packages/airflow/example_dags/example_kubernetes_executor.py
[2024-06-24T15:21:42.455+0000] {processor.py:799} INFO - Processing file /home/airflow/.local/lib/python3.7/site-packages/airflow/example_dags/example_kubernetes_executor.py for tasks to queue
[2024-06-24T15:21:42.456+0000] {logging_mixin.py:149} INFO - [2024-06-24T15:21:42.456+0000] {dagbag.py:541} INFO - Filling up the DagBag from /home/airflow/.local/lib/python3.7/site-packages/airflow/example_dags/example_kubernetes_executor.py
[2024-06-24T15:21:42.590+0000] {processor.py:809} INFO - DAG(s) dict_keys(['example_kubernetes_executor']) retrieved from /home/airflow/.local/lib/python3.7/site-packages/airflow/example_dags/example_kubernetes_executor.py
[2024-06-24T15:21:42.608+0000] {logging_mixin.py:149} INFO - [2024-06-24T15:21:42.608+0000] {dag.py:2726} INFO - Sync 1 DAGs
[2024-06-24T15:21:42.620+0000] {logging_mixin.py:149} INFO - [2024-06-24T15:21:42.620+0000] {dag.py:3490} INFO - Setting next_dagrun for example_kubernetes_executor to None, run_after=None
[2024-06-24T15:21:42.628+0000] {processor.py:178} INFO - Processing /home/airflow/.local/lib/python3.7/site-packages/airflow/example_dags/example_kubernetes_executor.py took 0.178 seconds
[2024-06-24T15:22:13.121+0000] {processor.py:156} INFO - Started process (PID=2025) to work on /home/airflow/.local/lib/python3.7/site-packages/airflow/example_dags/example_kubernetes_executor.py
[2024-06-24T15:22:13.122+0000] {processor.py:799} INFO - Processing file /home/airflow/.local/lib/python3.7/site-packages/airflow/example_dags/example_kubernetes_executor.py for tasks to queue
[2024-06-24T15:22:13.122+0000] {logging_mixin.py:149} INFO - [2024-06-24T15:22:13.122+0000] {dagbag.py:541} INFO - Filling up the DagBag from /home/airflow/.local/lib/python3.7/site-packages/airflow/example_dags/example_kubernetes_executor.py
[2024-06-24T15:22:13.251+0000] {processor.py:809} INFO - DAG(s) dict_keys(['example_kubernetes_executor']) retrieved from /home/airflow/.local/lib/python3.7/site-packages/airflow/example_dags/example_kubernetes_executor.py
[2024-06-24T15:22:13.269+0000] {logging_mixin.py:149} INFO - [2024-06-24T15:22:13.269+0000] {dag.py:2726} INFO - Sync 1 DAGs
[2024-06-24T15:22:13.281+0000] {logging_mixin.py:149} INFO - [2024-06-24T15:22:13.281+0000] {dag.py:3490} INFO - Setting next_dagrun for example_kubernetes_executor to None, run_after=None
[2024-06-24T15:22:13.289+0000] {processor.py:178} INFO - Processing /home/airflow/.local/lib/python3.7/site-packages/airflow/example_dags/example_kubernetes_executor.py took 0.171 seconds
[2024-06-24T15:22:43.751+0000] {processor.py:156} INFO - Started process (PID=2093) to work on /home/airflow/.local/lib/python3.7/site-packages/airflow/example_dags/example_kubernetes_executor.py
[2024-06-24T15:22:43.752+0000] {processor.py:799} INFO - Processing file /home/airflow/.local/lib/python3.7/site-packages/airflow/example_dags/example_kubernetes_executor.py for tasks to queue
[2024-06-24T15:22:43.752+0000] {logging_mixin.py:149} INFO - [2024-06-24T15:22:43.752+0000] {dagbag.py:541} INFO - Filling up the DagBag from /home/airflow/.local/lib/python3.7/site-packages/airflow/example_dags/example_kubernetes_executor.py
[2024-06-24T15:22:43.870+0000] {processor.py:809} INFO - DAG(s) dict_keys(['example_kubernetes_executor']) retrieved from /home/airflow/.local/lib/python3.7/site-packages/airflow/example_dags/example_kubernetes_executor.py
[2024-06-24T15:22:43.895+0000] {logging_mixin.py:149} INFO - [2024-06-24T15:22:43.894+0000] {dag.py:2726} INFO - Sync 1 DAGs
[2024-06-24T15:22:43.914+0000] {logging_mixin.py:149} INFO - [2024-06-24T15:22:43.914+0000] {dag.py:3490} INFO - Setting next_dagrun for example_kubernetes_executor to None, run_after=None
[2024-06-24T15:22:43.922+0000] {processor.py:178} INFO - Processing /home/airflow/.local/lib/python3.7/site-packages/airflow/example_dags/example_kubernetes_executor.py took 0.174 seconds
[2024-06-24T15:23:14.433+0000] {processor.py:156} INFO - Started process (PID=2162) to work on /home/airflow/.local/lib/python3.7/site-packages/airflow/example_dags/example_kubernetes_executor.py
[2024-06-24T15:23:14.434+0000] {processor.py:799} INFO - Processing file /home/airflow/.local/lib/python3.7/site-packages/airflow/example_dags/example_kubernetes_executor.py for tasks to queue
[2024-06-24T15:23:14.435+0000] {logging_mixin.py:149} INFO - [2024-06-24T15:23:14.434+0000] {dagbag.py:541} INFO - Filling up the DagBag from /home/airflow/.local/lib/python3.7/site-packages/airflow/example_dags/example_kubernetes_executor.py
[2024-06-24T15:23:14.560+0000] {processor.py:809} INFO - DAG(s) dict_keys(['example_kubernetes_executor']) retrieved from /home/airflow/.local/lib/python3.7/site-packages/airflow/example_dags/example_kubernetes_executor.py
[2024-06-24T15:23:14.580+0000] {logging_mixin.py:149} INFO - [2024-06-24T15:23:14.580+0000] {dag.py:2726} INFO - Sync 1 DAGs
[2024-06-24T15:23:14.594+0000] {logging_mixin.py:149} INFO - [2024-06-24T15:23:14.594+0000] {dag.py:3490} INFO - Setting next_dagrun for example_kubernetes_executor to None, run_after=None
[2024-06-24T15:23:14.604+0000] {processor.py:178} INFO - Processing /home/airflow/.local/lib/python3.7/site-packages/airflow/example_dags/example_kubernetes_executor.py took 0.174 seconds
[2024-06-24T15:23:45.133+0000] {processor.py:156} INFO - Started process (PID=2231) to work on /home/airflow/.local/lib/python3.7/site-packages/airflow/example_dags/example_kubernetes_executor.py
[2024-06-24T15:23:45.134+0000] {processor.py:799} INFO - Processing file /home/airflow/.local/lib/python3.7/site-packages/airflow/example_dags/example_kubernetes_executor.py for tasks to queue
[2024-06-24T15:23:45.134+0000] {logging_mixin.py:149} INFO - [2024-06-24T15:23:45.134+0000] {dagbag.py:541} INFO - Filling up the DagBag from /home/airflow/.local/lib/python3.7/site-packages/airflow/example_dags/example_kubernetes_executor.py
[2024-06-24T15:23:45.325+0000] {processor.py:809} INFO - DAG(s) dict_keys(['example_kubernetes_executor']) retrieved from /home/airflow/.local/lib/python3.7/site-packages/airflow/example_dags/example_kubernetes_executor.py
[2024-06-24T15:23:45.347+0000] {logging_mixin.py:149} INFO - [2024-06-24T15:23:45.347+0000] {dag.py:2726} INFO - Sync 1 DAGs
[2024-06-24T15:23:45.360+0000] {logging_mixin.py:149} INFO - [2024-06-24T15:23:45.360+0000] {dag.py:3490} INFO - Setting next_dagrun for example_kubernetes_executor to None, run_after=None
[2024-06-24T15:23:45.368+0000] {processor.py:178} INFO - Processing /home/airflow/.local/lib/python3.7/site-packages/airflow/example_dags/example_kubernetes_executor.py took 0.238 seconds
[2024-06-24T15:24:15.854+0000] {processor.py:156} INFO - Started process (PID=2307) to work on /home/airflow/.local/lib/python3.7/site-packages/airflow/example_dags/example_kubernetes_executor.py
[2024-06-24T15:24:15.856+0000] {processor.py:799} INFO - Processing file /home/airflow/.local/lib/python3.7/site-packages/airflow/example_dags/example_kubernetes_executor.py for tasks to queue
[2024-06-24T15:24:15.857+0000] {logging_mixin.py:149} INFO - [2024-06-24T15:24:15.856+0000] {dagbag.py:541} INFO - Filling up the DagBag from /home/airflow/.local/lib/python3.7/site-packages/airflow/example_dags/example_kubernetes_executor.py
[2024-06-24T15:24:15.975+0000] {processor.py:809} INFO - DAG(s) dict_keys(['example_kubernetes_executor']) retrieved from /home/airflow/.local/lib/python3.7/site-packages/airflow/example_dags/example_kubernetes_executor.py
[2024-06-24T15:24:15.991+0000] {logging_mixin.py:149} INFO - [2024-06-24T15:24:15.991+0000] {dag.py:2726} INFO - Sync 1 DAGs
[2024-06-24T15:24:16.001+0000] {logging_mixin.py:149} INFO - [2024-06-24T15:24:16.001+0000] {dag.py:3490} INFO - Setting next_dagrun for example_kubernetes_executor to None, run_after=None
[2024-06-24T15:24:16.008+0000] {processor.py:178} INFO - Processing /home/airflow/.local/lib/python3.7/site-packages/airflow/example_dags/example_kubernetes_executor.py took 0.156 seconds
[2024-06-24T15:24:46.463+0000] {processor.py:156} INFO - Started process (PID=2375) to work on /home/airflow/.local/lib/python3.7/site-packages/airflow/example_dags/example_kubernetes_executor.py
[2024-06-24T15:24:46.464+0000] {processor.py:799} INFO - Processing file /home/airflow/.local/lib/python3.7/site-packages/airflow/example_dags/example_kubernetes_executor.py for tasks to queue
[2024-06-24T15:24:46.465+0000] {logging_mixin.py:149} INFO - [2024-06-24T15:24:46.464+0000] {dagbag.py:541} INFO - Filling up the DagBag from /home/airflow/.local/lib/python3.7/site-packages/airflow/example_dags/example_kubernetes_executor.py
[2024-06-24T15:24:46.569+0000] {processor.py:809} INFO - DAG(s) dict_keys(['example_kubernetes_executor']) retrieved from /home/airflow/.local/lib/python3.7/site-packages/airflow/example_dags/example_kubernetes_executor.py
[2024-06-24T15:24:46.585+0000] {logging_mixin.py:149} INFO - [2024-06-24T15:24:46.585+0000] {dag.py:2726} INFO - Sync 1 DAGs
[2024-06-24T15:24:46.595+0000] {logging_mixin.py:149} INFO - [2024-06-24T15:24:46.594+0000] {dag.py:3490} INFO - Setting next_dagrun for example_kubernetes_executor to None, run_after=None
[2024-06-24T15:24:46.601+0000] {processor.py:178} INFO - Processing /home/airflow/.local/lib/python3.7/site-packages/airflow/example_dags/example_kubernetes_executor.py took 0.141 seconds
[2024-06-24T15:25:17.060+0000] {processor.py:156} INFO - Started process (PID=2443) to work on /home/airflow/.local/lib/python3.7/site-packages/airflow/example_dags/example_kubernetes_executor.py
[2024-06-24T15:25:17.061+0000] {processor.py:799} INFO - Processing file /home/airflow/.local/lib/python3.7/site-packages/airflow/example_dags/example_kubernetes_executor.py for tasks to queue
[2024-06-24T15:25:17.062+0000] {logging_mixin.py:149} INFO - [2024-06-24T15:25:17.062+0000] {dagbag.py:541} INFO - Filling up the DagBag from /home/airflow/.local/lib/python3.7/site-packages/airflow/example_dags/example_kubernetes_executor.py
[2024-06-24T15:25:17.182+0000] {processor.py:809} INFO - DAG(s) dict_keys(['example_kubernetes_executor']) retrieved from /home/airflow/.local/lib/python3.7/site-packages/airflow/example_dags/example_kubernetes_executor.py
[2024-06-24T15:25:17.198+0000] {logging_mixin.py:149} INFO - [2024-06-24T15:25:17.198+0000] {dag.py:2726} INFO - Sync 1 DAGs
[2024-06-24T15:25:17.210+0000] {logging_mixin.py:149} INFO - [2024-06-24T15:25:17.210+0000] {dag.py:3490} INFO - Setting next_dagrun for example_kubernetes_executor to None, run_after=None
[2024-06-24T15:25:17.218+0000] {processor.py:178} INFO - Processing /home/airflow/.local/lib/python3.7/site-packages/airflow/example_dags/example_kubernetes_executor.py took 0.161 seconds
[2024-06-24T15:25:47.608+0000] {processor.py:156} INFO - Started process (PID=2512) to work on /home/airflow/.local/lib/python3.7/site-packages/airflow/example_dags/example_kubernetes_executor.py
[2024-06-24T15:25:47.608+0000] {processor.py:799} INFO - Processing file /home/airflow/.local/lib/python3.7/site-packages/airflow/example_dags/example_kubernetes_executor.py for tasks to queue
[2024-06-24T15:25:47.609+0000] {logging_mixin.py:149} INFO - [2024-06-24T15:25:47.609+0000] {dagbag.py:541} INFO - Filling up the DagBag from /home/airflow/.local/lib/python3.7/site-packages/airflow/example_dags/example_kubernetes_executor.py
[2024-06-24T15:25:47.717+0000] {processor.py:809} INFO - DAG(s) dict_keys(['example_kubernetes_executor']) retrieved from /home/airflow/.local/lib/python3.7/site-packages/airflow/example_dags/example_kubernetes_executor.py
[2024-06-24T15:25:47.735+0000] {logging_mixin.py:149} INFO - [2024-06-24T15:25:47.735+0000] {dag.py:2726} INFO - Sync 1 DAGs
[2024-06-24T15:25:47.747+0000] {logging_mixin.py:149} INFO - [2024-06-24T15:25:47.747+0000] {dag.py:3490} INFO - Setting next_dagrun for example_kubernetes_executor to None, run_after=None
[2024-06-24T15:25:47.754+0000] {processor.py:178} INFO - Processing /home/airflow/.local/lib/python3.7/site-packages/airflow/example_dags/example_kubernetes_executor.py took 0.148 seconds
[2024-06-24T15:26:18.161+0000] {processor.py:156} INFO - Started process (PID=2581) to work on /home/airflow/.local/lib/python3.7/site-packages/airflow/example_dags/example_kubernetes_executor.py
[2024-06-24T15:26:18.161+0000] {processor.py:799} INFO - Processing file /home/airflow/.local/lib/python3.7/site-packages/airflow/example_dags/example_kubernetes_executor.py for tasks to queue
[2024-06-24T15:26:18.161+0000] {logging_mixin.py:149} INFO - [2024-06-24T15:26:18.161+0000] {dagbag.py:541} INFO - Filling up the DagBag from /home/airflow/.local/lib/python3.7/site-packages/airflow/example_dags/example_kubernetes_executor.py
[2024-06-24T15:26:18.288+0000] {processor.py:809} INFO - DAG(s) dict_keys(['example_kubernetes_executor']) retrieved from /home/airflow/.local/lib/python3.7/site-packages/airflow/example_dags/example_kubernetes_executor.py
[2024-06-24T15:26:18.309+0000] {logging_mixin.py:149} INFO - [2024-06-24T15:26:18.309+0000] {dag.py:2726} INFO - Sync 1 DAGs
[2024-06-24T15:26:18.322+0000] {logging_mixin.py:149} INFO - [2024-06-24T15:26:18.322+0000] {dag.py:3490} INFO - Setting next_dagrun for example_kubernetes_executor to None, run_after=None
[2024-06-24T15:26:18.331+0000] {processor.py:178} INFO - Processing /home/airflow/.local/lib/python3.7/site-packages/airflow/example_dags/example_kubernetes_executor.py took 0.173 seconds
[2024-06-24T15:26:48.945+0000] {processor.py:156} INFO - Started process (PID=2650) to work on /home/airflow/.local/lib/python3.7/site-packages/airflow/example_dags/example_kubernetes_executor.py
[2024-06-24T15:26:48.946+0000] {processor.py:799} INFO - Processing file /home/airflow/.local/lib/python3.7/site-packages/airflow/example_dags/example_kubernetes_executor.py for tasks to queue
[2024-06-24T15:26:48.946+0000] {logging_mixin.py:149} INFO - [2024-06-24T15:26:48.946+0000] {dagbag.py:541} INFO - Filling up the DagBag from /home/airflow/.local/lib/python3.7/site-packages/airflow/example_dags/example_kubernetes_executor.py
[2024-06-24T15:26:49.088+0000] {processor.py:809} INFO - DAG(s) dict_keys(['example_kubernetes_executor']) retrieved from /home/airflow/.local/lib/python3.7/site-packages/airflow/example_dags/example_kubernetes_executor.py
[2024-06-24T15:26:49.109+0000] {logging_mixin.py:149} INFO - [2024-06-24T15:26:49.109+0000] {dag.py:2726} INFO - Sync 1 DAGs
[2024-06-24T15:26:49.122+0000] {logging_mixin.py:149} INFO - [2024-06-24T15:26:49.122+0000] {dag.py:3490} INFO - Setting next_dagrun for example_kubernetes_executor to None, run_after=None
[2024-06-24T15:26:49.130+0000] {processor.py:178} INFO - Processing /home/airflow/.local/lib/python3.7/site-packages/airflow/example_dags/example_kubernetes_executor.py took 0.187 seconds
[2024-06-24T15:27:19.812+0000] {processor.py:156} INFO - Started process (PID=2719) to work on /home/airflow/.local/lib/python3.7/site-packages/airflow/example_dags/example_kubernetes_executor.py
[2024-06-24T15:27:19.813+0000] {processor.py:799} INFO - Processing file /home/airflow/.local/lib/python3.7/site-packages/airflow/example_dags/example_kubernetes_executor.py for tasks to queue
[2024-06-24T15:27:19.813+0000] {logging_mixin.py:149} INFO - [2024-06-24T15:27:19.813+0000] {dagbag.py:541} INFO - Filling up the DagBag from /home/airflow/.local/lib/python3.7/site-packages/airflow/example_dags/example_kubernetes_executor.py
[2024-06-24T15:27:19.972+0000] {processor.py:809} INFO - DAG(s) dict_keys(['example_kubernetes_executor']) retrieved from /home/airflow/.local/lib/python3.7/site-packages/airflow/example_dags/example_kubernetes_executor.py
[2024-06-24T15:27:19.995+0000] {logging_mixin.py:149} INFO - [2024-06-24T15:27:19.994+0000] {dag.py:2726} INFO - Sync 1 DAGs
[2024-06-24T15:27:20.009+0000] {logging_mixin.py:149} INFO - [2024-06-24T15:27:20.009+0000] {dag.py:3490} INFO - Setting next_dagrun for example_kubernetes_executor to None, run_after=None
[2024-06-24T15:27:20.018+0000] {processor.py:178} INFO - Processing /home/airflow/.local/lib/python3.7/site-packages/airflow/example_dags/example_kubernetes_executor.py took 0.210 seconds
[2024-06-24T15:27:50.622+0000] {processor.py:156} INFO - Started process (PID=2788) to work on /home/airflow/.local/lib/python3.7/site-packages/airflow/example_dags/example_kubernetes_executor.py
[2024-06-24T15:27:50.623+0000] {processor.py:799} INFO - Processing file /home/airflow/.local/lib/python3.7/site-packages/airflow/example_dags/example_kubernetes_executor.py for tasks to queue
[2024-06-24T15:27:50.623+0000] {logging_mixin.py:149} INFO - [2024-06-24T15:27:50.623+0000] {dagbag.py:541} INFO - Filling up the DagBag from /home/airflow/.local/lib/python3.7/site-packages/airflow/example_dags/example_kubernetes_executor.py
[2024-06-24T15:27:50.780+0000] {processor.py:809} INFO - DAG(s) dict_keys(['example_kubernetes_executor']) retrieved from /home/airflow/.local/lib/python3.7/site-packages/airflow/example_dags/example_kubernetes_executor.py
[2024-06-24T15:27:50.805+0000] {logging_mixin.py:149} INFO - [2024-06-24T15:27:50.805+0000] {dag.py:2726} INFO - Sync 1 DAGs
[2024-06-24T15:27:50.821+0000] {logging_mixin.py:149} INFO - [2024-06-24T15:27:50.821+0000] {dag.py:3490} INFO - Setting next_dagrun for example_kubernetes_executor to None, run_after=None
[2024-06-24T15:27:50.832+0000] {processor.py:178} INFO - Processing /home/airflow/.local/lib/python3.7/site-packages/airflow/example_dags/example_kubernetes_executor.py took 0.212 seconds
[2024-06-24T15:28:21.516+0000] {processor.py:156} INFO - Started process (PID=2857) to work on /home/airflow/.local/lib/python3.7/site-packages/airflow/example_dags/example_kubernetes_executor.py
[2024-06-24T15:28:21.517+0000] {processor.py:799} INFO - Processing file /home/airflow/.local/lib/python3.7/site-packages/airflow/example_dags/example_kubernetes_executor.py for tasks to queue
[2024-06-24T15:28:21.518+0000] {logging_mixin.py:149} INFO - [2024-06-24T15:28:21.518+0000] {dagbag.py:541} INFO - Filling up the DagBag from /home/airflow/.local/lib/python3.7/site-packages/airflow/example_dags/example_kubernetes_executor.py
[2024-06-24T15:28:21.665+0000] {processor.py:809} INFO - DAG(s) dict_keys(['example_kubernetes_executor']) retrieved from /home/airflow/.local/lib/python3.7/site-packages/airflow/example_dags/example_kubernetes_executor.py
[2024-06-24T15:28:21.685+0000] {logging_mixin.py:149} INFO - [2024-06-24T15:28:21.684+0000] {dag.py:2726} INFO - Sync 1 DAGs
[2024-06-24T15:28:21.696+0000] {logging_mixin.py:149} INFO - [2024-06-24T15:28:21.696+0000] {dag.py:3490} INFO - Setting next_dagrun for example_kubernetes_executor to None, run_after=None
[2024-06-24T15:28:21.703+0000] {processor.py:178} INFO - Processing /home/airflow/.local/lib/python3.7/site-packages/airflow/example_dags/example_kubernetes_executor.py took 0.194 seconds
[2024-06-24T15:28:52.403+0000] {processor.py:156} INFO - Started process (PID=2926) to work on /home/airflow/.local/lib/python3.7/site-packages/airflow/example_dags/example_kubernetes_executor.py
[2024-06-24T15:28:52.403+0000] {processor.py:799} INFO - Processing file /home/airflow/.local/lib/python3.7/site-packages/airflow/example_dags/example_kubernetes_executor.py for tasks to queue
[2024-06-24T15:28:52.404+0000] {logging_mixin.py:149} INFO - [2024-06-24T15:28:52.404+0000] {dagbag.py:541} INFO - Filling up the DagBag from /home/airflow/.local/lib/python3.7/site-packages/airflow/example_dags/example_kubernetes_executor.py
[2024-06-24T15:28:52.515+0000] {processor.py:809} INFO - DAG(s) dict_keys(['example_kubernetes_executor']) retrieved from /home/airflow/.local/lib/python3.7/site-packages/airflow/example_dags/example_kubernetes_executor.py
[2024-06-24T15:28:52.546+0000] {logging_mixin.py:149} INFO - [2024-06-24T15:28:52.546+0000] {dag.py:2726} INFO - Sync 1 DAGs
[2024-06-24T15:28:52.558+0000] {logging_mixin.py:149} INFO - [2024-06-24T15:28:52.558+0000] {dag.py:3490} INFO - Setting next_dagrun for example_kubernetes_executor to None, run_after=None
[2024-06-24T15:28:52.565+0000] {processor.py:178} INFO - Processing /home/airflow/.local/lib/python3.7/site-packages/airflow/example_dags/example_kubernetes_executor.py took 0.166 seconds
[2024-06-24T15:29:23.037+0000] {processor.py:156} INFO - Started process (PID=2994) to work on /home/airflow/.local/lib/python3.7/site-packages/airflow/example_dags/example_kubernetes_executor.py
[2024-06-24T15:29:23.038+0000] {processor.py:799} INFO - Processing file /home/airflow/.local/lib/python3.7/site-packages/airflow/example_dags/example_kubernetes_executor.py for tasks to queue
[2024-06-24T15:29:23.038+0000] {logging_mixin.py:149} INFO - [2024-06-24T15:29:23.038+0000] {dagbag.py:541} INFO - Filling up the DagBag from /home/airflow/.local/lib/python3.7/site-packages/airflow/example_dags/example_kubernetes_executor.py
[2024-06-24T15:29:23.181+0000] {processor.py:809} INFO - DAG(s) dict_keys(['example_kubernetes_executor']) retrieved from /home/airflow/.local/lib/python3.7/site-packages/airflow/example_dags/example_kubernetes_executor.py
[2024-06-24T15:29:23.200+0000] {logging_mixin.py:149} INFO - [2024-06-24T15:29:23.200+0000] {dag.py:2726} INFO - Sync 1 DAGs
[2024-06-24T15:29:23.214+0000] {logging_mixin.py:149} INFO - [2024-06-24T15:29:23.214+0000] {dag.py:3490} INFO - Setting next_dagrun for example_kubernetes_executor to None, run_after=None
[2024-06-24T15:29:23.221+0000] {processor.py:178} INFO - Processing /home/airflow/.local/lib/python3.7/site-packages/airflow/example_dags/example_kubernetes_executor.py took 0.188 seconds
[2024-06-24T15:29:53.746+0000] {processor.py:156} INFO - Started process (PID=3063) to work on /home/airflow/.local/lib/python3.7/site-packages/airflow/example_dags/example_kubernetes_executor.py
[2024-06-24T15:29:53.749+0000] {processor.py:799} INFO - Processing file /home/airflow/.local/lib/python3.7/site-packages/airflow/example_dags/example_kubernetes_executor.py for tasks to queue
[2024-06-24T15:29:53.749+0000] {logging_mixin.py:149} INFO - [2024-06-24T15:29:53.749+0000] {dagbag.py:541} INFO - Filling up the DagBag from /home/airflow/.local/lib/python3.7/site-packages/airflow/example_dags/example_kubernetes_executor.py
[2024-06-24T15:29:53.870+0000] {processor.py:809} INFO - DAG(s) dict_keys(['example_kubernetes_executor']) retrieved from /home/airflow/.local/lib/python3.7/site-packages/airflow/example_dags/example_kubernetes_executor.py
[2024-06-24T15:29:53.891+0000] {logging_mixin.py:149} INFO - [2024-06-24T15:29:53.891+0000] {dag.py:2726} INFO - Sync 1 DAGs
[2024-06-24T15:29:53.907+0000] {logging_mixin.py:149} INFO - [2024-06-24T15:29:53.907+0000] {dag.py:3490} INFO - Setting next_dagrun for example_kubernetes_executor to None, run_after=None
[2024-06-24T15:29:53.916+0000] {processor.py:178} INFO - Processing /home/airflow/.local/lib/python3.7/site-packages/airflow/example_dags/example_kubernetes_executor.py took 0.173 seconds
[2024-06-24T15:30:24.393+0000] {processor.py:156} INFO - Started process (PID=3131) to work on /home/airflow/.local/lib/python3.7/site-packages/airflow/example_dags/example_kubernetes_executor.py
[2024-06-24T15:30:24.394+0000] {processor.py:799} INFO - Processing file /home/airflow/.local/lib/python3.7/site-packages/airflow/example_dags/example_kubernetes_executor.py for tasks to queue
[2024-06-24T15:30:24.394+0000] {logging_mixin.py:149} INFO - [2024-06-24T15:30:24.394+0000] {dagbag.py:541} INFO - Filling up the DagBag from /home/airflow/.local/lib/python3.7/site-packages/airflow/example_dags/example_kubernetes_executor.py
[2024-06-24T15:30:24.543+0000] {processor.py:809} INFO - DAG(s) dict_keys(['example_kubernetes_executor']) retrieved from /home/airflow/.local/lib/python3.7/site-packages/airflow/example_dags/example_kubernetes_executor.py
[2024-06-24T15:30:24.564+0000] {logging_mixin.py:149} INFO - [2024-06-24T15:30:24.564+0000] {dag.py:2726} INFO - Sync 1 DAGs
[2024-06-24T15:30:24.575+0000] {logging_mixin.py:149} INFO - [2024-06-24T15:30:24.575+0000] {dag.py:3490} INFO - Setting next_dagrun for example_kubernetes_executor to None, run_after=None
[2024-06-24T15:30:24.583+0000] {processor.py:178} INFO - Processing /home/airflow/.local/lib/python3.7/site-packages/airflow/example_dags/example_kubernetes_executor.py took 0.194 seconds
