[2024-06-24T15:03:50.389+0000] {processor.py:156} INFO - Started process (PID=65) to work on /home/airflow/.local/lib/python3.7/site-packages/airflow/example_dags/example_external_task_marker_dag.py
[2024-06-24T15:03:50.390+0000] {processor.py:799} INFO - Processing file /home/airflow/.local/lib/python3.7/site-packages/airflow/example_dags/example_external_task_marker_dag.py for tasks to queue
[2024-06-24T15:03:50.390+0000] {logging_mixin.py:149} INFO - [2024-06-24T15:03:50.390+0000] {dagbag.py:541} INFO - Filling up the DagBag from /home/airflow/.local/lib/python3.7/site-packages/airflow/example_dags/example_external_task_marker_dag.py
[2024-06-24T15:03:50.395+0000] {processor.py:809} INFO - DAG(s) dict_keys(['example_external_task_marker_parent', 'example_external_task_marker_child']) retrieved from /home/airflow/.local/lib/python3.7/site-packages/airflow/example_dags/example_external_task_marker_dag.py
[2024-06-24T15:03:50.457+0000] {logging_mixin.py:149} INFO - [2024-06-24T15:03:50.457+0000] {manager.py:504} INFO - Created Permission View: can delete on DAG:example_external_task_marker_parent
[2024-06-24T15:03:50.462+0000] {logging_mixin.py:149} INFO - [2024-06-24T15:03:50.462+0000] {manager.py:504} INFO - Created Permission View: can edit on DAG:example_external_task_marker_parent
[2024-06-24T15:03:50.466+0000] {logging_mixin.py:149} INFO - [2024-06-24T15:03:50.466+0000] {manager.py:504} INFO - Created Permission View: can read on DAG:example_external_task_marker_parent
[2024-06-24T15:03:50.475+0000] {logging_mixin.py:149} INFO - [2024-06-24T15:03:50.475+0000] {manager.py:504} INFO - Created Permission View: can delete on DAG:example_external_task_marker_child
[2024-06-24T15:03:50.479+0000] {logging_mixin.py:149} INFO - [2024-06-24T15:03:50.479+0000] {manager.py:504} INFO - Created Permission View: can edit on DAG:example_external_task_marker_child
[2024-06-24T15:03:50.482+0000] {logging_mixin.py:149} INFO - [2024-06-24T15:03:50.482+0000] {manager.py:504} INFO - Created Permission View: can read on DAG:example_external_task_marker_child
[2024-06-24T15:03:50.483+0000] {logging_mixin.py:149} INFO - [2024-06-24T15:03:50.483+0000] {dag.py:2726} INFO - Sync 2 DAGs
[2024-06-24T15:03:50.490+0000] {logging_mixin.py:149} INFO - [2024-06-24T15:03:50.490+0000] {dag.py:2747} INFO - Creating ORM DAG for example_external_task_marker_child
[2024-06-24T15:03:50.491+0000] {logging_mixin.py:149} INFO - [2024-06-24T15:03:50.491+0000] {dag.py:2747} INFO - Creating ORM DAG for example_external_task_marker_parent
[2024-06-24T15:03:50.496+0000] {logging_mixin.py:149} INFO - [2024-06-24T15:03:50.496+0000] {dag.py:3490} INFO - Setting next_dagrun for example_external_task_marker_child to None, run_after=None
[2024-06-24T15:03:50.496+0000] {logging_mixin.py:149} INFO - [2024-06-24T15:03:50.496+0000] {dag.py:3490} INFO - Setting next_dagrun for example_external_task_marker_parent to None, run_after=None
[2024-06-24T15:03:50.508+0000] {processor.py:178} INFO - Processing /home/airflow/.local/lib/python3.7/site-packages/airflow/example_dags/example_external_task_marker_dag.py took 0.120 seconds
[2024-06-24T15:04:21.127+0000] {processor.py:156} INFO - Started process (PID=134) to work on /home/airflow/.local/lib/python3.7/site-packages/airflow/example_dags/example_external_task_marker_dag.py
[2024-06-24T15:04:21.127+0000] {processor.py:799} INFO - Processing file /home/airflow/.local/lib/python3.7/site-packages/airflow/example_dags/example_external_task_marker_dag.py for tasks to queue
[2024-06-24T15:04:21.127+0000] {logging_mixin.py:149} INFO - [2024-06-24T15:04:21.127+0000] {dagbag.py:541} INFO - Filling up the DagBag from /home/airflow/.local/lib/python3.7/site-packages/airflow/example_dags/example_external_task_marker_dag.py
[2024-06-24T15:04:21.130+0000] {processor.py:809} INFO - DAG(s) dict_keys(['example_external_task_marker_parent', 'example_external_task_marker_child']) retrieved from /home/airflow/.local/lib/python3.7/site-packages/airflow/example_dags/example_external_task_marker_dag.py
[2024-06-24T15:04:21.145+0000] {logging_mixin.py:149} INFO - [2024-06-24T15:04:21.144+0000] {dag.py:2726} INFO - Sync 2 DAGs
[2024-06-24T15:04:21.156+0000] {logging_mixin.py:149} INFO - [2024-06-24T15:04:21.156+0000] {dag.py:3490} INFO - Setting next_dagrun for example_external_task_marker_child to None, run_after=None
[2024-06-24T15:04:21.158+0000] {logging_mixin.py:149} INFO - [2024-06-24T15:04:21.158+0000] {dag.py:3490} INFO - Setting next_dagrun for example_external_task_marker_parent to None, run_after=None
[2024-06-24T15:04:21.164+0000] {processor.py:178} INFO - Processing /home/airflow/.local/lib/python3.7/site-packages/airflow/example_dags/example_external_task_marker_dag.py took 0.039 seconds
[2024-06-24T15:04:51.740+0000] {processor.py:156} INFO - Started process (PID=202) to work on /home/airflow/.local/lib/python3.7/site-packages/airflow/example_dags/example_external_task_marker_dag.py
[2024-06-24T15:04:51.740+0000] {processor.py:799} INFO - Processing file /home/airflow/.local/lib/python3.7/site-packages/airflow/example_dags/example_external_task_marker_dag.py for tasks to queue
[2024-06-24T15:04:51.741+0000] {logging_mixin.py:149} INFO - [2024-06-24T15:04:51.741+0000] {dagbag.py:541} INFO - Filling up the DagBag from /home/airflow/.local/lib/python3.7/site-packages/airflow/example_dags/example_external_task_marker_dag.py
[2024-06-24T15:04:51.743+0000] {processor.py:809} INFO - DAG(s) dict_keys(['example_external_task_marker_child', 'example_external_task_marker_parent']) retrieved from /home/airflow/.local/lib/python3.7/site-packages/airflow/example_dags/example_external_task_marker_dag.py
[2024-06-24T15:04:51.753+0000] {logging_mixin.py:149} INFO - [2024-06-24T15:04:51.753+0000] {dag.py:2726} INFO - Sync 2 DAGs
[2024-06-24T15:04:51.762+0000] {logging_mixin.py:149} INFO - [2024-06-24T15:04:51.762+0000] {dag.py:3490} INFO - Setting next_dagrun for example_external_task_marker_child to None, run_after=None
[2024-06-24T15:04:51.763+0000] {logging_mixin.py:149} INFO - [2024-06-24T15:04:51.763+0000] {dag.py:3490} INFO - Setting next_dagrun for example_external_task_marker_parent to None, run_after=None
[2024-06-24T15:04:51.769+0000] {processor.py:178} INFO - Processing /home/airflow/.local/lib/python3.7/site-packages/airflow/example_dags/example_external_task_marker_dag.py took 0.030 seconds
[2024-06-24T15:05:22.291+0000] {processor.py:156} INFO - Started process (PID=271) to work on /home/airflow/.local/lib/python3.7/site-packages/airflow/example_dags/example_external_task_marker_dag.py
[2024-06-24T15:05:22.291+0000] {processor.py:799} INFO - Processing file /home/airflow/.local/lib/python3.7/site-packages/airflow/example_dags/example_external_task_marker_dag.py for tasks to queue
[2024-06-24T15:05:22.291+0000] {logging_mixin.py:149} INFO - [2024-06-24T15:05:22.291+0000] {dagbag.py:541} INFO - Filling up the DagBag from /home/airflow/.local/lib/python3.7/site-packages/airflow/example_dags/example_external_task_marker_dag.py
[2024-06-24T15:05:22.293+0000] {processor.py:809} INFO - DAG(s) dict_keys(['example_external_task_marker_parent', 'example_external_task_marker_child']) retrieved from /home/airflow/.local/lib/python3.7/site-packages/airflow/example_dags/example_external_task_marker_dag.py
[2024-06-24T15:05:22.304+0000] {logging_mixin.py:149} INFO - [2024-06-24T15:05:22.304+0000] {dag.py:2726} INFO - Sync 2 DAGs
[2024-06-24T15:05:22.314+0000] {logging_mixin.py:149} INFO - [2024-06-24T15:05:22.314+0000] {dag.py:3490} INFO - Setting next_dagrun for example_external_task_marker_child to None, run_after=None
[2024-06-24T15:05:22.315+0000] {logging_mixin.py:149} INFO - [2024-06-24T15:05:22.315+0000] {dag.py:3490} INFO - Setting next_dagrun for example_external_task_marker_parent to None, run_after=None
[2024-06-24T15:05:22.321+0000] {processor.py:178} INFO - Processing /home/airflow/.local/lib/python3.7/site-packages/airflow/example_dags/example_external_task_marker_dag.py took 0.032 seconds
[2024-06-24T15:05:52.932+0000] {processor.py:156} INFO - Started process (PID=340) to work on /home/airflow/.local/lib/python3.7/site-packages/airflow/example_dags/example_external_task_marker_dag.py
[2024-06-24T15:05:52.933+0000] {processor.py:799} INFO - Processing file /home/airflow/.local/lib/python3.7/site-packages/airflow/example_dags/example_external_task_marker_dag.py for tasks to queue
[2024-06-24T15:05:52.933+0000] {logging_mixin.py:149} INFO - [2024-06-24T15:05:52.933+0000] {dagbag.py:541} INFO - Filling up the DagBag from /home/airflow/.local/lib/python3.7/site-packages/airflow/example_dags/example_external_task_marker_dag.py
[2024-06-24T15:05:52.935+0000] {processor.py:809} INFO - DAG(s) dict_keys(['example_external_task_marker_child', 'example_external_task_marker_parent']) retrieved from /home/airflow/.local/lib/python3.7/site-packages/airflow/example_dags/example_external_task_marker_dag.py
[2024-06-24T15:05:52.946+0000] {logging_mixin.py:149} INFO - [2024-06-24T15:05:52.946+0000] {dag.py:2726} INFO - Sync 2 DAGs
[2024-06-24T15:05:52.956+0000] {logging_mixin.py:149} INFO - [2024-06-24T15:05:52.956+0000] {dag.py:3490} INFO - Setting next_dagrun for example_external_task_marker_child to None, run_after=None
[2024-06-24T15:05:52.958+0000] {logging_mixin.py:149} INFO - [2024-06-24T15:05:52.958+0000] {dag.py:3490} INFO - Setting next_dagrun for example_external_task_marker_parent to None, run_after=None
[2024-06-24T15:05:52.964+0000] {processor.py:178} INFO - Processing /home/airflow/.local/lib/python3.7/site-packages/airflow/example_dags/example_external_task_marker_dag.py took 0.033 seconds
[2024-06-24T15:06:23.565+0000] {processor.py:156} INFO - Started process (PID=408) to work on /home/airflow/.local/lib/python3.7/site-packages/airflow/example_dags/example_external_task_marker_dag.py
[2024-06-24T15:06:23.566+0000] {processor.py:799} INFO - Processing file /home/airflow/.local/lib/python3.7/site-packages/airflow/example_dags/example_external_task_marker_dag.py for tasks to queue
[2024-06-24T15:06:23.566+0000] {logging_mixin.py:149} INFO - [2024-06-24T15:06:23.566+0000] {dagbag.py:541} INFO - Filling up the DagBag from /home/airflow/.local/lib/python3.7/site-packages/airflow/example_dags/example_external_task_marker_dag.py
[2024-06-24T15:06:23.568+0000] {processor.py:809} INFO - DAG(s) dict_keys(['example_external_task_marker_child', 'example_external_task_marker_parent']) retrieved from /home/airflow/.local/lib/python3.7/site-packages/airflow/example_dags/example_external_task_marker_dag.py
[2024-06-24T15:06:23.578+0000] {logging_mixin.py:149} INFO - [2024-06-24T15:06:23.578+0000] {dag.py:2726} INFO - Sync 2 DAGs
[2024-06-24T15:06:23.588+0000] {logging_mixin.py:149} INFO - [2024-06-24T15:06:23.588+0000] {dag.py:3490} INFO - Setting next_dagrun for example_external_task_marker_child to None, run_after=None
[2024-06-24T15:06:23.589+0000] {logging_mixin.py:149} INFO - [2024-06-24T15:06:23.589+0000] {dag.py:3490} INFO - Setting next_dagrun for example_external_task_marker_parent to None, run_after=None
[2024-06-24T15:06:23.595+0000] {processor.py:178} INFO - Processing /home/airflow/.local/lib/python3.7/site-packages/airflow/example_dags/example_external_task_marker_dag.py took 0.030 seconds
[2024-06-24T15:06:54.213+0000] {processor.py:156} INFO - Started process (PID=477) to work on /home/airflow/.local/lib/python3.7/site-packages/airflow/example_dags/example_external_task_marker_dag.py
[2024-06-24T15:06:54.213+0000] {processor.py:799} INFO - Processing file /home/airflow/.local/lib/python3.7/site-packages/airflow/example_dags/example_external_task_marker_dag.py for tasks to queue
[2024-06-24T15:06:54.214+0000] {logging_mixin.py:149} INFO - [2024-06-24T15:06:54.214+0000] {dagbag.py:541} INFO - Filling up the DagBag from /home/airflow/.local/lib/python3.7/site-packages/airflow/example_dags/example_external_task_marker_dag.py
[2024-06-24T15:06:54.216+0000] {processor.py:809} INFO - DAG(s) dict_keys(['example_external_task_marker_parent', 'example_external_task_marker_child']) retrieved from /home/airflow/.local/lib/python3.7/site-packages/airflow/example_dags/example_external_task_marker_dag.py
[2024-06-24T15:06:54.226+0000] {logging_mixin.py:149} INFO - [2024-06-24T15:06:54.226+0000] {dag.py:2726} INFO - Sync 2 DAGs
[2024-06-24T15:06:54.236+0000] {logging_mixin.py:149} INFO - [2024-06-24T15:06:54.236+0000] {dag.py:3490} INFO - Setting next_dagrun for example_external_task_marker_child to None, run_after=None
[2024-06-24T15:06:54.237+0000] {logging_mixin.py:149} INFO - [2024-06-24T15:06:54.237+0000] {dag.py:3490} INFO - Setting next_dagrun for example_external_task_marker_parent to None, run_after=None
[2024-06-24T15:06:54.242+0000] {processor.py:178} INFO - Processing /home/airflow/.local/lib/python3.7/site-packages/airflow/example_dags/example_external_task_marker_dag.py took 0.030 seconds
[2024-06-24T15:07:53.700+0000] {processor.py:156} INFO - Started process (PID=65) to work on /home/airflow/.local/lib/python3.7/site-packages/airflow/example_dags/example_external_task_marker_dag.py
[2024-06-24T15:07:53.700+0000] {processor.py:799} INFO - Processing file /home/airflow/.local/lib/python3.7/site-packages/airflow/example_dags/example_external_task_marker_dag.py for tasks to queue
[2024-06-24T15:07:53.701+0000] {logging_mixin.py:149} INFO - [2024-06-24T15:07:53.701+0000] {dagbag.py:541} INFO - Filling up the DagBag from /home/airflow/.local/lib/python3.7/site-packages/airflow/example_dags/example_external_task_marker_dag.py
[2024-06-24T15:07:53.707+0000] {processor.py:809} INFO - DAG(s) dict_keys(['example_external_task_marker_child', 'example_external_task_marker_parent']) retrieved from /home/airflow/.local/lib/python3.7/site-packages/airflow/example_dags/example_external_task_marker_dag.py
[2024-06-24T15:07:53.720+0000] {logging_mixin.py:149} INFO - [2024-06-24T15:07:53.720+0000] {dag.py:2726} INFO - Sync 2 DAGs
[2024-06-24T15:07:53.734+0000] {logging_mixin.py:149} INFO - [2024-06-24T15:07:53.734+0000] {dag.py:3490} INFO - Setting next_dagrun for example_external_task_marker_child to None, run_after=None
[2024-06-24T15:07:53.736+0000] {logging_mixin.py:149} INFO - [2024-06-24T15:07:53.736+0000] {dag.py:3490} INFO - Setting next_dagrun for example_external_task_marker_parent to None, run_after=None
[2024-06-24T15:07:53.745+0000] {processor.py:178} INFO - Processing /home/airflow/.local/lib/python3.7/site-packages/airflow/example_dags/example_external_task_marker_dag.py took 0.047 seconds
[2024-06-24T15:08:24.084+0000] {processor.py:156} INFO - Started process (PID=138) to work on /home/airflow/.local/lib/python3.7/site-packages/airflow/example_dags/example_external_task_marker_dag.py
[2024-06-24T15:08:24.085+0000] {processor.py:799} INFO - Processing file /home/airflow/.local/lib/python3.7/site-packages/airflow/example_dags/example_external_task_marker_dag.py for tasks to queue
[2024-06-24T15:08:24.085+0000] {logging_mixin.py:149} INFO - [2024-06-24T15:08:24.085+0000] {dagbag.py:541} INFO - Filling up the DagBag from /home/airflow/.local/lib/python3.7/site-packages/airflow/example_dags/example_external_task_marker_dag.py
[2024-06-24T15:08:24.087+0000] {processor.py:809} INFO - DAG(s) dict_keys(['example_external_task_marker_parent', 'example_external_task_marker_child']) retrieved from /home/airflow/.local/lib/python3.7/site-packages/airflow/example_dags/example_external_task_marker_dag.py
[2024-06-24T15:08:24.099+0000] {logging_mixin.py:149} INFO - [2024-06-24T15:08:24.099+0000] {dag.py:2726} INFO - Sync 2 DAGs
[2024-06-24T15:08:24.109+0000] {logging_mixin.py:149} INFO - [2024-06-24T15:08:24.109+0000] {dag.py:3490} INFO - Setting next_dagrun for example_external_task_marker_child to None, run_after=None
[2024-06-24T15:08:24.110+0000] {logging_mixin.py:149} INFO - [2024-06-24T15:08:24.110+0000] {dag.py:3490} INFO - Setting next_dagrun for example_external_task_marker_parent to None, run_after=None
[2024-06-24T15:08:24.116+0000] {processor.py:178} INFO - Processing /home/airflow/.local/lib/python3.7/site-packages/airflow/example_dags/example_external_task_marker_dag.py took 0.033 seconds
[2024-06-24T15:08:54.676+0000] {processor.py:156} INFO - Started process (PID=207) to work on /home/airflow/.local/lib/python3.7/site-packages/airflow/example_dags/example_external_task_marker_dag.py
[2024-06-24T15:08:54.676+0000] {processor.py:799} INFO - Processing file /home/airflow/.local/lib/python3.7/site-packages/airflow/example_dags/example_external_task_marker_dag.py for tasks to queue
[2024-06-24T15:08:54.676+0000] {logging_mixin.py:149} INFO - [2024-06-24T15:08:54.676+0000] {dagbag.py:541} INFO - Filling up the DagBag from /home/airflow/.local/lib/python3.7/site-packages/airflow/example_dags/example_external_task_marker_dag.py
[2024-06-24T15:08:54.678+0000] {processor.py:809} INFO - DAG(s) dict_keys(['example_external_task_marker_parent', 'example_external_task_marker_child']) retrieved from /home/airflow/.local/lib/python3.7/site-packages/airflow/example_dags/example_external_task_marker_dag.py
[2024-06-24T15:08:54.690+0000] {logging_mixin.py:149} INFO - [2024-06-24T15:08:54.690+0000] {dag.py:2726} INFO - Sync 2 DAGs
[2024-06-24T15:08:54.700+0000] {logging_mixin.py:149} INFO - [2024-06-24T15:08:54.700+0000] {dag.py:3490} INFO - Setting next_dagrun for example_external_task_marker_child to None, run_after=None
[2024-06-24T15:08:54.701+0000] {logging_mixin.py:149} INFO - [2024-06-24T15:08:54.701+0000] {dag.py:3490} INFO - Setting next_dagrun for example_external_task_marker_parent to None, run_after=None
[2024-06-24T15:08:54.707+0000] {processor.py:178} INFO - Processing /home/airflow/.local/lib/python3.7/site-packages/airflow/example_dags/example_external_task_marker_dag.py took 0.033 seconds
[2024-06-24T15:09:25.457+0000] {processor.py:156} INFO - Started process (PID=276) to work on /home/airflow/.local/lib/python3.7/site-packages/airflow/example_dags/example_external_task_marker_dag.py
[2024-06-24T15:09:25.457+0000] {processor.py:799} INFO - Processing file /home/airflow/.local/lib/python3.7/site-packages/airflow/example_dags/example_external_task_marker_dag.py for tasks to queue
[2024-06-24T15:09:25.457+0000] {logging_mixin.py:149} INFO - [2024-06-24T15:09:25.457+0000] {dagbag.py:541} INFO - Filling up the DagBag from /home/airflow/.local/lib/python3.7/site-packages/airflow/example_dags/example_external_task_marker_dag.py
[2024-06-24T15:09:25.460+0000] {processor.py:809} INFO - DAG(s) dict_keys(['example_external_task_marker_child', 'example_external_task_marker_parent']) retrieved from /home/airflow/.local/lib/python3.7/site-packages/airflow/example_dags/example_external_task_marker_dag.py
[2024-06-24T15:09:25.472+0000] {logging_mixin.py:149} INFO - [2024-06-24T15:09:25.472+0000] {dag.py:2726} INFO - Sync 2 DAGs
[2024-06-24T15:09:25.483+0000] {logging_mixin.py:149} INFO - [2024-06-24T15:09:25.483+0000] {dag.py:3490} INFO - Setting next_dagrun for example_external_task_marker_child to None, run_after=None
[2024-06-24T15:09:25.485+0000] {logging_mixin.py:149} INFO - [2024-06-24T15:09:25.484+0000] {dag.py:3490} INFO - Setting next_dagrun for example_external_task_marker_parent to None, run_after=None
[2024-06-24T15:09:25.490+0000] {processor.py:178} INFO - Processing /home/airflow/.local/lib/python3.7/site-packages/airflow/example_dags/example_external_task_marker_dag.py took 0.035 seconds
[2024-06-24T15:09:56.037+0000] {processor.py:156} INFO - Started process (PID=345) to work on /home/airflow/.local/lib/python3.7/site-packages/airflow/example_dags/example_external_task_marker_dag.py
[2024-06-24T15:09:56.037+0000] {processor.py:799} INFO - Processing file /home/airflow/.local/lib/python3.7/site-packages/airflow/example_dags/example_external_task_marker_dag.py for tasks to queue
[2024-06-24T15:09:56.038+0000] {logging_mixin.py:149} INFO - [2024-06-24T15:09:56.038+0000] {dagbag.py:541} INFO - Filling up the DagBag from /home/airflow/.local/lib/python3.7/site-packages/airflow/example_dags/example_external_task_marker_dag.py
[2024-06-24T15:09:56.040+0000] {processor.py:809} INFO - DAG(s) dict_keys(['example_external_task_marker_child', 'example_external_task_marker_parent']) retrieved from /home/airflow/.local/lib/python3.7/site-packages/airflow/example_dags/example_external_task_marker_dag.py
[2024-06-24T15:09:56.052+0000] {logging_mixin.py:149} INFO - [2024-06-24T15:09:56.052+0000] {dag.py:2726} INFO - Sync 2 DAGs
[2024-06-24T15:09:56.062+0000] {logging_mixin.py:149} INFO - [2024-06-24T15:09:56.062+0000] {dag.py:3490} INFO - Setting next_dagrun for example_external_task_marker_child to None, run_after=None
[2024-06-24T15:09:56.064+0000] {logging_mixin.py:149} INFO - [2024-06-24T15:09:56.063+0000] {dag.py:3490} INFO - Setting next_dagrun for example_external_task_marker_parent to None, run_after=None
[2024-06-24T15:09:56.070+0000] {processor.py:178} INFO - Processing /home/airflow/.local/lib/python3.7/site-packages/airflow/example_dags/example_external_task_marker_dag.py took 0.035 seconds
[2024-06-24T15:10:26.715+0000] {processor.py:156} INFO - Started process (PID=414) to work on /home/airflow/.local/lib/python3.7/site-packages/airflow/example_dags/example_external_task_marker_dag.py
[2024-06-24T15:10:26.715+0000] {processor.py:799} INFO - Processing file /home/airflow/.local/lib/python3.7/site-packages/airflow/example_dags/example_external_task_marker_dag.py for tasks to queue
[2024-06-24T15:10:26.715+0000] {logging_mixin.py:149} INFO - [2024-06-24T15:10:26.715+0000] {dagbag.py:541} INFO - Filling up the DagBag from /home/airflow/.local/lib/python3.7/site-packages/airflow/example_dags/example_external_task_marker_dag.py
[2024-06-24T15:10:26.718+0000] {processor.py:809} INFO - DAG(s) dict_keys(['example_external_task_marker_child', 'example_external_task_marker_parent']) retrieved from /home/airflow/.local/lib/python3.7/site-packages/airflow/example_dags/example_external_task_marker_dag.py
[2024-06-24T15:10:26.730+0000] {logging_mixin.py:149} INFO - [2024-06-24T15:10:26.730+0000] {dag.py:2726} INFO - Sync 2 DAGs
[2024-06-24T15:10:26.741+0000] {logging_mixin.py:149} INFO - [2024-06-24T15:10:26.741+0000] {dag.py:3490} INFO - Setting next_dagrun for example_external_task_marker_child to None, run_after=None
[2024-06-24T15:10:26.743+0000] {logging_mixin.py:149} INFO - [2024-06-24T15:10:26.742+0000] {dag.py:3490} INFO - Setting next_dagrun for example_external_task_marker_parent to None, run_after=None
[2024-06-24T15:10:26.749+0000] {processor.py:178} INFO - Processing /home/airflow/.local/lib/python3.7/site-packages/airflow/example_dags/example_external_task_marker_dag.py took 0.036 seconds
[2024-06-24T15:10:57.450+0000] {processor.py:156} INFO - Started process (PID=483) to work on /home/airflow/.local/lib/python3.7/site-packages/airflow/example_dags/example_external_task_marker_dag.py
[2024-06-24T15:10:57.450+0000] {processor.py:799} INFO - Processing file /home/airflow/.local/lib/python3.7/site-packages/airflow/example_dags/example_external_task_marker_dag.py for tasks to queue
[2024-06-24T15:10:57.450+0000] {logging_mixin.py:149} INFO - [2024-06-24T15:10:57.450+0000] {dagbag.py:541} INFO - Filling up the DagBag from /home/airflow/.local/lib/python3.7/site-packages/airflow/example_dags/example_external_task_marker_dag.py
[2024-06-24T15:10:57.453+0000] {processor.py:809} INFO - DAG(s) dict_keys(['example_external_task_marker_parent', 'example_external_task_marker_child']) retrieved from /home/airflow/.local/lib/python3.7/site-packages/airflow/example_dags/example_external_task_marker_dag.py
[2024-06-24T15:10:57.466+0000] {logging_mixin.py:149} INFO - [2024-06-24T15:10:57.466+0000] {dag.py:2726} INFO - Sync 2 DAGs
[2024-06-24T15:10:57.477+0000] {logging_mixin.py:149} INFO - [2024-06-24T15:10:57.477+0000] {dag.py:3490} INFO - Setting next_dagrun for example_external_task_marker_child to None, run_after=None
[2024-06-24T15:10:57.479+0000] {logging_mixin.py:149} INFO - [2024-06-24T15:10:57.479+0000] {dag.py:3490} INFO - Setting next_dagrun for example_external_task_marker_parent to None, run_after=None
[2024-06-24T15:10:57.486+0000] {processor.py:178} INFO - Processing /home/airflow/.local/lib/python3.7/site-packages/airflow/example_dags/example_external_task_marker_dag.py took 0.037 seconds
[2024-06-24T15:11:28.187+0000] {processor.py:156} INFO - Started process (PID=552) to work on /home/airflow/.local/lib/python3.7/site-packages/airflow/example_dags/example_external_task_marker_dag.py
[2024-06-24T15:11:28.187+0000] {processor.py:799} INFO - Processing file /home/airflow/.local/lib/python3.7/site-packages/airflow/example_dags/example_external_task_marker_dag.py for tasks to queue
[2024-06-24T15:11:28.188+0000] {logging_mixin.py:149} INFO - [2024-06-24T15:11:28.188+0000] {dagbag.py:541} INFO - Filling up the DagBag from /home/airflow/.local/lib/python3.7/site-packages/airflow/example_dags/example_external_task_marker_dag.py
[2024-06-24T15:11:28.190+0000] {processor.py:809} INFO - DAG(s) dict_keys(['example_external_task_marker_parent', 'example_external_task_marker_child']) retrieved from /home/airflow/.local/lib/python3.7/site-packages/airflow/example_dags/example_external_task_marker_dag.py
[2024-06-24T15:11:28.201+0000] {logging_mixin.py:149} INFO - [2024-06-24T15:11:28.201+0000] {dag.py:2726} INFO - Sync 2 DAGs
[2024-06-24T15:11:28.211+0000] {logging_mixin.py:149} INFO - [2024-06-24T15:11:28.211+0000] {dag.py:3490} INFO - Setting next_dagrun for example_external_task_marker_child to None, run_after=None
[2024-06-24T15:11:28.213+0000] {logging_mixin.py:149} INFO - [2024-06-24T15:11:28.213+0000] {dag.py:3490} INFO - Setting next_dagrun for example_external_task_marker_parent to None, run_after=None
[2024-06-24T15:11:28.219+0000] {processor.py:178} INFO - Processing /home/airflow/.local/lib/python3.7/site-packages/airflow/example_dags/example_external_task_marker_dag.py took 0.033 seconds
[2024-06-24T15:11:58.983+0000] {processor.py:156} INFO - Started process (PID=621) to work on /home/airflow/.local/lib/python3.7/site-packages/airflow/example_dags/example_external_task_marker_dag.py
[2024-06-24T15:11:58.983+0000] {processor.py:799} INFO - Processing file /home/airflow/.local/lib/python3.7/site-packages/airflow/example_dags/example_external_task_marker_dag.py for tasks to queue
[2024-06-24T15:11:58.983+0000] {logging_mixin.py:149} INFO - [2024-06-24T15:11:58.983+0000] {dagbag.py:541} INFO - Filling up the DagBag from /home/airflow/.local/lib/python3.7/site-packages/airflow/example_dags/example_external_task_marker_dag.py
[2024-06-24T15:11:58.985+0000] {processor.py:809} INFO - DAG(s) dict_keys(['example_external_task_marker_parent', 'example_external_task_marker_child']) retrieved from /home/airflow/.local/lib/python3.7/site-packages/airflow/example_dags/example_external_task_marker_dag.py
[2024-06-24T15:11:58.996+0000] {logging_mixin.py:149} INFO - [2024-06-24T15:11:58.996+0000] {dag.py:2726} INFO - Sync 2 DAGs
[2024-06-24T15:11:59.006+0000] {logging_mixin.py:149} INFO - [2024-06-24T15:11:59.006+0000] {dag.py:3490} INFO - Setting next_dagrun for example_external_task_marker_child to None, run_after=None
[2024-06-24T15:11:59.008+0000] {logging_mixin.py:149} INFO - [2024-06-24T15:11:59.008+0000] {dag.py:3490} INFO - Setting next_dagrun for example_external_task_marker_parent to None, run_after=None
[2024-06-24T15:11:59.014+0000] {processor.py:178} INFO - Processing /home/airflow/.local/lib/python3.7/site-packages/airflow/example_dags/example_external_task_marker_dag.py took 0.032 seconds
[2024-06-24T15:12:29.630+0000] {processor.py:156} INFO - Started process (PID=690) to work on /home/airflow/.local/lib/python3.7/site-packages/airflow/example_dags/example_external_task_marker_dag.py
[2024-06-24T15:12:29.630+0000] {processor.py:799} INFO - Processing file /home/airflow/.local/lib/python3.7/site-packages/airflow/example_dags/example_external_task_marker_dag.py for tasks to queue
[2024-06-24T15:12:29.630+0000] {logging_mixin.py:149} INFO - [2024-06-24T15:12:29.630+0000] {dagbag.py:541} INFO - Filling up the DagBag from /home/airflow/.local/lib/python3.7/site-packages/airflow/example_dags/example_external_task_marker_dag.py
[2024-06-24T15:12:29.633+0000] {processor.py:809} INFO - DAG(s) dict_keys(['example_external_task_marker_parent', 'example_external_task_marker_child']) retrieved from /home/airflow/.local/lib/python3.7/site-packages/airflow/example_dags/example_external_task_marker_dag.py
[2024-06-24T15:12:29.645+0000] {logging_mixin.py:149} INFO - [2024-06-24T15:12:29.645+0000] {dag.py:2726} INFO - Sync 2 DAGs
[2024-06-24T15:12:29.656+0000] {logging_mixin.py:149} INFO - [2024-06-24T15:12:29.656+0000] {dag.py:3490} INFO - Setting next_dagrun for example_external_task_marker_child to None, run_after=None
[2024-06-24T15:12:29.658+0000] {logging_mixin.py:149} INFO - [2024-06-24T15:12:29.657+0000] {dag.py:3490} INFO - Setting next_dagrun for example_external_task_marker_parent to None, run_after=None
[2024-06-24T15:12:29.664+0000] {processor.py:178} INFO - Processing /home/airflow/.local/lib/python3.7/site-packages/airflow/example_dags/example_external_task_marker_dag.py took 0.036 seconds
[2024-06-24T15:13:00.292+0000] {processor.py:156} INFO - Started process (PID=759) to work on /home/airflow/.local/lib/python3.7/site-packages/airflow/example_dags/example_external_task_marker_dag.py
[2024-06-24T15:13:00.293+0000] {processor.py:799} INFO - Processing file /home/airflow/.local/lib/python3.7/site-packages/airflow/example_dags/example_external_task_marker_dag.py for tasks to queue
[2024-06-24T15:13:00.293+0000] {logging_mixin.py:149} INFO - [2024-06-24T15:13:00.293+0000] {dagbag.py:541} INFO - Filling up the DagBag from /home/airflow/.local/lib/python3.7/site-packages/airflow/example_dags/example_external_task_marker_dag.py
[2024-06-24T15:13:00.295+0000] {processor.py:809} INFO - DAG(s) dict_keys(['example_external_task_marker_child', 'example_external_task_marker_parent']) retrieved from /home/airflow/.local/lib/python3.7/site-packages/airflow/example_dags/example_external_task_marker_dag.py
[2024-06-24T15:13:00.308+0000] {logging_mixin.py:149} INFO - [2024-06-24T15:13:00.308+0000] {dag.py:2726} INFO - Sync 2 DAGs
[2024-06-24T15:13:00.319+0000] {logging_mixin.py:149} INFO - [2024-06-24T15:13:00.319+0000] {dag.py:3490} INFO - Setting next_dagrun for example_external_task_marker_child to None, run_after=None
[2024-06-24T15:13:00.321+0000] {logging_mixin.py:149} INFO - [2024-06-24T15:13:00.320+0000] {dag.py:3490} INFO - Setting next_dagrun for example_external_task_marker_parent to None, run_after=None
[2024-06-24T15:13:00.327+0000] {processor.py:178} INFO - Processing /home/airflow/.local/lib/python3.7/site-packages/airflow/example_dags/example_external_task_marker_dag.py took 0.036 seconds
[2024-06-24T15:13:31.028+0000] {processor.py:156} INFO - Started process (PID=828) to work on /home/airflow/.local/lib/python3.7/site-packages/airflow/example_dags/example_external_task_marker_dag.py
[2024-06-24T15:13:31.028+0000] {processor.py:799} INFO - Processing file /home/airflow/.local/lib/python3.7/site-packages/airflow/example_dags/example_external_task_marker_dag.py for tasks to queue
[2024-06-24T15:13:31.029+0000] {logging_mixin.py:149} INFO - [2024-06-24T15:13:31.029+0000] {dagbag.py:541} INFO - Filling up the DagBag from /home/airflow/.local/lib/python3.7/site-packages/airflow/example_dags/example_external_task_marker_dag.py
[2024-06-24T15:13:31.031+0000] {processor.py:809} INFO - DAG(s) dict_keys(['example_external_task_marker_parent', 'example_external_task_marker_child']) retrieved from /home/airflow/.local/lib/python3.7/site-packages/airflow/example_dags/example_external_task_marker_dag.py
[2024-06-24T15:13:31.042+0000] {logging_mixin.py:149} INFO - [2024-06-24T15:13:31.042+0000] {dag.py:2726} INFO - Sync 2 DAGs
[2024-06-24T15:13:31.053+0000] {logging_mixin.py:149} INFO - [2024-06-24T15:13:31.052+0000] {dag.py:3490} INFO - Setting next_dagrun for example_external_task_marker_child to None, run_after=None
[2024-06-24T15:13:31.054+0000] {logging_mixin.py:149} INFO - [2024-06-24T15:13:31.054+0000] {dag.py:3490} INFO - Setting next_dagrun for example_external_task_marker_parent to None, run_after=None
[2024-06-24T15:13:31.060+0000] {processor.py:178} INFO - Processing /home/airflow/.local/lib/python3.7/site-packages/airflow/example_dags/example_external_task_marker_dag.py took 0.034 seconds
[2024-06-24T15:14:01.554+0000] {processor.py:156} INFO - Started process (PID=897) to work on /home/airflow/.local/lib/python3.7/site-packages/airflow/example_dags/example_external_task_marker_dag.py
[2024-06-24T15:14:01.554+0000] {processor.py:799} INFO - Processing file /home/airflow/.local/lib/python3.7/site-packages/airflow/example_dags/example_external_task_marker_dag.py for tasks to queue
[2024-06-24T15:14:01.554+0000] {logging_mixin.py:149} INFO - [2024-06-24T15:14:01.554+0000] {dagbag.py:541} INFO - Filling up the DagBag from /home/airflow/.local/lib/python3.7/site-packages/airflow/example_dags/example_external_task_marker_dag.py
[2024-06-24T15:14:01.556+0000] {processor.py:809} INFO - DAG(s) dict_keys(['example_external_task_marker_child', 'example_external_task_marker_parent']) retrieved from /home/airflow/.local/lib/python3.7/site-packages/airflow/example_dags/example_external_task_marker_dag.py
[2024-06-24T15:14:01.568+0000] {logging_mixin.py:149} INFO - [2024-06-24T15:14:01.568+0000] {dag.py:2726} INFO - Sync 2 DAGs
[2024-06-24T15:14:01.579+0000] {logging_mixin.py:149} INFO - [2024-06-24T15:14:01.579+0000] {dag.py:3490} INFO - Setting next_dagrun for example_external_task_marker_child to None, run_after=None
[2024-06-24T15:14:01.580+0000] {logging_mixin.py:149} INFO - [2024-06-24T15:14:01.580+0000] {dag.py:3490} INFO - Setting next_dagrun for example_external_task_marker_parent to None, run_after=None
[2024-06-24T15:14:01.587+0000] {processor.py:178} INFO - Processing /home/airflow/.local/lib/python3.7/site-packages/airflow/example_dags/example_external_task_marker_dag.py took 0.034 seconds
[2024-06-24T15:14:32.022+0000] {processor.py:156} INFO - Started process (PID=966) to work on /home/airflow/.local/lib/python3.7/site-packages/airflow/example_dags/example_external_task_marker_dag.py
[2024-06-24T15:14:32.025+0000] {processor.py:799} INFO - Processing file /home/airflow/.local/lib/python3.7/site-packages/airflow/example_dags/example_external_task_marker_dag.py for tasks to queue
[2024-06-24T15:14:32.025+0000] {logging_mixin.py:149} INFO - [2024-06-24T15:14:32.025+0000] {dagbag.py:541} INFO - Filling up the DagBag from /home/airflow/.local/lib/python3.7/site-packages/airflow/example_dags/example_external_task_marker_dag.py
[2024-06-24T15:14:32.028+0000] {processor.py:809} INFO - DAG(s) dict_keys(['example_external_task_marker_child', 'example_external_task_marker_parent']) retrieved from /home/airflow/.local/lib/python3.7/site-packages/airflow/example_dags/example_external_task_marker_dag.py
[2024-06-24T15:14:32.042+0000] {logging_mixin.py:149} INFO - [2024-06-24T15:14:32.042+0000] {dag.py:2726} INFO - Sync 2 DAGs
[2024-06-24T15:14:32.052+0000] {logging_mixin.py:149} INFO - [2024-06-24T15:14:32.052+0000] {dag.py:3490} INFO - Setting next_dagrun for example_external_task_marker_child to None, run_after=None
[2024-06-24T15:14:32.054+0000] {logging_mixin.py:149} INFO - [2024-06-24T15:14:32.054+0000] {dag.py:3490} INFO - Setting next_dagrun for example_external_task_marker_parent to None, run_after=None
[2024-06-24T15:14:32.062+0000] {processor.py:178} INFO - Processing /home/airflow/.local/lib/python3.7/site-packages/airflow/example_dags/example_external_task_marker_dag.py took 0.041 seconds
[2024-06-24T15:15:02.512+0000] {processor.py:156} INFO - Started process (PID=1035) to work on /home/airflow/.local/lib/python3.7/site-packages/airflow/example_dags/example_external_task_marker_dag.py
[2024-06-24T15:15:02.512+0000] {processor.py:799} INFO - Processing file /home/airflow/.local/lib/python3.7/site-packages/airflow/example_dags/example_external_task_marker_dag.py for tasks to queue
[2024-06-24T15:15:02.512+0000] {logging_mixin.py:149} INFO - [2024-06-24T15:15:02.512+0000] {dagbag.py:541} INFO - Filling up the DagBag from /home/airflow/.local/lib/python3.7/site-packages/airflow/example_dags/example_external_task_marker_dag.py
[2024-06-24T15:15:02.515+0000] {processor.py:809} INFO - DAG(s) dict_keys(['example_external_task_marker_parent', 'example_external_task_marker_child']) retrieved from /home/airflow/.local/lib/python3.7/site-packages/airflow/example_dags/example_external_task_marker_dag.py
[2024-06-24T15:15:02.526+0000] {logging_mixin.py:149} INFO - [2024-06-24T15:15:02.526+0000] {dag.py:2726} INFO - Sync 2 DAGs
[2024-06-24T15:15:02.538+0000] {logging_mixin.py:149} INFO - [2024-06-24T15:15:02.538+0000] {dag.py:3490} INFO - Setting next_dagrun for example_external_task_marker_child to None, run_after=None
[2024-06-24T15:15:02.539+0000] {logging_mixin.py:149} INFO - [2024-06-24T15:15:02.539+0000] {dag.py:3490} INFO - Setting next_dagrun for example_external_task_marker_parent to None, run_after=None
[2024-06-24T15:15:02.548+0000] {processor.py:178} INFO - Processing /home/airflow/.local/lib/python3.7/site-packages/airflow/example_dags/example_external_task_marker_dag.py took 0.038 seconds
[2024-06-24T15:15:33.191+0000] {processor.py:156} INFO - Started process (PID=1113) to work on /home/airflow/.local/lib/python3.7/site-packages/airflow/example_dags/example_external_task_marker_dag.py
[2024-06-24T15:15:33.191+0000] {processor.py:799} INFO - Processing file /home/airflow/.local/lib/python3.7/site-packages/airflow/example_dags/example_external_task_marker_dag.py for tasks to queue
[2024-06-24T15:15:33.191+0000] {logging_mixin.py:149} INFO - [2024-06-24T15:15:33.191+0000] {dagbag.py:541} INFO - Filling up the DagBag from /home/airflow/.local/lib/python3.7/site-packages/airflow/example_dags/example_external_task_marker_dag.py
[2024-06-24T15:15:33.194+0000] {processor.py:809} INFO - DAG(s) dict_keys(['example_external_task_marker_child', 'example_external_task_marker_parent']) retrieved from /home/airflow/.local/lib/python3.7/site-packages/airflow/example_dags/example_external_task_marker_dag.py
[2024-06-24T15:15:33.204+0000] {logging_mixin.py:149} INFO - [2024-06-24T15:15:33.204+0000] {dag.py:2726} INFO - Sync 2 DAGs
[2024-06-24T15:15:33.214+0000] {logging_mixin.py:149} INFO - [2024-06-24T15:15:33.214+0000] {dag.py:3490} INFO - Setting next_dagrun for example_external_task_marker_child to None, run_after=None
[2024-06-24T15:15:33.215+0000] {logging_mixin.py:149} INFO - [2024-06-24T15:15:33.215+0000] {dag.py:3490} INFO - Setting next_dagrun for example_external_task_marker_parent to None, run_after=None
[2024-06-24T15:15:33.222+0000] {processor.py:178} INFO - Processing /home/airflow/.local/lib/python3.7/site-packages/airflow/example_dags/example_external_task_marker_dag.py took 0.033 seconds
[2024-06-24T15:16:03.758+0000] {processor.py:156} INFO - Started process (PID=1182) to work on /home/airflow/.local/lib/python3.7/site-packages/airflow/example_dags/example_external_task_marker_dag.py
[2024-06-24T15:16:03.758+0000] {processor.py:799} INFO - Processing file /home/airflow/.local/lib/python3.7/site-packages/airflow/example_dags/example_external_task_marker_dag.py for tasks to queue
[2024-06-24T15:16:03.758+0000] {logging_mixin.py:149} INFO - [2024-06-24T15:16:03.758+0000] {dagbag.py:541} INFO - Filling up the DagBag from /home/airflow/.local/lib/python3.7/site-packages/airflow/example_dags/example_external_task_marker_dag.py
[2024-06-24T15:16:03.761+0000] {processor.py:809} INFO - DAG(s) dict_keys(['example_external_task_marker_parent', 'example_external_task_marker_child']) retrieved from /home/airflow/.local/lib/python3.7/site-packages/airflow/example_dags/example_external_task_marker_dag.py
[2024-06-24T15:16:03.772+0000] {logging_mixin.py:149} INFO - [2024-06-24T15:16:03.772+0000] {dag.py:2726} INFO - Sync 2 DAGs
[2024-06-24T15:16:03.783+0000] {logging_mixin.py:149} INFO - [2024-06-24T15:16:03.783+0000] {dag.py:3490} INFO - Setting next_dagrun for example_external_task_marker_child to None, run_after=None
[2024-06-24T15:16:03.784+0000] {logging_mixin.py:149} INFO - [2024-06-24T15:16:03.784+0000] {dag.py:3490} INFO - Setting next_dagrun for example_external_task_marker_parent to None, run_after=None
[2024-06-24T15:16:03.790+0000] {processor.py:178} INFO - Processing /home/airflow/.local/lib/python3.7/site-packages/airflow/example_dags/example_external_task_marker_dag.py took 0.034 seconds
[2024-06-24T15:16:34.461+0000] {processor.py:156} INFO - Started process (PID=1251) to work on /home/airflow/.local/lib/python3.7/site-packages/airflow/example_dags/example_external_task_marker_dag.py
[2024-06-24T15:16:34.461+0000] {processor.py:799} INFO - Processing file /home/airflow/.local/lib/python3.7/site-packages/airflow/example_dags/example_external_task_marker_dag.py for tasks to queue
[2024-06-24T15:16:34.462+0000] {logging_mixin.py:149} INFO - [2024-06-24T15:16:34.462+0000] {dagbag.py:541} INFO - Filling up the DagBag from /home/airflow/.local/lib/python3.7/site-packages/airflow/example_dags/example_external_task_marker_dag.py
[2024-06-24T15:16:34.464+0000] {processor.py:809} INFO - DAG(s) dict_keys(['example_external_task_marker_parent', 'example_external_task_marker_child']) retrieved from /home/airflow/.local/lib/python3.7/site-packages/airflow/example_dags/example_external_task_marker_dag.py
[2024-06-24T15:16:34.475+0000] {logging_mixin.py:149} INFO - [2024-06-24T15:16:34.475+0000] {dag.py:2726} INFO - Sync 2 DAGs
[2024-06-24T15:16:34.486+0000] {logging_mixin.py:149} INFO - [2024-06-24T15:16:34.486+0000] {dag.py:3490} INFO - Setting next_dagrun for example_external_task_marker_child to None, run_after=None
[2024-06-24T15:16:34.487+0000] {logging_mixin.py:149} INFO - [2024-06-24T15:16:34.487+0000] {dag.py:3490} INFO - Setting next_dagrun for example_external_task_marker_parent to None, run_after=None
[2024-06-24T15:16:34.493+0000] {processor.py:178} INFO - Processing /home/airflow/.local/lib/python3.7/site-packages/airflow/example_dags/example_external_task_marker_dag.py took 0.034 seconds
[2024-06-24T15:17:05.058+0000] {processor.py:156} INFO - Started process (PID=1320) to work on /home/airflow/.local/lib/python3.7/site-packages/airflow/example_dags/example_external_task_marker_dag.py
[2024-06-24T15:17:05.059+0000] {processor.py:799} INFO - Processing file /home/airflow/.local/lib/python3.7/site-packages/airflow/example_dags/example_external_task_marker_dag.py for tasks to queue
[2024-06-24T15:17:05.059+0000] {logging_mixin.py:149} INFO - [2024-06-24T15:17:05.059+0000] {dagbag.py:541} INFO - Filling up the DagBag from /home/airflow/.local/lib/python3.7/site-packages/airflow/example_dags/example_external_task_marker_dag.py
[2024-06-24T15:17:05.061+0000] {processor.py:809} INFO - DAG(s) dict_keys(['example_external_task_marker_child', 'example_external_task_marker_parent']) retrieved from /home/airflow/.local/lib/python3.7/site-packages/airflow/example_dags/example_external_task_marker_dag.py
[2024-06-24T15:17:05.072+0000] {logging_mixin.py:149} INFO - [2024-06-24T15:17:05.072+0000] {dag.py:2726} INFO - Sync 2 DAGs
[2024-06-24T15:17:05.082+0000] {logging_mixin.py:149} INFO - [2024-06-24T15:17:05.082+0000] {dag.py:3490} INFO - Setting next_dagrun for example_external_task_marker_child to None, run_after=None
[2024-06-24T15:17:05.083+0000] {logging_mixin.py:149} INFO - [2024-06-24T15:17:05.083+0000] {dag.py:3490} INFO - Setting next_dagrun for example_external_task_marker_parent to None, run_after=None
[2024-06-24T15:17:05.089+0000] {processor.py:178} INFO - Processing /home/airflow/.local/lib/python3.7/site-packages/airflow/example_dags/example_external_task_marker_dag.py took 0.032 seconds
[2024-06-24T15:17:35.617+0000] {processor.py:156} INFO - Started process (PID=1388) to work on /home/airflow/.local/lib/python3.7/site-packages/airflow/example_dags/example_external_task_marker_dag.py
[2024-06-24T15:17:35.617+0000] {processor.py:799} INFO - Processing file /home/airflow/.local/lib/python3.7/site-packages/airflow/example_dags/example_external_task_marker_dag.py for tasks to queue
[2024-06-24T15:17:35.618+0000] {logging_mixin.py:149} INFO - [2024-06-24T15:17:35.618+0000] {dagbag.py:541} INFO - Filling up the DagBag from /home/airflow/.local/lib/python3.7/site-packages/airflow/example_dags/example_external_task_marker_dag.py
[2024-06-24T15:17:35.620+0000] {processor.py:809} INFO - DAG(s) dict_keys(['example_external_task_marker_parent', 'example_external_task_marker_child']) retrieved from /home/airflow/.local/lib/python3.7/site-packages/airflow/example_dags/example_external_task_marker_dag.py
[2024-06-24T15:17:35.631+0000] {logging_mixin.py:149} INFO - [2024-06-24T15:17:35.631+0000] {dag.py:2726} INFO - Sync 2 DAGs
[2024-06-24T15:17:35.642+0000] {logging_mixin.py:149} INFO - [2024-06-24T15:17:35.642+0000] {dag.py:3490} INFO - Setting next_dagrun for example_external_task_marker_child to None, run_after=None
[2024-06-24T15:17:35.643+0000] {logging_mixin.py:149} INFO - [2024-06-24T15:17:35.643+0000] {dag.py:3490} INFO - Setting next_dagrun for example_external_task_marker_parent to None, run_after=None
[2024-06-24T15:17:35.650+0000] {processor.py:178} INFO - Processing /home/airflow/.local/lib/python3.7/site-packages/airflow/example_dags/example_external_task_marker_dag.py took 0.034 seconds
[2024-06-24T15:18:06.166+0000] {processor.py:156} INFO - Started process (PID=1457) to work on /home/airflow/.local/lib/python3.7/site-packages/airflow/example_dags/example_external_task_marker_dag.py
[2024-06-24T15:18:06.166+0000] {processor.py:799} INFO - Processing file /home/airflow/.local/lib/python3.7/site-packages/airflow/example_dags/example_external_task_marker_dag.py for tasks to queue
[2024-06-24T15:18:06.167+0000] {logging_mixin.py:149} INFO - [2024-06-24T15:18:06.166+0000] {dagbag.py:541} INFO - Filling up the DagBag from /home/airflow/.local/lib/python3.7/site-packages/airflow/example_dags/example_external_task_marker_dag.py
[2024-06-24T15:18:06.169+0000] {processor.py:809} INFO - DAG(s) dict_keys(['example_external_task_marker_parent', 'example_external_task_marker_child']) retrieved from /home/airflow/.local/lib/python3.7/site-packages/airflow/example_dags/example_external_task_marker_dag.py
[2024-06-24T15:18:06.182+0000] {logging_mixin.py:149} INFO - [2024-06-24T15:18:06.182+0000] {dag.py:2726} INFO - Sync 2 DAGs
[2024-06-24T15:18:06.193+0000] {logging_mixin.py:149} INFO - [2024-06-24T15:18:06.192+0000] {dag.py:3490} INFO - Setting next_dagrun for example_external_task_marker_child to None, run_after=None
[2024-06-24T15:18:06.194+0000] {logging_mixin.py:149} INFO - [2024-06-24T15:18:06.194+0000] {dag.py:3490} INFO - Setting next_dagrun for example_external_task_marker_parent to None, run_after=None
[2024-06-24T15:18:06.200+0000] {processor.py:178} INFO - Processing /home/airflow/.local/lib/python3.7/site-packages/airflow/example_dags/example_external_task_marker_dag.py took 0.036 seconds
[2024-06-24T15:18:36.889+0000] {processor.py:156} INFO - Started process (PID=1526) to work on /home/airflow/.local/lib/python3.7/site-packages/airflow/example_dags/example_external_task_marker_dag.py
[2024-06-24T15:18:36.890+0000] {processor.py:799} INFO - Processing file /home/airflow/.local/lib/python3.7/site-packages/airflow/example_dags/example_external_task_marker_dag.py for tasks to queue
[2024-06-24T15:18:36.890+0000] {logging_mixin.py:149} INFO - [2024-06-24T15:18:36.890+0000] {dagbag.py:541} INFO - Filling up the DagBag from /home/airflow/.local/lib/python3.7/site-packages/airflow/example_dags/example_external_task_marker_dag.py
[2024-06-24T15:18:36.892+0000] {processor.py:809} INFO - DAG(s) dict_keys(['example_external_task_marker_child', 'example_external_task_marker_parent']) retrieved from /home/airflow/.local/lib/python3.7/site-packages/airflow/example_dags/example_external_task_marker_dag.py
[2024-06-24T15:18:36.904+0000] {logging_mixin.py:149} INFO - [2024-06-24T15:18:36.904+0000] {dag.py:2726} INFO - Sync 2 DAGs
[2024-06-24T15:18:36.915+0000] {logging_mixin.py:149} INFO - [2024-06-24T15:18:36.915+0000] {dag.py:3490} INFO - Setting next_dagrun for example_external_task_marker_child to None, run_after=None
[2024-06-24T15:18:36.916+0000] {logging_mixin.py:149} INFO - [2024-06-24T15:18:36.916+0000] {dag.py:3490} INFO - Setting next_dagrun for example_external_task_marker_parent to None, run_after=None
[2024-06-24T15:18:36.923+0000] {processor.py:178} INFO - Processing /home/airflow/.local/lib/python3.7/site-packages/airflow/example_dags/example_external_task_marker_dag.py took 0.035 seconds
[2024-06-24T15:19:07.641+0000] {processor.py:156} INFO - Started process (PID=1595) to work on /home/airflow/.local/lib/python3.7/site-packages/airflow/example_dags/example_external_task_marker_dag.py
[2024-06-24T15:19:07.641+0000] {processor.py:799} INFO - Processing file /home/airflow/.local/lib/python3.7/site-packages/airflow/example_dags/example_external_task_marker_dag.py for tasks to queue
[2024-06-24T15:19:07.641+0000] {logging_mixin.py:149} INFO - [2024-06-24T15:19:07.641+0000] {dagbag.py:541} INFO - Filling up the DagBag from /home/airflow/.local/lib/python3.7/site-packages/airflow/example_dags/example_external_task_marker_dag.py
[2024-06-24T15:19:07.644+0000] {processor.py:809} INFO - DAG(s) dict_keys(['example_external_task_marker_child', 'example_external_task_marker_parent']) retrieved from /home/airflow/.local/lib/python3.7/site-packages/airflow/example_dags/example_external_task_marker_dag.py
[2024-06-24T15:19:07.655+0000] {logging_mixin.py:149} INFO - [2024-06-24T15:19:07.655+0000] {dag.py:2726} INFO - Sync 2 DAGs
[2024-06-24T15:19:07.666+0000] {logging_mixin.py:149} INFO - [2024-06-24T15:19:07.666+0000] {dag.py:3490} INFO - Setting next_dagrun for example_external_task_marker_child to None, run_after=None
[2024-06-24T15:19:07.667+0000] {logging_mixin.py:149} INFO - [2024-06-24T15:19:07.667+0000] {dag.py:3490} INFO - Setting next_dagrun for example_external_task_marker_parent to None, run_after=None
[2024-06-24T15:19:07.674+0000] {processor.py:178} INFO - Processing /home/airflow/.local/lib/python3.7/site-packages/airflow/example_dags/example_external_task_marker_dag.py took 0.035 seconds
[2024-06-24T15:19:38.215+0000] {processor.py:156} INFO - Started process (PID=1664) to work on /home/airflow/.local/lib/python3.7/site-packages/airflow/example_dags/example_external_task_marker_dag.py
[2024-06-24T15:19:38.215+0000] {processor.py:799} INFO - Processing file /home/airflow/.local/lib/python3.7/site-packages/airflow/example_dags/example_external_task_marker_dag.py for tasks to queue
[2024-06-24T15:19:38.216+0000] {logging_mixin.py:149} INFO - [2024-06-24T15:19:38.216+0000] {dagbag.py:541} INFO - Filling up the DagBag from /home/airflow/.local/lib/python3.7/site-packages/airflow/example_dags/example_external_task_marker_dag.py
[2024-06-24T15:19:38.219+0000] {processor.py:809} INFO - DAG(s) dict_keys(['example_external_task_marker_parent', 'example_external_task_marker_child']) retrieved from /home/airflow/.local/lib/python3.7/site-packages/airflow/example_dags/example_external_task_marker_dag.py
[2024-06-24T15:19:38.231+0000] {logging_mixin.py:149} INFO - [2024-06-24T15:19:38.231+0000] {dag.py:2726} INFO - Sync 2 DAGs
[2024-06-24T15:19:38.241+0000] {logging_mixin.py:149} INFO - [2024-06-24T15:19:38.241+0000] {dag.py:3490} INFO - Setting next_dagrun for example_external_task_marker_child to None, run_after=None
[2024-06-24T15:19:38.243+0000] {logging_mixin.py:149} INFO - [2024-06-24T15:19:38.243+0000] {dag.py:3490} INFO - Setting next_dagrun for example_external_task_marker_parent to None, run_after=None
[2024-06-24T15:19:38.249+0000] {processor.py:178} INFO - Processing /home/airflow/.local/lib/python3.7/site-packages/airflow/example_dags/example_external_task_marker_dag.py took 0.035 seconds
[2024-06-24T15:20:08.711+0000] {processor.py:156} INFO - Started process (PID=1733) to work on /home/airflow/.local/lib/python3.7/site-packages/airflow/example_dags/example_external_task_marker_dag.py
[2024-06-24T15:20:08.711+0000] {processor.py:799} INFO - Processing file /home/airflow/.local/lib/python3.7/site-packages/airflow/example_dags/example_external_task_marker_dag.py for tasks to queue
[2024-06-24T15:20:08.712+0000] {logging_mixin.py:149} INFO - [2024-06-24T15:20:08.712+0000] {dagbag.py:541} INFO - Filling up the DagBag from /home/airflow/.local/lib/python3.7/site-packages/airflow/example_dags/example_external_task_marker_dag.py
[2024-06-24T15:20:08.714+0000] {processor.py:809} INFO - DAG(s) dict_keys(['example_external_task_marker_parent', 'example_external_task_marker_child']) retrieved from /home/airflow/.local/lib/python3.7/site-packages/airflow/example_dags/example_external_task_marker_dag.py
[2024-06-24T15:20:08.728+0000] {logging_mixin.py:149} INFO - [2024-06-24T15:20:08.728+0000] {dag.py:2726} INFO - Sync 2 DAGs
[2024-06-24T15:20:08.742+0000] {logging_mixin.py:149} INFO - [2024-06-24T15:20:08.742+0000] {dag.py:3490} INFO - Setting next_dagrun for example_external_task_marker_child to None, run_after=None
[2024-06-24T15:20:08.744+0000] {logging_mixin.py:149} INFO - [2024-06-24T15:20:08.744+0000] {dag.py:3490} INFO - Setting next_dagrun for example_external_task_marker_parent to None, run_after=None
[2024-06-24T15:20:08.752+0000] {processor.py:178} INFO - Processing /home/airflow/.local/lib/python3.7/site-packages/airflow/example_dags/example_external_task_marker_dag.py took 0.042 seconds
[2024-06-24T15:20:39.435+0000] {processor.py:156} INFO - Started process (PID=1802) to work on /home/airflow/.local/lib/python3.7/site-packages/airflow/example_dags/example_external_task_marker_dag.py
[2024-06-24T15:20:39.435+0000] {processor.py:799} INFO - Processing file /home/airflow/.local/lib/python3.7/site-packages/airflow/example_dags/example_external_task_marker_dag.py for tasks to queue
[2024-06-24T15:20:39.436+0000] {logging_mixin.py:149} INFO - [2024-06-24T15:20:39.435+0000] {dagbag.py:541} INFO - Filling up the DagBag from /home/airflow/.local/lib/python3.7/site-packages/airflow/example_dags/example_external_task_marker_dag.py
[2024-06-24T15:20:39.438+0000] {processor.py:809} INFO - DAG(s) dict_keys(['example_external_task_marker_child', 'example_external_task_marker_parent']) retrieved from /home/airflow/.local/lib/python3.7/site-packages/airflow/example_dags/example_external_task_marker_dag.py
[2024-06-24T15:20:39.450+0000] {logging_mixin.py:149} INFO - [2024-06-24T15:20:39.450+0000] {dag.py:2726} INFO - Sync 2 DAGs
[2024-06-24T15:20:39.462+0000] {logging_mixin.py:149} INFO - [2024-06-24T15:20:39.461+0000] {dag.py:3490} INFO - Setting next_dagrun for example_external_task_marker_child to None, run_after=None
[2024-06-24T15:20:39.463+0000] {logging_mixin.py:149} INFO - [2024-06-24T15:20:39.463+0000] {dag.py:3490} INFO - Setting next_dagrun for example_external_task_marker_parent to None, run_after=None
[2024-06-24T15:20:39.470+0000] {processor.py:178} INFO - Processing /home/airflow/.local/lib/python3.7/site-packages/airflow/example_dags/example_external_task_marker_dag.py took 0.037 seconds
[2024-06-24T15:21:10.084+0000] {processor.py:156} INFO - Started process (PID=1871) to work on /home/airflow/.local/lib/python3.7/site-packages/airflow/example_dags/example_external_task_marker_dag.py
[2024-06-24T15:21:10.085+0000] {processor.py:799} INFO - Processing file /home/airflow/.local/lib/python3.7/site-packages/airflow/example_dags/example_external_task_marker_dag.py for tasks to queue
[2024-06-24T15:21:10.085+0000] {logging_mixin.py:149} INFO - [2024-06-24T15:21:10.085+0000] {dagbag.py:541} INFO - Filling up the DagBag from /home/airflow/.local/lib/python3.7/site-packages/airflow/example_dags/example_external_task_marker_dag.py
[2024-06-24T15:21:10.087+0000] {processor.py:809} INFO - DAG(s) dict_keys(['example_external_task_marker_child', 'example_external_task_marker_parent']) retrieved from /home/airflow/.local/lib/python3.7/site-packages/airflow/example_dags/example_external_task_marker_dag.py
[2024-06-24T15:21:10.100+0000] {logging_mixin.py:149} INFO - [2024-06-24T15:21:10.099+0000] {dag.py:2726} INFO - Sync 2 DAGs
[2024-06-24T15:21:10.111+0000] {logging_mixin.py:149} INFO - [2024-06-24T15:21:10.111+0000] {dag.py:3490} INFO - Setting next_dagrun for example_external_task_marker_child to None, run_after=None
[2024-06-24T15:21:10.112+0000] {logging_mixin.py:149} INFO - [2024-06-24T15:21:10.112+0000] {dag.py:3490} INFO - Setting next_dagrun for example_external_task_marker_parent to None, run_after=None
[2024-06-24T15:21:10.119+0000] {processor.py:178} INFO - Processing /home/airflow/.local/lib/python3.7/site-packages/airflow/example_dags/example_external_task_marker_dag.py took 0.036 seconds
[2024-06-24T15:21:40.985+0000] {processor.py:156} INFO - Started process (PID=1939) to work on /home/airflow/.local/lib/python3.7/site-packages/airflow/example_dags/example_external_task_marker_dag.py
[2024-06-24T15:21:40.986+0000] {processor.py:799} INFO - Processing file /home/airflow/.local/lib/python3.7/site-packages/airflow/example_dags/example_external_task_marker_dag.py for tasks to queue
[2024-06-24T15:21:40.988+0000] {logging_mixin.py:149} INFO - [2024-06-24T15:21:40.988+0000] {dagbag.py:541} INFO - Filling up the DagBag from /home/airflow/.local/lib/python3.7/site-packages/airflow/example_dags/example_external_task_marker_dag.py
[2024-06-24T15:21:40.991+0000] {processor.py:809} INFO - DAG(s) dict_keys(['example_external_task_marker_parent', 'example_external_task_marker_child']) retrieved from /home/airflow/.local/lib/python3.7/site-packages/airflow/example_dags/example_external_task_marker_dag.py
[2024-06-24T15:21:41.004+0000] {logging_mixin.py:149} INFO - [2024-06-24T15:21:41.004+0000] {dag.py:2726} INFO - Sync 2 DAGs
[2024-06-24T15:21:41.015+0000] {logging_mixin.py:149} INFO - [2024-06-24T15:21:41.015+0000] {dag.py:3490} INFO - Setting next_dagrun for example_external_task_marker_child to None, run_after=None
[2024-06-24T15:21:41.016+0000] {logging_mixin.py:149} INFO - [2024-06-24T15:21:41.016+0000] {dag.py:3490} INFO - Setting next_dagrun for example_external_task_marker_parent to None, run_after=None
[2024-06-24T15:21:41.022+0000] {processor.py:178} INFO - Processing /home/airflow/.local/lib/python3.7/site-packages/airflow/example_dags/example_external_task_marker_dag.py took 0.038 seconds
[2024-06-24T15:22:11.737+0000] {processor.py:156} INFO - Started process (PID=2008) to work on /home/airflow/.local/lib/python3.7/site-packages/airflow/example_dags/example_external_task_marker_dag.py
[2024-06-24T15:22:11.737+0000] {processor.py:799} INFO - Processing file /home/airflow/.local/lib/python3.7/site-packages/airflow/example_dags/example_external_task_marker_dag.py for tasks to queue
[2024-06-24T15:22:11.737+0000] {logging_mixin.py:149} INFO - [2024-06-24T15:22:11.737+0000] {dagbag.py:541} INFO - Filling up the DagBag from /home/airflow/.local/lib/python3.7/site-packages/airflow/example_dags/example_external_task_marker_dag.py
[2024-06-24T15:22:11.740+0000] {processor.py:809} INFO - DAG(s) dict_keys(['example_external_task_marker_child', 'example_external_task_marker_parent']) retrieved from /home/airflow/.local/lib/python3.7/site-packages/airflow/example_dags/example_external_task_marker_dag.py
[2024-06-24T15:22:11.751+0000] {logging_mixin.py:149} INFO - [2024-06-24T15:22:11.751+0000] {dag.py:2726} INFO - Sync 2 DAGs
[2024-06-24T15:22:11.762+0000] {logging_mixin.py:149} INFO - [2024-06-24T15:22:11.762+0000] {dag.py:3490} INFO - Setting next_dagrun for example_external_task_marker_child to None, run_after=None
[2024-06-24T15:22:11.763+0000] {logging_mixin.py:149} INFO - [2024-06-24T15:22:11.763+0000] {dag.py:3490} INFO - Setting next_dagrun for example_external_task_marker_parent to None, run_after=None
[2024-06-24T15:22:11.770+0000] {processor.py:178} INFO - Processing /home/airflow/.local/lib/python3.7/site-packages/airflow/example_dags/example_external_task_marker_dag.py took 0.034 seconds
[2024-06-24T15:22:42.359+0000] {processor.py:156} INFO - Started process (PID=2076) to work on /home/airflow/.local/lib/python3.7/site-packages/airflow/example_dags/example_external_task_marker_dag.py
[2024-06-24T15:22:42.359+0000] {processor.py:799} INFO - Processing file /home/airflow/.local/lib/python3.7/site-packages/airflow/example_dags/example_external_task_marker_dag.py for tasks to queue
[2024-06-24T15:22:42.360+0000] {logging_mixin.py:149} INFO - [2024-06-24T15:22:42.360+0000] {dagbag.py:541} INFO - Filling up the DagBag from /home/airflow/.local/lib/python3.7/site-packages/airflow/example_dags/example_external_task_marker_dag.py
[2024-06-24T15:22:42.362+0000] {processor.py:809} INFO - DAG(s) dict_keys(['example_external_task_marker_child', 'example_external_task_marker_parent']) retrieved from /home/airflow/.local/lib/python3.7/site-packages/airflow/example_dags/example_external_task_marker_dag.py
[2024-06-24T15:22:42.373+0000] {logging_mixin.py:149} INFO - [2024-06-24T15:22:42.373+0000] {dag.py:2726} INFO - Sync 2 DAGs
[2024-06-24T15:22:42.383+0000] {logging_mixin.py:149} INFO - [2024-06-24T15:22:42.383+0000] {dag.py:3490} INFO - Setting next_dagrun for example_external_task_marker_child to None, run_after=None
[2024-06-24T15:22:42.384+0000] {logging_mixin.py:149} INFO - [2024-06-24T15:22:42.384+0000] {dag.py:3490} INFO - Setting next_dagrun for example_external_task_marker_parent to None, run_after=None
[2024-06-24T15:22:42.391+0000] {processor.py:178} INFO - Processing /home/airflow/.local/lib/python3.7/site-packages/airflow/example_dags/example_external_task_marker_dag.py took 0.033 seconds
[2024-06-24T15:23:13.013+0000] {processor.py:156} INFO - Started process (PID=2145) to work on /home/airflow/.local/lib/python3.7/site-packages/airflow/example_dags/example_external_task_marker_dag.py
[2024-06-24T15:23:13.013+0000] {processor.py:799} INFO - Processing file /home/airflow/.local/lib/python3.7/site-packages/airflow/example_dags/example_external_task_marker_dag.py for tasks to queue
[2024-06-24T15:23:13.013+0000] {logging_mixin.py:149} INFO - [2024-06-24T15:23:13.013+0000] {dagbag.py:541} INFO - Filling up the DagBag from /home/airflow/.local/lib/python3.7/site-packages/airflow/example_dags/example_external_task_marker_dag.py
[2024-06-24T15:23:13.016+0000] {processor.py:809} INFO - DAG(s) dict_keys(['example_external_task_marker_child', 'example_external_task_marker_parent']) retrieved from /home/airflow/.local/lib/python3.7/site-packages/airflow/example_dags/example_external_task_marker_dag.py
[2024-06-24T15:23:13.027+0000] {logging_mixin.py:149} INFO - [2024-06-24T15:23:13.027+0000] {dag.py:2726} INFO - Sync 2 DAGs
[2024-06-24T15:23:13.039+0000] {logging_mixin.py:149} INFO - [2024-06-24T15:23:13.039+0000] {dag.py:3490} INFO - Setting next_dagrun for example_external_task_marker_child to None, run_after=None
[2024-06-24T15:23:13.041+0000] {logging_mixin.py:149} INFO - [2024-06-24T15:23:13.041+0000] {dag.py:3490} INFO - Setting next_dagrun for example_external_task_marker_parent to None, run_after=None
[2024-06-24T15:23:13.047+0000] {processor.py:178} INFO - Processing /home/airflow/.local/lib/python3.7/site-packages/airflow/example_dags/example_external_task_marker_dag.py took 0.036 seconds
[2024-06-24T15:23:43.746+0000] {processor.py:156} INFO - Started process (PID=2214) to work on /home/airflow/.local/lib/python3.7/site-packages/airflow/example_dags/example_external_task_marker_dag.py
[2024-06-24T15:23:43.747+0000] {processor.py:799} INFO - Processing file /home/airflow/.local/lib/python3.7/site-packages/airflow/example_dags/example_external_task_marker_dag.py for tasks to queue
[2024-06-24T15:23:43.747+0000] {logging_mixin.py:149} INFO - [2024-06-24T15:23:43.747+0000] {dagbag.py:541} INFO - Filling up the DagBag from /home/airflow/.local/lib/python3.7/site-packages/airflow/example_dags/example_external_task_marker_dag.py
[2024-06-24T15:23:43.750+0000] {processor.py:809} INFO - DAG(s) dict_keys(['example_external_task_marker_parent', 'example_external_task_marker_child']) retrieved from /home/airflow/.local/lib/python3.7/site-packages/airflow/example_dags/example_external_task_marker_dag.py
[2024-06-24T15:23:43.761+0000] {logging_mixin.py:149} INFO - [2024-06-24T15:23:43.761+0000] {dag.py:2726} INFO - Sync 2 DAGs
[2024-06-24T15:23:43.772+0000] {logging_mixin.py:149} INFO - [2024-06-24T15:23:43.771+0000] {dag.py:3490} INFO - Setting next_dagrun for example_external_task_marker_child to None, run_after=None
[2024-06-24T15:23:43.773+0000] {logging_mixin.py:149} INFO - [2024-06-24T15:23:43.773+0000] {dag.py:3490} INFO - Setting next_dagrun for example_external_task_marker_parent to None, run_after=None
[2024-06-24T15:23:43.780+0000] {processor.py:178} INFO - Processing /home/airflow/.local/lib/python3.7/site-packages/airflow/example_dags/example_external_task_marker_dag.py took 0.034 seconds
[2024-06-24T15:24:14.444+0000] {processor.py:156} INFO - Started process (PID=2283) to work on /home/airflow/.local/lib/python3.7/site-packages/airflow/example_dags/example_external_task_marker_dag.py
[2024-06-24T15:24:14.445+0000] {processor.py:799} INFO - Processing file /home/airflow/.local/lib/python3.7/site-packages/airflow/example_dags/example_external_task_marker_dag.py for tasks to queue
[2024-06-24T15:24:14.445+0000] {logging_mixin.py:149} INFO - [2024-06-24T15:24:14.445+0000] {dagbag.py:541} INFO - Filling up the DagBag from /home/airflow/.local/lib/python3.7/site-packages/airflow/example_dags/example_external_task_marker_dag.py
[2024-06-24T15:24:14.447+0000] {processor.py:809} INFO - DAG(s) dict_keys(['example_external_task_marker_parent', 'example_external_task_marker_child']) retrieved from /home/airflow/.local/lib/python3.7/site-packages/airflow/example_dags/example_external_task_marker_dag.py
[2024-06-24T15:24:14.460+0000] {logging_mixin.py:149} INFO - [2024-06-24T15:24:14.460+0000] {dag.py:2726} INFO - Sync 2 DAGs
[2024-06-24T15:24:14.472+0000] {logging_mixin.py:149} INFO - [2024-06-24T15:24:14.472+0000] {dag.py:3490} INFO - Setting next_dagrun for example_external_task_marker_child to None, run_after=None
[2024-06-24T15:24:14.474+0000] {logging_mixin.py:149} INFO - [2024-06-24T15:24:14.474+0000] {dag.py:3490} INFO - Setting next_dagrun for example_external_task_marker_parent to None, run_after=None
[2024-06-24T15:24:14.480+0000] {processor.py:178} INFO - Processing /home/airflow/.local/lib/python3.7/site-packages/airflow/example_dags/example_external_task_marker_dag.py took 0.037 seconds
[2024-06-24T15:24:45.043+0000] {processor.py:156} INFO - Started process (PID=2352) to work on /home/airflow/.local/lib/python3.7/site-packages/airflow/example_dags/example_external_task_marker_dag.py
[2024-06-24T15:24:45.043+0000] {processor.py:799} INFO - Processing file /home/airflow/.local/lib/python3.7/site-packages/airflow/example_dags/example_external_task_marker_dag.py for tasks to queue
[2024-06-24T15:24:45.043+0000] {logging_mixin.py:149} INFO - [2024-06-24T15:24:45.043+0000] {dagbag.py:541} INFO - Filling up the DagBag from /home/airflow/.local/lib/python3.7/site-packages/airflow/example_dags/example_external_task_marker_dag.py
[2024-06-24T15:24:45.046+0000] {processor.py:809} INFO - DAG(s) dict_keys(['example_external_task_marker_child', 'example_external_task_marker_parent']) retrieved from /home/airflow/.local/lib/python3.7/site-packages/airflow/example_dags/example_external_task_marker_dag.py
[2024-06-24T15:24:45.058+0000] {logging_mixin.py:149} INFO - [2024-06-24T15:24:45.058+0000] {dag.py:2726} INFO - Sync 2 DAGs
[2024-06-24T15:24:45.069+0000] {logging_mixin.py:149} INFO - [2024-06-24T15:24:45.069+0000] {dag.py:3490} INFO - Setting next_dagrun for example_external_task_marker_child to None, run_after=None
[2024-06-24T15:24:45.071+0000] {logging_mixin.py:149} INFO - [2024-06-24T15:24:45.071+0000] {dag.py:3490} INFO - Setting next_dagrun for example_external_task_marker_parent to None, run_after=None
[2024-06-24T15:24:45.077+0000] {processor.py:178} INFO - Processing /home/airflow/.local/lib/python3.7/site-packages/airflow/example_dags/example_external_task_marker_dag.py took 0.036 seconds
[2024-06-24T15:25:15.594+0000] {processor.py:156} INFO - Started process (PID=2420) to work on /home/airflow/.local/lib/python3.7/site-packages/airflow/example_dags/example_external_task_marker_dag.py
[2024-06-24T15:25:15.594+0000] {processor.py:799} INFO - Processing file /home/airflow/.local/lib/python3.7/site-packages/airflow/example_dags/example_external_task_marker_dag.py for tasks to queue
[2024-06-24T15:25:15.595+0000] {logging_mixin.py:149} INFO - [2024-06-24T15:25:15.595+0000] {dagbag.py:541} INFO - Filling up the DagBag from /home/airflow/.local/lib/python3.7/site-packages/airflow/example_dags/example_external_task_marker_dag.py
[2024-06-24T15:25:15.602+0000] {processor.py:809} INFO - DAG(s) dict_keys(['example_external_task_marker_child', 'example_external_task_marker_parent']) retrieved from /home/airflow/.local/lib/python3.7/site-packages/airflow/example_dags/example_external_task_marker_dag.py
[2024-06-24T15:25:15.615+0000] {logging_mixin.py:149} INFO - [2024-06-24T15:25:15.615+0000] {dag.py:2726} INFO - Sync 2 DAGs
[2024-06-24T15:25:15.626+0000] {logging_mixin.py:149} INFO - [2024-06-24T15:25:15.626+0000] {dag.py:3490} INFO - Setting next_dagrun for example_external_task_marker_child to None, run_after=None
[2024-06-24T15:25:15.627+0000] {logging_mixin.py:149} INFO - [2024-06-24T15:25:15.627+0000] {dag.py:3490} INFO - Setting next_dagrun for example_external_task_marker_parent to None, run_after=None
[2024-06-24T15:25:15.634+0000] {processor.py:178} INFO - Processing /home/airflow/.local/lib/python3.7/site-packages/airflow/example_dags/example_external_task_marker_dag.py took 0.041 seconds
[2024-06-24T15:25:46.232+0000] {processor.py:156} INFO - Started process (PID=2495) to work on /home/airflow/.local/lib/python3.7/site-packages/airflow/example_dags/example_external_task_marker_dag.py
[2024-06-24T15:25:46.233+0000] {processor.py:799} INFO - Processing file /home/airflow/.local/lib/python3.7/site-packages/airflow/example_dags/example_external_task_marker_dag.py for tasks to queue
[2024-06-24T15:25:46.233+0000] {logging_mixin.py:149} INFO - [2024-06-24T15:25:46.233+0000] {dagbag.py:541} INFO - Filling up the DagBag from /home/airflow/.local/lib/python3.7/site-packages/airflow/example_dags/example_external_task_marker_dag.py
[2024-06-24T15:25:46.235+0000] {processor.py:809} INFO - DAG(s) dict_keys(['example_external_task_marker_child', 'example_external_task_marker_parent']) retrieved from /home/airflow/.local/lib/python3.7/site-packages/airflow/example_dags/example_external_task_marker_dag.py
[2024-06-24T15:25:46.247+0000] {logging_mixin.py:149} INFO - [2024-06-24T15:25:46.247+0000] {dag.py:2726} INFO - Sync 2 DAGs
[2024-06-24T15:25:46.256+0000] {logging_mixin.py:149} INFO - [2024-06-24T15:25:46.256+0000] {dag.py:3490} INFO - Setting next_dagrun for example_external_task_marker_child to None, run_after=None
[2024-06-24T15:25:46.258+0000] {logging_mixin.py:149} INFO - [2024-06-24T15:25:46.258+0000] {dag.py:3490} INFO - Setting next_dagrun for example_external_task_marker_parent to None, run_after=None
[2024-06-24T15:25:46.263+0000] {processor.py:178} INFO - Processing /home/airflow/.local/lib/python3.7/site-packages/airflow/example_dags/example_external_task_marker_dag.py took 0.032 seconds
[2024-06-24T15:26:16.784+0000] {processor.py:156} INFO - Started process (PID=2564) to work on /home/airflow/.local/lib/python3.7/site-packages/airflow/example_dags/example_external_task_marker_dag.py
[2024-06-24T15:26:16.785+0000] {processor.py:799} INFO - Processing file /home/airflow/.local/lib/python3.7/site-packages/airflow/example_dags/example_external_task_marker_dag.py for tasks to queue
[2024-06-24T15:26:16.785+0000] {logging_mixin.py:149} INFO - [2024-06-24T15:26:16.785+0000] {dagbag.py:541} INFO - Filling up the DagBag from /home/airflow/.local/lib/python3.7/site-packages/airflow/example_dags/example_external_task_marker_dag.py
[2024-06-24T15:26:16.787+0000] {processor.py:809} INFO - DAG(s) dict_keys(['example_external_task_marker_child', 'example_external_task_marker_parent']) retrieved from /home/airflow/.local/lib/python3.7/site-packages/airflow/example_dags/example_external_task_marker_dag.py
[2024-06-24T15:26:16.799+0000] {logging_mixin.py:149} INFO - [2024-06-24T15:26:16.798+0000] {dag.py:2726} INFO - Sync 2 DAGs
[2024-06-24T15:26:16.809+0000] {logging_mixin.py:149} INFO - [2024-06-24T15:26:16.809+0000] {dag.py:3490} INFO - Setting next_dagrun for example_external_task_marker_child to None, run_after=None
[2024-06-24T15:26:16.810+0000] {logging_mixin.py:149} INFO - [2024-06-24T15:26:16.810+0000] {dag.py:3490} INFO - Setting next_dagrun for example_external_task_marker_parent to None, run_after=None
[2024-06-24T15:26:16.815+0000] {processor.py:178} INFO - Processing /home/airflow/.local/lib/python3.7/site-packages/airflow/example_dags/example_external_task_marker_dag.py took 0.032 seconds
[2024-06-24T15:26:47.513+0000] {processor.py:156} INFO - Started process (PID=2633) to work on /home/airflow/.local/lib/python3.7/site-packages/airflow/example_dags/example_external_task_marker_dag.py
[2024-06-24T15:26:47.513+0000] {processor.py:799} INFO - Processing file /home/airflow/.local/lib/python3.7/site-packages/airflow/example_dags/example_external_task_marker_dag.py for tasks to queue
[2024-06-24T15:26:47.513+0000] {logging_mixin.py:149} INFO - [2024-06-24T15:26:47.513+0000] {dagbag.py:541} INFO - Filling up the DagBag from /home/airflow/.local/lib/python3.7/site-packages/airflow/example_dags/example_external_task_marker_dag.py
[2024-06-24T15:26:47.516+0000] {processor.py:809} INFO - DAG(s) dict_keys(['example_external_task_marker_parent', 'example_external_task_marker_child']) retrieved from /home/airflow/.local/lib/python3.7/site-packages/airflow/example_dags/example_external_task_marker_dag.py
[2024-06-24T15:26:47.529+0000] {logging_mixin.py:149} INFO - [2024-06-24T15:26:47.529+0000] {dag.py:2726} INFO - Sync 2 DAGs
[2024-06-24T15:26:47.540+0000] {logging_mixin.py:149} INFO - [2024-06-24T15:26:47.540+0000] {dag.py:3490} INFO - Setting next_dagrun for example_external_task_marker_child to None, run_after=None
[2024-06-24T15:26:47.542+0000] {logging_mixin.py:149} INFO - [2024-06-24T15:26:47.542+0000] {dag.py:3490} INFO - Setting next_dagrun for example_external_task_marker_parent to None, run_after=None
[2024-06-24T15:26:47.550+0000] {processor.py:178} INFO - Processing /home/airflow/.local/lib/python3.7/site-packages/airflow/example_dags/example_external_task_marker_dag.py took 0.039 seconds
[2024-06-24T15:27:18.400+0000] {processor.py:156} INFO - Started process (PID=2702) to work on /home/airflow/.local/lib/python3.7/site-packages/airflow/example_dags/example_external_task_marker_dag.py
[2024-06-24T15:27:18.401+0000] {processor.py:799} INFO - Processing file /home/airflow/.local/lib/python3.7/site-packages/airflow/example_dags/example_external_task_marker_dag.py for tasks to queue
[2024-06-24T15:27:18.401+0000] {logging_mixin.py:149} INFO - [2024-06-24T15:27:18.401+0000] {dagbag.py:541} INFO - Filling up the DagBag from /home/airflow/.local/lib/python3.7/site-packages/airflow/example_dags/example_external_task_marker_dag.py
[2024-06-24T15:27:18.404+0000] {processor.py:809} INFO - DAG(s) dict_keys(['example_external_task_marker_parent', 'example_external_task_marker_child']) retrieved from /home/airflow/.local/lib/python3.7/site-packages/airflow/example_dags/example_external_task_marker_dag.py
[2024-06-24T15:27:18.417+0000] {logging_mixin.py:149} INFO - [2024-06-24T15:27:18.417+0000] {dag.py:2726} INFO - Sync 2 DAGs
[2024-06-24T15:27:18.430+0000] {logging_mixin.py:149} INFO - [2024-06-24T15:27:18.430+0000] {dag.py:3490} INFO - Setting next_dagrun for example_external_task_marker_child to None, run_after=None
[2024-06-24T15:27:18.431+0000] {logging_mixin.py:149} INFO - [2024-06-24T15:27:18.431+0000] {dag.py:3490} INFO - Setting next_dagrun for example_external_task_marker_parent to None, run_after=None
[2024-06-24T15:27:18.438+0000] {processor.py:178} INFO - Processing /home/airflow/.local/lib/python3.7/site-packages/airflow/example_dags/example_external_task_marker_dag.py took 0.039 seconds
[2024-06-24T15:27:49.215+0000] {processor.py:156} INFO - Started process (PID=2771) to work on /home/airflow/.local/lib/python3.7/site-packages/airflow/example_dags/example_external_task_marker_dag.py
[2024-06-24T15:27:49.215+0000] {processor.py:799} INFO - Processing file /home/airflow/.local/lib/python3.7/site-packages/airflow/example_dags/example_external_task_marker_dag.py for tasks to queue
[2024-06-24T15:27:49.216+0000] {logging_mixin.py:149} INFO - [2024-06-24T15:27:49.216+0000] {dagbag.py:541} INFO - Filling up the DagBag from /home/airflow/.local/lib/python3.7/site-packages/airflow/example_dags/example_external_task_marker_dag.py
[2024-06-24T15:27:49.218+0000] {processor.py:809} INFO - DAG(s) dict_keys(['example_external_task_marker_parent', 'example_external_task_marker_child']) retrieved from /home/airflow/.local/lib/python3.7/site-packages/airflow/example_dags/example_external_task_marker_dag.py
[2024-06-24T15:27:49.230+0000] {logging_mixin.py:149} INFO - [2024-06-24T15:27:49.230+0000] {dag.py:2726} INFO - Sync 2 DAGs
[2024-06-24T15:27:49.241+0000] {logging_mixin.py:149} INFO - [2024-06-24T15:27:49.241+0000] {dag.py:3490} INFO - Setting next_dagrun for example_external_task_marker_child to None, run_after=None
[2024-06-24T15:27:49.242+0000] {logging_mixin.py:149} INFO - [2024-06-24T15:27:49.242+0000] {dag.py:3490} INFO - Setting next_dagrun for example_external_task_marker_parent to None, run_after=None
[2024-06-24T15:27:49.249+0000] {processor.py:178} INFO - Processing /home/airflow/.local/lib/python3.7/site-packages/airflow/example_dags/example_external_task_marker_dag.py took 0.035 seconds
[2024-06-24T15:28:20.114+0000] {processor.py:156} INFO - Started process (PID=2840) to work on /home/airflow/.local/lib/python3.7/site-packages/airflow/example_dags/example_external_task_marker_dag.py
[2024-06-24T15:28:20.115+0000] {processor.py:799} INFO - Processing file /home/airflow/.local/lib/python3.7/site-packages/airflow/example_dags/example_external_task_marker_dag.py for tasks to queue
[2024-06-24T15:28:20.115+0000] {logging_mixin.py:149} INFO - [2024-06-24T15:28:20.115+0000] {dagbag.py:541} INFO - Filling up the DagBag from /home/airflow/.local/lib/python3.7/site-packages/airflow/example_dags/example_external_task_marker_dag.py
[2024-06-24T15:28:20.118+0000] {processor.py:809} INFO - DAG(s) dict_keys(['example_external_task_marker_child', 'example_external_task_marker_parent']) retrieved from /home/airflow/.local/lib/python3.7/site-packages/airflow/example_dags/example_external_task_marker_dag.py
[2024-06-24T15:28:20.129+0000] {logging_mixin.py:149} INFO - [2024-06-24T15:28:20.129+0000] {dag.py:2726} INFO - Sync 2 DAGs
[2024-06-24T15:28:20.139+0000] {logging_mixin.py:149} INFO - [2024-06-24T15:28:20.139+0000] {dag.py:3490} INFO - Setting next_dagrun for example_external_task_marker_child to None, run_after=None
[2024-06-24T15:28:20.141+0000] {logging_mixin.py:149} INFO - [2024-06-24T15:28:20.141+0000] {dag.py:3490} INFO - Setting next_dagrun for example_external_task_marker_parent to None, run_after=None
[2024-06-24T15:28:20.147+0000] {processor.py:178} INFO - Processing /home/airflow/.local/lib/python3.7/site-packages/airflow/example_dags/example_external_task_marker_dag.py took 0.034 seconds
[2024-06-24T15:28:51.017+0000] {processor.py:156} INFO - Started process (PID=2909) to work on /home/airflow/.local/lib/python3.7/site-packages/airflow/example_dags/example_external_task_marker_dag.py
[2024-06-24T15:28:51.017+0000] {processor.py:799} INFO - Processing file /home/airflow/.local/lib/python3.7/site-packages/airflow/example_dags/example_external_task_marker_dag.py for tasks to queue
[2024-06-24T15:28:51.017+0000] {logging_mixin.py:149} INFO - [2024-06-24T15:28:51.017+0000] {dagbag.py:541} INFO - Filling up the DagBag from /home/airflow/.local/lib/python3.7/site-packages/airflow/example_dags/example_external_task_marker_dag.py
[2024-06-24T15:28:51.019+0000] {processor.py:809} INFO - DAG(s) dict_keys(['example_external_task_marker_parent', 'example_external_task_marker_child']) retrieved from /home/airflow/.local/lib/python3.7/site-packages/airflow/example_dags/example_external_task_marker_dag.py
[2024-06-24T15:28:51.032+0000] {logging_mixin.py:149} INFO - [2024-06-24T15:28:51.031+0000] {dag.py:2726} INFO - Sync 2 DAGs
[2024-06-24T15:28:51.043+0000] {logging_mixin.py:149} INFO - [2024-06-24T15:28:51.043+0000] {dag.py:3490} INFO - Setting next_dagrun for example_external_task_marker_child to None, run_after=None
[2024-06-24T15:28:51.044+0000] {logging_mixin.py:149} INFO - [2024-06-24T15:28:51.044+0000] {dag.py:3490} INFO - Setting next_dagrun for example_external_task_marker_parent to None, run_after=None
[2024-06-24T15:28:51.051+0000] {processor.py:178} INFO - Processing /home/airflow/.local/lib/python3.7/site-packages/airflow/example_dags/example_external_task_marker_dag.py took 0.035 seconds
[2024-06-24T15:29:21.648+0000] {processor.py:156} INFO - Started process (PID=2977) to work on /home/airflow/.local/lib/python3.7/site-packages/airflow/example_dags/example_external_task_marker_dag.py
[2024-06-24T15:29:21.648+0000] {processor.py:799} INFO - Processing file /home/airflow/.local/lib/python3.7/site-packages/airflow/example_dags/example_external_task_marker_dag.py for tasks to queue
[2024-06-24T15:29:21.649+0000] {logging_mixin.py:149} INFO - [2024-06-24T15:29:21.649+0000] {dagbag.py:541} INFO - Filling up the DagBag from /home/airflow/.local/lib/python3.7/site-packages/airflow/example_dags/example_external_task_marker_dag.py
[2024-06-24T15:29:21.651+0000] {processor.py:809} INFO - DAG(s) dict_keys(['example_external_task_marker_child', 'example_external_task_marker_parent']) retrieved from /home/airflow/.local/lib/python3.7/site-packages/airflow/example_dags/example_external_task_marker_dag.py
[2024-06-24T15:29:21.663+0000] {logging_mixin.py:149} INFO - [2024-06-24T15:29:21.663+0000] {dag.py:2726} INFO - Sync 2 DAGs
[2024-06-24T15:29:21.674+0000] {logging_mixin.py:149} INFO - [2024-06-24T15:29:21.674+0000] {dag.py:3490} INFO - Setting next_dagrun for example_external_task_marker_child to None, run_after=None
[2024-06-24T15:29:21.675+0000] {logging_mixin.py:149} INFO - [2024-06-24T15:29:21.675+0000] {dag.py:3490} INFO - Setting next_dagrun for example_external_task_marker_parent to None, run_after=None
[2024-06-24T15:29:21.682+0000] {processor.py:178} INFO - Processing /home/airflow/.local/lib/python3.7/site-packages/airflow/example_dags/example_external_task_marker_dag.py took 0.035 seconds
[2024-06-24T15:29:52.354+0000] {processor.py:156} INFO - Started process (PID=3046) to work on /home/airflow/.local/lib/python3.7/site-packages/airflow/example_dags/example_external_task_marker_dag.py
[2024-06-24T15:29:52.354+0000] {processor.py:799} INFO - Processing file /home/airflow/.local/lib/python3.7/site-packages/airflow/example_dags/example_external_task_marker_dag.py for tasks to queue
[2024-06-24T15:29:52.354+0000] {logging_mixin.py:149} INFO - [2024-06-24T15:29:52.354+0000] {dagbag.py:541} INFO - Filling up the DagBag from /home/airflow/.local/lib/python3.7/site-packages/airflow/example_dags/example_external_task_marker_dag.py
[2024-06-24T15:29:52.357+0000] {processor.py:809} INFO - DAG(s) dict_keys(['example_external_task_marker_parent', 'example_external_task_marker_child']) retrieved from /home/airflow/.local/lib/python3.7/site-packages/airflow/example_dags/example_external_task_marker_dag.py
[2024-06-24T15:29:52.369+0000] {logging_mixin.py:149} INFO - [2024-06-24T15:29:52.369+0000] {dag.py:2726} INFO - Sync 2 DAGs
[2024-06-24T15:29:52.379+0000] {logging_mixin.py:149} INFO - [2024-06-24T15:29:52.379+0000] {dag.py:3490} INFO - Setting next_dagrun for example_external_task_marker_child to None, run_after=None
[2024-06-24T15:29:52.381+0000] {logging_mixin.py:149} INFO - [2024-06-24T15:29:52.380+0000] {dag.py:3490} INFO - Setting next_dagrun for example_external_task_marker_parent to None, run_after=None
[2024-06-24T15:29:52.387+0000] {processor.py:178} INFO - Processing /home/airflow/.local/lib/python3.7/site-packages/airflow/example_dags/example_external_task_marker_dag.py took 0.035 seconds
[2024-06-24T15:30:22.996+0000] {processor.py:156} INFO - Started process (PID=3114) to work on /home/airflow/.local/lib/python3.7/site-packages/airflow/example_dags/example_external_task_marker_dag.py
[2024-06-24T15:30:22.996+0000] {processor.py:799} INFO - Processing file /home/airflow/.local/lib/python3.7/site-packages/airflow/example_dags/example_external_task_marker_dag.py for tasks to queue
[2024-06-24T15:30:22.997+0000] {logging_mixin.py:149} INFO - [2024-06-24T15:30:22.996+0000] {dagbag.py:541} INFO - Filling up the DagBag from /home/airflow/.local/lib/python3.7/site-packages/airflow/example_dags/example_external_task_marker_dag.py
[2024-06-24T15:30:22.999+0000] {processor.py:809} INFO - DAG(s) dict_keys(['example_external_task_marker_child', 'example_external_task_marker_parent']) retrieved from /home/airflow/.local/lib/python3.7/site-packages/airflow/example_dags/example_external_task_marker_dag.py
[2024-06-24T15:30:23.011+0000] {logging_mixin.py:149} INFO - [2024-06-24T15:30:23.011+0000] {dag.py:2726} INFO - Sync 2 DAGs
[2024-06-24T15:30:23.023+0000] {logging_mixin.py:149} INFO - [2024-06-24T15:30:23.023+0000] {dag.py:3490} INFO - Setting next_dagrun for example_external_task_marker_child to None, run_after=None
[2024-06-24T15:30:23.024+0000] {logging_mixin.py:149} INFO - [2024-06-24T15:30:23.024+0000] {dag.py:3490} INFO - Setting next_dagrun for example_external_task_marker_parent to None, run_after=None
[2024-06-24T15:30:23.031+0000] {processor.py:178} INFO - Processing /home/airflow/.local/lib/python3.7/site-packages/airflow/example_dags/example_external_task_marker_dag.py took 0.036 seconds
