[2024-06-24T15:03:51.188+0000] {processor.py:156} INFO - Started process (PID=78) to work on /home/airflow/.local/lib/python3.7/site-packages/airflow/example_dags/example_xcomargs.py
[2024-06-24T15:03:51.188+0000] {processor.py:799} INFO - Processing file /home/airflow/.local/lib/python3.7/site-packages/airflow/example_dags/example_xcomargs.py for tasks to queue
[2024-06-24T15:03:51.188+0000] {logging_mixin.py:149} INFO - [2024-06-24T15:03:51.188+0000] {dagbag.py:541} INFO - Filling up the DagBag from /home/airflow/.local/lib/python3.7/site-packages/airflow/example_dags/example_xcomargs.py
[2024-06-24T15:03:51.193+0000] {processor.py:809} INFO - DAG(s) dict_keys(['example_xcom_args_with_operators', 'example_xcom_args']) retrieved from /home/airflow/.local/lib/python3.7/site-packages/airflow/example_dags/example_xcomargs.py
[2024-06-24T15:03:51.241+0000] {logging_mixin.py:149} INFO - [2024-06-24T15:03:51.241+0000] {manager.py:504} INFO - Created Permission View: can delete on DAG:example_xcom_args_with_operators
[2024-06-24T15:03:51.245+0000] {logging_mixin.py:149} INFO - [2024-06-24T15:03:51.244+0000] {manager.py:504} INFO - Created Permission View: can edit on DAG:example_xcom_args_with_operators
[2024-06-24T15:03:51.248+0000] {logging_mixin.py:149} INFO - [2024-06-24T15:03:51.248+0000] {manager.py:504} INFO - Created Permission View: can read on DAG:example_xcom_args_with_operators
[2024-06-24T15:03:51.255+0000] {logging_mixin.py:149} INFO - [2024-06-24T15:03:51.255+0000] {manager.py:504} INFO - Created Permission View: can delete on DAG:example_xcom_args
[2024-06-24T15:03:51.257+0000] {logging_mixin.py:149} INFO - [2024-06-24T15:03:51.257+0000] {manager.py:504} INFO - Created Permission View: can edit on DAG:example_xcom_args
[2024-06-24T15:03:51.260+0000] {logging_mixin.py:149} INFO - [2024-06-24T15:03:51.260+0000] {manager.py:504} INFO - Created Permission View: can read on DAG:example_xcom_args
[2024-06-24T15:03:51.260+0000] {logging_mixin.py:149} INFO - [2024-06-24T15:03:51.260+0000] {dag.py:2726} INFO - Sync 2 DAGs
[2024-06-24T15:03:51.266+0000] {logging_mixin.py:149} INFO - [2024-06-24T15:03:51.266+0000] {dag.py:2747} INFO - Creating ORM DAG for example_xcom_args_with_operators
[2024-06-24T15:03:51.266+0000] {logging_mixin.py:149} INFO - [2024-06-24T15:03:51.266+0000] {dag.py:2747} INFO - Creating ORM DAG for example_xcom_args
[2024-06-24T15:03:51.270+0000] {logging_mixin.py:149} INFO - [2024-06-24T15:03:51.270+0000] {dag.py:3490} INFO - Setting next_dagrun for example_xcom_args to None, run_after=None
[2024-06-24T15:03:51.271+0000] {logging_mixin.py:149} INFO - [2024-06-24T15:03:51.271+0000] {dag.py:3490} INFO - Setting next_dagrun for example_xcom_args_with_operators to None, run_after=None
[2024-06-24T15:03:51.279+0000] {processor.py:178} INFO - Processing /home/airflow/.local/lib/python3.7/site-packages/airflow/example_dags/example_xcomargs.py took 0.092 seconds
[2024-06-24T15:04:21.422+0000] {processor.py:156} INFO - Started process (PID=147) to work on /home/airflow/.local/lib/python3.7/site-packages/airflow/example_dags/example_xcomargs.py
[2024-06-24T15:04:21.422+0000] {processor.py:799} INFO - Processing file /home/airflow/.local/lib/python3.7/site-packages/airflow/example_dags/example_xcomargs.py for tasks to queue
[2024-06-24T15:04:21.422+0000] {logging_mixin.py:149} INFO - [2024-06-24T15:04:21.422+0000] {dagbag.py:541} INFO - Filling up the DagBag from /home/airflow/.local/lib/python3.7/site-packages/airflow/example_dags/example_xcomargs.py
[2024-06-24T15:04:21.426+0000] {processor.py:809} INFO - DAG(s) dict_keys(['example_xcom_args_with_operators', 'example_xcom_args']) retrieved from /home/airflow/.local/lib/python3.7/site-packages/airflow/example_dags/example_xcomargs.py
[2024-06-24T15:04:21.438+0000] {logging_mixin.py:149} INFO - [2024-06-24T15:04:21.438+0000] {dag.py:2726} INFO - Sync 2 DAGs
[2024-06-24T15:04:21.448+0000] {logging_mixin.py:149} INFO - [2024-06-24T15:04:21.448+0000] {dag.py:3490} INFO - Setting next_dagrun for example_xcom_args to None, run_after=None
[2024-06-24T15:04:21.450+0000] {logging_mixin.py:149} INFO - [2024-06-24T15:04:21.450+0000] {dag.py:3490} INFO - Setting next_dagrun for example_xcom_args_with_operators to None, run_after=None
[2024-06-24T15:04:21.457+0000] {processor.py:178} INFO - Processing /home/airflow/.local/lib/python3.7/site-packages/airflow/example_dags/example_xcomargs.py took 0.037 seconds
[2024-06-24T15:04:52.024+0000] {processor.py:156} INFO - Started process (PID=215) to work on /home/airflow/.local/lib/python3.7/site-packages/airflow/example_dags/example_xcomargs.py
[2024-06-24T15:04:52.024+0000] {processor.py:799} INFO - Processing file /home/airflow/.local/lib/python3.7/site-packages/airflow/example_dags/example_xcomargs.py for tasks to queue
[2024-06-24T15:04:52.025+0000] {logging_mixin.py:149} INFO - [2024-06-24T15:04:52.025+0000] {dagbag.py:541} INFO - Filling up the DagBag from /home/airflow/.local/lib/python3.7/site-packages/airflow/example_dags/example_xcomargs.py
[2024-06-24T15:04:52.028+0000] {processor.py:809} INFO - DAG(s) dict_keys(['example_xcom_args_with_operators', 'example_xcom_args']) retrieved from /home/airflow/.local/lib/python3.7/site-packages/airflow/example_dags/example_xcomargs.py
[2024-06-24T15:04:52.039+0000] {logging_mixin.py:149} INFO - [2024-06-24T15:04:52.039+0000] {dag.py:2726} INFO - Sync 2 DAGs
[2024-06-24T15:04:52.049+0000] {logging_mixin.py:149} INFO - [2024-06-24T15:04:52.049+0000] {dag.py:3490} INFO - Setting next_dagrun for example_xcom_args to None, run_after=None
[2024-06-24T15:04:52.051+0000] {logging_mixin.py:149} INFO - [2024-06-24T15:04:52.051+0000] {dag.py:3490} INFO - Setting next_dagrun for example_xcom_args_with_operators to None, run_after=None
[2024-06-24T15:04:52.059+0000] {processor.py:178} INFO - Processing /home/airflow/.local/lib/python3.7/site-packages/airflow/example_dags/example_xcomargs.py took 0.034 seconds
[2024-06-24T15:05:22.626+0000] {processor.py:156} INFO - Started process (PID=284) to work on /home/airflow/.local/lib/python3.7/site-packages/airflow/example_dags/example_xcomargs.py
[2024-06-24T15:05:22.627+0000] {processor.py:799} INFO - Processing file /home/airflow/.local/lib/python3.7/site-packages/airflow/example_dags/example_xcomargs.py for tasks to queue
[2024-06-24T15:05:22.627+0000] {logging_mixin.py:149} INFO - [2024-06-24T15:05:22.627+0000] {dagbag.py:541} INFO - Filling up the DagBag from /home/airflow/.local/lib/python3.7/site-packages/airflow/example_dags/example_xcomargs.py
[2024-06-24T15:05:22.630+0000] {processor.py:809} INFO - DAG(s) dict_keys(['example_xcom_args_with_operators', 'example_xcom_args']) retrieved from /home/airflow/.local/lib/python3.7/site-packages/airflow/example_dags/example_xcomargs.py
[2024-06-24T15:05:22.640+0000] {logging_mixin.py:149} INFO - [2024-06-24T15:05:22.640+0000] {dag.py:2726} INFO - Sync 2 DAGs
[2024-06-24T15:05:22.651+0000] {logging_mixin.py:149} INFO - [2024-06-24T15:05:22.651+0000] {dag.py:3490} INFO - Setting next_dagrun for example_xcom_args to None, run_after=None
[2024-06-24T15:05:22.652+0000] {logging_mixin.py:149} INFO - [2024-06-24T15:05:22.652+0000] {dag.py:3490} INFO - Setting next_dagrun for example_xcom_args_with_operators to None, run_after=None
[2024-06-24T15:05:22.658+0000] {processor.py:178} INFO - Processing /home/airflow/.local/lib/python3.7/site-packages/airflow/example_dags/example_xcomargs.py took 0.033 seconds
[2024-06-24T15:05:53.197+0000] {processor.py:156} INFO - Started process (PID=353) to work on /home/airflow/.local/lib/python3.7/site-packages/airflow/example_dags/example_xcomargs.py
[2024-06-24T15:05:53.198+0000] {processor.py:799} INFO - Processing file /home/airflow/.local/lib/python3.7/site-packages/airflow/example_dags/example_xcomargs.py for tasks to queue
[2024-06-24T15:05:53.198+0000] {logging_mixin.py:149} INFO - [2024-06-24T15:05:53.198+0000] {dagbag.py:541} INFO - Filling up the DagBag from /home/airflow/.local/lib/python3.7/site-packages/airflow/example_dags/example_xcomargs.py
[2024-06-24T15:05:53.201+0000] {processor.py:809} INFO - DAG(s) dict_keys(['example_xcom_args', 'example_xcom_args_with_operators']) retrieved from /home/airflow/.local/lib/python3.7/site-packages/airflow/example_dags/example_xcomargs.py
[2024-06-24T15:05:53.212+0000] {logging_mixin.py:149} INFO - [2024-06-24T15:05:53.212+0000] {dag.py:2726} INFO - Sync 2 DAGs
[2024-06-24T15:05:53.223+0000] {logging_mixin.py:149} INFO - [2024-06-24T15:05:53.223+0000] {dag.py:3490} INFO - Setting next_dagrun for example_xcom_args to None, run_after=None
[2024-06-24T15:05:53.224+0000] {logging_mixin.py:149} INFO - [2024-06-24T15:05:53.224+0000] {dag.py:3490} INFO - Setting next_dagrun for example_xcom_args_with_operators to None, run_after=None
[2024-06-24T15:05:53.230+0000] {processor.py:178} INFO - Processing /home/airflow/.local/lib/python3.7/site-packages/airflow/example_dags/example_xcomargs.py took 0.035 seconds
[2024-06-24T15:06:23.848+0000] {processor.py:156} INFO - Started process (PID=421) to work on /home/airflow/.local/lib/python3.7/site-packages/airflow/example_dags/example_xcomargs.py
[2024-06-24T15:06:23.849+0000] {processor.py:799} INFO - Processing file /home/airflow/.local/lib/python3.7/site-packages/airflow/example_dags/example_xcomargs.py for tasks to queue
[2024-06-24T15:06:23.849+0000] {logging_mixin.py:149} INFO - [2024-06-24T15:06:23.849+0000] {dagbag.py:541} INFO - Filling up the DagBag from /home/airflow/.local/lib/python3.7/site-packages/airflow/example_dags/example_xcomargs.py
[2024-06-24T15:06:23.852+0000] {processor.py:809} INFO - DAG(s) dict_keys(['example_xcom_args_with_operators', 'example_xcom_args']) retrieved from /home/airflow/.local/lib/python3.7/site-packages/airflow/example_dags/example_xcomargs.py
[2024-06-24T15:06:23.863+0000] {logging_mixin.py:149} INFO - [2024-06-24T15:06:23.863+0000] {dag.py:2726} INFO - Sync 2 DAGs
[2024-06-24T15:06:23.873+0000] {logging_mixin.py:149} INFO - [2024-06-24T15:06:23.873+0000] {dag.py:3490} INFO - Setting next_dagrun for example_xcom_args to None, run_after=None
[2024-06-24T15:06:23.875+0000] {logging_mixin.py:149} INFO - [2024-06-24T15:06:23.875+0000] {dag.py:3490} INFO - Setting next_dagrun for example_xcom_args_with_operators to None, run_after=None
[2024-06-24T15:06:23.881+0000] {processor.py:178} INFO - Processing /home/airflow/.local/lib/python3.7/site-packages/airflow/example_dags/example_xcomargs.py took 0.034 seconds
[2024-06-24T15:06:54.515+0000] {processor.py:156} INFO - Started process (PID=490) to work on /home/airflow/.local/lib/python3.7/site-packages/airflow/example_dags/example_xcomargs.py
[2024-06-24T15:06:54.516+0000] {processor.py:799} INFO - Processing file /home/airflow/.local/lib/python3.7/site-packages/airflow/example_dags/example_xcomargs.py for tasks to queue
[2024-06-24T15:06:54.516+0000] {logging_mixin.py:149} INFO - [2024-06-24T15:06:54.516+0000] {dagbag.py:541} INFO - Filling up the DagBag from /home/airflow/.local/lib/python3.7/site-packages/airflow/example_dags/example_xcomargs.py
[2024-06-24T15:06:54.519+0000] {processor.py:809} INFO - DAG(s) dict_keys(['example_xcom_args', 'example_xcom_args_with_operators']) retrieved from /home/airflow/.local/lib/python3.7/site-packages/airflow/example_dags/example_xcomargs.py
[2024-06-24T15:06:54.530+0000] {logging_mixin.py:149} INFO - [2024-06-24T15:06:54.530+0000] {dag.py:2726} INFO - Sync 2 DAGs
[2024-06-24T15:06:54.540+0000] {logging_mixin.py:149} INFO - [2024-06-24T15:06:54.540+0000] {dag.py:3490} INFO - Setting next_dagrun for example_xcom_args to None, run_after=None
[2024-06-24T15:06:54.542+0000] {logging_mixin.py:149} INFO - [2024-06-24T15:06:54.542+0000] {dag.py:3490} INFO - Setting next_dagrun for example_xcom_args_with_operators to None, run_after=None
[2024-06-24T15:06:54.548+0000] {processor.py:178} INFO - Processing /home/airflow/.local/lib/python3.7/site-packages/airflow/example_dags/example_xcomargs.py took 0.034 seconds
[2024-06-24T15:07:54.097+0000] {processor.py:156} INFO - Started process (PID=78) to work on /home/airflow/.local/lib/python3.7/site-packages/airflow/example_dags/example_xcomargs.py
[2024-06-24T15:07:54.098+0000] {processor.py:799} INFO - Processing file /home/airflow/.local/lib/python3.7/site-packages/airflow/example_dags/example_xcomargs.py for tasks to queue
[2024-06-24T15:07:54.098+0000] {logging_mixin.py:149} INFO - [2024-06-24T15:07:54.098+0000] {dagbag.py:541} INFO - Filling up the DagBag from /home/airflow/.local/lib/python3.7/site-packages/airflow/example_dags/example_xcomargs.py
[2024-06-24T15:07:54.104+0000] {processor.py:809} INFO - DAG(s) dict_keys(['example_xcom_args_with_operators', 'example_xcom_args']) retrieved from /home/airflow/.local/lib/python3.7/site-packages/airflow/example_dags/example_xcomargs.py
[2024-06-24T15:07:54.112+0000] {logging_mixin.py:149} INFO - [2024-06-24T15:07:54.111+0000] {dag.py:2726} INFO - Sync 2 DAGs
[2024-06-24T15:07:54.125+0000] {logging_mixin.py:149} INFO - [2024-06-24T15:07:54.125+0000] {dag.py:3490} INFO - Setting next_dagrun for example_xcom_args to None, run_after=None
[2024-06-24T15:07:54.126+0000] {logging_mixin.py:149} INFO - [2024-06-24T15:07:54.126+0000] {dag.py:3490} INFO - Setting next_dagrun for example_xcom_args_with_operators to None, run_after=None
[2024-06-24T15:07:54.134+0000] {processor.py:178} INFO - Processing /home/airflow/.local/lib/python3.7/site-packages/airflow/example_dags/example_xcomargs.py took 0.038 seconds
[2024-06-24T15:08:24.475+0000] {processor.py:156} INFO - Started process (PID=151) to work on /home/airflow/.local/lib/python3.7/site-packages/airflow/example_dags/example_xcomargs.py
[2024-06-24T15:08:24.475+0000] {processor.py:799} INFO - Processing file /home/airflow/.local/lib/python3.7/site-packages/airflow/example_dags/example_xcomargs.py for tasks to queue
[2024-06-24T15:08:24.476+0000] {logging_mixin.py:149} INFO - [2024-06-24T15:08:24.476+0000] {dagbag.py:541} INFO - Filling up the DagBag from /home/airflow/.local/lib/python3.7/site-packages/airflow/example_dags/example_xcomargs.py
[2024-06-24T15:08:24.479+0000] {processor.py:809} INFO - DAG(s) dict_keys(['example_xcom_args', 'example_xcom_args_with_operators']) retrieved from /home/airflow/.local/lib/python3.7/site-packages/airflow/example_dags/example_xcomargs.py
[2024-06-24T15:08:24.494+0000] {logging_mixin.py:149} INFO - [2024-06-24T15:08:24.494+0000] {dag.py:2726} INFO - Sync 2 DAGs
[2024-06-24T15:08:24.507+0000] {logging_mixin.py:149} INFO - [2024-06-24T15:08:24.507+0000] {dag.py:3490} INFO - Setting next_dagrun for example_xcom_args to None, run_after=None
[2024-06-24T15:08:24.508+0000] {logging_mixin.py:149} INFO - [2024-06-24T15:08:24.508+0000] {dag.py:3490} INFO - Setting next_dagrun for example_xcom_args_with_operators to None, run_after=None
[2024-06-24T15:08:24.515+0000] {processor.py:178} INFO - Processing /home/airflow/.local/lib/python3.7/site-packages/airflow/example_dags/example_xcomargs.py took 0.041 seconds
[2024-06-24T15:08:55.024+0000] {processor.py:156} INFO - Started process (PID=220) to work on /home/airflow/.local/lib/python3.7/site-packages/airflow/example_dags/example_xcomargs.py
[2024-06-24T15:08:55.025+0000] {processor.py:799} INFO - Processing file /home/airflow/.local/lib/python3.7/site-packages/airflow/example_dags/example_xcomargs.py for tasks to queue
[2024-06-24T15:08:55.025+0000] {logging_mixin.py:149} INFO - [2024-06-24T15:08:55.025+0000] {dagbag.py:541} INFO - Filling up the DagBag from /home/airflow/.local/lib/python3.7/site-packages/airflow/example_dags/example_xcomargs.py
[2024-06-24T15:08:55.028+0000] {processor.py:809} INFO - DAG(s) dict_keys(['example_xcom_args', 'example_xcom_args_with_operators']) retrieved from /home/airflow/.local/lib/python3.7/site-packages/airflow/example_dags/example_xcomargs.py
[2024-06-24T15:08:55.039+0000] {logging_mixin.py:149} INFO - [2024-06-24T15:08:55.038+0000] {dag.py:2726} INFO - Sync 2 DAGs
[2024-06-24T15:08:55.048+0000] {logging_mixin.py:149} INFO - [2024-06-24T15:08:55.048+0000] {dag.py:3490} INFO - Setting next_dagrun for example_xcom_args to None, run_after=None
[2024-06-24T15:08:55.049+0000] {logging_mixin.py:149} INFO - [2024-06-24T15:08:55.049+0000] {dag.py:3490} INFO - Setting next_dagrun for example_xcom_args_with_operators to None, run_after=None
[2024-06-24T15:08:55.055+0000] {processor.py:178} INFO - Processing /home/airflow/.local/lib/python3.7/site-packages/airflow/example_dags/example_xcomargs.py took 0.032 seconds
[2024-06-24T15:09:25.739+0000] {processor.py:156} INFO - Started process (PID=289) to work on /home/airflow/.local/lib/python3.7/site-packages/airflow/example_dags/example_xcomargs.py
[2024-06-24T15:09:25.740+0000] {processor.py:799} INFO - Processing file /home/airflow/.local/lib/python3.7/site-packages/airflow/example_dags/example_xcomargs.py for tasks to queue
[2024-06-24T15:09:25.740+0000] {logging_mixin.py:149} INFO - [2024-06-24T15:09:25.740+0000] {dagbag.py:541} INFO - Filling up the DagBag from /home/airflow/.local/lib/python3.7/site-packages/airflow/example_dags/example_xcomargs.py
[2024-06-24T15:09:25.743+0000] {processor.py:809} INFO - DAG(s) dict_keys(['example_xcom_args_with_operators', 'example_xcom_args']) retrieved from /home/airflow/.local/lib/python3.7/site-packages/airflow/example_dags/example_xcomargs.py
[2024-06-24T15:09:25.755+0000] {logging_mixin.py:149} INFO - [2024-06-24T15:09:25.755+0000] {dag.py:2726} INFO - Sync 2 DAGs
[2024-06-24T15:09:25.765+0000] {logging_mixin.py:149} INFO - [2024-06-24T15:09:25.765+0000] {dag.py:3490} INFO - Setting next_dagrun for example_xcom_args to None, run_after=None
[2024-06-24T15:09:25.767+0000] {logging_mixin.py:149} INFO - [2024-06-24T15:09:25.767+0000] {dag.py:3490} INFO - Setting next_dagrun for example_xcom_args_with_operators to None, run_after=None
[2024-06-24T15:09:25.773+0000] {processor.py:178} INFO - Processing /home/airflow/.local/lib/python3.7/site-packages/airflow/example_dags/example_xcomargs.py took 0.035 seconds
[2024-06-24T15:09:56.334+0000] {processor.py:156} INFO - Started process (PID=358) to work on /home/airflow/.local/lib/python3.7/site-packages/airflow/example_dags/example_xcomargs.py
[2024-06-24T15:09:56.334+0000] {processor.py:799} INFO - Processing file /home/airflow/.local/lib/python3.7/site-packages/airflow/example_dags/example_xcomargs.py for tasks to queue
[2024-06-24T15:09:56.334+0000] {logging_mixin.py:149} INFO - [2024-06-24T15:09:56.334+0000] {dagbag.py:541} INFO - Filling up the DagBag from /home/airflow/.local/lib/python3.7/site-packages/airflow/example_dags/example_xcomargs.py
[2024-06-24T15:09:56.338+0000] {processor.py:809} INFO - DAG(s) dict_keys(['example_xcom_args_with_operators', 'example_xcom_args']) retrieved from /home/airflow/.local/lib/python3.7/site-packages/airflow/example_dags/example_xcomargs.py
[2024-06-24T15:09:56.349+0000] {logging_mixin.py:149} INFO - [2024-06-24T15:09:56.349+0000] {dag.py:2726} INFO - Sync 2 DAGs
[2024-06-24T15:09:56.359+0000] {logging_mixin.py:149} INFO - [2024-06-24T15:09:56.359+0000] {dag.py:3490} INFO - Setting next_dagrun for example_xcom_args to None, run_after=None
[2024-06-24T15:09:56.363+0000] {logging_mixin.py:149} INFO - [2024-06-24T15:09:56.363+0000] {dag.py:3490} INFO - Setting next_dagrun for example_xcom_args_with_operators to None, run_after=None
[2024-06-24T15:09:56.370+0000] {processor.py:178} INFO - Processing /home/airflow/.local/lib/python3.7/site-packages/airflow/example_dags/example_xcomargs.py took 0.038 seconds
[2024-06-24T15:10:27.007+0000] {processor.py:156} INFO - Started process (PID=427) to work on /home/airflow/.local/lib/python3.7/site-packages/airflow/example_dags/example_xcomargs.py
[2024-06-24T15:10:27.008+0000] {processor.py:799} INFO - Processing file /home/airflow/.local/lib/python3.7/site-packages/airflow/example_dags/example_xcomargs.py for tasks to queue
[2024-06-24T15:10:27.008+0000] {logging_mixin.py:149} INFO - [2024-06-24T15:10:27.008+0000] {dagbag.py:541} INFO - Filling up the DagBag from /home/airflow/.local/lib/python3.7/site-packages/airflow/example_dags/example_xcomargs.py
[2024-06-24T15:10:27.011+0000] {processor.py:809} INFO - DAG(s) dict_keys(['example_xcom_args_with_operators', 'example_xcom_args']) retrieved from /home/airflow/.local/lib/python3.7/site-packages/airflow/example_dags/example_xcomargs.py
[2024-06-24T15:10:27.023+0000] {logging_mixin.py:149} INFO - [2024-06-24T15:10:27.023+0000] {dag.py:2726} INFO - Sync 2 DAGs
[2024-06-24T15:10:27.033+0000] {logging_mixin.py:149} INFO - [2024-06-24T15:10:27.033+0000] {dag.py:3490} INFO - Setting next_dagrun for example_xcom_args to None, run_after=None
[2024-06-24T15:10:27.035+0000] {logging_mixin.py:149} INFO - [2024-06-24T15:10:27.034+0000] {dag.py:3490} INFO - Setting next_dagrun for example_xcom_args_with_operators to None, run_after=None
[2024-06-24T15:10:27.041+0000] {processor.py:178} INFO - Processing /home/airflow/.local/lib/python3.7/site-packages/airflow/example_dags/example_xcomargs.py took 0.035 seconds
[2024-06-24T15:10:57.769+0000] {processor.py:156} INFO - Started process (PID=496) to work on /home/airflow/.local/lib/python3.7/site-packages/airflow/example_dags/example_xcomargs.py
[2024-06-24T15:10:57.769+0000] {processor.py:799} INFO - Processing file /home/airflow/.local/lib/python3.7/site-packages/airflow/example_dags/example_xcomargs.py for tasks to queue
[2024-06-24T15:10:57.769+0000] {logging_mixin.py:149} INFO - [2024-06-24T15:10:57.769+0000] {dagbag.py:541} INFO - Filling up the DagBag from /home/airflow/.local/lib/python3.7/site-packages/airflow/example_dags/example_xcomargs.py
[2024-06-24T15:10:57.772+0000] {processor.py:809} INFO - DAG(s) dict_keys(['example_xcom_args_with_operators', 'example_xcom_args']) retrieved from /home/airflow/.local/lib/python3.7/site-packages/airflow/example_dags/example_xcomargs.py
[2024-06-24T15:10:57.783+0000] {logging_mixin.py:149} INFO - [2024-06-24T15:10:57.783+0000] {dag.py:2726} INFO - Sync 2 DAGs
[2024-06-24T15:10:57.793+0000] {logging_mixin.py:149} INFO - [2024-06-24T15:10:57.793+0000] {dag.py:3490} INFO - Setting next_dagrun for example_xcom_args to None, run_after=None
[2024-06-24T15:10:57.794+0000] {logging_mixin.py:149} INFO - [2024-06-24T15:10:57.794+0000] {dag.py:3490} INFO - Setting next_dagrun for example_xcom_args_with_operators to None, run_after=None
[2024-06-24T15:10:57.800+0000] {processor.py:178} INFO - Processing /home/airflow/.local/lib/python3.7/site-packages/airflow/example_dags/example_xcomargs.py took 0.033 seconds
[2024-06-24T15:11:28.478+0000] {processor.py:156} INFO - Started process (PID=565) to work on /home/airflow/.local/lib/python3.7/site-packages/airflow/example_dags/example_xcomargs.py
[2024-06-24T15:11:28.478+0000] {processor.py:799} INFO - Processing file /home/airflow/.local/lib/python3.7/site-packages/airflow/example_dags/example_xcomargs.py for tasks to queue
[2024-06-24T15:11:28.479+0000] {logging_mixin.py:149} INFO - [2024-06-24T15:11:28.479+0000] {dagbag.py:541} INFO - Filling up the DagBag from /home/airflow/.local/lib/python3.7/site-packages/airflow/example_dags/example_xcomargs.py
[2024-06-24T15:11:28.482+0000] {processor.py:809} INFO - DAG(s) dict_keys(['example_xcom_args_with_operators', 'example_xcom_args']) retrieved from /home/airflow/.local/lib/python3.7/site-packages/airflow/example_dags/example_xcomargs.py
[2024-06-24T15:11:28.494+0000] {logging_mixin.py:149} INFO - [2024-06-24T15:11:28.493+0000] {dag.py:2726} INFO - Sync 2 DAGs
[2024-06-24T15:11:28.504+0000] {logging_mixin.py:149} INFO - [2024-06-24T15:11:28.504+0000] {dag.py:3490} INFO - Setting next_dagrun for example_xcom_args to None, run_after=None
[2024-06-24T15:11:28.506+0000] {logging_mixin.py:149} INFO - [2024-06-24T15:11:28.506+0000] {dag.py:3490} INFO - Setting next_dagrun for example_xcom_args_with_operators to None, run_after=None
[2024-06-24T15:11:28.514+0000] {processor.py:178} INFO - Processing /home/airflow/.local/lib/python3.7/site-packages/airflow/example_dags/example_xcomargs.py took 0.037 seconds
[2024-06-24T15:11:59.303+0000] {processor.py:156} INFO - Started process (PID=634) to work on /home/airflow/.local/lib/python3.7/site-packages/airflow/example_dags/example_xcomargs.py
[2024-06-24T15:11:59.303+0000] {processor.py:799} INFO - Processing file /home/airflow/.local/lib/python3.7/site-packages/airflow/example_dags/example_xcomargs.py for tasks to queue
[2024-06-24T15:11:59.304+0000] {logging_mixin.py:149} INFO - [2024-06-24T15:11:59.304+0000] {dagbag.py:541} INFO - Filling up the DagBag from /home/airflow/.local/lib/python3.7/site-packages/airflow/example_dags/example_xcomargs.py
[2024-06-24T15:11:59.307+0000] {processor.py:809} INFO - DAG(s) dict_keys(['example_xcom_args_with_operators', 'example_xcom_args']) retrieved from /home/airflow/.local/lib/python3.7/site-packages/airflow/example_dags/example_xcomargs.py
[2024-06-24T15:11:59.318+0000] {logging_mixin.py:149} INFO - [2024-06-24T15:11:59.318+0000] {dag.py:2726} INFO - Sync 2 DAGs
[2024-06-24T15:11:59.329+0000] {logging_mixin.py:149} INFO - [2024-06-24T15:11:59.329+0000] {dag.py:3490} INFO - Setting next_dagrun for example_xcom_args to None, run_after=None
[2024-06-24T15:11:59.331+0000] {logging_mixin.py:149} INFO - [2024-06-24T15:11:59.331+0000] {dag.py:3490} INFO - Setting next_dagrun for example_xcom_args_with_operators to None, run_after=None
[2024-06-24T15:11:59.337+0000] {processor.py:178} INFO - Processing /home/airflow/.local/lib/python3.7/site-packages/airflow/example_dags/example_xcomargs.py took 0.035 seconds
[2024-06-24T15:12:29.937+0000] {processor.py:156} INFO - Started process (PID=703) to work on /home/airflow/.local/lib/python3.7/site-packages/airflow/example_dags/example_xcomargs.py
[2024-06-24T15:12:29.938+0000] {processor.py:799} INFO - Processing file /home/airflow/.local/lib/python3.7/site-packages/airflow/example_dags/example_xcomargs.py for tasks to queue
[2024-06-24T15:12:29.938+0000] {logging_mixin.py:149} INFO - [2024-06-24T15:12:29.938+0000] {dagbag.py:541} INFO - Filling up the DagBag from /home/airflow/.local/lib/python3.7/site-packages/airflow/example_dags/example_xcomargs.py
[2024-06-24T15:12:29.941+0000] {processor.py:809} INFO - DAG(s) dict_keys(['example_xcom_args', 'example_xcom_args_with_operators']) retrieved from /home/airflow/.local/lib/python3.7/site-packages/airflow/example_dags/example_xcomargs.py
[2024-06-24T15:12:29.953+0000] {logging_mixin.py:149} INFO - [2024-06-24T15:12:29.953+0000] {dag.py:2726} INFO - Sync 2 DAGs
[2024-06-24T15:12:29.963+0000] {logging_mixin.py:149} INFO - [2024-06-24T15:12:29.963+0000] {dag.py:3490} INFO - Setting next_dagrun for example_xcom_args to None, run_after=None
[2024-06-24T15:12:29.965+0000] {logging_mixin.py:149} INFO - [2024-06-24T15:12:29.965+0000] {dag.py:3490} INFO - Setting next_dagrun for example_xcom_args_with_operators to None, run_after=None
[2024-06-24T15:12:29.971+0000] {processor.py:178} INFO - Processing /home/airflow/.local/lib/python3.7/site-packages/airflow/example_dags/example_xcomargs.py took 0.035 seconds
[2024-06-24T15:13:00.645+0000] {processor.py:156} INFO - Started process (PID=772) to work on /home/airflow/.local/lib/python3.7/site-packages/airflow/example_dags/example_xcomargs.py
[2024-06-24T15:13:00.645+0000] {processor.py:799} INFO - Processing file /home/airflow/.local/lib/python3.7/site-packages/airflow/example_dags/example_xcomargs.py for tasks to queue
[2024-06-24T15:13:00.646+0000] {logging_mixin.py:149} INFO - [2024-06-24T15:13:00.646+0000] {dagbag.py:541} INFO - Filling up the DagBag from /home/airflow/.local/lib/python3.7/site-packages/airflow/example_dags/example_xcomargs.py
[2024-06-24T15:13:00.649+0000] {processor.py:809} INFO - DAG(s) dict_keys(['example_xcom_args', 'example_xcom_args_with_operators']) retrieved from /home/airflow/.local/lib/python3.7/site-packages/airflow/example_dags/example_xcomargs.py
[2024-06-24T15:13:00.660+0000] {logging_mixin.py:149} INFO - [2024-06-24T15:13:00.660+0000] {dag.py:2726} INFO - Sync 2 DAGs
[2024-06-24T15:13:00.671+0000] {logging_mixin.py:149} INFO - [2024-06-24T15:13:00.671+0000] {dag.py:3490} INFO - Setting next_dagrun for example_xcom_args to None, run_after=None
[2024-06-24T15:13:00.673+0000] {logging_mixin.py:149} INFO - [2024-06-24T15:13:00.673+0000] {dag.py:3490} INFO - Setting next_dagrun for example_xcom_args_with_operators to None, run_after=None
[2024-06-24T15:13:00.680+0000] {processor.py:178} INFO - Processing /home/airflow/.local/lib/python3.7/site-packages/airflow/example_dags/example_xcomargs.py took 0.036 seconds
[2024-06-24T15:13:31.301+0000] {processor.py:156} INFO - Started process (PID=841) to work on /home/airflow/.local/lib/python3.7/site-packages/airflow/example_dags/example_xcomargs.py
[2024-06-24T15:13:31.302+0000] {processor.py:799} INFO - Processing file /home/airflow/.local/lib/python3.7/site-packages/airflow/example_dags/example_xcomargs.py for tasks to queue
[2024-06-24T15:13:31.302+0000] {logging_mixin.py:149} INFO - [2024-06-24T15:13:31.302+0000] {dagbag.py:541} INFO - Filling up the DagBag from /home/airflow/.local/lib/python3.7/site-packages/airflow/example_dags/example_xcomargs.py
[2024-06-24T15:13:31.305+0000] {processor.py:809} INFO - DAG(s) dict_keys(['example_xcom_args', 'example_xcom_args_with_operators']) retrieved from /home/airflow/.local/lib/python3.7/site-packages/airflow/example_dags/example_xcomargs.py
[2024-06-24T15:13:31.316+0000] {logging_mixin.py:149} INFO - [2024-06-24T15:13:31.316+0000] {dag.py:2726} INFO - Sync 2 DAGs
[2024-06-24T15:13:31.327+0000] {logging_mixin.py:149} INFO - [2024-06-24T15:13:31.327+0000] {dag.py:3490} INFO - Setting next_dagrun for example_xcom_args to None, run_after=None
[2024-06-24T15:13:31.328+0000] {logging_mixin.py:149} INFO - [2024-06-24T15:13:31.328+0000] {dag.py:3490} INFO - Setting next_dagrun for example_xcom_args_with_operators to None, run_after=None
[2024-06-24T15:13:31.334+0000] {processor.py:178} INFO - Processing /home/airflow/.local/lib/python3.7/site-packages/airflow/example_dags/example_xcomargs.py took 0.034 seconds
[2024-06-24T15:14:01.848+0000] {processor.py:156} INFO - Started process (PID=910) to work on /home/airflow/.local/lib/python3.7/site-packages/airflow/example_dags/example_xcomargs.py
[2024-06-24T15:14:01.848+0000] {processor.py:799} INFO - Processing file /home/airflow/.local/lib/python3.7/site-packages/airflow/example_dags/example_xcomargs.py for tasks to queue
[2024-06-24T15:14:01.848+0000] {logging_mixin.py:149} INFO - [2024-06-24T15:14:01.848+0000] {dagbag.py:541} INFO - Filling up the DagBag from /home/airflow/.local/lib/python3.7/site-packages/airflow/example_dags/example_xcomargs.py
[2024-06-24T15:14:01.852+0000] {processor.py:809} INFO - DAG(s) dict_keys(['example_xcom_args_with_operators', 'example_xcom_args']) retrieved from /home/airflow/.local/lib/python3.7/site-packages/airflow/example_dags/example_xcomargs.py
[2024-06-24T15:14:01.863+0000] {logging_mixin.py:149} INFO - [2024-06-24T15:14:01.863+0000] {dag.py:2726} INFO - Sync 2 DAGs
[2024-06-24T15:14:01.874+0000] {logging_mixin.py:149} INFO - [2024-06-24T15:14:01.874+0000] {dag.py:3490} INFO - Setting next_dagrun for example_xcom_args to None, run_after=None
[2024-06-24T15:14:01.875+0000] {logging_mixin.py:149} INFO - [2024-06-24T15:14:01.875+0000] {dag.py:3490} INFO - Setting next_dagrun for example_xcom_args_with_operators to None, run_after=None
[2024-06-24T15:14:01.882+0000] {processor.py:178} INFO - Processing /home/airflow/.local/lib/python3.7/site-packages/airflow/example_dags/example_xcomargs.py took 0.035 seconds
[2024-06-24T15:14:32.338+0000] {processor.py:156} INFO - Started process (PID=979) to work on /home/airflow/.local/lib/python3.7/site-packages/airflow/example_dags/example_xcomargs.py
[2024-06-24T15:14:32.338+0000] {processor.py:799} INFO - Processing file /home/airflow/.local/lib/python3.7/site-packages/airflow/example_dags/example_xcomargs.py for tasks to queue
[2024-06-24T15:14:32.338+0000] {logging_mixin.py:149} INFO - [2024-06-24T15:14:32.338+0000] {dagbag.py:541} INFO - Filling up the DagBag from /home/airflow/.local/lib/python3.7/site-packages/airflow/example_dags/example_xcomargs.py
[2024-06-24T15:14:32.342+0000] {processor.py:809} INFO - DAG(s) dict_keys(['example_xcom_args', 'example_xcom_args_with_operators']) retrieved from /home/airflow/.local/lib/python3.7/site-packages/airflow/example_dags/example_xcomargs.py
[2024-06-24T15:14:32.354+0000] {logging_mixin.py:149} INFO - [2024-06-24T15:14:32.353+0000] {dag.py:2726} INFO - Sync 2 DAGs
[2024-06-24T15:14:32.364+0000] {logging_mixin.py:149} INFO - [2024-06-24T15:14:32.363+0000] {dag.py:3490} INFO - Setting next_dagrun for example_xcom_args to None, run_after=None
[2024-06-24T15:14:32.365+0000] {logging_mixin.py:149} INFO - [2024-06-24T15:14:32.365+0000] {dag.py:3490} INFO - Setting next_dagrun for example_xcom_args_with_operators to None, run_after=None
[2024-06-24T15:14:32.371+0000] {processor.py:178} INFO - Processing /home/airflow/.local/lib/python3.7/site-packages/airflow/example_dags/example_xcomargs.py took 0.035 seconds
[2024-06-24T15:15:02.809+0000] {processor.py:156} INFO - Started process (PID=1048) to work on /home/airflow/.local/lib/python3.7/site-packages/airflow/example_dags/example_xcomargs.py
[2024-06-24T15:15:02.810+0000] {processor.py:799} INFO - Processing file /home/airflow/.local/lib/python3.7/site-packages/airflow/example_dags/example_xcomargs.py for tasks to queue
[2024-06-24T15:15:02.810+0000] {logging_mixin.py:149} INFO - [2024-06-24T15:15:02.810+0000] {dagbag.py:541} INFO - Filling up the DagBag from /home/airflow/.local/lib/python3.7/site-packages/airflow/example_dags/example_xcomargs.py
[2024-06-24T15:15:02.813+0000] {processor.py:809} INFO - DAG(s) dict_keys(['example_xcom_args', 'example_xcom_args_with_operators']) retrieved from /home/airflow/.local/lib/python3.7/site-packages/airflow/example_dags/example_xcomargs.py
[2024-06-24T15:15:02.825+0000] {logging_mixin.py:149} INFO - [2024-06-24T15:15:02.824+0000] {dag.py:2726} INFO - Sync 2 DAGs
[2024-06-24T15:15:02.835+0000] {logging_mixin.py:149} INFO - [2024-06-24T15:15:02.835+0000] {dag.py:3490} INFO - Setting next_dagrun for example_xcom_args to None, run_after=None
[2024-06-24T15:15:02.836+0000] {logging_mixin.py:149} INFO - [2024-06-24T15:15:02.836+0000] {dag.py:3490} INFO - Setting next_dagrun for example_xcom_args_with_operators to None, run_after=None
[2024-06-24T15:15:02.842+0000] {processor.py:178} INFO - Processing /home/airflow/.local/lib/python3.7/site-packages/airflow/example_dags/example_xcomargs.py took 0.034 seconds
[2024-06-24T15:15:33.496+0000] {processor.py:156} INFO - Started process (PID=1126) to work on /home/airflow/.local/lib/python3.7/site-packages/airflow/example_dags/example_xcomargs.py
[2024-06-24T15:15:33.496+0000] {processor.py:799} INFO - Processing file /home/airflow/.local/lib/python3.7/site-packages/airflow/example_dags/example_xcomargs.py for tasks to queue
[2024-06-24T15:15:33.497+0000] {logging_mixin.py:149} INFO - [2024-06-24T15:15:33.497+0000] {dagbag.py:541} INFO - Filling up the DagBag from /home/airflow/.local/lib/python3.7/site-packages/airflow/example_dags/example_xcomargs.py
[2024-06-24T15:15:33.500+0000] {processor.py:809} INFO - DAG(s) dict_keys(['example_xcom_args_with_operators', 'example_xcom_args']) retrieved from /home/airflow/.local/lib/python3.7/site-packages/airflow/example_dags/example_xcomargs.py
[2024-06-24T15:15:33.511+0000] {logging_mixin.py:149} INFO - [2024-06-24T15:15:33.511+0000] {dag.py:2726} INFO - Sync 2 DAGs
[2024-06-24T15:15:33.522+0000] {logging_mixin.py:149} INFO - [2024-06-24T15:15:33.522+0000] {dag.py:3490} INFO - Setting next_dagrun for example_xcom_args to None, run_after=None
[2024-06-24T15:15:33.523+0000] {logging_mixin.py:149} INFO - [2024-06-24T15:15:33.523+0000] {dag.py:3490} INFO - Setting next_dagrun for example_xcom_args_with_operators to None, run_after=None
[2024-06-24T15:15:33.529+0000] {processor.py:178} INFO - Processing /home/airflow/.local/lib/python3.7/site-packages/airflow/example_dags/example_xcomargs.py took 0.035 seconds
[2024-06-24T15:16:04.087+0000] {processor.py:156} INFO - Started process (PID=1195) to work on /home/airflow/.local/lib/python3.7/site-packages/airflow/example_dags/example_xcomargs.py
[2024-06-24T15:16:04.088+0000] {processor.py:799} INFO - Processing file /home/airflow/.local/lib/python3.7/site-packages/airflow/example_dags/example_xcomargs.py for tasks to queue
[2024-06-24T15:16:04.088+0000] {logging_mixin.py:149} INFO - [2024-06-24T15:16:04.088+0000] {dagbag.py:541} INFO - Filling up the DagBag from /home/airflow/.local/lib/python3.7/site-packages/airflow/example_dags/example_xcomargs.py
[2024-06-24T15:16:04.091+0000] {processor.py:809} INFO - DAG(s) dict_keys(['example_xcom_args_with_operators', 'example_xcom_args']) retrieved from /home/airflow/.local/lib/python3.7/site-packages/airflow/example_dags/example_xcomargs.py
[2024-06-24T15:16:04.102+0000] {logging_mixin.py:149} INFO - [2024-06-24T15:16:04.102+0000] {dag.py:2726} INFO - Sync 2 DAGs
[2024-06-24T15:16:04.111+0000] {logging_mixin.py:149} INFO - [2024-06-24T15:16:04.111+0000] {dag.py:3490} INFO - Setting next_dagrun for example_xcom_args to None, run_after=None
[2024-06-24T15:16:04.112+0000] {logging_mixin.py:149} INFO - [2024-06-24T15:16:04.112+0000] {dag.py:3490} INFO - Setting next_dagrun for example_xcom_args_with_operators to None, run_after=None
[2024-06-24T15:16:04.118+0000] {processor.py:178} INFO - Processing /home/airflow/.local/lib/python3.7/site-packages/airflow/example_dags/example_xcomargs.py took 0.032 seconds
[2024-06-24T15:16:34.773+0000] {processor.py:156} INFO - Started process (PID=1264) to work on /home/airflow/.local/lib/python3.7/site-packages/airflow/example_dags/example_xcomargs.py
[2024-06-24T15:16:34.774+0000] {processor.py:799} INFO - Processing file /home/airflow/.local/lib/python3.7/site-packages/airflow/example_dags/example_xcomargs.py for tasks to queue
[2024-06-24T15:16:34.774+0000] {logging_mixin.py:149} INFO - [2024-06-24T15:16:34.774+0000] {dagbag.py:541} INFO - Filling up the DagBag from /home/airflow/.local/lib/python3.7/site-packages/airflow/example_dags/example_xcomargs.py
[2024-06-24T15:16:34.777+0000] {processor.py:809} INFO - DAG(s) dict_keys(['example_xcom_args_with_operators', 'example_xcom_args']) retrieved from /home/airflow/.local/lib/python3.7/site-packages/airflow/example_dags/example_xcomargs.py
[2024-06-24T15:16:34.788+0000] {logging_mixin.py:149} INFO - [2024-06-24T15:16:34.787+0000] {dag.py:2726} INFO - Sync 2 DAGs
[2024-06-24T15:16:34.797+0000] {logging_mixin.py:149} INFO - [2024-06-24T15:16:34.797+0000] {dag.py:3490} INFO - Setting next_dagrun for example_xcom_args to None, run_after=None
[2024-06-24T15:16:34.798+0000] {logging_mixin.py:149} INFO - [2024-06-24T15:16:34.798+0000] {dag.py:3490} INFO - Setting next_dagrun for example_xcom_args_with_operators to None, run_after=None
[2024-06-24T15:16:34.803+0000] {processor.py:178} INFO - Processing /home/airflow/.local/lib/python3.7/site-packages/airflow/example_dags/example_xcomargs.py took 0.031 seconds
[2024-06-24T15:17:05.354+0000] {processor.py:156} INFO - Started process (PID=1333) to work on /home/airflow/.local/lib/python3.7/site-packages/airflow/example_dags/example_xcomargs.py
[2024-06-24T15:17:05.354+0000] {processor.py:799} INFO - Processing file /home/airflow/.local/lib/python3.7/site-packages/airflow/example_dags/example_xcomargs.py for tasks to queue
[2024-06-24T15:17:05.354+0000] {logging_mixin.py:149} INFO - [2024-06-24T15:17:05.354+0000] {dagbag.py:541} INFO - Filling up the DagBag from /home/airflow/.local/lib/python3.7/site-packages/airflow/example_dags/example_xcomargs.py
[2024-06-24T15:17:05.357+0000] {processor.py:809} INFO - DAG(s) dict_keys(['example_xcom_args_with_operators', 'example_xcom_args']) retrieved from /home/airflow/.local/lib/python3.7/site-packages/airflow/example_dags/example_xcomargs.py
[2024-06-24T15:17:05.368+0000] {logging_mixin.py:149} INFO - [2024-06-24T15:17:05.368+0000] {dag.py:2726} INFO - Sync 2 DAGs
[2024-06-24T15:17:05.379+0000] {logging_mixin.py:149} INFO - [2024-06-24T15:17:05.379+0000] {dag.py:3490} INFO - Setting next_dagrun for example_xcom_args to None, run_after=None
[2024-06-24T15:17:05.380+0000] {logging_mixin.py:149} INFO - [2024-06-24T15:17:05.380+0000] {dag.py:3490} INFO - Setting next_dagrun for example_xcom_args_with_operators to None, run_after=None
[2024-06-24T15:17:05.387+0000] {processor.py:178} INFO - Processing /home/airflow/.local/lib/python3.7/site-packages/airflow/example_dags/example_xcomargs.py took 0.034 seconds
[2024-06-24T15:17:35.913+0000] {processor.py:156} INFO - Started process (PID=1401) to work on /home/airflow/.local/lib/python3.7/site-packages/airflow/example_dags/example_xcomargs.py
[2024-06-24T15:17:35.913+0000] {processor.py:799} INFO - Processing file /home/airflow/.local/lib/python3.7/site-packages/airflow/example_dags/example_xcomargs.py for tasks to queue
[2024-06-24T15:17:35.913+0000] {logging_mixin.py:149} INFO - [2024-06-24T15:17:35.913+0000] {dagbag.py:541} INFO - Filling up the DagBag from /home/airflow/.local/lib/python3.7/site-packages/airflow/example_dags/example_xcomargs.py
[2024-06-24T15:17:35.916+0000] {processor.py:809} INFO - DAG(s) dict_keys(['example_xcom_args', 'example_xcom_args_with_operators']) retrieved from /home/airflow/.local/lib/python3.7/site-packages/airflow/example_dags/example_xcomargs.py
[2024-06-24T15:17:35.928+0000] {logging_mixin.py:149} INFO - [2024-06-24T15:17:35.927+0000] {dag.py:2726} INFO - Sync 2 DAGs
[2024-06-24T15:17:35.938+0000] {logging_mixin.py:149} INFO - [2024-06-24T15:17:35.938+0000] {dag.py:3490} INFO - Setting next_dagrun for example_xcom_args to None, run_after=None
[2024-06-24T15:17:35.939+0000] {logging_mixin.py:149} INFO - [2024-06-24T15:17:35.939+0000] {dag.py:3490} INFO - Setting next_dagrun for example_xcom_args_with_operators to None, run_after=None
[2024-06-24T15:17:35.946+0000] {processor.py:178} INFO - Processing /home/airflow/.local/lib/python3.7/site-packages/airflow/example_dags/example_xcomargs.py took 0.034 seconds
[2024-06-24T15:18:06.478+0000] {processor.py:156} INFO - Started process (PID=1470) to work on /home/airflow/.local/lib/python3.7/site-packages/airflow/example_dags/example_xcomargs.py
[2024-06-24T15:18:06.478+0000] {processor.py:799} INFO - Processing file /home/airflow/.local/lib/python3.7/site-packages/airflow/example_dags/example_xcomargs.py for tasks to queue
[2024-06-24T15:18:06.479+0000] {logging_mixin.py:149} INFO - [2024-06-24T15:18:06.479+0000] {dagbag.py:541} INFO - Filling up the DagBag from /home/airflow/.local/lib/python3.7/site-packages/airflow/example_dags/example_xcomargs.py
[2024-06-24T15:18:06.482+0000] {processor.py:809} INFO - DAG(s) dict_keys(['example_xcom_args', 'example_xcom_args_with_operators']) retrieved from /home/airflow/.local/lib/python3.7/site-packages/airflow/example_dags/example_xcomargs.py
[2024-06-24T15:18:06.494+0000] {logging_mixin.py:149} INFO - [2024-06-24T15:18:06.494+0000] {dag.py:2726} INFO - Sync 2 DAGs
[2024-06-24T15:18:06.504+0000] {logging_mixin.py:149} INFO - [2024-06-24T15:18:06.504+0000] {dag.py:3490} INFO - Setting next_dagrun for example_xcom_args to None, run_after=None
[2024-06-24T15:18:06.506+0000] {logging_mixin.py:149} INFO - [2024-06-24T15:18:06.506+0000] {dag.py:3490} INFO - Setting next_dagrun for example_xcom_args_with_operators to None, run_after=None
[2024-06-24T15:18:06.512+0000] {processor.py:178} INFO - Processing /home/airflow/.local/lib/python3.7/site-packages/airflow/example_dags/example_xcomargs.py took 0.037 seconds
[2024-06-24T15:18:37.212+0000] {processor.py:156} INFO - Started process (PID=1539) to work on /home/airflow/.local/lib/python3.7/site-packages/airflow/example_dags/example_xcomargs.py
[2024-06-24T15:18:37.213+0000] {processor.py:799} INFO - Processing file /home/airflow/.local/lib/python3.7/site-packages/airflow/example_dags/example_xcomargs.py for tasks to queue
[2024-06-24T15:18:37.213+0000] {logging_mixin.py:149} INFO - [2024-06-24T15:18:37.213+0000] {dagbag.py:541} INFO - Filling up the DagBag from /home/airflow/.local/lib/python3.7/site-packages/airflow/example_dags/example_xcomargs.py
[2024-06-24T15:18:37.217+0000] {processor.py:809} INFO - DAG(s) dict_keys(['example_xcom_args_with_operators', 'example_xcom_args']) retrieved from /home/airflow/.local/lib/python3.7/site-packages/airflow/example_dags/example_xcomargs.py
[2024-06-24T15:18:37.228+0000] {logging_mixin.py:149} INFO - [2024-06-24T15:18:37.228+0000] {dag.py:2726} INFO - Sync 2 DAGs
[2024-06-24T15:18:37.238+0000] {logging_mixin.py:149} INFO - [2024-06-24T15:18:37.238+0000] {dag.py:3490} INFO - Setting next_dagrun for example_xcom_args to None, run_after=None
[2024-06-24T15:18:37.240+0000] {logging_mixin.py:149} INFO - [2024-06-24T15:18:37.240+0000] {dag.py:3490} INFO - Setting next_dagrun for example_xcom_args_with_operators to None, run_after=None
[2024-06-24T15:18:37.246+0000] {processor.py:178} INFO - Processing /home/airflow/.local/lib/python3.7/site-packages/airflow/example_dags/example_xcomargs.py took 0.035 seconds
[2024-06-24T15:19:07.935+0000] {processor.py:156} INFO - Started process (PID=1608) to work on /home/airflow/.local/lib/python3.7/site-packages/airflow/example_dags/example_xcomargs.py
[2024-06-24T15:19:07.935+0000] {processor.py:799} INFO - Processing file /home/airflow/.local/lib/python3.7/site-packages/airflow/example_dags/example_xcomargs.py for tasks to queue
[2024-06-24T15:19:07.936+0000] {logging_mixin.py:149} INFO - [2024-06-24T15:19:07.936+0000] {dagbag.py:541} INFO - Filling up the DagBag from /home/airflow/.local/lib/python3.7/site-packages/airflow/example_dags/example_xcomargs.py
[2024-06-24T15:19:07.939+0000] {processor.py:809} INFO - DAG(s) dict_keys(['example_xcom_args', 'example_xcom_args_with_operators']) retrieved from /home/airflow/.local/lib/python3.7/site-packages/airflow/example_dags/example_xcomargs.py
[2024-06-24T15:19:07.950+0000] {logging_mixin.py:149} INFO - [2024-06-24T15:19:07.950+0000] {dag.py:2726} INFO - Sync 2 DAGs
[2024-06-24T15:19:07.961+0000] {logging_mixin.py:149} INFO - [2024-06-24T15:19:07.961+0000] {dag.py:3490} INFO - Setting next_dagrun for example_xcom_args to None, run_after=None
[2024-06-24T15:19:07.962+0000] {logging_mixin.py:149} INFO - [2024-06-24T15:19:07.962+0000] {dag.py:3490} INFO - Setting next_dagrun for example_xcom_args_with_operators to None, run_after=None
[2024-06-24T15:19:07.968+0000] {processor.py:178} INFO - Processing /home/airflow/.local/lib/python3.7/site-packages/airflow/example_dags/example_xcomargs.py took 0.035 seconds
[2024-06-24T15:19:38.496+0000] {processor.py:156} INFO - Started process (PID=1677) to work on /home/airflow/.local/lib/python3.7/site-packages/airflow/example_dags/example_xcomargs.py
[2024-06-24T15:19:38.497+0000] {processor.py:799} INFO - Processing file /home/airflow/.local/lib/python3.7/site-packages/airflow/example_dags/example_xcomargs.py for tasks to queue
[2024-06-24T15:19:38.497+0000] {logging_mixin.py:149} INFO - [2024-06-24T15:19:38.497+0000] {dagbag.py:541} INFO - Filling up the DagBag from /home/airflow/.local/lib/python3.7/site-packages/airflow/example_dags/example_xcomargs.py
[2024-06-24T15:19:38.500+0000] {processor.py:809} INFO - DAG(s) dict_keys(['example_xcom_args_with_operators', 'example_xcom_args']) retrieved from /home/airflow/.local/lib/python3.7/site-packages/airflow/example_dags/example_xcomargs.py
[2024-06-24T15:19:38.511+0000] {logging_mixin.py:149} INFO - [2024-06-24T15:19:38.511+0000] {dag.py:2726} INFO - Sync 2 DAGs
[2024-06-24T15:19:38.521+0000] {logging_mixin.py:149} INFO - [2024-06-24T15:19:38.521+0000] {dag.py:3490} INFO - Setting next_dagrun for example_xcom_args to None, run_after=None
[2024-06-24T15:19:38.523+0000] {logging_mixin.py:149} INFO - [2024-06-24T15:19:38.523+0000] {dag.py:3490} INFO - Setting next_dagrun for example_xcom_args_with_operators to None, run_after=None
[2024-06-24T15:19:38.529+0000] {processor.py:178} INFO - Processing /home/airflow/.local/lib/python3.7/site-packages/airflow/example_dags/example_xcomargs.py took 0.034 seconds
[2024-06-24T15:20:09.062+0000] {processor.py:156} INFO - Started process (PID=1746) to work on /home/airflow/.local/lib/python3.7/site-packages/airflow/example_dags/example_xcomargs.py
[2024-06-24T15:20:09.062+0000] {processor.py:799} INFO - Processing file /home/airflow/.local/lib/python3.7/site-packages/airflow/example_dags/example_xcomargs.py for tasks to queue
[2024-06-24T15:20:09.062+0000] {logging_mixin.py:149} INFO - [2024-06-24T15:20:09.062+0000] {dagbag.py:541} INFO - Filling up the DagBag from /home/airflow/.local/lib/python3.7/site-packages/airflow/example_dags/example_xcomargs.py
[2024-06-24T15:20:09.066+0000] {processor.py:809} INFO - DAG(s) dict_keys(['example_xcom_args', 'example_xcom_args_with_operators']) retrieved from /home/airflow/.local/lib/python3.7/site-packages/airflow/example_dags/example_xcomargs.py
[2024-06-24T15:20:09.079+0000] {logging_mixin.py:149} INFO - [2024-06-24T15:20:09.079+0000] {dag.py:2726} INFO - Sync 2 DAGs
[2024-06-24T15:20:09.092+0000] {logging_mixin.py:149} INFO - [2024-06-24T15:20:09.092+0000] {dag.py:3490} INFO - Setting next_dagrun for example_xcom_args to None, run_after=None
[2024-06-24T15:20:09.094+0000] {logging_mixin.py:149} INFO - [2024-06-24T15:20:09.094+0000] {dag.py:3490} INFO - Setting next_dagrun for example_xcom_args_with_operators to None, run_after=None
[2024-06-24T15:20:09.101+0000] {processor.py:178} INFO - Processing /home/airflow/.local/lib/python3.7/site-packages/airflow/example_dags/example_xcomargs.py took 0.041 seconds
[2024-06-24T15:20:39.742+0000] {processor.py:156} INFO - Started process (PID=1815) to work on /home/airflow/.local/lib/python3.7/site-packages/airflow/example_dags/example_xcomargs.py
[2024-06-24T15:20:39.742+0000] {processor.py:799} INFO - Processing file /home/airflow/.local/lib/python3.7/site-packages/airflow/example_dags/example_xcomargs.py for tasks to queue
[2024-06-24T15:20:39.743+0000] {logging_mixin.py:149} INFO - [2024-06-24T15:20:39.743+0000] {dagbag.py:541} INFO - Filling up the DagBag from /home/airflow/.local/lib/python3.7/site-packages/airflow/example_dags/example_xcomargs.py
[2024-06-24T15:20:39.746+0000] {processor.py:809} INFO - DAG(s) dict_keys(['example_xcom_args', 'example_xcom_args_with_operators']) retrieved from /home/airflow/.local/lib/python3.7/site-packages/airflow/example_dags/example_xcomargs.py
[2024-06-24T15:20:39.758+0000] {logging_mixin.py:149} INFO - [2024-06-24T15:20:39.758+0000] {dag.py:2726} INFO - Sync 2 DAGs
[2024-06-24T15:20:39.769+0000] {logging_mixin.py:149} INFO - [2024-06-24T15:20:39.769+0000] {dag.py:3490} INFO - Setting next_dagrun for example_xcom_args to None, run_after=None
[2024-06-24T15:20:39.771+0000] {logging_mixin.py:149} INFO - [2024-06-24T15:20:39.771+0000] {dag.py:3490} INFO - Setting next_dagrun for example_xcom_args_with_operators to None, run_after=None
[2024-06-24T15:20:39.777+0000] {processor.py:178} INFO - Processing /home/airflow/.local/lib/python3.7/site-packages/airflow/example_dags/example_xcomargs.py took 0.036 seconds
[2024-06-24T15:21:10.419+0000] {processor.py:156} INFO - Started process (PID=1884) to work on /home/airflow/.local/lib/python3.7/site-packages/airflow/example_dags/example_xcomargs.py
[2024-06-24T15:21:10.419+0000] {processor.py:799} INFO - Processing file /home/airflow/.local/lib/python3.7/site-packages/airflow/example_dags/example_xcomargs.py for tasks to queue
[2024-06-24T15:21:10.419+0000] {logging_mixin.py:149} INFO - [2024-06-24T15:21:10.419+0000] {dagbag.py:541} INFO - Filling up the DagBag from /home/airflow/.local/lib/python3.7/site-packages/airflow/example_dags/example_xcomargs.py
[2024-06-24T15:21:10.423+0000] {processor.py:809} INFO - DAG(s) dict_keys(['example_xcom_args_with_operators', 'example_xcom_args']) retrieved from /home/airflow/.local/lib/python3.7/site-packages/airflow/example_dags/example_xcomargs.py
[2024-06-24T15:21:10.436+0000] {logging_mixin.py:149} INFO - [2024-06-24T15:21:10.436+0000] {dag.py:2726} INFO - Sync 2 DAGs
[2024-06-24T15:21:10.448+0000] {logging_mixin.py:149} INFO - [2024-06-24T15:21:10.448+0000] {dag.py:3490} INFO - Setting next_dagrun for example_xcom_args to None, run_after=None
[2024-06-24T15:21:10.450+0000] {logging_mixin.py:149} INFO - [2024-06-24T15:21:10.450+0000] {dag.py:3490} INFO - Setting next_dagrun for example_xcom_args_with_operators to None, run_after=None
[2024-06-24T15:21:10.457+0000] {processor.py:178} INFO - Processing /home/airflow/.local/lib/python3.7/site-packages/airflow/example_dags/example_xcomargs.py took 0.040 seconds
[2024-06-24T15:21:41.361+0000] {processor.py:156} INFO - Started process (PID=1952) to work on /home/airflow/.local/lib/python3.7/site-packages/airflow/example_dags/example_xcomargs.py
[2024-06-24T15:21:41.361+0000] {processor.py:799} INFO - Processing file /home/airflow/.local/lib/python3.7/site-packages/airflow/example_dags/example_xcomargs.py for tasks to queue
[2024-06-24T15:21:41.362+0000] {logging_mixin.py:149} INFO - [2024-06-24T15:21:41.362+0000] {dagbag.py:541} INFO - Filling up the DagBag from /home/airflow/.local/lib/python3.7/site-packages/airflow/example_dags/example_xcomargs.py
[2024-06-24T15:21:41.384+0000] {processor.py:809} INFO - DAG(s) dict_keys(['example_xcom_args_with_operators', 'example_xcom_args']) retrieved from /home/airflow/.local/lib/python3.7/site-packages/airflow/example_dags/example_xcomargs.py
[2024-06-24T15:21:41.398+0000] {logging_mixin.py:149} INFO - [2024-06-24T15:21:41.398+0000] {dag.py:2726} INFO - Sync 2 DAGs
[2024-06-24T15:21:41.409+0000] {logging_mixin.py:149} INFO - [2024-06-24T15:21:41.409+0000] {dag.py:3490} INFO - Setting next_dagrun for example_xcom_args to None, run_after=None
[2024-06-24T15:21:41.410+0000] {logging_mixin.py:149} INFO - [2024-06-24T15:21:41.410+0000] {dag.py:3490} INFO - Setting next_dagrun for example_xcom_args_with_operators to None, run_after=None
[2024-06-24T15:21:41.417+0000] {processor.py:178} INFO - Processing /home/airflow/.local/lib/python3.7/site-packages/airflow/example_dags/example_xcomargs.py took 0.058 seconds
[2024-06-24T15:22:12.054+0000] {processor.py:156} INFO - Started process (PID=2021) to work on /home/airflow/.local/lib/python3.7/site-packages/airflow/example_dags/example_xcomargs.py
[2024-06-24T15:22:12.054+0000] {processor.py:799} INFO - Processing file /home/airflow/.local/lib/python3.7/site-packages/airflow/example_dags/example_xcomargs.py for tasks to queue
[2024-06-24T15:22:12.054+0000] {logging_mixin.py:149} INFO - [2024-06-24T15:22:12.054+0000] {dagbag.py:541} INFO - Filling up the DagBag from /home/airflow/.local/lib/python3.7/site-packages/airflow/example_dags/example_xcomargs.py
[2024-06-24T15:22:12.057+0000] {processor.py:809} INFO - DAG(s) dict_keys(['example_xcom_args', 'example_xcom_args_with_operators']) retrieved from /home/airflow/.local/lib/python3.7/site-packages/airflow/example_dags/example_xcomargs.py
[2024-06-24T15:22:12.069+0000] {logging_mixin.py:149} INFO - [2024-06-24T15:22:12.069+0000] {dag.py:2726} INFO - Sync 2 DAGs
[2024-06-24T15:22:12.079+0000] {logging_mixin.py:149} INFO - [2024-06-24T15:22:12.079+0000] {dag.py:3490} INFO - Setting next_dagrun for example_xcom_args to None, run_after=None
[2024-06-24T15:22:12.081+0000] {logging_mixin.py:149} INFO - [2024-06-24T15:22:12.081+0000] {dag.py:3490} INFO - Setting next_dagrun for example_xcom_args_with_operators to None, run_after=None
[2024-06-24T15:22:12.087+0000] {processor.py:178} INFO - Processing /home/airflow/.local/lib/python3.7/site-packages/airflow/example_dags/example_xcomargs.py took 0.035 seconds
[2024-06-24T15:22:42.669+0000] {processor.py:156} INFO - Started process (PID=2089) to work on /home/airflow/.local/lib/python3.7/site-packages/airflow/example_dags/example_xcomargs.py
[2024-06-24T15:22:42.669+0000] {processor.py:799} INFO - Processing file /home/airflow/.local/lib/python3.7/site-packages/airflow/example_dags/example_xcomargs.py for tasks to queue
[2024-06-24T15:22:42.669+0000] {logging_mixin.py:149} INFO - [2024-06-24T15:22:42.669+0000] {dagbag.py:541} INFO - Filling up the DagBag from /home/airflow/.local/lib/python3.7/site-packages/airflow/example_dags/example_xcomargs.py
[2024-06-24T15:22:42.672+0000] {processor.py:809} INFO - DAG(s) dict_keys(['example_xcom_args', 'example_xcom_args_with_operators']) retrieved from /home/airflow/.local/lib/python3.7/site-packages/airflow/example_dags/example_xcomargs.py
[2024-06-24T15:22:42.684+0000] {logging_mixin.py:149} INFO - [2024-06-24T15:22:42.683+0000] {dag.py:2726} INFO - Sync 2 DAGs
[2024-06-24T15:22:42.694+0000] {logging_mixin.py:149} INFO - [2024-06-24T15:22:42.694+0000] {dag.py:3490} INFO - Setting next_dagrun for example_xcom_args to None, run_after=None
[2024-06-24T15:22:42.696+0000] {logging_mixin.py:149} INFO - [2024-06-24T15:22:42.696+0000] {dag.py:3490} INFO - Setting next_dagrun for example_xcom_args_with_operators to None, run_after=None
[2024-06-24T15:22:42.702+0000] {processor.py:178} INFO - Processing /home/airflow/.local/lib/python3.7/site-packages/airflow/example_dags/example_xcomargs.py took 0.034 seconds
[2024-06-24T15:23:13.350+0000] {processor.py:156} INFO - Started process (PID=2158) to work on /home/airflow/.local/lib/python3.7/site-packages/airflow/example_dags/example_xcomargs.py
[2024-06-24T15:23:13.351+0000] {processor.py:799} INFO - Processing file /home/airflow/.local/lib/python3.7/site-packages/airflow/example_dags/example_xcomargs.py for tasks to queue
[2024-06-24T15:23:13.351+0000] {logging_mixin.py:149} INFO - [2024-06-24T15:23:13.351+0000] {dagbag.py:541} INFO - Filling up the DagBag from /home/airflow/.local/lib/python3.7/site-packages/airflow/example_dags/example_xcomargs.py
[2024-06-24T15:23:13.354+0000] {processor.py:809} INFO - DAG(s) dict_keys(['example_xcom_args_with_operators', 'example_xcom_args']) retrieved from /home/airflow/.local/lib/python3.7/site-packages/airflow/example_dags/example_xcomargs.py
[2024-06-24T15:23:13.367+0000] {logging_mixin.py:149} INFO - [2024-06-24T15:23:13.366+0000] {dag.py:2726} INFO - Sync 2 DAGs
[2024-06-24T15:23:13.377+0000] {logging_mixin.py:149} INFO - [2024-06-24T15:23:13.377+0000] {dag.py:3490} INFO - Setting next_dagrun for example_xcom_args to None, run_after=None
[2024-06-24T15:23:13.378+0000] {logging_mixin.py:149} INFO - [2024-06-24T15:23:13.378+0000] {dag.py:3490} INFO - Setting next_dagrun for example_xcom_args_with_operators to None, run_after=None
[2024-06-24T15:23:13.385+0000] {processor.py:178} INFO - Processing /home/airflow/.local/lib/python3.7/site-packages/airflow/example_dags/example_xcomargs.py took 0.036 seconds
[2024-06-24T15:23:44.052+0000] {processor.py:156} INFO - Started process (PID=2227) to work on /home/airflow/.local/lib/python3.7/site-packages/airflow/example_dags/example_xcomargs.py
[2024-06-24T15:23:44.052+0000] {processor.py:799} INFO - Processing file /home/airflow/.local/lib/python3.7/site-packages/airflow/example_dags/example_xcomargs.py for tasks to queue
[2024-06-24T15:23:44.052+0000] {logging_mixin.py:149} INFO - [2024-06-24T15:23:44.052+0000] {dagbag.py:541} INFO - Filling up the DagBag from /home/airflow/.local/lib/python3.7/site-packages/airflow/example_dags/example_xcomargs.py
[2024-06-24T15:23:44.055+0000] {processor.py:809} INFO - DAG(s) dict_keys(['example_xcom_args', 'example_xcom_args_with_operators']) retrieved from /home/airflow/.local/lib/python3.7/site-packages/airflow/example_dags/example_xcomargs.py
[2024-06-24T15:23:44.067+0000] {logging_mixin.py:149} INFO - [2024-06-24T15:23:44.067+0000] {dag.py:2726} INFO - Sync 2 DAGs
[2024-06-24T15:23:44.077+0000] {logging_mixin.py:149} INFO - [2024-06-24T15:23:44.077+0000] {dag.py:3490} INFO - Setting next_dagrun for example_xcom_args to None, run_after=None
[2024-06-24T15:23:44.079+0000] {logging_mixin.py:149} INFO - [2024-06-24T15:23:44.079+0000] {dag.py:3490} INFO - Setting next_dagrun for example_xcom_args_with_operators to None, run_after=None
[2024-06-24T15:23:44.085+0000] {processor.py:178} INFO - Processing /home/airflow/.local/lib/python3.7/site-packages/airflow/example_dags/example_xcomargs.py took 0.035 seconds
[2024-06-24T15:24:14.787+0000] {processor.py:156} INFO - Started process (PID=2296) to work on /home/airflow/.local/lib/python3.7/site-packages/airflow/example_dags/example_xcomargs.py
[2024-06-24T15:24:14.787+0000] {processor.py:799} INFO - Processing file /home/airflow/.local/lib/python3.7/site-packages/airflow/example_dags/example_xcomargs.py for tasks to queue
[2024-06-24T15:24:14.787+0000] {logging_mixin.py:149} INFO - [2024-06-24T15:24:14.787+0000] {dagbag.py:541} INFO - Filling up the DagBag from /home/airflow/.local/lib/python3.7/site-packages/airflow/example_dags/example_xcomargs.py
[2024-06-24T15:24:14.790+0000] {processor.py:809} INFO - DAG(s) dict_keys(['example_xcom_args_with_operators', 'example_xcom_args']) retrieved from /home/airflow/.local/lib/python3.7/site-packages/airflow/example_dags/example_xcomargs.py
[2024-06-24T15:24:14.801+0000] {logging_mixin.py:149} INFO - [2024-06-24T15:24:14.801+0000] {dag.py:2726} INFO - Sync 2 DAGs
[2024-06-24T15:24:14.811+0000] {logging_mixin.py:149} INFO - [2024-06-24T15:24:14.811+0000] {dag.py:3490} INFO - Setting next_dagrun for example_xcom_args to None, run_after=None
[2024-06-24T15:24:14.812+0000] {logging_mixin.py:149} INFO - [2024-06-24T15:24:14.812+0000] {dag.py:3490} INFO - Setting next_dagrun for example_xcom_args_with_operators to None, run_after=None
[2024-06-24T15:24:14.818+0000] {processor.py:178} INFO - Processing /home/airflow/.local/lib/python3.7/site-packages/airflow/example_dags/example_xcomargs.py took 0.033 seconds
[2024-06-24T15:24:45.356+0000] {processor.py:156} INFO - Started process (PID=2365) to work on /home/airflow/.local/lib/python3.7/site-packages/airflow/example_dags/example_xcomargs.py
[2024-06-24T15:24:45.356+0000] {processor.py:799} INFO - Processing file /home/airflow/.local/lib/python3.7/site-packages/airflow/example_dags/example_xcomargs.py for tasks to queue
[2024-06-24T15:24:45.356+0000] {logging_mixin.py:149} INFO - [2024-06-24T15:24:45.356+0000] {dagbag.py:541} INFO - Filling up the DagBag from /home/airflow/.local/lib/python3.7/site-packages/airflow/example_dags/example_xcomargs.py
[2024-06-24T15:24:45.360+0000] {processor.py:809} INFO - DAG(s) dict_keys(['example_xcom_args_with_operators', 'example_xcom_args']) retrieved from /home/airflow/.local/lib/python3.7/site-packages/airflow/example_dags/example_xcomargs.py
[2024-06-24T15:24:45.372+0000] {logging_mixin.py:149} INFO - [2024-06-24T15:24:45.372+0000] {dag.py:2726} INFO - Sync 2 DAGs
[2024-06-24T15:24:45.384+0000] {logging_mixin.py:149} INFO - [2024-06-24T15:24:45.384+0000] {dag.py:3490} INFO - Setting next_dagrun for example_xcom_args to None, run_after=None
[2024-06-24T15:24:45.386+0000] {logging_mixin.py:149} INFO - [2024-06-24T15:24:45.386+0000] {dag.py:3490} INFO - Setting next_dagrun for example_xcom_args_with_operators to None, run_after=None
[2024-06-24T15:24:45.396+0000] {processor.py:178} INFO - Processing /home/airflow/.local/lib/python3.7/site-packages/airflow/example_dags/example_xcomargs.py took 0.042 seconds
[2024-06-24T15:25:15.967+0000] {processor.py:156} INFO - Started process (PID=2439) to work on /home/airflow/.local/lib/python3.7/site-packages/airflow/example_dags/example_xcomargs.py
[2024-06-24T15:25:15.968+0000] {processor.py:799} INFO - Processing file /home/airflow/.local/lib/python3.7/site-packages/airflow/example_dags/example_xcomargs.py for tasks to queue
[2024-06-24T15:25:15.969+0000] {logging_mixin.py:149} INFO - [2024-06-24T15:25:15.969+0000] {dagbag.py:541} INFO - Filling up the DagBag from /home/airflow/.local/lib/python3.7/site-packages/airflow/example_dags/example_xcomargs.py
[2024-06-24T15:25:15.973+0000] {processor.py:809} INFO - DAG(s) dict_keys(['example_xcom_args_with_operators', 'example_xcom_args']) retrieved from /home/airflow/.local/lib/python3.7/site-packages/airflow/example_dags/example_xcomargs.py
[2024-06-24T15:25:15.986+0000] {logging_mixin.py:149} INFO - [2024-06-24T15:25:15.986+0000] {dag.py:2726} INFO - Sync 2 DAGs
[2024-06-24T15:25:15.997+0000] {logging_mixin.py:149} INFO - [2024-06-24T15:25:15.997+0000] {dag.py:3490} INFO - Setting next_dagrun for example_xcom_args to None, run_after=None
[2024-06-24T15:25:15.999+0000] {logging_mixin.py:149} INFO - [2024-06-24T15:25:15.999+0000] {dag.py:3490} INFO - Setting next_dagrun for example_xcom_args_with_operators to None, run_after=None
[2024-06-24T15:25:16.006+0000] {processor.py:178} INFO - Processing /home/airflow/.local/lib/python3.7/site-packages/airflow/example_dags/example_xcomargs.py took 0.041 seconds
[2024-06-24T15:25:46.543+0000] {processor.py:156} INFO - Started process (PID=2508) to work on /home/airflow/.local/lib/python3.7/site-packages/airflow/example_dags/example_xcomargs.py
[2024-06-24T15:25:46.543+0000] {processor.py:799} INFO - Processing file /home/airflow/.local/lib/python3.7/site-packages/airflow/example_dags/example_xcomargs.py for tasks to queue
[2024-06-24T15:25:46.543+0000] {logging_mixin.py:149} INFO - [2024-06-24T15:25:46.543+0000] {dagbag.py:541} INFO - Filling up the DagBag from /home/airflow/.local/lib/python3.7/site-packages/airflow/example_dags/example_xcomargs.py
[2024-06-24T15:25:46.546+0000] {processor.py:809} INFO - DAG(s) dict_keys(['example_xcom_args_with_operators', 'example_xcom_args']) retrieved from /home/airflow/.local/lib/python3.7/site-packages/airflow/example_dags/example_xcomargs.py
[2024-06-24T15:25:46.557+0000] {logging_mixin.py:149} INFO - [2024-06-24T15:25:46.557+0000] {dag.py:2726} INFO - Sync 2 DAGs
[2024-06-24T15:25:46.567+0000] {logging_mixin.py:149} INFO - [2024-06-24T15:25:46.567+0000] {dag.py:3490} INFO - Setting next_dagrun for example_xcom_args to None, run_after=None
[2024-06-24T15:25:46.569+0000] {logging_mixin.py:149} INFO - [2024-06-24T15:25:46.569+0000] {dag.py:3490} INFO - Setting next_dagrun for example_xcom_args_with_operators to None, run_after=None
[2024-06-24T15:25:46.574+0000] {processor.py:178} INFO - Processing /home/airflow/.local/lib/python3.7/site-packages/airflow/example_dags/example_xcomargs.py took 0.033 seconds
[2024-06-24T15:26:17.092+0000] {processor.py:156} INFO - Started process (PID=2577) to work on /home/airflow/.local/lib/python3.7/site-packages/airflow/example_dags/example_xcomargs.py
[2024-06-24T15:26:17.092+0000] {processor.py:799} INFO - Processing file /home/airflow/.local/lib/python3.7/site-packages/airflow/example_dags/example_xcomargs.py for tasks to queue
[2024-06-24T15:26:17.092+0000] {logging_mixin.py:149} INFO - [2024-06-24T15:26:17.092+0000] {dagbag.py:541} INFO - Filling up the DagBag from /home/airflow/.local/lib/python3.7/site-packages/airflow/example_dags/example_xcomargs.py
[2024-06-24T15:26:17.096+0000] {processor.py:809} INFO - DAG(s) dict_keys(['example_xcom_args', 'example_xcom_args_with_operators']) retrieved from /home/airflow/.local/lib/python3.7/site-packages/airflow/example_dags/example_xcomargs.py
[2024-06-24T15:26:17.107+0000] {logging_mixin.py:149} INFO - [2024-06-24T15:26:17.107+0000] {dag.py:2726} INFO - Sync 2 DAGs
[2024-06-24T15:26:17.118+0000] {logging_mixin.py:149} INFO - [2024-06-24T15:26:17.118+0000] {dag.py:3490} INFO - Setting next_dagrun for example_xcom_args to None, run_after=None
[2024-06-24T15:26:17.120+0000] {logging_mixin.py:149} INFO - [2024-06-24T15:26:17.120+0000] {dag.py:3490} INFO - Setting next_dagrun for example_xcom_args_with_operators to None, run_after=None
[2024-06-24T15:26:17.126+0000] {processor.py:178} INFO - Processing /home/airflow/.local/lib/python3.7/site-packages/airflow/example_dags/example_xcomargs.py took 0.036 seconds
[2024-06-24T15:26:47.876+0000] {processor.py:156} INFO - Started process (PID=2646) to work on /home/airflow/.local/lib/python3.7/site-packages/airflow/example_dags/example_xcomargs.py
[2024-06-24T15:26:47.877+0000] {processor.py:799} INFO - Processing file /home/airflow/.local/lib/python3.7/site-packages/airflow/example_dags/example_xcomargs.py for tasks to queue
[2024-06-24T15:26:47.877+0000] {logging_mixin.py:149} INFO - [2024-06-24T15:26:47.877+0000] {dagbag.py:541} INFO - Filling up the DagBag from /home/airflow/.local/lib/python3.7/site-packages/airflow/example_dags/example_xcomargs.py
[2024-06-24T15:26:47.880+0000] {processor.py:809} INFO - DAG(s) dict_keys(['example_xcom_args_with_operators', 'example_xcom_args']) retrieved from /home/airflow/.local/lib/python3.7/site-packages/airflow/example_dags/example_xcomargs.py
[2024-06-24T15:26:47.892+0000] {logging_mixin.py:149} INFO - [2024-06-24T15:26:47.892+0000] {dag.py:2726} INFO - Sync 2 DAGs
[2024-06-24T15:26:47.902+0000] {logging_mixin.py:149} INFO - [2024-06-24T15:26:47.902+0000] {dag.py:3490} INFO - Setting next_dagrun for example_xcom_args to None, run_after=None
[2024-06-24T15:26:47.904+0000] {logging_mixin.py:149} INFO - [2024-06-24T15:26:47.904+0000] {dag.py:3490} INFO - Setting next_dagrun for example_xcom_args_with_operators to None, run_after=None
[2024-06-24T15:26:47.910+0000] {processor.py:178} INFO - Processing /home/airflow/.local/lib/python3.7/site-packages/airflow/example_dags/example_xcomargs.py took 0.036 seconds
[2024-06-24T15:27:18.721+0000] {processor.py:156} INFO - Started process (PID=2715) to work on /home/airflow/.local/lib/python3.7/site-packages/airflow/example_dags/example_xcomargs.py
[2024-06-24T15:27:18.721+0000] {processor.py:799} INFO - Processing file /home/airflow/.local/lib/python3.7/site-packages/airflow/example_dags/example_xcomargs.py for tasks to queue
[2024-06-24T15:27:18.721+0000] {logging_mixin.py:149} INFO - [2024-06-24T15:27:18.721+0000] {dagbag.py:541} INFO - Filling up the DagBag from /home/airflow/.local/lib/python3.7/site-packages/airflow/example_dags/example_xcomargs.py
[2024-06-24T15:27:18.725+0000] {processor.py:809} INFO - DAG(s) dict_keys(['example_xcom_args', 'example_xcom_args_with_operators']) retrieved from /home/airflow/.local/lib/python3.7/site-packages/airflow/example_dags/example_xcomargs.py
[2024-06-24T15:27:18.736+0000] {logging_mixin.py:149} INFO - [2024-06-24T15:27:18.736+0000] {dag.py:2726} INFO - Sync 2 DAGs
[2024-06-24T15:27:18.746+0000] {logging_mixin.py:149} INFO - [2024-06-24T15:27:18.746+0000] {dag.py:3490} INFO - Setting next_dagrun for example_xcom_args to None, run_after=None
[2024-06-24T15:27:18.747+0000] {logging_mixin.py:149} INFO - [2024-06-24T15:27:18.747+0000] {dag.py:3490} INFO - Setting next_dagrun for example_xcom_args_with_operators to None, run_after=None
[2024-06-24T15:27:18.753+0000] {processor.py:178} INFO - Processing /home/airflow/.local/lib/python3.7/site-packages/airflow/example_dags/example_xcomargs.py took 0.034 seconds
[2024-06-24T15:27:49.555+0000] {processor.py:156} INFO - Started process (PID=2784) to work on /home/airflow/.local/lib/python3.7/site-packages/airflow/example_dags/example_xcomargs.py
[2024-06-24T15:27:49.555+0000] {processor.py:799} INFO - Processing file /home/airflow/.local/lib/python3.7/site-packages/airflow/example_dags/example_xcomargs.py for tasks to queue
[2024-06-24T15:27:49.555+0000] {logging_mixin.py:149} INFO - [2024-06-24T15:27:49.555+0000] {dagbag.py:541} INFO - Filling up the DagBag from /home/airflow/.local/lib/python3.7/site-packages/airflow/example_dags/example_xcomargs.py
[2024-06-24T15:27:49.559+0000] {processor.py:809} INFO - DAG(s) dict_keys(['example_xcom_args_with_operators', 'example_xcom_args']) retrieved from /home/airflow/.local/lib/python3.7/site-packages/airflow/example_dags/example_xcomargs.py
[2024-06-24T15:27:49.571+0000] {logging_mixin.py:149} INFO - [2024-06-24T15:27:49.571+0000] {dag.py:2726} INFO - Sync 2 DAGs
[2024-06-24T15:27:49.581+0000] {logging_mixin.py:149} INFO - [2024-06-24T15:27:49.581+0000] {dag.py:3490} INFO - Setting next_dagrun for example_xcom_args to None, run_after=None
[2024-06-24T15:27:49.582+0000] {logging_mixin.py:149} INFO - [2024-06-24T15:27:49.582+0000] {dag.py:3490} INFO - Setting next_dagrun for example_xcom_args_with_operators to None, run_after=None
[2024-06-24T15:27:49.589+0000] {processor.py:178} INFO - Processing /home/airflow/.local/lib/python3.7/site-packages/airflow/example_dags/example_xcomargs.py took 0.035 seconds
[2024-06-24T15:28:20.421+0000] {processor.py:156} INFO - Started process (PID=2853) to work on /home/airflow/.local/lib/python3.7/site-packages/airflow/example_dags/example_xcomargs.py
[2024-06-24T15:28:20.421+0000] {processor.py:799} INFO - Processing file /home/airflow/.local/lib/python3.7/site-packages/airflow/example_dags/example_xcomargs.py for tasks to queue
[2024-06-24T15:28:20.422+0000] {logging_mixin.py:149} INFO - [2024-06-24T15:28:20.422+0000] {dagbag.py:541} INFO - Filling up the DagBag from /home/airflow/.local/lib/python3.7/site-packages/airflow/example_dags/example_xcomargs.py
[2024-06-24T15:28:20.425+0000] {processor.py:809} INFO - DAG(s) dict_keys(['example_xcom_args', 'example_xcom_args_with_operators']) retrieved from /home/airflow/.local/lib/python3.7/site-packages/airflow/example_dags/example_xcomargs.py
[2024-06-24T15:28:20.437+0000] {logging_mixin.py:149} INFO - [2024-06-24T15:28:20.437+0000] {dag.py:2726} INFO - Sync 2 DAGs
[2024-06-24T15:28:20.447+0000] {logging_mixin.py:149} INFO - [2024-06-24T15:28:20.447+0000] {dag.py:3490} INFO - Setting next_dagrun for example_xcom_args to None, run_after=None
[2024-06-24T15:28:20.449+0000] {logging_mixin.py:149} INFO - [2024-06-24T15:28:20.449+0000] {dag.py:3490} INFO - Setting next_dagrun for example_xcom_args_with_operators to None, run_after=None
[2024-06-24T15:28:20.455+0000] {processor.py:178} INFO - Processing /home/airflow/.local/lib/python3.7/site-packages/airflow/example_dags/example_xcomargs.py took 0.035 seconds
[2024-06-24T15:28:51.314+0000] {processor.py:156} INFO - Started process (PID=2922) to work on /home/airflow/.local/lib/python3.7/site-packages/airflow/example_dags/example_xcomargs.py
[2024-06-24T15:28:51.314+0000] {processor.py:799} INFO - Processing file /home/airflow/.local/lib/python3.7/site-packages/airflow/example_dags/example_xcomargs.py for tasks to queue
[2024-06-24T15:28:51.314+0000] {logging_mixin.py:149} INFO - [2024-06-24T15:28:51.314+0000] {dagbag.py:541} INFO - Filling up the DagBag from /home/airflow/.local/lib/python3.7/site-packages/airflow/example_dags/example_xcomargs.py
[2024-06-24T15:28:51.317+0000] {processor.py:809} INFO - DAG(s) dict_keys(['example_xcom_args', 'example_xcom_args_with_operators']) retrieved from /home/airflow/.local/lib/python3.7/site-packages/airflow/example_dags/example_xcomargs.py
[2024-06-24T15:28:51.328+0000] {logging_mixin.py:149} INFO - [2024-06-24T15:28:51.328+0000] {dag.py:2726} INFO - Sync 2 DAGs
[2024-06-24T15:28:51.338+0000] {logging_mixin.py:149} INFO - [2024-06-24T15:28:51.338+0000] {dag.py:3490} INFO - Setting next_dagrun for example_xcom_args to None, run_after=None
[2024-06-24T15:28:51.339+0000] {logging_mixin.py:149} INFO - [2024-06-24T15:28:51.339+0000] {dag.py:3490} INFO - Setting next_dagrun for example_xcom_args_with_operators to None, run_after=None
[2024-06-24T15:28:51.345+0000] {processor.py:178} INFO - Processing /home/airflow/.local/lib/python3.7/site-packages/airflow/example_dags/example_xcomargs.py took 0.032 seconds
[2024-06-24T15:29:21.956+0000] {processor.py:156} INFO - Started process (PID=2990) to work on /home/airflow/.local/lib/python3.7/site-packages/airflow/example_dags/example_xcomargs.py
[2024-06-24T15:29:21.956+0000] {processor.py:799} INFO - Processing file /home/airflow/.local/lib/python3.7/site-packages/airflow/example_dags/example_xcomargs.py for tasks to queue
[2024-06-24T15:29:21.956+0000] {logging_mixin.py:149} INFO - [2024-06-24T15:29:21.956+0000] {dagbag.py:541} INFO - Filling up the DagBag from /home/airflow/.local/lib/python3.7/site-packages/airflow/example_dags/example_xcomargs.py
[2024-06-24T15:29:21.960+0000] {processor.py:809} INFO - DAG(s) dict_keys(['example_xcom_args_with_operators', 'example_xcom_args']) retrieved from /home/airflow/.local/lib/python3.7/site-packages/airflow/example_dags/example_xcomargs.py
[2024-06-24T15:29:21.972+0000] {logging_mixin.py:149} INFO - [2024-06-24T15:29:21.972+0000] {dag.py:2726} INFO - Sync 2 DAGs
[2024-06-24T15:29:21.982+0000] {logging_mixin.py:149} INFO - [2024-06-24T15:29:21.982+0000] {dag.py:3490} INFO - Setting next_dagrun for example_xcom_args to None, run_after=None
[2024-06-24T15:29:21.984+0000] {logging_mixin.py:149} INFO - [2024-06-24T15:29:21.984+0000] {dag.py:3490} INFO - Setting next_dagrun for example_xcom_args_with_operators to None, run_after=None
[2024-06-24T15:29:21.991+0000] {processor.py:178} INFO - Processing /home/airflow/.local/lib/python3.7/site-packages/airflow/example_dags/example_xcomargs.py took 0.036 seconds
[2024-06-24T15:29:52.658+0000] {processor.py:156} INFO - Started process (PID=3059) to work on /home/airflow/.local/lib/python3.7/site-packages/airflow/example_dags/example_xcomargs.py
[2024-06-24T15:29:52.658+0000] {processor.py:799} INFO - Processing file /home/airflow/.local/lib/python3.7/site-packages/airflow/example_dags/example_xcomargs.py for tasks to queue
[2024-06-24T15:29:52.658+0000] {logging_mixin.py:149} INFO - [2024-06-24T15:29:52.658+0000] {dagbag.py:541} INFO - Filling up the DagBag from /home/airflow/.local/lib/python3.7/site-packages/airflow/example_dags/example_xcomargs.py
[2024-06-24T15:29:52.662+0000] {processor.py:809} INFO - DAG(s) dict_keys(['example_xcom_args', 'example_xcom_args_with_operators']) retrieved from /home/airflow/.local/lib/python3.7/site-packages/airflow/example_dags/example_xcomargs.py
[2024-06-24T15:29:52.674+0000] {logging_mixin.py:149} INFO - [2024-06-24T15:29:52.674+0000] {dag.py:2726} INFO - Sync 2 DAGs
[2024-06-24T15:29:52.685+0000] {logging_mixin.py:149} INFO - [2024-06-24T15:29:52.684+0000] {dag.py:3490} INFO - Setting next_dagrun for example_xcom_args to None, run_after=None
[2024-06-24T15:29:52.686+0000] {logging_mixin.py:149} INFO - [2024-06-24T15:29:52.686+0000] {dag.py:3490} INFO - Setting next_dagrun for example_xcom_args_with_operators to None, run_after=None
[2024-06-24T15:29:52.692+0000] {processor.py:178} INFO - Processing /home/airflow/.local/lib/python3.7/site-packages/airflow/example_dags/example_xcomargs.py took 0.036 seconds
[2024-06-24T15:30:23.304+0000] {processor.py:156} INFO - Started process (PID=3127) to work on /home/airflow/.local/lib/python3.7/site-packages/airflow/example_dags/example_xcomargs.py
[2024-06-24T15:30:23.304+0000] {processor.py:799} INFO - Processing file /home/airflow/.local/lib/python3.7/site-packages/airflow/example_dags/example_xcomargs.py for tasks to queue
[2024-06-24T15:30:23.305+0000] {logging_mixin.py:149} INFO - [2024-06-24T15:30:23.304+0000] {dagbag.py:541} INFO - Filling up the DagBag from /home/airflow/.local/lib/python3.7/site-packages/airflow/example_dags/example_xcomargs.py
[2024-06-24T15:30:23.308+0000] {processor.py:809} INFO - DAG(s) dict_keys(['example_xcom_args', 'example_xcom_args_with_operators']) retrieved from /home/airflow/.local/lib/python3.7/site-packages/airflow/example_dags/example_xcomargs.py
[2024-06-24T15:30:23.321+0000] {logging_mixin.py:149} INFO - [2024-06-24T15:30:23.321+0000] {dag.py:2726} INFO - Sync 2 DAGs
[2024-06-24T15:30:23.331+0000] {logging_mixin.py:149} INFO - [2024-06-24T15:30:23.331+0000] {dag.py:3490} INFO - Setting next_dagrun for example_xcom_args to None, run_after=None
[2024-06-24T15:30:23.333+0000] {logging_mixin.py:149} INFO - [2024-06-24T15:30:23.333+0000] {dag.py:3490} INFO - Setting next_dagrun for example_xcom_args_with_operators to None, run_after=None
[2024-06-24T15:30:23.339+0000] {processor.py:178} INFO - Processing /home/airflow/.local/lib/python3.7/site-packages/airflow/example_dags/example_xcomargs.py took 0.037 seconds
