[2024-06-24T15:03:51.338+0000] {processor.py:156} INFO - Started process (PID=82) to work on /home/airflow/.local/lib/python3.7/site-packages/airflow/example_dags/example_skip_dag.py
[2024-06-24T15:03:51.338+0000] {processor.py:799} INFO - Processing file /home/airflow/.local/lib/python3.7/site-packages/airflow/example_dags/example_skip_dag.py for tasks to queue
[2024-06-24T15:03:51.338+0000] {logging_mixin.py:149} INFO - [2024-06-24T15:03:51.338+0000] {dagbag.py:541} INFO - Filling up the DagBag from /home/airflow/.local/lib/python3.7/site-packages/airflow/example_dags/example_skip_dag.py
[2024-06-24T15:03:51.342+0000] {processor.py:809} INFO - DAG(s) dict_keys(['example_skip_dag']) retrieved from /home/airflow/.local/lib/python3.7/site-packages/airflow/example_dags/example_skip_dag.py
[2024-06-24T15:03:51.390+0000] {logging_mixin.py:149} INFO - [2024-06-24T15:03:51.390+0000] {manager.py:504} INFO - Created Permission View: can delete on DAG:example_skip_dag
[2024-06-24T15:03:51.393+0000] {logging_mixin.py:149} INFO - [2024-06-24T15:03:51.393+0000] {manager.py:504} INFO - Created Permission View: can edit on DAG:example_skip_dag
[2024-06-24T15:03:51.396+0000] {logging_mixin.py:149} INFO - [2024-06-24T15:03:51.396+0000] {manager.py:504} INFO - Created Permission View: can read on DAG:example_skip_dag
[2024-06-24T15:03:51.396+0000] {logging_mixin.py:149} INFO - [2024-06-24T15:03:51.396+0000] {dag.py:2726} INFO - Sync 1 DAGs
[2024-06-24T15:03:51.402+0000] {logging_mixin.py:149} INFO - [2024-06-24T15:03:51.402+0000] {dag.py:2747} INFO - Creating ORM DAG for example_skip_dag
[2024-06-24T15:03:51.407+0000] {logging_mixin.py:149} INFO - [2024-06-24T15:03:51.407+0000] {dag.py:3490} INFO - Setting next_dagrun for example_skip_dag to 2024-06-23T15:03:51.407205+00:00, run_after=2024-06-24T15:03:51.407205+00:00
[2024-06-24T15:03:51.414+0000] {processor.py:178} INFO - Processing /home/airflow/.local/lib/python3.7/site-packages/airflow/example_dags/example_skip_dag.py took 0.077 seconds
[2024-06-24T15:04:21.481+0000] {processor.py:156} INFO - Started process (PID=150) to work on /home/airflow/.local/lib/python3.7/site-packages/airflow/example_dags/example_skip_dag.py
[2024-06-24T15:04:21.481+0000] {processor.py:799} INFO - Processing file /home/airflow/.local/lib/python3.7/site-packages/airflow/example_dags/example_skip_dag.py for tasks to queue
[2024-06-24T15:04:21.481+0000] {logging_mixin.py:149} INFO - [2024-06-24T15:04:21.481+0000] {dagbag.py:541} INFO - Filling up the DagBag from /home/airflow/.local/lib/python3.7/site-packages/airflow/example_dags/example_skip_dag.py
[2024-06-24T15:04:21.485+0000] {processor.py:809} INFO - DAG(s) dict_keys(['example_skip_dag']) retrieved from /home/airflow/.local/lib/python3.7/site-packages/airflow/example_dags/example_skip_dag.py
[2024-06-24T15:04:21.496+0000] {logging_mixin.py:149} INFO - [2024-06-24T15:04:21.496+0000] {dag.py:2726} INFO - Sync 1 DAGs
[2024-06-24T15:04:21.507+0000] {logging_mixin.py:149} INFO - [2024-06-24T15:04:21.507+0000] {dag.py:3490} INFO - Setting next_dagrun for example_skip_dag to 2024-06-23T15:04:21.507491+00:00, run_after=2024-06-24T15:04:21.507491+00:00
[2024-06-24T15:04:21.514+0000] {processor.py:178} INFO - Processing /home/airflow/.local/lib/python3.7/site-packages/airflow/example_dags/example_skip_dag.py took 0.034 seconds
[2024-06-24T15:04:52.076+0000] {processor.py:156} INFO - Started process (PID=218) to work on /home/airflow/.local/lib/python3.7/site-packages/airflow/example_dags/example_skip_dag.py
[2024-06-24T15:04:52.076+0000] {processor.py:799} INFO - Processing file /home/airflow/.local/lib/python3.7/site-packages/airflow/example_dags/example_skip_dag.py for tasks to queue
[2024-06-24T15:04:52.076+0000] {logging_mixin.py:149} INFO - [2024-06-24T15:04:52.076+0000] {dagbag.py:541} INFO - Filling up the DagBag from /home/airflow/.local/lib/python3.7/site-packages/airflow/example_dags/example_skip_dag.py
[2024-06-24T15:04:52.080+0000] {processor.py:809} INFO - DAG(s) dict_keys(['example_skip_dag']) retrieved from /home/airflow/.local/lib/python3.7/site-packages/airflow/example_dags/example_skip_dag.py
[2024-06-24T15:04:52.089+0000] {logging_mixin.py:149} INFO - [2024-06-24T15:04:52.089+0000] {dag.py:2726} INFO - Sync 1 DAGs
[2024-06-24T15:04:52.099+0000] {logging_mixin.py:149} INFO - [2024-06-24T15:04:52.099+0000] {dag.py:3490} INFO - Setting next_dagrun for example_skip_dag to 2024-06-23T15:04:52.099737+00:00, run_after=2024-06-24T15:04:52.099737+00:00
[2024-06-24T15:04:52.106+0000] {processor.py:178} INFO - Processing /home/airflow/.local/lib/python3.7/site-packages/airflow/example_dags/example_skip_dag.py took 0.031 seconds
[2024-06-24T15:05:22.680+0000] {processor.py:156} INFO - Started process (PID=287) to work on /home/airflow/.local/lib/python3.7/site-packages/airflow/example_dags/example_skip_dag.py
[2024-06-24T15:05:22.680+0000] {processor.py:799} INFO - Processing file /home/airflow/.local/lib/python3.7/site-packages/airflow/example_dags/example_skip_dag.py for tasks to queue
[2024-06-24T15:05:22.680+0000] {logging_mixin.py:149} INFO - [2024-06-24T15:05:22.680+0000] {dagbag.py:541} INFO - Filling up the DagBag from /home/airflow/.local/lib/python3.7/site-packages/airflow/example_dags/example_skip_dag.py
[2024-06-24T15:05:22.683+0000] {processor.py:809} INFO - DAG(s) dict_keys(['example_skip_dag']) retrieved from /home/airflow/.local/lib/python3.7/site-packages/airflow/example_dags/example_skip_dag.py
[2024-06-24T15:05:22.693+0000] {logging_mixin.py:149} INFO - [2024-06-24T15:05:22.693+0000] {dag.py:2726} INFO - Sync 1 DAGs
[2024-06-24T15:05:22.704+0000] {logging_mixin.py:149} INFO - [2024-06-24T15:05:22.704+0000] {dag.py:3490} INFO - Setting next_dagrun for example_skip_dag to 2024-06-23T15:05:22.704792+00:00, run_after=2024-06-24T15:05:22.704792+00:00
[2024-06-24T15:05:22.711+0000] {processor.py:178} INFO - Processing /home/airflow/.local/lib/python3.7/site-packages/airflow/example_dags/example_skip_dag.py took 0.033 seconds
[2024-06-24T15:05:53.246+0000] {processor.py:156} INFO - Started process (PID=356) to work on /home/airflow/.local/lib/python3.7/site-packages/airflow/example_dags/example_skip_dag.py
[2024-06-24T15:05:53.246+0000] {processor.py:799} INFO - Processing file /home/airflow/.local/lib/python3.7/site-packages/airflow/example_dags/example_skip_dag.py for tasks to queue
[2024-06-24T15:05:53.247+0000] {logging_mixin.py:149} INFO - [2024-06-24T15:05:53.246+0000] {dagbag.py:541} INFO - Filling up the DagBag from /home/airflow/.local/lib/python3.7/site-packages/airflow/example_dags/example_skip_dag.py
[2024-06-24T15:05:53.251+0000] {processor.py:809} INFO - DAG(s) dict_keys(['example_skip_dag']) retrieved from /home/airflow/.local/lib/python3.7/site-packages/airflow/example_dags/example_skip_dag.py
[2024-06-24T15:05:53.261+0000] {logging_mixin.py:149} INFO - [2024-06-24T15:05:53.261+0000] {dag.py:2726} INFO - Sync 1 DAGs
[2024-06-24T15:05:53.271+0000] {logging_mixin.py:149} INFO - [2024-06-24T15:05:53.270+0000] {dag.py:3490} INFO - Setting next_dagrun for example_skip_dag to 2024-06-23T15:05:53.270828+00:00, run_after=2024-06-24T15:05:53.270828+00:00
[2024-06-24T15:05:53.278+0000] {processor.py:178} INFO - Processing /home/airflow/.local/lib/python3.7/site-packages/airflow/example_dags/example_skip_dag.py took 0.033 seconds
[2024-06-24T15:06:23.901+0000] {processor.py:156} INFO - Started process (PID=424) to work on /home/airflow/.local/lib/python3.7/site-packages/airflow/example_dags/example_skip_dag.py
[2024-06-24T15:06:23.901+0000] {processor.py:799} INFO - Processing file /home/airflow/.local/lib/python3.7/site-packages/airflow/example_dags/example_skip_dag.py for tasks to queue
[2024-06-24T15:06:23.902+0000] {logging_mixin.py:149} INFO - [2024-06-24T15:06:23.902+0000] {dagbag.py:541} INFO - Filling up the DagBag from /home/airflow/.local/lib/python3.7/site-packages/airflow/example_dags/example_skip_dag.py
[2024-06-24T15:06:23.904+0000] {processor.py:809} INFO - DAG(s) dict_keys(['example_skip_dag']) retrieved from /home/airflow/.local/lib/python3.7/site-packages/airflow/example_dags/example_skip_dag.py
[2024-06-24T15:06:23.914+0000] {logging_mixin.py:149} INFO - [2024-06-24T15:06:23.914+0000] {dag.py:2726} INFO - Sync 1 DAGs
[2024-06-24T15:06:23.924+0000] {logging_mixin.py:149} INFO - [2024-06-24T15:06:23.923+0000] {dag.py:3490} INFO - Setting next_dagrun for example_skip_dag to 2024-06-23T15:06:23.923854+00:00, run_after=2024-06-24T15:06:23.923854+00:00
[2024-06-24T15:06:23.930+0000] {processor.py:178} INFO - Processing /home/airflow/.local/lib/python3.7/site-packages/airflow/example_dags/example_skip_dag.py took 0.030 seconds
[2024-06-24T15:06:54.577+0000] {processor.py:156} INFO - Started process (PID=493) to work on /home/airflow/.local/lib/python3.7/site-packages/airflow/example_dags/example_skip_dag.py
[2024-06-24T15:06:54.578+0000] {processor.py:799} INFO - Processing file /home/airflow/.local/lib/python3.7/site-packages/airflow/example_dags/example_skip_dag.py for tasks to queue
[2024-06-24T15:06:54.579+0000] {logging_mixin.py:149} INFO - [2024-06-24T15:06:54.579+0000] {dagbag.py:541} INFO - Filling up the DagBag from /home/airflow/.local/lib/python3.7/site-packages/airflow/example_dags/example_skip_dag.py
[2024-06-24T15:06:54.583+0000] {processor.py:809} INFO - DAG(s) dict_keys(['example_skip_dag']) retrieved from /home/airflow/.local/lib/python3.7/site-packages/airflow/example_dags/example_skip_dag.py
[2024-06-24T15:06:54.594+0000] {logging_mixin.py:149} INFO - [2024-06-24T15:06:54.594+0000] {dag.py:2726} INFO - Sync 1 DAGs
[2024-06-24T15:06:54.605+0000] {logging_mixin.py:149} INFO - [2024-06-24T15:06:54.605+0000] {dag.py:3490} INFO - Setting next_dagrun for example_skip_dag to 2024-06-23T15:06:54.605469+00:00, run_after=2024-06-24T15:06:54.605469+00:00
[2024-06-24T15:06:54.612+0000] {processor.py:178} INFO - Processing /home/airflow/.local/lib/python3.7/site-packages/airflow/example_dags/example_skip_dag.py took 0.039 seconds
[2024-06-24T15:07:54.724+0000] {processor.py:156} INFO - Started process (PID=82) to work on /home/airflow/.local/lib/python3.7/site-packages/airflow/example_dags/example_skip_dag.py
[2024-06-24T15:07:54.725+0000] {processor.py:799} INFO - Processing file /home/airflow/.local/lib/python3.7/site-packages/airflow/example_dags/example_skip_dag.py for tasks to queue
[2024-06-24T15:07:54.725+0000] {logging_mixin.py:149} INFO - [2024-06-24T15:07:54.725+0000] {dagbag.py:541} INFO - Filling up the DagBag from /home/airflow/.local/lib/python3.7/site-packages/airflow/example_dags/example_skip_dag.py
[2024-06-24T15:07:54.730+0000] {processor.py:809} INFO - DAG(s) dict_keys(['example_skip_dag']) retrieved from /home/airflow/.local/lib/python3.7/site-packages/airflow/example_dags/example_skip_dag.py
[2024-06-24T15:07:54.746+0000] {logging_mixin.py:149} INFO - [2024-06-24T15:07:54.746+0000] {dag.py:2726} INFO - Sync 1 DAGs
[2024-06-24T15:07:54.762+0000] {logging_mixin.py:149} INFO - [2024-06-24T15:07:54.762+0000] {dag.py:3490} INFO - Setting next_dagrun for example_skip_dag to 2024-06-23T15:07:54.762640+00:00, run_after=2024-06-24T15:07:54.762640+00:00
[2024-06-24T15:07:54.773+0000] {processor.py:178} INFO - Processing /home/airflow/.local/lib/python3.7/site-packages/airflow/example_dags/example_skip_dag.py took 0.050 seconds
[2024-06-24T15:08:25.561+0000] {processor.py:156} INFO - Started process (PID=155) to work on /home/airflow/.local/lib/python3.7/site-packages/airflow/example_dags/example_skip_dag.py
[2024-06-24T15:08:25.561+0000] {processor.py:799} INFO - Processing file /home/airflow/.local/lib/python3.7/site-packages/airflow/example_dags/example_skip_dag.py for tasks to queue
[2024-06-24T15:08:25.562+0000] {logging_mixin.py:149} INFO - [2024-06-24T15:08:25.562+0000] {dagbag.py:541} INFO - Filling up the DagBag from /home/airflow/.local/lib/python3.7/site-packages/airflow/example_dags/example_skip_dag.py
[2024-06-24T15:08:25.569+0000] {processor.py:809} INFO - DAG(s) dict_keys(['example_skip_dag']) retrieved from /home/airflow/.local/lib/python3.7/site-packages/airflow/example_dags/example_skip_dag.py
[2024-06-24T15:08:25.585+0000] {logging_mixin.py:149} INFO - [2024-06-24T15:08:25.585+0000] {dag.py:2726} INFO - Sync 1 DAGs
[2024-06-24T15:08:25.600+0000] {logging_mixin.py:149} INFO - [2024-06-24T15:08:25.599+0000] {dag.py:3490} INFO - Setting next_dagrun for example_skip_dag to 2024-06-23T15:08:25.599849+00:00, run_after=2024-06-24T15:08:25.599849+00:00
[2024-06-24T15:08:25.609+0000] {processor.py:178} INFO - Processing /home/airflow/.local/lib/python3.7/site-packages/airflow/example_dags/example_skip_dag.py took 0.051 seconds
[2024-06-24T15:08:56.107+0000] {processor.py:156} INFO - Started process (PID=224) to work on /home/airflow/.local/lib/python3.7/site-packages/airflow/example_dags/example_skip_dag.py
[2024-06-24T15:08:56.110+0000] {processor.py:799} INFO - Processing file /home/airflow/.local/lib/python3.7/site-packages/airflow/example_dags/example_skip_dag.py for tasks to queue
[2024-06-24T15:08:56.111+0000] {logging_mixin.py:149} INFO - [2024-06-24T15:08:56.111+0000] {dagbag.py:541} INFO - Filling up the DagBag from /home/airflow/.local/lib/python3.7/site-packages/airflow/example_dags/example_skip_dag.py
[2024-06-24T15:08:56.117+0000] {processor.py:809} INFO - DAG(s) dict_keys(['example_skip_dag']) retrieved from /home/airflow/.local/lib/python3.7/site-packages/airflow/example_dags/example_skip_dag.py
[2024-06-24T15:08:56.134+0000] {logging_mixin.py:149} INFO - [2024-06-24T15:08:56.134+0000] {dag.py:2726} INFO - Sync 1 DAGs
[2024-06-24T15:08:56.148+0000] {logging_mixin.py:149} INFO - [2024-06-24T15:08:56.148+0000] {dag.py:3490} INFO - Setting next_dagrun for example_skip_dag to 2024-06-23T15:08:56.148507+00:00, run_after=2024-06-24T15:08:56.148507+00:00
[2024-06-24T15:08:56.157+0000] {processor.py:178} INFO - Processing /home/airflow/.local/lib/python3.7/site-packages/airflow/example_dags/example_skip_dag.py took 0.053 seconds
[2024-06-24T15:09:26.825+0000] {processor.py:156} INFO - Started process (PID=293) to work on /home/airflow/.local/lib/python3.7/site-packages/airflow/example_dags/example_skip_dag.py
[2024-06-24T15:09:26.825+0000] {processor.py:799} INFO - Processing file /home/airflow/.local/lib/python3.7/site-packages/airflow/example_dags/example_skip_dag.py for tasks to queue
[2024-06-24T15:09:26.826+0000] {logging_mixin.py:149} INFO - [2024-06-24T15:09:26.826+0000] {dagbag.py:541} INFO - Filling up the DagBag from /home/airflow/.local/lib/python3.7/site-packages/airflow/example_dags/example_skip_dag.py
[2024-06-24T15:09:26.832+0000] {processor.py:809} INFO - DAG(s) dict_keys(['example_skip_dag']) retrieved from /home/airflow/.local/lib/python3.7/site-packages/airflow/example_dags/example_skip_dag.py
[2024-06-24T15:09:26.848+0000] {logging_mixin.py:149} INFO - [2024-06-24T15:09:26.848+0000] {dag.py:2726} INFO - Sync 1 DAGs
[2024-06-24T15:09:26.863+0000] {logging_mixin.py:149} INFO - [2024-06-24T15:09:26.863+0000] {dag.py:3490} INFO - Setting next_dagrun for example_skip_dag to 2024-06-23T15:09:26.863502+00:00, run_after=2024-06-24T15:09:26.863502+00:00
[2024-06-24T15:09:26.872+0000] {processor.py:178} INFO - Processing /home/airflow/.local/lib/python3.7/site-packages/airflow/example_dags/example_skip_dag.py took 0.050 seconds
[2024-06-24T15:09:57.422+0000] {processor.py:156} INFO - Started process (PID=362) to work on /home/airflow/.local/lib/python3.7/site-packages/airflow/example_dags/example_skip_dag.py
[2024-06-24T15:09:57.423+0000] {processor.py:799} INFO - Processing file /home/airflow/.local/lib/python3.7/site-packages/airflow/example_dags/example_skip_dag.py for tasks to queue
[2024-06-24T15:09:57.423+0000] {logging_mixin.py:149} INFO - [2024-06-24T15:09:57.423+0000] {dagbag.py:541} INFO - Filling up the DagBag from /home/airflow/.local/lib/python3.7/site-packages/airflow/example_dags/example_skip_dag.py
[2024-06-24T15:09:57.430+0000] {processor.py:809} INFO - DAG(s) dict_keys(['example_skip_dag']) retrieved from /home/airflow/.local/lib/python3.7/site-packages/airflow/example_dags/example_skip_dag.py
[2024-06-24T15:09:57.447+0000] {logging_mixin.py:149} INFO - [2024-06-24T15:09:57.446+0000] {dag.py:2726} INFO - Sync 1 DAGs
[2024-06-24T15:09:57.461+0000] {logging_mixin.py:149} INFO - [2024-06-24T15:09:57.461+0000] {dag.py:3490} INFO - Setting next_dagrun for example_skip_dag to 2024-06-23T15:09:57.460944+00:00, run_after=2024-06-24T15:09:57.460944+00:00
[2024-06-24T15:09:57.470+0000] {processor.py:178} INFO - Processing /home/airflow/.local/lib/python3.7/site-packages/airflow/example_dags/example_skip_dag.py took 0.052 seconds
[2024-06-24T15:10:28.097+0000] {processor.py:156} INFO - Started process (PID=431) to work on /home/airflow/.local/lib/python3.7/site-packages/airflow/example_dags/example_skip_dag.py
[2024-06-24T15:10:28.097+0000] {processor.py:799} INFO - Processing file /home/airflow/.local/lib/python3.7/site-packages/airflow/example_dags/example_skip_dag.py for tasks to queue
[2024-06-24T15:10:28.098+0000] {logging_mixin.py:149} INFO - [2024-06-24T15:10:28.098+0000] {dagbag.py:541} INFO - Filling up the DagBag from /home/airflow/.local/lib/python3.7/site-packages/airflow/example_dags/example_skip_dag.py
[2024-06-24T15:10:28.104+0000] {processor.py:809} INFO - DAG(s) dict_keys(['example_skip_dag']) retrieved from /home/airflow/.local/lib/python3.7/site-packages/airflow/example_dags/example_skip_dag.py
[2024-06-24T15:10:28.123+0000] {logging_mixin.py:149} INFO - [2024-06-24T15:10:28.122+0000] {dag.py:2726} INFO - Sync 1 DAGs
[2024-06-24T15:10:28.138+0000] {logging_mixin.py:149} INFO - [2024-06-24T15:10:28.138+0000] {dag.py:3490} INFO - Setting next_dagrun for example_skip_dag to 2024-06-23T15:10:28.138289+00:00, run_after=2024-06-24T15:10:28.138289+00:00
[2024-06-24T15:10:28.147+0000] {processor.py:178} INFO - Processing /home/airflow/.local/lib/python3.7/site-packages/airflow/example_dags/example_skip_dag.py took 0.054 seconds
[2024-06-24T15:10:58.863+0000] {processor.py:156} INFO - Started process (PID=500) to work on /home/airflow/.local/lib/python3.7/site-packages/airflow/example_dags/example_skip_dag.py
[2024-06-24T15:10:58.864+0000] {processor.py:799} INFO - Processing file /home/airflow/.local/lib/python3.7/site-packages/airflow/example_dags/example_skip_dag.py for tasks to queue
[2024-06-24T15:10:58.865+0000] {logging_mixin.py:149} INFO - [2024-06-24T15:10:58.865+0000] {dagbag.py:541} INFO - Filling up the DagBag from /home/airflow/.local/lib/python3.7/site-packages/airflow/example_dags/example_skip_dag.py
[2024-06-24T15:10:58.875+0000] {processor.py:809} INFO - DAG(s) dict_keys(['example_skip_dag']) retrieved from /home/airflow/.local/lib/python3.7/site-packages/airflow/example_dags/example_skip_dag.py
[2024-06-24T15:10:58.937+0000] {logging_mixin.py:149} INFO - [2024-06-24T15:10:58.937+0000] {dag.py:2726} INFO - Sync 1 DAGs
[2024-06-24T15:10:58.950+0000] {logging_mixin.py:149} INFO - [2024-06-24T15:10:58.950+0000] {dag.py:3490} INFO - Setting next_dagrun for example_skip_dag to 2024-06-23T15:10:58.950447+00:00, run_after=2024-06-24T15:10:58.950447+00:00
[2024-06-24T15:10:58.959+0000] {processor.py:178} INFO - Processing /home/airflow/.local/lib/python3.7/site-packages/airflow/example_dags/example_skip_dag.py took 0.101 seconds
[2024-06-24T15:11:29.567+0000] {processor.py:156} INFO - Started process (PID=569) to work on /home/airflow/.local/lib/python3.7/site-packages/airflow/example_dags/example_skip_dag.py
[2024-06-24T15:11:29.568+0000] {processor.py:799} INFO - Processing file /home/airflow/.local/lib/python3.7/site-packages/airflow/example_dags/example_skip_dag.py for tasks to queue
[2024-06-24T15:11:29.568+0000] {logging_mixin.py:149} INFO - [2024-06-24T15:11:29.568+0000] {dagbag.py:541} INFO - Filling up the DagBag from /home/airflow/.local/lib/python3.7/site-packages/airflow/example_dags/example_skip_dag.py
[2024-06-24T15:11:29.575+0000] {processor.py:809} INFO - DAG(s) dict_keys(['example_skip_dag']) retrieved from /home/airflow/.local/lib/python3.7/site-packages/airflow/example_dags/example_skip_dag.py
[2024-06-24T15:11:29.596+0000] {logging_mixin.py:149} INFO - [2024-06-24T15:11:29.595+0000] {dag.py:2726} INFO - Sync 1 DAGs
[2024-06-24T15:11:29.612+0000] {logging_mixin.py:149} INFO - [2024-06-24T15:11:29.612+0000] {dag.py:3490} INFO - Setting next_dagrun for example_skip_dag to 2024-06-23T15:11:29.612027+00:00, run_after=2024-06-24T15:11:29.612027+00:00
[2024-06-24T15:11:29.622+0000] {processor.py:178} INFO - Processing /home/airflow/.local/lib/python3.7/site-packages/airflow/example_dags/example_skip_dag.py took 0.058 seconds
[2024-06-24T15:12:00.377+0000] {processor.py:156} INFO - Started process (PID=638) to work on /home/airflow/.local/lib/python3.7/site-packages/airflow/example_dags/example_skip_dag.py
[2024-06-24T15:12:00.378+0000] {processor.py:799} INFO - Processing file /home/airflow/.local/lib/python3.7/site-packages/airflow/example_dags/example_skip_dag.py for tasks to queue
[2024-06-24T15:12:00.378+0000] {logging_mixin.py:149} INFO - [2024-06-24T15:12:00.378+0000] {dagbag.py:541} INFO - Filling up the DagBag from /home/airflow/.local/lib/python3.7/site-packages/airflow/example_dags/example_skip_dag.py
[2024-06-24T15:12:00.382+0000] {processor.py:809} INFO - DAG(s) dict_keys(['example_skip_dag']) retrieved from /home/airflow/.local/lib/python3.7/site-packages/airflow/example_dags/example_skip_dag.py
[2024-06-24T15:12:00.397+0000] {logging_mixin.py:149} INFO - [2024-06-24T15:12:00.397+0000] {dag.py:2726} INFO - Sync 1 DAGs
[2024-06-24T15:12:00.409+0000] {logging_mixin.py:149} INFO - [2024-06-24T15:12:00.409+0000] {dag.py:3490} INFO - Setting next_dagrun for example_skip_dag to 2024-06-23T15:12:00.409589+00:00, run_after=2024-06-24T15:12:00.409589+00:00
[2024-06-24T15:12:00.417+0000] {processor.py:178} INFO - Processing /home/airflow/.local/lib/python3.7/site-packages/airflow/example_dags/example_skip_dag.py took 0.042 seconds
[2024-06-24T15:12:31.025+0000] {processor.py:156} INFO - Started process (PID=707) to work on /home/airflow/.local/lib/python3.7/site-packages/airflow/example_dags/example_skip_dag.py
[2024-06-24T15:12:31.026+0000] {processor.py:799} INFO - Processing file /home/airflow/.local/lib/python3.7/site-packages/airflow/example_dags/example_skip_dag.py for tasks to queue
[2024-06-24T15:12:31.027+0000] {logging_mixin.py:149} INFO - [2024-06-24T15:12:31.026+0000] {dagbag.py:541} INFO - Filling up the DagBag from /home/airflow/.local/lib/python3.7/site-packages/airflow/example_dags/example_skip_dag.py
[2024-06-24T15:12:31.033+0000] {processor.py:809} INFO - DAG(s) dict_keys(['example_skip_dag']) retrieved from /home/airflow/.local/lib/python3.7/site-packages/airflow/example_dags/example_skip_dag.py
[2024-06-24T15:12:31.050+0000] {logging_mixin.py:149} INFO - [2024-06-24T15:12:31.049+0000] {dag.py:2726} INFO - Sync 1 DAGs
[2024-06-24T15:12:31.064+0000] {logging_mixin.py:149} INFO - [2024-06-24T15:12:31.064+0000] {dag.py:3490} INFO - Setting next_dagrun for example_skip_dag to 2024-06-23T15:12:31.064579+00:00, run_after=2024-06-24T15:12:31.064579+00:00
[2024-06-24T15:12:31.074+0000] {processor.py:178} INFO - Processing /home/airflow/.local/lib/python3.7/site-packages/airflow/example_dags/example_skip_dag.py took 0.051 seconds
[2024-06-24T15:13:01.740+0000] {processor.py:156} INFO - Started process (PID=776) to work on /home/airflow/.local/lib/python3.7/site-packages/airflow/example_dags/example_skip_dag.py
[2024-06-24T15:13:01.740+0000] {processor.py:799} INFO - Processing file /home/airflow/.local/lib/python3.7/site-packages/airflow/example_dags/example_skip_dag.py for tasks to queue
[2024-06-24T15:13:01.741+0000] {logging_mixin.py:149} INFO - [2024-06-24T15:13:01.741+0000] {dagbag.py:541} INFO - Filling up the DagBag from /home/airflow/.local/lib/python3.7/site-packages/airflow/example_dags/example_skip_dag.py
[2024-06-24T15:13:01.747+0000] {processor.py:809} INFO - DAG(s) dict_keys(['example_skip_dag']) retrieved from /home/airflow/.local/lib/python3.7/site-packages/airflow/example_dags/example_skip_dag.py
[2024-06-24T15:13:01.765+0000] {logging_mixin.py:149} INFO - [2024-06-24T15:13:01.765+0000] {dag.py:2726} INFO - Sync 1 DAGs
[2024-06-24T15:13:01.780+0000] {logging_mixin.py:149} INFO - [2024-06-24T15:13:01.780+0000] {dag.py:3490} INFO - Setting next_dagrun for example_skip_dag to 2024-06-23T15:13:01.780003+00:00, run_after=2024-06-24T15:13:01.780003+00:00
[2024-06-24T15:13:01.789+0000] {processor.py:178} INFO - Processing /home/airflow/.local/lib/python3.7/site-packages/airflow/example_dags/example_skip_dag.py took 0.053 seconds
[2024-06-24T15:13:32.381+0000] {processor.py:156} INFO - Started process (PID=845) to work on /home/airflow/.local/lib/python3.7/site-packages/airflow/example_dags/example_skip_dag.py
[2024-06-24T15:13:32.381+0000] {processor.py:799} INFO - Processing file /home/airflow/.local/lib/python3.7/site-packages/airflow/example_dags/example_skip_dag.py for tasks to queue
[2024-06-24T15:13:32.382+0000] {logging_mixin.py:149} INFO - [2024-06-24T15:13:32.382+0000] {dagbag.py:541} INFO - Filling up the DagBag from /home/airflow/.local/lib/python3.7/site-packages/airflow/example_dags/example_skip_dag.py
[2024-06-24T15:13:32.387+0000] {processor.py:809} INFO - DAG(s) dict_keys(['example_skip_dag']) retrieved from /home/airflow/.local/lib/python3.7/site-packages/airflow/example_dags/example_skip_dag.py
[2024-06-24T15:13:32.404+0000] {logging_mixin.py:149} INFO - [2024-06-24T15:13:32.404+0000] {dag.py:2726} INFO - Sync 1 DAGs
[2024-06-24T15:13:32.418+0000] {logging_mixin.py:149} INFO - [2024-06-24T15:13:32.418+0000] {dag.py:3490} INFO - Setting next_dagrun for example_skip_dag to 2024-06-23T15:13:32.418494+00:00, run_after=2024-06-24T15:13:32.418494+00:00
[2024-06-24T15:13:32.427+0000] {processor.py:178} INFO - Processing /home/airflow/.local/lib/python3.7/site-packages/airflow/example_dags/example_skip_dag.py took 0.048 seconds
[2024-06-24T15:14:02.938+0000] {processor.py:156} INFO - Started process (PID=914) to work on /home/airflow/.local/lib/python3.7/site-packages/airflow/example_dags/example_skip_dag.py
[2024-06-24T15:14:02.938+0000] {processor.py:799} INFO - Processing file /home/airflow/.local/lib/python3.7/site-packages/airflow/example_dags/example_skip_dag.py for tasks to queue
[2024-06-24T15:14:02.939+0000] {logging_mixin.py:149} INFO - [2024-06-24T15:14:02.939+0000] {dagbag.py:541} INFO - Filling up the DagBag from /home/airflow/.local/lib/python3.7/site-packages/airflow/example_dags/example_skip_dag.py
[2024-06-24T15:14:02.944+0000] {processor.py:809} INFO - DAG(s) dict_keys(['example_skip_dag']) retrieved from /home/airflow/.local/lib/python3.7/site-packages/airflow/example_dags/example_skip_dag.py
[2024-06-24T15:14:02.960+0000] {logging_mixin.py:149} INFO - [2024-06-24T15:14:02.960+0000] {dag.py:2726} INFO - Sync 1 DAGs
[2024-06-24T15:14:02.973+0000] {logging_mixin.py:149} INFO - [2024-06-24T15:14:02.973+0000] {dag.py:3490} INFO - Setting next_dagrun for example_skip_dag to 2024-06-23T15:14:02.973426+00:00, run_after=2024-06-24T15:14:02.973426+00:00
[2024-06-24T15:14:02.982+0000] {processor.py:178} INFO - Processing /home/airflow/.local/lib/python3.7/site-packages/airflow/example_dags/example_skip_dag.py took 0.047 seconds
[2024-06-24T15:14:33.405+0000] {processor.py:156} INFO - Started process (PID=983) to work on /home/airflow/.local/lib/python3.7/site-packages/airflow/example_dags/example_skip_dag.py
[2024-06-24T15:14:33.405+0000] {processor.py:799} INFO - Processing file /home/airflow/.local/lib/python3.7/site-packages/airflow/example_dags/example_skip_dag.py for tasks to queue
[2024-06-24T15:14:33.406+0000] {logging_mixin.py:149} INFO - [2024-06-24T15:14:33.406+0000] {dagbag.py:541} INFO - Filling up the DagBag from /home/airflow/.local/lib/python3.7/site-packages/airflow/example_dags/example_skip_dag.py
[2024-06-24T15:14:33.411+0000] {processor.py:809} INFO - DAG(s) dict_keys(['example_skip_dag']) retrieved from /home/airflow/.local/lib/python3.7/site-packages/airflow/example_dags/example_skip_dag.py
[2024-06-24T15:14:33.425+0000] {logging_mixin.py:149} INFO - [2024-06-24T15:14:33.425+0000] {dag.py:2726} INFO - Sync 1 DAGs
[2024-06-24T15:14:33.438+0000] {logging_mixin.py:149} INFO - [2024-06-24T15:14:33.438+0000] {dag.py:3490} INFO - Setting next_dagrun for example_skip_dag to 2024-06-23T15:14:33.438266+00:00, run_after=2024-06-24T15:14:33.438266+00:00
[2024-06-24T15:14:33.446+0000] {processor.py:178} INFO - Processing /home/airflow/.local/lib/python3.7/site-packages/airflow/example_dags/example_skip_dag.py took 0.044 seconds
[2024-06-24T15:15:03.897+0000] {processor.py:156} INFO - Started process (PID=1052) to work on /home/airflow/.local/lib/python3.7/site-packages/airflow/example_dags/example_skip_dag.py
[2024-06-24T15:15:03.898+0000] {processor.py:799} INFO - Processing file /home/airflow/.local/lib/python3.7/site-packages/airflow/example_dags/example_skip_dag.py for tasks to queue
[2024-06-24T15:15:03.899+0000] {logging_mixin.py:149} INFO - [2024-06-24T15:15:03.898+0000] {dagbag.py:541} INFO - Filling up the DagBag from /home/airflow/.local/lib/python3.7/site-packages/airflow/example_dags/example_skip_dag.py
[2024-06-24T15:15:03.905+0000] {processor.py:809} INFO - DAG(s) dict_keys(['example_skip_dag']) retrieved from /home/airflow/.local/lib/python3.7/site-packages/airflow/example_dags/example_skip_dag.py
[2024-06-24T15:15:03.925+0000] {logging_mixin.py:149} INFO - [2024-06-24T15:15:03.925+0000] {dag.py:2726} INFO - Sync 1 DAGs
[2024-06-24T15:15:03.942+0000] {logging_mixin.py:149} INFO - [2024-06-24T15:15:03.942+0000] {dag.py:3490} INFO - Setting next_dagrun for example_skip_dag to 2024-06-23T15:15:03.942005+00:00, run_after=2024-06-24T15:15:03.942005+00:00
[2024-06-24T15:15:03.952+0000] {processor.py:178} INFO - Processing /home/airflow/.local/lib/python3.7/site-packages/airflow/example_dags/example_skip_dag.py took 0.057 seconds
[2024-06-24T15:15:34.730+0000] {processor.py:156} INFO - Started process (PID=1139) to work on /home/airflow/.local/lib/python3.7/site-packages/airflow/example_dags/example_skip_dag.py
[2024-06-24T15:15:34.731+0000] {processor.py:799} INFO - Processing file /home/airflow/.local/lib/python3.7/site-packages/airflow/example_dags/example_skip_dag.py for tasks to queue
[2024-06-24T15:15:34.731+0000] {logging_mixin.py:149} INFO - [2024-06-24T15:15:34.731+0000] {dagbag.py:541} INFO - Filling up the DagBag from /home/airflow/.local/lib/python3.7/site-packages/airflow/example_dags/example_skip_dag.py
[2024-06-24T15:15:34.734+0000] {processor.py:809} INFO - DAG(s) dict_keys(['example_skip_dag']) retrieved from /home/airflow/.local/lib/python3.7/site-packages/airflow/example_dags/example_skip_dag.py
[2024-06-24T15:15:34.744+0000] {logging_mixin.py:149} INFO - [2024-06-24T15:15:34.744+0000] {dag.py:2726} INFO - Sync 1 DAGs
[2024-06-24T15:15:34.754+0000] {logging_mixin.py:149} INFO - [2024-06-24T15:15:34.754+0000] {dag.py:3490} INFO - Setting next_dagrun for example_skip_dag to 2024-06-23T15:15:34.754467+00:00, run_after=2024-06-24T15:15:34.754467+00:00
[2024-06-24T15:15:34.761+0000] {processor.py:178} INFO - Processing /home/airflow/.local/lib/python3.7/site-packages/airflow/example_dags/example_skip_dag.py took 0.032 seconds
[2024-06-24T15:16:05.430+0000] {processor.py:156} INFO - Started process (PID=1208) to work on /home/airflow/.local/lib/python3.7/site-packages/airflow/example_dags/example_skip_dag.py
[2024-06-24T15:16:05.431+0000] {processor.py:799} INFO - Processing file /home/airflow/.local/lib/python3.7/site-packages/airflow/example_dags/example_skip_dag.py for tasks to queue
[2024-06-24T15:16:05.431+0000] {logging_mixin.py:149} INFO - [2024-06-24T15:16:05.431+0000] {dagbag.py:541} INFO - Filling up the DagBag from /home/airflow/.local/lib/python3.7/site-packages/airflow/example_dags/example_skip_dag.py
[2024-06-24T15:16:05.436+0000] {processor.py:809} INFO - DAG(s) dict_keys(['example_skip_dag']) retrieved from /home/airflow/.local/lib/python3.7/site-packages/airflow/example_dags/example_skip_dag.py
[2024-06-24T15:16:05.453+0000] {logging_mixin.py:149} INFO - [2024-06-24T15:16:05.453+0000] {dag.py:2726} INFO - Sync 1 DAGs
[2024-06-24T15:16:05.479+0000] {logging_mixin.py:149} INFO - [2024-06-24T15:16:05.479+0000] {dag.py:3490} INFO - Setting next_dagrun for example_skip_dag to 2024-06-23T15:16:05.479439+00:00, run_after=2024-06-24T15:16:05.479439+00:00
[2024-06-24T15:16:05.489+0000] {processor.py:178} INFO - Processing /home/airflow/.local/lib/python3.7/site-packages/airflow/example_dags/example_skip_dag.py took 0.061 seconds
[2024-06-24T15:16:36.000+0000] {processor.py:156} INFO - Started process (PID=1277) to work on /home/airflow/.local/lib/python3.7/site-packages/airflow/example_dags/example_skip_dag.py
[2024-06-24T15:16:36.001+0000] {processor.py:799} INFO - Processing file /home/airflow/.local/lib/python3.7/site-packages/airflow/example_dags/example_skip_dag.py for tasks to queue
[2024-06-24T15:16:36.001+0000] {logging_mixin.py:149} INFO - [2024-06-24T15:16:36.001+0000] {dagbag.py:541} INFO - Filling up the DagBag from /home/airflow/.local/lib/python3.7/site-packages/airflow/example_dags/example_skip_dag.py
[2024-06-24T15:16:36.005+0000] {processor.py:809} INFO - DAG(s) dict_keys(['example_skip_dag']) retrieved from /home/airflow/.local/lib/python3.7/site-packages/airflow/example_dags/example_skip_dag.py
[2024-06-24T15:16:36.018+0000] {logging_mixin.py:149} INFO - [2024-06-24T15:16:36.018+0000] {dag.py:2726} INFO - Sync 1 DAGs
[2024-06-24T15:16:36.029+0000] {logging_mixin.py:149} INFO - [2024-06-24T15:16:36.029+0000] {dag.py:3490} INFO - Setting next_dagrun for example_skip_dag to 2024-06-23T15:16:36.029179+00:00, run_after=2024-06-24T15:16:36.029179+00:00
[2024-06-24T15:16:36.036+0000] {processor.py:178} INFO - Processing /home/airflow/.local/lib/python3.7/site-packages/airflow/example_dags/example_skip_dag.py took 0.037 seconds
[2024-06-24T15:17:06.610+0000] {processor.py:156} INFO - Started process (PID=1346) to work on /home/airflow/.local/lib/python3.7/site-packages/airflow/example_dags/example_skip_dag.py
[2024-06-24T15:17:06.610+0000] {processor.py:799} INFO - Processing file /home/airflow/.local/lib/python3.7/site-packages/airflow/example_dags/example_skip_dag.py for tasks to queue
[2024-06-24T15:17:06.611+0000] {logging_mixin.py:149} INFO - [2024-06-24T15:17:06.611+0000] {dagbag.py:541} INFO - Filling up the DagBag from /home/airflow/.local/lib/python3.7/site-packages/airflow/example_dags/example_skip_dag.py
[2024-06-24T15:17:06.614+0000] {processor.py:809} INFO - DAG(s) dict_keys(['example_skip_dag']) retrieved from /home/airflow/.local/lib/python3.7/site-packages/airflow/example_dags/example_skip_dag.py
[2024-06-24T15:17:06.627+0000] {logging_mixin.py:149} INFO - [2024-06-24T15:17:06.626+0000] {dag.py:2726} INFO - Sync 1 DAGs
[2024-06-24T15:17:06.637+0000] {logging_mixin.py:149} INFO - [2024-06-24T15:17:06.637+0000] {dag.py:3490} INFO - Setting next_dagrun for example_skip_dag to 2024-06-23T15:17:06.637433+00:00, run_after=2024-06-24T15:17:06.637433+00:00
[2024-06-24T15:17:06.645+0000] {processor.py:178} INFO - Processing /home/airflow/.local/lib/python3.7/site-packages/airflow/example_dags/example_skip_dag.py took 0.036 seconds
[2024-06-24T15:17:37.152+0000] {processor.py:156} INFO - Started process (PID=1414) to work on /home/airflow/.local/lib/python3.7/site-packages/airflow/example_dags/example_skip_dag.py
[2024-06-24T15:17:37.152+0000] {processor.py:799} INFO - Processing file /home/airflow/.local/lib/python3.7/site-packages/airflow/example_dags/example_skip_dag.py for tasks to queue
[2024-06-24T15:17:37.152+0000] {logging_mixin.py:149} INFO - [2024-06-24T15:17:37.152+0000] {dagbag.py:541} INFO - Filling up the DagBag from /home/airflow/.local/lib/python3.7/site-packages/airflow/example_dags/example_skip_dag.py
[2024-06-24T15:17:37.155+0000] {processor.py:809} INFO - DAG(s) dict_keys(['example_skip_dag']) retrieved from /home/airflow/.local/lib/python3.7/site-packages/airflow/example_dags/example_skip_dag.py
[2024-06-24T15:17:37.166+0000] {logging_mixin.py:149} INFO - [2024-06-24T15:17:37.166+0000] {dag.py:2726} INFO - Sync 1 DAGs
[2024-06-24T15:17:37.176+0000] {logging_mixin.py:149} INFO - [2024-06-24T15:17:37.176+0000] {dag.py:3490} INFO - Setting next_dagrun for example_skip_dag to 2024-06-23T15:17:37.176073+00:00, run_after=2024-06-24T15:17:37.176073+00:00
[2024-06-24T15:17:37.183+0000] {processor.py:178} INFO - Processing /home/airflow/.local/lib/python3.7/site-packages/airflow/example_dags/example_skip_dag.py took 0.033 seconds
[2024-06-24T15:18:07.756+0000] {processor.py:156} INFO - Started process (PID=1483) to work on /home/airflow/.local/lib/python3.7/site-packages/airflow/example_dags/example_skip_dag.py
[2024-06-24T15:18:07.756+0000] {processor.py:799} INFO - Processing file /home/airflow/.local/lib/python3.7/site-packages/airflow/example_dags/example_skip_dag.py for tasks to queue
[2024-06-24T15:18:07.756+0000] {logging_mixin.py:149} INFO - [2024-06-24T15:18:07.756+0000] {dagbag.py:541} INFO - Filling up the DagBag from /home/airflow/.local/lib/python3.7/site-packages/airflow/example_dags/example_skip_dag.py
[2024-06-24T15:18:07.760+0000] {processor.py:809} INFO - DAG(s) dict_keys(['example_skip_dag']) retrieved from /home/airflow/.local/lib/python3.7/site-packages/airflow/example_dags/example_skip_dag.py
[2024-06-24T15:18:07.772+0000] {logging_mixin.py:149} INFO - [2024-06-24T15:18:07.772+0000] {dag.py:2726} INFO - Sync 1 DAGs
[2024-06-24T15:18:07.789+0000] {logging_mixin.py:149} INFO - [2024-06-24T15:18:07.789+0000] {dag.py:3490} INFO - Setting next_dagrun for example_skip_dag to 2024-06-23T15:18:07.789300+00:00, run_after=2024-06-24T15:18:07.789300+00:00
[2024-06-24T15:18:07.797+0000] {processor.py:178} INFO - Processing /home/airflow/.local/lib/python3.7/site-packages/airflow/example_dags/example_skip_dag.py took 0.043 seconds
[2024-06-24T15:18:38.490+0000] {processor.py:156} INFO - Started process (PID=1552) to work on /home/airflow/.local/lib/python3.7/site-packages/airflow/example_dags/example_skip_dag.py
[2024-06-24T15:18:38.491+0000] {processor.py:799} INFO - Processing file /home/airflow/.local/lib/python3.7/site-packages/airflow/example_dags/example_skip_dag.py for tasks to queue
[2024-06-24T15:18:38.491+0000] {logging_mixin.py:149} INFO - [2024-06-24T15:18:38.491+0000] {dagbag.py:541} INFO - Filling up the DagBag from /home/airflow/.local/lib/python3.7/site-packages/airflow/example_dags/example_skip_dag.py
[2024-06-24T15:18:38.494+0000] {processor.py:809} INFO - DAG(s) dict_keys(['example_skip_dag']) retrieved from /home/airflow/.local/lib/python3.7/site-packages/airflow/example_dags/example_skip_dag.py
[2024-06-24T15:18:38.505+0000] {logging_mixin.py:149} INFO - [2024-06-24T15:18:38.505+0000] {dag.py:2726} INFO - Sync 1 DAGs
[2024-06-24T15:18:38.516+0000] {logging_mixin.py:149} INFO - [2024-06-24T15:18:38.516+0000] {dag.py:3490} INFO - Setting next_dagrun for example_skip_dag to 2024-06-23T15:18:38.516018+00:00, run_after=2024-06-24T15:18:38.516018+00:00
[2024-06-24T15:18:38.525+0000] {processor.py:178} INFO - Processing /home/airflow/.local/lib/python3.7/site-packages/airflow/example_dags/example_skip_dag.py took 0.036 seconds
[2024-06-24T15:19:09.179+0000] {processor.py:156} INFO - Started process (PID=1621) to work on /home/airflow/.local/lib/python3.7/site-packages/airflow/example_dags/example_skip_dag.py
[2024-06-24T15:19:09.179+0000] {processor.py:799} INFO - Processing file /home/airflow/.local/lib/python3.7/site-packages/airflow/example_dags/example_skip_dag.py for tasks to queue
[2024-06-24T15:19:09.180+0000] {logging_mixin.py:149} INFO - [2024-06-24T15:19:09.180+0000] {dagbag.py:541} INFO - Filling up the DagBag from /home/airflow/.local/lib/python3.7/site-packages/airflow/example_dags/example_skip_dag.py
[2024-06-24T15:19:09.183+0000] {processor.py:809} INFO - DAG(s) dict_keys(['example_skip_dag']) retrieved from /home/airflow/.local/lib/python3.7/site-packages/airflow/example_dags/example_skip_dag.py
[2024-06-24T15:19:09.193+0000] {logging_mixin.py:149} INFO - [2024-06-24T15:19:09.193+0000] {dag.py:2726} INFO - Sync 1 DAGs
[2024-06-24T15:19:09.204+0000] {logging_mixin.py:149} INFO - [2024-06-24T15:19:09.204+0000] {dag.py:3490} INFO - Setting next_dagrun for example_skip_dag to 2024-06-23T15:19:09.204216+00:00, run_after=2024-06-24T15:19:09.204216+00:00
[2024-06-24T15:19:09.211+0000] {processor.py:178} INFO - Processing /home/airflow/.local/lib/python3.7/site-packages/airflow/example_dags/example_skip_dag.py took 0.034 seconds
[2024-06-24T15:19:39.711+0000] {processor.py:156} INFO - Started process (PID=1690) to work on /home/airflow/.local/lib/python3.7/site-packages/airflow/example_dags/example_skip_dag.py
[2024-06-24T15:19:39.711+0000] {processor.py:799} INFO - Processing file /home/airflow/.local/lib/python3.7/site-packages/airflow/example_dags/example_skip_dag.py for tasks to queue
[2024-06-24T15:19:39.712+0000] {logging_mixin.py:149} INFO - [2024-06-24T15:19:39.712+0000] {dagbag.py:541} INFO - Filling up the DagBag from /home/airflow/.local/lib/python3.7/site-packages/airflow/example_dags/example_skip_dag.py
[2024-06-24T15:19:39.715+0000] {processor.py:809} INFO - DAG(s) dict_keys(['example_skip_dag']) retrieved from /home/airflow/.local/lib/python3.7/site-packages/airflow/example_dags/example_skip_dag.py
[2024-06-24T15:19:39.725+0000] {logging_mixin.py:149} INFO - [2024-06-24T15:19:39.725+0000] {dag.py:2726} INFO - Sync 1 DAGs
[2024-06-24T15:19:39.735+0000] {logging_mixin.py:149} INFO - [2024-06-24T15:19:39.735+0000] {dag.py:3490} INFO - Setting next_dagrun for example_skip_dag to 2024-06-23T15:19:39.735706+00:00, run_after=2024-06-24T15:19:39.735706+00:00
[2024-06-24T15:19:39.744+0000] {processor.py:178} INFO - Processing /home/airflow/.local/lib/python3.7/site-packages/airflow/example_dags/example_skip_dag.py took 0.034 seconds
[2024-06-24T15:20:10.332+0000] {processor.py:156} INFO - Started process (PID=1759) to work on /home/airflow/.local/lib/python3.7/site-packages/airflow/example_dags/example_skip_dag.py
[2024-06-24T15:20:10.332+0000] {processor.py:799} INFO - Processing file /home/airflow/.local/lib/python3.7/site-packages/airflow/example_dags/example_skip_dag.py for tasks to queue
[2024-06-24T15:20:10.332+0000] {logging_mixin.py:149} INFO - [2024-06-24T15:20:10.332+0000] {dagbag.py:541} INFO - Filling up the DagBag from /home/airflow/.local/lib/python3.7/site-packages/airflow/example_dags/example_skip_dag.py
[2024-06-24T15:20:10.335+0000] {processor.py:809} INFO - DAG(s) dict_keys(['example_skip_dag']) retrieved from /home/airflow/.local/lib/python3.7/site-packages/airflow/example_dags/example_skip_dag.py
[2024-06-24T15:20:10.351+0000] {logging_mixin.py:149} INFO - [2024-06-24T15:20:10.350+0000] {dag.py:2726} INFO - Sync 1 DAGs
[2024-06-24T15:20:10.361+0000] {logging_mixin.py:149} INFO - [2024-06-24T15:20:10.361+0000] {dag.py:3490} INFO - Setting next_dagrun for example_skip_dag to 2024-06-23T15:20:10.361473+00:00, run_after=2024-06-24T15:20:10.361473+00:00
[2024-06-24T15:20:10.369+0000] {processor.py:178} INFO - Processing /home/airflow/.local/lib/python3.7/site-packages/airflow/example_dags/example_skip_dag.py took 0.039 seconds
[2024-06-24T15:20:41.027+0000] {processor.py:156} INFO - Started process (PID=1828) to work on /home/airflow/.local/lib/python3.7/site-packages/airflow/example_dags/example_skip_dag.py
[2024-06-24T15:20:41.028+0000] {processor.py:799} INFO - Processing file /home/airflow/.local/lib/python3.7/site-packages/airflow/example_dags/example_skip_dag.py for tasks to queue
[2024-06-24T15:20:41.028+0000] {logging_mixin.py:149} INFO - [2024-06-24T15:20:41.028+0000] {dagbag.py:541} INFO - Filling up the DagBag from /home/airflow/.local/lib/python3.7/site-packages/airflow/example_dags/example_skip_dag.py
[2024-06-24T15:20:41.031+0000] {processor.py:809} INFO - DAG(s) dict_keys(['example_skip_dag']) retrieved from /home/airflow/.local/lib/python3.7/site-packages/airflow/example_dags/example_skip_dag.py
[2024-06-24T15:20:41.042+0000] {logging_mixin.py:149} INFO - [2024-06-24T15:20:41.042+0000] {dag.py:2726} INFO - Sync 1 DAGs
[2024-06-24T15:20:41.056+0000] {logging_mixin.py:149} INFO - [2024-06-24T15:20:41.056+0000] {dag.py:3490} INFO - Setting next_dagrun for example_skip_dag to 2024-06-23T15:20:41.056166+00:00, run_after=2024-06-24T15:20:41.056166+00:00
[2024-06-24T15:20:41.066+0000] {processor.py:178} INFO - Processing /home/airflow/.local/lib/python3.7/site-packages/airflow/example_dags/example_skip_dag.py took 0.040 seconds
[2024-06-24T15:21:11.736+0000] {processor.py:156} INFO - Started process (PID=1897) to work on /home/airflow/.local/lib/python3.7/site-packages/airflow/example_dags/example_skip_dag.py
[2024-06-24T15:21:11.736+0000] {processor.py:799} INFO - Processing file /home/airflow/.local/lib/python3.7/site-packages/airflow/example_dags/example_skip_dag.py for tasks to queue
[2024-06-24T15:21:11.737+0000] {logging_mixin.py:149} INFO - [2024-06-24T15:21:11.737+0000] {dagbag.py:541} INFO - Filling up the DagBag from /home/airflow/.local/lib/python3.7/site-packages/airflow/example_dags/example_skip_dag.py
[2024-06-24T15:21:11.740+0000] {processor.py:809} INFO - DAG(s) dict_keys(['example_skip_dag']) retrieved from /home/airflow/.local/lib/python3.7/site-packages/airflow/example_dags/example_skip_dag.py
[2024-06-24T15:21:11.753+0000] {logging_mixin.py:149} INFO - [2024-06-24T15:21:11.753+0000] {dag.py:2726} INFO - Sync 1 DAGs
[2024-06-24T15:21:11.766+0000] {logging_mixin.py:149} INFO - [2024-06-24T15:21:11.766+0000] {dag.py:3490} INFO - Setting next_dagrun for example_skip_dag to 2024-06-23T15:21:11.766747+00:00, run_after=2024-06-24T15:21:11.766747+00:00
[2024-06-24T15:21:11.776+0000] {processor.py:178} INFO - Processing /home/airflow/.local/lib/python3.7/site-packages/airflow/example_dags/example_skip_dag.py took 0.041 seconds
[2024-06-24T15:21:42.637+0000] {processor.py:156} INFO - Started process (PID=1965) to work on /home/airflow/.local/lib/python3.7/site-packages/airflow/example_dags/example_skip_dag.py
[2024-06-24T15:21:42.638+0000] {processor.py:799} INFO - Processing file /home/airflow/.local/lib/python3.7/site-packages/airflow/example_dags/example_skip_dag.py for tasks to queue
[2024-06-24T15:21:42.638+0000] {logging_mixin.py:149} INFO - [2024-06-24T15:21:42.638+0000] {dagbag.py:541} INFO - Filling up the DagBag from /home/airflow/.local/lib/python3.7/site-packages/airflow/example_dags/example_skip_dag.py
[2024-06-24T15:21:42.641+0000] {processor.py:809} INFO - DAG(s) dict_keys(['example_skip_dag']) retrieved from /home/airflow/.local/lib/python3.7/site-packages/airflow/example_dags/example_skip_dag.py
[2024-06-24T15:21:42.653+0000] {logging_mixin.py:149} INFO - [2024-06-24T15:21:42.653+0000] {dag.py:2726} INFO - Sync 1 DAGs
[2024-06-24T15:21:42.663+0000] {logging_mixin.py:149} INFO - [2024-06-24T15:21:42.663+0000] {dag.py:3490} INFO - Setting next_dagrun for example_skip_dag to 2024-06-23T15:21:42.663713+00:00, run_after=2024-06-24T15:21:42.663713+00:00
[2024-06-24T15:21:42.671+0000] {processor.py:178} INFO - Processing /home/airflow/.local/lib/python3.7/site-packages/airflow/example_dags/example_skip_dag.py took 0.035 seconds
[2024-06-24T15:22:13.298+0000] {processor.py:156} INFO - Started process (PID=2034) to work on /home/airflow/.local/lib/python3.7/site-packages/airflow/example_dags/example_skip_dag.py
[2024-06-24T15:22:13.299+0000] {processor.py:799} INFO - Processing file /home/airflow/.local/lib/python3.7/site-packages/airflow/example_dags/example_skip_dag.py for tasks to queue
[2024-06-24T15:22:13.299+0000] {logging_mixin.py:149} INFO - [2024-06-24T15:22:13.299+0000] {dagbag.py:541} INFO - Filling up the DagBag from /home/airflow/.local/lib/python3.7/site-packages/airflow/example_dags/example_skip_dag.py
[2024-06-24T15:22:13.302+0000] {processor.py:809} INFO - DAG(s) dict_keys(['example_skip_dag']) retrieved from /home/airflow/.local/lib/python3.7/site-packages/airflow/example_dags/example_skip_dag.py
[2024-06-24T15:22:13.314+0000] {logging_mixin.py:149} INFO - [2024-06-24T15:22:13.314+0000] {dag.py:2726} INFO - Sync 1 DAGs
[2024-06-24T15:22:13.326+0000] {logging_mixin.py:149} INFO - [2024-06-24T15:22:13.326+0000] {dag.py:3490} INFO - Setting next_dagrun for example_skip_dag to 2024-06-23T15:22:13.326458+00:00, run_after=2024-06-24T15:22:13.326458+00:00
[2024-06-24T15:22:13.335+0000] {processor.py:178} INFO - Processing /home/airflow/.local/lib/python3.7/site-packages/airflow/example_dags/example_skip_dag.py took 0.038 seconds
[2024-06-24T15:22:43.933+0000] {processor.py:156} INFO - Started process (PID=2102) to work on /home/airflow/.local/lib/python3.7/site-packages/airflow/example_dags/example_skip_dag.py
[2024-06-24T15:22:43.933+0000] {processor.py:799} INFO - Processing file /home/airflow/.local/lib/python3.7/site-packages/airflow/example_dags/example_skip_dag.py for tasks to queue
[2024-06-24T15:22:43.934+0000] {logging_mixin.py:149} INFO - [2024-06-24T15:22:43.934+0000] {dagbag.py:541} INFO - Filling up the DagBag from /home/airflow/.local/lib/python3.7/site-packages/airflow/example_dags/example_skip_dag.py
[2024-06-24T15:22:43.937+0000] {processor.py:809} INFO - DAG(s) dict_keys(['example_skip_dag']) retrieved from /home/airflow/.local/lib/python3.7/site-packages/airflow/example_dags/example_skip_dag.py
[2024-06-24T15:22:43.950+0000] {logging_mixin.py:149} INFO - [2024-06-24T15:22:43.950+0000] {dag.py:2726} INFO - Sync 1 DAGs
[2024-06-24T15:22:43.962+0000] {logging_mixin.py:149} INFO - [2024-06-24T15:22:43.962+0000] {dag.py:3490} INFO - Setting next_dagrun for example_skip_dag to 2024-06-23T15:22:43.961891+00:00, run_after=2024-06-24T15:22:43.961891+00:00
[2024-06-24T15:22:43.971+0000] {processor.py:178} INFO - Processing /home/airflow/.local/lib/python3.7/site-packages/airflow/example_dags/example_skip_dag.py took 0.039 seconds
[2024-06-24T15:23:14.615+0000] {processor.py:156} INFO - Started process (PID=2171) to work on /home/airflow/.local/lib/python3.7/site-packages/airflow/example_dags/example_skip_dag.py
[2024-06-24T15:23:14.615+0000] {processor.py:799} INFO - Processing file /home/airflow/.local/lib/python3.7/site-packages/airflow/example_dags/example_skip_dag.py for tasks to queue
[2024-06-24T15:23:14.615+0000] {logging_mixin.py:149} INFO - [2024-06-24T15:23:14.615+0000] {dagbag.py:541} INFO - Filling up the DagBag from /home/airflow/.local/lib/python3.7/site-packages/airflow/example_dags/example_skip_dag.py
[2024-06-24T15:23:14.620+0000] {processor.py:809} INFO - DAG(s) dict_keys(['example_skip_dag']) retrieved from /home/airflow/.local/lib/python3.7/site-packages/airflow/example_dags/example_skip_dag.py
[2024-06-24T15:23:14.633+0000] {logging_mixin.py:149} INFO - [2024-06-24T15:23:14.633+0000] {dag.py:2726} INFO - Sync 1 DAGs
[2024-06-24T15:23:14.645+0000] {logging_mixin.py:149} INFO - [2024-06-24T15:23:14.645+0000] {dag.py:3490} INFO - Setting next_dagrun for example_skip_dag to 2024-06-23T15:23:14.645467+00:00, run_after=2024-06-24T15:23:14.645467+00:00
[2024-06-24T15:23:14.653+0000] {processor.py:178} INFO - Processing /home/airflow/.local/lib/python3.7/site-packages/airflow/example_dags/example_skip_dag.py took 0.040 seconds
[2024-06-24T15:23:45.378+0000] {processor.py:156} INFO - Started process (PID=2240) to work on /home/airflow/.local/lib/python3.7/site-packages/airflow/example_dags/example_skip_dag.py
[2024-06-24T15:23:45.380+0000] {processor.py:799} INFO - Processing file /home/airflow/.local/lib/python3.7/site-packages/airflow/example_dags/example_skip_dag.py for tasks to queue
[2024-06-24T15:23:45.380+0000] {logging_mixin.py:149} INFO - [2024-06-24T15:23:45.380+0000] {dagbag.py:541} INFO - Filling up the DagBag from /home/airflow/.local/lib/python3.7/site-packages/airflow/example_dags/example_skip_dag.py
[2024-06-24T15:23:45.383+0000] {processor.py:809} INFO - DAG(s) dict_keys(['example_skip_dag']) retrieved from /home/airflow/.local/lib/python3.7/site-packages/airflow/example_dags/example_skip_dag.py
[2024-06-24T15:23:45.396+0000] {logging_mixin.py:149} INFO - [2024-06-24T15:23:45.396+0000] {dag.py:2726} INFO - Sync 1 DAGs
[2024-06-24T15:23:45.407+0000] {logging_mixin.py:149} INFO - [2024-06-24T15:23:45.407+0000] {dag.py:3490} INFO - Setting next_dagrun for example_skip_dag to 2024-06-23T15:23:45.407637+00:00, run_after=2024-06-24T15:23:45.407637+00:00
[2024-06-24T15:23:45.417+0000] {processor.py:178} INFO - Processing /home/airflow/.local/lib/python3.7/site-packages/airflow/example_dags/example_skip_dag.py took 0.041 seconds
[2024-06-24T15:24:16.016+0000] {processor.py:156} INFO - Started process (PID=2316) to work on /home/airflow/.local/lib/python3.7/site-packages/airflow/example_dags/example_skip_dag.py
[2024-06-24T15:24:16.016+0000] {processor.py:799} INFO - Processing file /home/airflow/.local/lib/python3.7/site-packages/airflow/example_dags/example_skip_dag.py for tasks to queue
[2024-06-24T15:24:16.017+0000] {logging_mixin.py:149} INFO - [2024-06-24T15:24:16.017+0000] {dagbag.py:541} INFO - Filling up the DagBag from /home/airflow/.local/lib/python3.7/site-packages/airflow/example_dags/example_skip_dag.py
[2024-06-24T15:24:16.019+0000] {processor.py:809} INFO - DAG(s) dict_keys(['example_skip_dag']) retrieved from /home/airflow/.local/lib/python3.7/site-packages/airflow/example_dags/example_skip_dag.py
[2024-06-24T15:24:16.030+0000] {logging_mixin.py:149} INFO - [2024-06-24T15:24:16.030+0000] {dag.py:2726} INFO - Sync 1 DAGs
[2024-06-24T15:24:16.040+0000] {logging_mixin.py:149} INFO - [2024-06-24T15:24:16.040+0000] {dag.py:3490} INFO - Setting next_dagrun for example_skip_dag to 2024-06-23T15:24:16.040044+00:00, run_after=2024-06-24T15:24:16.040044+00:00
[2024-06-24T15:24:16.047+0000] {processor.py:178} INFO - Processing /home/airflow/.local/lib/python3.7/site-packages/airflow/example_dags/example_skip_dag.py took 0.032 seconds
[2024-06-24T15:24:46.609+0000] {processor.py:156} INFO - Started process (PID=2384) to work on /home/airflow/.local/lib/python3.7/site-packages/airflow/example_dags/example_skip_dag.py
[2024-06-24T15:24:46.609+0000] {processor.py:799} INFO - Processing file /home/airflow/.local/lib/python3.7/site-packages/airflow/example_dags/example_skip_dag.py for tasks to queue
[2024-06-24T15:24:46.610+0000] {logging_mixin.py:149} INFO - [2024-06-24T15:24:46.610+0000] {dagbag.py:541} INFO - Filling up the DagBag from /home/airflow/.local/lib/python3.7/site-packages/airflow/example_dags/example_skip_dag.py
[2024-06-24T15:24:46.613+0000] {processor.py:809} INFO - DAG(s) dict_keys(['example_skip_dag']) retrieved from /home/airflow/.local/lib/python3.7/site-packages/airflow/example_dags/example_skip_dag.py
[2024-06-24T15:24:46.624+0000] {logging_mixin.py:149} INFO - [2024-06-24T15:24:46.624+0000] {dag.py:2726} INFO - Sync 1 DAGs
[2024-06-24T15:24:46.634+0000] {logging_mixin.py:149} INFO - [2024-06-24T15:24:46.634+0000] {dag.py:3490} INFO - Setting next_dagrun for example_skip_dag to 2024-06-23T15:24:46.634272+00:00, run_after=2024-06-24T15:24:46.634272+00:00
[2024-06-24T15:24:46.641+0000] {processor.py:178} INFO - Processing /home/airflow/.local/lib/python3.7/site-packages/airflow/example_dags/example_skip_dag.py took 0.033 seconds
[2024-06-24T15:25:17.227+0000] {processor.py:156} INFO - Started process (PID=2452) to work on /home/airflow/.local/lib/python3.7/site-packages/airflow/example_dags/example_skip_dag.py
[2024-06-24T15:25:17.227+0000] {processor.py:799} INFO - Processing file /home/airflow/.local/lib/python3.7/site-packages/airflow/example_dags/example_skip_dag.py for tasks to queue
[2024-06-24T15:25:17.227+0000] {logging_mixin.py:149} INFO - [2024-06-24T15:25:17.227+0000] {dagbag.py:541} INFO - Filling up the DagBag from /home/airflow/.local/lib/python3.7/site-packages/airflow/example_dags/example_skip_dag.py
[2024-06-24T15:25:17.230+0000] {processor.py:809} INFO - DAG(s) dict_keys(['example_skip_dag']) retrieved from /home/airflow/.local/lib/python3.7/site-packages/airflow/example_dags/example_skip_dag.py
[2024-06-24T15:25:17.242+0000] {logging_mixin.py:149} INFO - [2024-06-24T15:25:17.242+0000] {dag.py:2726} INFO - Sync 1 DAGs
[2024-06-24T15:25:17.253+0000] {logging_mixin.py:149} INFO - [2024-06-24T15:25:17.253+0000] {dag.py:3490} INFO - Setting next_dagrun for example_skip_dag to 2024-06-23T15:25:17.253009+00:00, run_after=2024-06-24T15:25:17.253009+00:00
[2024-06-24T15:25:17.260+0000] {processor.py:178} INFO - Processing /home/airflow/.local/lib/python3.7/site-packages/airflow/example_dags/example_skip_dag.py took 0.035 seconds
[2024-06-24T15:25:47.763+0000] {processor.py:156} INFO - Started process (PID=2521) to work on /home/airflow/.local/lib/python3.7/site-packages/airflow/example_dags/example_skip_dag.py
[2024-06-24T15:25:47.763+0000] {processor.py:799} INFO - Processing file /home/airflow/.local/lib/python3.7/site-packages/airflow/example_dags/example_skip_dag.py for tasks to queue
[2024-06-24T15:25:47.763+0000] {logging_mixin.py:149} INFO - [2024-06-24T15:25:47.763+0000] {dagbag.py:541} INFO - Filling up the DagBag from /home/airflow/.local/lib/python3.7/site-packages/airflow/example_dags/example_skip_dag.py
[2024-06-24T15:25:47.766+0000] {processor.py:809} INFO - DAG(s) dict_keys(['example_skip_dag']) retrieved from /home/airflow/.local/lib/python3.7/site-packages/airflow/example_dags/example_skip_dag.py
[2024-06-24T15:25:47.778+0000] {logging_mixin.py:149} INFO - [2024-06-24T15:25:47.777+0000] {dag.py:2726} INFO - Sync 1 DAGs
[2024-06-24T15:25:47.789+0000] {logging_mixin.py:149} INFO - [2024-06-24T15:25:47.789+0000] {dag.py:3490} INFO - Setting next_dagrun for example_skip_dag to 2024-06-23T15:25:47.789303+00:00, run_after=2024-06-24T15:25:47.789303+00:00
[2024-06-24T15:25:47.797+0000] {processor.py:178} INFO - Processing /home/airflow/.local/lib/python3.7/site-packages/airflow/example_dags/example_skip_dag.py took 0.036 seconds
[2024-06-24T15:26:18.346+0000] {processor.py:156} INFO - Started process (PID=2590) to work on /home/airflow/.local/lib/python3.7/site-packages/airflow/example_dags/example_skip_dag.py
[2024-06-24T15:26:18.347+0000] {processor.py:799} INFO - Processing file /home/airflow/.local/lib/python3.7/site-packages/airflow/example_dags/example_skip_dag.py for tasks to queue
[2024-06-24T15:26:18.347+0000] {logging_mixin.py:149} INFO - [2024-06-24T15:26:18.347+0000] {dagbag.py:541} INFO - Filling up the DagBag from /home/airflow/.local/lib/python3.7/site-packages/airflow/example_dags/example_skip_dag.py
[2024-06-24T15:26:18.352+0000] {processor.py:809} INFO - DAG(s) dict_keys(['example_skip_dag']) retrieved from /home/airflow/.local/lib/python3.7/site-packages/airflow/example_dags/example_skip_dag.py
[2024-06-24T15:26:18.366+0000] {logging_mixin.py:149} INFO - [2024-06-24T15:26:18.366+0000] {dag.py:2726} INFO - Sync 1 DAGs
[2024-06-24T15:26:18.378+0000] {logging_mixin.py:149} INFO - [2024-06-24T15:26:18.378+0000] {dag.py:3490} INFO - Setting next_dagrun for example_skip_dag to 2024-06-23T15:26:18.378587+00:00, run_after=2024-06-24T15:26:18.378587+00:00
[2024-06-24T15:26:18.386+0000] {processor.py:178} INFO - Processing /home/airflow/.local/lib/python3.7/site-packages/airflow/example_dags/example_skip_dag.py took 0.043 seconds
[2024-06-24T15:26:49.139+0000] {processor.py:156} INFO - Started process (PID=2659) to work on /home/airflow/.local/lib/python3.7/site-packages/airflow/example_dags/example_skip_dag.py
[2024-06-24T15:26:49.140+0000] {processor.py:799} INFO - Processing file /home/airflow/.local/lib/python3.7/site-packages/airflow/example_dags/example_skip_dag.py for tasks to queue
[2024-06-24T15:26:49.140+0000] {logging_mixin.py:149} INFO - [2024-06-24T15:26:49.140+0000] {dagbag.py:541} INFO - Filling up the DagBag from /home/airflow/.local/lib/python3.7/site-packages/airflow/example_dags/example_skip_dag.py
[2024-06-24T15:26:49.143+0000] {processor.py:809} INFO - DAG(s) dict_keys(['example_skip_dag']) retrieved from /home/airflow/.local/lib/python3.7/site-packages/airflow/example_dags/example_skip_dag.py
[2024-06-24T15:26:49.155+0000] {logging_mixin.py:149} INFO - [2024-06-24T15:26:49.155+0000] {dag.py:2726} INFO - Sync 1 DAGs
[2024-06-24T15:26:49.167+0000] {logging_mixin.py:149} INFO - [2024-06-24T15:26:49.166+0000] {dag.py:3490} INFO - Setting next_dagrun for example_skip_dag to 2024-06-23T15:26:49.166797+00:00, run_after=2024-06-24T15:26:49.166797+00:00
[2024-06-24T15:26:49.175+0000] {processor.py:178} INFO - Processing /home/airflow/.local/lib/python3.7/site-packages/airflow/example_dags/example_skip_dag.py took 0.037 seconds
[2024-06-24T15:27:20.028+0000] {processor.py:156} INFO - Started process (PID=2728) to work on /home/airflow/.local/lib/python3.7/site-packages/airflow/example_dags/example_skip_dag.py
[2024-06-24T15:27:20.028+0000] {processor.py:799} INFO - Processing file /home/airflow/.local/lib/python3.7/site-packages/airflow/example_dags/example_skip_dag.py for tasks to queue
[2024-06-24T15:27:20.029+0000] {logging_mixin.py:149} INFO - [2024-06-24T15:27:20.029+0000] {dagbag.py:541} INFO - Filling up the DagBag from /home/airflow/.local/lib/python3.7/site-packages/airflow/example_dags/example_skip_dag.py
[2024-06-24T15:27:20.032+0000] {processor.py:809} INFO - DAG(s) dict_keys(['example_skip_dag']) retrieved from /home/airflow/.local/lib/python3.7/site-packages/airflow/example_dags/example_skip_dag.py
[2024-06-24T15:27:20.045+0000] {logging_mixin.py:149} INFO - [2024-06-24T15:27:20.045+0000] {dag.py:2726} INFO - Sync 1 DAGs
[2024-06-24T15:27:20.059+0000] {logging_mixin.py:149} INFO - [2024-06-24T15:27:20.059+0000] {dag.py:3490} INFO - Setting next_dagrun for example_skip_dag to 2024-06-23T15:27:20.058859+00:00, run_after=2024-06-24T15:27:20.058859+00:00
[2024-06-24T15:27:20.068+0000] {processor.py:178} INFO - Processing /home/airflow/.local/lib/python3.7/site-packages/airflow/example_dags/example_skip_dag.py took 0.042 seconds
[2024-06-24T15:27:50.843+0000] {processor.py:156} INFO - Started process (PID=2797) to work on /home/airflow/.local/lib/python3.7/site-packages/airflow/example_dags/example_skip_dag.py
[2024-06-24T15:27:50.843+0000] {processor.py:799} INFO - Processing file /home/airflow/.local/lib/python3.7/site-packages/airflow/example_dags/example_skip_dag.py for tasks to queue
[2024-06-24T15:27:50.843+0000] {logging_mixin.py:149} INFO - [2024-06-24T15:27:50.843+0000] {dagbag.py:541} INFO - Filling up the DagBag from /home/airflow/.local/lib/python3.7/site-packages/airflow/example_dags/example_skip_dag.py
[2024-06-24T15:27:50.847+0000] {processor.py:809} INFO - DAG(s) dict_keys(['example_skip_dag']) retrieved from /home/airflow/.local/lib/python3.7/site-packages/airflow/example_dags/example_skip_dag.py
[2024-06-24T15:27:50.861+0000] {logging_mixin.py:149} INFO - [2024-06-24T15:27:50.861+0000] {dag.py:2726} INFO - Sync 1 DAGs
[2024-06-24T15:27:50.872+0000] {logging_mixin.py:149} INFO - [2024-06-24T15:27:50.872+0000] {dag.py:3490} INFO - Setting next_dagrun for example_skip_dag to 2024-06-23T15:27:50.872353+00:00, run_after=2024-06-24T15:27:50.872353+00:00
[2024-06-24T15:27:50.880+0000] {processor.py:178} INFO - Processing /home/airflow/.local/lib/python3.7/site-packages/airflow/example_dags/example_skip_dag.py took 0.039 seconds
[2024-06-24T15:28:21.714+0000] {processor.py:156} INFO - Started process (PID=2866) to work on /home/airflow/.local/lib/python3.7/site-packages/airflow/example_dags/example_skip_dag.py
[2024-06-24T15:28:21.714+0000] {processor.py:799} INFO - Processing file /home/airflow/.local/lib/python3.7/site-packages/airflow/example_dags/example_skip_dag.py for tasks to queue
[2024-06-24T15:28:21.715+0000] {logging_mixin.py:149} INFO - [2024-06-24T15:28:21.715+0000] {dagbag.py:541} INFO - Filling up the DagBag from /home/airflow/.local/lib/python3.7/site-packages/airflow/example_dags/example_skip_dag.py
[2024-06-24T15:28:21.718+0000] {processor.py:809} INFO - DAG(s) dict_keys(['example_skip_dag']) retrieved from /home/airflow/.local/lib/python3.7/site-packages/airflow/example_dags/example_skip_dag.py
[2024-06-24T15:28:21.731+0000] {logging_mixin.py:149} INFO - [2024-06-24T15:28:21.731+0000] {dag.py:2726} INFO - Sync 1 DAGs
[2024-06-24T15:28:21.743+0000] {logging_mixin.py:149} INFO - [2024-06-24T15:28:21.743+0000] {dag.py:3490} INFO - Setting next_dagrun for example_skip_dag to 2024-06-23T15:28:21.743672+00:00, run_after=2024-06-24T15:28:21.743672+00:00
[2024-06-24T15:28:21.752+0000] {processor.py:178} INFO - Processing /home/airflow/.local/lib/python3.7/site-packages/airflow/example_dags/example_skip_dag.py took 0.040 seconds
[2024-06-24T15:28:52.573+0000] {processor.py:156} INFO - Started process (PID=2935) to work on /home/airflow/.local/lib/python3.7/site-packages/airflow/example_dags/example_skip_dag.py
[2024-06-24T15:28:52.574+0000] {processor.py:799} INFO - Processing file /home/airflow/.local/lib/python3.7/site-packages/airflow/example_dags/example_skip_dag.py for tasks to queue
[2024-06-24T15:28:52.574+0000] {logging_mixin.py:149} INFO - [2024-06-24T15:28:52.574+0000] {dagbag.py:541} INFO - Filling up the DagBag from /home/airflow/.local/lib/python3.7/site-packages/airflow/example_dags/example_skip_dag.py
[2024-06-24T15:28:52.577+0000] {processor.py:809} INFO - DAG(s) dict_keys(['example_skip_dag']) retrieved from /home/airflow/.local/lib/python3.7/site-packages/airflow/example_dags/example_skip_dag.py
[2024-06-24T15:28:52.588+0000] {logging_mixin.py:149} INFO - [2024-06-24T15:28:52.588+0000] {dag.py:2726} INFO - Sync 1 DAGs
[2024-06-24T15:28:52.598+0000] {logging_mixin.py:149} INFO - [2024-06-24T15:28:52.598+0000] {dag.py:3490} INFO - Setting next_dagrun for example_skip_dag to 2024-06-23T15:28:52.598600+00:00, run_after=2024-06-24T15:28:52.598600+00:00
[2024-06-24T15:28:52.606+0000] {processor.py:178} INFO - Processing /home/airflow/.local/lib/python3.7/site-packages/airflow/example_dags/example_skip_dag.py took 0.034 seconds
[2024-06-24T15:29:23.232+0000] {processor.py:156} INFO - Started process (PID=3003) to work on /home/airflow/.local/lib/python3.7/site-packages/airflow/example_dags/example_skip_dag.py
[2024-06-24T15:29:23.232+0000] {processor.py:799} INFO - Processing file /home/airflow/.local/lib/python3.7/site-packages/airflow/example_dags/example_skip_dag.py for tasks to queue
[2024-06-24T15:29:23.232+0000] {logging_mixin.py:149} INFO - [2024-06-24T15:29:23.232+0000] {dagbag.py:541} INFO - Filling up the DagBag from /home/airflow/.local/lib/python3.7/site-packages/airflow/example_dags/example_skip_dag.py
[2024-06-24T15:29:23.236+0000] {processor.py:809} INFO - DAG(s) dict_keys(['example_skip_dag']) retrieved from /home/airflow/.local/lib/python3.7/site-packages/airflow/example_dags/example_skip_dag.py
[2024-06-24T15:29:23.251+0000] {logging_mixin.py:149} INFO - [2024-06-24T15:29:23.251+0000] {dag.py:2726} INFO - Sync 1 DAGs
[2024-06-24T15:29:23.266+0000] {logging_mixin.py:149} INFO - [2024-06-24T15:29:23.266+0000] {dag.py:3490} INFO - Setting next_dagrun for example_skip_dag to 2024-06-23T15:29:23.266022+00:00, run_after=2024-06-24T15:29:23.266022+00:00
[2024-06-24T15:29:23.276+0000] {processor.py:178} INFO - Processing /home/airflow/.local/lib/python3.7/site-packages/airflow/example_dags/example_skip_dag.py took 0.045 seconds
[2024-06-24T15:29:53.924+0000] {processor.py:156} INFO - Started process (PID=3072) to work on /home/airflow/.local/lib/python3.7/site-packages/airflow/example_dags/example_skip_dag.py
[2024-06-24T15:29:53.925+0000] {processor.py:799} INFO - Processing file /home/airflow/.local/lib/python3.7/site-packages/airflow/example_dags/example_skip_dag.py for tasks to queue
[2024-06-24T15:29:53.925+0000] {logging_mixin.py:149} INFO - [2024-06-24T15:29:53.925+0000] {dagbag.py:541} INFO - Filling up the DagBag from /home/airflow/.local/lib/python3.7/site-packages/airflow/example_dags/example_skip_dag.py
[2024-06-24T15:29:53.928+0000] {processor.py:809} INFO - DAG(s) dict_keys(['example_skip_dag']) retrieved from /home/airflow/.local/lib/python3.7/site-packages/airflow/example_dags/example_skip_dag.py
[2024-06-24T15:29:53.940+0000] {logging_mixin.py:149} INFO - [2024-06-24T15:29:53.939+0000] {dag.py:2726} INFO - Sync 1 DAGs
[2024-06-24T15:29:53.950+0000] {logging_mixin.py:149} INFO - [2024-06-24T15:29:53.950+0000] {dag.py:3490} INFO - Setting next_dagrun for example_skip_dag to 2024-06-23T15:29:53.950585+00:00, run_after=2024-06-24T15:29:53.950585+00:00
[2024-06-24T15:29:53.958+0000] {processor.py:178} INFO - Processing /home/airflow/.local/lib/python3.7/site-packages/airflow/example_dags/example_skip_dag.py took 0.035 seconds
[2024-06-24T15:30:24.594+0000] {processor.py:156} INFO - Started process (PID=3140) to work on /home/airflow/.local/lib/python3.7/site-packages/airflow/example_dags/example_skip_dag.py
[2024-06-24T15:30:24.595+0000] {processor.py:799} INFO - Processing file /home/airflow/.local/lib/python3.7/site-packages/airflow/example_dags/example_skip_dag.py for tasks to queue
[2024-06-24T15:30:24.595+0000] {logging_mixin.py:149} INFO - [2024-06-24T15:30:24.595+0000] {dagbag.py:541} INFO - Filling up the DagBag from /home/airflow/.local/lib/python3.7/site-packages/airflow/example_dags/example_skip_dag.py
[2024-06-24T15:30:24.598+0000] {processor.py:809} INFO - DAG(s) dict_keys(['example_skip_dag']) retrieved from /home/airflow/.local/lib/python3.7/site-packages/airflow/example_dags/example_skip_dag.py
[2024-06-24T15:30:24.613+0000] {logging_mixin.py:149} INFO - [2024-06-24T15:30:24.612+0000] {dag.py:2726} INFO - Sync 1 DAGs
[2024-06-24T15:30:24.625+0000] {logging_mixin.py:149} INFO - [2024-06-24T15:30:24.625+0000] {dag.py:3490} INFO - Setting next_dagrun for example_skip_dag to 2024-06-23T15:30:24.625441+00:00, run_after=2024-06-24T15:30:24.625441+00:00
[2024-06-24T15:30:24.635+0000] {processor.py:178} INFO - Processing /home/airflow/.local/lib/python3.7/site-packages/airflow/example_dags/example_skip_dag.py took 0.043 seconds
