[2024-06-24T15:03:51.078+0000] {processor.py:156} INFO - Started process (PID=75) to work on /home/airflow/.local/lib/python3.7/site-packages/airflow/example_dags/example_sensor_decorator.py
[2024-06-24T15:03:51.078+0000] {processor.py:799} INFO - Processing file /home/airflow/.local/lib/python3.7/site-packages/airflow/example_dags/example_sensor_decorator.py for tasks to queue
[2024-06-24T15:03:51.078+0000] {logging_mixin.py:149} INFO - [2024-06-24T15:03:51.078+0000] {dagbag.py:541} INFO - Filling up the DagBag from /home/airflow/.local/lib/python3.7/site-packages/airflow/example_dags/example_sensor_decorator.py
[2024-06-24T15:03:51.083+0000] {processor.py:809} INFO - DAG(s) dict_keys(['example_sensor_decorator']) retrieved from /home/airflow/.local/lib/python3.7/site-packages/airflow/example_dags/example_sensor_decorator.py
[2024-06-24T15:03:51.136+0000] {logging_mixin.py:149} INFO - [2024-06-24T15:03:51.136+0000] {manager.py:504} INFO - Created Permission View: can delete on DAG:example_sensor_decorator
[2024-06-24T15:03:51.139+0000] {logging_mixin.py:149} INFO - [2024-06-24T15:03:51.139+0000] {manager.py:504} INFO - Created Permission View: can edit on DAG:example_sensor_decorator
[2024-06-24T15:03:51.142+0000] {logging_mixin.py:149} INFO - [2024-06-24T15:03:51.142+0000] {manager.py:504} INFO - Created Permission View: can read on DAG:example_sensor_decorator
[2024-06-24T15:03:51.142+0000] {logging_mixin.py:149} INFO - [2024-06-24T15:03:51.142+0000] {dag.py:2726} INFO - Sync 1 DAGs
[2024-06-24T15:03:51.148+0000] {logging_mixin.py:149} INFO - [2024-06-24T15:03:51.148+0000] {dag.py:2747} INFO - Creating ORM DAG for example_sensor_decorator
[2024-06-24T15:03:51.154+0000] {logging_mixin.py:149} INFO - [2024-06-24T15:03:51.154+0000] {dag.py:3490} INFO - Setting next_dagrun for example_sensor_decorator to None, run_after=None
[2024-06-24T15:03:51.164+0000] {processor.py:178} INFO - Processing /home/airflow/.local/lib/python3.7/site-packages/airflow/example_dags/example_sensor_decorator.py took 0.088 seconds
[2024-06-24T15:04:21.379+0000] {processor.py:156} INFO - Started process (PID=144) to work on /home/airflow/.local/lib/python3.7/site-packages/airflow/example_dags/example_sensor_decorator.py
[2024-06-24T15:04:21.379+0000] {processor.py:799} INFO - Processing file /home/airflow/.local/lib/python3.7/site-packages/airflow/example_dags/example_sensor_decorator.py for tasks to queue
[2024-06-24T15:04:21.379+0000] {logging_mixin.py:149} INFO - [2024-06-24T15:04:21.379+0000] {dagbag.py:541} INFO - Filling up the DagBag from /home/airflow/.local/lib/python3.7/site-packages/airflow/example_dags/example_sensor_decorator.py
[2024-06-24T15:04:21.382+0000] {processor.py:809} INFO - DAG(s) dict_keys(['example_sensor_decorator']) retrieved from /home/airflow/.local/lib/python3.7/site-packages/airflow/example_dags/example_sensor_decorator.py
[2024-06-24T15:04:21.394+0000] {logging_mixin.py:149} INFO - [2024-06-24T15:04:21.394+0000] {dag.py:2726} INFO - Sync 1 DAGs
[2024-06-24T15:04:21.405+0000] {logging_mixin.py:149} INFO - [2024-06-24T15:04:21.405+0000] {dag.py:3490} INFO - Setting next_dagrun for example_sensor_decorator to None, run_after=None
[2024-06-24T15:04:21.413+0000] {processor.py:178} INFO - Processing /home/airflow/.local/lib/python3.7/site-packages/airflow/example_dags/example_sensor_decorator.py took 0.035 seconds
[2024-06-24T15:04:51.979+0000] {processor.py:156} INFO - Started process (PID=212) to work on /home/airflow/.local/lib/python3.7/site-packages/airflow/example_dags/example_sensor_decorator.py
[2024-06-24T15:04:51.979+0000] {processor.py:799} INFO - Processing file /home/airflow/.local/lib/python3.7/site-packages/airflow/example_dags/example_sensor_decorator.py for tasks to queue
[2024-06-24T15:04:51.979+0000] {logging_mixin.py:149} INFO - [2024-06-24T15:04:51.979+0000] {dagbag.py:541} INFO - Filling up the DagBag from /home/airflow/.local/lib/python3.7/site-packages/airflow/example_dags/example_sensor_decorator.py
[2024-06-24T15:04:51.981+0000] {processor.py:809} INFO - DAG(s) dict_keys(['example_sensor_decorator']) retrieved from /home/airflow/.local/lib/python3.7/site-packages/airflow/example_dags/example_sensor_decorator.py
[2024-06-24T15:04:51.991+0000] {logging_mixin.py:149} INFO - [2024-06-24T15:04:51.991+0000] {dag.py:2726} INFO - Sync 1 DAGs
[2024-06-24T15:04:52.001+0000] {logging_mixin.py:149} INFO - [2024-06-24T15:04:52.001+0000] {dag.py:3490} INFO - Setting next_dagrun for example_sensor_decorator to None, run_after=None
[2024-06-24T15:04:52.009+0000] {processor.py:178} INFO - Processing /home/airflow/.local/lib/python3.7/site-packages/airflow/example_dags/example_sensor_decorator.py took 0.031 seconds
[2024-06-24T15:05:22.576+0000] {processor.py:156} INFO - Started process (PID=281) to work on /home/airflow/.local/lib/python3.7/site-packages/airflow/example_dags/example_sensor_decorator.py
[2024-06-24T15:05:22.577+0000] {processor.py:799} INFO - Processing file /home/airflow/.local/lib/python3.7/site-packages/airflow/example_dags/example_sensor_decorator.py for tasks to queue
[2024-06-24T15:05:22.577+0000] {logging_mixin.py:149} INFO - [2024-06-24T15:05:22.577+0000] {dagbag.py:541} INFO - Filling up the DagBag from /home/airflow/.local/lib/python3.7/site-packages/airflow/example_dags/example_sensor_decorator.py
[2024-06-24T15:05:22.579+0000] {processor.py:809} INFO - DAG(s) dict_keys(['example_sensor_decorator']) retrieved from /home/airflow/.local/lib/python3.7/site-packages/airflow/example_dags/example_sensor_decorator.py
[2024-06-24T15:05:22.588+0000] {logging_mixin.py:149} INFO - [2024-06-24T15:05:22.588+0000] {dag.py:2726} INFO - Sync 1 DAGs
[2024-06-24T15:05:22.597+0000] {logging_mixin.py:149} INFO - [2024-06-24T15:05:22.597+0000] {dag.py:3490} INFO - Setting next_dagrun for example_sensor_decorator to None, run_after=None
[2024-06-24T15:05:22.603+0000] {processor.py:178} INFO - Processing /home/airflow/.local/lib/python3.7/site-packages/airflow/example_dags/example_sensor_decorator.py took 0.028 seconds
[2024-06-24T15:05:53.146+0000] {processor.py:156} INFO - Started process (PID=350) to work on /home/airflow/.local/lib/python3.7/site-packages/airflow/example_dags/example_sensor_decorator.py
[2024-06-24T15:05:53.146+0000] {processor.py:799} INFO - Processing file /home/airflow/.local/lib/python3.7/site-packages/airflow/example_dags/example_sensor_decorator.py for tasks to queue
[2024-06-24T15:05:53.146+0000] {logging_mixin.py:149} INFO - [2024-06-24T15:05:53.146+0000] {dagbag.py:541} INFO - Filling up the DagBag from /home/airflow/.local/lib/python3.7/site-packages/airflow/example_dags/example_sensor_decorator.py
[2024-06-24T15:05:53.149+0000] {processor.py:809} INFO - DAG(s) dict_keys(['example_sensor_decorator']) retrieved from /home/airflow/.local/lib/python3.7/site-packages/airflow/example_dags/example_sensor_decorator.py
[2024-06-24T15:05:53.158+0000] {logging_mixin.py:149} INFO - [2024-06-24T15:05:53.158+0000] {dag.py:2726} INFO - Sync 1 DAGs
[2024-06-24T15:05:53.169+0000] {logging_mixin.py:149} INFO - [2024-06-24T15:05:53.169+0000] {dag.py:3490} INFO - Setting next_dagrun for example_sensor_decorator to None, run_after=None
[2024-06-24T15:05:53.175+0000] {processor.py:178} INFO - Processing /home/airflow/.local/lib/python3.7/site-packages/airflow/example_dags/example_sensor_decorator.py took 0.031 seconds
[2024-06-24T15:06:23.804+0000] {processor.py:156} INFO - Started process (PID=418) to work on /home/airflow/.local/lib/python3.7/site-packages/airflow/example_dags/example_sensor_decorator.py
[2024-06-24T15:06:23.805+0000] {processor.py:799} INFO - Processing file /home/airflow/.local/lib/python3.7/site-packages/airflow/example_dags/example_sensor_decorator.py for tasks to queue
[2024-06-24T15:06:23.805+0000] {logging_mixin.py:149} INFO - [2024-06-24T15:06:23.805+0000] {dagbag.py:541} INFO - Filling up the DagBag from /home/airflow/.local/lib/python3.7/site-packages/airflow/example_dags/example_sensor_decorator.py
[2024-06-24T15:06:23.807+0000] {processor.py:809} INFO - DAG(s) dict_keys(['example_sensor_decorator']) retrieved from /home/airflow/.local/lib/python3.7/site-packages/airflow/example_dags/example_sensor_decorator.py
[2024-06-24T15:06:23.817+0000] {logging_mixin.py:149} INFO - [2024-06-24T15:06:23.817+0000] {dag.py:2726} INFO - Sync 1 DAGs
[2024-06-24T15:06:23.827+0000] {logging_mixin.py:149} INFO - [2024-06-24T15:06:23.827+0000] {dag.py:3490} INFO - Setting next_dagrun for example_sensor_decorator to None, run_after=None
[2024-06-24T15:06:23.834+0000] {processor.py:178} INFO - Processing /home/airflow/.local/lib/python3.7/site-packages/airflow/example_dags/example_sensor_decorator.py took 0.030 seconds
[2024-06-24T15:06:54.465+0000] {processor.py:156} INFO - Started process (PID=487) to work on /home/airflow/.local/lib/python3.7/site-packages/airflow/example_dags/example_sensor_decorator.py
[2024-06-24T15:06:54.465+0000] {processor.py:799} INFO - Processing file /home/airflow/.local/lib/python3.7/site-packages/airflow/example_dags/example_sensor_decorator.py for tasks to queue
[2024-06-24T15:06:54.466+0000] {logging_mixin.py:149} INFO - [2024-06-24T15:06:54.466+0000] {dagbag.py:541} INFO - Filling up the DagBag from /home/airflow/.local/lib/python3.7/site-packages/airflow/example_dags/example_sensor_decorator.py
[2024-06-24T15:06:54.468+0000] {processor.py:809} INFO - DAG(s) dict_keys(['example_sensor_decorator']) retrieved from /home/airflow/.local/lib/python3.7/site-packages/airflow/example_dags/example_sensor_decorator.py
[2024-06-24T15:06:54.477+0000] {logging_mixin.py:149} INFO - [2024-06-24T15:06:54.477+0000] {dag.py:2726} INFO - Sync 1 DAGs
[2024-06-24T15:06:54.487+0000] {logging_mixin.py:149} INFO - [2024-06-24T15:06:54.486+0000] {dag.py:3490} INFO - Setting next_dagrun for example_sensor_decorator to None, run_after=None
[2024-06-24T15:06:54.493+0000] {processor.py:178} INFO - Processing /home/airflow/.local/lib/python3.7/site-packages/airflow/example_dags/example_sensor_decorator.py took 0.029 seconds
[2024-06-24T15:07:54.012+0000] {processor.py:156} INFO - Started process (PID=75) to work on /home/airflow/.local/lib/python3.7/site-packages/airflow/example_dags/example_sensor_decorator.py
[2024-06-24T15:07:54.013+0000] {processor.py:799} INFO - Processing file /home/airflow/.local/lib/python3.7/site-packages/airflow/example_dags/example_sensor_decorator.py for tasks to queue
[2024-06-24T15:07:54.013+0000] {logging_mixin.py:149} INFO - [2024-06-24T15:07:54.013+0000] {dagbag.py:541} INFO - Filling up the DagBag from /home/airflow/.local/lib/python3.7/site-packages/airflow/example_dags/example_sensor_decorator.py
[2024-06-24T15:07:54.018+0000] {processor.py:809} INFO - DAG(s) dict_keys(['example_sensor_decorator']) retrieved from /home/airflow/.local/lib/python3.7/site-packages/airflow/example_dags/example_sensor_decorator.py
[2024-06-24T15:07:54.025+0000] {logging_mixin.py:149} INFO - [2024-06-24T15:07:54.025+0000] {dag.py:2726} INFO - Sync 1 DAGs
[2024-06-24T15:07:54.040+0000] {logging_mixin.py:149} INFO - [2024-06-24T15:07:54.040+0000] {dag.py:3490} INFO - Setting next_dagrun for example_sensor_decorator to None, run_after=None
[2024-06-24T15:07:54.054+0000] {processor.py:178} INFO - Processing /home/airflow/.local/lib/python3.7/site-packages/airflow/example_dags/example_sensor_decorator.py took 0.043 seconds
[2024-06-24T15:08:24.400+0000] {processor.py:156} INFO - Started process (PID=148) to work on /home/airflow/.local/lib/python3.7/site-packages/airflow/example_dags/example_sensor_decorator.py
[2024-06-24T15:08:24.400+0000] {processor.py:799} INFO - Processing file /home/airflow/.local/lib/python3.7/site-packages/airflow/example_dags/example_sensor_decorator.py for tasks to queue
[2024-06-24T15:08:24.400+0000] {logging_mixin.py:149} INFO - [2024-06-24T15:08:24.400+0000] {dagbag.py:541} INFO - Filling up the DagBag from /home/airflow/.local/lib/python3.7/site-packages/airflow/example_dags/example_sensor_decorator.py
[2024-06-24T15:08:24.402+0000] {processor.py:809} INFO - DAG(s) dict_keys(['example_sensor_decorator']) retrieved from /home/airflow/.local/lib/python3.7/site-packages/airflow/example_dags/example_sensor_decorator.py
[2024-06-24T15:08:24.412+0000] {logging_mixin.py:149} INFO - [2024-06-24T15:08:24.412+0000] {dag.py:2726} INFO - Sync 1 DAGs
[2024-06-24T15:08:24.422+0000] {logging_mixin.py:149} INFO - [2024-06-24T15:08:24.422+0000] {dag.py:3490} INFO - Setting next_dagrun for example_sensor_decorator to None, run_after=None
[2024-06-24T15:08:24.429+0000] {processor.py:178} INFO - Processing /home/airflow/.local/lib/python3.7/site-packages/airflow/example_dags/example_sensor_decorator.py took 0.030 seconds
[2024-06-24T15:08:54.973+0000] {processor.py:156} INFO - Started process (PID=217) to work on /home/airflow/.local/lib/python3.7/site-packages/airflow/example_dags/example_sensor_decorator.py
[2024-06-24T15:08:54.973+0000] {processor.py:799} INFO - Processing file /home/airflow/.local/lib/python3.7/site-packages/airflow/example_dags/example_sensor_decorator.py for tasks to queue
[2024-06-24T15:08:54.973+0000] {logging_mixin.py:149} INFO - [2024-06-24T15:08:54.973+0000] {dagbag.py:541} INFO - Filling up the DagBag from /home/airflow/.local/lib/python3.7/site-packages/airflow/example_dags/example_sensor_decorator.py
[2024-06-24T15:08:54.977+0000] {processor.py:809} INFO - DAG(s) dict_keys(['example_sensor_decorator']) retrieved from /home/airflow/.local/lib/python3.7/site-packages/airflow/example_dags/example_sensor_decorator.py
[2024-06-24T15:08:54.987+0000] {logging_mixin.py:149} INFO - [2024-06-24T15:08:54.987+0000] {dag.py:2726} INFO - Sync 1 DAGs
[2024-06-24T15:08:54.997+0000] {logging_mixin.py:149} INFO - [2024-06-24T15:08:54.997+0000] {dag.py:3490} INFO - Setting next_dagrun for example_sensor_decorator to None, run_after=None
[2024-06-24T15:08:55.004+0000] {processor.py:178} INFO - Processing /home/airflow/.local/lib/python3.7/site-packages/airflow/example_dags/example_sensor_decorator.py took 0.033 seconds
[2024-06-24T15:09:25.686+0000] {processor.py:156} INFO - Started process (PID=286) to work on /home/airflow/.local/lib/python3.7/site-packages/airflow/example_dags/example_sensor_decorator.py
[2024-06-24T15:09:25.686+0000] {processor.py:799} INFO - Processing file /home/airflow/.local/lib/python3.7/site-packages/airflow/example_dags/example_sensor_decorator.py for tasks to queue
[2024-06-24T15:09:25.687+0000] {logging_mixin.py:149} INFO - [2024-06-24T15:09:25.687+0000] {dagbag.py:541} INFO - Filling up the DagBag from /home/airflow/.local/lib/python3.7/site-packages/airflow/example_dags/example_sensor_decorator.py
[2024-06-24T15:09:25.689+0000] {processor.py:809} INFO - DAG(s) dict_keys(['example_sensor_decorator']) retrieved from /home/airflow/.local/lib/python3.7/site-packages/airflow/example_dags/example_sensor_decorator.py
[2024-06-24T15:09:25.699+0000] {logging_mixin.py:149} INFO - [2024-06-24T15:09:25.699+0000] {dag.py:2726} INFO - Sync 1 DAGs
[2024-06-24T15:09:25.710+0000] {logging_mixin.py:149} INFO - [2024-06-24T15:09:25.710+0000] {dag.py:3490} INFO - Setting next_dagrun for example_sensor_decorator to None, run_after=None
[2024-06-24T15:09:25.717+0000] {processor.py:178} INFO - Processing /home/airflow/.local/lib/python3.7/site-packages/airflow/example_dags/example_sensor_decorator.py took 0.032 seconds
[2024-06-24T15:09:56.279+0000] {processor.py:156} INFO - Started process (PID=355) to work on /home/airflow/.local/lib/python3.7/site-packages/airflow/example_dags/example_sensor_decorator.py
[2024-06-24T15:09:56.280+0000] {processor.py:799} INFO - Processing file /home/airflow/.local/lib/python3.7/site-packages/airflow/example_dags/example_sensor_decorator.py for tasks to queue
[2024-06-24T15:09:56.280+0000] {logging_mixin.py:149} INFO - [2024-06-24T15:09:56.280+0000] {dagbag.py:541} INFO - Filling up the DagBag from /home/airflow/.local/lib/python3.7/site-packages/airflow/example_dags/example_sensor_decorator.py
[2024-06-24T15:09:56.282+0000] {processor.py:809} INFO - DAG(s) dict_keys(['example_sensor_decorator']) retrieved from /home/airflow/.local/lib/python3.7/site-packages/airflow/example_dags/example_sensor_decorator.py
[2024-06-24T15:09:56.292+0000] {logging_mixin.py:149} INFO - [2024-06-24T15:09:56.292+0000] {dag.py:2726} INFO - Sync 1 DAGs
[2024-06-24T15:09:56.304+0000] {logging_mixin.py:149} INFO - [2024-06-24T15:09:56.304+0000] {dag.py:3490} INFO - Setting next_dagrun for example_sensor_decorator to None, run_after=None
[2024-06-24T15:09:56.312+0000] {processor.py:178} INFO - Processing /home/airflow/.local/lib/python3.7/site-packages/airflow/example_dags/example_sensor_decorator.py took 0.034 seconds
[2024-06-24T15:10:26.959+0000] {processor.py:156} INFO - Started process (PID=424) to work on /home/airflow/.local/lib/python3.7/site-packages/airflow/example_dags/example_sensor_decorator.py
[2024-06-24T15:10:26.959+0000] {processor.py:799} INFO - Processing file /home/airflow/.local/lib/python3.7/site-packages/airflow/example_dags/example_sensor_decorator.py for tasks to queue
[2024-06-24T15:10:26.960+0000] {logging_mixin.py:149} INFO - [2024-06-24T15:10:26.959+0000] {dagbag.py:541} INFO - Filling up the DagBag from /home/airflow/.local/lib/python3.7/site-packages/airflow/example_dags/example_sensor_decorator.py
[2024-06-24T15:10:26.962+0000] {processor.py:809} INFO - DAG(s) dict_keys(['example_sensor_decorator']) retrieved from /home/airflow/.local/lib/python3.7/site-packages/airflow/example_dags/example_sensor_decorator.py
[2024-06-24T15:10:26.972+0000] {logging_mixin.py:149} INFO - [2024-06-24T15:10:26.972+0000] {dag.py:2726} INFO - Sync 1 DAGs
[2024-06-24T15:10:26.982+0000] {logging_mixin.py:149} INFO - [2024-06-24T15:10:26.982+0000] {dag.py:3490} INFO - Setting next_dagrun for example_sensor_decorator to None, run_after=None
[2024-06-24T15:10:26.992+0000] {processor.py:178} INFO - Processing /home/airflow/.local/lib/python3.7/site-packages/airflow/example_dags/example_sensor_decorator.py took 0.035 seconds
[2024-06-24T15:10:57.716+0000] {processor.py:156} INFO - Started process (PID=493) to work on /home/airflow/.local/lib/python3.7/site-packages/airflow/example_dags/example_sensor_decorator.py
[2024-06-24T15:10:57.717+0000] {processor.py:799} INFO - Processing file /home/airflow/.local/lib/python3.7/site-packages/airflow/example_dags/example_sensor_decorator.py for tasks to queue
[2024-06-24T15:10:57.717+0000] {logging_mixin.py:149} INFO - [2024-06-24T15:10:57.717+0000] {dagbag.py:541} INFO - Filling up the DagBag from /home/airflow/.local/lib/python3.7/site-packages/airflow/example_dags/example_sensor_decorator.py
[2024-06-24T15:10:57.720+0000] {processor.py:809} INFO - DAG(s) dict_keys(['example_sensor_decorator']) retrieved from /home/airflow/.local/lib/python3.7/site-packages/airflow/example_dags/example_sensor_decorator.py
[2024-06-24T15:10:57.730+0000] {logging_mixin.py:149} INFO - [2024-06-24T15:10:57.730+0000] {dag.py:2726} INFO - Sync 1 DAGs
[2024-06-24T15:10:57.741+0000] {logging_mixin.py:149} INFO - [2024-06-24T15:10:57.740+0000] {dag.py:3490} INFO - Setting next_dagrun for example_sensor_decorator to None, run_after=None
[2024-06-24T15:10:57.748+0000] {processor.py:178} INFO - Processing /home/airflow/.local/lib/python3.7/site-packages/airflow/example_dags/example_sensor_decorator.py took 0.033 seconds
[2024-06-24T15:11:28.426+0000] {processor.py:156} INFO - Started process (PID=562) to work on /home/airflow/.local/lib/python3.7/site-packages/airflow/example_dags/example_sensor_decorator.py
[2024-06-24T15:11:28.426+0000] {processor.py:799} INFO - Processing file /home/airflow/.local/lib/python3.7/site-packages/airflow/example_dags/example_sensor_decorator.py for tasks to queue
[2024-06-24T15:11:28.427+0000] {logging_mixin.py:149} INFO - [2024-06-24T15:11:28.427+0000] {dagbag.py:541} INFO - Filling up the DagBag from /home/airflow/.local/lib/python3.7/site-packages/airflow/example_dags/example_sensor_decorator.py
[2024-06-24T15:11:28.429+0000] {processor.py:809} INFO - DAG(s) dict_keys(['example_sensor_decorator']) retrieved from /home/airflow/.local/lib/python3.7/site-packages/airflow/example_dags/example_sensor_decorator.py
[2024-06-24T15:11:28.439+0000] {logging_mixin.py:149} INFO - [2024-06-24T15:11:28.439+0000] {dag.py:2726} INFO - Sync 1 DAGs
[2024-06-24T15:11:28.450+0000] {logging_mixin.py:149} INFO - [2024-06-24T15:11:28.449+0000] {dag.py:3490} INFO - Setting next_dagrun for example_sensor_decorator to None, run_after=None
[2024-06-24T15:11:28.457+0000] {processor.py:178} INFO - Processing /home/airflow/.local/lib/python3.7/site-packages/airflow/example_dags/example_sensor_decorator.py took 0.032 seconds
[2024-06-24T15:11:59.249+0000] {processor.py:156} INFO - Started process (PID=631) to work on /home/airflow/.local/lib/python3.7/site-packages/airflow/example_dags/example_sensor_decorator.py
[2024-06-24T15:11:59.250+0000] {processor.py:799} INFO - Processing file /home/airflow/.local/lib/python3.7/site-packages/airflow/example_dags/example_sensor_decorator.py for tasks to queue
[2024-06-24T15:11:59.250+0000] {logging_mixin.py:149} INFO - [2024-06-24T15:11:59.250+0000] {dagbag.py:541} INFO - Filling up the DagBag from /home/airflow/.local/lib/python3.7/site-packages/airflow/example_dags/example_sensor_decorator.py
[2024-06-24T15:11:59.252+0000] {processor.py:809} INFO - DAG(s) dict_keys(['example_sensor_decorator']) retrieved from /home/airflow/.local/lib/python3.7/site-packages/airflow/example_dags/example_sensor_decorator.py
[2024-06-24T15:11:59.263+0000] {logging_mixin.py:149} INFO - [2024-06-24T15:11:59.263+0000] {dag.py:2726} INFO - Sync 1 DAGs
[2024-06-24T15:11:59.272+0000] {logging_mixin.py:149} INFO - [2024-06-24T15:11:59.272+0000] {dag.py:3490} INFO - Setting next_dagrun for example_sensor_decorator to None, run_after=None
[2024-06-24T15:11:59.279+0000] {processor.py:178} INFO - Processing /home/airflow/.local/lib/python3.7/site-packages/airflow/example_dags/example_sensor_decorator.py took 0.031 seconds
[2024-06-24T15:12:29.885+0000] {processor.py:156} INFO - Started process (PID=700) to work on /home/airflow/.local/lib/python3.7/site-packages/airflow/example_dags/example_sensor_decorator.py
[2024-06-24T15:12:29.885+0000] {processor.py:799} INFO - Processing file /home/airflow/.local/lib/python3.7/site-packages/airflow/example_dags/example_sensor_decorator.py for tasks to queue
[2024-06-24T15:12:29.886+0000] {logging_mixin.py:149} INFO - [2024-06-24T15:12:29.886+0000] {dagbag.py:541} INFO - Filling up the DagBag from /home/airflow/.local/lib/python3.7/site-packages/airflow/example_dags/example_sensor_decorator.py
[2024-06-24T15:12:29.888+0000] {processor.py:809} INFO - DAG(s) dict_keys(['example_sensor_decorator']) retrieved from /home/airflow/.local/lib/python3.7/site-packages/airflow/example_dags/example_sensor_decorator.py
[2024-06-24T15:12:29.897+0000] {logging_mixin.py:149} INFO - [2024-06-24T15:12:29.897+0000] {dag.py:2726} INFO - Sync 1 DAGs
[2024-06-24T15:12:29.907+0000] {logging_mixin.py:149} INFO - [2024-06-24T15:12:29.907+0000] {dag.py:3490} INFO - Setting next_dagrun for example_sensor_decorator to None, run_after=None
[2024-06-24T15:12:29.913+0000] {processor.py:178} INFO - Processing /home/airflow/.local/lib/python3.7/site-packages/airflow/example_dags/example_sensor_decorator.py took 0.030 seconds
[2024-06-24T15:13:00.587+0000] {processor.py:156} INFO - Started process (PID=769) to work on /home/airflow/.local/lib/python3.7/site-packages/airflow/example_dags/example_sensor_decorator.py
[2024-06-24T15:13:00.587+0000] {processor.py:799} INFO - Processing file /home/airflow/.local/lib/python3.7/site-packages/airflow/example_dags/example_sensor_decorator.py for tasks to queue
[2024-06-24T15:13:00.588+0000] {logging_mixin.py:149} INFO - [2024-06-24T15:13:00.588+0000] {dagbag.py:541} INFO - Filling up the DagBag from /home/airflow/.local/lib/python3.7/site-packages/airflow/example_dags/example_sensor_decorator.py
[2024-06-24T15:13:00.590+0000] {processor.py:809} INFO - DAG(s) dict_keys(['example_sensor_decorator']) retrieved from /home/airflow/.local/lib/python3.7/site-packages/airflow/example_dags/example_sensor_decorator.py
[2024-06-24T15:13:00.601+0000] {logging_mixin.py:149} INFO - [2024-06-24T15:13:00.601+0000] {dag.py:2726} INFO - Sync 1 DAGs
[2024-06-24T15:13:00.612+0000] {logging_mixin.py:149} INFO - [2024-06-24T15:13:00.612+0000] {dag.py:3490} INFO - Setting next_dagrun for example_sensor_decorator to None, run_after=None
[2024-06-24T15:13:00.620+0000] {processor.py:178} INFO - Processing /home/airflow/.local/lib/python3.7/site-packages/airflow/example_dags/example_sensor_decorator.py took 0.034 seconds
[2024-06-24T15:13:31.249+0000] {processor.py:156} INFO - Started process (PID=838) to work on /home/airflow/.local/lib/python3.7/site-packages/airflow/example_dags/example_sensor_decorator.py
[2024-06-24T15:13:31.249+0000] {processor.py:799} INFO - Processing file /home/airflow/.local/lib/python3.7/site-packages/airflow/example_dags/example_sensor_decorator.py for tasks to queue
[2024-06-24T15:13:31.249+0000] {logging_mixin.py:149} INFO - [2024-06-24T15:13:31.249+0000] {dagbag.py:541} INFO - Filling up the DagBag from /home/airflow/.local/lib/python3.7/site-packages/airflow/example_dags/example_sensor_decorator.py
[2024-06-24T15:13:31.252+0000] {processor.py:809} INFO - DAG(s) dict_keys(['example_sensor_decorator']) retrieved from /home/airflow/.local/lib/python3.7/site-packages/airflow/example_dags/example_sensor_decorator.py
[2024-06-24T15:13:31.261+0000] {logging_mixin.py:149} INFO - [2024-06-24T15:13:31.261+0000] {dag.py:2726} INFO - Sync 1 DAGs
[2024-06-24T15:13:31.273+0000] {logging_mixin.py:149} INFO - [2024-06-24T15:13:31.272+0000] {dag.py:3490} INFO - Setting next_dagrun for example_sensor_decorator to None, run_after=None
[2024-06-24T15:13:31.279+0000] {processor.py:178} INFO - Processing /home/airflow/.local/lib/python3.7/site-packages/airflow/example_dags/example_sensor_decorator.py took 0.032 seconds
[2024-06-24T15:14:01.797+0000] {processor.py:156} INFO - Started process (PID=907) to work on /home/airflow/.local/lib/python3.7/site-packages/airflow/example_dags/example_sensor_decorator.py
[2024-06-24T15:14:01.797+0000] {processor.py:799} INFO - Processing file /home/airflow/.local/lib/python3.7/site-packages/airflow/example_dags/example_sensor_decorator.py for tasks to queue
[2024-06-24T15:14:01.797+0000] {logging_mixin.py:149} INFO - [2024-06-24T15:14:01.797+0000] {dagbag.py:541} INFO - Filling up the DagBag from /home/airflow/.local/lib/python3.7/site-packages/airflow/example_dags/example_sensor_decorator.py
[2024-06-24T15:14:01.799+0000] {processor.py:809} INFO - DAG(s) dict_keys(['example_sensor_decorator']) retrieved from /home/airflow/.local/lib/python3.7/site-packages/airflow/example_dags/example_sensor_decorator.py
[2024-06-24T15:14:01.808+0000] {logging_mixin.py:149} INFO - [2024-06-24T15:14:01.808+0000] {dag.py:2726} INFO - Sync 1 DAGs
[2024-06-24T15:14:01.818+0000] {logging_mixin.py:149} INFO - [2024-06-24T15:14:01.818+0000] {dag.py:3490} INFO - Setting next_dagrun for example_sensor_decorator to None, run_after=None
[2024-06-24T15:14:01.824+0000] {processor.py:178} INFO - Processing /home/airflow/.local/lib/python3.7/site-packages/airflow/example_dags/example_sensor_decorator.py took 0.029 seconds
[2024-06-24T15:14:32.284+0000] {processor.py:156} INFO - Started process (PID=976) to work on /home/airflow/.local/lib/python3.7/site-packages/airflow/example_dags/example_sensor_decorator.py
[2024-06-24T15:14:32.284+0000] {processor.py:799} INFO - Processing file /home/airflow/.local/lib/python3.7/site-packages/airflow/example_dags/example_sensor_decorator.py for tasks to queue
[2024-06-24T15:14:32.285+0000] {logging_mixin.py:149} INFO - [2024-06-24T15:14:32.285+0000] {dagbag.py:541} INFO - Filling up the DagBag from /home/airflow/.local/lib/python3.7/site-packages/airflow/example_dags/example_sensor_decorator.py
[2024-06-24T15:14:32.287+0000] {processor.py:809} INFO - DAG(s) dict_keys(['example_sensor_decorator']) retrieved from /home/airflow/.local/lib/python3.7/site-packages/airflow/example_dags/example_sensor_decorator.py
[2024-06-24T15:14:32.297+0000] {logging_mixin.py:149} INFO - [2024-06-24T15:14:32.297+0000] {dag.py:2726} INFO - Sync 1 DAGs
[2024-06-24T15:14:32.309+0000] {logging_mixin.py:149} INFO - [2024-06-24T15:14:32.309+0000] {dag.py:3490} INFO - Setting next_dagrun for example_sensor_decorator to None, run_after=None
[2024-06-24T15:14:32.316+0000] {processor.py:178} INFO - Processing /home/airflow/.local/lib/python3.7/site-packages/airflow/example_dags/example_sensor_decorator.py took 0.033 seconds
[2024-06-24T15:15:02.759+0000] {processor.py:156} INFO - Started process (PID=1045) to work on /home/airflow/.local/lib/python3.7/site-packages/airflow/example_dags/example_sensor_decorator.py
[2024-06-24T15:15:02.759+0000] {processor.py:799} INFO - Processing file /home/airflow/.local/lib/python3.7/site-packages/airflow/example_dags/example_sensor_decorator.py for tasks to queue
[2024-06-24T15:15:02.759+0000] {logging_mixin.py:149} INFO - [2024-06-24T15:15:02.759+0000] {dagbag.py:541} INFO - Filling up the DagBag from /home/airflow/.local/lib/python3.7/site-packages/airflow/example_dags/example_sensor_decorator.py
[2024-06-24T15:15:02.762+0000] {processor.py:809} INFO - DAG(s) dict_keys(['example_sensor_decorator']) retrieved from /home/airflow/.local/lib/python3.7/site-packages/airflow/example_dags/example_sensor_decorator.py
[2024-06-24T15:15:02.771+0000] {logging_mixin.py:149} INFO - [2024-06-24T15:15:02.771+0000] {dag.py:2726} INFO - Sync 1 DAGs
[2024-06-24T15:15:02.780+0000] {logging_mixin.py:149} INFO - [2024-06-24T15:15:02.780+0000] {dag.py:3490} INFO - Setting next_dagrun for example_sensor_decorator to None, run_after=None
[2024-06-24T15:15:02.786+0000] {processor.py:178} INFO - Processing /home/airflow/.local/lib/python3.7/site-packages/airflow/example_dags/example_sensor_decorator.py took 0.028 seconds
[2024-06-24T15:15:33.447+0000] {processor.py:156} INFO - Started process (PID=1123) to work on /home/airflow/.local/lib/python3.7/site-packages/airflow/example_dags/example_sensor_decorator.py
[2024-06-24T15:15:33.447+0000] {processor.py:799} INFO - Processing file /home/airflow/.local/lib/python3.7/site-packages/airflow/example_dags/example_sensor_decorator.py for tasks to queue
[2024-06-24T15:15:33.448+0000] {logging_mixin.py:149} INFO - [2024-06-24T15:15:33.448+0000] {dagbag.py:541} INFO - Filling up the DagBag from /home/airflow/.local/lib/python3.7/site-packages/airflow/example_dags/example_sensor_decorator.py
[2024-06-24T15:15:33.450+0000] {processor.py:809} INFO - DAG(s) dict_keys(['example_sensor_decorator']) retrieved from /home/airflow/.local/lib/python3.7/site-packages/airflow/example_dags/example_sensor_decorator.py
[2024-06-24T15:15:33.461+0000] {logging_mixin.py:149} INFO - [2024-06-24T15:15:33.461+0000] {dag.py:2726} INFO - Sync 1 DAGs
[2024-06-24T15:15:33.471+0000] {logging_mixin.py:149} INFO - [2024-06-24T15:15:33.471+0000] {dag.py:3490} INFO - Setting next_dagrun for example_sensor_decorator to None, run_after=None
[2024-06-24T15:15:33.478+0000] {processor.py:178} INFO - Processing /home/airflow/.local/lib/python3.7/site-packages/airflow/example_dags/example_sensor_decorator.py took 0.032 seconds
[2024-06-24T15:16:04.035+0000] {processor.py:156} INFO - Started process (PID=1192) to work on /home/airflow/.local/lib/python3.7/site-packages/airflow/example_dags/example_sensor_decorator.py
[2024-06-24T15:16:04.035+0000] {processor.py:799} INFO - Processing file /home/airflow/.local/lib/python3.7/site-packages/airflow/example_dags/example_sensor_decorator.py for tasks to queue
[2024-06-24T15:16:04.035+0000] {logging_mixin.py:149} INFO - [2024-06-24T15:16:04.035+0000] {dagbag.py:541} INFO - Filling up the DagBag from /home/airflow/.local/lib/python3.7/site-packages/airflow/example_dags/example_sensor_decorator.py
[2024-06-24T15:16:04.038+0000] {processor.py:809} INFO - DAG(s) dict_keys(['example_sensor_decorator']) retrieved from /home/airflow/.local/lib/python3.7/site-packages/airflow/example_dags/example_sensor_decorator.py
[2024-06-24T15:16:04.048+0000] {logging_mixin.py:149} INFO - [2024-06-24T15:16:04.048+0000] {dag.py:2726} INFO - Sync 1 DAGs
[2024-06-24T15:16:04.059+0000] {logging_mixin.py:149} INFO - [2024-06-24T15:16:04.059+0000] {dag.py:3490} INFO - Setting next_dagrun for example_sensor_decorator to None, run_after=None
[2024-06-24T15:16:04.066+0000] {processor.py:178} INFO - Processing /home/airflow/.local/lib/python3.7/site-packages/airflow/example_dags/example_sensor_decorator.py took 0.033 seconds
[2024-06-24T15:16:34.719+0000] {processor.py:156} INFO - Started process (PID=1261) to work on /home/airflow/.local/lib/python3.7/site-packages/airflow/example_dags/example_sensor_decorator.py
[2024-06-24T15:16:34.720+0000] {processor.py:799} INFO - Processing file /home/airflow/.local/lib/python3.7/site-packages/airflow/example_dags/example_sensor_decorator.py for tasks to queue
[2024-06-24T15:16:34.720+0000] {logging_mixin.py:149} INFO - [2024-06-24T15:16:34.720+0000] {dagbag.py:541} INFO - Filling up the DagBag from /home/airflow/.local/lib/python3.7/site-packages/airflow/example_dags/example_sensor_decorator.py
[2024-06-24T15:16:34.723+0000] {processor.py:809} INFO - DAG(s) dict_keys(['example_sensor_decorator']) retrieved from /home/airflow/.local/lib/python3.7/site-packages/airflow/example_dags/example_sensor_decorator.py
[2024-06-24T15:16:34.734+0000] {logging_mixin.py:149} INFO - [2024-06-24T15:16:34.733+0000] {dag.py:2726} INFO - Sync 1 DAGs
[2024-06-24T15:16:34.744+0000] {logging_mixin.py:149} INFO - [2024-06-24T15:16:34.744+0000] {dag.py:3490} INFO - Setting next_dagrun for example_sensor_decorator to None, run_after=None
[2024-06-24T15:16:34.751+0000] {processor.py:178} INFO - Processing /home/airflow/.local/lib/python3.7/site-packages/airflow/example_dags/example_sensor_decorator.py took 0.033 seconds
[2024-06-24T15:17:05.302+0000] {processor.py:156} INFO - Started process (PID=1330) to work on /home/airflow/.local/lib/python3.7/site-packages/airflow/example_dags/example_sensor_decorator.py
[2024-06-24T15:17:05.303+0000] {processor.py:799} INFO - Processing file /home/airflow/.local/lib/python3.7/site-packages/airflow/example_dags/example_sensor_decorator.py for tasks to queue
[2024-06-24T15:17:05.303+0000] {logging_mixin.py:149} INFO - [2024-06-24T15:17:05.303+0000] {dagbag.py:541} INFO - Filling up the DagBag from /home/airflow/.local/lib/python3.7/site-packages/airflow/example_dags/example_sensor_decorator.py
[2024-06-24T15:17:05.305+0000] {processor.py:809} INFO - DAG(s) dict_keys(['example_sensor_decorator']) retrieved from /home/airflow/.local/lib/python3.7/site-packages/airflow/example_dags/example_sensor_decorator.py
[2024-06-24T15:17:05.314+0000] {logging_mixin.py:149} INFO - [2024-06-24T15:17:05.314+0000] {dag.py:2726} INFO - Sync 1 DAGs
[2024-06-24T15:17:05.324+0000] {logging_mixin.py:149} INFO - [2024-06-24T15:17:05.324+0000] {dag.py:3490} INFO - Setting next_dagrun for example_sensor_decorator to None, run_after=None
[2024-06-24T15:17:05.330+0000] {processor.py:178} INFO - Processing /home/airflow/.local/lib/python3.7/site-packages/airflow/example_dags/example_sensor_decorator.py took 0.029 seconds
[2024-06-24T15:17:35.862+0000] {processor.py:156} INFO - Started process (PID=1398) to work on /home/airflow/.local/lib/python3.7/site-packages/airflow/example_dags/example_sensor_decorator.py
[2024-06-24T15:17:35.862+0000] {processor.py:799} INFO - Processing file /home/airflow/.local/lib/python3.7/site-packages/airflow/example_dags/example_sensor_decorator.py for tasks to queue
[2024-06-24T15:17:35.862+0000] {logging_mixin.py:149} INFO - [2024-06-24T15:17:35.862+0000] {dagbag.py:541} INFO - Filling up the DagBag from /home/airflow/.local/lib/python3.7/site-packages/airflow/example_dags/example_sensor_decorator.py
[2024-06-24T15:17:35.864+0000] {processor.py:809} INFO - DAG(s) dict_keys(['example_sensor_decorator']) retrieved from /home/airflow/.local/lib/python3.7/site-packages/airflow/example_dags/example_sensor_decorator.py
[2024-06-24T15:17:35.874+0000] {logging_mixin.py:149} INFO - [2024-06-24T15:17:35.874+0000] {dag.py:2726} INFO - Sync 1 DAGs
[2024-06-24T15:17:35.883+0000] {logging_mixin.py:149} INFO - [2024-06-24T15:17:35.883+0000] {dag.py:3490} INFO - Setting next_dagrun for example_sensor_decorator to None, run_after=None
[2024-06-24T15:17:35.889+0000] {processor.py:178} INFO - Processing /home/airflow/.local/lib/python3.7/site-packages/airflow/example_dags/example_sensor_decorator.py took 0.029 seconds
[2024-06-24T15:18:06.424+0000] {processor.py:156} INFO - Started process (PID=1467) to work on /home/airflow/.local/lib/python3.7/site-packages/airflow/example_dags/example_sensor_decorator.py
[2024-06-24T15:18:06.424+0000] {processor.py:799} INFO - Processing file /home/airflow/.local/lib/python3.7/site-packages/airflow/example_dags/example_sensor_decorator.py for tasks to queue
[2024-06-24T15:18:06.425+0000] {logging_mixin.py:149} INFO - [2024-06-24T15:18:06.425+0000] {dagbag.py:541} INFO - Filling up the DagBag from /home/airflow/.local/lib/python3.7/site-packages/airflow/example_dags/example_sensor_decorator.py
[2024-06-24T15:18:06.427+0000] {processor.py:809} INFO - DAG(s) dict_keys(['example_sensor_decorator']) retrieved from /home/airflow/.local/lib/python3.7/site-packages/airflow/example_dags/example_sensor_decorator.py
[2024-06-24T15:18:06.437+0000] {logging_mixin.py:149} INFO - [2024-06-24T15:18:06.437+0000] {dag.py:2726} INFO - Sync 1 DAGs
[2024-06-24T15:18:06.447+0000] {logging_mixin.py:149} INFO - [2024-06-24T15:18:06.447+0000] {dag.py:3490} INFO - Setting next_dagrun for example_sensor_decorator to None, run_after=None
[2024-06-24T15:18:06.454+0000] {processor.py:178} INFO - Processing /home/airflow/.local/lib/python3.7/site-packages/airflow/example_dags/example_sensor_decorator.py took 0.032 seconds
[2024-06-24T15:18:37.154+0000] {processor.py:156} INFO - Started process (PID=1536) to work on /home/airflow/.local/lib/python3.7/site-packages/airflow/example_dags/example_sensor_decorator.py
[2024-06-24T15:18:37.154+0000] {processor.py:799} INFO - Processing file /home/airflow/.local/lib/python3.7/site-packages/airflow/example_dags/example_sensor_decorator.py for tasks to queue
[2024-06-24T15:18:37.155+0000] {logging_mixin.py:149} INFO - [2024-06-24T15:18:37.155+0000] {dagbag.py:541} INFO - Filling up the DagBag from /home/airflow/.local/lib/python3.7/site-packages/airflow/example_dags/example_sensor_decorator.py
[2024-06-24T15:18:37.157+0000] {processor.py:809} INFO - DAG(s) dict_keys(['example_sensor_decorator']) retrieved from /home/airflow/.local/lib/python3.7/site-packages/airflow/example_dags/example_sensor_decorator.py
[2024-06-24T15:18:37.172+0000] {logging_mixin.py:149} INFO - [2024-06-24T15:18:37.172+0000] {dag.py:2726} INFO - Sync 1 DAGs
[2024-06-24T15:18:37.183+0000] {logging_mixin.py:149} INFO - [2024-06-24T15:18:37.183+0000] {dag.py:3490} INFO - Setting next_dagrun for example_sensor_decorator to None, run_after=None
[2024-06-24T15:18:37.190+0000] {processor.py:178} INFO - Processing /home/airflow/.local/lib/python3.7/site-packages/airflow/example_dags/example_sensor_decorator.py took 0.037 seconds
[2024-06-24T15:19:07.880+0000] {processor.py:156} INFO - Started process (PID=1605) to work on /home/airflow/.local/lib/python3.7/site-packages/airflow/example_dags/example_sensor_decorator.py
[2024-06-24T15:19:07.880+0000] {processor.py:799} INFO - Processing file /home/airflow/.local/lib/python3.7/site-packages/airflow/example_dags/example_sensor_decorator.py for tasks to queue
[2024-06-24T15:19:07.880+0000] {logging_mixin.py:149} INFO - [2024-06-24T15:19:07.880+0000] {dagbag.py:541} INFO - Filling up the DagBag from /home/airflow/.local/lib/python3.7/site-packages/airflow/example_dags/example_sensor_decorator.py
[2024-06-24T15:19:07.883+0000] {processor.py:809} INFO - DAG(s) dict_keys(['example_sensor_decorator']) retrieved from /home/airflow/.local/lib/python3.7/site-packages/airflow/example_dags/example_sensor_decorator.py
[2024-06-24T15:19:07.893+0000] {logging_mixin.py:149} INFO - [2024-06-24T15:19:07.893+0000] {dag.py:2726} INFO - Sync 1 DAGs
[2024-06-24T15:19:07.904+0000] {logging_mixin.py:149} INFO - [2024-06-24T15:19:07.904+0000] {dag.py:3490} INFO - Setting next_dagrun for example_sensor_decorator to None, run_after=None
[2024-06-24T15:19:07.912+0000] {processor.py:178} INFO - Processing /home/airflow/.local/lib/python3.7/site-packages/airflow/example_dags/example_sensor_decorator.py took 0.033 seconds
[2024-06-24T15:19:38.443+0000] {processor.py:156} INFO - Started process (PID=1674) to work on /home/airflow/.local/lib/python3.7/site-packages/airflow/example_dags/example_sensor_decorator.py
[2024-06-24T15:19:38.443+0000] {processor.py:799} INFO - Processing file /home/airflow/.local/lib/python3.7/site-packages/airflow/example_dags/example_sensor_decorator.py for tasks to queue
[2024-06-24T15:19:38.443+0000] {logging_mixin.py:149} INFO - [2024-06-24T15:19:38.443+0000] {dagbag.py:541} INFO - Filling up the DagBag from /home/airflow/.local/lib/python3.7/site-packages/airflow/example_dags/example_sensor_decorator.py
[2024-06-24T15:19:38.446+0000] {processor.py:809} INFO - DAG(s) dict_keys(['example_sensor_decorator']) retrieved from /home/airflow/.local/lib/python3.7/site-packages/airflow/example_dags/example_sensor_decorator.py
[2024-06-24T15:19:38.456+0000] {logging_mixin.py:149} INFO - [2024-06-24T15:19:38.456+0000] {dag.py:2726} INFO - Sync 1 DAGs
[2024-06-24T15:19:38.468+0000] {logging_mixin.py:149} INFO - [2024-06-24T15:19:38.468+0000] {dag.py:3490} INFO - Setting next_dagrun for example_sensor_decorator to None, run_after=None
[2024-06-24T15:19:38.475+0000] {processor.py:178} INFO - Processing /home/airflow/.local/lib/python3.7/site-packages/airflow/example_dags/example_sensor_decorator.py took 0.033 seconds
[2024-06-24T15:20:08.994+0000] {processor.py:156} INFO - Started process (PID=1743) to work on /home/airflow/.local/lib/python3.7/site-packages/airflow/example_dags/example_sensor_decorator.py
[2024-06-24T15:20:08.994+0000] {processor.py:799} INFO - Processing file /home/airflow/.local/lib/python3.7/site-packages/airflow/example_dags/example_sensor_decorator.py for tasks to queue
[2024-06-24T15:20:08.995+0000] {logging_mixin.py:149} INFO - [2024-06-24T15:20:08.995+0000] {dagbag.py:541} INFO - Filling up the DagBag from /home/airflow/.local/lib/python3.7/site-packages/airflow/example_dags/example_sensor_decorator.py
[2024-06-24T15:20:08.997+0000] {processor.py:809} INFO - DAG(s) dict_keys(['example_sensor_decorator']) retrieved from /home/airflow/.local/lib/python3.7/site-packages/airflow/example_dags/example_sensor_decorator.py
[2024-06-24T15:20:09.013+0000] {logging_mixin.py:149} INFO - [2024-06-24T15:20:09.013+0000] {dag.py:2726} INFO - Sync 1 DAGs
[2024-06-24T15:20:09.027+0000] {logging_mixin.py:149} INFO - [2024-06-24T15:20:09.027+0000] {dag.py:3490} INFO - Setting next_dagrun for example_sensor_decorator to None, run_after=None
[2024-06-24T15:20:09.035+0000] {processor.py:178} INFO - Processing /home/airflow/.local/lib/python3.7/site-packages/airflow/example_dags/example_sensor_decorator.py took 0.043 seconds
[2024-06-24T15:20:39.690+0000] {processor.py:156} INFO - Started process (PID=1812) to work on /home/airflow/.local/lib/python3.7/site-packages/airflow/example_dags/example_sensor_decorator.py
[2024-06-24T15:20:39.690+0000] {processor.py:799} INFO - Processing file /home/airflow/.local/lib/python3.7/site-packages/airflow/example_dags/example_sensor_decorator.py for tasks to queue
[2024-06-24T15:20:39.691+0000] {logging_mixin.py:149} INFO - [2024-06-24T15:20:39.691+0000] {dagbag.py:541} INFO - Filling up the DagBag from /home/airflow/.local/lib/python3.7/site-packages/airflow/example_dags/example_sensor_decorator.py
[2024-06-24T15:20:39.693+0000] {processor.py:809} INFO - DAG(s) dict_keys(['example_sensor_decorator']) retrieved from /home/airflow/.local/lib/python3.7/site-packages/airflow/example_dags/example_sensor_decorator.py
[2024-06-24T15:20:39.702+0000] {logging_mixin.py:149} INFO - [2024-06-24T15:20:39.702+0000] {dag.py:2726} INFO - Sync 1 DAGs
[2024-06-24T15:20:39.712+0000] {logging_mixin.py:149} INFO - [2024-06-24T15:20:39.712+0000] {dag.py:3490} INFO - Setting next_dagrun for example_sensor_decorator to None, run_after=None
[2024-06-24T15:20:39.718+0000] {processor.py:178} INFO - Processing /home/airflow/.local/lib/python3.7/site-packages/airflow/example_dags/example_sensor_decorator.py took 0.030 seconds
[2024-06-24T15:21:10.366+0000] {processor.py:156} INFO - Started process (PID=1881) to work on /home/airflow/.local/lib/python3.7/site-packages/airflow/example_dags/example_sensor_decorator.py
[2024-06-24T15:21:10.366+0000] {processor.py:799} INFO - Processing file /home/airflow/.local/lib/python3.7/site-packages/airflow/example_dags/example_sensor_decorator.py for tasks to queue
[2024-06-24T15:21:10.367+0000] {logging_mixin.py:149} INFO - [2024-06-24T15:21:10.366+0000] {dagbag.py:541} INFO - Filling up the DagBag from /home/airflow/.local/lib/python3.7/site-packages/airflow/example_dags/example_sensor_decorator.py
[2024-06-24T15:21:10.369+0000] {processor.py:809} INFO - DAG(s) dict_keys(['example_sensor_decorator']) retrieved from /home/airflow/.local/lib/python3.7/site-packages/airflow/example_dags/example_sensor_decorator.py
[2024-06-24T15:21:10.379+0000] {logging_mixin.py:149} INFO - [2024-06-24T15:21:10.379+0000] {dag.py:2726} INFO - Sync 1 DAGs
[2024-06-24T15:21:10.389+0000] {logging_mixin.py:149} INFO - [2024-06-24T15:21:10.389+0000] {dag.py:3490} INFO - Setting next_dagrun for example_sensor_decorator to None, run_after=None
[2024-06-24T15:21:10.396+0000] {processor.py:178} INFO - Processing /home/airflow/.local/lib/python3.7/site-packages/airflow/example_dags/example_sensor_decorator.py took 0.031 seconds
[2024-06-24T15:21:41.232+0000] {processor.py:156} INFO - Started process (PID=1949) to work on /home/airflow/.local/lib/python3.7/site-packages/airflow/example_dags/example_sensor_decorator.py
[2024-06-24T15:21:41.232+0000] {processor.py:799} INFO - Processing file /home/airflow/.local/lib/python3.7/site-packages/airflow/example_dags/example_sensor_decorator.py for tasks to queue
[2024-06-24T15:21:41.232+0000] {logging_mixin.py:149} INFO - [2024-06-24T15:21:41.232+0000] {dagbag.py:541} INFO - Filling up the DagBag from /home/airflow/.local/lib/python3.7/site-packages/airflow/example_dags/example_sensor_decorator.py
[2024-06-24T15:21:41.236+0000] {processor.py:809} INFO - DAG(s) dict_keys(['example_sensor_decorator']) retrieved from /home/airflow/.local/lib/python3.7/site-packages/airflow/example_dags/example_sensor_decorator.py
[2024-06-24T15:21:41.248+0000] {logging_mixin.py:149} INFO - [2024-06-24T15:21:41.248+0000] {dag.py:2726} INFO - Sync 1 DAGs
[2024-06-24T15:21:41.263+0000] {logging_mixin.py:149} INFO - [2024-06-24T15:21:41.263+0000] {dag.py:3490} INFO - Setting next_dagrun for example_sensor_decorator to None, run_after=None
[2024-06-24T15:21:41.276+0000] {processor.py:178} INFO - Processing /home/airflow/.local/lib/python3.7/site-packages/airflow/example_dags/example_sensor_decorator.py took 0.046 seconds
[2024-06-24T15:22:12.000+0000] {processor.py:156} INFO - Started process (PID=2018) to work on /home/airflow/.local/lib/python3.7/site-packages/airflow/example_dags/example_sensor_decorator.py
[2024-06-24T15:22:12.000+0000] {processor.py:799} INFO - Processing file /home/airflow/.local/lib/python3.7/site-packages/airflow/example_dags/example_sensor_decorator.py for tasks to queue
[2024-06-24T15:22:12.001+0000] {logging_mixin.py:149} INFO - [2024-06-24T15:22:12.001+0000] {dagbag.py:541} INFO - Filling up the DagBag from /home/airflow/.local/lib/python3.7/site-packages/airflow/example_dags/example_sensor_decorator.py
[2024-06-24T15:22:12.003+0000] {processor.py:809} INFO - DAG(s) dict_keys(['example_sensor_decorator']) retrieved from /home/airflow/.local/lib/python3.7/site-packages/airflow/example_dags/example_sensor_decorator.py
[2024-06-24T15:22:12.013+0000] {logging_mixin.py:149} INFO - [2024-06-24T15:22:12.013+0000] {dag.py:2726} INFO - Sync 1 DAGs
[2024-06-24T15:22:12.024+0000] {logging_mixin.py:149} INFO - [2024-06-24T15:22:12.024+0000] {dag.py:3490} INFO - Setting next_dagrun for example_sensor_decorator to None, run_after=None
[2024-06-24T15:22:12.031+0000] {processor.py:178} INFO - Processing /home/airflow/.local/lib/python3.7/site-packages/airflow/example_dags/example_sensor_decorator.py took 0.032 seconds
[2024-06-24T15:22:42.617+0000] {processor.py:156} INFO - Started process (PID=2086) to work on /home/airflow/.local/lib/python3.7/site-packages/airflow/example_dags/example_sensor_decorator.py
[2024-06-24T15:22:42.618+0000] {processor.py:799} INFO - Processing file /home/airflow/.local/lib/python3.7/site-packages/airflow/example_dags/example_sensor_decorator.py for tasks to queue
[2024-06-24T15:22:42.618+0000] {logging_mixin.py:149} INFO - [2024-06-24T15:22:42.618+0000] {dagbag.py:541} INFO - Filling up the DagBag from /home/airflow/.local/lib/python3.7/site-packages/airflow/example_dags/example_sensor_decorator.py
[2024-06-24T15:22:42.620+0000] {processor.py:809} INFO - DAG(s) dict_keys(['example_sensor_decorator']) retrieved from /home/airflow/.local/lib/python3.7/site-packages/airflow/example_dags/example_sensor_decorator.py
[2024-06-24T15:22:42.631+0000] {logging_mixin.py:149} INFO - [2024-06-24T15:22:42.631+0000] {dag.py:2726} INFO - Sync 1 DAGs
[2024-06-24T15:22:42.641+0000] {logging_mixin.py:149} INFO - [2024-06-24T15:22:42.641+0000] {dag.py:3490} INFO - Setting next_dagrun for example_sensor_decorator to None, run_after=None
[2024-06-24T15:22:42.648+0000] {processor.py:178} INFO - Processing /home/airflow/.local/lib/python3.7/site-packages/airflow/example_dags/example_sensor_decorator.py took 0.032 seconds
[2024-06-24T15:23:13.287+0000] {processor.py:156} INFO - Started process (PID=2155) to work on /home/airflow/.local/lib/python3.7/site-packages/airflow/example_dags/example_sensor_decorator.py
[2024-06-24T15:23:13.288+0000] {processor.py:799} INFO - Processing file /home/airflow/.local/lib/python3.7/site-packages/airflow/example_dags/example_sensor_decorator.py for tasks to queue
[2024-06-24T15:23:13.288+0000] {logging_mixin.py:149} INFO - [2024-06-24T15:23:13.288+0000] {dagbag.py:541} INFO - Filling up the DagBag from /home/airflow/.local/lib/python3.7/site-packages/airflow/example_dags/example_sensor_decorator.py
[2024-06-24T15:23:13.292+0000] {processor.py:809} INFO - DAG(s) dict_keys(['example_sensor_decorator']) retrieved from /home/airflow/.local/lib/python3.7/site-packages/airflow/example_dags/example_sensor_decorator.py
[2024-06-24T15:23:13.304+0000] {logging_mixin.py:149} INFO - [2024-06-24T15:23:13.304+0000] {dag.py:2726} INFO - Sync 1 DAGs
[2024-06-24T15:23:13.316+0000] {logging_mixin.py:149} INFO - [2024-06-24T15:23:13.316+0000] {dag.py:3490} INFO - Setting next_dagrun for example_sensor_decorator to None, run_after=None
[2024-06-24T15:23:13.327+0000] {processor.py:178} INFO - Processing /home/airflow/.local/lib/python3.7/site-packages/airflow/example_dags/example_sensor_decorator.py took 0.042 seconds
[2024-06-24T15:23:43.975+0000] {processor.py:156} INFO - Started process (PID=2224) to work on /home/airflow/.local/lib/python3.7/site-packages/airflow/example_dags/example_sensor_decorator.py
[2024-06-24T15:23:43.976+0000] {processor.py:799} INFO - Processing file /home/airflow/.local/lib/python3.7/site-packages/airflow/example_dags/example_sensor_decorator.py for tasks to queue
[2024-06-24T15:23:43.976+0000] {logging_mixin.py:149} INFO - [2024-06-24T15:23:43.976+0000] {dagbag.py:541} INFO - Filling up the DagBag from /home/airflow/.local/lib/python3.7/site-packages/airflow/example_dags/example_sensor_decorator.py
[2024-06-24T15:23:43.978+0000] {processor.py:809} INFO - DAG(s) dict_keys(['example_sensor_decorator']) retrieved from /home/airflow/.local/lib/python3.7/site-packages/airflow/example_dags/example_sensor_decorator.py
[2024-06-24T15:23:43.988+0000] {logging_mixin.py:149} INFO - [2024-06-24T15:23:43.988+0000] {dag.py:2726} INFO - Sync 1 DAGs
[2024-06-24T15:23:43.998+0000] {logging_mixin.py:149} INFO - [2024-06-24T15:23:43.998+0000] {dag.py:3490} INFO - Setting next_dagrun for example_sensor_decorator to None, run_after=None
[2024-06-24T15:23:44.005+0000] {processor.py:178} INFO - Processing /home/airflow/.local/lib/python3.7/site-packages/airflow/example_dags/example_sensor_decorator.py took 0.031 seconds
[2024-06-24T15:24:14.733+0000] {processor.py:156} INFO - Started process (PID=2293) to work on /home/airflow/.local/lib/python3.7/site-packages/airflow/example_dags/example_sensor_decorator.py
[2024-06-24T15:24:14.733+0000] {processor.py:799} INFO - Processing file /home/airflow/.local/lib/python3.7/site-packages/airflow/example_dags/example_sensor_decorator.py for tasks to queue
[2024-06-24T15:24:14.733+0000] {logging_mixin.py:149} INFO - [2024-06-24T15:24:14.733+0000] {dagbag.py:541} INFO - Filling up the DagBag from /home/airflow/.local/lib/python3.7/site-packages/airflow/example_dags/example_sensor_decorator.py
[2024-06-24T15:24:14.736+0000] {processor.py:809} INFO - DAG(s) dict_keys(['example_sensor_decorator']) retrieved from /home/airflow/.local/lib/python3.7/site-packages/airflow/example_dags/example_sensor_decorator.py
[2024-06-24T15:24:14.746+0000] {logging_mixin.py:149} INFO - [2024-06-24T15:24:14.746+0000] {dag.py:2726} INFO - Sync 1 DAGs
[2024-06-24T15:24:14.756+0000] {logging_mixin.py:149} INFO - [2024-06-24T15:24:14.756+0000] {dag.py:3490} INFO - Setting next_dagrun for example_sensor_decorator to None, run_after=None
[2024-06-24T15:24:14.763+0000] {processor.py:178} INFO - Processing /home/airflow/.local/lib/python3.7/site-packages/airflow/example_dags/example_sensor_decorator.py took 0.031 seconds
[2024-06-24T15:24:45.301+0000] {processor.py:156} INFO - Started process (PID=2362) to work on /home/airflow/.local/lib/python3.7/site-packages/airflow/example_dags/example_sensor_decorator.py
[2024-06-24T15:24:45.301+0000] {processor.py:799} INFO - Processing file /home/airflow/.local/lib/python3.7/site-packages/airflow/example_dags/example_sensor_decorator.py for tasks to queue
[2024-06-24T15:24:45.301+0000] {logging_mixin.py:149} INFO - [2024-06-24T15:24:45.301+0000] {dagbag.py:541} INFO - Filling up the DagBag from /home/airflow/.local/lib/python3.7/site-packages/airflow/example_dags/example_sensor_decorator.py
[2024-06-24T15:24:45.304+0000] {processor.py:809} INFO - DAG(s) dict_keys(['example_sensor_decorator']) retrieved from /home/airflow/.local/lib/python3.7/site-packages/airflow/example_dags/example_sensor_decorator.py
[2024-06-24T15:24:45.314+0000] {logging_mixin.py:149} INFO - [2024-06-24T15:24:45.314+0000] {dag.py:2726} INFO - Sync 1 DAGs
[2024-06-24T15:24:45.324+0000] {logging_mixin.py:149} INFO - [2024-06-24T15:24:45.324+0000] {dag.py:3490} INFO - Setting next_dagrun for example_sensor_decorator to None, run_after=None
[2024-06-24T15:24:45.331+0000] {processor.py:178} INFO - Processing /home/airflow/.local/lib/python3.7/site-packages/airflow/example_dags/example_sensor_decorator.py took 0.031 seconds
[2024-06-24T15:25:15.884+0000] {processor.py:156} INFO - Started process (PID=2430) to work on /home/airflow/.local/lib/python3.7/site-packages/airflow/example_dags/example_sensor_decorator.py
[2024-06-24T15:25:15.885+0000] {processor.py:799} INFO - Processing file /home/airflow/.local/lib/python3.7/site-packages/airflow/example_dags/example_sensor_decorator.py for tasks to queue
[2024-06-24T15:25:15.885+0000] {logging_mixin.py:149} INFO - [2024-06-24T15:25:15.885+0000] {dagbag.py:541} INFO - Filling up the DagBag from /home/airflow/.local/lib/python3.7/site-packages/airflow/example_dags/example_sensor_decorator.py
[2024-06-24T15:25:15.888+0000] {processor.py:809} INFO - DAG(s) dict_keys(['example_sensor_decorator']) retrieved from /home/airflow/.local/lib/python3.7/site-packages/airflow/example_dags/example_sensor_decorator.py
[2024-06-24T15:25:15.917+0000] {logging_mixin.py:149} INFO - [2024-06-24T15:25:15.917+0000] {dag.py:2726} INFO - Sync 1 DAGs
[2024-06-24T15:25:15.937+0000] {logging_mixin.py:149} INFO - [2024-06-24T15:25:15.937+0000] {dag.py:3490} INFO - Setting next_dagrun for example_sensor_decorator to None, run_after=None
[2024-06-24T15:25:15.947+0000] {processor.py:178} INFO - Processing /home/airflow/.local/lib/python3.7/site-packages/airflow/example_dags/example_sensor_decorator.py took 0.064 seconds
[2024-06-24T15:25:46.488+0000] {processor.py:156} INFO - Started process (PID=2505) to work on /home/airflow/.local/lib/python3.7/site-packages/airflow/example_dags/example_sensor_decorator.py
[2024-06-24T15:25:46.488+0000] {processor.py:799} INFO - Processing file /home/airflow/.local/lib/python3.7/site-packages/airflow/example_dags/example_sensor_decorator.py for tasks to queue
[2024-06-24T15:25:46.489+0000] {logging_mixin.py:149} INFO - [2024-06-24T15:25:46.489+0000] {dagbag.py:541} INFO - Filling up the DagBag from /home/airflow/.local/lib/python3.7/site-packages/airflow/example_dags/example_sensor_decorator.py
[2024-06-24T15:25:46.491+0000] {processor.py:809} INFO - DAG(s) dict_keys(['example_sensor_decorator']) retrieved from /home/airflow/.local/lib/python3.7/site-packages/airflow/example_dags/example_sensor_decorator.py
[2024-06-24T15:25:46.501+0000] {logging_mixin.py:149} INFO - [2024-06-24T15:25:46.501+0000] {dag.py:2726} INFO - Sync 1 DAGs
[2024-06-24T15:25:46.512+0000] {logging_mixin.py:149} INFO - [2024-06-24T15:25:46.512+0000] {dag.py:3490} INFO - Setting next_dagrun for example_sensor_decorator to None, run_after=None
[2024-06-24T15:25:46.521+0000] {processor.py:178} INFO - Processing /home/airflow/.local/lib/python3.7/site-packages/airflow/example_dags/example_sensor_decorator.py took 0.034 seconds
[2024-06-24T15:26:17.039+0000] {processor.py:156} INFO - Started process (PID=2574) to work on /home/airflow/.local/lib/python3.7/site-packages/airflow/example_dags/example_sensor_decorator.py
[2024-06-24T15:26:17.040+0000] {processor.py:799} INFO - Processing file /home/airflow/.local/lib/python3.7/site-packages/airflow/example_dags/example_sensor_decorator.py for tasks to queue
[2024-06-24T15:26:17.040+0000] {logging_mixin.py:149} INFO - [2024-06-24T15:26:17.040+0000] {dagbag.py:541} INFO - Filling up the DagBag from /home/airflow/.local/lib/python3.7/site-packages/airflow/example_dags/example_sensor_decorator.py
[2024-06-24T15:26:17.042+0000] {processor.py:809} INFO - DAG(s) dict_keys(['example_sensor_decorator']) retrieved from /home/airflow/.local/lib/python3.7/site-packages/airflow/example_dags/example_sensor_decorator.py
[2024-06-24T15:26:17.052+0000] {logging_mixin.py:149} INFO - [2024-06-24T15:26:17.051+0000] {dag.py:2726} INFO - Sync 1 DAGs
[2024-06-24T15:26:17.061+0000] {logging_mixin.py:149} INFO - [2024-06-24T15:26:17.061+0000] {dag.py:3490} INFO - Setting next_dagrun for example_sensor_decorator to None, run_after=None
[2024-06-24T15:26:17.068+0000] {processor.py:178} INFO - Processing /home/airflow/.local/lib/python3.7/site-packages/airflow/example_dags/example_sensor_decorator.py took 0.030 seconds
[2024-06-24T15:26:47.808+0000] {processor.py:156} INFO - Started process (PID=2643) to work on /home/airflow/.local/lib/python3.7/site-packages/airflow/example_dags/example_sensor_decorator.py
[2024-06-24T15:26:47.809+0000] {processor.py:799} INFO - Processing file /home/airflow/.local/lib/python3.7/site-packages/airflow/example_dags/example_sensor_decorator.py for tasks to queue
[2024-06-24T15:26:47.810+0000] {logging_mixin.py:149} INFO - [2024-06-24T15:26:47.810+0000] {dagbag.py:541} INFO - Filling up the DagBag from /home/airflow/.local/lib/python3.7/site-packages/airflow/example_dags/example_sensor_decorator.py
[2024-06-24T15:26:47.814+0000] {processor.py:809} INFO - DAG(s) dict_keys(['example_sensor_decorator']) retrieved from /home/airflow/.local/lib/python3.7/site-packages/airflow/example_dags/example_sensor_decorator.py
[2024-06-24T15:26:47.827+0000] {logging_mixin.py:149} INFO - [2024-06-24T15:26:47.827+0000] {dag.py:2726} INFO - Sync 1 DAGs
[2024-06-24T15:26:47.841+0000] {logging_mixin.py:149} INFO - [2024-06-24T15:26:47.840+0000] {dag.py:3490} INFO - Setting next_dagrun for example_sensor_decorator to None, run_after=None
[2024-06-24T15:26:47.851+0000] {processor.py:178} INFO - Processing /home/airflow/.local/lib/python3.7/site-packages/airflow/example_dags/example_sensor_decorator.py took 0.045 seconds
[2024-06-24T15:27:18.669+0000] {processor.py:156} INFO - Started process (PID=2712) to work on /home/airflow/.local/lib/python3.7/site-packages/airflow/example_dags/example_sensor_decorator.py
[2024-06-24T15:27:18.669+0000] {processor.py:799} INFO - Processing file /home/airflow/.local/lib/python3.7/site-packages/airflow/example_dags/example_sensor_decorator.py for tasks to queue
[2024-06-24T15:27:18.669+0000] {logging_mixin.py:149} INFO - [2024-06-24T15:27:18.669+0000] {dagbag.py:541} INFO - Filling up the DagBag from /home/airflow/.local/lib/python3.7/site-packages/airflow/example_dags/example_sensor_decorator.py
[2024-06-24T15:27:18.672+0000] {processor.py:809} INFO - DAG(s) dict_keys(['example_sensor_decorator']) retrieved from /home/airflow/.local/lib/python3.7/site-packages/airflow/example_dags/example_sensor_decorator.py
[2024-06-24T15:27:18.682+0000] {logging_mixin.py:149} INFO - [2024-06-24T15:27:18.682+0000] {dag.py:2726} INFO - Sync 1 DAGs
[2024-06-24T15:27:18.693+0000] {logging_mixin.py:149} INFO - [2024-06-24T15:27:18.693+0000] {dag.py:3490} INFO - Setting next_dagrun for example_sensor_decorator to None, run_after=None
[2024-06-24T15:27:18.700+0000] {processor.py:178} INFO - Processing /home/airflow/.local/lib/python3.7/site-packages/airflow/example_dags/example_sensor_decorator.py took 0.033 seconds
[2024-06-24T15:27:49.505+0000] {processor.py:156} INFO - Started process (PID=2781) to work on /home/airflow/.local/lib/python3.7/site-packages/airflow/example_dags/example_sensor_decorator.py
[2024-06-24T15:27:49.505+0000] {processor.py:799} INFO - Processing file /home/airflow/.local/lib/python3.7/site-packages/airflow/example_dags/example_sensor_decorator.py for tasks to queue
[2024-06-24T15:27:49.505+0000] {logging_mixin.py:149} INFO - [2024-06-24T15:27:49.505+0000] {dagbag.py:541} INFO - Filling up the DagBag from /home/airflow/.local/lib/python3.7/site-packages/airflow/example_dags/example_sensor_decorator.py
[2024-06-24T15:27:49.508+0000] {processor.py:809} INFO - DAG(s) dict_keys(['example_sensor_decorator']) retrieved from /home/airflow/.local/lib/python3.7/site-packages/airflow/example_dags/example_sensor_decorator.py
[2024-06-24T15:27:49.519+0000] {logging_mixin.py:149} INFO - [2024-06-24T15:27:49.518+0000] {dag.py:2726} INFO - Sync 1 DAGs
[2024-06-24T15:27:49.529+0000] {logging_mixin.py:149} INFO - [2024-06-24T15:27:49.529+0000] {dag.py:3490} INFO - Setting next_dagrun for example_sensor_decorator to None, run_after=None
[2024-06-24T15:27:49.536+0000] {processor.py:178} INFO - Processing /home/airflow/.local/lib/python3.7/site-packages/airflow/example_dags/example_sensor_decorator.py took 0.033 seconds
[2024-06-24T15:28:20.367+0000] {processor.py:156} INFO - Started process (PID=2850) to work on /home/airflow/.local/lib/python3.7/site-packages/airflow/example_dags/example_sensor_decorator.py
[2024-06-24T15:28:20.367+0000] {processor.py:799} INFO - Processing file /home/airflow/.local/lib/python3.7/site-packages/airflow/example_dags/example_sensor_decorator.py for tasks to queue
[2024-06-24T15:28:20.367+0000] {logging_mixin.py:149} INFO - [2024-06-24T15:28:20.367+0000] {dagbag.py:541} INFO - Filling up the DagBag from /home/airflow/.local/lib/python3.7/site-packages/airflow/example_dags/example_sensor_decorator.py
[2024-06-24T15:28:20.370+0000] {processor.py:809} INFO - DAG(s) dict_keys(['example_sensor_decorator']) retrieved from /home/airflow/.local/lib/python3.7/site-packages/airflow/example_dags/example_sensor_decorator.py
[2024-06-24T15:28:20.381+0000] {logging_mixin.py:149} INFO - [2024-06-24T15:28:20.381+0000] {dag.py:2726} INFO - Sync 1 DAGs
[2024-06-24T15:28:20.391+0000] {logging_mixin.py:149} INFO - [2024-06-24T15:28:20.391+0000] {dag.py:3490} INFO - Setting next_dagrun for example_sensor_decorator to None, run_after=None
[2024-06-24T15:28:20.397+0000] {processor.py:178} INFO - Processing /home/airflow/.local/lib/python3.7/site-packages/airflow/example_dags/example_sensor_decorator.py took 0.032 seconds
[2024-06-24T15:28:51.259+0000] {processor.py:156} INFO - Started process (PID=2919) to work on /home/airflow/.local/lib/python3.7/site-packages/airflow/example_dags/example_sensor_decorator.py
[2024-06-24T15:28:51.259+0000] {processor.py:799} INFO - Processing file /home/airflow/.local/lib/python3.7/site-packages/airflow/example_dags/example_sensor_decorator.py for tasks to queue
[2024-06-24T15:28:51.260+0000] {logging_mixin.py:149} INFO - [2024-06-24T15:28:51.259+0000] {dagbag.py:541} INFO - Filling up the DagBag from /home/airflow/.local/lib/python3.7/site-packages/airflow/example_dags/example_sensor_decorator.py
[2024-06-24T15:28:51.262+0000] {processor.py:809} INFO - DAG(s) dict_keys(['example_sensor_decorator']) retrieved from /home/airflow/.local/lib/python3.7/site-packages/airflow/example_dags/example_sensor_decorator.py
[2024-06-24T15:28:51.272+0000] {logging_mixin.py:149} INFO - [2024-06-24T15:28:51.272+0000] {dag.py:2726} INFO - Sync 1 DAGs
[2024-06-24T15:28:51.286+0000] {logging_mixin.py:149} INFO - [2024-06-24T15:28:51.286+0000] {dag.py:3490} INFO - Setting next_dagrun for example_sensor_decorator to None, run_after=None
[2024-06-24T15:28:51.293+0000] {processor.py:178} INFO - Processing /home/airflow/.local/lib/python3.7/site-packages/airflow/example_dags/example_sensor_decorator.py took 0.036 seconds
[2024-06-24T15:29:21.903+0000] {processor.py:156} INFO - Started process (PID=2987) to work on /home/airflow/.local/lib/python3.7/site-packages/airflow/example_dags/example_sensor_decorator.py
[2024-06-24T15:29:21.903+0000] {processor.py:799} INFO - Processing file /home/airflow/.local/lib/python3.7/site-packages/airflow/example_dags/example_sensor_decorator.py for tasks to queue
[2024-06-24T15:29:21.904+0000] {logging_mixin.py:149} INFO - [2024-06-24T15:29:21.904+0000] {dagbag.py:541} INFO - Filling up the DagBag from /home/airflow/.local/lib/python3.7/site-packages/airflow/example_dags/example_sensor_decorator.py
[2024-06-24T15:29:21.906+0000] {processor.py:809} INFO - DAG(s) dict_keys(['example_sensor_decorator']) retrieved from /home/airflow/.local/lib/python3.7/site-packages/airflow/example_dags/example_sensor_decorator.py
[2024-06-24T15:29:21.915+0000] {logging_mixin.py:149} INFO - [2024-06-24T15:29:21.915+0000] {dag.py:2726} INFO - Sync 1 DAGs
[2024-06-24T15:29:21.925+0000] {logging_mixin.py:149} INFO - [2024-06-24T15:29:21.925+0000] {dag.py:3490} INFO - Setting next_dagrun for example_sensor_decorator to None, run_after=None
[2024-06-24T15:29:21.932+0000] {processor.py:178} INFO - Processing /home/airflow/.local/lib/python3.7/site-packages/airflow/example_dags/example_sensor_decorator.py took 0.030 seconds
[2024-06-24T15:29:52.604+0000] {processor.py:156} INFO - Started process (PID=3056) to work on /home/airflow/.local/lib/python3.7/site-packages/airflow/example_dags/example_sensor_decorator.py
[2024-06-24T15:29:52.605+0000] {processor.py:799} INFO - Processing file /home/airflow/.local/lib/python3.7/site-packages/airflow/example_dags/example_sensor_decorator.py for tasks to queue
[2024-06-24T15:29:52.605+0000] {logging_mixin.py:149} INFO - [2024-06-24T15:29:52.605+0000] {dagbag.py:541} INFO - Filling up the DagBag from /home/airflow/.local/lib/python3.7/site-packages/airflow/example_dags/example_sensor_decorator.py
[2024-06-24T15:29:52.607+0000] {processor.py:809} INFO - DAG(s) dict_keys(['example_sensor_decorator']) retrieved from /home/airflow/.local/lib/python3.7/site-packages/airflow/example_dags/example_sensor_decorator.py
[2024-06-24T15:29:52.617+0000] {logging_mixin.py:149} INFO - [2024-06-24T15:29:52.617+0000] {dag.py:2726} INFO - Sync 1 DAGs
[2024-06-24T15:29:52.628+0000] {logging_mixin.py:149} INFO - [2024-06-24T15:29:52.628+0000] {dag.py:3490} INFO - Setting next_dagrun for example_sensor_decorator to None, run_after=None
[2024-06-24T15:29:52.634+0000] {processor.py:178} INFO - Processing /home/airflow/.local/lib/python3.7/site-packages/airflow/example_dags/example_sensor_decorator.py took 0.031 seconds
[2024-06-24T15:30:23.256+0000] {processor.py:156} INFO - Started process (PID=3124) to work on /home/airflow/.local/lib/python3.7/site-packages/airflow/example_dags/example_sensor_decorator.py
[2024-06-24T15:30:23.256+0000] {processor.py:799} INFO - Processing file /home/airflow/.local/lib/python3.7/site-packages/airflow/example_dags/example_sensor_decorator.py for tasks to queue
[2024-06-24T15:30:23.256+0000] {logging_mixin.py:149} INFO - [2024-06-24T15:30:23.256+0000] {dagbag.py:541} INFO - Filling up the DagBag from /home/airflow/.local/lib/python3.7/site-packages/airflow/example_dags/example_sensor_decorator.py
[2024-06-24T15:30:23.259+0000] {processor.py:809} INFO - DAG(s) dict_keys(['example_sensor_decorator']) retrieved from /home/airflow/.local/lib/python3.7/site-packages/airflow/example_dags/example_sensor_decorator.py
[2024-06-24T15:30:23.269+0000] {logging_mixin.py:149} INFO - [2024-06-24T15:30:23.269+0000] {dag.py:2726} INFO - Sync 1 DAGs
[2024-06-24T15:30:23.280+0000] {logging_mixin.py:149} INFO - [2024-06-24T15:30:23.280+0000] {dag.py:3490} INFO - Setting next_dagrun for example_sensor_decorator to None, run_after=None
[2024-06-24T15:30:23.286+0000] {processor.py:178} INFO - Processing /home/airflow/.local/lib/python3.7/site-packages/airflow/example_dags/example_sensor_decorator.py took 0.032 seconds
