[2024-06-24T15:03:49.961+0000] {processor.py:156} INFO - Started process (PID=59) to work on /home/airflow/.local/lib/python3.7/site-packages/airflow/example_dags/example_xcom.py
[2024-06-24T15:03:49.962+0000] {processor.py:799} INFO - Processing file /home/airflow/.local/lib/python3.7/site-packages/airflow/example_dags/example_xcom.py for tasks to queue
[2024-06-24T15:03:49.963+0000] {logging_mixin.py:149} INFO - [2024-06-24T15:03:49.963+0000] {dagbag.py:541} INFO - Filling up the DagBag from /home/airflow/.local/lib/python3.7/site-packages/airflow/example_dags/example_xcom.py
[2024-06-24T15:03:49.970+0000] {processor.py:809} INFO - DAG(s) dict_keys(['example_xcom']) retrieved from /home/airflow/.local/lib/python3.7/site-packages/airflow/example_dags/example_xcom.py
[2024-06-24T15:03:50.044+0000] {logging_mixin.py:149} INFO - [2024-06-24T15:03:50.044+0000] {manager.py:504} INFO - Created Permission View: can delete on DAG:example_xcom
[2024-06-24T15:03:50.053+0000] {logging_mixin.py:149} INFO - [2024-06-24T15:03:50.053+0000] {manager.py:504} INFO - Created Permission View: can edit on DAG:example_xcom
[2024-06-24T15:03:50.058+0000] {logging_mixin.py:149} INFO - [2024-06-24T15:03:50.058+0000] {manager.py:504} INFO - Created Permission View: can read on DAG:example_xcom
[2024-06-24T15:03:50.058+0000] {logging_mixin.py:149} INFO - [2024-06-24T15:03:50.058+0000] {dag.py:2726} INFO - Sync 1 DAGs
[2024-06-24T15:03:50.068+0000] {logging_mixin.py:149} INFO - [2024-06-24T15:03:50.067+0000] {dag.py:2747} INFO - Creating ORM DAG for example_xcom
[2024-06-24T15:03:50.075+0000] {logging_mixin.py:149} INFO - [2024-06-24T15:03:50.075+0000] {dag.py:3490} INFO - Setting next_dagrun for example_xcom to 2021-01-01T00:00:00+00:00, run_after=2021-01-01T00:00:00+00:00
[2024-06-24T15:03:50.087+0000] {processor.py:178} INFO - Processing /home/airflow/.local/lib/python3.7/site-packages/airflow/example_dags/example_xcom.py took 0.128 seconds
[2024-06-24T15:04:20.966+0000] {processor.py:156} INFO - Started process (PID=128) to work on /home/airflow/.local/lib/python3.7/site-packages/airflow/example_dags/example_xcom.py
[2024-06-24T15:04:20.967+0000] {processor.py:799} INFO - Processing file /home/airflow/.local/lib/python3.7/site-packages/airflow/example_dags/example_xcom.py for tasks to queue
[2024-06-24T15:04:20.967+0000] {logging_mixin.py:149} INFO - [2024-06-24T15:04:20.967+0000] {dagbag.py:541} INFO - Filling up the DagBag from /home/airflow/.local/lib/python3.7/site-packages/airflow/example_dags/example_xcom.py
[2024-06-24T15:04:20.972+0000] {processor.py:809} INFO - DAG(s) dict_keys(['example_xcom']) retrieved from /home/airflow/.local/lib/python3.7/site-packages/airflow/example_dags/example_xcom.py
[2024-06-24T15:04:20.986+0000] {logging_mixin.py:149} INFO - [2024-06-24T15:04:20.986+0000] {dag.py:2726} INFO - Sync 1 DAGs
[2024-06-24T15:04:20.997+0000] {logging_mixin.py:149} INFO - [2024-06-24T15:04:20.997+0000] {dag.py:3490} INFO - Setting next_dagrun for example_xcom to 2021-01-01T00:00:00+00:00, run_after=2021-01-01T00:00:00+00:00
[2024-06-24T15:04:21.007+0000] {processor.py:178} INFO - Processing /home/airflow/.local/lib/python3.7/site-packages/airflow/example_dags/example_xcom.py took 0.043 seconds
[2024-06-24T15:04:51.614+0000] {processor.py:156} INFO - Started process (PID=196) to work on /home/airflow/.local/lib/python3.7/site-packages/airflow/example_dags/example_xcom.py
[2024-06-24T15:04:51.614+0000] {processor.py:799} INFO - Processing file /home/airflow/.local/lib/python3.7/site-packages/airflow/example_dags/example_xcom.py for tasks to queue
[2024-06-24T15:04:51.614+0000] {logging_mixin.py:149} INFO - [2024-06-24T15:04:51.614+0000] {dagbag.py:541} INFO - Filling up the DagBag from /home/airflow/.local/lib/python3.7/site-packages/airflow/example_dags/example_xcom.py
[2024-06-24T15:04:51.618+0000] {processor.py:809} INFO - DAG(s) dict_keys(['example_xcom']) retrieved from /home/airflow/.local/lib/python3.7/site-packages/airflow/example_dags/example_xcom.py
[2024-06-24T15:04:51.629+0000] {logging_mixin.py:149} INFO - [2024-06-24T15:04:51.629+0000] {dag.py:2726} INFO - Sync 1 DAGs
[2024-06-24T15:04:51.640+0000] {logging_mixin.py:149} INFO - [2024-06-24T15:04:51.640+0000] {dag.py:3490} INFO - Setting next_dagrun for example_xcom to 2021-01-01T00:00:00+00:00, run_after=2021-01-01T00:00:00+00:00
[2024-06-24T15:04:51.647+0000] {processor.py:178} INFO - Processing /home/airflow/.local/lib/python3.7/site-packages/airflow/example_dags/example_xcom.py took 0.034 seconds
[2024-06-24T15:05:22.167+0000] {processor.py:156} INFO - Started process (PID=265) to work on /home/airflow/.local/lib/python3.7/site-packages/airflow/example_dags/example_xcom.py
[2024-06-24T15:05:22.167+0000] {processor.py:799} INFO - Processing file /home/airflow/.local/lib/python3.7/site-packages/airflow/example_dags/example_xcom.py for tasks to queue
[2024-06-24T15:05:22.167+0000] {logging_mixin.py:149} INFO - [2024-06-24T15:05:22.167+0000] {dagbag.py:541} INFO - Filling up the DagBag from /home/airflow/.local/lib/python3.7/site-packages/airflow/example_dags/example_xcom.py
[2024-06-24T15:05:22.171+0000] {processor.py:809} INFO - DAG(s) dict_keys(['example_xcom']) retrieved from /home/airflow/.local/lib/python3.7/site-packages/airflow/example_dags/example_xcom.py
[2024-06-24T15:05:22.182+0000] {logging_mixin.py:149} INFO - [2024-06-24T15:05:22.182+0000] {dag.py:2726} INFO - Sync 1 DAGs
[2024-06-24T15:05:22.192+0000] {logging_mixin.py:149} INFO - [2024-06-24T15:05:22.192+0000] {dag.py:3490} INFO - Setting next_dagrun for example_xcom to 2021-01-01T00:00:00+00:00, run_after=2021-01-01T00:00:00+00:00
[2024-06-24T15:05:22.200+0000] {processor.py:178} INFO - Processing /home/airflow/.local/lib/python3.7/site-packages/airflow/example_dags/example_xcom.py took 0.035 seconds
[2024-06-24T15:05:52.805+0000] {processor.py:156} INFO - Started process (PID=334) to work on /home/airflow/.local/lib/python3.7/site-packages/airflow/example_dags/example_xcom.py
[2024-06-24T15:05:52.806+0000] {processor.py:799} INFO - Processing file /home/airflow/.local/lib/python3.7/site-packages/airflow/example_dags/example_xcom.py for tasks to queue
[2024-06-24T15:05:52.806+0000] {logging_mixin.py:149} INFO - [2024-06-24T15:05:52.806+0000] {dagbag.py:541} INFO - Filling up the DagBag from /home/airflow/.local/lib/python3.7/site-packages/airflow/example_dags/example_xcom.py
[2024-06-24T15:05:52.809+0000] {processor.py:809} INFO - DAG(s) dict_keys(['example_xcom']) retrieved from /home/airflow/.local/lib/python3.7/site-packages/airflow/example_dags/example_xcom.py
[2024-06-24T15:05:52.820+0000] {logging_mixin.py:149} INFO - [2024-06-24T15:05:52.820+0000] {dag.py:2726} INFO - Sync 1 DAGs
[2024-06-24T15:05:52.831+0000] {logging_mixin.py:149} INFO - [2024-06-24T15:05:52.831+0000] {dag.py:3490} INFO - Setting next_dagrun for example_xcom to 2021-01-01T00:00:00+00:00, run_after=2021-01-01T00:00:00+00:00
[2024-06-24T15:05:52.838+0000] {processor.py:178} INFO - Processing /home/airflow/.local/lib/python3.7/site-packages/airflow/example_dags/example_xcom.py took 0.034 seconds
[2024-06-24T15:06:23.442+0000] {processor.py:156} INFO - Started process (PID=402) to work on /home/airflow/.local/lib/python3.7/site-packages/airflow/example_dags/example_xcom.py
[2024-06-24T15:06:23.443+0000] {processor.py:799} INFO - Processing file /home/airflow/.local/lib/python3.7/site-packages/airflow/example_dags/example_xcom.py for tasks to queue
[2024-06-24T15:06:23.443+0000] {logging_mixin.py:149} INFO - [2024-06-24T15:06:23.443+0000] {dagbag.py:541} INFO - Filling up the DagBag from /home/airflow/.local/lib/python3.7/site-packages/airflow/example_dags/example_xcom.py
[2024-06-24T15:06:23.446+0000] {processor.py:809} INFO - DAG(s) dict_keys(['example_xcom']) retrieved from /home/airflow/.local/lib/python3.7/site-packages/airflow/example_dags/example_xcom.py
[2024-06-24T15:06:23.458+0000] {logging_mixin.py:149} INFO - [2024-06-24T15:06:23.458+0000] {dag.py:2726} INFO - Sync 1 DAGs
[2024-06-24T15:06:23.468+0000] {logging_mixin.py:149} INFO - [2024-06-24T15:06:23.468+0000] {dag.py:3490} INFO - Setting next_dagrun for example_xcom to 2021-01-01T00:00:00+00:00, run_after=2021-01-01T00:00:00+00:00
[2024-06-24T15:06:23.475+0000] {processor.py:178} INFO - Processing /home/airflow/.local/lib/python3.7/site-packages/airflow/example_dags/example_xcom.py took 0.034 seconds
[2024-06-24T15:06:54.060+0000] {processor.py:156} INFO - Started process (PID=471) to work on /home/airflow/.local/lib/python3.7/site-packages/airflow/example_dags/example_xcom.py
[2024-06-24T15:06:54.060+0000] {processor.py:799} INFO - Processing file /home/airflow/.local/lib/python3.7/site-packages/airflow/example_dags/example_xcom.py for tasks to queue
[2024-06-24T15:06:54.061+0000] {logging_mixin.py:149} INFO - [2024-06-24T15:06:54.061+0000] {dagbag.py:541} INFO - Filling up the DagBag from /home/airflow/.local/lib/python3.7/site-packages/airflow/example_dags/example_xcom.py
[2024-06-24T15:06:54.064+0000] {processor.py:809} INFO - DAG(s) dict_keys(['example_xcom']) retrieved from /home/airflow/.local/lib/python3.7/site-packages/airflow/example_dags/example_xcom.py
[2024-06-24T15:06:54.074+0000] {logging_mixin.py:149} INFO - [2024-06-24T15:06:54.074+0000] {dag.py:2726} INFO - Sync 1 DAGs
[2024-06-24T15:06:54.083+0000] {logging_mixin.py:149} INFO - [2024-06-24T15:06:54.083+0000] {dag.py:3490} INFO - Setting next_dagrun for example_xcom to 2021-01-01T00:00:00+00:00, run_after=2021-01-01T00:00:00+00:00
[2024-06-24T15:06:54.089+0000] {processor.py:178} INFO - Processing /home/airflow/.local/lib/python3.7/site-packages/airflow/example_dags/example_xcom.py took 0.030 seconds
[2024-06-24T15:07:53.551+0000] {processor.py:156} INFO - Started process (PID=59) to work on /home/airflow/.local/lib/python3.7/site-packages/airflow/example_dags/example_xcom.py
[2024-06-24T15:07:53.551+0000] {processor.py:799} INFO - Processing file /home/airflow/.local/lib/python3.7/site-packages/airflow/example_dags/example_xcom.py for tasks to queue
[2024-06-24T15:07:53.552+0000] {logging_mixin.py:149} INFO - [2024-06-24T15:07:53.551+0000] {dagbag.py:541} INFO - Filling up the DagBag from /home/airflow/.local/lib/python3.7/site-packages/airflow/example_dags/example_xcom.py
[2024-06-24T15:07:53.557+0000] {processor.py:809} INFO - DAG(s) dict_keys(['example_xcom']) retrieved from /home/airflow/.local/lib/python3.7/site-packages/airflow/example_dags/example_xcom.py
[2024-06-24T15:07:53.563+0000] {logging_mixin.py:149} INFO - [2024-06-24T15:07:53.563+0000] {dag.py:2726} INFO - Sync 1 DAGs
[2024-06-24T15:07:53.577+0000] {logging_mixin.py:149} INFO - [2024-06-24T15:07:53.577+0000] {dag.py:3490} INFO - Setting next_dagrun for example_xcom to 2021-01-01T00:00:00+00:00, run_after=2021-01-01T00:00:00+00:00
[2024-06-24T15:07:53.586+0000] {processor.py:178} INFO - Processing /home/airflow/.local/lib/python3.7/site-packages/airflow/example_dags/example_xcom.py took 0.037 seconds
[2024-06-24T15:08:23.904+0000] {processor.py:156} INFO - Started process (PID=132) to work on /home/airflow/.local/lib/python3.7/site-packages/airflow/example_dags/example_xcom.py
[2024-06-24T15:08:23.904+0000] {processor.py:799} INFO - Processing file /home/airflow/.local/lib/python3.7/site-packages/airflow/example_dags/example_xcom.py for tasks to queue
[2024-06-24T15:08:23.904+0000] {logging_mixin.py:149} INFO - [2024-06-24T15:08:23.904+0000] {dagbag.py:541} INFO - Filling up the DagBag from /home/airflow/.local/lib/python3.7/site-packages/airflow/example_dags/example_xcom.py
[2024-06-24T15:08:23.908+0000] {processor.py:809} INFO - DAG(s) dict_keys(['example_xcom']) retrieved from /home/airflow/.local/lib/python3.7/site-packages/airflow/example_dags/example_xcom.py
[2024-06-24T15:08:23.920+0000] {logging_mixin.py:149} INFO - [2024-06-24T15:08:23.919+0000] {dag.py:2726} INFO - Sync 1 DAGs
[2024-06-24T15:08:23.931+0000] {logging_mixin.py:149} INFO - [2024-06-24T15:08:23.931+0000] {dag.py:3490} INFO - Setting next_dagrun for example_xcom to 2021-01-01T00:00:00+00:00, run_after=2021-01-01T00:00:00+00:00
[2024-06-24T15:08:23.939+0000] {processor.py:178} INFO - Processing /home/airflow/.local/lib/python3.7/site-packages/airflow/example_dags/example_xcom.py took 0.037 seconds
[2024-06-24T15:08:54.519+0000] {processor.py:156} INFO - Started process (PID=201) to work on /home/airflow/.local/lib/python3.7/site-packages/airflow/example_dags/example_xcom.py
[2024-06-24T15:08:54.520+0000] {processor.py:799} INFO - Processing file /home/airflow/.local/lib/python3.7/site-packages/airflow/example_dags/example_xcom.py for tasks to queue
[2024-06-24T15:08:54.520+0000] {logging_mixin.py:149} INFO - [2024-06-24T15:08:54.520+0000] {dagbag.py:541} INFO - Filling up the DagBag from /home/airflow/.local/lib/python3.7/site-packages/airflow/example_dags/example_xcom.py
[2024-06-24T15:08:54.523+0000] {processor.py:809} INFO - DAG(s) dict_keys(['example_xcom']) retrieved from /home/airflow/.local/lib/python3.7/site-packages/airflow/example_dags/example_xcom.py
[2024-06-24T15:08:54.533+0000] {logging_mixin.py:149} INFO - [2024-06-24T15:08:54.533+0000] {dag.py:2726} INFO - Sync 1 DAGs
[2024-06-24T15:08:54.543+0000] {logging_mixin.py:149} INFO - [2024-06-24T15:08:54.543+0000] {dag.py:3490} INFO - Setting next_dagrun for example_xcom to 2021-01-01T00:00:00+00:00, run_after=2021-01-01T00:00:00+00:00
[2024-06-24T15:08:54.549+0000] {processor.py:178} INFO - Processing /home/airflow/.local/lib/python3.7/site-packages/airflow/example_dags/example_xcom.py took 0.031 seconds
[2024-06-24T15:09:25.302+0000] {processor.py:156} INFO - Started process (PID=270) to work on /home/airflow/.local/lib/python3.7/site-packages/airflow/example_dags/example_xcom.py
[2024-06-24T15:09:25.302+0000] {processor.py:799} INFO - Processing file /home/airflow/.local/lib/python3.7/site-packages/airflow/example_dags/example_xcom.py for tasks to queue
[2024-06-24T15:09:25.303+0000] {logging_mixin.py:149} INFO - [2024-06-24T15:09:25.303+0000] {dagbag.py:541} INFO - Filling up the DagBag from /home/airflow/.local/lib/python3.7/site-packages/airflow/example_dags/example_xcom.py
[2024-06-24T15:09:25.306+0000] {processor.py:809} INFO - DAG(s) dict_keys(['example_xcom']) retrieved from /home/airflow/.local/lib/python3.7/site-packages/airflow/example_dags/example_xcom.py
[2024-06-24T15:09:25.315+0000] {logging_mixin.py:149} INFO - [2024-06-24T15:09:25.315+0000] {dag.py:2726} INFO - Sync 1 DAGs
[2024-06-24T15:09:25.324+0000] {logging_mixin.py:149} INFO - [2024-06-24T15:09:25.324+0000] {dag.py:3490} INFO - Setting next_dagrun for example_xcom to 2021-01-01T00:00:00+00:00, run_after=2021-01-01T00:00:00+00:00
[2024-06-24T15:09:25.331+0000] {processor.py:178} INFO - Processing /home/airflow/.local/lib/python3.7/site-packages/airflow/example_dags/example_xcom.py took 0.030 seconds
[2024-06-24T15:09:55.910+0000] {processor.py:156} INFO - Started process (PID=339) to work on /home/airflow/.local/lib/python3.7/site-packages/airflow/example_dags/example_xcom.py
[2024-06-24T15:09:55.910+0000] {processor.py:799} INFO - Processing file /home/airflow/.local/lib/python3.7/site-packages/airflow/example_dags/example_xcom.py for tasks to queue
[2024-06-24T15:09:55.911+0000] {logging_mixin.py:149} INFO - [2024-06-24T15:09:55.911+0000] {dagbag.py:541} INFO - Filling up the DagBag from /home/airflow/.local/lib/python3.7/site-packages/airflow/example_dags/example_xcom.py
[2024-06-24T15:09:55.916+0000] {processor.py:809} INFO - DAG(s) dict_keys(['example_xcom']) retrieved from /home/airflow/.local/lib/python3.7/site-packages/airflow/example_dags/example_xcom.py
[2024-06-24T15:09:55.926+0000] {logging_mixin.py:149} INFO - [2024-06-24T15:09:55.926+0000] {dag.py:2726} INFO - Sync 1 DAGs
[2024-06-24T15:09:55.937+0000] {logging_mixin.py:149} INFO - [2024-06-24T15:09:55.937+0000] {dag.py:3490} INFO - Setting next_dagrun for example_xcom to 2021-01-01T00:00:00+00:00, run_after=2021-01-01T00:00:00+00:00
[2024-06-24T15:09:55.944+0000] {processor.py:178} INFO - Processing /home/airflow/.local/lib/python3.7/site-packages/airflow/example_dags/example_xcom.py took 0.035 seconds
[2024-06-24T15:10:26.575+0000] {processor.py:156} INFO - Started process (PID=408) to work on /home/airflow/.local/lib/python3.7/site-packages/airflow/example_dags/example_xcom.py
[2024-06-24T15:10:26.576+0000] {processor.py:799} INFO - Processing file /home/airflow/.local/lib/python3.7/site-packages/airflow/example_dags/example_xcom.py for tasks to queue
[2024-06-24T15:10:26.576+0000] {logging_mixin.py:149} INFO - [2024-06-24T15:10:26.576+0000] {dagbag.py:541} INFO - Filling up the DagBag from /home/airflow/.local/lib/python3.7/site-packages/airflow/example_dags/example_xcom.py
[2024-06-24T15:10:26.579+0000] {processor.py:809} INFO - DAG(s) dict_keys(['example_xcom']) retrieved from /home/airflow/.local/lib/python3.7/site-packages/airflow/example_dags/example_xcom.py
[2024-06-24T15:10:26.591+0000] {logging_mixin.py:149} INFO - [2024-06-24T15:10:26.591+0000] {dag.py:2726} INFO - Sync 1 DAGs
[2024-06-24T15:10:26.604+0000] {logging_mixin.py:149} INFO - [2024-06-24T15:10:26.604+0000] {dag.py:3490} INFO - Setting next_dagrun for example_xcom to 2021-01-01T00:00:00+00:00, run_after=2021-01-01T00:00:00+00:00
[2024-06-24T15:10:26.612+0000] {processor.py:178} INFO - Processing /home/airflow/.local/lib/python3.7/site-packages/airflow/example_dags/example_xcom.py took 0.038 seconds
[2024-06-24T15:10:57.309+0000] {processor.py:156} INFO - Started process (PID=477) to work on /home/airflow/.local/lib/python3.7/site-packages/airflow/example_dags/example_xcom.py
[2024-06-24T15:10:57.309+0000] {processor.py:799} INFO - Processing file /home/airflow/.local/lib/python3.7/site-packages/airflow/example_dags/example_xcom.py for tasks to queue
[2024-06-24T15:10:57.310+0000] {logging_mixin.py:149} INFO - [2024-06-24T15:10:57.310+0000] {dagbag.py:541} INFO - Filling up the DagBag from /home/airflow/.local/lib/python3.7/site-packages/airflow/example_dags/example_xcom.py
[2024-06-24T15:10:57.313+0000] {processor.py:809} INFO - DAG(s) dict_keys(['example_xcom']) retrieved from /home/airflow/.local/lib/python3.7/site-packages/airflow/example_dags/example_xcom.py
[2024-06-24T15:10:57.324+0000] {logging_mixin.py:149} INFO - [2024-06-24T15:10:57.324+0000] {dag.py:2726} INFO - Sync 1 DAGs
[2024-06-24T15:10:57.338+0000] {logging_mixin.py:149} INFO - [2024-06-24T15:10:57.338+0000] {dag.py:3490} INFO - Setting next_dagrun for example_xcom to 2021-01-01T00:00:00+00:00, run_after=2021-01-01T00:00:00+00:00
[2024-06-24T15:10:57.348+0000] {processor.py:178} INFO - Processing /home/airflow/.local/lib/python3.7/site-packages/airflow/example_dags/example_xcom.py took 0.040 seconds
[2024-06-24T15:11:28.063+0000] {processor.py:156} INFO - Started process (PID=546) to work on /home/airflow/.local/lib/python3.7/site-packages/airflow/example_dags/example_xcom.py
[2024-06-24T15:11:28.064+0000] {processor.py:799} INFO - Processing file /home/airflow/.local/lib/python3.7/site-packages/airflow/example_dags/example_xcom.py for tasks to queue
[2024-06-24T15:11:28.064+0000] {logging_mixin.py:149} INFO - [2024-06-24T15:11:28.064+0000] {dagbag.py:541} INFO - Filling up the DagBag from /home/airflow/.local/lib/python3.7/site-packages/airflow/example_dags/example_xcom.py
[2024-06-24T15:11:28.067+0000] {processor.py:809} INFO - DAG(s) dict_keys(['example_xcom']) retrieved from /home/airflow/.local/lib/python3.7/site-packages/airflow/example_dags/example_xcom.py
[2024-06-24T15:11:28.077+0000] {logging_mixin.py:149} INFO - [2024-06-24T15:11:28.077+0000] {dag.py:2726} INFO - Sync 1 DAGs
[2024-06-24T15:11:28.087+0000] {logging_mixin.py:149} INFO - [2024-06-24T15:11:28.087+0000] {dag.py:3490} INFO - Setting next_dagrun for example_xcom to 2021-01-01T00:00:00+00:00, run_after=2021-01-01T00:00:00+00:00
[2024-06-24T15:11:28.094+0000] {processor.py:178} INFO - Processing /home/airflow/.local/lib/python3.7/site-packages/airflow/example_dags/example_xcom.py took 0.032 seconds
[2024-06-24T15:11:58.803+0000] {processor.py:156} INFO - Started process (PID=615) to work on /home/airflow/.local/lib/python3.7/site-packages/airflow/example_dags/example_xcom.py
[2024-06-24T15:11:58.803+0000] {processor.py:799} INFO - Processing file /home/airflow/.local/lib/python3.7/site-packages/airflow/example_dags/example_xcom.py for tasks to queue
[2024-06-24T15:11:58.803+0000] {logging_mixin.py:149} INFO - [2024-06-24T15:11:58.803+0000] {dagbag.py:541} INFO - Filling up the DagBag from /home/airflow/.local/lib/python3.7/site-packages/airflow/example_dags/example_xcom.py
[2024-06-24T15:11:58.807+0000] {processor.py:809} INFO - DAG(s) dict_keys(['example_xcom']) retrieved from /home/airflow/.local/lib/python3.7/site-packages/airflow/example_dags/example_xcom.py
[2024-06-24T15:11:58.819+0000] {logging_mixin.py:149} INFO - [2024-06-24T15:11:58.819+0000] {dag.py:2726} INFO - Sync 1 DAGs
[2024-06-24T15:11:58.831+0000] {logging_mixin.py:149} INFO - [2024-06-24T15:11:58.831+0000] {dag.py:3490} INFO - Setting next_dagrun for example_xcom to 2021-01-01T00:00:00+00:00, run_after=2021-01-01T00:00:00+00:00
[2024-06-24T15:11:58.838+0000] {processor.py:178} INFO - Processing /home/airflow/.local/lib/python3.7/site-packages/airflow/example_dags/example_xcom.py took 0.037 seconds
[2024-06-24T15:12:29.497+0000] {processor.py:156} INFO - Started process (PID=684) to work on /home/airflow/.local/lib/python3.7/site-packages/airflow/example_dags/example_xcom.py
[2024-06-24T15:12:29.498+0000] {processor.py:799} INFO - Processing file /home/airflow/.local/lib/python3.7/site-packages/airflow/example_dags/example_xcom.py for tasks to queue
[2024-06-24T15:12:29.498+0000] {logging_mixin.py:149} INFO - [2024-06-24T15:12:29.498+0000] {dagbag.py:541} INFO - Filling up the DagBag from /home/airflow/.local/lib/python3.7/site-packages/airflow/example_dags/example_xcom.py
[2024-06-24T15:12:29.501+0000] {processor.py:809} INFO - DAG(s) dict_keys(['example_xcom']) retrieved from /home/airflow/.local/lib/python3.7/site-packages/airflow/example_dags/example_xcom.py
[2024-06-24T15:12:29.512+0000] {logging_mixin.py:149} INFO - [2024-06-24T15:12:29.512+0000] {dag.py:2726} INFO - Sync 1 DAGs
[2024-06-24T15:12:29.522+0000] {logging_mixin.py:149} INFO - [2024-06-24T15:12:29.522+0000] {dag.py:3490} INFO - Setting next_dagrun for example_xcom to 2021-01-01T00:00:00+00:00, run_after=2021-01-01T00:00:00+00:00
[2024-06-24T15:12:29.531+0000] {processor.py:178} INFO - Processing /home/airflow/.local/lib/python3.7/site-packages/airflow/example_dags/example_xcom.py took 0.035 seconds
[2024-06-24T15:13:00.150+0000] {processor.py:156} INFO - Started process (PID=753) to work on /home/airflow/.local/lib/python3.7/site-packages/airflow/example_dags/example_xcom.py
[2024-06-24T15:13:00.150+0000] {processor.py:799} INFO - Processing file /home/airflow/.local/lib/python3.7/site-packages/airflow/example_dags/example_xcom.py for tasks to queue
[2024-06-24T15:13:00.151+0000] {logging_mixin.py:149} INFO - [2024-06-24T15:13:00.151+0000] {dagbag.py:541} INFO - Filling up the DagBag from /home/airflow/.local/lib/python3.7/site-packages/airflow/example_dags/example_xcom.py
[2024-06-24T15:13:00.154+0000] {processor.py:809} INFO - DAG(s) dict_keys(['example_xcom']) retrieved from /home/airflow/.local/lib/python3.7/site-packages/airflow/example_dags/example_xcom.py
[2024-06-24T15:13:00.164+0000] {logging_mixin.py:149} INFO - [2024-06-24T15:13:00.164+0000] {dag.py:2726} INFO - Sync 1 DAGs
[2024-06-24T15:13:00.175+0000] {logging_mixin.py:149} INFO - [2024-06-24T15:13:00.175+0000] {dag.py:3490} INFO - Setting next_dagrun for example_xcom to 2021-01-01T00:00:00+00:00, run_after=2021-01-01T00:00:00+00:00
[2024-06-24T15:13:00.182+0000] {processor.py:178} INFO - Processing /home/airflow/.local/lib/python3.7/site-packages/airflow/example_dags/example_xcom.py took 0.033 seconds
[2024-06-24T15:13:30.875+0000] {processor.py:156} INFO - Started process (PID=822) to work on /home/airflow/.local/lib/python3.7/site-packages/airflow/example_dags/example_xcom.py
[2024-06-24T15:13:30.875+0000] {processor.py:799} INFO - Processing file /home/airflow/.local/lib/python3.7/site-packages/airflow/example_dags/example_xcom.py for tasks to queue
[2024-06-24T15:13:30.876+0000] {logging_mixin.py:149} INFO - [2024-06-24T15:13:30.876+0000] {dagbag.py:541} INFO - Filling up the DagBag from /home/airflow/.local/lib/python3.7/site-packages/airflow/example_dags/example_xcom.py
[2024-06-24T15:13:30.878+0000] {processor.py:809} INFO - DAG(s) dict_keys(['example_xcom']) retrieved from /home/airflow/.local/lib/python3.7/site-packages/airflow/example_dags/example_xcom.py
[2024-06-24T15:13:30.888+0000] {logging_mixin.py:149} INFO - [2024-06-24T15:13:30.888+0000] {dag.py:2726} INFO - Sync 1 DAGs
[2024-06-24T15:13:30.897+0000] {logging_mixin.py:149} INFO - [2024-06-24T15:13:30.897+0000] {dag.py:3490} INFO - Setting next_dagrun for example_xcom to 2021-01-01T00:00:00+00:00, run_after=2021-01-01T00:00:00+00:00
[2024-06-24T15:13:30.903+0000] {processor.py:178} INFO - Processing /home/airflow/.local/lib/python3.7/site-packages/airflow/example_dags/example_xcom.py took 0.030 seconds
[2024-06-24T15:14:01.429+0000] {processor.py:156} INFO - Started process (PID=891) to work on /home/airflow/.local/lib/python3.7/site-packages/airflow/example_dags/example_xcom.py
[2024-06-24T15:14:01.429+0000] {processor.py:799} INFO - Processing file /home/airflow/.local/lib/python3.7/site-packages/airflow/example_dags/example_xcom.py for tasks to queue
[2024-06-24T15:14:01.429+0000] {logging_mixin.py:149} INFO - [2024-06-24T15:14:01.429+0000] {dagbag.py:541} INFO - Filling up the DagBag from /home/airflow/.local/lib/python3.7/site-packages/airflow/example_dags/example_xcom.py
[2024-06-24T15:14:01.432+0000] {processor.py:809} INFO - DAG(s) dict_keys(['example_xcom']) retrieved from /home/airflow/.local/lib/python3.7/site-packages/airflow/example_dags/example_xcom.py
[2024-06-24T15:14:01.442+0000] {logging_mixin.py:149} INFO - [2024-06-24T15:14:01.442+0000] {dag.py:2726} INFO - Sync 1 DAGs
[2024-06-24T15:14:01.452+0000] {logging_mixin.py:149} INFO - [2024-06-24T15:14:01.452+0000] {dag.py:3490} INFO - Setting next_dagrun for example_xcom to 2021-01-01T00:00:00+00:00, run_after=2021-01-01T00:00:00+00:00
[2024-06-24T15:14:01.460+0000] {processor.py:178} INFO - Processing /home/airflow/.local/lib/python3.7/site-packages/airflow/example_dags/example_xcom.py took 0.032 seconds
[2024-06-24T15:14:31.901+0000] {processor.py:156} INFO - Started process (PID=960) to work on /home/airflow/.local/lib/python3.7/site-packages/airflow/example_dags/example_xcom.py
[2024-06-24T15:14:31.901+0000] {processor.py:799} INFO - Processing file /home/airflow/.local/lib/python3.7/site-packages/airflow/example_dags/example_xcom.py for tasks to queue
[2024-06-24T15:14:31.902+0000] {logging_mixin.py:149} INFO - [2024-06-24T15:14:31.902+0000] {dagbag.py:541} INFO - Filling up the DagBag from /home/airflow/.local/lib/python3.7/site-packages/airflow/example_dags/example_xcom.py
[2024-06-24T15:14:31.904+0000] {processor.py:809} INFO - DAG(s) dict_keys(['example_xcom']) retrieved from /home/airflow/.local/lib/python3.7/site-packages/airflow/example_dags/example_xcom.py
[2024-06-24T15:14:31.914+0000] {logging_mixin.py:149} INFO - [2024-06-24T15:14:31.914+0000] {dag.py:2726} INFO - Sync 1 DAGs
[2024-06-24T15:14:31.924+0000] {logging_mixin.py:149} INFO - [2024-06-24T15:14:31.923+0000] {dag.py:3490} INFO - Setting next_dagrun for example_xcom to 2021-01-01T00:00:00+00:00, run_after=2021-01-01T00:00:00+00:00
[2024-06-24T15:14:31.930+0000] {processor.py:178} INFO - Processing /home/airflow/.local/lib/python3.7/site-packages/airflow/example_dags/example_xcom.py took 0.031 seconds
[2024-06-24T15:15:02.358+0000] {processor.py:156} INFO - Started process (PID=1029) to work on /home/airflow/.local/lib/python3.7/site-packages/airflow/example_dags/example_xcom.py
[2024-06-24T15:15:02.358+0000] {processor.py:799} INFO - Processing file /home/airflow/.local/lib/python3.7/site-packages/airflow/example_dags/example_xcom.py for tasks to queue
[2024-06-24T15:15:02.359+0000] {logging_mixin.py:149} INFO - [2024-06-24T15:15:02.359+0000] {dagbag.py:541} INFO - Filling up the DagBag from /home/airflow/.local/lib/python3.7/site-packages/airflow/example_dags/example_xcom.py
[2024-06-24T15:15:02.362+0000] {processor.py:809} INFO - DAG(s) dict_keys(['example_xcom']) retrieved from /home/airflow/.local/lib/python3.7/site-packages/airflow/example_dags/example_xcom.py
[2024-06-24T15:15:02.372+0000] {logging_mixin.py:149} INFO - [2024-06-24T15:15:02.372+0000] {dag.py:2726} INFO - Sync 1 DAGs
[2024-06-24T15:15:02.382+0000] {logging_mixin.py:149} INFO - [2024-06-24T15:15:02.382+0000] {dag.py:3490} INFO - Setting next_dagrun for example_xcom to 2021-01-01T00:00:00+00:00, run_after=2021-01-01T00:00:00+00:00
[2024-06-24T15:15:02.388+0000] {processor.py:178} INFO - Processing /home/airflow/.local/lib/python3.7/site-packages/airflow/example_dags/example_xcom.py took 0.032 seconds
[2024-06-24T15:15:33.067+0000] {processor.py:156} INFO - Started process (PID=1107) to work on /home/airflow/.local/lib/python3.7/site-packages/airflow/example_dags/example_xcom.py
[2024-06-24T15:15:33.068+0000] {processor.py:799} INFO - Processing file /home/airflow/.local/lib/python3.7/site-packages/airflow/example_dags/example_xcom.py for tasks to queue
[2024-06-24T15:15:33.068+0000] {logging_mixin.py:149} INFO - [2024-06-24T15:15:33.068+0000] {dagbag.py:541} INFO - Filling up the DagBag from /home/airflow/.local/lib/python3.7/site-packages/airflow/example_dags/example_xcom.py
[2024-06-24T15:15:33.071+0000] {processor.py:809} INFO - DAG(s) dict_keys(['example_xcom']) retrieved from /home/airflow/.local/lib/python3.7/site-packages/airflow/example_dags/example_xcom.py
[2024-06-24T15:15:33.081+0000] {logging_mixin.py:149} INFO - [2024-06-24T15:15:33.081+0000] {dag.py:2726} INFO - Sync 1 DAGs
[2024-06-24T15:15:33.091+0000] {logging_mixin.py:149} INFO - [2024-06-24T15:15:33.091+0000] {dag.py:3490} INFO - Setting next_dagrun for example_xcom to 2021-01-01T00:00:00+00:00, run_after=2021-01-01T00:00:00+00:00
[2024-06-24T15:15:33.098+0000] {processor.py:178} INFO - Processing /home/airflow/.local/lib/python3.7/site-packages/airflow/example_dags/example_xcom.py took 0.032 seconds
[2024-06-24T15:16:03.629+0000] {processor.py:156} INFO - Started process (PID=1176) to work on /home/airflow/.local/lib/python3.7/site-packages/airflow/example_dags/example_xcom.py
[2024-06-24T15:16:03.629+0000] {processor.py:799} INFO - Processing file /home/airflow/.local/lib/python3.7/site-packages/airflow/example_dags/example_xcom.py for tasks to queue
[2024-06-24T15:16:03.630+0000] {logging_mixin.py:149} INFO - [2024-06-24T15:16:03.630+0000] {dagbag.py:541} INFO - Filling up the DagBag from /home/airflow/.local/lib/python3.7/site-packages/airflow/example_dags/example_xcom.py
[2024-06-24T15:16:03.633+0000] {processor.py:809} INFO - DAG(s) dict_keys(['example_xcom']) retrieved from /home/airflow/.local/lib/python3.7/site-packages/airflow/example_dags/example_xcom.py
[2024-06-24T15:16:03.643+0000] {logging_mixin.py:149} INFO - [2024-06-24T15:16:03.643+0000] {dag.py:2726} INFO - Sync 1 DAGs
[2024-06-24T15:16:03.654+0000] {logging_mixin.py:149} INFO - [2024-06-24T15:16:03.654+0000] {dag.py:3490} INFO - Setting next_dagrun for example_xcom to 2021-01-01T00:00:00+00:00, run_after=2021-01-01T00:00:00+00:00
[2024-06-24T15:16:03.661+0000] {processor.py:178} INFO - Processing /home/airflow/.local/lib/python3.7/site-packages/airflow/example_dags/example_xcom.py took 0.033 seconds
[2024-06-24T15:16:34.339+0000] {processor.py:156} INFO - Started process (PID=1245) to work on /home/airflow/.local/lib/python3.7/site-packages/airflow/example_dags/example_xcom.py
[2024-06-24T15:16:34.341+0000] {processor.py:799} INFO - Processing file /home/airflow/.local/lib/python3.7/site-packages/airflow/example_dags/example_xcom.py for tasks to queue
[2024-06-24T15:16:34.341+0000] {logging_mixin.py:149} INFO - [2024-06-24T15:16:34.341+0000] {dagbag.py:541} INFO - Filling up the DagBag from /home/airflow/.local/lib/python3.7/site-packages/airflow/example_dags/example_xcom.py
[2024-06-24T15:16:34.344+0000] {processor.py:809} INFO - DAG(s) dict_keys(['example_xcom']) retrieved from /home/airflow/.local/lib/python3.7/site-packages/airflow/example_dags/example_xcom.py
[2024-06-24T15:16:34.353+0000] {logging_mixin.py:149} INFO - [2024-06-24T15:16:34.353+0000] {dag.py:2726} INFO - Sync 1 DAGs
[2024-06-24T15:16:34.364+0000] {logging_mixin.py:149} INFO - [2024-06-24T15:16:34.364+0000] {dag.py:3490} INFO - Setting next_dagrun for example_xcom to 2021-01-01T00:00:00+00:00, run_after=2021-01-01T00:00:00+00:00
[2024-06-24T15:16:34.371+0000] {processor.py:178} INFO - Processing /home/airflow/.local/lib/python3.7/site-packages/airflow/example_dags/example_xcom.py took 0.033 seconds
[2024-06-24T15:17:04.932+0000] {processor.py:156} INFO - Started process (PID=1314) to work on /home/airflow/.local/lib/python3.7/site-packages/airflow/example_dags/example_xcom.py
[2024-06-24T15:17:04.932+0000] {processor.py:799} INFO - Processing file /home/airflow/.local/lib/python3.7/site-packages/airflow/example_dags/example_xcom.py for tasks to queue
[2024-06-24T15:17:04.933+0000] {logging_mixin.py:149} INFO - [2024-06-24T15:17:04.933+0000] {dagbag.py:541} INFO - Filling up the DagBag from /home/airflow/.local/lib/python3.7/site-packages/airflow/example_dags/example_xcom.py
[2024-06-24T15:17:04.936+0000] {processor.py:809} INFO - DAG(s) dict_keys(['example_xcom']) retrieved from /home/airflow/.local/lib/python3.7/site-packages/airflow/example_dags/example_xcom.py
[2024-06-24T15:17:04.946+0000] {logging_mixin.py:149} INFO - [2024-06-24T15:17:04.946+0000] {dag.py:2726} INFO - Sync 1 DAGs
[2024-06-24T15:17:04.955+0000] {logging_mixin.py:149} INFO - [2024-06-24T15:17:04.955+0000] {dag.py:3490} INFO - Setting next_dagrun for example_xcom to 2021-01-01T00:00:00+00:00, run_after=2021-01-01T00:00:00+00:00
[2024-06-24T15:17:04.963+0000] {processor.py:178} INFO - Processing /home/airflow/.local/lib/python3.7/site-packages/airflow/example_dags/example_xcom.py took 0.032 seconds
[2024-06-24T15:17:35.495+0000] {processor.py:156} INFO - Started process (PID=1382) to work on /home/airflow/.local/lib/python3.7/site-packages/airflow/example_dags/example_xcom.py
[2024-06-24T15:17:35.495+0000] {processor.py:799} INFO - Processing file /home/airflow/.local/lib/python3.7/site-packages/airflow/example_dags/example_xcom.py for tasks to queue
[2024-06-24T15:17:35.495+0000] {logging_mixin.py:149} INFO - [2024-06-24T15:17:35.495+0000] {dagbag.py:541} INFO - Filling up the DagBag from /home/airflow/.local/lib/python3.7/site-packages/airflow/example_dags/example_xcom.py
[2024-06-24T15:17:35.498+0000] {processor.py:809} INFO - DAG(s) dict_keys(['example_xcom']) retrieved from /home/airflow/.local/lib/python3.7/site-packages/airflow/example_dags/example_xcom.py
[2024-06-24T15:17:35.508+0000] {logging_mixin.py:149} INFO - [2024-06-24T15:17:35.508+0000] {dag.py:2726} INFO - Sync 1 DAGs
[2024-06-24T15:17:35.518+0000] {logging_mixin.py:149} INFO - [2024-06-24T15:17:35.518+0000] {dag.py:3490} INFO - Setting next_dagrun for example_xcom to 2021-01-01T00:00:00+00:00, run_after=2021-01-01T00:00:00+00:00
[2024-06-24T15:17:35.526+0000] {processor.py:178} INFO - Processing /home/airflow/.local/lib/python3.7/site-packages/airflow/example_dags/example_xcom.py took 0.032 seconds
[2024-06-24T15:18:06.034+0000] {processor.py:156} INFO - Started process (PID=1451) to work on /home/airflow/.local/lib/python3.7/site-packages/airflow/example_dags/example_xcom.py
[2024-06-24T15:18:06.035+0000] {processor.py:799} INFO - Processing file /home/airflow/.local/lib/python3.7/site-packages/airflow/example_dags/example_xcom.py for tasks to queue
[2024-06-24T15:18:06.035+0000] {logging_mixin.py:149} INFO - [2024-06-24T15:18:06.035+0000] {dagbag.py:541} INFO - Filling up the DagBag from /home/airflow/.local/lib/python3.7/site-packages/airflow/example_dags/example_xcom.py
[2024-06-24T15:18:06.038+0000] {processor.py:809} INFO - DAG(s) dict_keys(['example_xcom']) retrieved from /home/airflow/.local/lib/python3.7/site-packages/airflow/example_dags/example_xcom.py
[2024-06-24T15:18:06.049+0000] {logging_mixin.py:149} INFO - [2024-06-24T15:18:06.049+0000] {dag.py:2726} INFO - Sync 1 DAGs
[2024-06-24T15:18:06.060+0000] {logging_mixin.py:149} INFO - [2024-06-24T15:18:06.060+0000] {dag.py:3490} INFO - Setting next_dagrun for example_xcom to 2021-01-01T00:00:00+00:00, run_after=2021-01-01T00:00:00+00:00
[2024-06-24T15:18:06.067+0000] {processor.py:178} INFO - Processing /home/airflow/.local/lib/python3.7/site-packages/airflow/example_dags/example_xcom.py took 0.034 seconds
[2024-06-24T15:18:36.733+0000] {processor.py:156} INFO - Started process (PID=1520) to work on /home/airflow/.local/lib/python3.7/site-packages/airflow/example_dags/example_xcom.py
[2024-06-24T15:18:36.733+0000] {processor.py:799} INFO - Processing file /home/airflow/.local/lib/python3.7/site-packages/airflow/example_dags/example_xcom.py for tasks to queue
[2024-06-24T15:18:36.733+0000] {logging_mixin.py:149} INFO - [2024-06-24T15:18:36.733+0000] {dagbag.py:541} INFO - Filling up the DagBag from /home/airflow/.local/lib/python3.7/site-packages/airflow/example_dags/example_xcom.py
[2024-06-24T15:18:36.736+0000] {processor.py:809} INFO - DAG(s) dict_keys(['example_xcom']) retrieved from /home/airflow/.local/lib/python3.7/site-packages/airflow/example_dags/example_xcom.py
[2024-06-24T15:18:36.745+0000] {logging_mixin.py:149} INFO - [2024-06-24T15:18:36.745+0000] {dag.py:2726} INFO - Sync 1 DAGs
[2024-06-24T15:18:36.755+0000] {logging_mixin.py:149} INFO - [2024-06-24T15:18:36.755+0000] {dag.py:3490} INFO - Setting next_dagrun for example_xcom to 2021-01-01T00:00:00+00:00, run_after=2021-01-01T00:00:00+00:00
[2024-06-24T15:18:36.761+0000] {processor.py:178} INFO - Processing /home/airflow/.local/lib/python3.7/site-packages/airflow/example_dags/example_xcom.py took 0.030 seconds
[2024-06-24T15:19:07.515+0000] {processor.py:156} INFO - Started process (PID=1589) to work on /home/airflow/.local/lib/python3.7/site-packages/airflow/example_dags/example_xcom.py
[2024-06-24T15:19:07.515+0000] {processor.py:799} INFO - Processing file /home/airflow/.local/lib/python3.7/site-packages/airflow/example_dags/example_xcom.py for tasks to queue
[2024-06-24T15:19:07.515+0000] {logging_mixin.py:149} INFO - [2024-06-24T15:19:07.515+0000] {dagbag.py:541} INFO - Filling up the DagBag from /home/airflow/.local/lib/python3.7/site-packages/airflow/example_dags/example_xcom.py
[2024-06-24T15:19:07.518+0000] {processor.py:809} INFO - DAG(s) dict_keys(['example_xcom']) retrieved from /home/airflow/.local/lib/python3.7/site-packages/airflow/example_dags/example_xcom.py
[2024-06-24T15:19:07.529+0000] {logging_mixin.py:149} INFO - [2024-06-24T15:19:07.529+0000] {dag.py:2726} INFO - Sync 1 DAGs
[2024-06-24T15:19:07.539+0000] {logging_mixin.py:149} INFO - [2024-06-24T15:19:07.539+0000] {dag.py:3490} INFO - Setting next_dagrun for example_xcom to 2021-01-01T00:00:00+00:00, run_after=2021-01-01T00:00:00+00:00
[2024-06-24T15:19:07.546+0000] {processor.py:178} INFO - Processing /home/airflow/.local/lib/python3.7/site-packages/airflow/example_dags/example_xcom.py took 0.032 seconds
[2024-06-24T15:19:38.087+0000] {processor.py:156} INFO - Started process (PID=1658) to work on /home/airflow/.local/lib/python3.7/site-packages/airflow/example_dags/example_xcom.py
[2024-06-24T15:19:38.087+0000] {processor.py:799} INFO - Processing file /home/airflow/.local/lib/python3.7/site-packages/airflow/example_dags/example_xcom.py for tasks to queue
[2024-06-24T15:19:38.087+0000] {logging_mixin.py:149} INFO - [2024-06-24T15:19:38.087+0000] {dagbag.py:541} INFO - Filling up the DagBag from /home/airflow/.local/lib/python3.7/site-packages/airflow/example_dags/example_xcom.py
[2024-06-24T15:19:38.090+0000] {processor.py:809} INFO - DAG(s) dict_keys(['example_xcom']) retrieved from /home/airflow/.local/lib/python3.7/site-packages/airflow/example_dags/example_xcom.py
[2024-06-24T15:19:38.100+0000] {logging_mixin.py:149} INFO - [2024-06-24T15:19:38.100+0000] {dag.py:2726} INFO - Sync 1 DAGs
[2024-06-24T15:19:38.110+0000] {logging_mixin.py:149} INFO - [2024-06-24T15:19:38.110+0000] {dag.py:3490} INFO - Setting next_dagrun for example_xcom to 2021-01-01T00:00:00+00:00, run_after=2021-01-01T00:00:00+00:00
[2024-06-24T15:19:38.117+0000] {processor.py:178} INFO - Processing /home/airflow/.local/lib/python3.7/site-packages/airflow/example_dags/example_xcom.py took 0.032 seconds
[2024-06-24T15:20:08.545+0000] {processor.py:156} INFO - Started process (PID=1727) to work on /home/airflow/.local/lib/python3.7/site-packages/airflow/example_dags/example_xcom.py
[2024-06-24T15:20:08.545+0000] {processor.py:799} INFO - Processing file /home/airflow/.local/lib/python3.7/site-packages/airflow/example_dags/example_xcom.py for tasks to queue
[2024-06-24T15:20:08.546+0000] {logging_mixin.py:149} INFO - [2024-06-24T15:20:08.546+0000] {dagbag.py:541} INFO - Filling up the DagBag from /home/airflow/.local/lib/python3.7/site-packages/airflow/example_dags/example_xcom.py
[2024-06-24T15:20:08.550+0000] {processor.py:809} INFO - DAG(s) dict_keys(['example_xcom']) retrieved from /home/airflow/.local/lib/python3.7/site-packages/airflow/example_dags/example_xcom.py
[2024-06-24T15:20:08.562+0000] {logging_mixin.py:149} INFO - [2024-06-24T15:20:08.561+0000] {dag.py:2726} INFO - Sync 1 DAGs
[2024-06-24T15:20:08.576+0000] {logging_mixin.py:149} INFO - [2024-06-24T15:20:08.576+0000] {dag.py:3490} INFO - Setting next_dagrun for example_xcom to 2021-01-01T00:00:00+00:00, run_after=2021-01-01T00:00:00+00:00
[2024-06-24T15:20:08.591+0000] {processor.py:178} INFO - Processing /home/airflow/.local/lib/python3.7/site-packages/airflow/example_dags/example_xcom.py took 0.047 seconds
[2024-06-24T15:20:39.300+0000] {processor.py:156} INFO - Started process (PID=1796) to work on /home/airflow/.local/lib/python3.7/site-packages/airflow/example_dags/example_xcom.py
[2024-06-24T15:20:39.300+0000] {processor.py:799} INFO - Processing file /home/airflow/.local/lib/python3.7/site-packages/airflow/example_dags/example_xcom.py for tasks to queue
[2024-06-24T15:20:39.300+0000] {logging_mixin.py:149} INFO - [2024-06-24T15:20:39.300+0000] {dagbag.py:541} INFO - Filling up the DagBag from /home/airflow/.local/lib/python3.7/site-packages/airflow/example_dags/example_xcom.py
[2024-06-24T15:20:39.303+0000] {processor.py:809} INFO - DAG(s) dict_keys(['example_xcom']) retrieved from /home/airflow/.local/lib/python3.7/site-packages/airflow/example_dags/example_xcom.py
[2024-06-24T15:20:39.313+0000] {logging_mixin.py:149} INFO - [2024-06-24T15:20:39.313+0000] {dag.py:2726} INFO - Sync 1 DAGs
[2024-06-24T15:20:39.325+0000] {logging_mixin.py:149} INFO - [2024-06-24T15:20:39.324+0000] {dag.py:3490} INFO - Setting next_dagrun for example_xcom to 2021-01-01T00:00:00+00:00, run_after=2021-01-01T00:00:00+00:00
[2024-06-24T15:20:39.332+0000] {processor.py:178} INFO - Processing /home/airflow/.local/lib/python3.7/site-packages/airflow/example_dags/example_xcom.py took 0.033 seconds
[2024-06-24T15:21:09.957+0000] {processor.py:156} INFO - Started process (PID=1865) to work on /home/airflow/.local/lib/python3.7/site-packages/airflow/example_dags/example_xcom.py
[2024-06-24T15:21:09.958+0000] {processor.py:799} INFO - Processing file /home/airflow/.local/lib/python3.7/site-packages/airflow/example_dags/example_xcom.py for tasks to queue
[2024-06-24T15:21:09.958+0000] {logging_mixin.py:149} INFO - [2024-06-24T15:21:09.958+0000] {dagbag.py:541} INFO - Filling up the DagBag from /home/airflow/.local/lib/python3.7/site-packages/airflow/example_dags/example_xcom.py
[2024-06-24T15:21:09.961+0000] {processor.py:809} INFO - DAG(s) dict_keys(['example_xcom']) retrieved from /home/airflow/.local/lib/python3.7/site-packages/airflow/example_dags/example_xcom.py
[2024-06-24T15:21:09.971+0000] {logging_mixin.py:149} INFO - [2024-06-24T15:21:09.971+0000] {dag.py:2726} INFO - Sync 1 DAGs
[2024-06-24T15:21:09.981+0000] {logging_mixin.py:149} INFO - [2024-06-24T15:21:09.981+0000] {dag.py:3490} INFO - Setting next_dagrun for example_xcom to 2021-01-01T00:00:00+00:00, run_after=2021-01-01T00:00:00+00:00
[2024-06-24T15:21:09.988+0000] {processor.py:178} INFO - Processing /home/airflow/.local/lib/python3.7/site-packages/airflow/example_dags/example_xcom.py took 0.032 seconds
[2024-06-24T15:21:40.855+0000] {processor.py:156} INFO - Started process (PID=1933) to work on /home/airflow/.local/lib/python3.7/site-packages/airflow/example_dags/example_xcom.py
[2024-06-24T15:21:40.856+0000] {processor.py:799} INFO - Processing file /home/airflow/.local/lib/python3.7/site-packages/airflow/example_dags/example_xcom.py for tasks to queue
[2024-06-24T15:21:40.857+0000] {logging_mixin.py:149} INFO - [2024-06-24T15:21:40.857+0000] {dagbag.py:541} INFO - Filling up the DagBag from /home/airflow/.local/lib/python3.7/site-packages/airflow/example_dags/example_xcom.py
[2024-06-24T15:21:40.860+0000] {processor.py:809} INFO - DAG(s) dict_keys(['example_xcom']) retrieved from /home/airflow/.local/lib/python3.7/site-packages/airflow/example_dags/example_xcom.py
[2024-06-24T15:21:40.871+0000] {logging_mixin.py:149} INFO - [2024-06-24T15:21:40.871+0000] {dag.py:2726} INFO - Sync 1 DAGs
[2024-06-24T15:21:40.880+0000] {logging_mixin.py:149} INFO - [2024-06-24T15:21:40.880+0000] {dag.py:3490} INFO - Setting next_dagrun for example_xcom to 2021-01-01T00:00:00+00:00, run_after=2021-01-01T00:00:00+00:00
[2024-06-24T15:21:40.887+0000] {processor.py:178} INFO - Processing /home/airflow/.local/lib/python3.7/site-packages/airflow/example_dags/example_xcom.py took 0.033 seconds
[2024-06-24T15:22:11.610+0000] {processor.py:156} INFO - Started process (PID=2002) to work on /home/airflow/.local/lib/python3.7/site-packages/airflow/example_dags/example_xcom.py
[2024-06-24T15:22:11.610+0000] {processor.py:799} INFO - Processing file /home/airflow/.local/lib/python3.7/site-packages/airflow/example_dags/example_xcom.py for tasks to queue
[2024-06-24T15:22:11.610+0000] {logging_mixin.py:149} INFO - [2024-06-24T15:22:11.610+0000] {dagbag.py:541} INFO - Filling up the DagBag from /home/airflow/.local/lib/python3.7/site-packages/airflow/example_dags/example_xcom.py
[2024-06-24T15:22:11.613+0000] {processor.py:809} INFO - DAG(s) dict_keys(['example_xcom']) retrieved from /home/airflow/.local/lib/python3.7/site-packages/airflow/example_dags/example_xcom.py
[2024-06-24T15:22:11.623+0000] {logging_mixin.py:149} INFO - [2024-06-24T15:22:11.623+0000] {dag.py:2726} INFO - Sync 1 DAGs
[2024-06-24T15:22:11.634+0000] {logging_mixin.py:149} INFO - [2024-06-24T15:22:11.634+0000] {dag.py:3490} INFO - Setting next_dagrun for example_xcom to 2021-01-01T00:00:00+00:00, run_after=2021-01-01T00:00:00+00:00
[2024-06-24T15:22:11.641+0000] {processor.py:178} INFO - Processing /home/airflow/.local/lib/python3.7/site-packages/airflow/example_dags/example_xcom.py took 0.033 seconds
[2024-06-24T15:22:42.236+0000] {processor.py:156} INFO - Started process (PID=2070) to work on /home/airflow/.local/lib/python3.7/site-packages/airflow/example_dags/example_xcom.py
[2024-06-24T15:22:42.237+0000] {processor.py:799} INFO - Processing file /home/airflow/.local/lib/python3.7/site-packages/airflow/example_dags/example_xcom.py for tasks to queue
[2024-06-24T15:22:42.237+0000] {logging_mixin.py:149} INFO - [2024-06-24T15:22:42.237+0000] {dagbag.py:541} INFO - Filling up the DagBag from /home/airflow/.local/lib/python3.7/site-packages/airflow/example_dags/example_xcom.py
[2024-06-24T15:22:42.240+0000] {processor.py:809} INFO - DAG(s) dict_keys(['example_xcom']) retrieved from /home/airflow/.local/lib/python3.7/site-packages/airflow/example_dags/example_xcom.py
[2024-06-24T15:22:42.250+0000] {logging_mixin.py:149} INFO - [2024-06-24T15:22:42.250+0000] {dag.py:2726} INFO - Sync 1 DAGs
[2024-06-24T15:22:42.260+0000] {logging_mixin.py:149} INFO - [2024-06-24T15:22:42.260+0000] {dag.py:3490} INFO - Setting next_dagrun for example_xcom to 2021-01-01T00:00:00+00:00, run_after=2021-01-01T00:00:00+00:00
[2024-06-24T15:22:42.267+0000] {processor.py:178} INFO - Processing /home/airflow/.local/lib/python3.7/site-packages/airflow/example_dags/example_xcom.py took 0.032 seconds
[2024-06-24T15:23:12.882+0000] {processor.py:156} INFO - Started process (PID=2139) to work on /home/airflow/.local/lib/python3.7/site-packages/airflow/example_dags/example_xcom.py
[2024-06-24T15:23:12.883+0000] {processor.py:799} INFO - Processing file /home/airflow/.local/lib/python3.7/site-packages/airflow/example_dags/example_xcom.py for tasks to queue
[2024-06-24T15:23:12.883+0000] {logging_mixin.py:149} INFO - [2024-06-24T15:23:12.883+0000] {dagbag.py:541} INFO - Filling up the DagBag from /home/airflow/.local/lib/python3.7/site-packages/airflow/example_dags/example_xcom.py
[2024-06-24T15:23:12.886+0000] {processor.py:809} INFO - DAG(s) dict_keys(['example_xcom']) retrieved from /home/airflow/.local/lib/python3.7/site-packages/airflow/example_dags/example_xcom.py
[2024-06-24T15:23:12.896+0000] {logging_mixin.py:149} INFO - [2024-06-24T15:23:12.896+0000] {dag.py:2726} INFO - Sync 1 DAGs
[2024-06-24T15:23:12.907+0000] {logging_mixin.py:149} INFO - [2024-06-24T15:23:12.907+0000] {dag.py:3490} INFO - Setting next_dagrun for example_xcom to 2021-01-01T00:00:00+00:00, run_after=2021-01-01T00:00:00+00:00
[2024-06-24T15:23:12.914+0000] {processor.py:178} INFO - Processing /home/airflow/.local/lib/python3.7/site-packages/airflow/example_dags/example_xcom.py took 0.033 seconds
[2024-06-24T15:23:43.607+0000] {processor.py:156} INFO - Started process (PID=2208) to work on /home/airflow/.local/lib/python3.7/site-packages/airflow/example_dags/example_xcom.py
[2024-06-24T15:23:43.608+0000] {processor.py:799} INFO - Processing file /home/airflow/.local/lib/python3.7/site-packages/airflow/example_dags/example_xcom.py for tasks to queue
[2024-06-24T15:23:43.608+0000] {logging_mixin.py:149} INFO - [2024-06-24T15:23:43.608+0000] {dagbag.py:541} INFO - Filling up the DagBag from /home/airflow/.local/lib/python3.7/site-packages/airflow/example_dags/example_xcom.py
[2024-06-24T15:23:43.611+0000] {processor.py:809} INFO - DAG(s) dict_keys(['example_xcom']) retrieved from /home/airflow/.local/lib/python3.7/site-packages/airflow/example_dags/example_xcom.py
[2024-06-24T15:23:43.623+0000] {logging_mixin.py:149} INFO - [2024-06-24T15:23:43.623+0000] {dag.py:2726} INFO - Sync 1 DAGs
[2024-06-24T15:23:43.635+0000] {logging_mixin.py:149} INFO - [2024-06-24T15:23:43.635+0000] {dag.py:3490} INFO - Setting next_dagrun for example_xcom to 2021-01-01T00:00:00+00:00, run_after=2021-01-01T00:00:00+00:00
[2024-06-24T15:23:43.644+0000] {processor.py:178} INFO - Processing /home/airflow/.local/lib/python3.7/site-packages/airflow/example_dags/example_xcom.py took 0.039 seconds
[2024-06-24T15:24:14.310+0000] {processor.py:156} INFO - Started process (PID=2277) to work on /home/airflow/.local/lib/python3.7/site-packages/airflow/example_dags/example_xcom.py
[2024-06-24T15:24:14.310+0000] {processor.py:799} INFO - Processing file /home/airflow/.local/lib/python3.7/site-packages/airflow/example_dags/example_xcom.py for tasks to queue
[2024-06-24T15:24:14.310+0000] {logging_mixin.py:149} INFO - [2024-06-24T15:24:14.310+0000] {dagbag.py:541} INFO - Filling up the DagBag from /home/airflow/.local/lib/python3.7/site-packages/airflow/example_dags/example_xcom.py
[2024-06-24T15:24:14.313+0000] {processor.py:809} INFO - DAG(s) dict_keys(['example_xcom']) retrieved from /home/airflow/.local/lib/python3.7/site-packages/airflow/example_dags/example_xcom.py
[2024-06-24T15:24:14.324+0000] {logging_mixin.py:149} INFO - [2024-06-24T15:24:14.324+0000] {dag.py:2726} INFO - Sync 1 DAGs
[2024-06-24T15:24:14.336+0000] {logging_mixin.py:149} INFO - [2024-06-24T15:24:14.336+0000] {dag.py:3490} INFO - Setting next_dagrun for example_xcom to 2021-01-01T00:00:00+00:00, run_after=2021-01-01T00:00:00+00:00
[2024-06-24T15:24:14.344+0000] {processor.py:178} INFO - Processing /home/airflow/.local/lib/python3.7/site-packages/airflow/example_dags/example_xcom.py took 0.035 seconds
[2024-06-24T15:24:44.906+0000] {processor.py:156} INFO - Started process (PID=2346) to work on /home/airflow/.local/lib/python3.7/site-packages/airflow/example_dags/example_xcom.py
[2024-06-24T15:24:44.906+0000] {processor.py:799} INFO - Processing file /home/airflow/.local/lib/python3.7/site-packages/airflow/example_dags/example_xcom.py for tasks to queue
[2024-06-24T15:24:44.907+0000] {logging_mixin.py:149} INFO - [2024-06-24T15:24:44.907+0000] {dagbag.py:541} INFO - Filling up the DagBag from /home/airflow/.local/lib/python3.7/site-packages/airflow/example_dags/example_xcom.py
[2024-06-24T15:24:44.910+0000] {processor.py:809} INFO - DAG(s) dict_keys(['example_xcom']) retrieved from /home/airflow/.local/lib/python3.7/site-packages/airflow/example_dags/example_xcom.py
[2024-06-24T15:24:44.921+0000] {logging_mixin.py:149} INFO - [2024-06-24T15:24:44.921+0000] {dag.py:2726} INFO - Sync 1 DAGs
[2024-06-24T15:24:44.933+0000] {logging_mixin.py:149} INFO - [2024-06-24T15:24:44.933+0000] {dag.py:3490} INFO - Setting next_dagrun for example_xcom to 2021-01-01T00:00:00+00:00, run_after=2021-01-01T00:00:00+00:00
[2024-06-24T15:24:44.941+0000] {processor.py:178} INFO - Processing /home/airflow/.local/lib/python3.7/site-packages/airflow/example_dags/example_xcom.py took 0.036 seconds
[2024-06-24T15:25:15.458+0000] {processor.py:156} INFO - Started process (PID=2414) to work on /home/airflow/.local/lib/python3.7/site-packages/airflow/example_dags/example_xcom.py
[2024-06-24T15:25:15.458+0000] {processor.py:799} INFO - Processing file /home/airflow/.local/lib/python3.7/site-packages/airflow/example_dags/example_xcom.py for tasks to queue
[2024-06-24T15:25:15.458+0000] {logging_mixin.py:149} INFO - [2024-06-24T15:25:15.458+0000] {dagbag.py:541} INFO - Filling up the DagBag from /home/airflow/.local/lib/python3.7/site-packages/airflow/example_dags/example_xcom.py
[2024-06-24T15:25:15.461+0000] {processor.py:809} INFO - DAG(s) dict_keys(['example_xcom']) retrieved from /home/airflow/.local/lib/python3.7/site-packages/airflow/example_dags/example_xcom.py
[2024-06-24T15:25:15.472+0000] {logging_mixin.py:149} INFO - [2024-06-24T15:25:15.472+0000] {dag.py:2726} INFO - Sync 1 DAGs
[2024-06-24T15:25:15.483+0000] {logging_mixin.py:149} INFO - [2024-06-24T15:25:15.483+0000] {dag.py:3490} INFO - Setting next_dagrun for example_xcom to 2021-01-01T00:00:00+00:00, run_after=2021-01-01T00:00:00+00:00
[2024-06-24T15:25:15.491+0000] {processor.py:178} INFO - Processing /home/airflow/.local/lib/python3.7/site-packages/airflow/example_dags/example_xcom.py took 0.034 seconds
[2024-06-24T15:25:46.070+0000] {processor.py:156} INFO - Started process (PID=2489) to work on /home/airflow/.local/lib/python3.7/site-packages/airflow/example_dags/example_xcom.py
[2024-06-24T15:25:46.071+0000] {processor.py:799} INFO - Processing file /home/airflow/.local/lib/python3.7/site-packages/airflow/example_dags/example_xcom.py for tasks to queue
[2024-06-24T15:25:46.071+0000] {logging_mixin.py:149} INFO - [2024-06-24T15:25:46.071+0000] {dagbag.py:541} INFO - Filling up the DagBag from /home/airflow/.local/lib/python3.7/site-packages/airflow/example_dags/example_xcom.py
[2024-06-24T15:25:46.074+0000] {processor.py:809} INFO - DAG(s) dict_keys(['example_xcom']) retrieved from /home/airflow/.local/lib/python3.7/site-packages/airflow/example_dags/example_xcom.py
[2024-06-24T15:25:46.084+0000] {logging_mixin.py:149} INFO - [2024-06-24T15:25:46.084+0000] {dag.py:2726} INFO - Sync 1 DAGs
[2024-06-24T15:25:46.094+0000] {logging_mixin.py:149} INFO - [2024-06-24T15:25:46.094+0000] {dag.py:3490} INFO - Setting next_dagrun for example_xcom to 2021-01-01T00:00:00+00:00, run_after=2021-01-01T00:00:00+00:00
[2024-06-24T15:25:46.100+0000] {processor.py:178} INFO - Processing /home/airflow/.local/lib/python3.7/site-packages/airflow/example_dags/example_xcom.py took 0.031 seconds
[2024-06-24T15:26:16.654+0000] {processor.py:156} INFO - Started process (PID=2558) to work on /home/airflow/.local/lib/python3.7/site-packages/airflow/example_dags/example_xcom.py
[2024-06-24T15:26:16.654+0000] {processor.py:799} INFO - Processing file /home/airflow/.local/lib/python3.7/site-packages/airflow/example_dags/example_xcom.py for tasks to queue
[2024-06-24T15:26:16.655+0000] {logging_mixin.py:149} INFO - [2024-06-24T15:26:16.655+0000] {dagbag.py:541} INFO - Filling up the DagBag from /home/airflow/.local/lib/python3.7/site-packages/airflow/example_dags/example_xcom.py
[2024-06-24T15:26:16.658+0000] {processor.py:809} INFO - DAG(s) dict_keys(['example_xcom']) retrieved from /home/airflow/.local/lib/python3.7/site-packages/airflow/example_dags/example_xcom.py
[2024-06-24T15:26:16.670+0000] {logging_mixin.py:149} INFO - [2024-06-24T15:26:16.670+0000] {dag.py:2726} INFO - Sync 1 DAGs
[2024-06-24T15:26:16.680+0000] {logging_mixin.py:149} INFO - [2024-06-24T15:26:16.680+0000] {dag.py:3490} INFO - Setting next_dagrun for example_xcom to 2021-01-01T00:00:00+00:00, run_after=2021-01-01T00:00:00+00:00
[2024-06-24T15:26:16.687+0000] {processor.py:178} INFO - Processing /home/airflow/.local/lib/python3.7/site-packages/airflow/example_dags/example_xcom.py took 0.035 seconds
[2024-06-24T15:26:47.344+0000] {processor.py:156} INFO - Started process (PID=2627) to work on /home/airflow/.local/lib/python3.7/site-packages/airflow/example_dags/example_xcom.py
[2024-06-24T15:26:47.345+0000] {processor.py:799} INFO - Processing file /home/airflow/.local/lib/python3.7/site-packages/airflow/example_dags/example_xcom.py for tasks to queue
[2024-06-24T15:26:47.345+0000] {logging_mixin.py:149} INFO - [2024-06-24T15:26:47.345+0000] {dagbag.py:541} INFO - Filling up the DagBag from /home/airflow/.local/lib/python3.7/site-packages/airflow/example_dags/example_xcom.py
[2024-06-24T15:26:47.350+0000] {processor.py:809} INFO - DAG(s) dict_keys(['example_xcom']) retrieved from /home/airflow/.local/lib/python3.7/site-packages/airflow/example_dags/example_xcom.py
[2024-06-24T15:26:47.364+0000] {logging_mixin.py:149} INFO - [2024-06-24T15:26:47.364+0000] {dag.py:2726} INFO - Sync 1 DAGs
[2024-06-24T15:26:47.377+0000] {logging_mixin.py:149} INFO - [2024-06-24T15:26:47.377+0000] {dag.py:3490} INFO - Setting next_dagrun for example_xcom to 2021-01-01T00:00:00+00:00, run_after=2021-01-01T00:00:00+00:00
[2024-06-24T15:26:47.387+0000] {processor.py:178} INFO - Processing /home/airflow/.local/lib/python3.7/site-packages/airflow/example_dags/example_xcom.py took 0.045 seconds
[2024-06-24T15:27:18.244+0000] {processor.py:156} INFO - Started process (PID=2696) to work on /home/airflow/.local/lib/python3.7/site-packages/airflow/example_dags/example_xcom.py
[2024-06-24T15:27:18.244+0000] {processor.py:799} INFO - Processing file /home/airflow/.local/lib/python3.7/site-packages/airflow/example_dags/example_xcom.py for tasks to queue
[2024-06-24T15:27:18.245+0000] {logging_mixin.py:149} INFO - [2024-06-24T15:27:18.245+0000] {dagbag.py:541} INFO - Filling up the DagBag from /home/airflow/.local/lib/python3.7/site-packages/airflow/example_dags/example_xcom.py
[2024-06-24T15:27:18.251+0000] {processor.py:809} INFO - DAG(s) dict_keys(['example_xcom']) retrieved from /home/airflow/.local/lib/python3.7/site-packages/airflow/example_dags/example_xcom.py
[2024-06-24T15:27:18.264+0000] {logging_mixin.py:149} INFO - [2024-06-24T15:27:18.264+0000] {dag.py:2726} INFO - Sync 1 DAGs
[2024-06-24T15:27:18.278+0000] {logging_mixin.py:149} INFO - [2024-06-24T15:27:18.278+0000] {dag.py:3490} INFO - Setting next_dagrun for example_xcom to 2021-01-01T00:00:00+00:00, run_after=2021-01-01T00:00:00+00:00
[2024-06-24T15:27:18.287+0000] {processor.py:178} INFO - Processing /home/airflow/.local/lib/python3.7/site-packages/airflow/example_dags/example_xcom.py took 0.045 seconds
[2024-06-24T15:27:49.088+0000] {processor.py:156} INFO - Started process (PID=2765) to work on /home/airflow/.local/lib/python3.7/site-packages/airflow/example_dags/example_xcom.py
[2024-06-24T15:27:49.089+0000] {processor.py:799} INFO - Processing file /home/airflow/.local/lib/python3.7/site-packages/airflow/example_dags/example_xcom.py for tasks to queue
[2024-06-24T15:27:49.089+0000] {logging_mixin.py:149} INFO - [2024-06-24T15:27:49.089+0000] {dagbag.py:541} INFO - Filling up the DagBag from /home/airflow/.local/lib/python3.7/site-packages/airflow/example_dags/example_xcom.py
[2024-06-24T15:27:49.092+0000] {processor.py:809} INFO - DAG(s) dict_keys(['example_xcom']) retrieved from /home/airflow/.local/lib/python3.7/site-packages/airflow/example_dags/example_xcom.py
[2024-06-24T15:27:49.103+0000] {logging_mixin.py:149} INFO - [2024-06-24T15:27:49.103+0000] {dag.py:2726} INFO - Sync 1 DAGs
[2024-06-24T15:27:49.114+0000] {logging_mixin.py:149} INFO - [2024-06-24T15:27:49.113+0000] {dag.py:3490} INFO - Setting next_dagrun for example_xcom to 2021-01-01T00:00:00+00:00, run_after=2021-01-01T00:00:00+00:00
[2024-06-24T15:27:49.121+0000] {processor.py:178} INFO - Processing /home/airflow/.local/lib/python3.7/site-packages/airflow/example_dags/example_xcom.py took 0.033 seconds
[2024-06-24T15:28:19.985+0000] {processor.py:156} INFO - Started process (PID=2834) to work on /home/airflow/.local/lib/python3.7/site-packages/airflow/example_dags/example_xcom.py
[2024-06-24T15:28:19.986+0000] {processor.py:799} INFO - Processing file /home/airflow/.local/lib/python3.7/site-packages/airflow/example_dags/example_xcom.py for tasks to queue
[2024-06-24T15:28:19.986+0000] {logging_mixin.py:149} INFO - [2024-06-24T15:28:19.986+0000] {dagbag.py:541} INFO - Filling up the DagBag from /home/airflow/.local/lib/python3.7/site-packages/airflow/example_dags/example_xcom.py
[2024-06-24T15:28:19.989+0000] {processor.py:809} INFO - DAG(s) dict_keys(['example_xcom']) retrieved from /home/airflow/.local/lib/python3.7/site-packages/airflow/example_dags/example_xcom.py
[2024-06-24T15:28:19.999+0000] {logging_mixin.py:149} INFO - [2024-06-24T15:28:19.999+0000] {dag.py:2726} INFO - Sync 1 DAGs
[2024-06-24T15:28:20.010+0000] {logging_mixin.py:149} INFO - [2024-06-24T15:28:20.010+0000] {dag.py:3490} INFO - Setting next_dagrun for example_xcom to 2021-01-01T00:00:00+00:00, run_after=2021-01-01T00:00:00+00:00
[2024-06-24T15:28:20.017+0000] {processor.py:178} INFO - Processing /home/airflow/.local/lib/python3.7/site-packages/airflow/example_dags/example_xcom.py took 0.033 seconds
[2024-06-24T15:28:50.885+0000] {processor.py:156} INFO - Started process (PID=2903) to work on /home/airflow/.local/lib/python3.7/site-packages/airflow/example_dags/example_xcom.py
[2024-06-24T15:28:50.885+0000] {processor.py:799} INFO - Processing file /home/airflow/.local/lib/python3.7/site-packages/airflow/example_dags/example_xcom.py for tasks to queue
[2024-06-24T15:28:50.886+0000] {logging_mixin.py:149} INFO - [2024-06-24T15:28:50.886+0000] {dagbag.py:541} INFO - Filling up the DagBag from /home/airflow/.local/lib/python3.7/site-packages/airflow/example_dags/example_xcom.py
[2024-06-24T15:28:50.889+0000] {processor.py:809} INFO - DAG(s) dict_keys(['example_xcom']) retrieved from /home/airflow/.local/lib/python3.7/site-packages/airflow/example_dags/example_xcom.py
[2024-06-24T15:28:50.899+0000] {logging_mixin.py:149} INFO - [2024-06-24T15:28:50.899+0000] {dag.py:2726} INFO - Sync 1 DAGs
[2024-06-24T15:28:50.911+0000] {logging_mixin.py:149} INFO - [2024-06-24T15:28:50.911+0000] {dag.py:3490} INFO - Setting next_dagrun for example_xcom to 2021-01-01T00:00:00+00:00, run_after=2021-01-01T00:00:00+00:00
[2024-06-24T15:28:50.918+0000] {processor.py:178} INFO - Processing /home/airflow/.local/lib/python3.7/site-packages/airflow/example_dags/example_xcom.py took 0.034 seconds
[2024-06-24T15:29:21.522+0000] {processor.py:156} INFO - Started process (PID=2971) to work on /home/airflow/.local/lib/python3.7/site-packages/airflow/example_dags/example_xcom.py
[2024-06-24T15:29:21.522+0000] {processor.py:799} INFO - Processing file /home/airflow/.local/lib/python3.7/site-packages/airflow/example_dags/example_xcom.py for tasks to queue
[2024-06-24T15:29:21.522+0000] {logging_mixin.py:149} INFO - [2024-06-24T15:29:21.522+0000] {dagbag.py:541} INFO - Filling up the DagBag from /home/airflow/.local/lib/python3.7/site-packages/airflow/example_dags/example_xcom.py
[2024-06-24T15:29:21.525+0000] {processor.py:809} INFO - DAG(s) dict_keys(['example_xcom']) retrieved from /home/airflow/.local/lib/python3.7/site-packages/airflow/example_dags/example_xcom.py
[2024-06-24T15:29:21.536+0000] {logging_mixin.py:149} INFO - [2024-06-24T15:29:21.536+0000] {dag.py:2726} INFO - Sync 1 DAGs
[2024-06-24T15:29:21.547+0000] {logging_mixin.py:149} INFO - [2024-06-24T15:29:21.546+0000] {dag.py:3490} INFO - Setting next_dagrun for example_xcom to 2021-01-01T00:00:00+00:00, run_after=2021-01-01T00:00:00+00:00
[2024-06-24T15:29:21.554+0000] {processor.py:178} INFO - Processing /home/airflow/.local/lib/python3.7/site-packages/airflow/example_dags/example_xcom.py took 0.033 seconds
[2024-06-24T15:29:52.225+0000] {processor.py:156} INFO - Started process (PID=3040) to work on /home/airflow/.local/lib/python3.7/site-packages/airflow/example_dags/example_xcom.py
[2024-06-24T15:29:52.225+0000] {processor.py:799} INFO - Processing file /home/airflow/.local/lib/python3.7/site-packages/airflow/example_dags/example_xcom.py for tasks to queue
[2024-06-24T15:29:52.226+0000] {logging_mixin.py:149} INFO - [2024-06-24T15:29:52.226+0000] {dagbag.py:541} INFO - Filling up the DagBag from /home/airflow/.local/lib/python3.7/site-packages/airflow/example_dags/example_xcom.py
[2024-06-24T15:29:52.229+0000] {processor.py:809} INFO - DAG(s) dict_keys(['example_xcom']) retrieved from /home/airflow/.local/lib/python3.7/site-packages/airflow/example_dags/example_xcom.py
[2024-06-24T15:29:52.239+0000] {logging_mixin.py:149} INFO - [2024-06-24T15:29:52.239+0000] {dag.py:2726} INFO - Sync 1 DAGs
[2024-06-24T15:29:52.250+0000] {logging_mixin.py:149} INFO - [2024-06-24T15:29:52.250+0000] {dag.py:3490} INFO - Setting next_dagrun for example_xcom to 2021-01-01T00:00:00+00:00, run_after=2021-01-01T00:00:00+00:00
[2024-06-24T15:29:52.257+0000] {processor.py:178} INFO - Processing /home/airflow/.local/lib/python3.7/site-packages/airflow/example_dags/example_xcom.py took 0.034 seconds
[2024-06-24T15:30:22.863+0000] {processor.py:156} INFO - Started process (PID=3108) to work on /home/airflow/.local/lib/python3.7/site-packages/airflow/example_dags/example_xcom.py
[2024-06-24T15:30:22.863+0000] {processor.py:799} INFO - Processing file /home/airflow/.local/lib/python3.7/site-packages/airflow/example_dags/example_xcom.py for tasks to queue
[2024-06-24T15:30:22.863+0000] {logging_mixin.py:149} INFO - [2024-06-24T15:30:22.863+0000] {dagbag.py:541} INFO - Filling up the DagBag from /home/airflow/.local/lib/python3.7/site-packages/airflow/example_dags/example_xcom.py
[2024-06-24T15:30:22.866+0000] {processor.py:809} INFO - DAG(s) dict_keys(['example_xcom']) retrieved from /home/airflow/.local/lib/python3.7/site-packages/airflow/example_dags/example_xcom.py
[2024-06-24T15:30:22.877+0000] {logging_mixin.py:149} INFO - [2024-06-24T15:30:22.877+0000] {dag.py:2726} INFO - Sync 1 DAGs
[2024-06-24T15:30:22.889+0000] {logging_mixin.py:149} INFO - [2024-06-24T15:30:22.888+0000] {dag.py:3490} INFO - Setting next_dagrun for example_xcom to 2021-01-01T00:00:00+00:00, run_after=2021-01-01T00:00:00+00:00
[2024-06-24T15:30:22.896+0000] {processor.py:178} INFO - Processing /home/airflow/.local/lib/python3.7/site-packages/airflow/example_dags/example_xcom.py took 0.035 seconds
