[2024-06-24T15:03:48.954+0000] {processor.py:156} INFO - Started process (PID=47) to work on /home/airflow/.local/lib/python3.7/site-packages/airflow/example_dags/example_branch_day_of_week_operator.py
[2024-06-24T15:03:48.955+0000] {processor.py:799} INFO - Processing file /home/airflow/.local/lib/python3.7/site-packages/airflow/example_dags/example_branch_day_of_week_operator.py for tasks to queue
[2024-06-24T15:03:48.955+0000] {logging_mixin.py:149} INFO - [2024-06-24T15:03:48.955+0000] {dagbag.py:541} INFO - Filling up the DagBag from /home/airflow/.local/lib/python3.7/site-packages/airflow/example_dags/example_branch_day_of_week_operator.py
[2024-06-24T15:03:48.964+0000] {processor.py:809} INFO - DAG(s) dict_keys(['example_weekday_branch_operator']) retrieved from /home/airflow/.local/lib/python3.7/site-packages/airflow/example_dags/example_branch_day_of_week_operator.py
[2024-06-24T15:03:49.020+0000] {logging_mixin.py:149} INFO - [2024-06-24T15:03:49.020+0000] {manager.py:504} INFO - Created Permission View: can delete on DAG:example_weekday_branch_operator
[2024-06-24T15:03:49.024+0000] {logging_mixin.py:149} INFO - [2024-06-24T15:03:49.024+0000] {manager.py:504} INFO - Created Permission View: can edit on DAG:example_weekday_branch_operator
[2024-06-24T15:03:49.027+0000] {logging_mixin.py:149} INFO - [2024-06-24T15:03:49.027+0000] {manager.py:504} INFO - Created Permission View: can read on DAG:example_weekday_branch_operator
[2024-06-24T15:03:49.027+0000] {logging_mixin.py:149} INFO - [2024-06-24T15:03:49.027+0000] {dag.py:2726} INFO - Sync 1 DAGs
[2024-06-24T15:03:49.034+0000] {logging_mixin.py:149} INFO - [2024-06-24T15:03:49.034+0000] {dag.py:2747} INFO - Creating ORM DAG for example_weekday_branch_operator
[2024-06-24T15:03:49.042+0000] {logging_mixin.py:149} INFO - [2024-06-24T15:03:49.042+0000] {dag.py:3490} INFO - Setting next_dagrun for example_weekday_branch_operator to 2024-06-23T00:00:00+00:00, run_after=2024-06-24T00:00:00+00:00
[2024-06-24T15:03:49.052+0000] {processor.py:178} INFO - Processing /home/airflow/.local/lib/python3.7/site-packages/airflow/example_dags/example_branch_day_of_week_operator.py took 0.099 seconds
[2024-06-24T15:04:19.425+0000] {processor.py:156} INFO - Started process (PID=108) to work on /home/airflow/.local/lib/python3.7/site-packages/airflow/example_dags/example_branch_day_of_week_operator.py
[2024-06-24T15:04:19.426+0000] {processor.py:799} INFO - Processing file /home/airflow/.local/lib/python3.7/site-packages/airflow/example_dags/example_branch_day_of_week_operator.py for tasks to queue
[2024-06-24T15:04:19.427+0000] {logging_mixin.py:149} INFO - [2024-06-24T15:04:19.427+0000] {dagbag.py:541} INFO - Filling up the DagBag from /home/airflow/.local/lib/python3.7/site-packages/airflow/example_dags/example_branch_day_of_week_operator.py
[2024-06-24T15:04:19.438+0000] {processor.py:809} INFO - DAG(s) dict_keys(['example_weekday_branch_operator']) retrieved from /home/airflow/.local/lib/python3.7/site-packages/airflow/example_dags/example_branch_day_of_week_operator.py
[2024-06-24T15:04:19.463+0000] {logging_mixin.py:149} INFO - [2024-06-24T15:04:19.463+0000] {dag.py:2726} INFO - Sync 1 DAGs
[2024-06-24T15:04:19.479+0000] {logging_mixin.py:149} INFO - [2024-06-24T15:04:19.478+0000] {dag.py:3490} INFO - Setting next_dagrun for example_weekday_branch_operator to 2024-06-23T00:00:00+00:00, run_after=2024-06-24T00:00:00+00:00
[2024-06-24T15:04:19.487+0000] {processor.py:178} INFO - Processing /home/airflow/.local/lib/python3.7/site-packages/airflow/example_dags/example_branch_day_of_week_operator.py took 0.066 seconds
[2024-06-24T15:04:50.314+0000] {processor.py:156} INFO - Started process (PID=185) to work on /home/airflow/.local/lib/python3.7/site-packages/airflow/example_dags/example_branch_day_of_week_operator.py
[2024-06-24T15:04:50.314+0000] {processor.py:799} INFO - Processing file /home/airflow/.local/lib/python3.7/site-packages/airflow/example_dags/example_branch_day_of_week_operator.py for tasks to queue
[2024-06-24T15:04:50.315+0000] {logging_mixin.py:149} INFO - [2024-06-24T15:04:50.315+0000] {dagbag.py:541} INFO - Filling up the DagBag from /home/airflow/.local/lib/python3.7/site-packages/airflow/example_dags/example_branch_day_of_week_operator.py
[2024-06-24T15:04:50.318+0000] {processor.py:809} INFO - DAG(s) dict_keys(['example_weekday_branch_operator']) retrieved from /home/airflow/.local/lib/python3.7/site-packages/airflow/example_dags/example_branch_day_of_week_operator.py
[2024-06-24T15:04:50.329+0000] {logging_mixin.py:149} INFO - [2024-06-24T15:04:50.329+0000] {dag.py:2726} INFO - Sync 1 DAGs
[2024-06-24T15:04:50.339+0000] {logging_mixin.py:149} INFO - [2024-06-24T15:04:50.339+0000] {dag.py:3490} INFO - Setting next_dagrun for example_weekday_branch_operator to 2024-06-23T00:00:00+00:00, run_after=2024-06-24T00:00:00+00:00
[2024-06-24T15:04:50.346+0000] {processor.py:178} INFO - Processing /home/airflow/.local/lib/python3.7/site-packages/airflow/example_dags/example_branch_day_of_week_operator.py took 0.033 seconds
[2024-06-24T15:05:20.869+0000] {processor.py:156} INFO - Started process (PID=254) to work on /home/airflow/.local/lib/python3.7/site-packages/airflow/example_dags/example_branch_day_of_week_operator.py
[2024-06-24T15:05:20.869+0000] {processor.py:799} INFO - Processing file /home/airflow/.local/lib/python3.7/site-packages/airflow/example_dags/example_branch_day_of_week_operator.py for tasks to queue
[2024-06-24T15:05:20.869+0000] {logging_mixin.py:149} INFO - [2024-06-24T15:05:20.869+0000] {dagbag.py:541} INFO - Filling up the DagBag from /home/airflow/.local/lib/python3.7/site-packages/airflow/example_dags/example_branch_day_of_week_operator.py
[2024-06-24T15:05:20.872+0000] {processor.py:809} INFO - DAG(s) dict_keys(['example_weekday_branch_operator']) retrieved from /home/airflow/.local/lib/python3.7/site-packages/airflow/example_dags/example_branch_day_of_week_operator.py
[2024-06-24T15:05:20.883+0000] {logging_mixin.py:149} INFO - [2024-06-24T15:05:20.883+0000] {dag.py:2726} INFO - Sync 1 DAGs
[2024-06-24T15:05:20.893+0000] {logging_mixin.py:149} INFO - [2024-06-24T15:05:20.893+0000] {dag.py:3490} INFO - Setting next_dagrun for example_weekday_branch_operator to 2024-06-23T00:00:00+00:00, run_after=2024-06-24T00:00:00+00:00
[2024-06-24T15:05:20.900+0000] {processor.py:178} INFO - Processing /home/airflow/.local/lib/python3.7/site-packages/airflow/example_dags/example_branch_day_of_week_operator.py took 0.033 seconds
[2024-06-24T15:05:51.499+0000] {processor.py:156} INFO - Started process (PID=323) to work on /home/airflow/.local/lib/python3.7/site-packages/airflow/example_dags/example_branch_day_of_week_operator.py
[2024-06-24T15:05:51.500+0000] {processor.py:799} INFO - Processing file /home/airflow/.local/lib/python3.7/site-packages/airflow/example_dags/example_branch_day_of_week_operator.py for tasks to queue
[2024-06-24T15:05:51.500+0000] {logging_mixin.py:149} INFO - [2024-06-24T15:05:51.500+0000] {dagbag.py:541} INFO - Filling up the DagBag from /home/airflow/.local/lib/python3.7/site-packages/airflow/example_dags/example_branch_day_of_week_operator.py
[2024-06-24T15:05:51.503+0000] {processor.py:809} INFO - DAG(s) dict_keys(['example_weekday_branch_operator']) retrieved from /home/airflow/.local/lib/python3.7/site-packages/airflow/example_dags/example_branch_day_of_week_operator.py
[2024-06-24T15:05:51.513+0000] {logging_mixin.py:149} INFO - [2024-06-24T15:05:51.513+0000] {dag.py:2726} INFO - Sync 1 DAGs
[2024-06-24T15:05:51.524+0000] {logging_mixin.py:149} INFO - [2024-06-24T15:05:51.524+0000] {dag.py:3490} INFO - Setting next_dagrun for example_weekday_branch_operator to 2024-06-23T00:00:00+00:00, run_after=2024-06-24T00:00:00+00:00
[2024-06-24T15:05:51.532+0000] {processor.py:178} INFO - Processing /home/airflow/.local/lib/python3.7/site-packages/airflow/example_dags/example_branch_day_of_week_operator.py took 0.034 seconds
[2024-06-24T15:06:22.058+0000] {processor.py:156} INFO - Started process (PID=391) to work on /home/airflow/.local/lib/python3.7/site-packages/airflow/example_dags/example_branch_day_of_week_operator.py
[2024-06-24T15:06:22.058+0000] {processor.py:799} INFO - Processing file /home/airflow/.local/lib/python3.7/site-packages/airflow/example_dags/example_branch_day_of_week_operator.py for tasks to queue
[2024-06-24T15:06:22.058+0000] {logging_mixin.py:149} INFO - [2024-06-24T15:06:22.058+0000] {dagbag.py:541} INFO - Filling up the DagBag from /home/airflow/.local/lib/python3.7/site-packages/airflow/example_dags/example_branch_day_of_week_operator.py
[2024-06-24T15:06:22.062+0000] {processor.py:809} INFO - DAG(s) dict_keys(['example_weekday_branch_operator']) retrieved from /home/airflow/.local/lib/python3.7/site-packages/airflow/example_dags/example_branch_day_of_week_operator.py
[2024-06-24T15:06:22.073+0000] {logging_mixin.py:149} INFO - [2024-06-24T15:06:22.073+0000] {dag.py:2726} INFO - Sync 1 DAGs
[2024-06-24T15:06:22.083+0000] {logging_mixin.py:149} INFO - [2024-06-24T15:06:22.083+0000] {dag.py:3490} INFO - Setting next_dagrun for example_weekday_branch_operator to 2024-06-23T00:00:00+00:00, run_after=2024-06-24T00:00:00+00:00
[2024-06-24T15:06:22.090+0000] {processor.py:178} INFO - Processing /home/airflow/.local/lib/python3.7/site-packages/airflow/example_dags/example_branch_day_of_week_operator.py took 0.033 seconds
[2024-06-24T15:06:52.728+0000] {processor.py:156} INFO - Started process (PID=459) to work on /home/airflow/.local/lib/python3.7/site-packages/airflow/example_dags/example_branch_day_of_week_operator.py
[2024-06-24T15:06:52.728+0000] {processor.py:799} INFO - Processing file /home/airflow/.local/lib/python3.7/site-packages/airflow/example_dags/example_branch_day_of_week_operator.py for tasks to queue
[2024-06-24T15:06:52.729+0000] {logging_mixin.py:149} INFO - [2024-06-24T15:06:52.729+0000] {dagbag.py:541} INFO - Filling up the DagBag from /home/airflow/.local/lib/python3.7/site-packages/airflow/example_dags/example_branch_day_of_week_operator.py
[2024-06-24T15:06:52.732+0000] {processor.py:809} INFO - DAG(s) dict_keys(['example_weekday_branch_operator']) retrieved from /home/airflow/.local/lib/python3.7/site-packages/airflow/example_dags/example_branch_day_of_week_operator.py
[2024-06-24T15:06:52.744+0000] {logging_mixin.py:149} INFO - [2024-06-24T15:06:52.744+0000] {dag.py:2726} INFO - Sync 1 DAGs
[2024-06-24T15:06:52.755+0000] {logging_mixin.py:149} INFO - [2024-06-24T15:06:52.755+0000] {dag.py:3490} INFO - Setting next_dagrun for example_weekday_branch_operator to 2024-06-23T00:00:00+00:00, run_after=2024-06-24T00:00:00+00:00
[2024-06-24T15:06:52.763+0000] {processor.py:178} INFO - Processing /home/airflow/.local/lib/python3.7/site-packages/airflow/example_dags/example_branch_day_of_week_operator.py took 0.036 seconds
[2024-06-24T15:07:52.971+0000] {processor.py:156} INFO - Started process (PID=47) to work on /home/airflow/.local/lib/python3.7/site-packages/airflow/example_dags/example_branch_day_of_week_operator.py
[2024-06-24T15:07:52.971+0000] {processor.py:799} INFO - Processing file /home/airflow/.local/lib/python3.7/site-packages/airflow/example_dags/example_branch_day_of_week_operator.py for tasks to queue
[2024-06-24T15:07:52.971+0000] {logging_mixin.py:149} INFO - [2024-06-24T15:07:52.971+0000] {dagbag.py:541} INFO - Filling up the DagBag from /home/airflow/.local/lib/python3.7/site-packages/airflow/example_dags/example_branch_day_of_week_operator.py
[2024-06-24T15:07:52.977+0000] {processor.py:809} INFO - DAG(s) dict_keys(['example_weekday_branch_operator']) retrieved from /home/airflow/.local/lib/python3.7/site-packages/airflow/example_dags/example_branch_day_of_week_operator.py
[2024-06-24T15:07:52.983+0000] {logging_mixin.py:149} INFO - [2024-06-24T15:07:52.983+0000] {dag.py:2726} INFO - Sync 1 DAGs
[2024-06-24T15:07:52.996+0000] {logging_mixin.py:149} INFO - [2024-06-24T15:07:52.996+0000] {dag.py:3490} INFO - Setting next_dagrun for example_weekday_branch_operator to 2024-06-23T00:00:00+00:00, run_after=2024-06-24T00:00:00+00:00
[2024-06-24T15:07:53.039+0000] {processor.py:178} INFO - Processing /home/airflow/.local/lib/python3.7/site-packages/airflow/example_dags/example_branch_day_of_week_operator.py took 0.070 seconds
[2024-06-24T15:08:23.463+0000] {processor.py:156} INFO - Started process (PID=112) to work on /home/airflow/.local/lib/python3.7/site-packages/airflow/example_dags/example_branch_day_of_week_operator.py
[2024-06-24T15:08:23.464+0000] {processor.py:799} INFO - Processing file /home/airflow/.local/lib/python3.7/site-packages/airflow/example_dags/example_branch_day_of_week_operator.py for tasks to queue
[2024-06-24T15:08:23.465+0000] {logging_mixin.py:149} INFO - [2024-06-24T15:08:23.465+0000] {dagbag.py:541} INFO - Filling up the DagBag from /home/airflow/.local/lib/python3.7/site-packages/airflow/example_dags/example_branch_day_of_week_operator.py
[2024-06-24T15:08:23.476+0000] {processor.py:809} INFO - DAG(s) dict_keys(['example_weekday_branch_operator']) retrieved from /home/airflow/.local/lib/python3.7/site-packages/airflow/example_dags/example_branch_day_of_week_operator.py
[2024-06-24T15:08:23.499+0000] {logging_mixin.py:149} INFO - [2024-06-24T15:08:23.499+0000] {dag.py:2726} INFO - Sync 1 DAGs
[2024-06-24T15:08:23.515+0000] {logging_mixin.py:149} INFO - [2024-06-24T15:08:23.515+0000] {dag.py:3490} INFO - Setting next_dagrun for example_weekday_branch_operator to 2024-06-23T00:00:00+00:00, run_after=2024-06-24T00:00:00+00:00
[2024-06-24T15:08:23.523+0000] {processor.py:178} INFO - Processing /home/airflow/.local/lib/python3.7/site-packages/airflow/example_dags/example_branch_day_of_week_operator.py took 0.064 seconds
[2024-06-24T15:08:54.234+0000] {processor.py:156} INFO - Started process (PID=190) to work on /home/airflow/.local/lib/python3.7/site-packages/airflow/example_dags/example_branch_day_of_week_operator.py
[2024-06-24T15:08:54.235+0000] {processor.py:799} INFO - Processing file /home/airflow/.local/lib/python3.7/site-packages/airflow/example_dags/example_branch_day_of_week_operator.py for tasks to queue
[2024-06-24T15:08:54.235+0000] {logging_mixin.py:149} INFO - [2024-06-24T15:08:54.235+0000] {dagbag.py:541} INFO - Filling up the DagBag from /home/airflow/.local/lib/python3.7/site-packages/airflow/example_dags/example_branch_day_of_week_operator.py
[2024-06-24T15:08:54.238+0000] {processor.py:809} INFO - DAG(s) dict_keys(['example_weekday_branch_operator']) retrieved from /home/airflow/.local/lib/python3.7/site-packages/airflow/example_dags/example_branch_day_of_week_operator.py
[2024-06-24T15:08:54.248+0000] {logging_mixin.py:149} INFO - [2024-06-24T15:08:54.248+0000] {dag.py:2726} INFO - Sync 1 DAGs
[2024-06-24T15:08:54.259+0000] {logging_mixin.py:149} INFO - [2024-06-24T15:08:54.259+0000] {dag.py:3490} INFO - Setting next_dagrun for example_weekday_branch_operator to 2024-06-23T00:00:00+00:00, run_after=2024-06-24T00:00:00+00:00
[2024-06-24T15:08:54.266+0000] {processor.py:178} INFO - Processing /home/airflow/.local/lib/python3.7/site-packages/airflow/example_dags/example_branch_day_of_week_operator.py took 0.033 seconds
[2024-06-24T15:09:25.027+0000] {processor.py:156} INFO - Started process (PID=259) to work on /home/airflow/.local/lib/python3.7/site-packages/airflow/example_dags/example_branch_day_of_week_operator.py
[2024-06-24T15:09:25.027+0000] {processor.py:799} INFO - Processing file /home/airflow/.local/lib/python3.7/site-packages/airflow/example_dags/example_branch_day_of_week_operator.py for tasks to queue
[2024-06-24T15:09:25.027+0000] {logging_mixin.py:149} INFO - [2024-06-24T15:09:25.027+0000] {dagbag.py:541} INFO - Filling up the DagBag from /home/airflow/.local/lib/python3.7/site-packages/airflow/example_dags/example_branch_day_of_week_operator.py
[2024-06-24T15:09:25.030+0000] {processor.py:809} INFO - DAG(s) dict_keys(['example_weekday_branch_operator']) retrieved from /home/airflow/.local/lib/python3.7/site-packages/airflow/example_dags/example_branch_day_of_week_operator.py
[2024-06-24T15:09:25.041+0000] {logging_mixin.py:149} INFO - [2024-06-24T15:09:25.040+0000] {dag.py:2726} INFO - Sync 1 DAGs
[2024-06-24T15:09:25.051+0000] {logging_mixin.py:149} INFO - [2024-06-24T15:09:25.051+0000] {dag.py:3490} INFO - Setting next_dagrun for example_weekday_branch_operator to 2024-06-23T00:00:00+00:00, run_after=2024-06-24T00:00:00+00:00
[2024-06-24T15:09:25.058+0000] {processor.py:178} INFO - Processing /home/airflow/.local/lib/python3.7/site-packages/airflow/example_dags/example_branch_day_of_week_operator.py took 0.032 seconds
[2024-06-24T15:09:55.624+0000] {processor.py:156} INFO - Started process (PID=328) to work on /home/airflow/.local/lib/python3.7/site-packages/airflow/example_dags/example_branch_day_of_week_operator.py
[2024-06-24T15:09:55.624+0000] {processor.py:799} INFO - Processing file /home/airflow/.local/lib/python3.7/site-packages/airflow/example_dags/example_branch_day_of_week_operator.py for tasks to queue
[2024-06-24T15:09:55.625+0000] {logging_mixin.py:149} INFO - [2024-06-24T15:09:55.625+0000] {dagbag.py:541} INFO - Filling up the DagBag from /home/airflow/.local/lib/python3.7/site-packages/airflow/example_dags/example_branch_day_of_week_operator.py
[2024-06-24T15:09:55.628+0000] {processor.py:809} INFO - DAG(s) dict_keys(['example_weekday_branch_operator']) retrieved from /home/airflow/.local/lib/python3.7/site-packages/airflow/example_dags/example_branch_day_of_week_operator.py
[2024-06-24T15:09:55.639+0000] {logging_mixin.py:149} INFO - [2024-06-24T15:09:55.639+0000] {dag.py:2726} INFO - Sync 1 DAGs
[2024-06-24T15:09:55.651+0000] {logging_mixin.py:149} INFO - [2024-06-24T15:09:55.650+0000] {dag.py:3490} INFO - Setting next_dagrun for example_weekday_branch_operator to 2024-06-23T00:00:00+00:00, run_after=2024-06-24T00:00:00+00:00
[2024-06-24T15:09:55.657+0000] {processor.py:178} INFO - Processing /home/airflow/.local/lib/python3.7/site-packages/airflow/example_dags/example_branch_day_of_week_operator.py took 0.035 seconds
[2024-06-24T15:10:26.272+0000] {processor.py:156} INFO - Started process (PID=397) to work on /home/airflow/.local/lib/python3.7/site-packages/airflow/example_dags/example_branch_day_of_week_operator.py
[2024-06-24T15:10:26.272+0000] {processor.py:799} INFO - Processing file /home/airflow/.local/lib/python3.7/site-packages/airflow/example_dags/example_branch_day_of_week_operator.py for tasks to queue
[2024-06-24T15:10:26.273+0000] {logging_mixin.py:149} INFO - [2024-06-24T15:10:26.273+0000] {dagbag.py:541} INFO - Filling up the DagBag from /home/airflow/.local/lib/python3.7/site-packages/airflow/example_dags/example_branch_day_of_week_operator.py
[2024-06-24T15:10:26.276+0000] {processor.py:809} INFO - DAG(s) dict_keys(['example_weekday_branch_operator']) retrieved from /home/airflow/.local/lib/python3.7/site-packages/airflow/example_dags/example_branch_day_of_week_operator.py
[2024-06-24T15:10:26.287+0000] {logging_mixin.py:149} INFO - [2024-06-24T15:10:26.287+0000] {dag.py:2726} INFO - Sync 1 DAGs
[2024-06-24T15:10:26.299+0000] {logging_mixin.py:149} INFO - [2024-06-24T15:10:26.298+0000] {dag.py:3490} INFO - Setting next_dagrun for example_weekday_branch_operator to 2024-06-23T00:00:00+00:00, run_after=2024-06-24T00:00:00+00:00
[2024-06-24T15:10:26.305+0000] {processor.py:178} INFO - Processing /home/airflow/.local/lib/python3.7/site-packages/airflow/example_dags/example_branch_day_of_week_operator.py took 0.035 seconds
[2024-06-24T15:10:57.036+0000] {processor.py:156} INFO - Started process (PID=466) to work on /home/airflow/.local/lib/python3.7/site-packages/airflow/example_dags/example_branch_day_of_week_operator.py
[2024-06-24T15:10:57.037+0000] {processor.py:799} INFO - Processing file /home/airflow/.local/lib/python3.7/site-packages/airflow/example_dags/example_branch_day_of_week_operator.py for tasks to queue
[2024-06-24T15:10:57.037+0000] {logging_mixin.py:149} INFO - [2024-06-24T15:10:57.037+0000] {dagbag.py:541} INFO - Filling up the DagBag from /home/airflow/.local/lib/python3.7/site-packages/airflow/example_dags/example_branch_day_of_week_operator.py
[2024-06-24T15:10:57.040+0000] {processor.py:809} INFO - DAG(s) dict_keys(['example_weekday_branch_operator']) retrieved from /home/airflow/.local/lib/python3.7/site-packages/airflow/example_dags/example_branch_day_of_week_operator.py
[2024-06-24T15:10:57.049+0000] {logging_mixin.py:149} INFO - [2024-06-24T15:10:57.049+0000] {dag.py:2726} INFO - Sync 1 DAGs
[2024-06-24T15:10:57.060+0000] {logging_mixin.py:149} INFO - [2024-06-24T15:10:57.060+0000] {dag.py:3490} INFO - Setting next_dagrun for example_weekday_branch_operator to 2024-06-23T00:00:00+00:00, run_after=2024-06-24T00:00:00+00:00
[2024-06-24T15:10:57.066+0000] {processor.py:178} INFO - Processing /home/airflow/.local/lib/python3.7/site-packages/airflow/example_dags/example_branch_day_of_week_operator.py took 0.031 seconds
[2024-06-24T15:11:27.744+0000] {processor.py:156} INFO - Started process (PID=535) to work on /home/airflow/.local/lib/python3.7/site-packages/airflow/example_dags/example_branch_day_of_week_operator.py
[2024-06-24T15:11:27.745+0000] {processor.py:799} INFO - Processing file /home/airflow/.local/lib/python3.7/site-packages/airflow/example_dags/example_branch_day_of_week_operator.py for tasks to queue
[2024-06-24T15:11:27.745+0000] {logging_mixin.py:149} INFO - [2024-06-24T15:11:27.745+0000] {dagbag.py:541} INFO - Filling up the DagBag from /home/airflow/.local/lib/python3.7/site-packages/airflow/example_dags/example_branch_day_of_week_operator.py
[2024-06-24T15:11:27.748+0000] {processor.py:809} INFO - DAG(s) dict_keys(['example_weekday_branch_operator']) retrieved from /home/airflow/.local/lib/python3.7/site-packages/airflow/example_dags/example_branch_day_of_week_operator.py
[2024-06-24T15:11:27.759+0000] {logging_mixin.py:149} INFO - [2024-06-24T15:11:27.759+0000] {dag.py:2726} INFO - Sync 1 DAGs
[2024-06-24T15:11:27.770+0000] {logging_mixin.py:149} INFO - [2024-06-24T15:11:27.770+0000] {dag.py:3490} INFO - Setting next_dagrun for example_weekday_branch_operator to 2024-06-23T00:00:00+00:00, run_after=2024-06-24T00:00:00+00:00
[2024-06-24T15:11:27.777+0000] {processor.py:178} INFO - Processing /home/airflow/.local/lib/python3.7/site-packages/airflow/example_dags/example_branch_day_of_week_operator.py took 0.034 seconds
[2024-06-24T15:11:58.467+0000] {processor.py:156} INFO - Started process (PID=604) to work on /home/airflow/.local/lib/python3.7/site-packages/airflow/example_dags/example_branch_day_of_week_operator.py
[2024-06-24T15:11:58.468+0000] {processor.py:799} INFO - Processing file /home/airflow/.local/lib/python3.7/site-packages/airflow/example_dags/example_branch_day_of_week_operator.py for tasks to queue
[2024-06-24T15:11:58.468+0000] {logging_mixin.py:149} INFO - [2024-06-24T15:11:58.468+0000] {dagbag.py:541} INFO - Filling up the DagBag from /home/airflow/.local/lib/python3.7/site-packages/airflow/example_dags/example_branch_day_of_week_operator.py
[2024-06-24T15:11:58.471+0000] {processor.py:809} INFO - DAG(s) dict_keys(['example_weekday_branch_operator']) retrieved from /home/airflow/.local/lib/python3.7/site-packages/airflow/example_dags/example_branch_day_of_week_operator.py
[2024-06-24T15:11:58.484+0000] {logging_mixin.py:149} INFO - [2024-06-24T15:11:58.484+0000] {dag.py:2726} INFO - Sync 1 DAGs
[2024-06-24T15:11:58.496+0000] {logging_mixin.py:149} INFO - [2024-06-24T15:11:58.496+0000] {dag.py:3490} INFO - Setting next_dagrun for example_weekday_branch_operator to 2024-06-23T00:00:00+00:00, run_after=2024-06-24T00:00:00+00:00
[2024-06-24T15:11:58.504+0000] {processor.py:178} INFO - Processing /home/airflow/.local/lib/python3.7/site-packages/airflow/example_dags/example_branch_day_of_week_operator.py took 0.038 seconds
[2024-06-24T15:12:29.206+0000] {processor.py:156} INFO - Started process (PID=673) to work on /home/airflow/.local/lib/python3.7/site-packages/airflow/example_dags/example_branch_day_of_week_operator.py
[2024-06-24T15:12:29.206+0000] {processor.py:799} INFO - Processing file /home/airflow/.local/lib/python3.7/site-packages/airflow/example_dags/example_branch_day_of_week_operator.py for tasks to queue
[2024-06-24T15:12:29.206+0000] {logging_mixin.py:149} INFO - [2024-06-24T15:12:29.206+0000] {dagbag.py:541} INFO - Filling up the DagBag from /home/airflow/.local/lib/python3.7/site-packages/airflow/example_dags/example_branch_day_of_week_operator.py
[2024-06-24T15:12:29.210+0000] {processor.py:809} INFO - DAG(s) dict_keys(['example_weekday_branch_operator']) retrieved from /home/airflow/.local/lib/python3.7/site-packages/airflow/example_dags/example_branch_day_of_week_operator.py
[2024-06-24T15:12:29.221+0000] {logging_mixin.py:149} INFO - [2024-06-24T15:12:29.221+0000] {dag.py:2726} INFO - Sync 1 DAGs
[2024-06-24T15:12:29.233+0000] {logging_mixin.py:149} INFO - [2024-06-24T15:12:29.233+0000] {dag.py:3490} INFO - Setting next_dagrun for example_weekday_branch_operator to 2024-06-23T00:00:00+00:00, run_after=2024-06-24T00:00:00+00:00
[2024-06-24T15:12:29.240+0000] {processor.py:178} INFO - Processing /home/airflow/.local/lib/python3.7/site-packages/airflow/example_dags/example_branch_day_of_week_operator.py took 0.035 seconds
[2024-06-24T15:12:59.875+0000] {processor.py:156} INFO - Started process (PID=742) to work on /home/airflow/.local/lib/python3.7/site-packages/airflow/example_dags/example_branch_day_of_week_operator.py
[2024-06-24T15:12:59.875+0000] {processor.py:799} INFO - Processing file /home/airflow/.local/lib/python3.7/site-packages/airflow/example_dags/example_branch_day_of_week_operator.py for tasks to queue
[2024-06-24T15:12:59.876+0000] {logging_mixin.py:149} INFO - [2024-06-24T15:12:59.876+0000] {dagbag.py:541} INFO - Filling up the DagBag from /home/airflow/.local/lib/python3.7/site-packages/airflow/example_dags/example_branch_day_of_week_operator.py
[2024-06-24T15:12:59.879+0000] {processor.py:809} INFO - DAG(s) dict_keys(['example_weekday_branch_operator']) retrieved from /home/airflow/.local/lib/python3.7/site-packages/airflow/example_dags/example_branch_day_of_week_operator.py
[2024-06-24T15:12:59.889+0000] {logging_mixin.py:149} INFO - [2024-06-24T15:12:59.889+0000] {dag.py:2726} INFO - Sync 1 DAGs
[2024-06-24T15:12:59.901+0000] {logging_mixin.py:149} INFO - [2024-06-24T15:12:59.900+0000] {dag.py:3490} INFO - Setting next_dagrun for example_weekday_branch_operator to 2024-06-23T00:00:00+00:00, run_after=2024-06-24T00:00:00+00:00
[2024-06-24T15:12:59.908+0000] {processor.py:178} INFO - Processing /home/airflow/.local/lib/python3.7/site-packages/airflow/example_dags/example_branch_day_of_week_operator.py took 0.034 seconds
[2024-06-24T15:13:30.550+0000] {processor.py:156} INFO - Started process (PID=811) to work on /home/airflow/.local/lib/python3.7/site-packages/airflow/example_dags/example_branch_day_of_week_operator.py
[2024-06-24T15:13:30.550+0000] {processor.py:799} INFO - Processing file /home/airflow/.local/lib/python3.7/site-packages/airflow/example_dags/example_branch_day_of_week_operator.py for tasks to queue
[2024-06-24T15:13:30.551+0000] {logging_mixin.py:149} INFO - [2024-06-24T15:13:30.551+0000] {dagbag.py:541} INFO - Filling up the DagBag from /home/airflow/.local/lib/python3.7/site-packages/airflow/example_dags/example_branch_day_of_week_operator.py
[2024-06-24T15:13:30.553+0000] {processor.py:809} INFO - DAG(s) dict_keys(['example_weekday_branch_operator']) retrieved from /home/airflow/.local/lib/python3.7/site-packages/airflow/example_dags/example_branch_day_of_week_operator.py
[2024-06-24T15:13:30.564+0000] {logging_mixin.py:149} INFO - [2024-06-24T15:13:30.563+0000] {dag.py:2726} INFO - Sync 1 DAGs
[2024-06-24T15:13:30.574+0000] {logging_mixin.py:149} INFO - [2024-06-24T15:13:30.574+0000] {dag.py:3490} INFO - Setting next_dagrun for example_weekday_branch_operator to 2024-06-23T00:00:00+00:00, run_after=2024-06-24T00:00:00+00:00
[2024-06-24T15:13:30.581+0000] {processor.py:178} INFO - Processing /home/airflow/.local/lib/python3.7/site-packages/airflow/example_dags/example_branch_day_of_week_operator.py took 0.032 seconds
[2024-06-24T15:14:01.150+0000] {processor.py:156} INFO - Started process (PID=880) to work on /home/airflow/.local/lib/python3.7/site-packages/airflow/example_dags/example_branch_day_of_week_operator.py
[2024-06-24T15:14:01.150+0000] {processor.py:799} INFO - Processing file /home/airflow/.local/lib/python3.7/site-packages/airflow/example_dags/example_branch_day_of_week_operator.py for tasks to queue
[2024-06-24T15:14:01.150+0000] {logging_mixin.py:149} INFO - [2024-06-24T15:14:01.150+0000] {dagbag.py:541} INFO - Filling up the DagBag from /home/airflow/.local/lib/python3.7/site-packages/airflow/example_dags/example_branch_day_of_week_operator.py
[2024-06-24T15:14:01.153+0000] {processor.py:809} INFO - DAG(s) dict_keys(['example_weekday_branch_operator']) retrieved from /home/airflow/.local/lib/python3.7/site-packages/airflow/example_dags/example_branch_day_of_week_operator.py
[2024-06-24T15:14:01.163+0000] {logging_mixin.py:149} INFO - [2024-06-24T15:14:01.163+0000] {dag.py:2726} INFO - Sync 1 DAGs
[2024-06-24T15:14:01.174+0000] {logging_mixin.py:149} INFO - [2024-06-24T15:14:01.174+0000] {dag.py:3490} INFO - Setting next_dagrun for example_weekday_branch_operator to 2024-06-23T00:00:00+00:00, run_after=2024-06-24T00:00:00+00:00
[2024-06-24T15:14:01.180+0000] {processor.py:178} INFO - Processing /home/airflow/.local/lib/python3.7/site-packages/airflow/example_dags/example_branch_day_of_week_operator.py took 0.032 seconds
[2024-06-24T15:14:31.638+0000] {processor.py:156} INFO - Started process (PID=949) to work on /home/airflow/.local/lib/python3.7/site-packages/airflow/example_dags/example_branch_day_of_week_operator.py
[2024-06-24T15:14:31.639+0000] {processor.py:799} INFO - Processing file /home/airflow/.local/lib/python3.7/site-packages/airflow/example_dags/example_branch_day_of_week_operator.py for tasks to queue
[2024-06-24T15:14:31.640+0000] {logging_mixin.py:149} INFO - [2024-06-24T15:14:31.640+0000] {dagbag.py:541} INFO - Filling up the DagBag from /home/airflow/.local/lib/python3.7/site-packages/airflow/example_dags/example_branch_day_of_week_operator.py
[2024-06-24T15:14:31.647+0000] {processor.py:809} INFO - DAG(s) dict_keys(['example_weekday_branch_operator']) retrieved from /home/airflow/.local/lib/python3.7/site-packages/airflow/example_dags/example_branch_day_of_week_operator.py
[2024-06-24T15:14:31.664+0000] {logging_mixin.py:149} INFO - [2024-06-24T15:14:31.664+0000] {dag.py:2726} INFO - Sync 1 DAGs
[2024-06-24T15:14:31.679+0000] {logging_mixin.py:149} INFO - [2024-06-24T15:14:31.679+0000] {dag.py:3490} INFO - Setting next_dagrun for example_weekday_branch_operator to 2024-06-23T00:00:00+00:00, run_after=2024-06-24T00:00:00+00:00
[2024-06-24T15:14:31.687+0000] {processor.py:178} INFO - Processing /home/airflow/.local/lib/python3.7/site-packages/airflow/example_dags/example_branch_day_of_week_operator.py took 0.053 seconds
[2024-06-24T15:15:02.062+0000] {processor.py:156} INFO - Started process (PID=1018) to work on /home/airflow/.local/lib/python3.7/site-packages/airflow/example_dags/example_branch_day_of_week_operator.py
[2024-06-24T15:15:02.063+0000] {processor.py:799} INFO - Processing file /home/airflow/.local/lib/python3.7/site-packages/airflow/example_dags/example_branch_day_of_week_operator.py for tasks to queue
[2024-06-24T15:15:02.063+0000] {logging_mixin.py:149} INFO - [2024-06-24T15:15:02.063+0000] {dagbag.py:541} INFO - Filling up the DagBag from /home/airflow/.local/lib/python3.7/site-packages/airflow/example_dags/example_branch_day_of_week_operator.py
[2024-06-24T15:15:02.070+0000] {processor.py:809} INFO - DAG(s) dict_keys(['example_weekday_branch_operator']) retrieved from /home/airflow/.local/lib/python3.7/site-packages/airflow/example_dags/example_branch_day_of_week_operator.py
[2024-06-24T15:15:02.087+0000] {logging_mixin.py:149} INFO - [2024-06-24T15:15:02.086+0000] {dag.py:2726} INFO - Sync 1 DAGs
[2024-06-24T15:15:02.101+0000] {logging_mixin.py:149} INFO - [2024-06-24T15:15:02.101+0000] {dag.py:3490} INFO - Setting next_dagrun for example_weekday_branch_operator to 2024-06-23T00:00:00+00:00, run_after=2024-06-24T00:00:00+00:00
[2024-06-24T15:15:02.110+0000] {processor.py:178} INFO - Processing /home/airflow/.local/lib/python3.7/site-packages/airflow/example_dags/example_branch_day_of_week_operator.py took 0.051 seconds
[2024-06-24T15:15:32.743+0000] {processor.py:156} INFO - Started process (PID=1095) to work on /home/airflow/.local/lib/python3.7/site-packages/airflow/example_dags/example_branch_day_of_week_operator.py
[2024-06-24T15:15:32.743+0000] {processor.py:799} INFO - Processing file /home/airflow/.local/lib/python3.7/site-packages/airflow/example_dags/example_branch_day_of_week_operator.py for tasks to queue
[2024-06-24T15:15:32.743+0000] {logging_mixin.py:149} INFO - [2024-06-24T15:15:32.743+0000] {dagbag.py:541} INFO - Filling up the DagBag from /home/airflow/.local/lib/python3.7/site-packages/airflow/example_dags/example_branch_day_of_week_operator.py
[2024-06-24T15:15:32.746+0000] {processor.py:809} INFO - DAG(s) dict_keys(['example_weekday_branch_operator']) retrieved from /home/airflow/.local/lib/python3.7/site-packages/airflow/example_dags/example_branch_day_of_week_operator.py
[2024-06-24T15:15:32.757+0000] {logging_mixin.py:149} INFO - [2024-06-24T15:15:32.757+0000] {dag.py:2726} INFO - Sync 1 DAGs
[2024-06-24T15:15:32.767+0000] {logging_mixin.py:149} INFO - [2024-06-24T15:15:32.767+0000] {dag.py:3490} INFO - Setting next_dagrun for example_weekday_branch_operator to 2024-06-23T00:00:00+00:00, run_after=2024-06-24T00:00:00+00:00
[2024-06-24T15:15:32.774+0000] {processor.py:178} INFO - Processing /home/airflow/.local/lib/python3.7/site-packages/airflow/example_dags/example_branch_day_of_week_operator.py took 0.033 seconds
[2024-06-24T15:16:03.346+0000] {processor.py:156} INFO - Started process (PID=1165) to work on /home/airflow/.local/lib/python3.7/site-packages/airflow/example_dags/example_branch_day_of_week_operator.py
[2024-06-24T15:16:03.347+0000] {processor.py:799} INFO - Processing file /home/airflow/.local/lib/python3.7/site-packages/airflow/example_dags/example_branch_day_of_week_operator.py for tasks to queue
[2024-06-24T15:16:03.347+0000] {logging_mixin.py:149} INFO - [2024-06-24T15:16:03.347+0000] {dagbag.py:541} INFO - Filling up the DagBag from /home/airflow/.local/lib/python3.7/site-packages/airflow/example_dags/example_branch_day_of_week_operator.py
[2024-06-24T15:16:03.356+0000] {processor.py:809} INFO - DAG(s) dict_keys(['example_weekday_branch_operator']) retrieved from /home/airflow/.local/lib/python3.7/site-packages/airflow/example_dags/example_branch_day_of_week_operator.py
[2024-06-24T15:16:03.376+0000] {logging_mixin.py:149} INFO - [2024-06-24T15:16:03.376+0000] {dag.py:2726} INFO - Sync 1 DAGs
[2024-06-24T15:16:03.393+0000] {logging_mixin.py:149} INFO - [2024-06-24T15:16:03.392+0000] {dag.py:3490} INFO - Setting next_dagrun for example_weekday_branch_operator to 2024-06-23T00:00:00+00:00, run_after=2024-06-24T00:00:00+00:00
[2024-06-24T15:16:03.401+0000] {processor.py:178} INFO - Processing /home/airflow/.local/lib/python3.7/site-packages/airflow/example_dags/example_branch_day_of_week_operator.py took 0.059 seconds
[2024-06-24T15:16:34.077+0000] {processor.py:156} INFO - Started process (PID=1234) to work on /home/airflow/.local/lib/python3.7/site-packages/airflow/example_dags/example_branch_day_of_week_operator.py
[2024-06-24T15:16:34.077+0000] {processor.py:799} INFO - Processing file /home/airflow/.local/lib/python3.7/site-packages/airflow/example_dags/example_branch_day_of_week_operator.py for tasks to queue
[2024-06-24T15:16:34.078+0000] {logging_mixin.py:149} INFO - [2024-06-24T15:16:34.078+0000] {dagbag.py:541} INFO - Filling up the DagBag from /home/airflow/.local/lib/python3.7/site-packages/airflow/example_dags/example_branch_day_of_week_operator.py
[2024-06-24T15:16:34.085+0000] {processor.py:809} INFO - DAG(s) dict_keys(['example_weekday_branch_operator']) retrieved from /home/airflow/.local/lib/python3.7/site-packages/airflow/example_dags/example_branch_day_of_week_operator.py
[2024-06-24T15:16:34.100+0000] {logging_mixin.py:149} INFO - [2024-06-24T15:16:34.100+0000] {dag.py:2726} INFO - Sync 1 DAGs
[2024-06-24T15:16:34.115+0000] {logging_mixin.py:149} INFO - [2024-06-24T15:16:34.115+0000] {dag.py:3490} INFO - Setting next_dagrun for example_weekday_branch_operator to 2024-06-23T00:00:00+00:00, run_after=2024-06-24T00:00:00+00:00
[2024-06-24T15:16:34.123+0000] {processor.py:178} INFO - Processing /home/airflow/.local/lib/python3.7/site-packages/airflow/example_dags/example_branch_day_of_week_operator.py took 0.049 seconds
[2024-06-24T15:17:04.668+0000] {processor.py:156} INFO - Started process (PID=1303) to work on /home/airflow/.local/lib/python3.7/site-packages/airflow/example_dags/example_branch_day_of_week_operator.py
[2024-06-24T15:17:04.669+0000] {processor.py:799} INFO - Processing file /home/airflow/.local/lib/python3.7/site-packages/airflow/example_dags/example_branch_day_of_week_operator.py for tasks to queue
[2024-06-24T15:17:04.670+0000] {logging_mixin.py:149} INFO - [2024-06-24T15:17:04.670+0000] {dagbag.py:541} INFO - Filling up the DagBag from /home/airflow/.local/lib/python3.7/site-packages/airflow/example_dags/example_branch_day_of_week_operator.py
[2024-06-24T15:17:04.678+0000] {processor.py:809} INFO - DAG(s) dict_keys(['example_weekday_branch_operator']) retrieved from /home/airflow/.local/lib/python3.7/site-packages/airflow/example_dags/example_branch_day_of_week_operator.py
[2024-06-24T15:17:04.693+0000] {logging_mixin.py:149} INFO - [2024-06-24T15:17:04.693+0000] {dag.py:2726} INFO - Sync 1 DAGs
[2024-06-24T15:17:04.708+0000] {logging_mixin.py:149} INFO - [2024-06-24T15:17:04.708+0000] {dag.py:3490} INFO - Setting next_dagrun for example_weekday_branch_operator to 2024-06-23T00:00:00+00:00, run_after=2024-06-24T00:00:00+00:00
[2024-06-24T15:17:04.716+0000] {processor.py:178} INFO - Processing /home/airflow/.local/lib/python3.7/site-packages/airflow/example_dags/example_branch_day_of_week_operator.py took 0.050 seconds
[2024-06-24T15:17:35.207+0000] {processor.py:156} INFO - Started process (PID=1371) to work on /home/airflow/.local/lib/python3.7/site-packages/airflow/example_dags/example_branch_day_of_week_operator.py
[2024-06-24T15:17:35.208+0000] {processor.py:799} INFO - Processing file /home/airflow/.local/lib/python3.7/site-packages/airflow/example_dags/example_branch_day_of_week_operator.py for tasks to queue
[2024-06-24T15:17:35.209+0000] {logging_mixin.py:149} INFO - [2024-06-24T15:17:35.209+0000] {dagbag.py:541} INFO - Filling up the DagBag from /home/airflow/.local/lib/python3.7/site-packages/airflow/example_dags/example_branch_day_of_week_operator.py
[2024-06-24T15:17:35.218+0000] {processor.py:809} INFO - DAG(s) dict_keys(['example_weekday_branch_operator']) retrieved from /home/airflow/.local/lib/python3.7/site-packages/airflow/example_dags/example_branch_day_of_week_operator.py
[2024-06-24T15:17:35.238+0000] {logging_mixin.py:149} INFO - [2024-06-24T15:17:35.237+0000] {dag.py:2726} INFO - Sync 1 DAGs
[2024-06-24T15:17:35.253+0000] {logging_mixin.py:149} INFO - [2024-06-24T15:17:35.253+0000] {dag.py:3490} INFO - Setting next_dagrun for example_weekday_branch_operator to 2024-06-23T00:00:00+00:00, run_after=2024-06-24T00:00:00+00:00
[2024-06-24T15:17:35.261+0000] {processor.py:178} INFO - Processing /home/airflow/.local/lib/python3.7/site-packages/airflow/example_dags/example_branch_day_of_week_operator.py took 0.057 seconds
[2024-06-24T15:18:05.721+0000] {processor.py:156} INFO - Started process (PID=1440) to work on /home/airflow/.local/lib/python3.7/site-packages/airflow/example_dags/example_branch_day_of_week_operator.py
[2024-06-24T15:18:05.722+0000] {processor.py:799} INFO - Processing file /home/airflow/.local/lib/python3.7/site-packages/airflow/example_dags/example_branch_day_of_week_operator.py for tasks to queue
[2024-06-24T15:18:05.723+0000] {logging_mixin.py:149} INFO - [2024-06-24T15:18:05.723+0000] {dagbag.py:541} INFO - Filling up the DagBag from /home/airflow/.local/lib/python3.7/site-packages/airflow/example_dags/example_branch_day_of_week_operator.py
[2024-06-24T15:18:05.735+0000] {processor.py:809} INFO - DAG(s) dict_keys(['example_weekday_branch_operator']) retrieved from /home/airflow/.local/lib/python3.7/site-packages/airflow/example_dags/example_branch_day_of_week_operator.py
[2024-06-24T15:18:05.758+0000] {logging_mixin.py:149} INFO - [2024-06-24T15:18:05.758+0000] {dag.py:2726} INFO - Sync 1 DAGs
[2024-06-24T15:18:05.778+0000] {logging_mixin.py:149} INFO - [2024-06-24T15:18:05.778+0000] {dag.py:3490} INFO - Setting next_dagrun for example_weekday_branch_operator to 2024-06-23T00:00:00+00:00, run_after=2024-06-24T00:00:00+00:00
[2024-06-24T15:18:05.793+0000] {processor.py:178} INFO - Processing /home/airflow/.local/lib/python3.7/site-packages/airflow/example_dags/example_branch_day_of_week_operator.py took 0.075 seconds
[2024-06-24T15:18:36.445+0000] {processor.py:156} INFO - Started process (PID=1509) to work on /home/airflow/.local/lib/python3.7/site-packages/airflow/example_dags/example_branch_day_of_week_operator.py
[2024-06-24T15:18:36.450+0000] {processor.py:799} INFO - Processing file /home/airflow/.local/lib/python3.7/site-packages/airflow/example_dags/example_branch_day_of_week_operator.py for tasks to queue
[2024-06-24T15:18:36.450+0000] {logging_mixin.py:149} INFO - [2024-06-24T15:18:36.450+0000] {dagbag.py:541} INFO - Filling up the DagBag from /home/airflow/.local/lib/python3.7/site-packages/airflow/example_dags/example_branch_day_of_week_operator.py
[2024-06-24T15:18:36.459+0000] {processor.py:809} INFO - DAG(s) dict_keys(['example_weekday_branch_operator']) retrieved from /home/airflow/.local/lib/python3.7/site-packages/airflow/example_dags/example_branch_day_of_week_operator.py
[2024-06-24T15:18:36.478+0000] {logging_mixin.py:149} INFO - [2024-06-24T15:18:36.478+0000] {dag.py:2726} INFO - Sync 1 DAGs
[2024-06-24T15:18:36.494+0000] {logging_mixin.py:149} INFO - [2024-06-24T15:18:36.494+0000] {dag.py:3490} INFO - Setting next_dagrun for example_weekday_branch_operator to 2024-06-23T00:00:00+00:00, run_after=2024-06-24T00:00:00+00:00
[2024-06-24T15:18:36.503+0000] {processor.py:178} INFO - Processing /home/airflow/.local/lib/python3.7/site-packages/airflow/example_dags/example_branch_day_of_week_operator.py took 0.062 seconds
[2024-06-24T15:19:07.224+0000] {processor.py:156} INFO - Started process (PID=1578) to work on /home/airflow/.local/lib/python3.7/site-packages/airflow/example_dags/example_branch_day_of_week_operator.py
[2024-06-24T15:19:07.224+0000] {processor.py:799} INFO - Processing file /home/airflow/.local/lib/python3.7/site-packages/airflow/example_dags/example_branch_day_of_week_operator.py for tasks to queue
[2024-06-24T15:19:07.225+0000] {logging_mixin.py:149} INFO - [2024-06-24T15:19:07.225+0000] {dagbag.py:541} INFO - Filling up the DagBag from /home/airflow/.local/lib/python3.7/site-packages/airflow/example_dags/example_branch_day_of_week_operator.py
[2024-06-24T15:19:07.235+0000] {processor.py:809} INFO - DAG(s) dict_keys(['example_weekday_branch_operator']) retrieved from /home/airflow/.local/lib/python3.7/site-packages/airflow/example_dags/example_branch_day_of_week_operator.py
[2024-06-24T15:19:07.254+0000] {logging_mixin.py:149} INFO - [2024-06-24T15:19:07.254+0000] {dag.py:2726} INFO - Sync 1 DAGs
[2024-06-24T15:19:07.269+0000] {logging_mixin.py:149} INFO - [2024-06-24T15:19:07.269+0000] {dag.py:3490} INFO - Setting next_dagrun for example_weekday_branch_operator to 2024-06-23T00:00:00+00:00, run_after=2024-06-24T00:00:00+00:00
[2024-06-24T15:19:07.277+0000] {processor.py:178} INFO - Processing /home/airflow/.local/lib/python3.7/site-packages/airflow/example_dags/example_branch_day_of_week_operator.py took 0.057 seconds
[2024-06-24T15:19:37.822+0000] {processor.py:156} INFO - Started process (PID=1647) to work on /home/airflow/.local/lib/python3.7/site-packages/airflow/example_dags/example_branch_day_of_week_operator.py
[2024-06-24T15:19:37.823+0000] {processor.py:799} INFO - Processing file /home/airflow/.local/lib/python3.7/site-packages/airflow/example_dags/example_branch_day_of_week_operator.py for tasks to queue
[2024-06-24T15:19:37.824+0000] {logging_mixin.py:149} INFO - [2024-06-24T15:19:37.824+0000] {dagbag.py:541} INFO - Filling up the DagBag from /home/airflow/.local/lib/python3.7/site-packages/airflow/example_dags/example_branch_day_of_week_operator.py
[2024-06-24T15:19:37.831+0000] {processor.py:809} INFO - DAG(s) dict_keys(['example_weekday_branch_operator']) retrieved from /home/airflow/.local/lib/python3.7/site-packages/airflow/example_dags/example_branch_day_of_week_operator.py
[2024-06-24T15:19:37.851+0000] {logging_mixin.py:149} INFO - [2024-06-24T15:19:37.851+0000] {dag.py:2726} INFO - Sync 1 DAGs
[2024-06-24T15:19:37.869+0000] {logging_mixin.py:149} INFO - [2024-06-24T15:19:37.869+0000] {dag.py:3490} INFO - Setting next_dagrun for example_weekday_branch_operator to 2024-06-23T00:00:00+00:00, run_after=2024-06-24T00:00:00+00:00
[2024-06-24T15:19:37.877+0000] {processor.py:178} INFO - Processing /home/airflow/.local/lib/python3.7/site-packages/airflow/example_dags/example_branch_day_of_week_operator.py took 0.059 seconds
[2024-06-24T15:20:08.254+0000] {processor.py:156} INFO - Started process (PID=1716) to work on /home/airflow/.local/lib/python3.7/site-packages/airflow/example_dags/example_branch_day_of_week_operator.py
[2024-06-24T15:20:08.255+0000] {processor.py:799} INFO - Processing file /home/airflow/.local/lib/python3.7/site-packages/airflow/example_dags/example_branch_day_of_week_operator.py for tasks to queue
[2024-06-24T15:20:08.255+0000] {logging_mixin.py:149} INFO - [2024-06-24T15:20:08.255+0000] {dagbag.py:541} INFO - Filling up the DagBag from /home/airflow/.local/lib/python3.7/site-packages/airflow/example_dags/example_branch_day_of_week_operator.py
[2024-06-24T15:20:08.264+0000] {processor.py:809} INFO - DAG(s) dict_keys(['example_weekday_branch_operator']) retrieved from /home/airflow/.local/lib/python3.7/site-packages/airflow/example_dags/example_branch_day_of_week_operator.py
[2024-06-24T15:20:08.284+0000] {logging_mixin.py:149} INFO - [2024-06-24T15:20:08.284+0000] {dag.py:2726} INFO - Sync 1 DAGs
[2024-06-24T15:20:08.306+0000] {logging_mixin.py:149} INFO - [2024-06-24T15:20:08.306+0000] {dag.py:3490} INFO - Setting next_dagrun for example_weekday_branch_operator to 2024-06-23T00:00:00+00:00, run_after=2024-06-24T00:00:00+00:00
[2024-06-24T15:20:08.315+0000] {processor.py:178} INFO - Processing /home/airflow/.local/lib/python3.7/site-packages/airflow/example_dags/example_branch_day_of_week_operator.py took 0.066 seconds
[2024-06-24T15:20:39.022+0000] {processor.py:156} INFO - Started process (PID=1785) to work on /home/airflow/.local/lib/python3.7/site-packages/airflow/example_dags/example_branch_day_of_week_operator.py
[2024-06-24T15:20:39.023+0000] {processor.py:799} INFO - Processing file /home/airflow/.local/lib/python3.7/site-packages/airflow/example_dags/example_branch_day_of_week_operator.py for tasks to queue
[2024-06-24T15:20:39.023+0000] {logging_mixin.py:149} INFO - [2024-06-24T15:20:39.023+0000] {dagbag.py:541} INFO - Filling up the DagBag from /home/airflow/.local/lib/python3.7/site-packages/airflow/example_dags/example_branch_day_of_week_operator.py
[2024-06-24T15:20:39.032+0000] {processor.py:809} INFO - DAG(s) dict_keys(['example_weekday_branch_operator']) retrieved from /home/airflow/.local/lib/python3.7/site-packages/airflow/example_dags/example_branch_day_of_week_operator.py
[2024-06-24T15:20:39.049+0000] {logging_mixin.py:149} INFO - [2024-06-24T15:20:39.049+0000] {dag.py:2726} INFO - Sync 1 DAGs
[2024-06-24T15:20:39.065+0000] {logging_mixin.py:149} INFO - [2024-06-24T15:20:39.065+0000] {dag.py:3490} INFO - Setting next_dagrun for example_weekday_branch_operator to 2024-06-23T00:00:00+00:00, run_after=2024-06-24T00:00:00+00:00
[2024-06-24T15:20:39.074+0000] {processor.py:178} INFO - Processing /home/airflow/.local/lib/python3.7/site-packages/airflow/example_dags/example_branch_day_of_week_operator.py took 0.055 seconds
[2024-06-24T15:21:09.638+0000] {processor.py:156} INFO - Started process (PID=1854) to work on /home/airflow/.local/lib/python3.7/site-packages/airflow/example_dags/example_branch_day_of_week_operator.py
[2024-06-24T15:21:09.639+0000] {processor.py:799} INFO - Processing file /home/airflow/.local/lib/python3.7/site-packages/airflow/example_dags/example_branch_day_of_week_operator.py for tasks to queue
[2024-06-24T15:21:09.640+0000] {logging_mixin.py:149} INFO - [2024-06-24T15:21:09.640+0000] {dagbag.py:541} INFO - Filling up the DagBag from /home/airflow/.local/lib/python3.7/site-packages/airflow/example_dags/example_branch_day_of_week_operator.py
[2024-06-24T15:21:09.648+0000] {processor.py:809} INFO - DAG(s) dict_keys(['example_weekday_branch_operator']) retrieved from /home/airflow/.local/lib/python3.7/site-packages/airflow/example_dags/example_branch_day_of_week_operator.py
[2024-06-24T15:21:09.666+0000] {logging_mixin.py:149} INFO - [2024-06-24T15:21:09.666+0000] {dag.py:2726} INFO - Sync 1 DAGs
[2024-06-24T15:21:09.684+0000] {logging_mixin.py:149} INFO - [2024-06-24T15:21:09.684+0000] {dag.py:3490} INFO - Setting next_dagrun for example_weekday_branch_operator to 2024-06-23T00:00:00+00:00, run_after=2024-06-24T00:00:00+00:00
[2024-06-24T15:21:09.694+0000] {processor.py:178} INFO - Processing /home/airflow/.local/lib/python3.7/site-packages/airflow/example_dags/example_branch_day_of_week_operator.py took 0.060 seconds
[2024-06-24T15:21:40.502+0000] {processor.py:156} INFO - Started process (PID=1922) to work on /home/airflow/.local/lib/python3.7/site-packages/airflow/example_dags/example_branch_day_of_week_operator.py
[2024-06-24T15:21:40.502+0000] {processor.py:799} INFO - Processing file /home/airflow/.local/lib/python3.7/site-packages/airflow/example_dags/example_branch_day_of_week_operator.py for tasks to queue
[2024-06-24T15:21:40.503+0000] {logging_mixin.py:149} INFO - [2024-06-24T15:21:40.503+0000] {dagbag.py:541} INFO - Filling up the DagBag from /home/airflow/.local/lib/python3.7/site-packages/airflow/example_dags/example_branch_day_of_week_operator.py
[2024-06-24T15:21:40.511+0000] {processor.py:809} INFO - DAG(s) dict_keys(['example_weekday_branch_operator']) retrieved from /home/airflow/.local/lib/python3.7/site-packages/airflow/example_dags/example_branch_day_of_week_operator.py
[2024-06-24T15:21:40.540+0000] {logging_mixin.py:149} INFO - [2024-06-24T15:21:40.540+0000] {dag.py:2726} INFO - Sync 1 DAGs
[2024-06-24T15:21:40.574+0000] {logging_mixin.py:149} INFO - [2024-06-24T15:21:40.574+0000] {dag.py:3490} INFO - Setting next_dagrun for example_weekday_branch_operator to 2024-06-23T00:00:00+00:00, run_after=2024-06-24T00:00:00+00:00
[2024-06-24T15:21:40.611+0000] {processor.py:178} INFO - Processing /home/airflow/.local/lib/python3.7/site-packages/airflow/example_dags/example_branch_day_of_week_operator.py took 0.112 seconds
[2024-06-24T15:22:11.324+0000] {processor.py:156} INFO - Started process (PID=1991) to work on /home/airflow/.local/lib/python3.7/site-packages/airflow/example_dags/example_branch_day_of_week_operator.py
[2024-06-24T15:22:11.325+0000] {processor.py:799} INFO - Processing file /home/airflow/.local/lib/python3.7/site-packages/airflow/example_dags/example_branch_day_of_week_operator.py for tasks to queue
[2024-06-24T15:22:11.326+0000] {logging_mixin.py:149} INFO - [2024-06-24T15:22:11.326+0000] {dagbag.py:541} INFO - Filling up the DagBag from /home/airflow/.local/lib/python3.7/site-packages/airflow/example_dags/example_branch_day_of_week_operator.py
[2024-06-24T15:22:11.336+0000] {processor.py:809} INFO - DAG(s) dict_keys(['example_weekday_branch_operator']) retrieved from /home/airflow/.local/lib/python3.7/site-packages/airflow/example_dags/example_branch_day_of_week_operator.py
[2024-06-24T15:22:11.355+0000] {logging_mixin.py:149} INFO - [2024-06-24T15:22:11.355+0000] {dag.py:2726} INFO - Sync 1 DAGs
[2024-06-24T15:22:11.373+0000] {logging_mixin.py:149} INFO - [2024-06-24T15:22:11.373+0000] {dag.py:3490} INFO - Setting next_dagrun for example_weekday_branch_operator to 2024-06-23T00:00:00+00:00, run_after=2024-06-24T00:00:00+00:00
[2024-06-24T15:22:11.384+0000] {processor.py:178} INFO - Processing /home/airflow/.local/lib/python3.7/site-packages/airflow/example_dags/example_branch_day_of_week_operator.py took 0.062 seconds
[2024-06-24T15:22:41.963+0000] {processor.py:156} INFO - Started process (PID=2059) to work on /home/airflow/.local/lib/python3.7/site-packages/airflow/example_dags/example_branch_day_of_week_operator.py
[2024-06-24T15:22:41.963+0000] {processor.py:799} INFO - Processing file /home/airflow/.local/lib/python3.7/site-packages/airflow/example_dags/example_branch_day_of_week_operator.py for tasks to queue
[2024-06-24T15:22:41.964+0000] {logging_mixin.py:149} INFO - [2024-06-24T15:22:41.964+0000] {dagbag.py:541} INFO - Filling up the DagBag from /home/airflow/.local/lib/python3.7/site-packages/airflow/example_dags/example_branch_day_of_week_operator.py
[2024-06-24T15:22:41.971+0000] {processor.py:809} INFO - DAG(s) dict_keys(['example_weekday_branch_operator']) retrieved from /home/airflow/.local/lib/python3.7/site-packages/airflow/example_dags/example_branch_day_of_week_operator.py
[2024-06-24T15:22:41.988+0000] {logging_mixin.py:149} INFO - [2024-06-24T15:22:41.988+0000] {dag.py:2726} INFO - Sync 1 DAGs
[2024-06-24T15:22:42.003+0000] {logging_mixin.py:149} INFO - [2024-06-24T15:22:42.002+0000] {dag.py:3490} INFO - Setting next_dagrun for example_weekday_branch_operator to 2024-06-23T00:00:00+00:00, run_after=2024-06-24T00:00:00+00:00
[2024-06-24T15:22:42.011+0000] {processor.py:178} INFO - Processing /home/airflow/.local/lib/python3.7/site-packages/airflow/example_dags/example_branch_day_of_week_operator.py took 0.051 seconds
[2024-06-24T15:23:12.587+0000] {processor.py:156} INFO - Started process (PID=2128) to work on /home/airflow/.local/lib/python3.7/site-packages/airflow/example_dags/example_branch_day_of_week_operator.py
[2024-06-24T15:23:12.588+0000] {processor.py:799} INFO - Processing file /home/airflow/.local/lib/python3.7/site-packages/airflow/example_dags/example_branch_day_of_week_operator.py for tasks to queue
[2024-06-24T15:23:12.588+0000] {logging_mixin.py:149} INFO - [2024-06-24T15:23:12.588+0000] {dagbag.py:541} INFO - Filling up the DagBag from /home/airflow/.local/lib/python3.7/site-packages/airflow/example_dags/example_branch_day_of_week_operator.py
[2024-06-24T15:23:12.595+0000] {processor.py:809} INFO - DAG(s) dict_keys(['example_weekday_branch_operator']) retrieved from /home/airflow/.local/lib/python3.7/site-packages/airflow/example_dags/example_branch_day_of_week_operator.py
[2024-06-24T15:23:12.628+0000] {logging_mixin.py:149} INFO - [2024-06-24T15:23:12.628+0000] {dag.py:2726} INFO - Sync 1 DAGs
[2024-06-24T15:23:12.644+0000] {logging_mixin.py:149} INFO - [2024-06-24T15:23:12.644+0000] {dag.py:3490} INFO - Setting next_dagrun for example_weekday_branch_operator to 2024-06-23T00:00:00+00:00, run_after=2024-06-24T00:00:00+00:00
[2024-06-24T15:23:12.654+0000] {processor.py:178} INFO - Processing /home/airflow/.local/lib/python3.7/site-packages/airflow/example_dags/example_branch_day_of_week_operator.py took 0.073 seconds
[2024-06-24T15:23:43.301+0000] {processor.py:156} INFO - Started process (PID=2197) to work on /home/airflow/.local/lib/python3.7/site-packages/airflow/example_dags/example_branch_day_of_week_operator.py
[2024-06-24T15:23:43.303+0000] {processor.py:799} INFO - Processing file /home/airflow/.local/lib/python3.7/site-packages/airflow/example_dags/example_branch_day_of_week_operator.py for tasks to queue
[2024-06-24T15:23:43.304+0000] {logging_mixin.py:149} INFO - [2024-06-24T15:23:43.304+0000] {dagbag.py:541} INFO - Filling up the DagBag from /home/airflow/.local/lib/python3.7/site-packages/airflow/example_dags/example_branch_day_of_week_operator.py
[2024-06-24T15:23:43.310+0000] {processor.py:809} INFO - DAG(s) dict_keys(['example_weekday_branch_operator']) retrieved from /home/airflow/.local/lib/python3.7/site-packages/airflow/example_dags/example_branch_day_of_week_operator.py
[2024-06-24T15:23:43.326+0000] {logging_mixin.py:149} INFO - [2024-06-24T15:23:43.326+0000] {dag.py:2726} INFO - Sync 1 DAGs
[2024-06-24T15:23:43.342+0000] {logging_mixin.py:149} INFO - [2024-06-24T15:23:43.342+0000] {dag.py:3490} INFO - Setting next_dagrun for example_weekday_branch_operator to 2024-06-23T00:00:00+00:00, run_after=2024-06-24T00:00:00+00:00
[2024-06-24T15:23:43.353+0000] {processor.py:178} INFO - Processing /home/airflow/.local/lib/python3.7/site-packages/airflow/example_dags/example_branch_day_of_week_operator.py took 0.054 seconds
[2024-06-24T15:24:14.049+0000] {processor.py:156} INFO - Started process (PID=2266) to work on /home/airflow/.local/lib/python3.7/site-packages/airflow/example_dags/example_branch_day_of_week_operator.py
[2024-06-24T15:24:14.050+0000] {processor.py:799} INFO - Processing file /home/airflow/.local/lib/python3.7/site-packages/airflow/example_dags/example_branch_day_of_week_operator.py for tasks to queue
[2024-06-24T15:24:14.050+0000] {logging_mixin.py:149} INFO - [2024-06-24T15:24:14.050+0000] {dagbag.py:541} INFO - Filling up the DagBag from /home/airflow/.local/lib/python3.7/site-packages/airflow/example_dags/example_branch_day_of_week_operator.py
[2024-06-24T15:24:14.053+0000] {processor.py:809} INFO - DAG(s) dict_keys(['example_weekday_branch_operator']) retrieved from /home/airflow/.local/lib/python3.7/site-packages/airflow/example_dags/example_branch_day_of_week_operator.py
[2024-06-24T15:24:14.064+0000] {logging_mixin.py:149} INFO - [2024-06-24T15:24:14.064+0000] {dag.py:2726} INFO - Sync 1 DAGs
[2024-06-24T15:24:14.075+0000] {logging_mixin.py:149} INFO - [2024-06-24T15:24:14.075+0000] {dag.py:3490} INFO - Setting next_dagrun for example_weekday_branch_operator to 2024-06-23T00:00:00+00:00, run_after=2024-06-24T00:00:00+00:00
[2024-06-24T15:24:14.082+0000] {processor.py:178} INFO - Processing /home/airflow/.local/lib/python3.7/site-packages/airflow/example_dags/example_branch_day_of_week_operator.py took 0.035 seconds
[2024-06-24T15:24:44.604+0000] {processor.py:156} INFO - Started process (PID=2335) to work on /home/airflow/.local/lib/python3.7/site-packages/airflow/example_dags/example_branch_day_of_week_operator.py
[2024-06-24T15:24:44.607+0000] {processor.py:799} INFO - Processing file /home/airflow/.local/lib/python3.7/site-packages/airflow/example_dags/example_branch_day_of_week_operator.py for tasks to queue
[2024-06-24T15:24:44.608+0000] {logging_mixin.py:149} INFO - [2024-06-24T15:24:44.608+0000] {dagbag.py:541} INFO - Filling up the DagBag from /home/airflow/.local/lib/python3.7/site-packages/airflow/example_dags/example_branch_day_of_week_operator.py
[2024-06-24T15:24:44.614+0000] {processor.py:809} INFO - DAG(s) dict_keys(['example_weekday_branch_operator']) retrieved from /home/airflow/.local/lib/python3.7/site-packages/airflow/example_dags/example_branch_day_of_week_operator.py
[2024-06-24T15:24:44.631+0000] {logging_mixin.py:149} INFO - [2024-06-24T15:24:44.631+0000] {dag.py:2726} INFO - Sync 1 DAGs
[2024-06-24T15:24:44.650+0000] {logging_mixin.py:149} INFO - [2024-06-24T15:24:44.650+0000] {dag.py:3490} INFO - Setting next_dagrun for example_weekday_branch_operator to 2024-06-23T00:00:00+00:00, run_after=2024-06-24T00:00:00+00:00
[2024-06-24T15:24:44.662+0000] {processor.py:178} INFO - Processing /home/airflow/.local/lib/python3.7/site-packages/airflow/example_dags/example_branch_day_of_week_operator.py took 0.062 seconds
[2024-06-24T15:25:15.155+0000] {processor.py:156} INFO - Started process (PID=2403) to work on /home/airflow/.local/lib/python3.7/site-packages/airflow/example_dags/example_branch_day_of_week_operator.py
[2024-06-24T15:25:15.156+0000] {processor.py:799} INFO - Processing file /home/airflow/.local/lib/python3.7/site-packages/airflow/example_dags/example_branch_day_of_week_operator.py for tasks to queue
[2024-06-24T15:25:15.157+0000] {logging_mixin.py:149} INFO - [2024-06-24T15:25:15.157+0000] {dagbag.py:541} INFO - Filling up the DagBag from /home/airflow/.local/lib/python3.7/site-packages/airflow/example_dags/example_branch_day_of_week_operator.py
[2024-06-24T15:25:15.167+0000] {processor.py:809} INFO - DAG(s) dict_keys(['example_weekday_branch_operator']) retrieved from /home/airflow/.local/lib/python3.7/site-packages/airflow/example_dags/example_branch_day_of_week_operator.py
[2024-06-24T15:25:15.188+0000] {logging_mixin.py:149} INFO - [2024-06-24T15:25:15.188+0000] {dag.py:2726} INFO - Sync 1 DAGs
[2024-06-24T15:25:15.205+0000] {logging_mixin.py:149} INFO - [2024-06-24T15:25:15.205+0000] {dag.py:3490} INFO - Setting next_dagrun for example_weekday_branch_operator to 2024-06-23T00:00:00+00:00, run_after=2024-06-24T00:00:00+00:00
[2024-06-24T15:25:15.214+0000] {processor.py:178} INFO - Processing /home/airflow/.local/lib/python3.7/site-packages/airflow/example_dags/example_branch_day_of_week_operator.py took 0.062 seconds
[2024-06-24T15:25:45.738+0000] {processor.py:156} INFO - Started process (PID=2471) to work on /home/airflow/.local/lib/python3.7/site-packages/airflow/example_dags/example_branch_day_of_week_operator.py
[2024-06-24T15:25:45.739+0000] {processor.py:799} INFO - Processing file /home/airflow/.local/lib/python3.7/site-packages/airflow/example_dags/example_branch_day_of_week_operator.py for tasks to queue
[2024-06-24T15:25:45.739+0000] {logging_mixin.py:149} INFO - [2024-06-24T15:25:45.739+0000] {dagbag.py:541} INFO - Filling up the DagBag from /home/airflow/.local/lib/python3.7/site-packages/airflow/example_dags/example_branch_day_of_week_operator.py
[2024-06-24T15:25:45.745+0000] {processor.py:809} INFO - DAG(s) dict_keys(['example_weekday_branch_operator']) retrieved from /home/airflow/.local/lib/python3.7/site-packages/airflow/example_dags/example_branch_day_of_week_operator.py
[2024-06-24T15:25:45.760+0000] {logging_mixin.py:149} INFO - [2024-06-24T15:25:45.760+0000] {dag.py:2726} INFO - Sync 1 DAGs
[2024-06-24T15:25:45.774+0000] {logging_mixin.py:149} INFO - [2024-06-24T15:25:45.774+0000] {dag.py:3490} INFO - Setting next_dagrun for example_weekday_branch_operator to 2024-06-23T00:00:00+00:00, run_after=2024-06-24T00:00:00+00:00
[2024-06-24T15:25:45.782+0000] {processor.py:178} INFO - Processing /home/airflow/.local/lib/python3.7/site-packages/airflow/example_dags/example_branch_day_of_week_operator.py took 0.046 seconds
[2024-06-24T15:26:16.363+0000] {processor.py:156} INFO - Started process (PID=2547) to work on /home/airflow/.local/lib/python3.7/site-packages/airflow/example_dags/example_branch_day_of_week_operator.py
[2024-06-24T15:26:16.364+0000] {processor.py:799} INFO - Processing file /home/airflow/.local/lib/python3.7/site-packages/airflow/example_dags/example_branch_day_of_week_operator.py for tasks to queue
[2024-06-24T15:26:16.365+0000] {logging_mixin.py:149} INFO - [2024-06-24T15:26:16.365+0000] {dagbag.py:541} INFO - Filling up the DagBag from /home/airflow/.local/lib/python3.7/site-packages/airflow/example_dags/example_branch_day_of_week_operator.py
[2024-06-24T15:26:16.373+0000] {processor.py:809} INFO - DAG(s) dict_keys(['example_weekday_branch_operator']) retrieved from /home/airflow/.local/lib/python3.7/site-packages/airflow/example_dags/example_branch_day_of_week_operator.py
[2024-06-24T15:26:16.391+0000] {logging_mixin.py:149} INFO - [2024-06-24T15:26:16.391+0000] {dag.py:2726} INFO - Sync 1 DAGs
[2024-06-24T15:26:16.407+0000] {logging_mixin.py:149} INFO - [2024-06-24T15:26:16.407+0000] {dag.py:3490} INFO - Setting next_dagrun for example_weekday_branch_operator to 2024-06-23T00:00:00+00:00, run_after=2024-06-24T00:00:00+00:00
[2024-06-24T15:26:16.417+0000] {processor.py:178} INFO - Processing /home/airflow/.local/lib/python3.7/site-packages/airflow/example_dags/example_branch_day_of_week_operator.py took 0.057 seconds
[2024-06-24T15:26:47.010+0000] {processor.py:156} INFO - Started process (PID=2616) to work on /home/airflow/.local/lib/python3.7/site-packages/airflow/example_dags/example_branch_day_of_week_operator.py
[2024-06-24T15:26:47.012+0000] {processor.py:799} INFO - Processing file /home/airflow/.local/lib/python3.7/site-packages/airflow/example_dags/example_branch_day_of_week_operator.py for tasks to queue
[2024-06-24T15:26:47.013+0000] {logging_mixin.py:149} INFO - [2024-06-24T15:26:47.013+0000] {dagbag.py:541} INFO - Filling up the DagBag from /home/airflow/.local/lib/python3.7/site-packages/airflow/example_dags/example_branch_day_of_week_operator.py
[2024-06-24T15:26:47.024+0000] {processor.py:809} INFO - DAG(s) dict_keys(['example_weekday_branch_operator']) retrieved from /home/airflow/.local/lib/python3.7/site-packages/airflow/example_dags/example_branch_day_of_week_operator.py
[2024-06-24T15:26:47.045+0000] {logging_mixin.py:149} INFO - [2024-06-24T15:26:47.045+0000] {dag.py:2726} INFO - Sync 1 DAGs
[2024-06-24T15:26:47.061+0000] {logging_mixin.py:149} INFO - [2024-06-24T15:26:47.061+0000] {dag.py:3490} INFO - Setting next_dagrun for example_weekday_branch_operator to 2024-06-23T00:00:00+00:00, run_after=2024-06-24T00:00:00+00:00
[2024-06-24T15:26:47.075+0000] {processor.py:178} INFO - Processing /home/airflow/.local/lib/python3.7/site-packages/airflow/example_dags/example_branch_day_of_week_operator.py took 0.069 seconds
[2024-06-24T15:27:17.855+0000] {processor.py:156} INFO - Started process (PID=2685) to work on /home/airflow/.local/lib/python3.7/site-packages/airflow/example_dags/example_branch_day_of_week_operator.py
[2024-06-24T15:27:17.856+0000] {processor.py:799} INFO - Processing file /home/airflow/.local/lib/python3.7/site-packages/airflow/example_dags/example_branch_day_of_week_operator.py for tasks to queue
[2024-06-24T15:27:17.857+0000] {logging_mixin.py:149} INFO - [2024-06-24T15:27:17.857+0000] {dagbag.py:541} INFO - Filling up the DagBag from /home/airflow/.local/lib/python3.7/site-packages/airflow/example_dags/example_branch_day_of_week_operator.py
[2024-06-24T15:27:17.868+0000] {processor.py:809} INFO - DAG(s) dict_keys(['example_weekday_branch_operator']) retrieved from /home/airflow/.local/lib/python3.7/site-packages/airflow/example_dags/example_branch_day_of_week_operator.py
[2024-06-24T15:27:17.895+0000] {logging_mixin.py:149} INFO - [2024-06-24T15:27:17.895+0000] {dag.py:2726} INFO - Sync 1 DAGs
[2024-06-24T15:27:17.924+0000] {logging_mixin.py:149} INFO - [2024-06-24T15:27:17.924+0000] {dag.py:3490} INFO - Setting next_dagrun for example_weekday_branch_operator to 2024-06-23T00:00:00+00:00, run_after=2024-06-24T00:00:00+00:00
[2024-06-24T15:27:17.949+0000] {processor.py:178} INFO - Processing /home/airflow/.local/lib/python3.7/site-packages/airflow/example_dags/example_branch_day_of_week_operator.py took 0.099 seconds
[2024-06-24T15:27:48.754+0000] {processor.py:156} INFO - Started process (PID=2754) to work on /home/airflow/.local/lib/python3.7/site-packages/airflow/example_dags/example_branch_day_of_week_operator.py
[2024-06-24T15:27:48.756+0000] {processor.py:799} INFO - Processing file /home/airflow/.local/lib/python3.7/site-packages/airflow/example_dags/example_branch_day_of_week_operator.py for tasks to queue
[2024-06-24T15:27:48.757+0000] {logging_mixin.py:149} INFO - [2024-06-24T15:27:48.757+0000] {dagbag.py:541} INFO - Filling up the DagBag from /home/airflow/.local/lib/python3.7/site-packages/airflow/example_dags/example_branch_day_of_week_operator.py
[2024-06-24T15:27:48.765+0000] {processor.py:809} INFO - DAG(s) dict_keys(['example_weekday_branch_operator']) retrieved from /home/airflow/.local/lib/python3.7/site-packages/airflow/example_dags/example_branch_day_of_week_operator.py
[2024-06-24T15:27:48.785+0000] {logging_mixin.py:149} INFO - [2024-06-24T15:27:48.785+0000] {dag.py:2726} INFO - Sync 1 DAGs
[2024-06-24T15:27:48.801+0000] {logging_mixin.py:149} INFO - [2024-06-24T15:27:48.801+0000] {dag.py:3490} INFO - Setting next_dagrun for example_weekday_branch_operator to 2024-06-23T00:00:00+00:00, run_after=2024-06-24T00:00:00+00:00
[2024-06-24T15:27:48.810+0000] {processor.py:178} INFO - Processing /home/airflow/.local/lib/python3.7/site-packages/airflow/example_dags/example_branch_day_of_week_operator.py took 0.060 seconds
[2024-06-24T15:28:19.729+0000] {processor.py:156} INFO - Started process (PID=2823) to work on /home/airflow/.local/lib/python3.7/site-packages/airflow/example_dags/example_branch_day_of_week_operator.py
[2024-06-24T15:28:19.730+0000] {processor.py:799} INFO - Processing file /home/airflow/.local/lib/python3.7/site-packages/airflow/example_dags/example_branch_day_of_week_operator.py for tasks to queue
[2024-06-24T15:28:19.730+0000] {logging_mixin.py:149} INFO - [2024-06-24T15:28:19.730+0000] {dagbag.py:541} INFO - Filling up the DagBag from /home/airflow/.local/lib/python3.7/site-packages/airflow/example_dags/example_branch_day_of_week_operator.py
[2024-06-24T15:28:19.735+0000] {processor.py:809} INFO - DAG(s) dict_keys(['example_weekday_branch_operator']) retrieved from /home/airflow/.local/lib/python3.7/site-packages/airflow/example_dags/example_branch_day_of_week_operator.py
[2024-06-24T15:28:19.747+0000] {logging_mixin.py:149} INFO - [2024-06-24T15:28:19.747+0000] {dag.py:2726} INFO - Sync 1 DAGs
[2024-06-24T15:28:19.760+0000] {logging_mixin.py:149} INFO - [2024-06-24T15:28:19.760+0000] {dag.py:3490} INFO - Setting next_dagrun for example_weekday_branch_operator to 2024-06-23T00:00:00+00:00, run_after=2024-06-24T00:00:00+00:00
[2024-06-24T15:28:19.767+0000] {processor.py:178} INFO - Processing /home/airflow/.local/lib/python3.7/site-packages/airflow/example_dags/example_branch_day_of_week_operator.py took 0.040 seconds
[2024-06-24T15:28:50.609+0000] {processor.py:156} INFO - Started process (PID=2892) to work on /home/airflow/.local/lib/python3.7/site-packages/airflow/example_dags/example_branch_day_of_week_operator.py
[2024-06-24T15:28:50.610+0000] {processor.py:799} INFO - Processing file /home/airflow/.local/lib/python3.7/site-packages/airflow/example_dags/example_branch_day_of_week_operator.py for tasks to queue
[2024-06-24T15:28:50.611+0000] {logging_mixin.py:149} INFO - [2024-06-24T15:28:50.610+0000] {dagbag.py:541} INFO - Filling up the DagBag from /home/airflow/.local/lib/python3.7/site-packages/airflow/example_dags/example_branch_day_of_week_operator.py
[2024-06-24T15:28:50.617+0000] {processor.py:809} INFO - DAG(s) dict_keys(['example_weekday_branch_operator']) retrieved from /home/airflow/.local/lib/python3.7/site-packages/airflow/example_dags/example_branch_day_of_week_operator.py
[2024-06-24T15:28:50.634+0000] {logging_mixin.py:149} INFO - [2024-06-24T15:28:50.634+0000] {dag.py:2726} INFO - Sync 1 DAGs
[2024-06-24T15:28:50.648+0000] {logging_mixin.py:149} INFO - [2024-06-24T15:28:50.648+0000] {dag.py:3490} INFO - Setting next_dagrun for example_weekday_branch_operator to 2024-06-23T00:00:00+00:00, run_after=2024-06-24T00:00:00+00:00
[2024-06-24T15:28:50.657+0000] {processor.py:178} INFO - Processing /home/airflow/.local/lib/python3.7/site-packages/airflow/example_dags/example_branch_day_of_week_operator.py took 0.051 seconds
[2024-06-24T15:29:21.230+0000] {processor.py:156} INFO - Started process (PID=2960) to work on /home/airflow/.local/lib/python3.7/site-packages/airflow/example_dags/example_branch_day_of_week_operator.py
[2024-06-24T15:29:21.231+0000] {processor.py:799} INFO - Processing file /home/airflow/.local/lib/python3.7/site-packages/airflow/example_dags/example_branch_day_of_week_operator.py for tasks to queue
[2024-06-24T15:29:21.232+0000] {logging_mixin.py:149} INFO - [2024-06-24T15:29:21.232+0000] {dagbag.py:541} INFO - Filling up the DagBag from /home/airflow/.local/lib/python3.7/site-packages/airflow/example_dags/example_branch_day_of_week_operator.py
[2024-06-24T15:29:21.242+0000] {processor.py:809} INFO - DAG(s) dict_keys(['example_weekday_branch_operator']) retrieved from /home/airflow/.local/lib/python3.7/site-packages/airflow/example_dags/example_branch_day_of_week_operator.py
[2024-06-24T15:29:21.262+0000] {logging_mixin.py:149} INFO - [2024-06-24T15:29:21.262+0000] {dag.py:2726} INFO - Sync 1 DAGs
[2024-06-24T15:29:21.278+0000] {logging_mixin.py:149} INFO - [2024-06-24T15:29:21.278+0000] {dag.py:3490} INFO - Setting next_dagrun for example_weekday_branch_operator to 2024-06-23T00:00:00+00:00, run_after=2024-06-24T00:00:00+00:00
[2024-06-24T15:29:21.289+0000] {processor.py:178} INFO - Processing /home/airflow/.local/lib/python3.7/site-packages/airflow/example_dags/example_branch_day_of_week_operator.py took 0.062 seconds
[2024-06-24T15:29:51.929+0000] {processor.py:156} INFO - Started process (PID=3029) to work on /home/airflow/.local/lib/python3.7/site-packages/airflow/example_dags/example_branch_day_of_week_operator.py
[2024-06-24T15:29:51.930+0000] {processor.py:799} INFO - Processing file /home/airflow/.local/lib/python3.7/site-packages/airflow/example_dags/example_branch_day_of_week_operator.py for tasks to queue
[2024-06-24T15:29:51.931+0000] {logging_mixin.py:149} INFO - [2024-06-24T15:29:51.931+0000] {dagbag.py:541} INFO - Filling up the DagBag from /home/airflow/.local/lib/python3.7/site-packages/airflow/example_dags/example_branch_day_of_week_operator.py
[2024-06-24T15:29:51.941+0000] {processor.py:809} INFO - DAG(s) dict_keys(['example_weekday_branch_operator']) retrieved from /home/airflow/.local/lib/python3.7/site-packages/airflow/example_dags/example_branch_day_of_week_operator.py
[2024-06-24T15:29:51.963+0000] {logging_mixin.py:149} INFO - [2024-06-24T15:29:51.963+0000] {dag.py:2726} INFO - Sync 1 DAGs
[2024-06-24T15:29:51.981+0000] {logging_mixin.py:149} INFO - [2024-06-24T15:29:51.981+0000] {dag.py:3490} INFO - Setting next_dagrun for example_weekday_branch_operator to 2024-06-23T00:00:00+00:00, run_after=2024-06-24T00:00:00+00:00
[2024-06-24T15:29:51.990+0000] {processor.py:178} INFO - Processing /home/airflow/.local/lib/python3.7/site-packages/airflow/example_dags/example_branch_day_of_week_operator.py took 0.065 seconds
[2024-06-24T15:30:22.539+0000] {processor.py:156} INFO - Started process (PID=3097) to work on /home/airflow/.local/lib/python3.7/site-packages/airflow/example_dags/example_branch_day_of_week_operator.py
[2024-06-24T15:30:22.540+0000] {processor.py:799} INFO - Processing file /home/airflow/.local/lib/python3.7/site-packages/airflow/example_dags/example_branch_day_of_week_operator.py for tasks to queue
[2024-06-24T15:30:22.541+0000] {logging_mixin.py:149} INFO - [2024-06-24T15:30:22.541+0000] {dagbag.py:541} INFO - Filling up the DagBag from /home/airflow/.local/lib/python3.7/site-packages/airflow/example_dags/example_branch_day_of_week_operator.py
[2024-06-24T15:30:22.551+0000] {processor.py:809} INFO - DAG(s) dict_keys(['example_weekday_branch_operator']) retrieved from /home/airflow/.local/lib/python3.7/site-packages/airflow/example_dags/example_branch_day_of_week_operator.py
[2024-06-24T15:30:22.574+0000] {logging_mixin.py:149} INFO - [2024-06-24T15:30:22.574+0000] {dag.py:2726} INFO - Sync 1 DAGs
[2024-06-24T15:30:22.591+0000] {logging_mixin.py:149} INFO - [2024-06-24T15:30:22.591+0000] {dag.py:3490} INFO - Setting next_dagrun for example_weekday_branch_operator to 2024-06-23T00:00:00+00:00, run_after=2024-06-24T00:00:00+00:00
[2024-06-24T15:30:22.599+0000] {processor.py:178} INFO - Processing /home/airflow/.local/lib/python3.7/site-packages/airflow/example_dags/example_branch_day_of_week_operator.py took 0.065 seconds
