[2024-06-24T15:03:51.937+0000] {processor.py:156} INFO - Started process (PID=86) to work on /home/airflow/.local/lib/python3.7/site-packages/airflow/example_dags/example_time_delta_sensor_async.py
[2024-06-24T15:03:51.937+0000] {processor.py:799} INFO - Processing file /home/airflow/.local/lib/python3.7/site-packages/airflow/example_dags/example_time_delta_sensor_async.py for tasks to queue
[2024-06-24T15:03:51.938+0000] {logging_mixin.py:149} INFO - [2024-06-24T15:03:51.938+0000] {dagbag.py:541} INFO - Filling up the DagBag from /home/airflow/.local/lib/python3.7/site-packages/airflow/example_dags/example_time_delta_sensor_async.py
[2024-06-24T15:03:51.940+0000] {processor.py:809} INFO - DAG(s) dict_keys(['example_time_delta_sensor_async']) retrieved from /home/airflow/.local/lib/python3.7/site-packages/airflow/example_dags/example_time_delta_sensor_async.py
[2024-06-24T15:03:51.987+0000] {logging_mixin.py:149} INFO - [2024-06-24T15:03:51.987+0000] {manager.py:504} INFO - Created Permission View: can delete on DAG:example_time_delta_sensor_async
[2024-06-24T15:03:51.990+0000] {logging_mixin.py:149} INFO - [2024-06-24T15:03:51.990+0000] {manager.py:504} INFO - Created Permission View: can edit on DAG:example_time_delta_sensor_async
[2024-06-24T15:03:51.992+0000] {logging_mixin.py:149} INFO - [2024-06-24T15:03:51.992+0000] {manager.py:504} INFO - Created Permission View: can read on DAG:example_time_delta_sensor_async
[2024-06-24T15:03:51.992+0000] {logging_mixin.py:149} INFO - [2024-06-24T15:03:51.992+0000] {dag.py:2726} INFO - Sync 1 DAGs
[2024-06-24T15:03:51.998+0000] {logging_mixin.py:149} INFO - [2024-06-24T15:03:51.998+0000] {dag.py:2747} INFO - Creating ORM DAG for example_time_delta_sensor_async
[2024-06-24T15:03:52.003+0000] {logging_mixin.py:149} INFO - [2024-06-24T15:03:52.003+0000] {dag.py:3490} INFO - Setting next_dagrun for example_time_delta_sensor_async to None, run_after=None
[2024-06-24T15:03:52.011+0000] {processor.py:178} INFO - Processing /home/airflow/.local/lib/python3.7/site-packages/airflow/example_dags/example_time_delta_sensor_async.py took 0.075 seconds
[2024-06-24T15:04:22.749+0000] {processor.py:156} INFO - Started process (PID=155) to work on /home/airflow/.local/lib/python3.7/site-packages/airflow/example_dags/example_time_delta_sensor_async.py
[2024-06-24T15:04:22.750+0000] {processor.py:799} INFO - Processing file /home/airflow/.local/lib/python3.7/site-packages/airflow/example_dags/example_time_delta_sensor_async.py for tasks to queue
[2024-06-24T15:04:22.750+0000] {logging_mixin.py:149} INFO - [2024-06-24T15:04:22.750+0000] {dagbag.py:541} INFO - Filling up the DagBag from /home/airflow/.local/lib/python3.7/site-packages/airflow/example_dags/example_time_delta_sensor_async.py
[2024-06-24T15:04:22.752+0000] {processor.py:809} INFO - DAG(s) dict_keys(['example_time_delta_sensor_async']) retrieved from /home/airflow/.local/lib/python3.7/site-packages/airflow/example_dags/example_time_delta_sensor_async.py
[2024-06-24T15:04:22.764+0000] {logging_mixin.py:149} INFO - [2024-06-24T15:04:22.764+0000] {dag.py:2726} INFO - Sync 1 DAGs
[2024-06-24T15:04:22.775+0000] {logging_mixin.py:149} INFO - [2024-06-24T15:04:22.775+0000] {dag.py:3490} INFO - Setting next_dagrun for example_time_delta_sensor_async to None, run_after=None
[2024-06-24T15:04:22.782+0000] {processor.py:178} INFO - Processing /home/airflow/.local/lib/python3.7/site-packages/airflow/example_dags/example_time_delta_sensor_async.py took 0.034 seconds
[2024-06-24T15:04:53.305+0000] {processor.py:156} INFO - Started process (PID=223) to work on /home/airflow/.local/lib/python3.7/site-packages/airflow/example_dags/example_time_delta_sensor_async.py
[2024-06-24T15:04:53.305+0000] {processor.py:799} INFO - Processing file /home/airflow/.local/lib/python3.7/site-packages/airflow/example_dags/example_time_delta_sensor_async.py for tasks to queue
[2024-06-24T15:04:53.305+0000] {logging_mixin.py:149} INFO - [2024-06-24T15:04:53.305+0000] {dagbag.py:541} INFO - Filling up the DagBag from /home/airflow/.local/lib/python3.7/site-packages/airflow/example_dags/example_time_delta_sensor_async.py
[2024-06-24T15:04:53.307+0000] {processor.py:809} INFO - DAG(s) dict_keys(['example_time_delta_sensor_async']) retrieved from /home/airflow/.local/lib/python3.7/site-packages/airflow/example_dags/example_time_delta_sensor_async.py
[2024-06-24T15:04:53.317+0000] {logging_mixin.py:149} INFO - [2024-06-24T15:04:53.317+0000] {dag.py:2726} INFO - Sync 1 DAGs
[2024-06-24T15:04:53.327+0000] {logging_mixin.py:149} INFO - [2024-06-24T15:04:53.327+0000] {dag.py:3490} INFO - Setting next_dagrun for example_time_delta_sensor_async to None, run_after=None
[2024-06-24T15:04:53.333+0000] {processor.py:178} INFO - Processing /home/airflow/.local/lib/python3.7/site-packages/airflow/example_dags/example_time_delta_sensor_async.py took 0.030 seconds
[2024-06-24T15:05:23.918+0000] {processor.py:156} INFO - Started process (PID=292) to work on /home/airflow/.local/lib/python3.7/site-packages/airflow/example_dags/example_time_delta_sensor_async.py
[2024-06-24T15:05:23.918+0000] {processor.py:799} INFO - Processing file /home/airflow/.local/lib/python3.7/site-packages/airflow/example_dags/example_time_delta_sensor_async.py for tasks to queue
[2024-06-24T15:05:23.918+0000] {logging_mixin.py:149} INFO - [2024-06-24T15:05:23.918+0000] {dagbag.py:541} INFO - Filling up the DagBag from /home/airflow/.local/lib/python3.7/site-packages/airflow/example_dags/example_time_delta_sensor_async.py
[2024-06-24T15:05:23.920+0000] {processor.py:809} INFO - DAG(s) dict_keys(['example_time_delta_sensor_async']) retrieved from /home/airflow/.local/lib/python3.7/site-packages/airflow/example_dags/example_time_delta_sensor_async.py
[2024-06-24T15:05:23.930+0000] {logging_mixin.py:149} INFO - [2024-06-24T15:05:23.930+0000] {dag.py:2726} INFO - Sync 1 DAGs
[2024-06-24T15:05:23.940+0000] {logging_mixin.py:149} INFO - [2024-06-24T15:05:23.940+0000] {dag.py:3490} INFO - Setting next_dagrun for example_time_delta_sensor_async to None, run_after=None
[2024-06-24T15:05:23.947+0000] {processor.py:178} INFO - Processing /home/airflow/.local/lib/python3.7/site-packages/airflow/example_dags/example_time_delta_sensor_async.py took 0.031 seconds
[2024-06-24T15:05:54.483+0000] {processor.py:156} INFO - Started process (PID=361) to work on /home/airflow/.local/lib/python3.7/site-packages/airflow/example_dags/example_time_delta_sensor_async.py
[2024-06-24T15:05:54.483+0000] {processor.py:799} INFO - Processing file /home/airflow/.local/lib/python3.7/site-packages/airflow/example_dags/example_time_delta_sensor_async.py for tasks to queue
[2024-06-24T15:05:54.483+0000] {logging_mixin.py:149} INFO - [2024-06-24T15:05:54.483+0000] {dagbag.py:541} INFO - Filling up the DagBag from /home/airflow/.local/lib/python3.7/site-packages/airflow/example_dags/example_time_delta_sensor_async.py
[2024-06-24T15:05:54.485+0000] {processor.py:809} INFO - DAG(s) dict_keys(['example_time_delta_sensor_async']) retrieved from /home/airflow/.local/lib/python3.7/site-packages/airflow/example_dags/example_time_delta_sensor_async.py
[2024-06-24T15:05:54.494+0000] {logging_mixin.py:149} INFO - [2024-06-24T15:05:54.494+0000] {dag.py:2726} INFO - Sync 1 DAGs
[2024-06-24T15:05:54.504+0000] {logging_mixin.py:149} INFO - [2024-06-24T15:05:54.504+0000] {dag.py:3490} INFO - Setting next_dagrun for example_time_delta_sensor_async to None, run_after=None
[2024-06-24T15:05:54.511+0000] {processor.py:178} INFO - Processing /home/airflow/.local/lib/python3.7/site-packages/airflow/example_dags/example_time_delta_sensor_async.py took 0.029 seconds
[2024-06-24T15:06:25.136+0000] {processor.py:156} INFO - Started process (PID=429) to work on /home/airflow/.local/lib/python3.7/site-packages/airflow/example_dags/example_time_delta_sensor_async.py
[2024-06-24T15:06:25.136+0000] {processor.py:799} INFO - Processing file /home/airflow/.local/lib/python3.7/site-packages/airflow/example_dags/example_time_delta_sensor_async.py for tasks to queue
[2024-06-24T15:06:25.137+0000] {logging_mixin.py:149} INFO - [2024-06-24T15:06:25.137+0000] {dagbag.py:541} INFO - Filling up the DagBag from /home/airflow/.local/lib/python3.7/site-packages/airflow/example_dags/example_time_delta_sensor_async.py
[2024-06-24T15:06:25.139+0000] {processor.py:809} INFO - DAG(s) dict_keys(['example_time_delta_sensor_async']) retrieved from /home/airflow/.local/lib/python3.7/site-packages/airflow/example_dags/example_time_delta_sensor_async.py
[2024-06-24T15:06:25.150+0000] {logging_mixin.py:149} INFO - [2024-06-24T15:06:25.149+0000] {dag.py:2726} INFO - Sync 1 DAGs
[2024-06-24T15:06:25.160+0000] {logging_mixin.py:149} INFO - [2024-06-24T15:06:25.160+0000] {dag.py:3490} INFO - Setting next_dagrun for example_time_delta_sensor_async to None, run_after=None
[2024-06-24T15:06:25.167+0000] {processor.py:178} INFO - Processing /home/airflow/.local/lib/python3.7/site-packages/airflow/example_dags/example_time_delta_sensor_async.py took 0.032 seconds
[2024-06-24T15:06:55.838+0000] {processor.py:156} INFO - Started process (PID=498) to work on /home/airflow/.local/lib/python3.7/site-packages/airflow/example_dags/example_time_delta_sensor_async.py
[2024-06-24T15:06:55.840+0000] {processor.py:799} INFO - Processing file /home/airflow/.local/lib/python3.7/site-packages/airflow/example_dags/example_time_delta_sensor_async.py for tasks to queue
[2024-06-24T15:06:55.840+0000] {logging_mixin.py:149} INFO - [2024-06-24T15:06:55.840+0000] {dagbag.py:541} INFO - Filling up the DagBag from /home/airflow/.local/lib/python3.7/site-packages/airflow/example_dags/example_time_delta_sensor_async.py
[2024-06-24T15:06:55.843+0000] {processor.py:809} INFO - DAG(s) dict_keys(['example_time_delta_sensor_async']) retrieved from /home/airflow/.local/lib/python3.7/site-packages/airflow/example_dags/example_time_delta_sensor_async.py
[2024-06-24T15:06:55.852+0000] {logging_mixin.py:149} INFO - [2024-06-24T15:06:55.852+0000] {dag.py:2726} INFO - Sync 1 DAGs
[2024-06-24T15:06:55.863+0000] {logging_mixin.py:149} INFO - [2024-06-24T15:06:55.863+0000] {dag.py:3490} INFO - Setting next_dagrun for example_time_delta_sensor_async to None, run_after=None
[2024-06-24T15:06:55.869+0000] {processor.py:178} INFO - Processing /home/airflow/.local/lib/python3.7/site-packages/airflow/example_dags/example_time_delta_sensor_async.py took 0.033 seconds
[2024-06-24T15:07:54.871+0000] {processor.py:156} INFO - Started process (PID=86) to work on /home/airflow/.local/lib/python3.7/site-packages/airflow/example_dags/example_time_delta_sensor_async.py
[2024-06-24T15:07:54.872+0000] {processor.py:799} INFO - Processing file /home/airflow/.local/lib/python3.7/site-packages/airflow/example_dags/example_time_delta_sensor_async.py for tasks to queue
[2024-06-24T15:07:54.873+0000] {logging_mixin.py:149} INFO - [2024-06-24T15:07:54.873+0000] {dagbag.py:541} INFO - Filling up the DagBag from /home/airflow/.local/lib/python3.7/site-packages/airflow/example_dags/example_time_delta_sensor_async.py
[2024-06-24T15:07:54.876+0000] {processor.py:809} INFO - DAG(s) dict_keys(['example_time_delta_sensor_async']) retrieved from /home/airflow/.local/lib/python3.7/site-packages/airflow/example_dags/example_time_delta_sensor_async.py
[2024-06-24T15:07:54.885+0000] {logging_mixin.py:149} INFO - [2024-06-24T15:07:54.885+0000] {dag.py:2726} INFO - Sync 1 DAGs
[2024-06-24T15:07:54.901+0000] {logging_mixin.py:149} INFO - [2024-06-24T15:07:54.901+0000] {dag.py:3490} INFO - Setting next_dagrun for example_time_delta_sensor_async to None, run_after=None
[2024-06-24T15:07:54.911+0000] {processor.py:178} INFO - Processing /home/airflow/.local/lib/python3.7/site-packages/airflow/example_dags/example_time_delta_sensor_async.py took 0.042 seconds
[2024-06-24T15:08:25.749+0000] {processor.py:156} INFO - Started process (PID=159) to work on /home/airflow/.local/lib/python3.7/site-packages/airflow/example_dags/example_time_delta_sensor_async.py
[2024-06-24T15:08:25.750+0000] {processor.py:799} INFO - Processing file /home/airflow/.local/lib/python3.7/site-packages/airflow/example_dags/example_time_delta_sensor_async.py for tasks to queue
[2024-06-24T15:08:25.750+0000] {logging_mixin.py:149} INFO - [2024-06-24T15:08:25.750+0000] {dagbag.py:541} INFO - Filling up the DagBag from /home/airflow/.local/lib/python3.7/site-packages/airflow/example_dags/example_time_delta_sensor_async.py
[2024-06-24T15:08:25.752+0000] {processor.py:809} INFO - DAG(s) dict_keys(['example_time_delta_sensor_async']) retrieved from /home/airflow/.local/lib/python3.7/site-packages/airflow/example_dags/example_time_delta_sensor_async.py
[2024-06-24T15:08:25.761+0000] {logging_mixin.py:149} INFO - [2024-06-24T15:08:25.761+0000] {dag.py:2726} INFO - Sync 1 DAGs
[2024-06-24T15:08:25.771+0000] {logging_mixin.py:149} INFO - [2024-06-24T15:08:25.771+0000] {dag.py:3490} INFO - Setting next_dagrun for example_time_delta_sensor_async to None, run_after=None
[2024-06-24T15:08:25.778+0000] {processor.py:178} INFO - Processing /home/airflow/.local/lib/python3.7/site-packages/airflow/example_dags/example_time_delta_sensor_async.py took 0.030 seconds
[2024-06-24T15:08:56.301+0000] {processor.py:156} INFO - Started process (PID=228) to work on /home/airflow/.local/lib/python3.7/site-packages/airflow/example_dags/example_time_delta_sensor_async.py
[2024-06-24T15:08:56.301+0000] {processor.py:799} INFO - Processing file /home/airflow/.local/lib/python3.7/site-packages/airflow/example_dags/example_time_delta_sensor_async.py for tasks to queue
[2024-06-24T15:08:56.301+0000] {logging_mixin.py:149} INFO - [2024-06-24T15:08:56.301+0000] {dagbag.py:541} INFO - Filling up the DagBag from /home/airflow/.local/lib/python3.7/site-packages/airflow/example_dags/example_time_delta_sensor_async.py
[2024-06-24T15:08:56.303+0000] {processor.py:809} INFO - DAG(s) dict_keys(['example_time_delta_sensor_async']) retrieved from /home/airflow/.local/lib/python3.7/site-packages/airflow/example_dags/example_time_delta_sensor_async.py
[2024-06-24T15:08:56.315+0000] {logging_mixin.py:149} INFO - [2024-06-24T15:08:56.315+0000] {dag.py:2726} INFO - Sync 1 DAGs
[2024-06-24T15:08:56.326+0000] {logging_mixin.py:149} INFO - [2024-06-24T15:08:56.326+0000] {dag.py:3490} INFO - Setting next_dagrun for example_time_delta_sensor_async to None, run_after=None
[2024-06-24T15:08:56.333+0000] {processor.py:178} INFO - Processing /home/airflow/.local/lib/python3.7/site-packages/airflow/example_dags/example_time_delta_sensor_async.py took 0.033 seconds
[2024-06-24T15:09:27.014+0000] {processor.py:156} INFO - Started process (PID=297) to work on /home/airflow/.local/lib/python3.7/site-packages/airflow/example_dags/example_time_delta_sensor_async.py
[2024-06-24T15:09:27.014+0000] {processor.py:799} INFO - Processing file /home/airflow/.local/lib/python3.7/site-packages/airflow/example_dags/example_time_delta_sensor_async.py for tasks to queue
[2024-06-24T15:09:27.014+0000] {logging_mixin.py:149} INFO - [2024-06-24T15:09:27.014+0000] {dagbag.py:541} INFO - Filling up the DagBag from /home/airflow/.local/lib/python3.7/site-packages/airflow/example_dags/example_time_delta_sensor_async.py
[2024-06-24T15:09:27.016+0000] {processor.py:809} INFO - DAG(s) dict_keys(['example_time_delta_sensor_async']) retrieved from /home/airflow/.local/lib/python3.7/site-packages/airflow/example_dags/example_time_delta_sensor_async.py
[2024-06-24T15:09:27.025+0000] {logging_mixin.py:149} INFO - [2024-06-24T15:09:27.025+0000] {dag.py:2726} INFO - Sync 1 DAGs
[2024-06-24T15:09:27.036+0000] {logging_mixin.py:149} INFO - [2024-06-24T15:09:27.036+0000] {dag.py:3490} INFO - Setting next_dagrun for example_time_delta_sensor_async to None, run_after=None
[2024-06-24T15:09:27.042+0000] {processor.py:178} INFO - Processing /home/airflow/.local/lib/python3.7/site-packages/airflow/example_dags/example_time_delta_sensor_async.py took 0.030 seconds
[2024-06-24T15:09:57.602+0000] {processor.py:156} INFO - Started process (PID=366) to work on /home/airflow/.local/lib/python3.7/site-packages/airflow/example_dags/example_time_delta_sensor_async.py
[2024-06-24T15:09:57.602+0000] {processor.py:799} INFO - Processing file /home/airflow/.local/lib/python3.7/site-packages/airflow/example_dags/example_time_delta_sensor_async.py for tasks to queue
[2024-06-24T15:09:57.602+0000] {logging_mixin.py:149} INFO - [2024-06-24T15:09:57.602+0000] {dagbag.py:541} INFO - Filling up the DagBag from /home/airflow/.local/lib/python3.7/site-packages/airflow/example_dags/example_time_delta_sensor_async.py
[2024-06-24T15:09:57.604+0000] {processor.py:809} INFO - DAG(s) dict_keys(['example_time_delta_sensor_async']) retrieved from /home/airflow/.local/lib/python3.7/site-packages/airflow/example_dags/example_time_delta_sensor_async.py
[2024-06-24T15:09:57.614+0000] {logging_mixin.py:149} INFO - [2024-06-24T15:09:57.614+0000] {dag.py:2726} INFO - Sync 1 DAGs
[2024-06-24T15:09:57.630+0000] {logging_mixin.py:149} INFO - [2024-06-24T15:09:57.630+0000] {dag.py:3490} INFO - Setting next_dagrun for example_time_delta_sensor_async to None, run_after=None
[2024-06-24T15:09:57.647+0000] {processor.py:178} INFO - Processing /home/airflow/.local/lib/python3.7/site-packages/airflow/example_dags/example_time_delta_sensor_async.py took 0.046 seconds
[2024-06-24T15:10:28.287+0000] {processor.py:156} INFO - Started process (PID=435) to work on /home/airflow/.local/lib/python3.7/site-packages/airflow/example_dags/example_time_delta_sensor_async.py
[2024-06-24T15:10:28.287+0000] {processor.py:799} INFO - Processing file /home/airflow/.local/lib/python3.7/site-packages/airflow/example_dags/example_time_delta_sensor_async.py for tasks to queue
[2024-06-24T15:10:28.287+0000] {logging_mixin.py:149} INFO - [2024-06-24T15:10:28.287+0000] {dagbag.py:541} INFO - Filling up the DagBag from /home/airflow/.local/lib/python3.7/site-packages/airflow/example_dags/example_time_delta_sensor_async.py
[2024-06-24T15:10:28.289+0000] {processor.py:809} INFO - DAG(s) dict_keys(['example_time_delta_sensor_async']) retrieved from /home/airflow/.local/lib/python3.7/site-packages/airflow/example_dags/example_time_delta_sensor_async.py
[2024-06-24T15:10:28.300+0000] {logging_mixin.py:149} INFO - [2024-06-24T15:10:28.300+0000] {dag.py:2726} INFO - Sync 1 DAGs
[2024-06-24T15:10:28.314+0000] {logging_mixin.py:149} INFO - [2024-06-24T15:10:28.314+0000] {dag.py:3490} INFO - Setting next_dagrun for example_time_delta_sensor_async to None, run_after=None
[2024-06-24T15:10:28.330+0000] {processor.py:178} INFO - Processing /home/airflow/.local/lib/python3.7/site-packages/airflow/example_dags/example_time_delta_sensor_async.py took 0.044 seconds
[2024-06-24T15:10:59.109+0000] {processor.py:156} INFO - Started process (PID=504) to work on /home/airflow/.local/lib/python3.7/site-packages/airflow/example_dags/example_time_delta_sensor_async.py
[2024-06-24T15:10:59.109+0000] {processor.py:799} INFO - Processing file /home/airflow/.local/lib/python3.7/site-packages/airflow/example_dags/example_time_delta_sensor_async.py for tasks to queue
[2024-06-24T15:10:59.110+0000] {logging_mixin.py:149} INFO - [2024-06-24T15:10:59.110+0000] {dagbag.py:541} INFO - Filling up the DagBag from /home/airflow/.local/lib/python3.7/site-packages/airflow/example_dags/example_time_delta_sensor_async.py
[2024-06-24T15:10:59.111+0000] {processor.py:809} INFO - DAG(s) dict_keys(['example_time_delta_sensor_async']) retrieved from /home/airflow/.local/lib/python3.7/site-packages/airflow/example_dags/example_time_delta_sensor_async.py
[2024-06-24T15:10:59.123+0000] {logging_mixin.py:149} INFO - [2024-06-24T15:10:59.123+0000] {dag.py:2726} INFO - Sync 1 DAGs
[2024-06-24T15:10:59.133+0000] {logging_mixin.py:149} INFO - [2024-06-24T15:10:59.133+0000] {dag.py:3490} INFO - Setting next_dagrun for example_time_delta_sensor_async to None, run_after=None
[2024-06-24T15:10:59.140+0000] {processor.py:178} INFO - Processing /home/airflow/.local/lib/python3.7/site-packages/airflow/example_dags/example_time_delta_sensor_async.py took 0.033 seconds
[2024-06-24T15:11:29.772+0000] {processor.py:156} INFO - Started process (PID=573) to work on /home/airflow/.local/lib/python3.7/site-packages/airflow/example_dags/example_time_delta_sensor_async.py
[2024-06-24T15:11:29.772+0000] {processor.py:799} INFO - Processing file /home/airflow/.local/lib/python3.7/site-packages/airflow/example_dags/example_time_delta_sensor_async.py for tasks to queue
[2024-06-24T15:11:29.773+0000] {logging_mixin.py:149} INFO - [2024-06-24T15:11:29.773+0000] {dagbag.py:541} INFO - Filling up the DagBag from /home/airflow/.local/lib/python3.7/site-packages/airflow/example_dags/example_time_delta_sensor_async.py
[2024-06-24T15:11:29.774+0000] {processor.py:809} INFO - DAG(s) dict_keys(['example_time_delta_sensor_async']) retrieved from /home/airflow/.local/lib/python3.7/site-packages/airflow/example_dags/example_time_delta_sensor_async.py
[2024-06-24T15:11:29.785+0000] {logging_mixin.py:149} INFO - [2024-06-24T15:11:29.784+0000] {dag.py:2726} INFO - Sync 1 DAGs
[2024-06-24T15:11:29.795+0000] {logging_mixin.py:149} INFO - [2024-06-24T15:11:29.795+0000] {dag.py:3490} INFO - Setting next_dagrun for example_time_delta_sensor_async to None, run_after=None
[2024-06-24T15:11:29.802+0000] {processor.py:178} INFO - Processing /home/airflow/.local/lib/python3.7/site-packages/airflow/example_dags/example_time_delta_sensor_async.py took 0.032 seconds
[2024-06-24T15:12:00.566+0000] {processor.py:156} INFO - Started process (PID=642) to work on /home/airflow/.local/lib/python3.7/site-packages/airflow/example_dags/example_time_delta_sensor_async.py
[2024-06-24T15:12:00.566+0000] {processor.py:799} INFO - Processing file /home/airflow/.local/lib/python3.7/site-packages/airflow/example_dags/example_time_delta_sensor_async.py for tasks to queue
[2024-06-24T15:12:00.566+0000] {logging_mixin.py:149} INFO - [2024-06-24T15:12:00.566+0000] {dagbag.py:541} INFO - Filling up the DagBag from /home/airflow/.local/lib/python3.7/site-packages/airflow/example_dags/example_time_delta_sensor_async.py
[2024-06-24T15:12:00.568+0000] {processor.py:809} INFO - DAG(s) dict_keys(['example_time_delta_sensor_async']) retrieved from /home/airflow/.local/lib/python3.7/site-packages/airflow/example_dags/example_time_delta_sensor_async.py
[2024-06-24T15:12:00.580+0000] {logging_mixin.py:149} INFO - [2024-06-24T15:12:00.580+0000] {dag.py:2726} INFO - Sync 1 DAGs
[2024-06-24T15:12:00.590+0000] {logging_mixin.py:149} INFO - [2024-06-24T15:12:00.590+0000] {dag.py:3490} INFO - Setting next_dagrun for example_time_delta_sensor_async to None, run_after=None
[2024-06-24T15:12:00.597+0000] {processor.py:178} INFO - Processing /home/airflow/.local/lib/python3.7/site-packages/airflow/example_dags/example_time_delta_sensor_async.py took 0.033 seconds
[2024-06-24T15:12:31.210+0000] {processor.py:156} INFO - Started process (PID=711) to work on /home/airflow/.local/lib/python3.7/site-packages/airflow/example_dags/example_time_delta_sensor_async.py
[2024-06-24T15:12:31.210+0000] {processor.py:799} INFO - Processing file /home/airflow/.local/lib/python3.7/site-packages/airflow/example_dags/example_time_delta_sensor_async.py for tasks to queue
[2024-06-24T15:12:31.210+0000] {logging_mixin.py:149} INFO - [2024-06-24T15:12:31.210+0000] {dagbag.py:541} INFO - Filling up the DagBag from /home/airflow/.local/lib/python3.7/site-packages/airflow/example_dags/example_time_delta_sensor_async.py
[2024-06-24T15:12:31.212+0000] {processor.py:809} INFO - DAG(s) dict_keys(['example_time_delta_sensor_async']) retrieved from /home/airflow/.local/lib/python3.7/site-packages/airflow/example_dags/example_time_delta_sensor_async.py
[2024-06-24T15:12:31.222+0000] {logging_mixin.py:149} INFO - [2024-06-24T15:12:31.222+0000] {dag.py:2726} INFO - Sync 1 DAGs
[2024-06-24T15:12:31.232+0000] {logging_mixin.py:149} INFO - [2024-06-24T15:12:31.232+0000] {dag.py:3490} INFO - Setting next_dagrun for example_time_delta_sensor_async to None, run_after=None
[2024-06-24T15:12:31.240+0000] {processor.py:178} INFO - Processing /home/airflow/.local/lib/python3.7/site-packages/airflow/example_dags/example_time_delta_sensor_async.py took 0.031 seconds
[2024-06-24T15:13:01.929+0000] {processor.py:156} INFO - Started process (PID=780) to work on /home/airflow/.local/lib/python3.7/site-packages/airflow/example_dags/example_time_delta_sensor_async.py
[2024-06-24T15:13:01.929+0000] {processor.py:799} INFO - Processing file /home/airflow/.local/lib/python3.7/site-packages/airflow/example_dags/example_time_delta_sensor_async.py for tasks to queue
[2024-06-24T15:13:01.929+0000] {logging_mixin.py:149} INFO - [2024-06-24T15:13:01.929+0000] {dagbag.py:541} INFO - Filling up the DagBag from /home/airflow/.local/lib/python3.7/site-packages/airflow/example_dags/example_time_delta_sensor_async.py
[2024-06-24T15:13:01.931+0000] {processor.py:809} INFO - DAG(s) dict_keys(['example_time_delta_sensor_async']) retrieved from /home/airflow/.local/lib/python3.7/site-packages/airflow/example_dags/example_time_delta_sensor_async.py
[2024-06-24T15:13:01.941+0000] {logging_mixin.py:149} INFO - [2024-06-24T15:13:01.941+0000] {dag.py:2726} INFO - Sync 1 DAGs
[2024-06-24T15:13:01.951+0000] {logging_mixin.py:149} INFO - [2024-06-24T15:13:01.951+0000] {dag.py:3490} INFO - Setting next_dagrun for example_time_delta_sensor_async to None, run_after=None
[2024-06-24T15:13:01.957+0000] {processor.py:178} INFO - Processing /home/airflow/.local/lib/python3.7/site-packages/airflow/example_dags/example_time_delta_sensor_async.py took 0.030 seconds
[2024-06-24T15:13:32.568+0000] {processor.py:156} INFO - Started process (PID=849) to work on /home/airflow/.local/lib/python3.7/site-packages/airflow/example_dags/example_time_delta_sensor_async.py
[2024-06-24T15:13:32.569+0000] {processor.py:799} INFO - Processing file /home/airflow/.local/lib/python3.7/site-packages/airflow/example_dags/example_time_delta_sensor_async.py for tasks to queue
[2024-06-24T15:13:32.569+0000] {logging_mixin.py:149} INFO - [2024-06-24T15:13:32.569+0000] {dagbag.py:541} INFO - Filling up the DagBag from /home/airflow/.local/lib/python3.7/site-packages/airflow/example_dags/example_time_delta_sensor_async.py
[2024-06-24T15:13:32.571+0000] {processor.py:809} INFO - DAG(s) dict_keys(['example_time_delta_sensor_async']) retrieved from /home/airflow/.local/lib/python3.7/site-packages/airflow/example_dags/example_time_delta_sensor_async.py
[2024-06-24T15:13:32.581+0000] {logging_mixin.py:149} INFO - [2024-06-24T15:13:32.581+0000] {dag.py:2726} INFO - Sync 1 DAGs
[2024-06-24T15:13:32.591+0000] {logging_mixin.py:149} INFO - [2024-06-24T15:13:32.591+0000] {dag.py:3490} INFO - Setting next_dagrun for example_time_delta_sensor_async to None, run_after=None
[2024-06-24T15:13:32.597+0000] {processor.py:178} INFO - Processing /home/airflow/.local/lib/python3.7/site-packages/airflow/example_dags/example_time_delta_sensor_async.py took 0.030 seconds
[2024-06-24T15:14:03.110+0000] {processor.py:156} INFO - Started process (PID=918) to work on /home/airflow/.local/lib/python3.7/site-packages/airflow/example_dags/example_time_delta_sensor_async.py
[2024-06-24T15:14:03.110+0000] {processor.py:799} INFO - Processing file /home/airflow/.local/lib/python3.7/site-packages/airflow/example_dags/example_time_delta_sensor_async.py for tasks to queue
[2024-06-24T15:14:03.110+0000] {logging_mixin.py:149} INFO - [2024-06-24T15:14:03.110+0000] {dagbag.py:541} INFO - Filling up the DagBag from /home/airflow/.local/lib/python3.7/site-packages/airflow/example_dags/example_time_delta_sensor_async.py
[2024-06-24T15:14:03.112+0000] {processor.py:809} INFO - DAG(s) dict_keys(['example_time_delta_sensor_async']) retrieved from /home/airflow/.local/lib/python3.7/site-packages/airflow/example_dags/example_time_delta_sensor_async.py
[2024-06-24T15:14:03.122+0000] {logging_mixin.py:149} INFO - [2024-06-24T15:14:03.122+0000] {dag.py:2726} INFO - Sync 1 DAGs
[2024-06-24T15:14:03.132+0000] {logging_mixin.py:149} INFO - [2024-06-24T15:14:03.132+0000] {dag.py:3490} INFO - Setting next_dagrun for example_time_delta_sensor_async to None, run_after=None
[2024-06-24T15:14:03.139+0000] {processor.py:178} INFO - Processing /home/airflow/.local/lib/python3.7/site-packages/airflow/example_dags/example_time_delta_sensor_async.py took 0.031 seconds
[2024-06-24T15:14:33.574+0000] {processor.py:156} INFO - Started process (PID=987) to work on /home/airflow/.local/lib/python3.7/site-packages/airflow/example_dags/example_time_delta_sensor_async.py
[2024-06-24T15:14:33.574+0000] {processor.py:799} INFO - Processing file /home/airflow/.local/lib/python3.7/site-packages/airflow/example_dags/example_time_delta_sensor_async.py for tasks to queue
[2024-06-24T15:14:33.574+0000] {logging_mixin.py:149} INFO - [2024-06-24T15:14:33.574+0000] {dagbag.py:541} INFO - Filling up the DagBag from /home/airflow/.local/lib/python3.7/site-packages/airflow/example_dags/example_time_delta_sensor_async.py
[2024-06-24T15:14:33.576+0000] {processor.py:809} INFO - DAG(s) dict_keys(['example_time_delta_sensor_async']) retrieved from /home/airflow/.local/lib/python3.7/site-packages/airflow/example_dags/example_time_delta_sensor_async.py
[2024-06-24T15:14:33.585+0000] {logging_mixin.py:149} INFO - [2024-06-24T15:14:33.585+0000] {dag.py:2726} INFO - Sync 1 DAGs
[2024-06-24T15:14:33.595+0000] {logging_mixin.py:149} INFO - [2024-06-24T15:14:33.595+0000] {dag.py:3490} INFO - Setting next_dagrun for example_time_delta_sensor_async to None, run_after=None
[2024-06-24T15:14:33.602+0000] {processor.py:178} INFO - Processing /home/airflow/.local/lib/python3.7/site-packages/airflow/example_dags/example_time_delta_sensor_async.py took 0.030 seconds
[2024-06-24T15:15:04.093+0000] {processor.py:156} INFO - Started process (PID=1056) to work on /home/airflow/.local/lib/python3.7/site-packages/airflow/example_dags/example_time_delta_sensor_async.py
[2024-06-24T15:15:04.094+0000] {processor.py:799} INFO - Processing file /home/airflow/.local/lib/python3.7/site-packages/airflow/example_dags/example_time_delta_sensor_async.py for tasks to queue
[2024-06-24T15:15:04.094+0000] {logging_mixin.py:149} INFO - [2024-06-24T15:15:04.094+0000] {dagbag.py:541} INFO - Filling up the DagBag from /home/airflow/.local/lib/python3.7/site-packages/airflow/example_dags/example_time_delta_sensor_async.py
[2024-06-24T15:15:04.096+0000] {processor.py:809} INFO - DAG(s) dict_keys(['example_time_delta_sensor_async']) retrieved from /home/airflow/.local/lib/python3.7/site-packages/airflow/example_dags/example_time_delta_sensor_async.py
[2024-06-24T15:15:04.106+0000] {logging_mixin.py:149} INFO - [2024-06-24T15:15:04.106+0000] {dag.py:2726} INFO - Sync 1 DAGs
[2024-06-24T15:15:04.116+0000] {logging_mixin.py:149} INFO - [2024-06-24T15:15:04.116+0000] {dag.py:3490} INFO - Setting next_dagrun for example_time_delta_sensor_async to None, run_after=None
[2024-06-24T15:15:04.123+0000] {processor.py:178} INFO - Processing /home/airflow/.local/lib/python3.7/site-packages/airflow/example_dags/example_time_delta_sensor_async.py took 0.031 seconds
[2024-06-24T15:15:34.904+0000] {processor.py:156} INFO - Started process (PID=1143) to work on /home/airflow/.local/lib/python3.7/site-packages/airflow/example_dags/example_time_delta_sensor_async.py
[2024-06-24T15:15:34.905+0000] {processor.py:799} INFO - Processing file /home/airflow/.local/lib/python3.7/site-packages/airflow/example_dags/example_time_delta_sensor_async.py for tasks to queue
[2024-06-24T15:15:34.905+0000] {logging_mixin.py:149} INFO - [2024-06-24T15:15:34.905+0000] {dagbag.py:541} INFO - Filling up the DagBag from /home/airflow/.local/lib/python3.7/site-packages/airflow/example_dags/example_time_delta_sensor_async.py
[2024-06-24T15:15:34.907+0000] {processor.py:809} INFO - DAG(s) dict_keys(['example_time_delta_sensor_async']) retrieved from /home/airflow/.local/lib/python3.7/site-packages/airflow/example_dags/example_time_delta_sensor_async.py
[2024-06-24T15:15:34.917+0000] {logging_mixin.py:149} INFO - [2024-06-24T15:15:34.917+0000] {dag.py:2726} INFO - Sync 1 DAGs
[2024-06-24T15:15:34.928+0000] {logging_mixin.py:149} INFO - [2024-06-24T15:15:34.927+0000] {dag.py:3490} INFO - Setting next_dagrun for example_time_delta_sensor_async to None, run_after=None
[2024-06-24T15:15:34.934+0000] {processor.py:178} INFO - Processing /home/airflow/.local/lib/python3.7/site-packages/airflow/example_dags/example_time_delta_sensor_async.py took 0.031 seconds
[2024-06-24T15:16:05.623+0000] {processor.py:156} INFO - Started process (PID=1212) to work on /home/airflow/.local/lib/python3.7/site-packages/airflow/example_dags/example_time_delta_sensor_async.py
[2024-06-24T15:16:05.624+0000] {processor.py:799} INFO - Processing file /home/airflow/.local/lib/python3.7/site-packages/airflow/example_dags/example_time_delta_sensor_async.py for tasks to queue
[2024-06-24T15:16:05.624+0000] {logging_mixin.py:149} INFO - [2024-06-24T15:16:05.624+0000] {dagbag.py:541} INFO - Filling up the DagBag from /home/airflow/.local/lib/python3.7/site-packages/airflow/example_dags/example_time_delta_sensor_async.py
[2024-06-24T15:16:05.626+0000] {processor.py:809} INFO - DAG(s) dict_keys(['example_time_delta_sensor_async']) retrieved from /home/airflow/.local/lib/python3.7/site-packages/airflow/example_dags/example_time_delta_sensor_async.py
[2024-06-24T15:16:05.639+0000] {logging_mixin.py:149} INFO - [2024-06-24T15:16:05.638+0000] {dag.py:2726} INFO - Sync 1 DAGs
[2024-06-24T15:16:05.651+0000] {logging_mixin.py:149} INFO - [2024-06-24T15:16:05.651+0000] {dag.py:3490} INFO - Setting next_dagrun for example_time_delta_sensor_async to None, run_after=None
[2024-06-24T15:16:05.658+0000] {processor.py:178} INFO - Processing /home/airflow/.local/lib/python3.7/site-packages/airflow/example_dags/example_time_delta_sensor_async.py took 0.036 seconds
[2024-06-24T15:16:36.243+0000] {processor.py:156} INFO - Started process (PID=1281) to work on /home/airflow/.local/lib/python3.7/site-packages/airflow/example_dags/example_time_delta_sensor_async.py
[2024-06-24T15:16:36.243+0000] {processor.py:799} INFO - Processing file /home/airflow/.local/lib/python3.7/site-packages/airflow/example_dags/example_time_delta_sensor_async.py for tasks to queue
[2024-06-24T15:16:36.243+0000] {logging_mixin.py:149} INFO - [2024-06-24T15:16:36.243+0000] {dagbag.py:541} INFO - Filling up the DagBag from /home/airflow/.local/lib/python3.7/site-packages/airflow/example_dags/example_time_delta_sensor_async.py
[2024-06-24T15:16:36.245+0000] {processor.py:809} INFO - DAG(s) dict_keys(['example_time_delta_sensor_async']) retrieved from /home/airflow/.local/lib/python3.7/site-packages/airflow/example_dags/example_time_delta_sensor_async.py
[2024-06-24T15:16:36.256+0000] {logging_mixin.py:149} INFO - [2024-06-24T15:16:36.256+0000] {dag.py:2726} INFO - Sync 1 DAGs
[2024-06-24T15:16:36.266+0000] {logging_mixin.py:149} INFO - [2024-06-24T15:16:36.266+0000] {dag.py:3490} INFO - Setting next_dagrun for example_time_delta_sensor_async to None, run_after=None
[2024-06-24T15:16:36.273+0000] {processor.py:178} INFO - Processing /home/airflow/.local/lib/python3.7/site-packages/airflow/example_dags/example_time_delta_sensor_async.py took 0.031 seconds
[2024-06-24T15:17:06.825+0000] {processor.py:156} INFO - Started process (PID=1350) to work on /home/airflow/.local/lib/python3.7/site-packages/airflow/example_dags/example_time_delta_sensor_async.py
[2024-06-24T15:17:06.825+0000] {processor.py:799} INFO - Processing file /home/airflow/.local/lib/python3.7/site-packages/airflow/example_dags/example_time_delta_sensor_async.py for tasks to queue
[2024-06-24T15:17:06.825+0000] {logging_mixin.py:149} INFO - [2024-06-24T15:17:06.825+0000] {dagbag.py:541} INFO - Filling up the DagBag from /home/airflow/.local/lib/python3.7/site-packages/airflow/example_dags/example_time_delta_sensor_async.py
[2024-06-24T15:17:06.827+0000] {processor.py:809} INFO - DAG(s) dict_keys(['example_time_delta_sensor_async']) retrieved from /home/airflow/.local/lib/python3.7/site-packages/airflow/example_dags/example_time_delta_sensor_async.py
[2024-06-24T15:17:06.837+0000] {logging_mixin.py:149} INFO - [2024-06-24T15:17:06.837+0000] {dag.py:2726} INFO - Sync 1 DAGs
[2024-06-24T15:17:06.848+0000] {logging_mixin.py:149} INFO - [2024-06-24T15:17:06.848+0000] {dag.py:3490} INFO - Setting next_dagrun for example_time_delta_sensor_async to None, run_after=None
[2024-06-24T15:17:06.855+0000] {processor.py:178} INFO - Processing /home/airflow/.local/lib/python3.7/site-packages/airflow/example_dags/example_time_delta_sensor_async.py took 0.031 seconds
[2024-06-24T15:17:37.281+0000] {processor.py:156} INFO - Started process (PID=1418) to work on /home/airflow/.local/lib/python3.7/site-packages/airflow/example_dags/example_time_delta_sensor_async.py
[2024-06-24T15:17:37.281+0000] {processor.py:799} INFO - Processing file /home/airflow/.local/lib/python3.7/site-packages/airflow/example_dags/example_time_delta_sensor_async.py for tasks to queue
[2024-06-24T15:17:37.281+0000] {logging_mixin.py:149} INFO - [2024-06-24T15:17:37.281+0000] {dagbag.py:541} INFO - Filling up the DagBag from /home/airflow/.local/lib/python3.7/site-packages/airflow/example_dags/example_time_delta_sensor_async.py
[2024-06-24T15:17:37.283+0000] {processor.py:809} INFO - DAG(s) dict_keys(['example_time_delta_sensor_async']) retrieved from /home/airflow/.local/lib/python3.7/site-packages/airflow/example_dags/example_time_delta_sensor_async.py
[2024-06-24T15:17:37.293+0000] {logging_mixin.py:149} INFO - [2024-06-24T15:17:37.292+0000] {dag.py:2726} INFO - Sync 1 DAGs
[2024-06-24T15:17:37.302+0000] {logging_mixin.py:149} INFO - [2024-06-24T15:17:37.302+0000] {dag.py:3490} INFO - Setting next_dagrun for example_time_delta_sensor_async to None, run_after=None
[2024-06-24T15:17:37.309+0000] {processor.py:178} INFO - Processing /home/airflow/.local/lib/python3.7/site-packages/airflow/example_dags/example_time_delta_sensor_async.py took 0.030 seconds
[2024-06-24T15:18:07.994+0000] {processor.py:156} INFO - Started process (PID=1487) to work on /home/airflow/.local/lib/python3.7/site-packages/airflow/example_dags/example_time_delta_sensor_async.py
[2024-06-24T15:18:07.996+0000] {processor.py:799} INFO - Processing file /home/airflow/.local/lib/python3.7/site-packages/airflow/example_dags/example_time_delta_sensor_async.py for tasks to queue
[2024-06-24T15:18:07.998+0000] {logging_mixin.py:149} INFO - [2024-06-24T15:18:07.998+0000] {dagbag.py:541} INFO - Filling up the DagBag from /home/airflow/.local/lib/python3.7/site-packages/airflow/example_dags/example_time_delta_sensor_async.py
[2024-06-24T15:18:08.000+0000] {processor.py:809} INFO - DAG(s) dict_keys(['example_time_delta_sensor_async']) retrieved from /home/airflow/.local/lib/python3.7/site-packages/airflow/example_dags/example_time_delta_sensor_async.py
[2024-06-24T15:18:08.011+0000] {logging_mixin.py:149} INFO - [2024-06-24T15:18:08.011+0000] {dag.py:2726} INFO - Sync 1 DAGs
[2024-06-24T15:18:08.022+0000] {logging_mixin.py:149} INFO - [2024-06-24T15:18:08.022+0000] {dag.py:3490} INFO - Setting next_dagrun for example_time_delta_sensor_async to None, run_after=None
[2024-06-24T15:18:08.029+0000] {processor.py:178} INFO - Processing /home/airflow/.local/lib/python3.7/site-packages/airflow/example_dags/example_time_delta_sensor_async.py took 0.036 seconds
[2024-06-24T15:18:38.718+0000] {processor.py:156} INFO - Started process (PID=1556) to work on /home/airflow/.local/lib/python3.7/site-packages/airflow/example_dags/example_time_delta_sensor_async.py
[2024-06-24T15:18:38.719+0000] {processor.py:799} INFO - Processing file /home/airflow/.local/lib/python3.7/site-packages/airflow/example_dags/example_time_delta_sensor_async.py for tasks to queue
[2024-06-24T15:18:38.719+0000] {logging_mixin.py:149} INFO - [2024-06-24T15:18:38.719+0000] {dagbag.py:541} INFO - Filling up the DagBag from /home/airflow/.local/lib/python3.7/site-packages/airflow/example_dags/example_time_delta_sensor_async.py
[2024-06-24T15:18:38.720+0000] {processor.py:809} INFO - DAG(s) dict_keys(['example_time_delta_sensor_async']) retrieved from /home/airflow/.local/lib/python3.7/site-packages/airflow/example_dags/example_time_delta_sensor_async.py
[2024-06-24T15:18:38.730+0000] {logging_mixin.py:149} INFO - [2024-06-24T15:18:38.730+0000] {dag.py:2726} INFO - Sync 1 DAGs
[2024-06-24T15:18:38.739+0000] {logging_mixin.py:149} INFO - [2024-06-24T15:18:38.739+0000] {dag.py:3490} INFO - Setting next_dagrun for example_time_delta_sensor_async to None, run_after=None
[2024-06-24T15:18:38.745+0000] {processor.py:178} INFO - Processing /home/airflow/.local/lib/python3.7/site-packages/airflow/example_dags/example_time_delta_sensor_async.py took 0.027 seconds
[2024-06-24T15:19:09.371+0000] {processor.py:156} INFO - Started process (PID=1625) to work on /home/airflow/.local/lib/python3.7/site-packages/airflow/example_dags/example_time_delta_sensor_async.py
[2024-06-24T15:19:09.372+0000] {processor.py:799} INFO - Processing file /home/airflow/.local/lib/python3.7/site-packages/airflow/example_dags/example_time_delta_sensor_async.py for tasks to queue
[2024-06-24T15:19:09.372+0000] {logging_mixin.py:149} INFO - [2024-06-24T15:19:09.372+0000] {dagbag.py:541} INFO - Filling up the DagBag from /home/airflow/.local/lib/python3.7/site-packages/airflow/example_dags/example_time_delta_sensor_async.py
[2024-06-24T15:19:09.374+0000] {processor.py:809} INFO - DAG(s) dict_keys(['example_time_delta_sensor_async']) retrieved from /home/airflow/.local/lib/python3.7/site-packages/airflow/example_dags/example_time_delta_sensor_async.py
[2024-06-24T15:19:09.384+0000] {logging_mixin.py:149} INFO - [2024-06-24T15:19:09.384+0000] {dag.py:2726} INFO - Sync 1 DAGs
[2024-06-24T15:19:09.395+0000] {logging_mixin.py:149} INFO - [2024-06-24T15:19:09.394+0000] {dag.py:3490} INFO - Setting next_dagrun for example_time_delta_sensor_async to None, run_after=None
[2024-06-24T15:19:09.401+0000] {processor.py:178} INFO - Processing /home/airflow/.local/lib/python3.7/site-packages/airflow/example_dags/example_time_delta_sensor_async.py took 0.032 seconds
[2024-06-24T15:19:39.943+0000] {processor.py:156} INFO - Started process (PID=1694) to work on /home/airflow/.local/lib/python3.7/site-packages/airflow/example_dags/example_time_delta_sensor_async.py
[2024-06-24T15:19:39.944+0000] {processor.py:799} INFO - Processing file /home/airflow/.local/lib/python3.7/site-packages/airflow/example_dags/example_time_delta_sensor_async.py for tasks to queue
[2024-06-24T15:19:39.944+0000] {logging_mixin.py:149} INFO - [2024-06-24T15:19:39.944+0000] {dagbag.py:541} INFO - Filling up the DagBag from /home/airflow/.local/lib/python3.7/site-packages/airflow/example_dags/example_time_delta_sensor_async.py
[2024-06-24T15:19:39.946+0000] {processor.py:809} INFO - DAG(s) dict_keys(['example_time_delta_sensor_async']) retrieved from /home/airflow/.local/lib/python3.7/site-packages/airflow/example_dags/example_time_delta_sensor_async.py
[2024-06-24T15:19:39.956+0000] {logging_mixin.py:149} INFO - [2024-06-24T15:19:39.956+0000] {dag.py:2726} INFO - Sync 1 DAGs
[2024-06-24T15:19:39.967+0000] {logging_mixin.py:149} INFO - [2024-06-24T15:19:39.967+0000] {dag.py:3490} INFO - Setting next_dagrun for example_time_delta_sensor_async to None, run_after=None
[2024-06-24T15:19:39.974+0000] {processor.py:178} INFO - Processing /home/airflow/.local/lib/python3.7/site-packages/airflow/example_dags/example_time_delta_sensor_async.py took 0.032 seconds
[2024-06-24T15:20:10.636+0000] {processor.py:156} INFO - Started process (PID=1763) to work on /home/airflow/.local/lib/python3.7/site-packages/airflow/example_dags/example_time_delta_sensor_async.py
[2024-06-24T15:20:10.636+0000] {processor.py:799} INFO - Processing file /home/airflow/.local/lib/python3.7/site-packages/airflow/example_dags/example_time_delta_sensor_async.py for tasks to queue
[2024-06-24T15:20:10.637+0000] {logging_mixin.py:149} INFO - [2024-06-24T15:20:10.637+0000] {dagbag.py:541} INFO - Filling up the DagBag from /home/airflow/.local/lib/python3.7/site-packages/airflow/example_dags/example_time_delta_sensor_async.py
[2024-06-24T15:20:10.639+0000] {processor.py:809} INFO - DAG(s) dict_keys(['example_time_delta_sensor_async']) retrieved from /home/airflow/.local/lib/python3.7/site-packages/airflow/example_dags/example_time_delta_sensor_async.py
[2024-06-24T15:20:10.649+0000] {logging_mixin.py:149} INFO - [2024-06-24T15:20:10.649+0000] {dag.py:2726} INFO - Sync 1 DAGs
[2024-06-24T15:20:10.660+0000] {logging_mixin.py:149} INFO - [2024-06-24T15:20:10.660+0000] {dag.py:3490} INFO - Setting next_dagrun for example_time_delta_sensor_async to None, run_after=None
[2024-06-24T15:20:10.667+0000] {processor.py:178} INFO - Processing /home/airflow/.local/lib/python3.7/site-packages/airflow/example_dags/example_time_delta_sensor_async.py took 0.032 seconds
[2024-06-24T15:20:41.250+0000] {processor.py:156} INFO - Started process (PID=1832) to work on /home/airflow/.local/lib/python3.7/site-packages/airflow/example_dags/example_time_delta_sensor_async.py
[2024-06-24T15:20:41.250+0000] {processor.py:799} INFO - Processing file /home/airflow/.local/lib/python3.7/site-packages/airflow/example_dags/example_time_delta_sensor_async.py for tasks to queue
[2024-06-24T15:20:41.251+0000] {logging_mixin.py:149} INFO - [2024-06-24T15:20:41.250+0000] {dagbag.py:541} INFO - Filling up the DagBag from /home/airflow/.local/lib/python3.7/site-packages/airflow/example_dags/example_time_delta_sensor_async.py
[2024-06-24T15:20:41.252+0000] {processor.py:809} INFO - DAG(s) dict_keys(['example_time_delta_sensor_async']) retrieved from /home/airflow/.local/lib/python3.7/site-packages/airflow/example_dags/example_time_delta_sensor_async.py
[2024-06-24T15:20:41.263+0000] {logging_mixin.py:149} INFO - [2024-06-24T15:20:41.263+0000] {dag.py:2726} INFO - Sync 1 DAGs
[2024-06-24T15:20:41.273+0000] {logging_mixin.py:149} INFO - [2024-06-24T15:20:41.273+0000] {dag.py:3490} INFO - Setting next_dagrun for example_time_delta_sensor_async to None, run_after=None
[2024-06-24T15:20:41.280+0000] {processor.py:178} INFO - Processing /home/airflow/.local/lib/python3.7/site-packages/airflow/example_dags/example_time_delta_sensor_async.py took 0.031 seconds
[2024-06-24T15:21:11.994+0000] {processor.py:156} INFO - Started process (PID=1901) to work on /home/airflow/.local/lib/python3.7/site-packages/airflow/example_dags/example_time_delta_sensor_async.py
[2024-06-24T15:21:11.994+0000] {processor.py:799} INFO - Processing file /home/airflow/.local/lib/python3.7/site-packages/airflow/example_dags/example_time_delta_sensor_async.py for tasks to queue
[2024-06-24T15:21:11.994+0000] {logging_mixin.py:149} INFO - [2024-06-24T15:21:11.994+0000] {dagbag.py:541} INFO - Filling up the DagBag from /home/airflow/.local/lib/python3.7/site-packages/airflow/example_dags/example_time_delta_sensor_async.py
[2024-06-24T15:21:11.996+0000] {processor.py:809} INFO - DAG(s) dict_keys(['example_time_delta_sensor_async']) retrieved from /home/airflow/.local/lib/python3.7/site-packages/airflow/example_dags/example_time_delta_sensor_async.py
[2024-06-24T15:21:12.008+0000] {logging_mixin.py:149} INFO - [2024-06-24T15:21:12.008+0000] {dag.py:2726} INFO - Sync 1 DAGs
[2024-06-24T15:21:12.019+0000] {logging_mixin.py:149} INFO - [2024-06-24T15:21:12.019+0000] {dag.py:3490} INFO - Setting next_dagrun for example_time_delta_sensor_async to None, run_after=None
[2024-06-24T15:21:12.027+0000] {processor.py:178} INFO - Processing /home/airflow/.local/lib/python3.7/site-packages/airflow/example_dags/example_time_delta_sensor_async.py took 0.034 seconds
[2024-06-24T15:21:42.856+0000] {processor.py:156} INFO - Started process (PID=1969) to work on /home/airflow/.local/lib/python3.7/site-packages/airflow/example_dags/example_time_delta_sensor_async.py
[2024-06-24T15:21:42.856+0000] {processor.py:799} INFO - Processing file /home/airflow/.local/lib/python3.7/site-packages/airflow/example_dags/example_time_delta_sensor_async.py for tasks to queue
[2024-06-24T15:21:42.856+0000] {logging_mixin.py:149} INFO - [2024-06-24T15:21:42.856+0000] {dagbag.py:541} INFO - Filling up the DagBag from /home/airflow/.local/lib/python3.7/site-packages/airflow/example_dags/example_time_delta_sensor_async.py
[2024-06-24T15:21:42.858+0000] {processor.py:809} INFO - DAG(s) dict_keys(['example_time_delta_sensor_async']) retrieved from /home/airflow/.local/lib/python3.7/site-packages/airflow/example_dags/example_time_delta_sensor_async.py
[2024-06-24T15:21:42.867+0000] {logging_mixin.py:149} INFO - [2024-06-24T15:21:42.867+0000] {dag.py:2726} INFO - Sync 1 DAGs
[2024-06-24T15:21:42.877+0000] {logging_mixin.py:149} INFO - [2024-06-24T15:21:42.877+0000] {dag.py:3490} INFO - Setting next_dagrun for example_time_delta_sensor_async to None, run_after=None
[2024-06-24T15:21:42.883+0000] {processor.py:178} INFO - Processing /home/airflow/.local/lib/python3.7/site-packages/airflow/example_dags/example_time_delta_sensor_async.py took 0.029 seconds
[2024-06-24T15:22:13.480+0000] {processor.py:156} INFO - Started process (PID=2038) to work on /home/airflow/.local/lib/python3.7/site-packages/airflow/example_dags/example_time_delta_sensor_async.py
[2024-06-24T15:22:13.480+0000] {processor.py:799} INFO - Processing file /home/airflow/.local/lib/python3.7/site-packages/airflow/example_dags/example_time_delta_sensor_async.py for tasks to queue
[2024-06-24T15:22:13.481+0000] {logging_mixin.py:149} INFO - [2024-06-24T15:22:13.480+0000] {dagbag.py:541} INFO - Filling up the DagBag from /home/airflow/.local/lib/python3.7/site-packages/airflow/example_dags/example_time_delta_sensor_async.py
[2024-06-24T15:22:13.482+0000] {processor.py:809} INFO - DAG(s) dict_keys(['example_time_delta_sensor_async']) retrieved from /home/airflow/.local/lib/python3.7/site-packages/airflow/example_dags/example_time_delta_sensor_async.py
[2024-06-24T15:22:13.492+0000] {logging_mixin.py:149} INFO - [2024-06-24T15:22:13.492+0000] {dag.py:2726} INFO - Sync 1 DAGs
[2024-06-24T15:22:13.502+0000] {logging_mixin.py:149} INFO - [2024-06-24T15:22:13.502+0000] {dag.py:3490} INFO - Setting next_dagrun for example_time_delta_sensor_async to None, run_after=None
[2024-06-24T15:22:13.509+0000] {processor.py:178} INFO - Processing /home/airflow/.local/lib/python3.7/site-packages/airflow/example_dags/example_time_delta_sensor_async.py took 0.031 seconds
[2024-06-24T15:22:44.101+0000] {processor.py:156} INFO - Started process (PID=2106) to work on /home/airflow/.local/lib/python3.7/site-packages/airflow/example_dags/example_time_delta_sensor_async.py
[2024-06-24T15:22:44.101+0000] {processor.py:799} INFO - Processing file /home/airflow/.local/lib/python3.7/site-packages/airflow/example_dags/example_time_delta_sensor_async.py for tasks to queue
[2024-06-24T15:22:44.101+0000] {logging_mixin.py:149} INFO - [2024-06-24T15:22:44.101+0000] {dagbag.py:541} INFO - Filling up the DagBag from /home/airflow/.local/lib/python3.7/site-packages/airflow/example_dags/example_time_delta_sensor_async.py
[2024-06-24T15:22:44.103+0000] {processor.py:809} INFO - DAG(s) dict_keys(['example_time_delta_sensor_async']) retrieved from /home/airflow/.local/lib/python3.7/site-packages/airflow/example_dags/example_time_delta_sensor_async.py
[2024-06-24T15:22:44.113+0000] {logging_mixin.py:149} INFO - [2024-06-24T15:22:44.113+0000] {dag.py:2726} INFO - Sync 1 DAGs
[2024-06-24T15:22:44.124+0000] {logging_mixin.py:149} INFO - [2024-06-24T15:22:44.124+0000] {dag.py:3490} INFO - Setting next_dagrun for example_time_delta_sensor_async to None, run_after=None
[2024-06-24T15:22:44.131+0000] {processor.py:178} INFO - Processing /home/airflow/.local/lib/python3.7/site-packages/airflow/example_dags/example_time_delta_sensor_async.py took 0.031 seconds
[2024-06-24T15:23:14.840+0000] {processor.py:156} INFO - Started process (PID=2175) to work on /home/airflow/.local/lib/python3.7/site-packages/airflow/example_dags/example_time_delta_sensor_async.py
[2024-06-24T15:23:14.840+0000] {processor.py:799} INFO - Processing file /home/airflow/.local/lib/python3.7/site-packages/airflow/example_dags/example_time_delta_sensor_async.py for tasks to queue
[2024-06-24T15:23:14.840+0000] {logging_mixin.py:149} INFO - [2024-06-24T15:23:14.840+0000] {dagbag.py:541} INFO - Filling up the DagBag from /home/airflow/.local/lib/python3.7/site-packages/airflow/example_dags/example_time_delta_sensor_async.py
[2024-06-24T15:23:14.842+0000] {processor.py:809} INFO - DAG(s) dict_keys(['example_time_delta_sensor_async']) retrieved from /home/airflow/.local/lib/python3.7/site-packages/airflow/example_dags/example_time_delta_sensor_async.py
[2024-06-24T15:23:14.851+0000] {logging_mixin.py:149} INFO - [2024-06-24T15:23:14.851+0000] {dag.py:2726} INFO - Sync 1 DAGs
[2024-06-24T15:23:14.861+0000] {logging_mixin.py:149} INFO - [2024-06-24T15:23:14.861+0000] {dag.py:3490} INFO - Setting next_dagrun for example_time_delta_sensor_async to None, run_after=None
[2024-06-24T15:23:14.867+0000] {processor.py:178} INFO - Processing /home/airflow/.local/lib/python3.7/site-packages/airflow/example_dags/example_time_delta_sensor_async.py took 0.029 seconds
[2024-06-24T15:23:45.634+0000] {processor.py:156} INFO - Started process (PID=2244) to work on /home/airflow/.local/lib/python3.7/site-packages/airflow/example_dags/example_time_delta_sensor_async.py
[2024-06-24T15:23:45.634+0000] {processor.py:799} INFO - Processing file /home/airflow/.local/lib/python3.7/site-packages/airflow/example_dags/example_time_delta_sensor_async.py for tasks to queue
[2024-06-24T15:23:45.635+0000] {logging_mixin.py:149} INFO - [2024-06-24T15:23:45.635+0000] {dagbag.py:541} INFO - Filling up the DagBag from /home/airflow/.local/lib/python3.7/site-packages/airflow/example_dags/example_time_delta_sensor_async.py
[2024-06-24T15:23:45.636+0000] {processor.py:809} INFO - DAG(s) dict_keys(['example_time_delta_sensor_async']) retrieved from /home/airflow/.local/lib/python3.7/site-packages/airflow/example_dags/example_time_delta_sensor_async.py
[2024-06-24T15:23:45.647+0000] {logging_mixin.py:149} INFO - [2024-06-24T15:23:45.647+0000] {dag.py:2726} INFO - Sync 1 DAGs
[2024-06-24T15:23:45.658+0000] {logging_mixin.py:149} INFO - [2024-06-24T15:23:45.657+0000] {dag.py:3490} INFO - Setting next_dagrun for example_time_delta_sensor_async to None, run_after=None
[2024-06-24T15:23:45.665+0000] {processor.py:178} INFO - Processing /home/airflow/.local/lib/python3.7/site-packages/airflow/example_dags/example_time_delta_sensor_async.py took 0.032 seconds
[2024-06-24T15:24:16.187+0000] {processor.py:156} INFO - Started process (PID=2320) to work on /home/airflow/.local/lib/python3.7/site-packages/airflow/example_dags/example_time_delta_sensor_async.py
[2024-06-24T15:24:16.187+0000] {processor.py:799} INFO - Processing file /home/airflow/.local/lib/python3.7/site-packages/airflow/example_dags/example_time_delta_sensor_async.py for tasks to queue
[2024-06-24T15:24:16.187+0000] {logging_mixin.py:149} INFO - [2024-06-24T15:24:16.187+0000] {dagbag.py:541} INFO - Filling up the DagBag from /home/airflow/.local/lib/python3.7/site-packages/airflow/example_dags/example_time_delta_sensor_async.py
[2024-06-24T15:24:16.189+0000] {processor.py:809} INFO - DAG(s) dict_keys(['example_time_delta_sensor_async']) retrieved from /home/airflow/.local/lib/python3.7/site-packages/airflow/example_dags/example_time_delta_sensor_async.py
[2024-06-24T15:24:16.199+0000] {logging_mixin.py:149} INFO - [2024-06-24T15:24:16.199+0000] {dag.py:2726} INFO - Sync 1 DAGs
[2024-06-24T15:24:16.209+0000] {logging_mixin.py:149} INFO - [2024-06-24T15:24:16.208+0000] {dag.py:3490} INFO - Setting next_dagrun for example_time_delta_sensor_async to None, run_after=None
[2024-06-24T15:24:16.215+0000] {processor.py:178} INFO - Processing /home/airflow/.local/lib/python3.7/site-packages/airflow/example_dags/example_time_delta_sensor_async.py took 0.030 seconds
[2024-06-24T15:24:46.794+0000] {processor.py:156} INFO - Started process (PID=2388) to work on /home/airflow/.local/lib/python3.7/site-packages/airflow/example_dags/example_time_delta_sensor_async.py
[2024-06-24T15:24:46.795+0000] {processor.py:799} INFO - Processing file /home/airflow/.local/lib/python3.7/site-packages/airflow/example_dags/example_time_delta_sensor_async.py for tasks to queue
[2024-06-24T15:24:46.795+0000] {logging_mixin.py:149} INFO - [2024-06-24T15:24:46.795+0000] {dagbag.py:541} INFO - Filling up the DagBag from /home/airflow/.local/lib/python3.7/site-packages/airflow/example_dags/example_time_delta_sensor_async.py
[2024-06-24T15:24:46.797+0000] {processor.py:809} INFO - DAG(s) dict_keys(['example_time_delta_sensor_async']) retrieved from /home/airflow/.local/lib/python3.7/site-packages/airflow/example_dags/example_time_delta_sensor_async.py
[2024-06-24T15:24:46.806+0000] {logging_mixin.py:149} INFO - [2024-06-24T15:24:46.806+0000] {dag.py:2726} INFO - Sync 1 DAGs
[2024-06-24T15:24:46.817+0000] {logging_mixin.py:149} INFO - [2024-06-24T15:24:46.817+0000] {dag.py:3490} INFO - Setting next_dagrun for example_time_delta_sensor_async to None, run_after=None
[2024-06-24T15:24:46.824+0000] {processor.py:178} INFO - Processing /home/airflow/.local/lib/python3.7/site-packages/airflow/example_dags/example_time_delta_sensor_async.py took 0.031 seconds
[2024-06-24T15:25:17.428+0000] {processor.py:156} INFO - Started process (PID=2456) to work on /home/airflow/.local/lib/python3.7/site-packages/airflow/example_dags/example_time_delta_sensor_async.py
[2024-06-24T15:25:17.429+0000] {processor.py:799} INFO - Processing file /home/airflow/.local/lib/python3.7/site-packages/airflow/example_dags/example_time_delta_sensor_async.py for tasks to queue
[2024-06-24T15:25:17.429+0000] {logging_mixin.py:149} INFO - [2024-06-24T15:25:17.429+0000] {dagbag.py:541} INFO - Filling up the DagBag from /home/airflow/.local/lib/python3.7/site-packages/airflow/example_dags/example_time_delta_sensor_async.py
[2024-06-24T15:25:17.431+0000] {processor.py:809} INFO - DAG(s) dict_keys(['example_time_delta_sensor_async']) retrieved from /home/airflow/.local/lib/python3.7/site-packages/airflow/example_dags/example_time_delta_sensor_async.py
[2024-06-24T15:25:17.441+0000] {logging_mixin.py:149} INFO - [2024-06-24T15:25:17.441+0000] {dag.py:2726} INFO - Sync 1 DAGs
[2024-06-24T15:25:17.453+0000] {logging_mixin.py:149} INFO - [2024-06-24T15:25:17.453+0000] {dag.py:3490} INFO - Setting next_dagrun for example_time_delta_sensor_async to None, run_after=None
[2024-06-24T15:25:17.460+0000] {processor.py:178} INFO - Processing /home/airflow/.local/lib/python3.7/site-packages/airflow/example_dags/example_time_delta_sensor_async.py took 0.033 seconds
[2024-06-24T15:25:47.981+0000] {processor.py:156} INFO - Started process (PID=2525) to work on /home/airflow/.local/lib/python3.7/site-packages/airflow/example_dags/example_time_delta_sensor_async.py
[2024-06-24T15:25:47.981+0000] {processor.py:799} INFO - Processing file /home/airflow/.local/lib/python3.7/site-packages/airflow/example_dags/example_time_delta_sensor_async.py for tasks to queue
[2024-06-24T15:25:47.981+0000] {logging_mixin.py:149} INFO - [2024-06-24T15:25:47.981+0000] {dagbag.py:541} INFO - Filling up the DagBag from /home/airflow/.local/lib/python3.7/site-packages/airflow/example_dags/example_time_delta_sensor_async.py
[2024-06-24T15:25:47.983+0000] {processor.py:809} INFO - DAG(s) dict_keys(['example_time_delta_sensor_async']) retrieved from /home/airflow/.local/lib/python3.7/site-packages/airflow/example_dags/example_time_delta_sensor_async.py
[2024-06-24T15:25:47.998+0000] {logging_mixin.py:149} INFO - [2024-06-24T15:25:47.998+0000] {dag.py:2726} INFO - Sync 1 DAGs
[2024-06-24T15:25:48.012+0000] {logging_mixin.py:149} INFO - [2024-06-24T15:25:48.012+0000] {dag.py:3490} INFO - Setting next_dagrun for example_time_delta_sensor_async to None, run_after=None
[2024-06-24T15:25:48.019+0000] {processor.py:178} INFO - Processing /home/airflow/.local/lib/python3.7/site-packages/airflow/example_dags/example_time_delta_sensor_async.py took 0.040 seconds
[2024-06-24T15:26:18.595+0000] {processor.py:156} INFO - Started process (PID=2594) to work on /home/airflow/.local/lib/python3.7/site-packages/airflow/example_dags/example_time_delta_sensor_async.py
[2024-06-24T15:26:18.595+0000] {processor.py:799} INFO - Processing file /home/airflow/.local/lib/python3.7/site-packages/airflow/example_dags/example_time_delta_sensor_async.py for tasks to queue
[2024-06-24T15:26:18.596+0000] {logging_mixin.py:149} INFO - [2024-06-24T15:26:18.596+0000] {dagbag.py:541} INFO - Filling up the DagBag from /home/airflow/.local/lib/python3.7/site-packages/airflow/example_dags/example_time_delta_sensor_async.py
[2024-06-24T15:26:18.598+0000] {processor.py:809} INFO - DAG(s) dict_keys(['example_time_delta_sensor_async']) retrieved from /home/airflow/.local/lib/python3.7/site-packages/airflow/example_dags/example_time_delta_sensor_async.py
[2024-06-24T15:26:18.610+0000] {logging_mixin.py:149} INFO - [2024-06-24T15:26:18.610+0000] {dag.py:2726} INFO - Sync 1 DAGs
[2024-06-24T15:26:18.621+0000] {logging_mixin.py:149} INFO - [2024-06-24T15:26:18.621+0000] {dag.py:3490} INFO - Setting next_dagrun for example_time_delta_sensor_async to None, run_after=None
[2024-06-24T15:26:18.630+0000] {processor.py:178} INFO - Processing /home/airflow/.local/lib/python3.7/site-packages/airflow/example_dags/example_time_delta_sensor_async.py took 0.036 seconds
[2024-06-24T15:26:49.427+0000] {processor.py:156} INFO - Started process (PID=2663) to work on /home/airflow/.local/lib/python3.7/site-packages/airflow/example_dags/example_time_delta_sensor_async.py
[2024-06-24T15:26:49.428+0000] {processor.py:799} INFO - Processing file /home/airflow/.local/lib/python3.7/site-packages/airflow/example_dags/example_time_delta_sensor_async.py for tasks to queue
[2024-06-24T15:26:49.428+0000] {logging_mixin.py:149} INFO - [2024-06-24T15:26:49.428+0000] {dagbag.py:541} INFO - Filling up the DagBag from /home/airflow/.local/lib/python3.7/site-packages/airflow/example_dags/example_time_delta_sensor_async.py
[2024-06-24T15:26:49.430+0000] {processor.py:809} INFO - DAG(s) dict_keys(['example_time_delta_sensor_async']) retrieved from /home/airflow/.local/lib/python3.7/site-packages/airflow/example_dags/example_time_delta_sensor_async.py
[2024-06-24T15:26:49.441+0000] {logging_mixin.py:149} INFO - [2024-06-24T15:26:49.441+0000] {dag.py:2726} INFO - Sync 1 DAGs
[2024-06-24T15:26:49.452+0000] {logging_mixin.py:149} INFO - [2024-06-24T15:26:49.452+0000] {dag.py:3490} INFO - Setting next_dagrun for example_time_delta_sensor_async to None, run_after=None
[2024-06-24T15:26:49.459+0000] {processor.py:178} INFO - Processing /home/airflow/.local/lib/python3.7/site-packages/airflow/example_dags/example_time_delta_sensor_async.py took 0.034 seconds
[2024-06-24T15:27:20.223+0000] {processor.py:156} INFO - Started process (PID=2732) to work on /home/airflow/.local/lib/python3.7/site-packages/airflow/example_dags/example_time_delta_sensor_async.py
[2024-06-24T15:27:20.224+0000] {processor.py:799} INFO - Processing file /home/airflow/.local/lib/python3.7/site-packages/airflow/example_dags/example_time_delta_sensor_async.py for tasks to queue
[2024-06-24T15:27:20.224+0000] {logging_mixin.py:149} INFO - [2024-06-24T15:27:20.224+0000] {dagbag.py:541} INFO - Filling up the DagBag from /home/airflow/.local/lib/python3.7/site-packages/airflow/example_dags/example_time_delta_sensor_async.py
[2024-06-24T15:27:20.226+0000] {processor.py:809} INFO - DAG(s) dict_keys(['example_time_delta_sensor_async']) retrieved from /home/airflow/.local/lib/python3.7/site-packages/airflow/example_dags/example_time_delta_sensor_async.py
[2024-06-24T15:27:20.237+0000] {logging_mixin.py:149} INFO - [2024-06-24T15:27:20.237+0000] {dag.py:2726} INFO - Sync 1 DAGs
[2024-06-24T15:27:20.249+0000] {logging_mixin.py:149} INFO - [2024-06-24T15:27:20.248+0000] {dag.py:3490} INFO - Setting next_dagrun for example_time_delta_sensor_async to None, run_after=None
[2024-06-24T15:27:20.256+0000] {processor.py:178} INFO - Processing /home/airflow/.local/lib/python3.7/site-packages/airflow/example_dags/example_time_delta_sensor_async.py took 0.034 seconds
[2024-06-24T15:27:51.082+0000] {processor.py:156} INFO - Started process (PID=2801) to work on /home/airflow/.local/lib/python3.7/site-packages/airflow/example_dags/example_time_delta_sensor_async.py
[2024-06-24T15:27:51.082+0000] {processor.py:799} INFO - Processing file /home/airflow/.local/lib/python3.7/site-packages/airflow/example_dags/example_time_delta_sensor_async.py for tasks to queue
[2024-06-24T15:27:51.082+0000] {logging_mixin.py:149} INFO - [2024-06-24T15:27:51.082+0000] {dagbag.py:541} INFO - Filling up the DagBag from /home/airflow/.local/lib/python3.7/site-packages/airflow/example_dags/example_time_delta_sensor_async.py
[2024-06-24T15:27:51.085+0000] {processor.py:809} INFO - DAG(s) dict_keys(['example_time_delta_sensor_async']) retrieved from /home/airflow/.local/lib/python3.7/site-packages/airflow/example_dags/example_time_delta_sensor_async.py
[2024-06-24T15:27:51.102+0000] {logging_mixin.py:149} INFO - [2024-06-24T15:27:51.102+0000] {dag.py:2726} INFO - Sync 1 DAGs
[2024-06-24T15:27:51.120+0000] {logging_mixin.py:149} INFO - [2024-06-24T15:27:51.120+0000] {dag.py:3490} INFO - Setting next_dagrun for example_time_delta_sensor_async to None, run_after=None
[2024-06-24T15:27:51.133+0000] {processor.py:178} INFO - Processing /home/airflow/.local/lib/python3.7/site-packages/airflow/example_dags/example_time_delta_sensor_async.py took 0.053 seconds
[2024-06-24T15:28:21.981+0000] {processor.py:156} INFO - Started process (PID=2870) to work on /home/airflow/.local/lib/python3.7/site-packages/airflow/example_dags/example_time_delta_sensor_async.py
[2024-06-24T15:28:21.982+0000] {processor.py:799} INFO - Processing file /home/airflow/.local/lib/python3.7/site-packages/airflow/example_dags/example_time_delta_sensor_async.py for tasks to queue
[2024-06-24T15:28:21.983+0000] {logging_mixin.py:149} INFO - [2024-06-24T15:28:21.983+0000] {dagbag.py:541} INFO - Filling up the DagBag from /home/airflow/.local/lib/python3.7/site-packages/airflow/example_dags/example_time_delta_sensor_async.py
[2024-06-24T15:28:21.986+0000] {processor.py:809} INFO - DAG(s) dict_keys(['example_time_delta_sensor_async']) retrieved from /home/airflow/.local/lib/python3.7/site-packages/airflow/example_dags/example_time_delta_sensor_async.py
[2024-06-24T15:28:21.997+0000] {logging_mixin.py:149} INFO - [2024-06-24T15:28:21.997+0000] {dag.py:2726} INFO - Sync 1 DAGs
[2024-06-24T15:28:22.009+0000] {logging_mixin.py:149} INFO - [2024-06-24T15:28:22.009+0000] {dag.py:3490} INFO - Setting next_dagrun for example_time_delta_sensor_async to None, run_after=None
[2024-06-24T15:28:22.017+0000] {processor.py:178} INFO - Processing /home/airflow/.local/lib/python3.7/site-packages/airflow/example_dags/example_time_delta_sensor_async.py took 0.039 seconds
[2024-06-24T15:28:52.763+0000] {processor.py:156} INFO - Started process (PID=2939) to work on /home/airflow/.local/lib/python3.7/site-packages/airflow/example_dags/example_time_delta_sensor_async.py
[2024-06-24T15:28:52.763+0000] {processor.py:799} INFO - Processing file /home/airflow/.local/lib/python3.7/site-packages/airflow/example_dags/example_time_delta_sensor_async.py for tasks to queue
[2024-06-24T15:28:52.763+0000] {logging_mixin.py:149} INFO - [2024-06-24T15:28:52.763+0000] {dagbag.py:541} INFO - Filling up the DagBag from /home/airflow/.local/lib/python3.7/site-packages/airflow/example_dags/example_time_delta_sensor_async.py
[2024-06-24T15:28:52.765+0000] {processor.py:809} INFO - DAG(s) dict_keys(['example_time_delta_sensor_async']) retrieved from /home/airflow/.local/lib/python3.7/site-packages/airflow/example_dags/example_time_delta_sensor_async.py
[2024-06-24T15:28:52.775+0000] {logging_mixin.py:149} INFO - [2024-06-24T15:28:52.775+0000] {dag.py:2726} INFO - Sync 1 DAGs
[2024-06-24T15:28:52.785+0000] {logging_mixin.py:149} INFO - [2024-06-24T15:28:52.785+0000] {dag.py:3490} INFO - Setting next_dagrun for example_time_delta_sensor_async to None, run_after=None
[2024-06-24T15:28:52.792+0000] {processor.py:178} INFO - Processing /home/airflow/.local/lib/python3.7/site-packages/airflow/example_dags/example_time_delta_sensor_async.py took 0.031 seconds
[2024-06-24T15:29:23.487+0000] {processor.py:156} INFO - Started process (PID=3007) to work on /home/airflow/.local/lib/python3.7/site-packages/airflow/example_dags/example_time_delta_sensor_async.py
[2024-06-24T15:29:23.487+0000] {processor.py:799} INFO - Processing file /home/airflow/.local/lib/python3.7/site-packages/airflow/example_dags/example_time_delta_sensor_async.py for tasks to queue
[2024-06-24T15:29:23.487+0000] {logging_mixin.py:149} INFO - [2024-06-24T15:29:23.487+0000] {dagbag.py:541} INFO - Filling up the DagBag from /home/airflow/.local/lib/python3.7/site-packages/airflow/example_dags/example_time_delta_sensor_async.py
[2024-06-24T15:29:23.489+0000] {processor.py:809} INFO - DAG(s) dict_keys(['example_time_delta_sensor_async']) retrieved from /home/airflow/.local/lib/python3.7/site-packages/airflow/example_dags/example_time_delta_sensor_async.py
[2024-06-24T15:29:23.501+0000] {logging_mixin.py:149} INFO - [2024-06-24T15:29:23.501+0000] {dag.py:2726} INFO - Sync 1 DAGs
[2024-06-24T15:29:23.513+0000] {logging_mixin.py:149} INFO - [2024-06-24T15:29:23.513+0000] {dag.py:3490} INFO - Setting next_dagrun for example_time_delta_sensor_async to None, run_after=None
[2024-06-24T15:29:23.523+0000] {processor.py:178} INFO - Processing /home/airflow/.local/lib/python3.7/site-packages/airflow/example_dags/example_time_delta_sensor_async.py took 0.038 seconds
[2024-06-24T15:29:54.144+0000] {processor.py:156} INFO - Started process (PID=3076) to work on /home/airflow/.local/lib/python3.7/site-packages/airflow/example_dags/example_time_delta_sensor_async.py
[2024-06-24T15:29:54.145+0000] {processor.py:799} INFO - Processing file /home/airflow/.local/lib/python3.7/site-packages/airflow/example_dags/example_time_delta_sensor_async.py for tasks to queue
[2024-06-24T15:29:54.145+0000] {logging_mixin.py:149} INFO - [2024-06-24T15:29:54.145+0000] {dagbag.py:541} INFO - Filling up the DagBag from /home/airflow/.local/lib/python3.7/site-packages/airflow/example_dags/example_time_delta_sensor_async.py
[2024-06-24T15:29:54.147+0000] {processor.py:809} INFO - DAG(s) dict_keys(['example_time_delta_sensor_async']) retrieved from /home/airflow/.local/lib/python3.7/site-packages/airflow/example_dags/example_time_delta_sensor_async.py
[2024-06-24T15:29:54.158+0000] {logging_mixin.py:149} INFO - [2024-06-24T15:29:54.158+0000] {dag.py:2726} INFO - Sync 1 DAGs
[2024-06-24T15:29:54.168+0000] {logging_mixin.py:149} INFO - [2024-06-24T15:29:54.168+0000] {dag.py:3490} INFO - Setting next_dagrun for example_time_delta_sensor_async to None, run_after=None
[2024-06-24T15:29:54.175+0000] {processor.py:178} INFO - Processing /home/airflow/.local/lib/python3.7/site-packages/airflow/example_dags/example_time_delta_sensor_async.py took 0.032 seconds
[2024-06-24T15:30:24.801+0000] {processor.py:156} INFO - Started process (PID=3144) to work on /home/airflow/.local/lib/python3.7/site-packages/airflow/example_dags/example_time_delta_sensor_async.py
[2024-06-24T15:30:24.801+0000] {processor.py:799} INFO - Processing file /home/airflow/.local/lib/python3.7/site-packages/airflow/example_dags/example_time_delta_sensor_async.py for tasks to queue
[2024-06-24T15:30:24.801+0000] {logging_mixin.py:149} INFO - [2024-06-24T15:30:24.801+0000] {dagbag.py:541} INFO - Filling up the DagBag from /home/airflow/.local/lib/python3.7/site-packages/airflow/example_dags/example_time_delta_sensor_async.py
[2024-06-24T15:30:24.803+0000] {processor.py:809} INFO - DAG(s) dict_keys(['example_time_delta_sensor_async']) retrieved from /home/airflow/.local/lib/python3.7/site-packages/airflow/example_dags/example_time_delta_sensor_async.py
[2024-06-24T15:30:24.815+0000] {logging_mixin.py:149} INFO - [2024-06-24T15:30:24.814+0000] {dag.py:2726} INFO - Sync 1 DAGs
[2024-06-24T15:30:24.825+0000] {logging_mixin.py:149} INFO - [2024-06-24T15:30:24.825+0000] {dag.py:3490} INFO - Setting next_dagrun for example_time_delta_sensor_async to None, run_after=None
[2024-06-24T15:30:24.832+0000] {processor.py:178} INFO - Processing /home/airflow/.local/lib/python3.7/site-packages/airflow/example_dags/example_time_delta_sensor_async.py took 0.033 seconds
