[2024-06-24T15:03:48.719+0000] {processor.py:156} INFO - Started process (PID=46) to work on /home/airflow/.local/lib/python3.7/site-packages/airflow/example_dags/example_params_ui_tutorial.py
[2024-06-24T15:03:48.720+0000] {processor.py:799} INFO - Processing file /home/airflow/.local/lib/python3.7/site-packages/airflow/example_dags/example_params_ui_tutorial.py for tasks to queue
[2024-06-24T15:03:48.721+0000] {logging_mixin.py:149} INFO - [2024-06-24T15:03:48.721+0000] {dagbag.py:541} INFO - Filling up the DagBag from /home/airflow/.local/lib/python3.7/site-packages/airflow/example_dags/example_params_ui_tutorial.py
[2024-06-24T15:03:48.754+0000] {processor.py:809} INFO - DAG(s) dict_keys(['example_params_ui_tutorial']) retrieved from /home/airflow/.local/lib/python3.7/site-packages/airflow/example_dags/example_params_ui_tutorial.py
[2024-06-24T15:03:48.887+0000] {logging_mixin.py:149} INFO - [2024-06-24T15:03:48.887+0000] {manager.py:504} INFO - Created Permission View: can delete on DAG:example_params_ui_tutorial
[2024-06-24T15:03:48.898+0000] {logging_mixin.py:149} INFO - [2024-06-24T15:03:48.898+0000] {manager.py:504} INFO - Created Permission View: can edit on DAG:example_params_ui_tutorial
[2024-06-24T15:03:48.901+0000] {logging_mixin.py:149} INFO - [2024-06-24T15:03:48.901+0000] {manager.py:504} INFO - Created Permission View: can read on DAG:example_params_ui_tutorial
[2024-06-24T15:03:48.901+0000] {logging_mixin.py:149} INFO - [2024-06-24T15:03:48.901+0000] {dag.py:2726} INFO - Sync 1 DAGs
[2024-06-24T15:03:48.910+0000] {logging_mixin.py:149} INFO - [2024-06-24T15:03:48.910+0000] {dag.py:2747} INFO - Creating ORM DAG for example_params_ui_tutorial
[2024-06-24T15:03:48.921+0000] {logging_mixin.py:149} INFO - [2024-06-24T15:03:48.921+0000] {dag.py:3490} INFO - Setting next_dagrun for example_params_ui_tutorial to None, run_after=None
[2024-06-24T15:03:48.938+0000] {processor.py:178} INFO - Processing /home/airflow/.local/lib/python3.7/site-packages/airflow/example_dags/example_params_ui_tutorial.py took 0.221 seconds
[2024-06-24T15:04:19.425+0000] {processor.py:156} INFO - Started process (PID=107) to work on /home/airflow/.local/lib/python3.7/site-packages/airflow/example_dags/example_params_ui_tutorial.py
[2024-06-24T15:04:19.426+0000] {processor.py:799} INFO - Processing file /home/airflow/.local/lib/python3.7/site-packages/airflow/example_dags/example_params_ui_tutorial.py for tasks to queue
[2024-06-24T15:04:19.427+0000] {logging_mixin.py:149} INFO - [2024-06-24T15:04:19.427+0000] {dagbag.py:541} INFO - Filling up the DagBag from /home/airflow/.local/lib/python3.7/site-packages/airflow/example_dags/example_params_ui_tutorial.py
[2024-06-24T15:04:19.469+0000] {processor.py:809} INFO - DAG(s) dict_keys(['example_params_ui_tutorial']) retrieved from /home/airflow/.local/lib/python3.7/site-packages/airflow/example_dags/example_params_ui_tutorial.py
[2024-06-24T15:04:19.497+0000] {logging_mixin.py:149} INFO - [2024-06-24T15:04:19.497+0000] {dag.py:2726} INFO - Sync 1 DAGs
[2024-06-24T15:04:19.508+0000] {logging_mixin.py:149} INFO - [2024-06-24T15:04:19.508+0000] {dag.py:3490} INFO - Setting next_dagrun for example_params_ui_tutorial to None, run_after=None
[2024-06-24T15:04:19.515+0000] {processor.py:178} INFO - Processing /home/airflow/.local/lib/python3.7/site-packages/airflow/example_dags/example_params_ui_tutorial.py took 0.096 seconds
[2024-06-24T15:04:50.193+0000] {processor.py:156} INFO - Started process (PID=176) to work on /home/airflow/.local/lib/python3.7/site-packages/airflow/example_dags/example_params_ui_tutorial.py
[2024-06-24T15:04:50.194+0000] {processor.py:799} INFO - Processing file /home/airflow/.local/lib/python3.7/site-packages/airflow/example_dags/example_params_ui_tutorial.py for tasks to queue
[2024-06-24T15:04:50.195+0000] {logging_mixin.py:149} INFO - [2024-06-24T15:04:50.195+0000] {dagbag.py:541} INFO - Filling up the DagBag from /home/airflow/.local/lib/python3.7/site-packages/airflow/example_dags/example_params_ui_tutorial.py
[2024-06-24T15:04:50.231+0000] {processor.py:809} INFO - DAG(s) dict_keys(['example_params_ui_tutorial']) retrieved from /home/airflow/.local/lib/python3.7/site-packages/airflow/example_dags/example_params_ui_tutorial.py
[2024-06-24T15:04:50.287+0000] {logging_mixin.py:149} INFO - [2024-06-24T15:04:50.287+0000] {dag.py:2726} INFO - Sync 1 DAGs
[2024-06-24T15:04:50.299+0000] {logging_mixin.py:149} INFO - [2024-06-24T15:04:50.298+0000] {dag.py:3490} INFO - Setting next_dagrun for example_params_ui_tutorial to None, run_after=None
[2024-06-24T15:04:50.307+0000] {processor.py:178} INFO - Processing /home/airflow/.local/lib/python3.7/site-packages/airflow/example_dags/example_params_ui_tutorial.py took 0.116 seconds
[2024-06-24T15:05:20.738+0000] {processor.py:156} INFO - Started process (PID=245) to work on /home/airflow/.local/lib/python3.7/site-packages/airflow/example_dags/example_params_ui_tutorial.py
[2024-06-24T15:05:20.739+0000] {processor.py:799} INFO - Processing file /home/airflow/.local/lib/python3.7/site-packages/airflow/example_dags/example_params_ui_tutorial.py for tasks to queue
[2024-06-24T15:05:20.740+0000] {logging_mixin.py:149} INFO - [2024-06-24T15:05:20.740+0000] {dagbag.py:541} INFO - Filling up the DagBag from /home/airflow/.local/lib/python3.7/site-packages/airflow/example_dags/example_params_ui_tutorial.py
[2024-06-24T15:05:20.774+0000] {processor.py:809} INFO - DAG(s) dict_keys(['example_params_ui_tutorial']) retrieved from /home/airflow/.local/lib/python3.7/site-packages/airflow/example_dags/example_params_ui_tutorial.py
[2024-06-24T15:05:20.840+0000] {logging_mixin.py:149} INFO - [2024-06-24T15:05:20.840+0000] {dag.py:2726} INFO - Sync 1 DAGs
[2024-06-24T15:05:20.853+0000] {logging_mixin.py:149} INFO - [2024-06-24T15:05:20.853+0000] {dag.py:3490} INFO - Setting next_dagrun for example_params_ui_tutorial to None, run_after=None
[2024-06-24T15:05:20.861+0000] {processor.py:178} INFO - Processing /home/airflow/.local/lib/python3.7/site-packages/airflow/example_dags/example_params_ui_tutorial.py took 0.127 seconds
[2024-06-24T15:05:51.364+0000] {processor.py:156} INFO - Started process (PID=314) to work on /home/airflow/.local/lib/python3.7/site-packages/airflow/example_dags/example_params_ui_tutorial.py
[2024-06-24T15:05:51.364+0000] {processor.py:799} INFO - Processing file /home/airflow/.local/lib/python3.7/site-packages/airflow/example_dags/example_params_ui_tutorial.py for tasks to queue
[2024-06-24T15:05:51.365+0000] {logging_mixin.py:149} INFO - [2024-06-24T15:05:51.365+0000] {dagbag.py:541} INFO - Filling up the DagBag from /home/airflow/.local/lib/python3.7/site-packages/airflow/example_dags/example_params_ui_tutorial.py
[2024-06-24T15:05:51.435+0000] {processor.py:809} INFO - DAG(s) dict_keys(['example_params_ui_tutorial']) retrieved from /home/airflow/.local/lib/python3.7/site-packages/airflow/example_dags/example_params_ui_tutorial.py
[2024-06-24T15:05:51.476+0000] {logging_mixin.py:149} INFO - [2024-06-24T15:05:51.476+0000] {dag.py:2726} INFO - Sync 1 DAGs
[2024-06-24T15:05:51.486+0000] {logging_mixin.py:149} INFO - [2024-06-24T15:05:51.486+0000] {dag.py:3490} INFO - Setting next_dagrun for example_params_ui_tutorial to None, run_after=None
[2024-06-24T15:05:51.492+0000] {processor.py:178} INFO - Processing /home/airflow/.local/lib/python3.7/site-packages/airflow/example_dags/example_params_ui_tutorial.py took 0.131 seconds
[2024-06-24T15:06:21.926+0000] {processor.py:156} INFO - Started process (PID=382) to work on /home/airflow/.local/lib/python3.7/site-packages/airflow/example_dags/example_params_ui_tutorial.py
[2024-06-24T15:06:21.926+0000] {processor.py:799} INFO - Processing file /home/airflow/.local/lib/python3.7/site-packages/airflow/example_dags/example_params_ui_tutorial.py for tasks to queue
[2024-06-24T15:06:21.927+0000] {logging_mixin.py:149} INFO - [2024-06-24T15:06:21.927+0000] {dagbag.py:541} INFO - Filling up the DagBag from /home/airflow/.local/lib/python3.7/site-packages/airflow/example_dags/example_params_ui_tutorial.py
[2024-06-24T15:06:21.966+0000] {processor.py:809} INFO - DAG(s) dict_keys(['example_params_ui_tutorial']) retrieved from /home/airflow/.local/lib/python3.7/site-packages/airflow/example_dags/example_params_ui_tutorial.py
[2024-06-24T15:06:22.031+0000] {logging_mixin.py:149} INFO - [2024-06-24T15:06:22.031+0000] {dag.py:2726} INFO - Sync 1 DAGs
[2024-06-24T15:06:22.043+0000] {logging_mixin.py:149} INFO - [2024-06-24T15:06:22.043+0000] {dag.py:3490} INFO - Setting next_dagrun for example_params_ui_tutorial to None, run_after=None
[2024-06-24T15:06:22.051+0000] {processor.py:178} INFO - Processing /home/airflow/.local/lib/python3.7/site-packages/airflow/example_dags/example_params_ui_tutorial.py took 0.128 seconds
[2024-06-24T15:06:52.601+0000] {processor.py:156} INFO - Started process (PID=451) to work on /home/airflow/.local/lib/python3.7/site-packages/airflow/example_dags/example_params_ui_tutorial.py
[2024-06-24T15:06:52.602+0000] {processor.py:799} INFO - Processing file /home/airflow/.local/lib/python3.7/site-packages/airflow/example_dags/example_params_ui_tutorial.py for tasks to queue
[2024-06-24T15:06:52.602+0000] {logging_mixin.py:149} INFO - [2024-06-24T15:06:52.602+0000] {dagbag.py:541} INFO - Filling up the DagBag from /home/airflow/.local/lib/python3.7/site-packages/airflow/example_dags/example_params_ui_tutorial.py
[2024-06-24T15:06:52.641+0000] {processor.py:809} INFO - DAG(s) dict_keys(['example_params_ui_tutorial']) retrieved from /home/airflow/.local/lib/python3.7/site-packages/airflow/example_dags/example_params_ui_tutorial.py
[2024-06-24T15:06:52.687+0000] {logging_mixin.py:149} INFO - [2024-06-24T15:06:52.687+0000] {dag.py:2726} INFO - Sync 1 DAGs
[2024-06-24T15:06:52.708+0000] {logging_mixin.py:149} INFO - [2024-06-24T15:06:52.708+0000] {dag.py:3490} INFO - Setting next_dagrun for example_params_ui_tutorial to None, run_after=None
[2024-06-24T15:06:52.720+0000] {processor.py:178} INFO - Processing /home/airflow/.local/lib/python3.7/site-packages/airflow/example_dags/example_params_ui_tutorial.py took 0.122 seconds
[2024-06-24T15:07:52.895+0000] {processor.py:156} INFO - Started process (PID=46) to work on /home/airflow/.local/lib/python3.7/site-packages/airflow/example_dags/example_params_ui_tutorial.py
[2024-06-24T15:07:52.896+0000] {processor.py:799} INFO - Processing file /home/airflow/.local/lib/python3.7/site-packages/airflow/example_dags/example_params_ui_tutorial.py for tasks to queue
[2024-06-24T15:07:52.896+0000] {logging_mixin.py:149} INFO - [2024-06-24T15:07:52.896+0000] {dagbag.py:541} INFO - Filling up the DagBag from /home/airflow/.local/lib/python3.7/site-packages/airflow/example_dags/example_params_ui_tutorial.py
[2024-06-24T15:07:52.923+0000] {processor.py:809} INFO - DAG(s) dict_keys(['example_params_ui_tutorial']) retrieved from /home/airflow/.local/lib/python3.7/site-packages/airflow/example_dags/example_params_ui_tutorial.py
[2024-06-24T15:07:52.937+0000] {logging_mixin.py:149} INFO - [2024-06-24T15:07:52.937+0000] {dag.py:2726} INFO - Sync 1 DAGs
[2024-06-24T15:07:52.951+0000] {logging_mixin.py:149} INFO - [2024-06-24T15:07:52.951+0000] {dag.py:3490} INFO - Setting next_dagrun for example_params_ui_tutorial to None, run_after=None
[2024-06-24T15:07:52.961+0000] {processor.py:178} INFO - Processing /home/airflow/.local/lib/python3.7/site-packages/airflow/example_dags/example_params_ui_tutorial.py took 0.068 seconds
[2024-06-24T15:08:23.462+0000] {processor.py:156} INFO - Started process (PID=111) to work on /home/airflow/.local/lib/python3.7/site-packages/airflow/example_dags/example_params_ui_tutorial.py
[2024-06-24T15:08:23.464+0000] {processor.py:799} INFO - Processing file /home/airflow/.local/lib/python3.7/site-packages/airflow/example_dags/example_params_ui_tutorial.py for tasks to queue
[2024-06-24T15:08:23.465+0000] {logging_mixin.py:149} INFO - [2024-06-24T15:08:23.465+0000] {dagbag.py:541} INFO - Filling up the DagBag from /home/airflow/.local/lib/python3.7/site-packages/airflow/example_dags/example_params_ui_tutorial.py
[2024-06-24T15:08:23.503+0000] {processor.py:809} INFO - DAG(s) dict_keys(['example_params_ui_tutorial']) retrieved from /home/airflow/.local/lib/python3.7/site-packages/airflow/example_dags/example_params_ui_tutorial.py
[2024-06-24T15:08:23.532+0000] {logging_mixin.py:149} INFO - [2024-06-24T15:08:23.532+0000] {dag.py:2726} INFO - Sync 1 DAGs
[2024-06-24T15:08:23.544+0000] {logging_mixin.py:149} INFO - [2024-06-24T15:08:23.543+0000] {dag.py:3490} INFO - Setting next_dagrun for example_params_ui_tutorial to None, run_after=None
[2024-06-24T15:08:23.551+0000] {processor.py:178} INFO - Processing /home/airflow/.local/lib/python3.7/site-packages/airflow/example_dags/example_params_ui_tutorial.py took 0.095 seconds
[2024-06-24T15:08:54.120+0000] {processor.py:156} INFO - Started process (PID=181) to work on /home/airflow/.local/lib/python3.7/site-packages/airflow/example_dags/example_params_ui_tutorial.py
[2024-06-24T15:08:54.121+0000] {processor.py:799} INFO - Processing file /home/airflow/.local/lib/python3.7/site-packages/airflow/example_dags/example_params_ui_tutorial.py for tasks to queue
[2024-06-24T15:08:54.121+0000] {logging_mixin.py:149} INFO - [2024-06-24T15:08:54.121+0000] {dagbag.py:541} INFO - Filling up the DagBag from /home/airflow/.local/lib/python3.7/site-packages/airflow/example_dags/example_params_ui_tutorial.py
[2024-06-24T15:08:54.150+0000] {processor.py:809} INFO - DAG(s) dict_keys(['example_params_ui_tutorial']) retrieved from /home/airflow/.local/lib/python3.7/site-packages/airflow/example_dags/example_params_ui_tutorial.py
[2024-06-24T15:08:54.204+0000] {logging_mixin.py:149} INFO - [2024-06-24T15:08:54.204+0000] {dag.py:2726} INFO - Sync 1 DAGs
[2024-06-24T15:08:54.219+0000] {logging_mixin.py:149} INFO - [2024-06-24T15:08:54.219+0000] {dag.py:3490} INFO - Setting next_dagrun for example_params_ui_tutorial to None, run_after=None
[2024-06-24T15:08:54.226+0000] {processor.py:178} INFO - Processing /home/airflow/.local/lib/python3.7/site-packages/airflow/example_dags/example_params_ui_tutorial.py took 0.109 seconds
[2024-06-24T15:09:24.897+0000] {processor.py:156} INFO - Started process (PID=250) to work on /home/airflow/.local/lib/python3.7/site-packages/airflow/example_dags/example_params_ui_tutorial.py
[2024-06-24T15:09:24.898+0000] {processor.py:799} INFO - Processing file /home/airflow/.local/lib/python3.7/site-packages/airflow/example_dags/example_params_ui_tutorial.py for tasks to queue
[2024-06-24T15:09:24.899+0000] {logging_mixin.py:149} INFO - [2024-06-24T15:09:24.898+0000] {dagbag.py:541} INFO - Filling up the DagBag from /home/airflow/.local/lib/python3.7/site-packages/airflow/example_dags/example_params_ui_tutorial.py
[2024-06-24T15:09:24.934+0000] {processor.py:809} INFO - DAG(s) dict_keys(['example_params_ui_tutorial']) retrieved from /home/airflow/.local/lib/python3.7/site-packages/airflow/example_dags/example_params_ui_tutorial.py
[2024-06-24T15:09:24.999+0000] {logging_mixin.py:149} INFO - [2024-06-24T15:09:24.999+0000] {dag.py:2726} INFO - Sync 1 DAGs
[2024-06-24T15:09:25.011+0000] {logging_mixin.py:149} INFO - [2024-06-24T15:09:25.011+0000] {dag.py:3490} INFO - Setting next_dagrun for example_params_ui_tutorial to None, run_after=None
[2024-06-24T15:09:25.019+0000] {processor.py:178} INFO - Processing /home/airflow/.local/lib/python3.7/site-packages/airflow/example_dags/example_params_ui_tutorial.py took 0.126 seconds
[2024-06-24T15:09:55.513+0000] {processor.py:156} INFO - Started process (PID=319) to work on /home/airflow/.local/lib/python3.7/site-packages/airflow/example_dags/example_params_ui_tutorial.py
[2024-06-24T15:09:55.514+0000] {processor.py:799} INFO - Processing file /home/airflow/.local/lib/python3.7/site-packages/airflow/example_dags/example_params_ui_tutorial.py for tasks to queue
[2024-06-24T15:09:55.515+0000] {logging_mixin.py:149} INFO - [2024-06-24T15:09:55.514+0000] {dagbag.py:541} INFO - Filling up the DagBag from /home/airflow/.local/lib/python3.7/site-packages/airflow/example_dags/example_params_ui_tutorial.py
[2024-06-24T15:09:55.546+0000] {processor.py:809} INFO - DAG(s) dict_keys(['example_params_ui_tutorial']) retrieved from /home/airflow/.local/lib/python3.7/site-packages/airflow/example_dags/example_params_ui_tutorial.py
[2024-06-24T15:09:55.578+0000] {logging_mixin.py:149} INFO - [2024-06-24T15:09:55.578+0000] {dag.py:2726} INFO - Sync 1 DAGs
[2024-06-24T15:09:55.607+0000] {logging_mixin.py:149} INFO - [2024-06-24T15:09:55.607+0000] {dag.py:3490} INFO - Setting next_dagrun for example_params_ui_tutorial to None, run_after=None
[2024-06-24T15:09:55.616+0000] {processor.py:178} INFO - Processing /home/airflow/.local/lib/python3.7/site-packages/airflow/example_dags/example_params_ui_tutorial.py took 0.107 seconds
[2024-06-24T15:10:26.141+0000] {processor.py:156} INFO - Started process (PID=388) to work on /home/airflow/.local/lib/python3.7/site-packages/airflow/example_dags/example_params_ui_tutorial.py
[2024-06-24T15:10:26.142+0000] {processor.py:799} INFO - Processing file /home/airflow/.local/lib/python3.7/site-packages/airflow/example_dags/example_params_ui_tutorial.py for tasks to queue
[2024-06-24T15:10:26.143+0000] {logging_mixin.py:149} INFO - [2024-06-24T15:10:26.143+0000] {dagbag.py:541} INFO - Filling up the DagBag from /home/airflow/.local/lib/python3.7/site-packages/airflow/example_dags/example_params_ui_tutorial.py
[2024-06-24T15:10:26.179+0000] {processor.py:809} INFO - DAG(s) dict_keys(['example_params_ui_tutorial']) retrieved from /home/airflow/.local/lib/python3.7/site-packages/airflow/example_dags/example_params_ui_tutorial.py
[2024-06-24T15:10:26.243+0000] {logging_mixin.py:149} INFO - [2024-06-24T15:10:26.243+0000] {dag.py:2726} INFO - Sync 1 DAGs
[2024-06-24T15:10:26.256+0000] {logging_mixin.py:149} INFO - [2024-06-24T15:10:26.256+0000] {dag.py:3490} INFO - Setting next_dagrun for example_params_ui_tutorial to None, run_after=None
[2024-06-24T15:10:26.264+0000] {processor.py:178} INFO - Processing /home/airflow/.local/lib/python3.7/site-packages/airflow/example_dags/example_params_ui_tutorial.py took 0.124 seconds
[2024-06-24T15:10:56.912+0000] {processor.py:156} INFO - Started process (PID=457) to work on /home/airflow/.local/lib/python3.7/site-packages/airflow/example_dags/example_params_ui_tutorial.py
[2024-06-24T15:10:56.912+0000] {processor.py:799} INFO - Processing file /home/airflow/.local/lib/python3.7/site-packages/airflow/example_dags/example_params_ui_tutorial.py for tasks to queue
[2024-06-24T15:10:56.913+0000] {logging_mixin.py:149} INFO - [2024-06-24T15:10:56.913+0000] {dagbag.py:541} INFO - Filling up the DagBag from /home/airflow/.local/lib/python3.7/site-packages/airflow/example_dags/example_params_ui_tutorial.py
[2024-06-24T15:10:56.942+0000] {processor.py:809} INFO - DAG(s) dict_keys(['example_params_ui_tutorial']) retrieved from /home/airflow/.local/lib/python3.7/site-packages/airflow/example_dags/example_params_ui_tutorial.py
[2024-06-24T15:10:57.011+0000] {logging_mixin.py:149} INFO - [2024-06-24T15:10:57.011+0000] {dag.py:2726} INFO - Sync 1 DAGs
[2024-06-24T15:10:57.022+0000] {logging_mixin.py:149} INFO - [2024-06-24T15:10:57.022+0000] {dag.py:3490} INFO - Setting next_dagrun for example_params_ui_tutorial to None, run_after=None
[2024-06-24T15:10:57.029+0000] {processor.py:178} INFO - Processing /home/airflow/.local/lib/python3.7/site-packages/airflow/example_dags/example_params_ui_tutorial.py took 0.120 seconds
[2024-06-24T15:11:27.616+0000] {processor.py:156} INFO - Started process (PID=526) to work on /home/airflow/.local/lib/python3.7/site-packages/airflow/example_dags/example_params_ui_tutorial.py
[2024-06-24T15:11:27.617+0000] {processor.py:799} INFO - Processing file /home/airflow/.local/lib/python3.7/site-packages/airflow/example_dags/example_params_ui_tutorial.py for tasks to queue
[2024-06-24T15:11:27.618+0000] {logging_mixin.py:149} INFO - [2024-06-24T15:11:27.618+0000] {dagbag.py:541} INFO - Filling up the DagBag from /home/airflow/.local/lib/python3.7/site-packages/airflow/example_dags/example_params_ui_tutorial.py
[2024-06-24T15:11:27.649+0000] {processor.py:809} INFO - DAG(s) dict_keys(['example_params_ui_tutorial']) retrieved from /home/airflow/.local/lib/python3.7/site-packages/airflow/example_dags/example_params_ui_tutorial.py
[2024-06-24T15:11:27.716+0000] {logging_mixin.py:149} INFO - [2024-06-24T15:11:27.716+0000] {dag.py:2726} INFO - Sync 1 DAGs
[2024-06-24T15:11:27.729+0000] {logging_mixin.py:149} INFO - [2024-06-24T15:11:27.729+0000] {dag.py:3490} INFO - Setting next_dagrun for example_params_ui_tutorial to None, run_after=None
[2024-06-24T15:11:27.737+0000] {processor.py:178} INFO - Processing /home/airflow/.local/lib/python3.7/site-packages/airflow/example_dags/example_params_ui_tutorial.py took 0.125 seconds
[2024-06-24T15:11:58.314+0000] {processor.py:156} INFO - Started process (PID=595) to work on /home/airflow/.local/lib/python3.7/site-packages/airflow/example_dags/example_params_ui_tutorial.py
[2024-06-24T15:11:58.315+0000] {processor.py:799} INFO - Processing file /home/airflow/.local/lib/python3.7/site-packages/airflow/example_dags/example_params_ui_tutorial.py for tasks to queue
[2024-06-24T15:11:58.316+0000] {logging_mixin.py:149} INFO - [2024-06-24T15:11:58.316+0000] {dagbag.py:541} INFO - Filling up the DagBag from /home/airflow/.local/lib/python3.7/site-packages/airflow/example_dags/example_params_ui_tutorial.py
[2024-06-24T15:11:58.370+0000] {processor.py:809} INFO - DAG(s) dict_keys(['example_params_ui_tutorial']) retrieved from /home/airflow/.local/lib/python3.7/site-packages/airflow/example_dags/example_params_ui_tutorial.py
[2024-06-24T15:11:58.434+0000] {logging_mixin.py:149} INFO - [2024-06-24T15:11:58.434+0000] {dag.py:2726} INFO - Sync 1 DAGs
[2024-06-24T15:11:58.449+0000] {logging_mixin.py:149} INFO - [2024-06-24T15:11:58.449+0000] {dag.py:3490} INFO - Setting next_dagrun for example_params_ui_tutorial to None, run_after=None
[2024-06-24T15:11:58.459+0000] {processor.py:178} INFO - Processing /home/airflow/.local/lib/python3.7/site-packages/airflow/example_dags/example_params_ui_tutorial.py took 0.147 seconds
[2024-06-24T15:12:29.060+0000] {processor.py:156} INFO - Started process (PID=664) to work on /home/airflow/.local/lib/python3.7/site-packages/airflow/example_dags/example_params_ui_tutorial.py
[2024-06-24T15:12:29.060+0000] {processor.py:799} INFO - Processing file /home/airflow/.local/lib/python3.7/site-packages/airflow/example_dags/example_params_ui_tutorial.py for tasks to queue
[2024-06-24T15:12:29.061+0000] {logging_mixin.py:149} INFO - [2024-06-24T15:12:29.061+0000] {dagbag.py:541} INFO - Filling up the DagBag from /home/airflow/.local/lib/python3.7/site-packages/airflow/example_dags/example_params_ui_tutorial.py
[2024-06-24T15:12:29.106+0000] {processor.py:809} INFO - DAG(s) dict_keys(['example_params_ui_tutorial']) retrieved from /home/airflow/.local/lib/python3.7/site-packages/airflow/example_dags/example_params_ui_tutorial.py
[2024-06-24T15:12:29.175+0000] {logging_mixin.py:149} INFO - [2024-06-24T15:12:29.175+0000] {dag.py:2726} INFO - Sync 1 DAGs
[2024-06-24T15:12:29.188+0000] {logging_mixin.py:149} INFO - [2024-06-24T15:12:29.188+0000] {dag.py:3490} INFO - Setting next_dagrun for example_params_ui_tutorial to None, run_after=None
[2024-06-24T15:12:29.198+0000] {processor.py:178} INFO - Processing /home/airflow/.local/lib/python3.7/site-packages/airflow/example_dags/example_params_ui_tutorial.py took 0.141 seconds
[2024-06-24T15:12:59.741+0000] {processor.py:156} INFO - Started process (PID=733) to work on /home/airflow/.local/lib/python3.7/site-packages/airflow/example_dags/example_params_ui_tutorial.py
[2024-06-24T15:12:59.742+0000] {processor.py:799} INFO - Processing file /home/airflow/.local/lib/python3.7/site-packages/airflow/example_dags/example_params_ui_tutorial.py for tasks to queue
[2024-06-24T15:12:59.743+0000] {logging_mixin.py:149} INFO - [2024-06-24T15:12:59.743+0000] {dagbag.py:541} INFO - Filling up the DagBag from /home/airflow/.local/lib/python3.7/site-packages/airflow/example_dags/example_params_ui_tutorial.py
[2024-06-24T15:12:59.774+0000] {processor.py:809} INFO - DAG(s) dict_keys(['example_params_ui_tutorial']) retrieved from /home/airflow/.local/lib/python3.7/site-packages/airflow/example_dags/example_params_ui_tutorial.py
[2024-06-24T15:12:59.849+0000] {logging_mixin.py:149} INFO - [2024-06-24T15:12:59.849+0000] {dag.py:2726} INFO - Sync 1 DAGs
[2024-06-24T15:12:59.861+0000] {logging_mixin.py:149} INFO - [2024-06-24T15:12:59.860+0000] {dag.py:3490} INFO - Setting next_dagrun for example_params_ui_tutorial to None, run_after=None
[2024-06-24T15:12:59.868+0000] {processor.py:178} INFO - Processing /home/airflow/.local/lib/python3.7/site-packages/airflow/example_dags/example_params_ui_tutorial.py took 0.129 seconds
[2024-06-24T15:13:30.425+0000] {processor.py:156} INFO - Started process (PID=802) to work on /home/airflow/.local/lib/python3.7/site-packages/airflow/example_dags/example_params_ui_tutorial.py
[2024-06-24T15:13:30.425+0000] {processor.py:799} INFO - Processing file /home/airflow/.local/lib/python3.7/site-packages/airflow/example_dags/example_params_ui_tutorial.py for tasks to queue
[2024-06-24T15:13:30.426+0000] {logging_mixin.py:149} INFO - [2024-06-24T15:13:30.426+0000] {dagbag.py:541} INFO - Filling up the DagBag from /home/airflow/.local/lib/python3.7/site-packages/airflow/example_dags/example_params_ui_tutorial.py
[2024-06-24T15:13:30.454+0000] {processor.py:809} INFO - DAG(s) dict_keys(['example_params_ui_tutorial']) retrieved from /home/airflow/.local/lib/python3.7/site-packages/airflow/example_dags/example_params_ui_tutorial.py
[2024-06-24T15:13:30.523+0000] {logging_mixin.py:149} INFO - [2024-06-24T15:13:30.523+0000] {dag.py:2726} INFO - Sync 1 DAGs
[2024-06-24T15:13:30.533+0000] {logging_mixin.py:149} INFO - [2024-06-24T15:13:30.533+0000] {dag.py:3490} INFO - Setting next_dagrun for example_params_ui_tutorial to None, run_after=None
[2024-06-24T15:13:30.541+0000] {processor.py:178} INFO - Processing /home/airflow/.local/lib/python3.7/site-packages/airflow/example_dags/example_params_ui_tutorial.py took 0.118 seconds
[2024-06-24T15:14:01.042+0000] {processor.py:156} INFO - Started process (PID=871) to work on /home/airflow/.local/lib/python3.7/site-packages/airflow/example_dags/example_params_ui_tutorial.py
[2024-06-24T15:14:01.045+0000] {processor.py:799} INFO - Processing file /home/airflow/.local/lib/python3.7/site-packages/airflow/example_dags/example_params_ui_tutorial.py for tasks to queue
[2024-06-24T15:14:01.046+0000] {logging_mixin.py:149} INFO - [2024-06-24T15:14:01.045+0000] {dagbag.py:541} INFO - Filling up the DagBag from /home/airflow/.local/lib/python3.7/site-packages/airflow/example_dags/example_params_ui_tutorial.py
[2024-06-24T15:14:01.074+0000] {processor.py:809} INFO - DAG(s) dict_keys(['example_params_ui_tutorial']) retrieved from /home/airflow/.local/lib/python3.7/site-packages/airflow/example_dags/example_params_ui_tutorial.py
[2024-06-24T15:14:01.118+0000] {logging_mixin.py:149} INFO - [2024-06-24T15:14:01.118+0000] {dag.py:2726} INFO - Sync 1 DAGs
[2024-06-24T15:14:01.134+0000] {logging_mixin.py:149} INFO - [2024-06-24T15:14:01.134+0000] {dag.py:3490} INFO - Setting next_dagrun for example_params_ui_tutorial to None, run_after=None
[2024-06-24T15:14:01.142+0000] {processor.py:178} INFO - Processing /home/airflow/.local/lib/python3.7/site-packages/airflow/example_dags/example_params_ui_tutorial.py took 0.103 seconds
[2024-06-24T15:14:31.633+0000] {processor.py:156} INFO - Started process (PID=948) to work on /home/airflow/.local/lib/python3.7/site-packages/airflow/example_dags/example_params_ui_tutorial.py
[2024-06-24T15:14:31.634+0000] {processor.py:799} INFO - Processing file /home/airflow/.local/lib/python3.7/site-packages/airflow/example_dags/example_params_ui_tutorial.py for tasks to queue
[2024-06-24T15:14:31.635+0000] {logging_mixin.py:149} INFO - [2024-06-24T15:14:31.635+0000] {dagbag.py:541} INFO - Filling up the DagBag from /home/airflow/.local/lib/python3.7/site-packages/airflow/example_dags/example_params_ui_tutorial.py
[2024-06-24T15:14:31.667+0000] {processor.py:809} INFO - DAG(s) dict_keys(['example_params_ui_tutorial']) retrieved from /home/airflow/.local/lib/python3.7/site-packages/airflow/example_dags/example_params_ui_tutorial.py
[2024-06-24T15:14:31.697+0000] {logging_mixin.py:149} INFO - [2024-06-24T15:14:31.697+0000] {dag.py:2726} INFO - Sync 1 DAGs
[2024-06-24T15:14:31.708+0000] {logging_mixin.py:149} INFO - [2024-06-24T15:14:31.708+0000] {dag.py:3490} INFO - Setting next_dagrun for example_params_ui_tutorial to None, run_after=None
[2024-06-24T15:14:31.718+0000] {processor.py:178} INFO - Processing /home/airflow/.local/lib/python3.7/site-packages/airflow/example_dags/example_params_ui_tutorial.py took 0.090 seconds
[2024-06-24T15:15:02.061+0000] {processor.py:156} INFO - Started process (PID=1017) to work on /home/airflow/.local/lib/python3.7/site-packages/airflow/example_dags/example_params_ui_tutorial.py
[2024-06-24T15:15:02.062+0000] {processor.py:799} INFO - Processing file /home/airflow/.local/lib/python3.7/site-packages/airflow/example_dags/example_params_ui_tutorial.py for tasks to queue
[2024-06-24T15:15:02.062+0000] {logging_mixin.py:149} INFO - [2024-06-24T15:15:02.062+0000] {dagbag.py:541} INFO - Filling up the DagBag from /home/airflow/.local/lib/python3.7/site-packages/airflow/example_dags/example_params_ui_tutorial.py
[2024-06-24T15:15:02.091+0000] {processor.py:809} INFO - DAG(s) dict_keys(['example_params_ui_tutorial']) retrieved from /home/airflow/.local/lib/python3.7/site-packages/airflow/example_dags/example_params_ui_tutorial.py
[2024-06-24T15:15:02.121+0000] {logging_mixin.py:149} INFO - [2024-06-24T15:15:02.121+0000] {dag.py:2726} INFO - Sync 1 DAGs
[2024-06-24T15:15:02.134+0000] {logging_mixin.py:149} INFO - [2024-06-24T15:15:02.134+0000] {dag.py:3490} INFO - Setting next_dagrun for example_params_ui_tutorial to None, run_after=None
[2024-06-24T15:15:02.141+0000] {processor.py:178} INFO - Processing /home/airflow/.local/lib/python3.7/site-packages/airflow/example_dags/example_params_ui_tutorial.py took 0.085 seconds
[2024-06-24T15:15:32.629+0000] {processor.py:156} INFO - Started process (PID=1087) to work on /home/airflow/.local/lib/python3.7/site-packages/airflow/example_dags/example_params_ui_tutorial.py
[2024-06-24T15:15:32.630+0000] {processor.py:799} INFO - Processing file /home/airflow/.local/lib/python3.7/site-packages/airflow/example_dags/example_params_ui_tutorial.py for tasks to queue
[2024-06-24T15:15:32.631+0000] {logging_mixin.py:149} INFO - [2024-06-24T15:15:32.631+0000] {dagbag.py:541} INFO - Filling up the DagBag from /home/airflow/.local/lib/python3.7/site-packages/airflow/example_dags/example_params_ui_tutorial.py
[2024-06-24T15:15:32.663+0000] {processor.py:809} INFO - DAG(s) dict_keys(['example_params_ui_tutorial']) retrieved from /home/airflow/.local/lib/python3.7/site-packages/airflow/example_dags/example_params_ui_tutorial.py
[2024-06-24T15:15:32.693+0000] {logging_mixin.py:149} INFO - [2024-06-24T15:15:32.693+0000] {dag.py:2726} INFO - Sync 1 DAGs
[2024-06-24T15:15:32.725+0000] {logging_mixin.py:149} INFO - [2024-06-24T15:15:32.725+0000] {dag.py:3490} INFO - Setting next_dagrun for example_params_ui_tutorial to None, run_after=None
[2024-06-24T15:15:32.734+0000] {processor.py:178} INFO - Processing /home/airflow/.local/lib/python3.7/site-packages/airflow/example_dags/example_params_ui_tutorial.py took 0.109 seconds
[2024-06-24T15:16:03.346+0000] {processor.py:156} INFO - Started process (PID=1164) to work on /home/airflow/.local/lib/python3.7/site-packages/airflow/example_dags/example_params_ui_tutorial.py
[2024-06-24T15:16:03.347+0000] {processor.py:799} INFO - Processing file /home/airflow/.local/lib/python3.7/site-packages/airflow/example_dags/example_params_ui_tutorial.py for tasks to queue
[2024-06-24T15:16:03.347+0000] {logging_mixin.py:149} INFO - [2024-06-24T15:16:03.347+0000] {dagbag.py:541} INFO - Filling up the DagBag from /home/airflow/.local/lib/python3.7/site-packages/airflow/example_dags/example_params_ui_tutorial.py
[2024-06-24T15:16:03.382+0000] {processor.py:809} INFO - DAG(s) dict_keys(['example_params_ui_tutorial']) retrieved from /home/airflow/.local/lib/python3.7/site-packages/airflow/example_dags/example_params_ui_tutorial.py
[2024-06-24T15:16:03.410+0000] {logging_mixin.py:149} INFO - [2024-06-24T15:16:03.410+0000] {dag.py:2726} INFO - Sync 1 DAGs
[2024-06-24T15:16:03.422+0000] {logging_mixin.py:149} INFO - [2024-06-24T15:16:03.422+0000] {dag.py:3490} INFO - Setting next_dagrun for example_params_ui_tutorial to None, run_after=None
[2024-06-24T15:16:03.429+0000] {processor.py:178} INFO - Processing /home/airflow/.local/lib/python3.7/site-packages/airflow/example_dags/example_params_ui_tutorial.py took 0.087 seconds
[2024-06-24T15:16:34.077+0000] {processor.py:156} INFO - Started process (PID=1233) to work on /home/airflow/.local/lib/python3.7/site-packages/airflow/example_dags/example_params_ui_tutorial.py
[2024-06-24T15:16:34.077+0000] {processor.py:799} INFO - Processing file /home/airflow/.local/lib/python3.7/site-packages/airflow/example_dags/example_params_ui_tutorial.py for tasks to queue
[2024-06-24T15:16:34.078+0000] {logging_mixin.py:149} INFO - [2024-06-24T15:16:34.078+0000] {dagbag.py:541} INFO - Filling up the DagBag from /home/airflow/.local/lib/python3.7/site-packages/airflow/example_dags/example_params_ui_tutorial.py
[2024-06-24T15:16:34.105+0000] {processor.py:809} INFO - DAG(s) dict_keys(['example_params_ui_tutorial']) retrieved from /home/airflow/.local/lib/python3.7/site-packages/airflow/example_dags/example_params_ui_tutorial.py
[2024-06-24T15:16:34.133+0000] {logging_mixin.py:149} INFO - [2024-06-24T15:16:34.133+0000] {dag.py:2726} INFO - Sync 1 DAGs
[2024-06-24T15:16:34.143+0000] {logging_mixin.py:149} INFO - [2024-06-24T15:16:34.143+0000] {dag.py:3490} INFO - Setting next_dagrun for example_params_ui_tutorial to None, run_after=None
[2024-06-24T15:16:34.151+0000] {processor.py:178} INFO - Processing /home/airflow/.local/lib/python3.7/site-packages/airflow/example_dags/example_params_ui_tutorial.py took 0.077 seconds
[2024-06-24T15:17:04.664+0000] {processor.py:156} INFO - Started process (PID=1302) to work on /home/airflow/.local/lib/python3.7/site-packages/airflow/example_dags/example_params_ui_tutorial.py
[2024-06-24T15:17:04.668+0000] {processor.py:799} INFO - Processing file /home/airflow/.local/lib/python3.7/site-packages/airflow/example_dags/example_params_ui_tutorial.py for tasks to queue
[2024-06-24T15:17:04.669+0000] {logging_mixin.py:149} INFO - [2024-06-24T15:17:04.669+0000] {dagbag.py:541} INFO - Filling up the DagBag from /home/airflow/.local/lib/python3.7/site-packages/airflow/example_dags/example_params_ui_tutorial.py
[2024-06-24T15:17:04.698+0000] {processor.py:809} INFO - DAG(s) dict_keys(['example_params_ui_tutorial']) retrieved from /home/airflow/.local/lib/python3.7/site-packages/airflow/example_dags/example_params_ui_tutorial.py
[2024-06-24T15:17:04.728+0000] {logging_mixin.py:149} INFO - [2024-06-24T15:17:04.727+0000] {dag.py:2726} INFO - Sync 1 DAGs
[2024-06-24T15:17:04.739+0000] {logging_mixin.py:149} INFO - [2024-06-24T15:17:04.739+0000] {dag.py:3490} INFO - Setting next_dagrun for example_params_ui_tutorial to None, run_after=None
[2024-06-24T15:17:04.749+0000] {processor.py:178} INFO - Processing /home/airflow/.local/lib/python3.7/site-packages/airflow/example_dags/example_params_ui_tutorial.py took 0.089 seconds
[2024-06-24T15:17:35.207+0000] {processor.py:156} INFO - Started process (PID=1370) to work on /home/airflow/.local/lib/python3.7/site-packages/airflow/example_dags/example_params_ui_tutorial.py
[2024-06-24T15:17:35.208+0000] {processor.py:799} INFO - Processing file /home/airflow/.local/lib/python3.7/site-packages/airflow/example_dags/example_params_ui_tutorial.py for tasks to queue
[2024-06-24T15:17:35.209+0000] {logging_mixin.py:149} INFO - [2024-06-24T15:17:35.209+0000] {dagbag.py:541} INFO - Filling up the DagBag from /home/airflow/.local/lib/python3.7/site-packages/airflow/example_dags/example_params_ui_tutorial.py
[2024-06-24T15:17:35.242+0000] {processor.py:809} INFO - DAG(s) dict_keys(['example_params_ui_tutorial']) retrieved from /home/airflow/.local/lib/python3.7/site-packages/airflow/example_dags/example_params_ui_tutorial.py
[2024-06-24T15:17:35.270+0000] {logging_mixin.py:149} INFO - [2024-06-24T15:17:35.270+0000] {dag.py:2726} INFO - Sync 1 DAGs
[2024-06-24T15:17:35.281+0000] {logging_mixin.py:149} INFO - [2024-06-24T15:17:35.281+0000] {dag.py:3490} INFO - Setting next_dagrun for example_params_ui_tutorial to None, run_after=None
[2024-06-24T15:17:35.289+0000] {processor.py:178} INFO - Processing /home/airflow/.local/lib/python3.7/site-packages/airflow/example_dags/example_params_ui_tutorial.py took 0.087 seconds
[2024-06-24T15:18:05.720+0000] {processor.py:156} INFO - Started process (PID=1439) to work on /home/airflow/.local/lib/python3.7/site-packages/airflow/example_dags/example_params_ui_tutorial.py
[2024-06-24T15:18:05.722+0000] {processor.py:799} INFO - Processing file /home/airflow/.local/lib/python3.7/site-packages/airflow/example_dags/example_params_ui_tutorial.py for tasks to queue
[2024-06-24T15:18:05.723+0000] {logging_mixin.py:149} INFO - [2024-06-24T15:18:05.723+0000] {dagbag.py:541} INFO - Filling up the DagBag from /home/airflow/.local/lib/python3.7/site-packages/airflow/example_dags/example_params_ui_tutorial.py
[2024-06-24T15:18:05.762+0000] {processor.py:809} INFO - DAG(s) dict_keys(['example_params_ui_tutorial']) retrieved from /home/airflow/.local/lib/python3.7/site-packages/airflow/example_dags/example_params_ui_tutorial.py
[2024-06-24T15:18:05.799+0000] {logging_mixin.py:149} INFO - [2024-06-24T15:18:05.798+0000] {dag.py:2726} INFO - Sync 1 DAGs
[2024-06-24T15:18:05.811+0000] {logging_mixin.py:149} INFO - [2024-06-24T15:18:05.811+0000] {dag.py:3490} INFO - Setting next_dagrun for example_params_ui_tutorial to None, run_after=None
[2024-06-24T15:18:05.820+0000] {processor.py:178} INFO - Processing /home/airflow/.local/lib/python3.7/site-packages/airflow/example_dags/example_params_ui_tutorial.py took 0.105 seconds
[2024-06-24T15:18:36.442+0000] {processor.py:156} INFO - Started process (PID=1508) to work on /home/airflow/.local/lib/python3.7/site-packages/airflow/example_dags/example_params_ui_tutorial.py
[2024-06-24T15:18:36.443+0000] {processor.py:799} INFO - Processing file /home/airflow/.local/lib/python3.7/site-packages/airflow/example_dags/example_params_ui_tutorial.py for tasks to queue
[2024-06-24T15:18:36.444+0000] {logging_mixin.py:149} INFO - [2024-06-24T15:18:36.444+0000] {dagbag.py:541} INFO - Filling up the DagBag from /home/airflow/.local/lib/python3.7/site-packages/airflow/example_dags/example_params_ui_tutorial.py
[2024-06-24T15:18:36.479+0000] {processor.py:809} INFO - DAG(s) dict_keys(['example_params_ui_tutorial']) retrieved from /home/airflow/.local/lib/python3.7/site-packages/airflow/example_dags/example_params_ui_tutorial.py
[2024-06-24T15:18:36.508+0000] {logging_mixin.py:149} INFO - [2024-06-24T15:18:36.507+0000] {dag.py:2726} INFO - Sync 1 DAGs
[2024-06-24T15:18:36.519+0000] {logging_mixin.py:149} INFO - [2024-06-24T15:18:36.518+0000] {dag.py:3490} INFO - Setting next_dagrun for example_params_ui_tutorial to None, run_after=None
[2024-06-24T15:18:36.526+0000] {processor.py:178} INFO - Processing /home/airflow/.local/lib/python3.7/site-packages/airflow/example_dags/example_params_ui_tutorial.py took 0.090 seconds
[2024-06-24T15:19:07.222+0000] {processor.py:156} INFO - Started process (PID=1577) to work on /home/airflow/.local/lib/python3.7/site-packages/airflow/example_dags/example_params_ui_tutorial.py
[2024-06-24T15:19:07.222+0000] {processor.py:799} INFO - Processing file /home/airflow/.local/lib/python3.7/site-packages/airflow/example_dags/example_params_ui_tutorial.py for tasks to queue
[2024-06-24T15:19:07.224+0000] {logging_mixin.py:149} INFO - [2024-06-24T15:19:07.223+0000] {dagbag.py:541} INFO - Filling up the DagBag from /home/airflow/.local/lib/python3.7/site-packages/airflow/example_dags/example_params_ui_tutorial.py
[2024-06-24T15:19:07.259+0000] {processor.py:809} INFO - DAG(s) dict_keys(['example_params_ui_tutorial']) retrieved from /home/airflow/.local/lib/python3.7/site-packages/airflow/example_dags/example_params_ui_tutorial.py
[2024-06-24T15:19:07.288+0000] {logging_mixin.py:149} INFO - [2024-06-24T15:19:07.288+0000] {dag.py:2726} INFO - Sync 1 DAGs
[2024-06-24T15:19:07.300+0000] {logging_mixin.py:149} INFO - [2024-06-24T15:19:07.300+0000] {dag.py:3490} INFO - Setting next_dagrun for example_params_ui_tutorial to None, run_after=None
[2024-06-24T15:19:07.308+0000] {processor.py:178} INFO - Processing /home/airflow/.local/lib/python3.7/site-packages/airflow/example_dags/example_params_ui_tutorial.py took 0.091 seconds
[2024-06-24T15:19:37.817+0000] {processor.py:156} INFO - Started process (PID=1646) to work on /home/airflow/.local/lib/python3.7/site-packages/airflow/example_dags/example_params_ui_tutorial.py
[2024-06-24T15:19:37.818+0000] {processor.py:799} INFO - Processing file /home/airflow/.local/lib/python3.7/site-packages/airflow/example_dags/example_params_ui_tutorial.py for tasks to queue
[2024-06-24T15:19:37.820+0000] {logging_mixin.py:149} INFO - [2024-06-24T15:19:37.820+0000] {dagbag.py:541} INFO - Filling up the DagBag from /home/airflow/.local/lib/python3.7/site-packages/airflow/example_dags/example_params_ui_tutorial.py
[2024-06-24T15:19:37.855+0000] {processor.py:809} INFO - DAG(s) dict_keys(['example_params_ui_tutorial']) retrieved from /home/airflow/.local/lib/python3.7/site-packages/airflow/example_dags/example_params_ui_tutorial.py
[2024-06-24T15:19:37.883+0000] {logging_mixin.py:149} INFO - [2024-06-24T15:19:37.883+0000] {dag.py:2726} INFO - Sync 1 DAGs
[2024-06-24T15:19:37.894+0000] {logging_mixin.py:149} INFO - [2024-06-24T15:19:37.894+0000] {dag.py:3490} INFO - Setting next_dagrun for example_params_ui_tutorial to None, run_after=None
[2024-06-24T15:19:37.901+0000] {processor.py:178} INFO - Processing /home/airflow/.local/lib/python3.7/site-packages/airflow/example_dags/example_params_ui_tutorial.py took 0.087 seconds
[2024-06-24T15:20:08.252+0000] {processor.py:156} INFO - Started process (PID=1715) to work on /home/airflow/.local/lib/python3.7/site-packages/airflow/example_dags/example_params_ui_tutorial.py
[2024-06-24T15:20:08.252+0000] {processor.py:799} INFO - Processing file /home/airflow/.local/lib/python3.7/site-packages/airflow/example_dags/example_params_ui_tutorial.py for tasks to queue
[2024-06-24T15:20:08.253+0000] {logging_mixin.py:149} INFO - [2024-06-24T15:20:08.253+0000] {dagbag.py:541} INFO - Filling up the DagBag from /home/airflow/.local/lib/python3.7/site-packages/airflow/example_dags/example_params_ui_tutorial.py
[2024-06-24T15:20:08.287+0000] {processor.py:809} INFO - DAG(s) dict_keys(['example_params_ui_tutorial']) retrieved from /home/airflow/.local/lib/python3.7/site-packages/airflow/example_dags/example_params_ui_tutorial.py
[2024-06-24T15:20:08.320+0000] {logging_mixin.py:149} INFO - [2024-06-24T15:20:08.320+0000] {dag.py:2726} INFO - Sync 1 DAGs
[2024-06-24T15:20:08.334+0000] {logging_mixin.py:149} INFO - [2024-06-24T15:20:08.334+0000] {dag.py:3490} INFO - Setting next_dagrun for example_params_ui_tutorial to None, run_after=None
[2024-06-24T15:20:08.341+0000] {processor.py:178} INFO - Processing /home/airflow/.local/lib/python3.7/site-packages/airflow/example_dags/example_params_ui_tutorial.py took 0.096 seconds
[2024-06-24T15:20:39.021+0000] {processor.py:156} INFO - Started process (PID=1784) to work on /home/airflow/.local/lib/python3.7/site-packages/airflow/example_dags/example_params_ui_tutorial.py
[2024-06-24T15:20:39.022+0000] {processor.py:799} INFO - Processing file /home/airflow/.local/lib/python3.7/site-packages/airflow/example_dags/example_params_ui_tutorial.py for tasks to queue
[2024-06-24T15:20:39.023+0000] {logging_mixin.py:149} INFO - [2024-06-24T15:20:39.023+0000] {dagbag.py:541} INFO - Filling up the DagBag from /home/airflow/.local/lib/python3.7/site-packages/airflow/example_dags/example_params_ui_tutorial.py
[2024-06-24T15:20:39.054+0000] {processor.py:809} INFO - DAG(s) dict_keys(['example_params_ui_tutorial']) retrieved from /home/airflow/.local/lib/python3.7/site-packages/airflow/example_dags/example_params_ui_tutorial.py
[2024-06-24T15:20:39.082+0000] {logging_mixin.py:149} INFO - [2024-06-24T15:20:39.082+0000] {dag.py:2726} INFO - Sync 1 DAGs
[2024-06-24T15:20:39.094+0000] {logging_mixin.py:149} INFO - [2024-06-24T15:20:39.093+0000] {dag.py:3490} INFO - Setting next_dagrun for example_params_ui_tutorial to None, run_after=None
[2024-06-24T15:20:39.101+0000] {processor.py:178} INFO - Processing /home/airflow/.local/lib/python3.7/site-packages/airflow/example_dags/example_params_ui_tutorial.py took 0.087 seconds
[2024-06-24T15:21:09.635+0000] {processor.py:156} INFO - Started process (PID=1853) to work on /home/airflow/.local/lib/python3.7/site-packages/airflow/example_dags/example_params_ui_tutorial.py
[2024-06-24T15:21:09.636+0000] {processor.py:799} INFO - Processing file /home/airflow/.local/lib/python3.7/site-packages/airflow/example_dags/example_params_ui_tutorial.py for tasks to queue
[2024-06-24T15:21:09.637+0000] {logging_mixin.py:149} INFO - [2024-06-24T15:21:09.637+0000] {dagbag.py:541} INFO - Filling up the DagBag from /home/airflow/.local/lib/python3.7/site-packages/airflow/example_dags/example_params_ui_tutorial.py
[2024-06-24T15:21:09.668+0000] {processor.py:809} INFO - DAG(s) dict_keys(['example_params_ui_tutorial']) retrieved from /home/airflow/.local/lib/python3.7/site-packages/airflow/example_dags/example_params_ui_tutorial.py
[2024-06-24T15:21:09.702+0000] {logging_mixin.py:149} INFO - [2024-06-24T15:21:09.702+0000] {dag.py:2726} INFO - Sync 1 DAGs
[2024-06-24T15:21:09.717+0000] {logging_mixin.py:149} INFO - [2024-06-24T15:21:09.716+0000] {dag.py:3490} INFO - Setting next_dagrun for example_params_ui_tutorial to None, run_after=None
[2024-06-24T15:21:09.725+0000] {processor.py:178} INFO - Processing /home/airflow/.local/lib/python3.7/site-packages/airflow/example_dags/example_params_ui_tutorial.py took 0.096 seconds
[2024-06-24T15:21:40.501+0000] {processor.py:156} INFO - Started process (PID=1921) to work on /home/airflow/.local/lib/python3.7/site-packages/airflow/example_dags/example_params_ui_tutorial.py
[2024-06-24T15:21:40.502+0000] {processor.py:799} INFO - Processing file /home/airflow/.local/lib/python3.7/site-packages/airflow/example_dags/example_params_ui_tutorial.py for tasks to queue
[2024-06-24T15:21:40.503+0000] {logging_mixin.py:149} INFO - [2024-06-24T15:21:40.503+0000] {dagbag.py:541} INFO - Filling up the DagBag from /home/airflow/.local/lib/python3.7/site-packages/airflow/example_dags/example_params_ui_tutorial.py
[2024-06-24T15:21:40.536+0000] {processor.py:809} INFO - DAG(s) dict_keys(['example_params_ui_tutorial']) retrieved from /home/airflow/.local/lib/python3.7/site-packages/airflow/example_dags/example_params_ui_tutorial.py
[2024-06-24T15:21:40.581+0000] {logging_mixin.py:149} INFO - [2024-06-24T15:21:40.581+0000] {dag.py:2726} INFO - Sync 1 DAGs
[2024-06-24T15:21:40.620+0000] {logging_mixin.py:149} INFO - [2024-06-24T15:21:40.620+0000] {dag.py:3490} INFO - Setting next_dagrun for example_params_ui_tutorial to None, run_after=None
[2024-06-24T15:21:40.631+0000] {processor.py:178} INFO - Processing /home/airflow/.local/lib/python3.7/site-packages/airflow/example_dags/example_params_ui_tutorial.py took 0.133 seconds
[2024-06-24T15:22:11.324+0000] {processor.py:156} INFO - Started process (PID=1990) to work on /home/airflow/.local/lib/python3.7/site-packages/airflow/example_dags/example_params_ui_tutorial.py
[2024-06-24T15:22:11.325+0000] {processor.py:799} INFO - Processing file /home/airflow/.local/lib/python3.7/site-packages/airflow/example_dags/example_params_ui_tutorial.py for tasks to queue
[2024-06-24T15:22:11.326+0000] {logging_mixin.py:149} INFO - [2024-06-24T15:22:11.326+0000] {dagbag.py:541} INFO - Filling up the DagBag from /home/airflow/.local/lib/python3.7/site-packages/airflow/example_dags/example_params_ui_tutorial.py
[2024-06-24T15:22:11.361+0000] {processor.py:809} INFO - DAG(s) dict_keys(['example_params_ui_tutorial']) retrieved from /home/airflow/.local/lib/python3.7/site-packages/airflow/example_dags/example_params_ui_tutorial.py
[2024-06-24T15:22:11.392+0000] {logging_mixin.py:149} INFO - [2024-06-24T15:22:11.392+0000] {dag.py:2726} INFO - Sync 1 DAGs
[2024-06-24T15:22:11.406+0000] {logging_mixin.py:149} INFO - [2024-06-24T15:22:11.406+0000] {dag.py:3490} INFO - Setting next_dagrun for example_params_ui_tutorial to None, run_after=None
[2024-06-24T15:22:11.413+0000] {processor.py:178} INFO - Processing /home/airflow/.local/lib/python3.7/site-packages/airflow/example_dags/example_params_ui_tutorial.py took 0.094 seconds
[2024-06-24T15:22:41.961+0000] {processor.py:156} INFO - Started process (PID=2058) to work on /home/airflow/.local/lib/python3.7/site-packages/airflow/example_dags/example_params_ui_tutorial.py
[2024-06-24T15:22:41.961+0000] {processor.py:799} INFO - Processing file /home/airflow/.local/lib/python3.7/site-packages/airflow/example_dags/example_params_ui_tutorial.py for tasks to queue
[2024-06-24T15:22:41.962+0000] {logging_mixin.py:149} INFO - [2024-06-24T15:22:41.962+0000] {dagbag.py:541} INFO - Filling up the DagBag from /home/airflow/.local/lib/python3.7/site-packages/airflow/example_dags/example_params_ui_tutorial.py
[2024-06-24T15:22:41.991+0000] {processor.py:809} INFO - DAG(s) dict_keys(['example_params_ui_tutorial']) retrieved from /home/airflow/.local/lib/python3.7/site-packages/airflow/example_dags/example_params_ui_tutorial.py
[2024-06-24T15:22:42.024+0000] {logging_mixin.py:149} INFO - [2024-06-24T15:22:42.024+0000] {dag.py:2726} INFO - Sync 1 DAGs
[2024-06-24T15:22:42.036+0000] {logging_mixin.py:149} INFO - [2024-06-24T15:22:42.036+0000] {dag.py:3490} INFO - Setting next_dagrun for example_params_ui_tutorial to None, run_after=None
[2024-06-24T15:22:42.046+0000] {processor.py:178} INFO - Processing /home/airflow/.local/lib/python3.7/site-packages/airflow/example_dags/example_params_ui_tutorial.py took 0.089 seconds
[2024-06-24T15:23:12.587+0000] {processor.py:156} INFO - Started process (PID=2127) to work on /home/airflow/.local/lib/python3.7/site-packages/airflow/example_dags/example_params_ui_tutorial.py
[2024-06-24T15:23:12.588+0000] {processor.py:799} INFO - Processing file /home/airflow/.local/lib/python3.7/site-packages/airflow/example_dags/example_params_ui_tutorial.py for tasks to queue
[2024-06-24T15:23:12.588+0000] {logging_mixin.py:149} INFO - [2024-06-24T15:23:12.588+0000] {dagbag.py:541} INFO - Filling up the DagBag from /home/airflow/.local/lib/python3.7/site-packages/airflow/example_dags/example_params_ui_tutorial.py
[2024-06-24T15:23:12.629+0000] {processor.py:809} INFO - DAG(s) dict_keys(['example_params_ui_tutorial']) retrieved from /home/airflow/.local/lib/python3.7/site-packages/airflow/example_dags/example_params_ui_tutorial.py
[2024-06-24T15:23:12.660+0000] {logging_mixin.py:149} INFO - [2024-06-24T15:23:12.659+0000] {dag.py:2726} INFO - Sync 1 DAGs
[2024-06-24T15:23:12.671+0000] {logging_mixin.py:149} INFO - [2024-06-24T15:23:12.671+0000] {dag.py:3490} INFO - Setting next_dagrun for example_params_ui_tutorial to None, run_after=None
[2024-06-24T15:23:12.679+0000] {processor.py:178} INFO - Processing /home/airflow/.local/lib/python3.7/site-packages/airflow/example_dags/example_params_ui_tutorial.py took 0.098 seconds
[2024-06-24T15:23:43.300+0000] {processor.py:156} INFO - Started process (PID=2196) to work on /home/airflow/.local/lib/python3.7/site-packages/airflow/example_dags/example_params_ui_tutorial.py
[2024-06-24T15:23:43.303+0000] {processor.py:799} INFO - Processing file /home/airflow/.local/lib/python3.7/site-packages/airflow/example_dags/example_params_ui_tutorial.py for tasks to queue
[2024-06-24T15:23:43.304+0000] {logging_mixin.py:149} INFO - [2024-06-24T15:23:43.304+0000] {dagbag.py:541} INFO - Filling up the DagBag from /home/airflow/.local/lib/python3.7/site-packages/airflow/example_dags/example_params_ui_tutorial.py
[2024-06-24T15:23:43.331+0000] {processor.py:809} INFO - DAG(s) dict_keys(['example_params_ui_tutorial']) retrieved from /home/airflow/.local/lib/python3.7/site-packages/airflow/example_dags/example_params_ui_tutorial.py
[2024-06-24T15:23:43.362+0000] {logging_mixin.py:149} INFO - [2024-06-24T15:23:43.362+0000] {dag.py:2726} INFO - Sync 1 DAGs
[2024-06-24T15:23:43.374+0000] {logging_mixin.py:149} INFO - [2024-06-24T15:23:43.374+0000] {dag.py:3490} INFO - Setting next_dagrun for example_params_ui_tutorial to None, run_after=None
[2024-06-24T15:23:43.383+0000] {processor.py:178} INFO - Processing /home/airflow/.local/lib/python3.7/site-packages/airflow/example_dags/example_params_ui_tutorial.py took 0.086 seconds
[2024-06-24T15:24:14.049+0000] {processor.py:156} INFO - Started process (PID=2265) to work on /home/airflow/.local/lib/python3.7/site-packages/airflow/example_dags/example_params_ui_tutorial.py
[2024-06-24T15:24:14.049+0000] {processor.py:799} INFO - Processing file /home/airflow/.local/lib/python3.7/site-packages/airflow/example_dags/example_params_ui_tutorial.py for tasks to queue
[2024-06-24T15:24:14.050+0000] {logging_mixin.py:149} INFO - [2024-06-24T15:24:14.050+0000] {dagbag.py:541} INFO - Filling up the DagBag from /home/airflow/.local/lib/python3.7/site-packages/airflow/example_dags/example_params_ui_tutorial.py
[2024-06-24T15:24:14.067+0000] {processor.py:809} INFO - DAG(s) dict_keys(['example_params_ui_tutorial']) retrieved from /home/airflow/.local/lib/python3.7/site-packages/airflow/example_dags/example_params_ui_tutorial.py
[2024-06-24T15:24:14.093+0000] {logging_mixin.py:149} INFO - [2024-06-24T15:24:14.093+0000] {dag.py:2726} INFO - Sync 1 DAGs
[2024-06-24T15:24:14.104+0000] {logging_mixin.py:149} INFO - [2024-06-24T15:24:14.104+0000] {dag.py:3490} INFO - Setting next_dagrun for example_params_ui_tutorial to None, run_after=None
[2024-06-24T15:24:14.111+0000] {processor.py:178} INFO - Processing /home/airflow/.local/lib/python3.7/site-packages/airflow/example_dags/example_params_ui_tutorial.py took 0.064 seconds
[2024-06-24T15:24:44.597+0000] {processor.py:156} INFO - Started process (PID=2334) to work on /home/airflow/.local/lib/python3.7/site-packages/airflow/example_dags/example_params_ui_tutorial.py
[2024-06-24T15:24:44.598+0000] {processor.py:799} INFO - Processing file /home/airflow/.local/lib/python3.7/site-packages/airflow/example_dags/example_params_ui_tutorial.py for tasks to queue
[2024-06-24T15:24:44.598+0000] {logging_mixin.py:149} INFO - [2024-06-24T15:24:44.598+0000] {dagbag.py:541} INFO - Filling up the DagBag from /home/airflow/.local/lib/python3.7/site-packages/airflow/example_dags/example_params_ui_tutorial.py
[2024-06-24T15:24:44.631+0000] {processor.py:809} INFO - DAG(s) dict_keys(['example_params_ui_tutorial']) retrieved from /home/airflow/.local/lib/python3.7/site-packages/airflow/example_dags/example_params_ui_tutorial.py
[2024-06-24T15:24:44.664+0000] {logging_mixin.py:149} INFO - [2024-06-24T15:24:44.664+0000] {dag.py:2726} INFO - Sync 1 DAGs
[2024-06-24T15:24:44.678+0000] {logging_mixin.py:149} INFO - [2024-06-24T15:24:44.678+0000] {dag.py:3490} INFO - Setting next_dagrun for example_params_ui_tutorial to None, run_after=None
[2024-06-24T15:24:44.690+0000] {processor.py:178} INFO - Processing /home/airflow/.local/lib/python3.7/site-packages/airflow/example_dags/example_params_ui_tutorial.py took 0.098 seconds
[2024-06-24T15:25:15.155+0000] {processor.py:156} INFO - Started process (PID=2402) to work on /home/airflow/.local/lib/python3.7/site-packages/airflow/example_dags/example_params_ui_tutorial.py
[2024-06-24T15:25:15.156+0000] {processor.py:799} INFO - Processing file /home/airflow/.local/lib/python3.7/site-packages/airflow/example_dags/example_params_ui_tutorial.py for tasks to queue
[2024-06-24T15:25:15.157+0000] {logging_mixin.py:149} INFO - [2024-06-24T15:25:15.157+0000] {dagbag.py:541} INFO - Filling up the DagBag from /home/airflow/.local/lib/python3.7/site-packages/airflow/example_dags/example_params_ui_tutorial.py
[2024-06-24T15:25:15.192+0000] {processor.py:809} INFO - DAG(s) dict_keys(['example_params_ui_tutorial']) retrieved from /home/airflow/.local/lib/python3.7/site-packages/airflow/example_dags/example_params_ui_tutorial.py
[2024-06-24T15:25:15.223+0000] {logging_mixin.py:149} INFO - [2024-06-24T15:25:15.222+0000] {dag.py:2726} INFO - Sync 1 DAGs
[2024-06-24T15:25:15.235+0000] {logging_mixin.py:149} INFO - [2024-06-24T15:25:15.235+0000] {dag.py:3490} INFO - Setting next_dagrun for example_params_ui_tutorial to None, run_after=None
[2024-06-24T15:25:15.244+0000] {processor.py:178} INFO - Processing /home/airflow/.local/lib/python3.7/site-packages/airflow/example_dags/example_params_ui_tutorial.py took 0.094 seconds
[2024-06-24T15:25:45.738+0000] {processor.py:156} INFO - Started process (PID=2470) to work on /home/airflow/.local/lib/python3.7/site-packages/airflow/example_dags/example_params_ui_tutorial.py
[2024-06-24T15:25:45.739+0000] {processor.py:799} INFO - Processing file /home/airflow/.local/lib/python3.7/site-packages/airflow/example_dags/example_params_ui_tutorial.py for tasks to queue
[2024-06-24T15:25:45.739+0000] {logging_mixin.py:149} INFO - [2024-06-24T15:25:45.739+0000] {dagbag.py:541} INFO - Filling up the DagBag from /home/airflow/.local/lib/python3.7/site-packages/airflow/example_dags/example_params_ui_tutorial.py
[2024-06-24T15:25:45.762+0000] {processor.py:809} INFO - DAG(s) dict_keys(['example_params_ui_tutorial']) retrieved from /home/airflow/.local/lib/python3.7/site-packages/airflow/example_dags/example_params_ui_tutorial.py
[2024-06-24T15:25:45.792+0000] {logging_mixin.py:149} INFO - [2024-06-24T15:25:45.792+0000] {dag.py:2726} INFO - Sync 1 DAGs
[2024-06-24T15:25:45.805+0000] {logging_mixin.py:149} INFO - [2024-06-24T15:25:45.805+0000] {dag.py:3490} INFO - Setting next_dagrun for example_params_ui_tutorial to None, run_after=None
[2024-06-24T15:25:45.814+0000] {processor.py:178} INFO - Processing /home/airflow/.local/lib/python3.7/site-packages/airflow/example_dags/example_params_ui_tutorial.py took 0.080 seconds
[2024-06-24T15:26:16.357+0000] {processor.py:156} INFO - Started process (PID=2546) to work on /home/airflow/.local/lib/python3.7/site-packages/airflow/example_dags/example_params_ui_tutorial.py
[2024-06-24T15:26:16.359+0000] {processor.py:799} INFO - Processing file /home/airflow/.local/lib/python3.7/site-packages/airflow/example_dags/example_params_ui_tutorial.py for tasks to queue
[2024-06-24T15:26:16.360+0000] {logging_mixin.py:149} INFO - [2024-06-24T15:26:16.360+0000] {dagbag.py:541} INFO - Filling up the DagBag from /home/airflow/.local/lib/python3.7/site-packages/airflow/example_dags/example_params_ui_tutorial.py
[2024-06-24T15:26:16.395+0000] {processor.py:809} INFO - DAG(s) dict_keys(['example_params_ui_tutorial']) retrieved from /home/airflow/.local/lib/python3.7/site-packages/airflow/example_dags/example_params_ui_tutorial.py
[2024-06-24T15:26:16.423+0000] {logging_mixin.py:149} INFO - [2024-06-24T15:26:16.423+0000] {dag.py:2726} INFO - Sync 1 DAGs
[2024-06-24T15:26:16.434+0000] {logging_mixin.py:149} INFO - [2024-06-24T15:26:16.434+0000] {dag.py:3490} INFO - Setting next_dagrun for example_params_ui_tutorial to None, run_after=None
[2024-06-24T15:26:16.441+0000] {processor.py:178} INFO - Processing /home/airflow/.local/lib/python3.7/site-packages/airflow/example_dags/example_params_ui_tutorial.py took 0.089 seconds
[2024-06-24T15:26:47.010+0000] {processor.py:156} INFO - Started process (PID=2615) to work on /home/airflow/.local/lib/python3.7/site-packages/airflow/example_dags/example_params_ui_tutorial.py
[2024-06-24T15:26:47.012+0000] {processor.py:799} INFO - Processing file /home/airflow/.local/lib/python3.7/site-packages/airflow/example_dags/example_params_ui_tutorial.py for tasks to queue
[2024-06-24T15:26:47.013+0000] {logging_mixin.py:149} INFO - [2024-06-24T15:26:47.013+0000] {dagbag.py:541} INFO - Filling up the DagBag from /home/airflow/.local/lib/python3.7/site-packages/airflow/example_dags/example_params_ui_tutorial.py
[2024-06-24T15:26:47.047+0000] {processor.py:809} INFO - DAG(s) dict_keys(['example_params_ui_tutorial']) retrieved from /home/airflow/.local/lib/python3.7/site-packages/airflow/example_dags/example_params_ui_tutorial.py
[2024-06-24T15:26:47.080+0000] {logging_mixin.py:149} INFO - [2024-06-24T15:26:47.080+0000] {dag.py:2726} INFO - Sync 1 DAGs
[2024-06-24T15:26:47.099+0000] {logging_mixin.py:149} INFO - [2024-06-24T15:26:47.099+0000] {dag.py:3490} INFO - Setting next_dagrun for example_params_ui_tutorial to None, run_after=None
[2024-06-24T15:26:47.111+0000] {processor.py:178} INFO - Processing /home/airflow/.local/lib/python3.7/site-packages/airflow/example_dags/example_params_ui_tutorial.py took 0.107 seconds
[2024-06-24T15:27:17.852+0000] {processor.py:156} INFO - Started process (PID=2684) to work on /home/airflow/.local/lib/python3.7/site-packages/airflow/example_dags/example_params_ui_tutorial.py
[2024-06-24T15:27:17.855+0000] {processor.py:799} INFO - Processing file /home/airflow/.local/lib/python3.7/site-packages/airflow/example_dags/example_params_ui_tutorial.py for tasks to queue
[2024-06-24T15:27:17.856+0000] {logging_mixin.py:149} INFO - [2024-06-24T15:27:17.856+0000] {dagbag.py:541} INFO - Filling up the DagBag from /home/airflow/.local/lib/python3.7/site-packages/airflow/example_dags/example_params_ui_tutorial.py
[2024-06-24T15:27:17.900+0000] {processor.py:809} INFO - DAG(s) dict_keys(['example_params_ui_tutorial']) retrieved from /home/airflow/.local/lib/python3.7/site-packages/airflow/example_dags/example_params_ui_tutorial.py
[2024-06-24T15:27:17.954+0000] {logging_mixin.py:149} INFO - [2024-06-24T15:27:17.954+0000] {dag.py:2726} INFO - Sync 1 DAGs
[2024-06-24T15:27:17.977+0000] {logging_mixin.py:149} INFO - [2024-06-24T15:27:17.976+0000] {dag.py:3490} INFO - Setting next_dagrun for example_params_ui_tutorial to None, run_after=None
[2024-06-24T15:27:17.987+0000] {processor.py:178} INFO - Processing /home/airflow/.local/lib/python3.7/site-packages/airflow/example_dags/example_params_ui_tutorial.py took 0.139 seconds
[2024-06-24T15:27:48.754+0000] {processor.py:156} INFO - Started process (PID=2753) to work on /home/airflow/.local/lib/python3.7/site-packages/airflow/example_dags/example_params_ui_tutorial.py
[2024-06-24T15:27:48.756+0000] {processor.py:799} INFO - Processing file /home/airflow/.local/lib/python3.7/site-packages/airflow/example_dags/example_params_ui_tutorial.py for tasks to queue
[2024-06-24T15:27:48.757+0000] {logging_mixin.py:149} INFO - [2024-06-24T15:27:48.757+0000] {dagbag.py:541} INFO - Filling up the DagBag from /home/airflow/.local/lib/python3.7/site-packages/airflow/example_dags/example_params_ui_tutorial.py
[2024-06-24T15:27:48.790+0000] {processor.py:809} INFO - DAG(s) dict_keys(['example_params_ui_tutorial']) retrieved from /home/airflow/.local/lib/python3.7/site-packages/airflow/example_dags/example_params_ui_tutorial.py
[2024-06-24T15:27:48.818+0000] {logging_mixin.py:149} INFO - [2024-06-24T15:27:48.818+0000] {dag.py:2726} INFO - Sync 1 DAGs
[2024-06-24T15:27:48.829+0000] {logging_mixin.py:149} INFO - [2024-06-24T15:27:48.829+0000] {dag.py:3490} INFO - Setting next_dagrun for example_params_ui_tutorial to None, run_after=None
[2024-06-24T15:27:48.838+0000] {processor.py:178} INFO - Processing /home/airflow/.local/lib/python3.7/site-packages/airflow/example_dags/example_params_ui_tutorial.py took 0.091 seconds
[2024-06-24T15:28:19.729+0000] {processor.py:156} INFO - Started process (PID=2822) to work on /home/airflow/.local/lib/python3.7/site-packages/airflow/example_dags/example_params_ui_tutorial.py
[2024-06-24T15:28:19.730+0000] {processor.py:799} INFO - Processing file /home/airflow/.local/lib/python3.7/site-packages/airflow/example_dags/example_params_ui_tutorial.py for tasks to queue
[2024-06-24T15:28:19.730+0000] {logging_mixin.py:149} INFO - [2024-06-24T15:28:19.730+0000] {dagbag.py:541} INFO - Filling up the DagBag from /home/airflow/.local/lib/python3.7/site-packages/airflow/example_dags/example_params_ui_tutorial.py
[2024-06-24T15:28:19.751+0000] {processor.py:809} INFO - DAG(s) dict_keys(['example_params_ui_tutorial']) retrieved from /home/airflow/.local/lib/python3.7/site-packages/airflow/example_dags/example_params_ui_tutorial.py
[2024-06-24T15:28:19.777+0000] {logging_mixin.py:149} INFO - [2024-06-24T15:28:19.777+0000] {dag.py:2726} INFO - Sync 1 DAGs
[2024-06-24T15:28:19.787+0000] {logging_mixin.py:149} INFO - [2024-06-24T15:28:19.787+0000] {dag.py:3490} INFO - Setting next_dagrun for example_params_ui_tutorial to None, run_after=None
[2024-06-24T15:28:19.794+0000] {processor.py:178} INFO - Processing /home/airflow/.local/lib/python3.7/site-packages/airflow/example_dags/example_params_ui_tutorial.py took 0.068 seconds
[2024-06-24T15:28:50.608+0000] {processor.py:156} INFO - Started process (PID=2891) to work on /home/airflow/.local/lib/python3.7/site-packages/airflow/example_dags/example_params_ui_tutorial.py
[2024-06-24T15:28:50.608+0000] {processor.py:799} INFO - Processing file /home/airflow/.local/lib/python3.7/site-packages/airflow/example_dags/example_params_ui_tutorial.py for tasks to queue
[2024-06-24T15:28:50.609+0000] {logging_mixin.py:149} INFO - [2024-06-24T15:28:50.609+0000] {dagbag.py:541} INFO - Filling up the DagBag from /home/airflow/.local/lib/python3.7/site-packages/airflow/example_dags/example_params_ui_tutorial.py
[2024-06-24T15:28:50.639+0000] {processor.py:809} INFO - DAG(s) dict_keys(['example_params_ui_tutorial']) retrieved from /home/airflow/.local/lib/python3.7/site-packages/airflow/example_dags/example_params_ui_tutorial.py
[2024-06-24T15:28:50.668+0000] {logging_mixin.py:149} INFO - [2024-06-24T15:28:50.668+0000] {dag.py:2726} INFO - Sync 1 DAGs
[2024-06-24T15:28:50.683+0000] {logging_mixin.py:149} INFO - [2024-06-24T15:28:50.683+0000] {dag.py:3490} INFO - Setting next_dagrun for example_params_ui_tutorial to None, run_after=None
[2024-06-24T15:28:50.692+0000] {processor.py:178} INFO - Processing /home/airflow/.local/lib/python3.7/site-packages/airflow/example_dags/example_params_ui_tutorial.py took 0.088 seconds
[2024-06-24T15:29:21.229+0000] {processor.py:156} INFO - Started process (PID=2959) to work on /home/airflow/.local/lib/python3.7/site-packages/airflow/example_dags/example_params_ui_tutorial.py
[2024-06-24T15:29:21.230+0000] {processor.py:799} INFO - Processing file /home/airflow/.local/lib/python3.7/site-packages/airflow/example_dags/example_params_ui_tutorial.py for tasks to queue
[2024-06-24T15:29:21.231+0000] {logging_mixin.py:149} INFO - [2024-06-24T15:29:21.231+0000] {dagbag.py:541} INFO - Filling up the DagBag from /home/airflow/.local/lib/python3.7/site-packages/airflow/example_dags/example_params_ui_tutorial.py
[2024-06-24T15:29:21.266+0000] {processor.py:809} INFO - DAG(s) dict_keys(['example_params_ui_tutorial']) retrieved from /home/airflow/.local/lib/python3.7/site-packages/airflow/example_dags/example_params_ui_tutorial.py
[2024-06-24T15:29:21.295+0000] {logging_mixin.py:149} INFO - [2024-06-24T15:29:21.295+0000] {dag.py:2726} INFO - Sync 1 DAGs
[2024-06-24T15:29:21.306+0000] {logging_mixin.py:149} INFO - [2024-06-24T15:29:21.306+0000] {dag.py:3490} INFO - Setting next_dagrun for example_params_ui_tutorial to None, run_after=None
[2024-06-24T15:29:21.314+0000] {processor.py:178} INFO - Processing /home/airflow/.local/lib/python3.7/site-packages/airflow/example_dags/example_params_ui_tutorial.py took 0.090 seconds
[2024-06-24T15:29:51.928+0000] {processor.py:156} INFO - Started process (PID=3028) to work on /home/airflow/.local/lib/python3.7/site-packages/airflow/example_dags/example_params_ui_tutorial.py
[2024-06-24T15:29:51.930+0000] {processor.py:799} INFO - Processing file /home/airflow/.local/lib/python3.7/site-packages/airflow/example_dags/example_params_ui_tutorial.py for tasks to queue
[2024-06-24T15:29:51.931+0000] {logging_mixin.py:149} INFO - [2024-06-24T15:29:51.931+0000] {dagbag.py:541} INFO - Filling up the DagBag from /home/airflow/.local/lib/python3.7/site-packages/airflow/example_dags/example_params_ui_tutorial.py
[2024-06-24T15:29:51.967+0000] {processor.py:809} INFO - DAG(s) dict_keys(['example_params_ui_tutorial']) retrieved from /home/airflow/.local/lib/python3.7/site-packages/airflow/example_dags/example_params_ui_tutorial.py
[2024-06-24T15:29:52.000+0000] {logging_mixin.py:149} INFO - [2024-06-24T15:29:52.000+0000] {dag.py:2726} INFO - Sync 1 DAGs
[2024-06-24T15:29:52.011+0000] {logging_mixin.py:149} INFO - [2024-06-24T15:29:52.011+0000] {dag.py:3490} INFO - Setting next_dagrun for example_params_ui_tutorial to None, run_after=None
[2024-06-24T15:29:52.019+0000] {processor.py:178} INFO - Processing /home/airflow/.local/lib/python3.7/site-packages/airflow/example_dags/example_params_ui_tutorial.py took 0.098 seconds
[2024-06-24T15:30:22.537+0000] {processor.py:156} INFO - Started process (PID=3096) to work on /home/airflow/.local/lib/python3.7/site-packages/airflow/example_dags/example_params_ui_tutorial.py
[2024-06-24T15:30:22.538+0000] {processor.py:799} INFO - Processing file /home/airflow/.local/lib/python3.7/site-packages/airflow/example_dags/example_params_ui_tutorial.py for tasks to queue
[2024-06-24T15:30:22.539+0000] {logging_mixin.py:149} INFO - [2024-06-24T15:30:22.539+0000] {dagbag.py:541} INFO - Filling up the DagBag from /home/airflow/.local/lib/python3.7/site-packages/airflow/example_dags/example_params_ui_tutorial.py
[2024-06-24T15:30:22.578+0000] {processor.py:809} INFO - DAG(s) dict_keys(['example_params_ui_tutorial']) retrieved from /home/airflow/.local/lib/python3.7/site-packages/airflow/example_dags/example_params_ui_tutorial.py
[2024-06-24T15:30:22.609+0000] {logging_mixin.py:149} INFO - [2024-06-24T15:30:22.609+0000] {dag.py:2726} INFO - Sync 1 DAGs
[2024-06-24T15:30:22.623+0000] {logging_mixin.py:149} INFO - [2024-06-24T15:30:22.623+0000] {dag.py:3490} INFO - Setting next_dagrun for example_params_ui_tutorial to None, run_after=None
[2024-06-24T15:30:22.632+0000] {processor.py:178} INFO - Processing /home/airflow/.local/lib/python3.7/site-packages/airflow/example_dags/example_params_ui_tutorial.py took 0.103 seconds
