[2024-06-24T15:03:50.947+0000] {processor.py:156} INFO - Started process (PID=72) to work on /home/airflow/.local/lib/python3.7/site-packages/airflow/example_dags/example_latest_only.py
[2024-06-24T15:03:50.948+0000] {processor.py:799} INFO - Processing file /home/airflow/.local/lib/python3.7/site-packages/airflow/example_dags/example_latest_only.py for tasks to queue
[2024-06-24T15:03:50.948+0000] {logging_mixin.py:149} INFO - [2024-06-24T15:03:50.948+0000] {dagbag.py:541} INFO - Filling up the DagBag from /home/airflow/.local/lib/python3.7/site-packages/airflow/example_dags/example_latest_only.py
[2024-06-24T15:03:50.955+0000] {processor.py:809} INFO - DAG(s) dict_keys(['latest_only']) retrieved from /home/airflow/.local/lib/python3.7/site-packages/airflow/example_dags/example_latest_only.py
[2024-06-24T15:03:51.016+0000] {logging_mixin.py:149} INFO - [2024-06-24T15:03:51.016+0000] {manager.py:504} INFO - Created Permission View: can delete on DAG:latest_only
[2024-06-24T15:03:51.020+0000] {logging_mixin.py:149} INFO - [2024-06-24T15:03:51.020+0000] {manager.py:504} INFO - Created Permission View: can edit on DAG:latest_only
[2024-06-24T15:03:51.023+0000] {logging_mixin.py:149} INFO - [2024-06-24T15:03:51.023+0000] {manager.py:504} INFO - Created Permission View: can read on DAG:latest_only
[2024-06-24T15:03:51.023+0000] {logging_mixin.py:149} INFO - [2024-06-24T15:03:51.023+0000] {dag.py:2726} INFO - Sync 1 DAGs
[2024-06-24T15:03:51.029+0000] {logging_mixin.py:149} INFO - [2024-06-24T15:03:51.029+0000] {dag.py:2747} INFO - Creating ORM DAG for latest_only
[2024-06-24T15:03:51.035+0000] {logging_mixin.py:149} INFO - [2024-06-24T15:03:51.035+0000] {dag.py:3490} INFO - Setting next_dagrun for latest_only to 2024-06-24T11:03:51.035086+00:00, run_after=2024-06-24T15:03:51.035086+00:00
[2024-06-24T15:03:51.045+0000] {processor.py:178} INFO - Processing /home/airflow/.local/lib/python3.7/site-packages/airflow/example_dags/example_latest_only.py took 0.100 seconds
[2024-06-24T15:04:21.296+0000] {processor.py:156} INFO - Started process (PID=141) to work on /home/airflow/.local/lib/python3.7/site-packages/airflow/example_dags/example_latest_only.py
[2024-06-24T15:04:21.296+0000] {processor.py:799} INFO - Processing file /home/airflow/.local/lib/python3.7/site-packages/airflow/example_dags/example_latest_only.py for tasks to queue
[2024-06-24T15:04:21.296+0000] {logging_mixin.py:149} INFO - [2024-06-24T15:04:21.296+0000] {dagbag.py:541} INFO - Filling up the DagBag from /home/airflow/.local/lib/python3.7/site-packages/airflow/example_dags/example_latest_only.py
[2024-06-24T15:04:21.299+0000] {processor.py:809} INFO - DAG(s) dict_keys(['latest_only']) retrieved from /home/airflow/.local/lib/python3.7/site-packages/airflow/example_dags/example_latest_only.py
[2024-06-24T15:04:21.309+0000] {logging_mixin.py:149} INFO - [2024-06-24T15:04:21.309+0000] {dag.py:2726} INFO - Sync 1 DAGs
[2024-06-24T15:04:21.320+0000] {logging_mixin.py:149} INFO - [2024-06-24T15:04:21.320+0000] {dag.py:3490} INFO - Setting next_dagrun for latest_only to 2024-06-24T11:04:21.319914+00:00, run_after=2024-06-24T15:04:21.319914+00:00
[2024-06-24T15:04:21.327+0000] {processor.py:178} INFO - Processing /home/airflow/.local/lib/python3.7/site-packages/airflow/example_dags/example_latest_only.py took 0.033 seconds
[2024-06-24T15:04:51.902+0000] {processor.py:156} INFO - Started process (PID=209) to work on /home/airflow/.local/lib/python3.7/site-packages/airflow/example_dags/example_latest_only.py
[2024-06-24T15:04:51.902+0000] {processor.py:799} INFO - Processing file /home/airflow/.local/lib/python3.7/site-packages/airflow/example_dags/example_latest_only.py for tasks to queue
[2024-06-24T15:04:51.902+0000] {logging_mixin.py:149} INFO - [2024-06-24T15:04:51.902+0000] {dagbag.py:541} INFO - Filling up the DagBag from /home/airflow/.local/lib/python3.7/site-packages/airflow/example_dags/example_latest_only.py
[2024-06-24T15:04:51.905+0000] {processor.py:809} INFO - DAG(s) dict_keys(['latest_only']) retrieved from /home/airflow/.local/lib/python3.7/site-packages/airflow/example_dags/example_latest_only.py
[2024-06-24T15:04:51.914+0000] {logging_mixin.py:149} INFO - [2024-06-24T15:04:51.914+0000] {dag.py:2726} INFO - Sync 1 DAGs
[2024-06-24T15:04:51.924+0000] {logging_mixin.py:149} INFO - [2024-06-24T15:04:51.924+0000] {dag.py:3490} INFO - Setting next_dagrun for latest_only to 2024-06-24T11:04:51.924369+00:00, run_after=2024-06-24T15:04:51.924369+00:00
[2024-06-24T15:04:51.933+0000] {processor.py:178} INFO - Processing /home/airflow/.local/lib/python3.7/site-packages/airflow/example_dags/example_latest_only.py took 0.032 seconds
[2024-06-24T15:05:22.504+0000] {processor.py:156} INFO - Started process (PID=278) to work on /home/airflow/.local/lib/python3.7/site-packages/airflow/example_dags/example_latest_only.py
[2024-06-24T15:05:22.504+0000] {processor.py:799} INFO - Processing file /home/airflow/.local/lib/python3.7/site-packages/airflow/example_dags/example_latest_only.py for tasks to queue
[2024-06-24T15:05:22.505+0000] {logging_mixin.py:149} INFO - [2024-06-24T15:05:22.505+0000] {dagbag.py:541} INFO - Filling up the DagBag from /home/airflow/.local/lib/python3.7/site-packages/airflow/example_dags/example_latest_only.py
[2024-06-24T15:05:22.507+0000] {processor.py:809} INFO - DAG(s) dict_keys(['latest_only']) retrieved from /home/airflow/.local/lib/python3.7/site-packages/airflow/example_dags/example_latest_only.py
[2024-06-24T15:05:22.517+0000] {logging_mixin.py:149} INFO - [2024-06-24T15:05:22.516+0000] {dag.py:2726} INFO - Sync 1 DAGs
[2024-06-24T15:05:22.528+0000] {logging_mixin.py:149} INFO - [2024-06-24T15:05:22.528+0000] {dag.py:3490} INFO - Setting next_dagrun for latest_only to 2024-06-24T11:05:22.527979+00:00, run_after=2024-06-24T15:05:22.527979+00:00
[2024-06-24T15:05:22.535+0000] {processor.py:178} INFO - Processing /home/airflow/.local/lib/python3.7/site-packages/airflow/example_dags/example_latest_only.py took 0.032 seconds
[2024-06-24T15:05:53.074+0000] {processor.py:156} INFO - Started process (PID=347) to work on /home/airflow/.local/lib/python3.7/site-packages/airflow/example_dags/example_latest_only.py
[2024-06-24T15:05:53.074+0000] {processor.py:799} INFO - Processing file /home/airflow/.local/lib/python3.7/site-packages/airflow/example_dags/example_latest_only.py for tasks to queue
[2024-06-24T15:05:53.074+0000] {logging_mixin.py:149} INFO - [2024-06-24T15:05:53.074+0000] {dagbag.py:541} INFO - Filling up the DagBag from /home/airflow/.local/lib/python3.7/site-packages/airflow/example_dags/example_latest_only.py
[2024-06-24T15:05:53.077+0000] {processor.py:809} INFO - DAG(s) dict_keys(['latest_only']) retrieved from /home/airflow/.local/lib/python3.7/site-packages/airflow/example_dags/example_latest_only.py
[2024-06-24T15:05:53.085+0000] {logging_mixin.py:149} INFO - [2024-06-24T15:05:53.085+0000] {dag.py:2726} INFO - Sync 1 DAGs
[2024-06-24T15:05:53.095+0000] {logging_mixin.py:149} INFO - [2024-06-24T15:05:53.095+0000] {dag.py:3490} INFO - Setting next_dagrun for latest_only to 2024-06-24T11:05:53.095223+00:00, run_after=2024-06-24T15:05:53.095223+00:00
[2024-06-24T15:05:53.101+0000] {processor.py:178} INFO - Processing /home/airflow/.local/lib/python3.7/site-packages/airflow/example_dags/example_latest_only.py took 0.029 seconds
[2024-06-24T15:06:23.730+0000] {processor.py:156} INFO - Started process (PID=415) to work on /home/airflow/.local/lib/python3.7/site-packages/airflow/example_dags/example_latest_only.py
[2024-06-24T15:06:23.730+0000] {processor.py:799} INFO - Processing file /home/airflow/.local/lib/python3.7/site-packages/airflow/example_dags/example_latest_only.py for tasks to queue
[2024-06-24T15:06:23.730+0000] {logging_mixin.py:149} INFO - [2024-06-24T15:06:23.730+0000] {dagbag.py:541} INFO - Filling up the DagBag from /home/airflow/.local/lib/python3.7/site-packages/airflow/example_dags/example_latest_only.py
[2024-06-24T15:06:23.733+0000] {processor.py:809} INFO - DAG(s) dict_keys(['latest_only']) retrieved from /home/airflow/.local/lib/python3.7/site-packages/airflow/example_dags/example_latest_only.py
[2024-06-24T15:06:23.742+0000] {logging_mixin.py:149} INFO - [2024-06-24T15:06:23.742+0000] {dag.py:2726} INFO - Sync 1 DAGs
[2024-06-24T15:06:23.753+0000] {logging_mixin.py:149} INFO - [2024-06-24T15:06:23.753+0000] {dag.py:3490} INFO - Setting next_dagrun for latest_only to 2024-06-24T11:06:23.753054+00:00, run_after=2024-06-24T15:06:23.753054+00:00
[2024-06-24T15:06:23.760+0000] {processor.py:178} INFO - Processing /home/airflow/.local/lib/python3.7/site-packages/airflow/example_dags/example_latest_only.py took 0.031 seconds
[2024-06-24T15:06:54.387+0000] {processor.py:156} INFO - Started process (PID=484) to work on /home/airflow/.local/lib/python3.7/site-packages/airflow/example_dags/example_latest_only.py
[2024-06-24T15:06:54.387+0000] {processor.py:799} INFO - Processing file /home/airflow/.local/lib/python3.7/site-packages/airflow/example_dags/example_latest_only.py for tasks to queue
[2024-06-24T15:06:54.388+0000] {logging_mixin.py:149} INFO - [2024-06-24T15:06:54.388+0000] {dagbag.py:541} INFO - Filling up the DagBag from /home/airflow/.local/lib/python3.7/site-packages/airflow/example_dags/example_latest_only.py
[2024-06-24T15:06:54.391+0000] {processor.py:809} INFO - DAG(s) dict_keys(['latest_only']) retrieved from /home/airflow/.local/lib/python3.7/site-packages/airflow/example_dags/example_latest_only.py
[2024-06-24T15:06:54.400+0000] {logging_mixin.py:149} INFO - [2024-06-24T15:06:54.400+0000] {dag.py:2726} INFO - Sync 1 DAGs
[2024-06-24T15:06:54.411+0000] {logging_mixin.py:149} INFO - [2024-06-24T15:06:54.411+0000] {dag.py:3490} INFO - Setting next_dagrun for latest_only to 2024-06-24T11:06:54.411623+00:00, run_after=2024-06-24T15:06:54.411623+00:00
[2024-06-24T15:06:54.418+0000] {processor.py:178} INFO - Processing /home/airflow/.local/lib/python3.7/site-packages/airflow/example_dags/example_latest_only.py took 0.033 seconds
[2024-06-24T15:07:53.913+0000] {processor.py:156} INFO - Started process (PID=72) to work on /home/airflow/.local/lib/python3.7/site-packages/airflow/example_dags/example_latest_only.py
[2024-06-24T15:07:53.913+0000] {processor.py:799} INFO - Processing file /home/airflow/.local/lib/python3.7/site-packages/airflow/example_dags/example_latest_only.py for tasks to queue
[2024-06-24T15:07:53.914+0000] {logging_mixin.py:149} INFO - [2024-06-24T15:07:53.914+0000] {dagbag.py:541} INFO - Filling up the DagBag from /home/airflow/.local/lib/python3.7/site-packages/airflow/example_dags/example_latest_only.py
[2024-06-24T15:07:53.920+0000] {processor.py:809} INFO - DAG(s) dict_keys(['latest_only']) retrieved from /home/airflow/.local/lib/python3.7/site-packages/airflow/example_dags/example_latest_only.py
[2024-06-24T15:07:53.929+0000] {logging_mixin.py:149} INFO - [2024-06-24T15:07:53.929+0000] {dag.py:2726} INFO - Sync 1 DAGs
[2024-06-24T15:07:53.945+0000] {logging_mixin.py:149} INFO - [2024-06-24T15:07:53.945+0000] {dag.py:3490} INFO - Setting next_dagrun for latest_only to 2024-06-24T11:07:53.945444+00:00, run_after=2024-06-24T15:07:53.945444+00:00
[2024-06-24T15:07:53.961+0000] {processor.py:178} INFO - Processing /home/airflow/.local/lib/python3.7/site-packages/airflow/example_dags/example_latest_only.py took 0.049 seconds
[2024-06-24T15:08:24.306+0000] {processor.py:156} INFO - Started process (PID=145) to work on /home/airflow/.local/lib/python3.7/site-packages/airflow/example_dags/example_latest_only.py
[2024-06-24T15:08:24.306+0000] {processor.py:799} INFO - Processing file /home/airflow/.local/lib/python3.7/site-packages/airflow/example_dags/example_latest_only.py for tasks to queue
[2024-06-24T15:08:24.306+0000] {logging_mixin.py:149} INFO - [2024-06-24T15:08:24.306+0000] {dagbag.py:541} INFO - Filling up the DagBag from /home/airflow/.local/lib/python3.7/site-packages/airflow/example_dags/example_latest_only.py
[2024-06-24T15:08:24.309+0000] {processor.py:809} INFO - DAG(s) dict_keys(['latest_only']) retrieved from /home/airflow/.local/lib/python3.7/site-packages/airflow/example_dags/example_latest_only.py
[2024-06-24T15:08:24.318+0000] {logging_mixin.py:149} INFO - [2024-06-24T15:08:24.318+0000] {dag.py:2726} INFO - Sync 1 DAGs
[2024-06-24T15:08:24.329+0000] {logging_mixin.py:149} INFO - [2024-06-24T15:08:24.328+0000] {dag.py:3490} INFO - Setting next_dagrun for latest_only to 2024-06-24T11:08:24.328808+00:00, run_after=2024-06-24T15:08:24.328808+00:00
[2024-06-24T15:08:24.336+0000] {processor.py:178} INFO - Processing /home/airflow/.local/lib/python3.7/site-packages/airflow/example_dags/example_latest_only.py took 0.031 seconds
[2024-06-24T15:08:54.902+0000] {processor.py:156} INFO - Started process (PID=214) to work on /home/airflow/.local/lib/python3.7/site-packages/airflow/example_dags/example_latest_only.py
[2024-06-24T15:08:54.902+0000] {processor.py:799} INFO - Processing file /home/airflow/.local/lib/python3.7/site-packages/airflow/example_dags/example_latest_only.py for tasks to queue
[2024-06-24T15:08:54.903+0000] {logging_mixin.py:149} INFO - [2024-06-24T15:08:54.903+0000] {dagbag.py:541} INFO - Filling up the DagBag from /home/airflow/.local/lib/python3.7/site-packages/airflow/example_dags/example_latest_only.py
[2024-06-24T15:08:54.906+0000] {processor.py:809} INFO - DAG(s) dict_keys(['latest_only']) retrieved from /home/airflow/.local/lib/python3.7/site-packages/airflow/example_dags/example_latest_only.py
[2024-06-24T15:08:54.916+0000] {logging_mixin.py:149} INFO - [2024-06-24T15:08:54.916+0000] {dag.py:2726} INFO - Sync 1 DAGs
[2024-06-24T15:08:54.926+0000] {logging_mixin.py:149} INFO - [2024-06-24T15:08:54.926+0000] {dag.py:3490} INFO - Setting next_dagrun for latest_only to 2024-06-24T11:08:54.926631+00:00, run_after=2024-06-24T15:08:54.926631+00:00
[2024-06-24T15:08:54.933+0000] {processor.py:178} INFO - Processing /home/airflow/.local/lib/python3.7/site-packages/airflow/example_dags/example_latest_only.py took 0.033 seconds
[2024-06-24T15:09:25.606+0000] {processor.py:156} INFO - Started process (PID=283) to work on /home/airflow/.local/lib/python3.7/site-packages/airflow/example_dags/example_latest_only.py
[2024-06-24T15:09:25.607+0000] {processor.py:799} INFO - Processing file /home/airflow/.local/lib/python3.7/site-packages/airflow/example_dags/example_latest_only.py for tasks to queue
[2024-06-24T15:09:25.607+0000] {logging_mixin.py:149} INFO - [2024-06-24T15:09:25.607+0000] {dagbag.py:541} INFO - Filling up the DagBag from /home/airflow/.local/lib/python3.7/site-packages/airflow/example_dags/example_latest_only.py
[2024-06-24T15:09:25.610+0000] {processor.py:809} INFO - DAG(s) dict_keys(['latest_only']) retrieved from /home/airflow/.local/lib/python3.7/site-packages/airflow/example_dags/example_latest_only.py
[2024-06-24T15:09:25.619+0000] {logging_mixin.py:149} INFO - [2024-06-24T15:09:25.619+0000] {dag.py:2726} INFO - Sync 1 DAGs
[2024-06-24T15:09:25.630+0000] {logging_mixin.py:149} INFO - [2024-06-24T15:09:25.630+0000] {dag.py:3490} INFO - Setting next_dagrun for latest_only to 2024-06-24T11:09:25.629937+00:00, run_after=2024-06-24T15:09:25.629937+00:00
[2024-06-24T15:09:25.636+0000] {processor.py:178} INFO - Processing /home/airflow/.local/lib/python3.7/site-packages/airflow/example_dags/example_latest_only.py took 0.032 seconds
[2024-06-24T15:09:56.219+0000] {processor.py:156} INFO - Started process (PID=352) to work on /home/airflow/.local/lib/python3.7/site-packages/airflow/example_dags/example_latest_only.py
[2024-06-24T15:09:56.219+0000] {processor.py:799} INFO - Processing file /home/airflow/.local/lib/python3.7/site-packages/airflow/example_dags/example_latest_only.py for tasks to queue
[2024-06-24T15:09:56.220+0000] {logging_mixin.py:149} INFO - [2024-06-24T15:09:56.220+0000] {dagbag.py:541} INFO - Filling up the DagBag from /home/airflow/.local/lib/python3.7/site-packages/airflow/example_dags/example_latest_only.py
[2024-06-24T15:09:56.222+0000] {processor.py:809} INFO - DAG(s) dict_keys(['latest_only']) retrieved from /home/airflow/.local/lib/python3.7/site-packages/airflow/example_dags/example_latest_only.py
[2024-06-24T15:09:56.232+0000] {logging_mixin.py:149} INFO - [2024-06-24T15:09:56.232+0000] {dag.py:2726} INFO - Sync 1 DAGs
[2024-06-24T15:09:56.242+0000] {logging_mixin.py:149} INFO - [2024-06-24T15:09:56.242+0000] {dag.py:3490} INFO - Setting next_dagrun for latest_only to 2024-06-24T11:09:56.242138+00:00, run_after=2024-06-24T15:09:56.242138+00:00
[2024-06-24T15:09:56.249+0000] {processor.py:178} INFO - Processing /home/airflow/.local/lib/python3.7/site-packages/airflow/example_dags/example_latest_only.py took 0.031 seconds
[2024-06-24T15:10:26.882+0000] {processor.py:156} INFO - Started process (PID=421) to work on /home/airflow/.local/lib/python3.7/site-packages/airflow/example_dags/example_latest_only.py
[2024-06-24T15:10:26.882+0000] {processor.py:799} INFO - Processing file /home/airflow/.local/lib/python3.7/site-packages/airflow/example_dags/example_latest_only.py for tasks to queue
[2024-06-24T15:10:26.883+0000] {logging_mixin.py:149} INFO - [2024-06-24T15:10:26.883+0000] {dagbag.py:541} INFO - Filling up the DagBag from /home/airflow/.local/lib/python3.7/site-packages/airflow/example_dags/example_latest_only.py
[2024-06-24T15:10:26.885+0000] {processor.py:809} INFO - DAG(s) dict_keys(['latest_only']) retrieved from /home/airflow/.local/lib/python3.7/site-packages/airflow/example_dags/example_latest_only.py
[2024-06-24T15:10:26.894+0000] {logging_mixin.py:149} INFO - [2024-06-24T15:10:26.894+0000] {dag.py:2726} INFO - Sync 1 DAGs
[2024-06-24T15:10:26.905+0000] {logging_mixin.py:149} INFO - [2024-06-24T15:10:26.905+0000] {dag.py:3490} INFO - Setting next_dagrun for latest_only to 2024-06-24T11:10:26.905527+00:00, run_after=2024-06-24T15:10:26.905527+00:00
[2024-06-24T15:10:26.913+0000] {processor.py:178} INFO - Processing /home/airflow/.local/lib/python3.7/site-packages/airflow/example_dags/example_latest_only.py took 0.032 seconds
[2024-06-24T15:10:57.626+0000] {processor.py:156} INFO - Started process (PID=490) to work on /home/airflow/.local/lib/python3.7/site-packages/airflow/example_dags/example_latest_only.py
[2024-06-24T15:10:57.626+0000] {processor.py:799} INFO - Processing file /home/airflow/.local/lib/python3.7/site-packages/airflow/example_dags/example_latest_only.py for tasks to queue
[2024-06-24T15:10:57.626+0000] {logging_mixin.py:149} INFO - [2024-06-24T15:10:57.626+0000] {dagbag.py:541} INFO - Filling up the DagBag from /home/airflow/.local/lib/python3.7/site-packages/airflow/example_dags/example_latest_only.py
[2024-06-24T15:10:57.629+0000] {processor.py:809} INFO - DAG(s) dict_keys(['latest_only']) retrieved from /home/airflow/.local/lib/python3.7/site-packages/airflow/example_dags/example_latest_only.py
[2024-06-24T15:10:57.639+0000] {logging_mixin.py:149} INFO - [2024-06-24T15:10:57.639+0000] {dag.py:2726} INFO - Sync 1 DAGs
[2024-06-24T15:10:57.651+0000] {logging_mixin.py:149} INFO - [2024-06-24T15:10:57.651+0000] {dag.py:3490} INFO - Setting next_dagrun for latest_only to 2024-06-24T11:10:57.651668+00:00, run_after=2024-06-24T15:10:57.651668+00:00
[2024-06-24T15:10:57.661+0000] {processor.py:178} INFO - Processing /home/airflow/.local/lib/python3.7/site-packages/airflow/example_dags/example_latest_only.py took 0.037 seconds
[2024-06-24T15:11:28.366+0000] {processor.py:156} INFO - Started process (PID=559) to work on /home/airflow/.local/lib/python3.7/site-packages/airflow/example_dags/example_latest_only.py
[2024-06-24T15:11:28.367+0000] {processor.py:799} INFO - Processing file /home/airflow/.local/lib/python3.7/site-packages/airflow/example_dags/example_latest_only.py for tasks to queue
[2024-06-24T15:11:28.367+0000] {logging_mixin.py:149} INFO - [2024-06-24T15:11:28.367+0000] {dagbag.py:541} INFO - Filling up the DagBag from /home/airflow/.local/lib/python3.7/site-packages/airflow/example_dags/example_latest_only.py
[2024-06-24T15:11:28.369+0000] {processor.py:809} INFO - DAG(s) dict_keys(['latest_only']) retrieved from /home/airflow/.local/lib/python3.7/site-packages/airflow/example_dags/example_latest_only.py
[2024-06-24T15:11:28.379+0000] {logging_mixin.py:149} INFO - [2024-06-24T15:11:28.379+0000] {dag.py:2726} INFO - Sync 1 DAGs
[2024-06-24T15:11:28.389+0000] {logging_mixin.py:149} INFO - [2024-06-24T15:11:28.389+0000] {dag.py:3490} INFO - Setting next_dagrun for latest_only to 2024-06-24T11:11:28.389828+00:00, run_after=2024-06-24T15:11:28.389828+00:00
[2024-06-24T15:11:28.396+0000] {processor.py:178} INFO - Processing /home/airflow/.local/lib/python3.7/site-packages/airflow/example_dags/example_latest_only.py took 0.032 seconds
[2024-06-24T15:11:59.156+0000] {processor.py:156} INFO - Started process (PID=628) to work on /home/airflow/.local/lib/python3.7/site-packages/airflow/example_dags/example_latest_only.py
[2024-06-24T15:11:59.157+0000] {processor.py:799} INFO - Processing file /home/airflow/.local/lib/python3.7/site-packages/airflow/example_dags/example_latest_only.py for tasks to queue
[2024-06-24T15:11:59.157+0000] {logging_mixin.py:149} INFO - [2024-06-24T15:11:59.157+0000] {dagbag.py:541} INFO - Filling up the DagBag from /home/airflow/.local/lib/python3.7/site-packages/airflow/example_dags/example_latest_only.py
[2024-06-24T15:11:59.159+0000] {processor.py:809} INFO - DAG(s) dict_keys(['latest_only']) retrieved from /home/airflow/.local/lib/python3.7/site-packages/airflow/example_dags/example_latest_only.py
[2024-06-24T15:11:59.170+0000] {logging_mixin.py:149} INFO - [2024-06-24T15:11:59.169+0000] {dag.py:2726} INFO - Sync 1 DAGs
[2024-06-24T15:11:59.184+0000] {logging_mixin.py:149} INFO - [2024-06-24T15:11:59.184+0000] {dag.py:3490} INFO - Setting next_dagrun for latest_only to 2024-06-24T11:11:59.183970+00:00, run_after=2024-06-24T15:11:59.183970+00:00
[2024-06-24T15:11:59.196+0000] {processor.py:178} INFO - Processing /home/airflow/.local/lib/python3.7/site-packages/airflow/example_dags/example_latest_only.py took 0.041 seconds
[2024-06-24T15:12:29.805+0000] {processor.py:156} INFO - Started process (PID=697) to work on /home/airflow/.local/lib/python3.7/site-packages/airflow/example_dags/example_latest_only.py
[2024-06-24T15:12:29.806+0000] {processor.py:799} INFO - Processing file /home/airflow/.local/lib/python3.7/site-packages/airflow/example_dags/example_latest_only.py for tasks to queue
[2024-06-24T15:12:29.806+0000] {logging_mixin.py:149} INFO - [2024-06-24T15:12:29.806+0000] {dagbag.py:541} INFO - Filling up the DagBag from /home/airflow/.local/lib/python3.7/site-packages/airflow/example_dags/example_latest_only.py
[2024-06-24T15:12:29.808+0000] {processor.py:809} INFO - DAG(s) dict_keys(['latest_only']) retrieved from /home/airflow/.local/lib/python3.7/site-packages/airflow/example_dags/example_latest_only.py
[2024-06-24T15:12:29.819+0000] {logging_mixin.py:149} INFO - [2024-06-24T15:12:29.819+0000] {dag.py:2726} INFO - Sync 1 DAGs
[2024-06-24T15:12:29.830+0000] {logging_mixin.py:149} INFO - [2024-06-24T15:12:29.830+0000] {dag.py:3490} INFO - Setting next_dagrun for latest_only to 2024-06-24T11:12:29.830326+00:00, run_after=2024-06-24T15:12:29.830326+00:00
[2024-06-24T15:12:29.838+0000] {processor.py:178} INFO - Processing /home/airflow/.local/lib/python3.7/site-packages/airflow/example_dags/example_latest_only.py took 0.034 seconds
[2024-06-24T15:13:00.503+0000] {processor.py:156} INFO - Started process (PID=766) to work on /home/airflow/.local/lib/python3.7/site-packages/airflow/example_dags/example_latest_only.py
[2024-06-24T15:13:00.503+0000] {processor.py:799} INFO - Processing file /home/airflow/.local/lib/python3.7/site-packages/airflow/example_dags/example_latest_only.py for tasks to queue
[2024-06-24T15:13:00.504+0000] {logging_mixin.py:149} INFO - [2024-06-24T15:13:00.504+0000] {dagbag.py:541} INFO - Filling up the DagBag from /home/airflow/.local/lib/python3.7/site-packages/airflow/example_dags/example_latest_only.py
[2024-06-24T15:13:00.506+0000] {processor.py:809} INFO - DAG(s) dict_keys(['latest_only']) retrieved from /home/airflow/.local/lib/python3.7/site-packages/airflow/example_dags/example_latest_only.py
[2024-06-24T15:13:00.518+0000] {logging_mixin.py:149} INFO - [2024-06-24T15:13:00.518+0000] {dag.py:2726} INFO - Sync 1 DAGs
[2024-06-24T15:13:00.530+0000] {logging_mixin.py:149} INFO - [2024-06-24T15:13:00.529+0000] {dag.py:3490} INFO - Setting next_dagrun for latest_only to 2024-06-24T11:13:00.529866+00:00, run_after=2024-06-24T15:13:00.529866+00:00
[2024-06-24T15:13:00.537+0000] {processor.py:178} INFO - Processing /home/airflow/.local/lib/python3.7/site-packages/airflow/example_dags/example_latest_only.py took 0.035 seconds
[2024-06-24T15:13:31.173+0000] {processor.py:156} INFO - Started process (PID=835) to work on /home/airflow/.local/lib/python3.7/site-packages/airflow/example_dags/example_latest_only.py
[2024-06-24T15:13:31.174+0000] {processor.py:799} INFO - Processing file /home/airflow/.local/lib/python3.7/site-packages/airflow/example_dags/example_latest_only.py for tasks to queue
[2024-06-24T15:13:31.174+0000] {logging_mixin.py:149} INFO - [2024-06-24T15:13:31.174+0000] {dagbag.py:541} INFO - Filling up the DagBag from /home/airflow/.local/lib/python3.7/site-packages/airflow/example_dags/example_latest_only.py
[2024-06-24T15:13:31.176+0000] {processor.py:809} INFO - DAG(s) dict_keys(['latest_only']) retrieved from /home/airflow/.local/lib/python3.7/site-packages/airflow/example_dags/example_latest_only.py
[2024-06-24T15:13:31.185+0000] {logging_mixin.py:149} INFO - [2024-06-24T15:13:31.185+0000] {dag.py:2726} INFO - Sync 1 DAGs
[2024-06-24T15:13:31.196+0000] {logging_mixin.py:149} INFO - [2024-06-24T15:13:31.195+0000] {dag.py:3490} INFO - Setting next_dagrun for latest_only to 2024-06-24T11:13:31.195887+00:00, run_after=2024-06-24T15:13:31.195887+00:00
[2024-06-24T15:13:31.202+0000] {processor.py:178} INFO - Processing /home/airflow/.local/lib/python3.7/site-packages/airflow/example_dags/example_latest_only.py took 0.031 seconds
[2024-06-24T15:14:01.719+0000] {processor.py:156} INFO - Started process (PID=904) to work on /home/airflow/.local/lib/python3.7/site-packages/airflow/example_dags/example_latest_only.py
[2024-06-24T15:14:01.719+0000] {processor.py:799} INFO - Processing file /home/airflow/.local/lib/python3.7/site-packages/airflow/example_dags/example_latest_only.py for tasks to queue
[2024-06-24T15:14:01.720+0000] {logging_mixin.py:149} INFO - [2024-06-24T15:14:01.720+0000] {dagbag.py:541} INFO - Filling up the DagBag from /home/airflow/.local/lib/python3.7/site-packages/airflow/example_dags/example_latest_only.py
[2024-06-24T15:14:01.722+0000] {processor.py:809} INFO - DAG(s) dict_keys(['latest_only']) retrieved from /home/airflow/.local/lib/python3.7/site-packages/airflow/example_dags/example_latest_only.py
[2024-06-24T15:14:01.732+0000] {logging_mixin.py:149} INFO - [2024-06-24T15:14:01.732+0000] {dag.py:2726} INFO - Sync 1 DAGs
[2024-06-24T15:14:01.742+0000] {logging_mixin.py:149} INFO - [2024-06-24T15:14:01.742+0000] {dag.py:3490} INFO - Setting next_dagrun for latest_only to 2024-06-24T11:14:01.742758+00:00, run_after=2024-06-24T15:14:01.742758+00:00
[2024-06-24T15:14:01.751+0000] {processor.py:178} INFO - Processing /home/airflow/.local/lib/python3.7/site-packages/airflow/example_dags/example_latest_only.py took 0.033 seconds
[2024-06-24T15:14:32.224+0000] {processor.py:156} INFO - Started process (PID=973) to work on /home/airflow/.local/lib/python3.7/site-packages/airflow/example_dags/example_latest_only.py
[2024-06-24T15:14:32.224+0000] {processor.py:799} INFO - Processing file /home/airflow/.local/lib/python3.7/site-packages/airflow/example_dags/example_latest_only.py for tasks to queue
[2024-06-24T15:14:32.224+0000] {logging_mixin.py:149} INFO - [2024-06-24T15:14:32.224+0000] {dagbag.py:541} INFO - Filling up the DagBag from /home/airflow/.local/lib/python3.7/site-packages/airflow/example_dags/example_latest_only.py
[2024-06-24T15:14:32.227+0000] {processor.py:809} INFO - DAG(s) dict_keys(['latest_only']) retrieved from /home/airflow/.local/lib/python3.7/site-packages/airflow/example_dags/example_latest_only.py
[2024-06-24T15:14:32.236+0000] {logging_mixin.py:149} INFO - [2024-06-24T15:14:32.236+0000] {dag.py:2726} INFO - Sync 1 DAGs
[2024-06-24T15:14:32.246+0000] {logging_mixin.py:149} INFO - [2024-06-24T15:14:32.246+0000] {dag.py:3490} INFO - Setting next_dagrun for latest_only to 2024-06-24T11:14:32.246712+00:00, run_after=2024-06-24T15:14:32.246712+00:00
[2024-06-24T15:14:32.253+0000] {processor.py:178} INFO - Processing /home/airflow/.local/lib/python3.7/site-packages/airflow/example_dags/example_latest_only.py took 0.031 seconds
[2024-06-24T15:15:02.684+0000] {processor.py:156} INFO - Started process (PID=1042) to work on /home/airflow/.local/lib/python3.7/site-packages/airflow/example_dags/example_latest_only.py
[2024-06-24T15:15:02.684+0000] {processor.py:799} INFO - Processing file /home/airflow/.local/lib/python3.7/site-packages/airflow/example_dags/example_latest_only.py for tasks to queue
[2024-06-24T15:15:02.684+0000] {logging_mixin.py:149} INFO - [2024-06-24T15:15:02.684+0000] {dagbag.py:541} INFO - Filling up the DagBag from /home/airflow/.local/lib/python3.7/site-packages/airflow/example_dags/example_latest_only.py
[2024-06-24T15:15:02.687+0000] {processor.py:809} INFO - DAG(s) dict_keys(['latest_only']) retrieved from /home/airflow/.local/lib/python3.7/site-packages/airflow/example_dags/example_latest_only.py
[2024-06-24T15:15:02.696+0000] {logging_mixin.py:149} INFO - [2024-06-24T15:15:02.696+0000] {dag.py:2726} INFO - Sync 1 DAGs
[2024-06-24T15:15:02.707+0000] {logging_mixin.py:149} INFO - [2024-06-24T15:15:02.707+0000] {dag.py:3490} INFO - Setting next_dagrun for latest_only to 2024-06-24T11:15:02.707696+00:00, run_after=2024-06-24T15:15:02.707696+00:00
[2024-06-24T15:15:02.715+0000] {processor.py:178} INFO - Processing /home/airflow/.local/lib/python3.7/site-packages/airflow/example_dags/example_latest_only.py took 0.032 seconds
[2024-06-24T15:15:33.369+0000] {processor.py:156} INFO - Started process (PID=1120) to work on /home/airflow/.local/lib/python3.7/site-packages/airflow/example_dags/example_latest_only.py
[2024-06-24T15:15:33.370+0000] {processor.py:799} INFO - Processing file /home/airflow/.local/lib/python3.7/site-packages/airflow/example_dags/example_latest_only.py for tasks to queue
[2024-06-24T15:15:33.370+0000] {logging_mixin.py:149} INFO - [2024-06-24T15:15:33.370+0000] {dagbag.py:541} INFO - Filling up the DagBag from /home/airflow/.local/lib/python3.7/site-packages/airflow/example_dags/example_latest_only.py
[2024-06-24T15:15:33.372+0000] {processor.py:809} INFO - DAG(s) dict_keys(['latest_only']) retrieved from /home/airflow/.local/lib/python3.7/site-packages/airflow/example_dags/example_latest_only.py
[2024-06-24T15:15:33.381+0000] {logging_mixin.py:149} INFO - [2024-06-24T15:15:33.381+0000] {dag.py:2726} INFO - Sync 1 DAGs
[2024-06-24T15:15:33.391+0000] {logging_mixin.py:149} INFO - [2024-06-24T15:15:33.391+0000] {dag.py:3490} INFO - Setting next_dagrun for latest_only to 2024-06-24T11:15:33.391783+00:00, run_after=2024-06-24T15:15:33.391783+00:00
[2024-06-24T15:15:33.400+0000] {processor.py:178} INFO - Processing /home/airflow/.local/lib/python3.7/site-packages/airflow/example_dags/example_latest_only.py took 0.032 seconds
[2024-06-24T15:16:03.969+0000] {processor.py:156} INFO - Started process (PID=1189) to work on /home/airflow/.local/lib/python3.7/site-packages/airflow/example_dags/example_latest_only.py
[2024-06-24T15:16:03.969+0000] {processor.py:799} INFO - Processing file /home/airflow/.local/lib/python3.7/site-packages/airflow/example_dags/example_latest_only.py for tasks to queue
[2024-06-24T15:16:03.970+0000] {logging_mixin.py:149} INFO - [2024-06-24T15:16:03.970+0000] {dagbag.py:541} INFO - Filling up the DagBag from /home/airflow/.local/lib/python3.7/site-packages/airflow/example_dags/example_latest_only.py
[2024-06-24T15:16:03.972+0000] {processor.py:809} INFO - DAG(s) dict_keys(['latest_only']) retrieved from /home/airflow/.local/lib/python3.7/site-packages/airflow/example_dags/example_latest_only.py
[2024-06-24T15:16:03.982+0000] {logging_mixin.py:149} INFO - [2024-06-24T15:16:03.981+0000] {dag.py:2726} INFO - Sync 1 DAGs
[2024-06-24T15:16:03.992+0000] {logging_mixin.py:149} INFO - [2024-06-24T15:16:03.992+0000] {dag.py:3490} INFO - Setting next_dagrun for latest_only to 2024-06-24T11:16:03.991914+00:00, run_after=2024-06-24T15:16:03.991914+00:00
[2024-06-24T15:16:03.999+0000] {processor.py:178} INFO - Processing /home/airflow/.local/lib/python3.7/site-packages/airflow/example_dags/example_latest_only.py took 0.031 seconds
[2024-06-24T15:16:34.637+0000] {processor.py:156} INFO - Started process (PID=1258) to work on /home/airflow/.local/lib/python3.7/site-packages/airflow/example_dags/example_latest_only.py
[2024-06-24T15:16:34.637+0000] {processor.py:799} INFO - Processing file /home/airflow/.local/lib/python3.7/site-packages/airflow/example_dags/example_latest_only.py for tasks to queue
[2024-06-24T15:16:34.638+0000] {logging_mixin.py:149} INFO - [2024-06-24T15:16:34.637+0000] {dagbag.py:541} INFO - Filling up the DagBag from /home/airflow/.local/lib/python3.7/site-packages/airflow/example_dags/example_latest_only.py
[2024-06-24T15:16:34.640+0000] {processor.py:809} INFO - DAG(s) dict_keys(['latest_only']) retrieved from /home/airflow/.local/lib/python3.7/site-packages/airflow/example_dags/example_latest_only.py
[2024-06-24T15:16:34.650+0000] {logging_mixin.py:149} INFO - [2024-06-24T15:16:34.649+0000] {dag.py:2726} INFO - Sync 1 DAGs
[2024-06-24T15:16:34.660+0000] {logging_mixin.py:149} INFO - [2024-06-24T15:16:34.659+0000] {dag.py:3490} INFO - Setting next_dagrun for latest_only to 2024-06-24T11:16:34.659811+00:00, run_after=2024-06-24T15:16:34.659811+00:00
[2024-06-24T15:16:34.671+0000] {processor.py:178} INFO - Processing /home/airflow/.local/lib/python3.7/site-packages/airflow/example_dags/example_latest_only.py took 0.035 seconds
[2024-06-24T15:17:05.227+0000] {processor.py:156} INFO - Started process (PID=1327) to work on /home/airflow/.local/lib/python3.7/site-packages/airflow/example_dags/example_latest_only.py
[2024-06-24T15:17:05.227+0000] {processor.py:799} INFO - Processing file /home/airflow/.local/lib/python3.7/site-packages/airflow/example_dags/example_latest_only.py for tasks to queue
[2024-06-24T15:17:05.227+0000] {logging_mixin.py:149} INFO - [2024-06-24T15:17:05.227+0000] {dagbag.py:541} INFO - Filling up the DagBag from /home/airflow/.local/lib/python3.7/site-packages/airflow/example_dags/example_latest_only.py
[2024-06-24T15:17:05.230+0000] {processor.py:809} INFO - DAG(s) dict_keys(['latest_only']) retrieved from /home/airflow/.local/lib/python3.7/site-packages/airflow/example_dags/example_latest_only.py
[2024-06-24T15:17:05.240+0000] {logging_mixin.py:149} INFO - [2024-06-24T15:17:05.239+0000] {dag.py:2726} INFO - Sync 1 DAGs
[2024-06-24T15:17:05.251+0000] {logging_mixin.py:149} INFO - [2024-06-24T15:17:05.251+0000] {dag.py:3490} INFO - Setting next_dagrun for latest_only to 2024-06-24T11:17:05.251093+00:00, run_after=2024-06-24T15:17:05.251093+00:00
[2024-06-24T15:17:05.258+0000] {processor.py:178} INFO - Processing /home/airflow/.local/lib/python3.7/site-packages/airflow/example_dags/example_latest_only.py took 0.032 seconds
[2024-06-24T15:17:35.786+0000] {processor.py:156} INFO - Started process (PID=1395) to work on /home/airflow/.local/lib/python3.7/site-packages/airflow/example_dags/example_latest_only.py
[2024-06-24T15:17:35.786+0000] {processor.py:799} INFO - Processing file /home/airflow/.local/lib/python3.7/site-packages/airflow/example_dags/example_latest_only.py for tasks to queue
[2024-06-24T15:17:35.787+0000] {logging_mixin.py:149} INFO - [2024-06-24T15:17:35.787+0000] {dagbag.py:541} INFO - Filling up the DagBag from /home/airflow/.local/lib/python3.7/site-packages/airflow/example_dags/example_latest_only.py
[2024-06-24T15:17:35.789+0000] {processor.py:809} INFO - DAG(s) dict_keys(['latest_only']) retrieved from /home/airflow/.local/lib/python3.7/site-packages/airflow/example_dags/example_latest_only.py
[2024-06-24T15:17:35.799+0000] {logging_mixin.py:149} INFO - [2024-06-24T15:17:35.799+0000] {dag.py:2726} INFO - Sync 1 DAGs
[2024-06-24T15:17:35.810+0000] {logging_mixin.py:149} INFO - [2024-06-24T15:17:35.810+0000] {dag.py:3490} INFO - Setting next_dagrun for latest_only to 2024-06-24T11:17:35.809901+00:00, run_after=2024-06-24T15:17:35.809901+00:00
[2024-06-24T15:17:35.817+0000] {processor.py:178} INFO - Processing /home/airflow/.local/lib/python3.7/site-packages/airflow/example_dags/example_latest_only.py took 0.033 seconds
[2024-06-24T15:18:06.344+0000] {processor.py:156} INFO - Started process (PID=1464) to work on /home/airflow/.local/lib/python3.7/site-packages/airflow/example_dags/example_latest_only.py
[2024-06-24T15:18:06.344+0000] {processor.py:799} INFO - Processing file /home/airflow/.local/lib/python3.7/site-packages/airflow/example_dags/example_latest_only.py for tasks to queue
[2024-06-24T15:18:06.344+0000] {logging_mixin.py:149} INFO - [2024-06-24T15:18:06.344+0000] {dagbag.py:541} INFO - Filling up the DagBag from /home/airflow/.local/lib/python3.7/site-packages/airflow/example_dags/example_latest_only.py
[2024-06-24T15:18:06.347+0000] {processor.py:809} INFO - DAG(s) dict_keys(['latest_only']) retrieved from /home/airflow/.local/lib/python3.7/site-packages/airflow/example_dags/example_latest_only.py
[2024-06-24T15:18:06.357+0000] {logging_mixin.py:149} INFO - [2024-06-24T15:18:06.357+0000] {dag.py:2726} INFO - Sync 1 DAGs
[2024-06-24T15:18:06.368+0000] {logging_mixin.py:149} INFO - [2024-06-24T15:18:06.368+0000] {dag.py:3490} INFO - Setting next_dagrun for latest_only to 2024-06-24T11:18:06.368599+00:00, run_after=2024-06-24T15:18:06.368599+00:00
[2024-06-24T15:18:06.376+0000] {processor.py:178} INFO - Processing /home/airflow/.local/lib/python3.7/site-packages/airflow/example_dags/example_latest_only.py took 0.033 seconds
[2024-06-24T15:18:37.076+0000] {processor.py:156} INFO - Started process (PID=1533) to work on /home/airflow/.local/lib/python3.7/site-packages/airflow/example_dags/example_latest_only.py
[2024-06-24T15:18:37.077+0000] {processor.py:799} INFO - Processing file /home/airflow/.local/lib/python3.7/site-packages/airflow/example_dags/example_latest_only.py for tasks to queue
[2024-06-24T15:18:37.077+0000] {logging_mixin.py:149} INFO - [2024-06-24T15:18:37.077+0000] {dagbag.py:541} INFO - Filling up the DagBag from /home/airflow/.local/lib/python3.7/site-packages/airflow/example_dags/example_latest_only.py
[2024-06-24T15:18:37.079+0000] {processor.py:809} INFO - DAG(s) dict_keys(['latest_only']) retrieved from /home/airflow/.local/lib/python3.7/site-packages/airflow/example_dags/example_latest_only.py
[2024-06-24T15:18:37.088+0000] {logging_mixin.py:149} INFO - [2024-06-24T15:18:37.088+0000] {dag.py:2726} INFO - Sync 1 DAGs
[2024-06-24T15:18:37.098+0000] {logging_mixin.py:149} INFO - [2024-06-24T15:18:37.098+0000] {dag.py:3490} INFO - Setting next_dagrun for latest_only to 2024-06-24T11:18:37.098516+00:00, run_after=2024-06-24T15:18:37.098516+00:00
[2024-06-24T15:18:37.104+0000] {processor.py:178} INFO - Processing /home/airflow/.local/lib/python3.7/site-packages/airflow/example_dags/example_latest_only.py took 0.029 seconds
[2024-06-24T15:19:07.794+0000] {processor.py:156} INFO - Started process (PID=1602) to work on /home/airflow/.local/lib/python3.7/site-packages/airflow/example_dags/example_latest_only.py
[2024-06-24T15:19:07.794+0000] {processor.py:799} INFO - Processing file /home/airflow/.local/lib/python3.7/site-packages/airflow/example_dags/example_latest_only.py for tasks to queue
[2024-06-24T15:19:07.794+0000] {logging_mixin.py:149} INFO - [2024-06-24T15:19:07.794+0000] {dagbag.py:541} INFO - Filling up the DagBag from /home/airflow/.local/lib/python3.7/site-packages/airflow/example_dags/example_latest_only.py
[2024-06-24T15:19:07.797+0000] {processor.py:809} INFO - DAG(s) dict_keys(['latest_only']) retrieved from /home/airflow/.local/lib/python3.7/site-packages/airflow/example_dags/example_latest_only.py
[2024-06-24T15:19:07.806+0000] {logging_mixin.py:149} INFO - [2024-06-24T15:19:07.806+0000] {dag.py:2726} INFO - Sync 1 DAGs
[2024-06-24T15:19:07.816+0000] {logging_mixin.py:149} INFO - [2024-06-24T15:19:07.816+0000] {dag.py:3490} INFO - Setting next_dagrun for latest_only to 2024-06-24T11:19:07.816342+00:00, run_after=2024-06-24T15:19:07.816342+00:00
[2024-06-24T15:19:07.824+0000] {processor.py:178} INFO - Processing /home/airflow/.local/lib/python3.7/site-packages/airflow/example_dags/example_latest_only.py took 0.032 seconds
[2024-06-24T15:19:38.369+0000] {processor.py:156} INFO - Started process (PID=1671) to work on /home/airflow/.local/lib/python3.7/site-packages/airflow/example_dags/example_latest_only.py
[2024-06-24T15:19:38.369+0000] {processor.py:799} INFO - Processing file /home/airflow/.local/lib/python3.7/site-packages/airflow/example_dags/example_latest_only.py for tasks to queue
[2024-06-24T15:19:38.370+0000] {logging_mixin.py:149} INFO - [2024-06-24T15:19:38.369+0000] {dagbag.py:541} INFO - Filling up the DagBag from /home/airflow/.local/lib/python3.7/site-packages/airflow/example_dags/example_latest_only.py
[2024-06-24T15:19:38.372+0000] {processor.py:809} INFO - DAG(s) dict_keys(['latest_only']) retrieved from /home/airflow/.local/lib/python3.7/site-packages/airflow/example_dags/example_latest_only.py
[2024-06-24T15:19:38.381+0000] {logging_mixin.py:149} INFO - [2024-06-24T15:19:38.381+0000] {dag.py:2726} INFO - Sync 1 DAGs
[2024-06-24T15:19:38.391+0000] {logging_mixin.py:149} INFO - [2024-06-24T15:19:38.391+0000] {dag.py:3490} INFO - Setting next_dagrun for latest_only to 2024-06-24T11:19:38.391037+00:00, run_after=2024-06-24T15:19:38.391037+00:00
[2024-06-24T15:19:38.398+0000] {processor.py:178} INFO - Processing /home/airflow/.local/lib/python3.7/site-packages/airflow/example_dags/example_latest_only.py took 0.030 seconds
[2024-06-24T15:20:08.895+0000] {processor.py:156} INFO - Started process (PID=1740) to work on /home/airflow/.local/lib/python3.7/site-packages/airflow/example_dags/example_latest_only.py
[2024-06-24T15:20:08.895+0000] {processor.py:799} INFO - Processing file /home/airflow/.local/lib/python3.7/site-packages/airflow/example_dags/example_latest_only.py for tasks to queue
[2024-06-24T15:20:08.895+0000] {logging_mixin.py:149} INFO - [2024-06-24T15:20:08.895+0000] {dagbag.py:541} INFO - Filling up the DagBag from /home/airflow/.local/lib/python3.7/site-packages/airflow/example_dags/example_latest_only.py
[2024-06-24T15:20:08.899+0000] {processor.py:809} INFO - DAG(s) dict_keys(['latest_only']) retrieved from /home/airflow/.local/lib/python3.7/site-packages/airflow/example_dags/example_latest_only.py
[2024-06-24T15:20:08.914+0000] {logging_mixin.py:149} INFO - [2024-06-24T15:20:08.914+0000] {dag.py:2726} INFO - Sync 1 DAGs
[2024-06-24T15:20:08.931+0000] {logging_mixin.py:149} INFO - [2024-06-24T15:20:08.931+0000] {dag.py:3490} INFO - Setting next_dagrun for latest_only to 2024-06-24T11:20:08.931172+00:00, run_after=2024-06-24T15:20:08.931172+00:00
[2024-06-24T15:20:08.940+0000] {processor.py:178} INFO - Processing /home/airflow/.local/lib/python3.7/site-packages/airflow/example_dags/example_latest_only.py took 0.047 seconds
[2024-06-24T15:20:39.612+0000] {processor.py:156} INFO - Started process (PID=1809) to work on /home/airflow/.local/lib/python3.7/site-packages/airflow/example_dags/example_latest_only.py
[2024-06-24T15:20:39.612+0000] {processor.py:799} INFO - Processing file /home/airflow/.local/lib/python3.7/site-packages/airflow/example_dags/example_latest_only.py for tasks to queue
[2024-06-24T15:20:39.613+0000] {logging_mixin.py:149} INFO - [2024-06-24T15:20:39.613+0000] {dagbag.py:541} INFO - Filling up the DagBag from /home/airflow/.local/lib/python3.7/site-packages/airflow/example_dags/example_latest_only.py
[2024-06-24T15:20:39.615+0000] {processor.py:809} INFO - DAG(s) dict_keys(['latest_only']) retrieved from /home/airflow/.local/lib/python3.7/site-packages/airflow/example_dags/example_latest_only.py
[2024-06-24T15:20:39.625+0000] {logging_mixin.py:149} INFO - [2024-06-24T15:20:39.625+0000] {dag.py:2726} INFO - Sync 1 DAGs
[2024-06-24T15:20:39.636+0000] {logging_mixin.py:149} INFO - [2024-06-24T15:20:39.635+0000] {dag.py:3490} INFO - Setting next_dagrun for latest_only to 2024-06-24T11:20:39.635851+00:00, run_after=2024-06-24T15:20:39.635851+00:00
[2024-06-24T15:20:39.643+0000] {processor.py:178} INFO - Processing /home/airflow/.local/lib/python3.7/site-packages/airflow/example_dags/example_latest_only.py took 0.032 seconds
[2024-06-24T15:21:10.280+0000] {processor.py:156} INFO - Started process (PID=1878) to work on /home/airflow/.local/lib/python3.7/site-packages/airflow/example_dags/example_latest_only.py
[2024-06-24T15:21:10.280+0000] {processor.py:799} INFO - Processing file /home/airflow/.local/lib/python3.7/site-packages/airflow/example_dags/example_latest_only.py for tasks to queue
[2024-06-24T15:21:10.280+0000] {logging_mixin.py:149} INFO - [2024-06-24T15:21:10.280+0000] {dagbag.py:541} INFO - Filling up the DagBag from /home/airflow/.local/lib/python3.7/site-packages/airflow/example_dags/example_latest_only.py
[2024-06-24T15:21:10.283+0000] {processor.py:809} INFO - DAG(s) dict_keys(['latest_only']) retrieved from /home/airflow/.local/lib/python3.7/site-packages/airflow/example_dags/example_latest_only.py
[2024-06-24T15:21:10.292+0000] {logging_mixin.py:149} INFO - [2024-06-24T15:21:10.292+0000] {dag.py:2726} INFO - Sync 1 DAGs
[2024-06-24T15:21:10.302+0000] {logging_mixin.py:149} INFO - [2024-06-24T15:21:10.302+0000] {dag.py:3490} INFO - Setting next_dagrun for latest_only to 2024-06-24T11:21:10.302103+00:00, run_after=2024-06-24T15:21:10.302103+00:00
[2024-06-24T15:21:10.309+0000] {processor.py:178} INFO - Processing /home/airflow/.local/lib/python3.7/site-packages/airflow/example_dags/example_latest_only.py took 0.030 seconds
[2024-06-24T15:21:41.137+0000] {processor.py:156} INFO - Started process (PID=1946) to work on /home/airflow/.local/lib/python3.7/site-packages/airflow/example_dags/example_latest_only.py
[2024-06-24T15:21:41.137+0000] {processor.py:799} INFO - Processing file /home/airflow/.local/lib/python3.7/site-packages/airflow/example_dags/example_latest_only.py for tasks to queue
[2024-06-24T15:21:41.137+0000] {logging_mixin.py:149} INFO - [2024-06-24T15:21:41.137+0000] {dagbag.py:541} INFO - Filling up the DagBag from /home/airflow/.local/lib/python3.7/site-packages/airflow/example_dags/example_latest_only.py
[2024-06-24T15:21:41.140+0000] {processor.py:809} INFO - DAG(s) dict_keys(['latest_only']) retrieved from /home/airflow/.local/lib/python3.7/site-packages/airflow/example_dags/example_latest_only.py
[2024-06-24T15:21:41.149+0000] {logging_mixin.py:149} INFO - [2024-06-24T15:21:41.149+0000] {dag.py:2726} INFO - Sync 1 DAGs
[2024-06-24T15:21:41.159+0000] {logging_mixin.py:149} INFO - [2024-06-24T15:21:41.159+0000] {dag.py:3490} INFO - Setting next_dagrun for latest_only to 2024-06-24T11:21:41.159254+00:00, run_after=2024-06-24T15:21:41.159254+00:00
[2024-06-24T15:21:41.166+0000] {processor.py:178} INFO - Processing /home/airflow/.local/lib/python3.7/site-packages/airflow/example_dags/example_latest_only.py took 0.031 seconds
[2024-06-24T15:22:11.919+0000] {processor.py:156} INFO - Started process (PID=2015) to work on /home/airflow/.local/lib/python3.7/site-packages/airflow/example_dags/example_latest_only.py
[2024-06-24T15:22:11.920+0000] {processor.py:799} INFO - Processing file /home/airflow/.local/lib/python3.7/site-packages/airflow/example_dags/example_latest_only.py for tasks to queue
[2024-06-24T15:22:11.920+0000] {logging_mixin.py:149} INFO - [2024-06-24T15:22:11.920+0000] {dagbag.py:541} INFO - Filling up the DagBag from /home/airflow/.local/lib/python3.7/site-packages/airflow/example_dags/example_latest_only.py
[2024-06-24T15:22:11.922+0000] {processor.py:809} INFO - DAG(s) dict_keys(['latest_only']) retrieved from /home/airflow/.local/lib/python3.7/site-packages/airflow/example_dags/example_latest_only.py
[2024-06-24T15:22:11.933+0000] {logging_mixin.py:149} INFO - [2024-06-24T15:22:11.932+0000] {dag.py:2726} INFO - Sync 1 DAGs
[2024-06-24T15:22:11.943+0000] {logging_mixin.py:149} INFO - [2024-06-24T15:22:11.943+0000] {dag.py:3490} INFO - Setting next_dagrun for latest_only to 2024-06-24T11:22:11.943728+00:00, run_after=2024-06-24T15:22:11.943728+00:00
[2024-06-24T15:22:11.951+0000] {processor.py:178} INFO - Processing /home/airflow/.local/lib/python3.7/site-packages/airflow/example_dags/example_latest_only.py took 0.033 seconds
[2024-06-24T15:22:42.540+0000] {processor.py:156} INFO - Started process (PID=2083) to work on /home/airflow/.local/lib/python3.7/site-packages/airflow/example_dags/example_latest_only.py
[2024-06-24T15:22:42.541+0000] {processor.py:799} INFO - Processing file /home/airflow/.local/lib/python3.7/site-packages/airflow/example_dags/example_latest_only.py for tasks to queue
[2024-06-24T15:22:42.541+0000] {logging_mixin.py:149} INFO - [2024-06-24T15:22:42.541+0000] {dagbag.py:541} INFO - Filling up the DagBag from /home/airflow/.local/lib/python3.7/site-packages/airflow/example_dags/example_latest_only.py
[2024-06-24T15:22:42.543+0000] {processor.py:809} INFO - DAG(s) dict_keys(['latest_only']) retrieved from /home/airflow/.local/lib/python3.7/site-packages/airflow/example_dags/example_latest_only.py
[2024-06-24T15:22:42.552+0000] {logging_mixin.py:149} INFO - [2024-06-24T15:22:42.552+0000] {dag.py:2726} INFO - Sync 1 DAGs
[2024-06-24T15:22:42.563+0000] {logging_mixin.py:149} INFO - [2024-06-24T15:22:42.562+0000] {dag.py:3490} INFO - Setting next_dagrun for latest_only to 2024-06-24T11:22:42.562878+00:00, run_after=2024-06-24T15:22:42.562878+00:00
[2024-06-24T15:22:42.570+0000] {processor.py:178} INFO - Processing /home/airflow/.local/lib/python3.7/site-packages/airflow/example_dags/example_latest_only.py took 0.031 seconds
[2024-06-24T15:23:13.197+0000] {processor.py:156} INFO - Started process (PID=2152) to work on /home/airflow/.local/lib/python3.7/site-packages/airflow/example_dags/example_latest_only.py
[2024-06-24T15:23:13.197+0000] {processor.py:799} INFO - Processing file /home/airflow/.local/lib/python3.7/site-packages/airflow/example_dags/example_latest_only.py for tasks to queue
[2024-06-24T15:23:13.197+0000] {logging_mixin.py:149} INFO - [2024-06-24T15:23:13.197+0000] {dagbag.py:541} INFO - Filling up the DagBag from /home/airflow/.local/lib/python3.7/site-packages/airflow/example_dags/example_latest_only.py
[2024-06-24T15:23:13.200+0000] {processor.py:809} INFO - DAG(s) dict_keys(['latest_only']) retrieved from /home/airflow/.local/lib/python3.7/site-packages/airflow/example_dags/example_latest_only.py
[2024-06-24T15:23:13.209+0000] {logging_mixin.py:149} INFO - [2024-06-24T15:23:13.209+0000] {dag.py:2726} INFO - Sync 1 DAGs
[2024-06-24T15:23:13.220+0000] {logging_mixin.py:149} INFO - [2024-06-24T15:23:13.220+0000] {dag.py:3490} INFO - Setting next_dagrun for latest_only to 2024-06-24T11:23:13.220144+00:00, run_after=2024-06-24T15:23:13.220144+00:00
[2024-06-24T15:23:13.228+0000] {processor.py:178} INFO - Processing /home/airflow/.local/lib/python3.7/site-packages/airflow/example_dags/example_latest_only.py took 0.032 seconds
[2024-06-24T15:23:43.912+0000] {processor.py:156} INFO - Started process (PID=2221) to work on /home/airflow/.local/lib/python3.7/site-packages/airflow/example_dags/example_latest_only.py
[2024-06-24T15:23:43.913+0000] {processor.py:799} INFO - Processing file /home/airflow/.local/lib/python3.7/site-packages/airflow/example_dags/example_latest_only.py for tasks to queue
[2024-06-24T15:23:43.913+0000] {logging_mixin.py:149} INFO - [2024-06-24T15:23:43.913+0000] {dagbag.py:541} INFO - Filling up the DagBag from /home/airflow/.local/lib/python3.7/site-packages/airflow/example_dags/example_latest_only.py
[2024-06-24T15:23:43.915+0000] {processor.py:809} INFO - DAG(s) dict_keys(['latest_only']) retrieved from /home/airflow/.local/lib/python3.7/site-packages/airflow/example_dags/example_latest_only.py
[2024-06-24T15:23:43.925+0000] {logging_mixin.py:149} INFO - [2024-06-24T15:23:43.925+0000] {dag.py:2726} INFO - Sync 1 DAGs
[2024-06-24T15:23:43.936+0000] {logging_mixin.py:149} INFO - [2024-06-24T15:23:43.936+0000] {dag.py:3490} INFO - Setting next_dagrun for latest_only to 2024-06-24T11:23:43.936557+00:00, run_after=2024-06-24T15:23:43.936557+00:00
[2024-06-24T15:23:43.944+0000] {processor.py:178} INFO - Processing /home/airflow/.local/lib/python3.7/site-packages/airflow/example_dags/example_latest_only.py took 0.033 seconds
[2024-06-24T15:24:14.649+0000] {processor.py:156} INFO - Started process (PID=2290) to work on /home/airflow/.local/lib/python3.7/site-packages/airflow/example_dags/example_latest_only.py
[2024-06-24T15:24:14.650+0000] {processor.py:799} INFO - Processing file /home/airflow/.local/lib/python3.7/site-packages/airflow/example_dags/example_latest_only.py for tasks to queue
[2024-06-24T15:24:14.650+0000] {logging_mixin.py:149} INFO - [2024-06-24T15:24:14.650+0000] {dagbag.py:541} INFO - Filling up the DagBag from /home/airflow/.local/lib/python3.7/site-packages/airflow/example_dags/example_latest_only.py
[2024-06-24T15:24:14.652+0000] {processor.py:809} INFO - DAG(s) dict_keys(['latest_only']) retrieved from /home/airflow/.local/lib/python3.7/site-packages/airflow/example_dags/example_latest_only.py
[2024-06-24T15:24:14.664+0000] {logging_mixin.py:149} INFO - [2024-06-24T15:24:14.664+0000] {dag.py:2726} INFO - Sync 1 DAGs
[2024-06-24T15:24:14.677+0000] {logging_mixin.py:149} INFO - [2024-06-24T15:24:14.677+0000] {dag.py:3490} INFO - Setting next_dagrun for latest_only to 2024-06-24T11:24:14.676910+00:00, run_after=2024-06-24T15:24:14.676910+00:00
[2024-06-24T15:24:14.684+0000] {processor.py:178} INFO - Processing /home/airflow/.local/lib/python3.7/site-packages/airflow/example_dags/example_latest_only.py took 0.037 seconds
[2024-06-24T15:24:45.213+0000] {processor.py:156} INFO - Started process (PID=2359) to work on /home/airflow/.local/lib/python3.7/site-packages/airflow/example_dags/example_latest_only.py
[2024-06-24T15:24:45.214+0000] {processor.py:799} INFO - Processing file /home/airflow/.local/lib/python3.7/site-packages/airflow/example_dags/example_latest_only.py for tasks to queue
[2024-06-24T15:24:45.214+0000] {logging_mixin.py:149} INFO - [2024-06-24T15:24:45.214+0000] {dagbag.py:541} INFO - Filling up the DagBag from /home/airflow/.local/lib/python3.7/site-packages/airflow/example_dags/example_latest_only.py
[2024-06-24T15:24:45.216+0000] {processor.py:809} INFO - DAG(s) dict_keys(['latest_only']) retrieved from /home/airflow/.local/lib/python3.7/site-packages/airflow/example_dags/example_latest_only.py
[2024-06-24T15:24:45.227+0000] {logging_mixin.py:149} INFO - [2024-06-24T15:24:45.227+0000] {dag.py:2726} INFO - Sync 1 DAGs
[2024-06-24T15:24:45.238+0000] {logging_mixin.py:149} INFO - [2024-06-24T15:24:45.238+0000] {dag.py:3490} INFO - Setting next_dagrun for latest_only to 2024-06-24T11:24:45.238113+00:00, run_after=2024-06-24T15:24:45.238113+00:00
[2024-06-24T15:24:45.245+0000] {processor.py:178} INFO - Processing /home/airflow/.local/lib/python3.7/site-packages/airflow/example_dags/example_latest_only.py took 0.033 seconds
[2024-06-24T15:25:15.783+0000] {processor.py:156} INFO - Started process (PID=2427) to work on /home/airflow/.local/lib/python3.7/site-packages/airflow/example_dags/example_latest_only.py
[2024-06-24T15:25:15.783+0000] {processor.py:799} INFO - Processing file /home/airflow/.local/lib/python3.7/site-packages/airflow/example_dags/example_latest_only.py for tasks to queue
[2024-06-24T15:25:15.784+0000] {logging_mixin.py:149} INFO - [2024-06-24T15:25:15.784+0000] {dagbag.py:541} INFO - Filling up the DagBag from /home/airflow/.local/lib/python3.7/site-packages/airflow/example_dags/example_latest_only.py
[2024-06-24T15:25:15.786+0000] {processor.py:809} INFO - DAG(s) dict_keys(['latest_only']) retrieved from /home/airflow/.local/lib/python3.7/site-packages/airflow/example_dags/example_latest_only.py
[2024-06-24T15:25:15.797+0000] {logging_mixin.py:149} INFO - [2024-06-24T15:25:15.797+0000] {dag.py:2726} INFO - Sync 1 DAGs
[2024-06-24T15:25:15.809+0000] {logging_mixin.py:149} INFO - [2024-06-24T15:25:15.809+0000] {dag.py:3490} INFO - Setting next_dagrun for latest_only to 2024-06-24T11:25:15.809397+00:00, run_after=2024-06-24T15:25:15.809397+00:00
[2024-06-24T15:25:15.818+0000] {processor.py:178} INFO - Processing /home/airflow/.local/lib/python3.7/site-packages/airflow/example_dags/example_latest_only.py took 0.036 seconds
[2024-06-24T15:25:46.412+0000] {processor.py:156} INFO - Started process (PID=2502) to work on /home/airflow/.local/lib/python3.7/site-packages/airflow/example_dags/example_latest_only.py
[2024-06-24T15:25:46.412+0000] {processor.py:799} INFO - Processing file /home/airflow/.local/lib/python3.7/site-packages/airflow/example_dags/example_latest_only.py for tasks to queue
[2024-06-24T15:25:46.413+0000] {logging_mixin.py:149} INFO - [2024-06-24T15:25:46.413+0000] {dagbag.py:541} INFO - Filling up the DagBag from /home/airflow/.local/lib/python3.7/site-packages/airflow/example_dags/example_latest_only.py
[2024-06-24T15:25:46.416+0000] {processor.py:809} INFO - DAG(s) dict_keys(['latest_only']) retrieved from /home/airflow/.local/lib/python3.7/site-packages/airflow/example_dags/example_latest_only.py
[2024-06-24T15:25:46.426+0000] {logging_mixin.py:149} INFO - [2024-06-24T15:25:46.426+0000] {dag.py:2726} INFO - Sync 1 DAGs
[2024-06-24T15:25:46.439+0000] {logging_mixin.py:149} INFO - [2024-06-24T15:25:46.438+0000] {dag.py:3490} INFO - Setting next_dagrun for latest_only to 2024-06-24T11:25:46.438851+00:00, run_after=2024-06-24T15:25:46.438851+00:00
[2024-06-24T15:25:46.447+0000] {processor.py:178} INFO - Processing /home/airflow/.local/lib/python3.7/site-packages/airflow/example_dags/example_latest_only.py took 0.037 seconds
[2024-06-24T15:26:16.960+0000] {processor.py:156} INFO - Started process (PID=2571) to work on /home/airflow/.local/lib/python3.7/site-packages/airflow/example_dags/example_latest_only.py
[2024-06-24T15:26:16.961+0000] {processor.py:799} INFO - Processing file /home/airflow/.local/lib/python3.7/site-packages/airflow/example_dags/example_latest_only.py for tasks to queue
[2024-06-24T15:26:16.961+0000] {logging_mixin.py:149} INFO - [2024-06-24T15:26:16.961+0000] {dagbag.py:541} INFO - Filling up the DagBag from /home/airflow/.local/lib/python3.7/site-packages/airflow/example_dags/example_latest_only.py
[2024-06-24T15:26:16.963+0000] {processor.py:809} INFO - DAG(s) dict_keys(['latest_only']) retrieved from /home/airflow/.local/lib/python3.7/site-packages/airflow/example_dags/example_latest_only.py
[2024-06-24T15:26:16.974+0000] {logging_mixin.py:149} INFO - [2024-06-24T15:26:16.973+0000] {dag.py:2726} INFO - Sync 1 DAGs
[2024-06-24T15:26:16.985+0000] {logging_mixin.py:149} INFO - [2024-06-24T15:26:16.985+0000] {dag.py:3490} INFO - Setting next_dagrun for latest_only to 2024-06-24T11:26:16.984967+00:00, run_after=2024-06-24T15:26:16.984967+00:00
[2024-06-24T15:26:16.992+0000] {processor.py:178} INFO - Processing /home/airflow/.local/lib/python3.7/site-packages/airflow/example_dags/example_latest_only.py took 0.033 seconds
[2024-06-24T15:26:47.702+0000] {processor.py:156} INFO - Started process (PID=2640) to work on /home/airflow/.local/lib/python3.7/site-packages/airflow/example_dags/example_latest_only.py
[2024-06-24T15:26:47.703+0000] {processor.py:799} INFO - Processing file /home/airflow/.local/lib/python3.7/site-packages/airflow/example_dags/example_latest_only.py for tasks to queue
[2024-06-24T15:26:47.703+0000] {logging_mixin.py:149} INFO - [2024-06-24T15:26:47.703+0000] {dagbag.py:541} INFO - Filling up the DagBag from /home/airflow/.local/lib/python3.7/site-packages/airflow/example_dags/example_latest_only.py
[2024-06-24T15:26:47.706+0000] {processor.py:809} INFO - DAG(s) dict_keys(['latest_only']) retrieved from /home/airflow/.local/lib/python3.7/site-packages/airflow/example_dags/example_latest_only.py
[2024-06-24T15:26:47.719+0000] {logging_mixin.py:149} INFO - [2024-06-24T15:26:47.719+0000] {dag.py:2726} INFO - Sync 1 DAGs
[2024-06-24T15:26:47.733+0000] {logging_mixin.py:149} INFO - [2024-06-24T15:26:47.733+0000] {dag.py:3490} INFO - Setting next_dagrun for latest_only to 2024-06-24T11:26:47.733114+00:00, run_after=2024-06-24T15:26:47.733114+00:00
[2024-06-24T15:26:47.743+0000] {processor.py:178} INFO - Processing /home/airflow/.local/lib/python3.7/site-packages/airflow/example_dags/example_latest_only.py took 0.043 seconds
[2024-06-24T15:27:18.586+0000] {processor.py:156} INFO - Started process (PID=2709) to work on /home/airflow/.local/lib/python3.7/site-packages/airflow/example_dags/example_latest_only.py
[2024-06-24T15:27:18.587+0000] {processor.py:799} INFO - Processing file /home/airflow/.local/lib/python3.7/site-packages/airflow/example_dags/example_latest_only.py for tasks to queue
[2024-06-24T15:27:18.587+0000] {logging_mixin.py:149} INFO - [2024-06-24T15:27:18.587+0000] {dagbag.py:541} INFO - Filling up the DagBag from /home/airflow/.local/lib/python3.7/site-packages/airflow/example_dags/example_latest_only.py
[2024-06-24T15:27:18.589+0000] {processor.py:809} INFO - DAG(s) dict_keys(['latest_only']) retrieved from /home/airflow/.local/lib/python3.7/site-packages/airflow/example_dags/example_latest_only.py
[2024-06-24T15:27:18.599+0000] {logging_mixin.py:149} INFO - [2024-06-24T15:27:18.599+0000] {dag.py:2726} INFO - Sync 1 DAGs
[2024-06-24T15:27:18.610+0000] {logging_mixin.py:149} INFO - [2024-06-24T15:27:18.610+0000] {dag.py:3490} INFO - Setting next_dagrun for latest_only to 2024-06-24T11:27:18.610690+00:00, run_after=2024-06-24T15:27:18.610690+00:00
[2024-06-24T15:27:18.618+0000] {processor.py:178} INFO - Processing /home/airflow/.local/lib/python3.7/site-packages/airflow/example_dags/example_latest_only.py took 0.033 seconds
[2024-06-24T15:27:49.410+0000] {processor.py:156} INFO - Started process (PID=2778) to work on /home/airflow/.local/lib/python3.7/site-packages/airflow/example_dags/example_latest_only.py
[2024-06-24T15:27:49.410+0000] {processor.py:799} INFO - Processing file /home/airflow/.local/lib/python3.7/site-packages/airflow/example_dags/example_latest_only.py for tasks to queue
[2024-06-24T15:27:49.411+0000] {logging_mixin.py:149} INFO - [2024-06-24T15:27:49.411+0000] {dagbag.py:541} INFO - Filling up the DagBag from /home/airflow/.local/lib/python3.7/site-packages/airflow/example_dags/example_latest_only.py
[2024-06-24T15:27:49.415+0000] {processor.py:809} INFO - DAG(s) dict_keys(['latest_only']) retrieved from /home/airflow/.local/lib/python3.7/site-packages/airflow/example_dags/example_latest_only.py
[2024-06-24T15:27:49.427+0000] {logging_mixin.py:149} INFO - [2024-06-24T15:27:49.427+0000] {dag.py:2726} INFO - Sync 1 DAGs
[2024-06-24T15:27:49.441+0000] {logging_mixin.py:149} INFO - [2024-06-24T15:27:49.441+0000] {dag.py:3490} INFO - Setting next_dagrun for latest_only to 2024-06-24T11:27:49.441522+00:00, run_after=2024-06-24T15:27:49.441522+00:00
[2024-06-24T15:27:49.452+0000] {processor.py:178} INFO - Processing /home/airflow/.local/lib/python3.7/site-packages/airflow/example_dags/example_latest_only.py took 0.044 seconds
[2024-06-24T15:28:20.287+0000] {processor.py:156} INFO - Started process (PID=2847) to work on /home/airflow/.local/lib/python3.7/site-packages/airflow/example_dags/example_latest_only.py
[2024-06-24T15:28:20.287+0000] {processor.py:799} INFO - Processing file /home/airflow/.local/lib/python3.7/site-packages/airflow/example_dags/example_latest_only.py for tasks to queue
[2024-06-24T15:28:20.288+0000] {logging_mixin.py:149} INFO - [2024-06-24T15:28:20.288+0000] {dagbag.py:541} INFO - Filling up the DagBag from /home/airflow/.local/lib/python3.7/site-packages/airflow/example_dags/example_latest_only.py
[2024-06-24T15:28:20.291+0000] {processor.py:809} INFO - DAG(s) dict_keys(['latest_only']) retrieved from /home/airflow/.local/lib/python3.7/site-packages/airflow/example_dags/example_latest_only.py
[2024-06-24T15:28:20.302+0000] {logging_mixin.py:149} INFO - [2024-06-24T15:28:20.302+0000] {dag.py:2726} INFO - Sync 1 DAGs
[2024-06-24T15:28:20.314+0000] {logging_mixin.py:149} INFO - [2024-06-24T15:28:20.313+0000] {dag.py:3490} INFO - Setting next_dagrun for latest_only to 2024-06-24T11:28:20.313835+00:00, run_after=2024-06-24T15:28:20.313835+00:00
[2024-06-24T15:28:20.321+0000] {processor.py:178} INFO - Processing /home/airflow/.local/lib/python3.7/site-packages/airflow/example_dags/example_latest_only.py took 0.036 seconds
[2024-06-24T15:28:51.180+0000] {processor.py:156} INFO - Started process (PID=2916) to work on /home/airflow/.local/lib/python3.7/site-packages/airflow/example_dags/example_latest_only.py
[2024-06-24T15:28:51.180+0000] {processor.py:799} INFO - Processing file /home/airflow/.local/lib/python3.7/site-packages/airflow/example_dags/example_latest_only.py for tasks to queue
[2024-06-24T15:28:51.180+0000] {logging_mixin.py:149} INFO - [2024-06-24T15:28:51.180+0000] {dagbag.py:541} INFO - Filling up the DagBag from /home/airflow/.local/lib/python3.7/site-packages/airflow/example_dags/example_latest_only.py
[2024-06-24T15:28:51.182+0000] {processor.py:809} INFO - DAG(s) dict_keys(['latest_only']) retrieved from /home/airflow/.local/lib/python3.7/site-packages/airflow/example_dags/example_latest_only.py
[2024-06-24T15:28:51.192+0000] {logging_mixin.py:149} INFO - [2024-06-24T15:28:51.192+0000] {dag.py:2726} INFO - Sync 1 DAGs
[2024-06-24T15:28:51.203+0000] {logging_mixin.py:149} INFO - [2024-06-24T15:28:51.203+0000] {dag.py:3490} INFO - Setting next_dagrun for latest_only to 2024-06-24T11:28:51.203743+00:00, run_after=2024-06-24T15:28:51.203743+00:00
[2024-06-24T15:28:51.211+0000] {processor.py:178} INFO - Processing /home/airflow/.local/lib/python3.7/site-packages/airflow/example_dags/example_latest_only.py took 0.032 seconds
[2024-06-24T15:29:21.819+0000] {processor.py:156} INFO - Started process (PID=2984) to work on /home/airflow/.local/lib/python3.7/site-packages/airflow/example_dags/example_latest_only.py
[2024-06-24T15:29:21.820+0000] {processor.py:799} INFO - Processing file /home/airflow/.local/lib/python3.7/site-packages/airflow/example_dags/example_latest_only.py for tasks to queue
[2024-06-24T15:29:21.820+0000] {logging_mixin.py:149} INFO - [2024-06-24T15:29:21.820+0000] {dagbag.py:541} INFO - Filling up the DagBag from /home/airflow/.local/lib/python3.7/site-packages/airflow/example_dags/example_latest_only.py
[2024-06-24T15:29:21.823+0000] {processor.py:809} INFO - DAG(s) dict_keys(['latest_only']) retrieved from /home/airflow/.local/lib/python3.7/site-packages/airflow/example_dags/example_latest_only.py
[2024-06-24T15:29:21.834+0000] {logging_mixin.py:149} INFO - [2024-06-24T15:29:21.834+0000] {dag.py:2726} INFO - Sync 1 DAGs
[2024-06-24T15:29:21.846+0000] {logging_mixin.py:149} INFO - [2024-06-24T15:29:21.846+0000] {dag.py:3490} INFO - Setting next_dagrun for latest_only to 2024-06-24T11:29:21.846291+00:00, run_after=2024-06-24T15:29:21.846291+00:00
[2024-06-24T15:29:21.855+0000] {processor.py:178} INFO - Processing /home/airflow/.local/lib/python3.7/site-packages/airflow/example_dags/example_latest_only.py took 0.038 seconds
[2024-06-24T15:29:52.523+0000] {processor.py:156} INFO - Started process (PID=3053) to work on /home/airflow/.local/lib/python3.7/site-packages/airflow/example_dags/example_latest_only.py
[2024-06-24T15:29:52.524+0000] {processor.py:799} INFO - Processing file /home/airflow/.local/lib/python3.7/site-packages/airflow/example_dags/example_latest_only.py for tasks to queue
[2024-06-24T15:29:52.524+0000] {logging_mixin.py:149} INFO - [2024-06-24T15:29:52.524+0000] {dagbag.py:541} INFO - Filling up the DagBag from /home/airflow/.local/lib/python3.7/site-packages/airflow/example_dags/example_latest_only.py
[2024-06-24T15:29:52.526+0000] {processor.py:809} INFO - DAG(s) dict_keys(['latest_only']) retrieved from /home/airflow/.local/lib/python3.7/site-packages/airflow/example_dags/example_latest_only.py
[2024-06-24T15:29:52.537+0000] {logging_mixin.py:149} INFO - [2024-06-24T15:29:52.537+0000] {dag.py:2726} INFO - Sync 1 DAGs
[2024-06-24T15:29:52.548+0000] {logging_mixin.py:149} INFO - [2024-06-24T15:29:52.548+0000] {dag.py:3490} INFO - Setting next_dagrun for latest_only to 2024-06-24T11:29:52.548147+00:00, run_after=2024-06-24T15:29:52.548147+00:00
[2024-06-24T15:29:52.555+0000] {processor.py:178} INFO - Processing /home/airflow/.local/lib/python3.7/site-packages/airflow/example_dags/example_latest_only.py took 0.034 seconds
[2024-06-24T15:30:23.176+0000] {processor.py:156} INFO - Started process (PID=3121) to work on /home/airflow/.local/lib/python3.7/site-packages/airflow/example_dags/example_latest_only.py
[2024-06-24T15:30:23.177+0000] {processor.py:799} INFO - Processing file /home/airflow/.local/lib/python3.7/site-packages/airflow/example_dags/example_latest_only.py for tasks to queue
[2024-06-24T15:30:23.177+0000] {logging_mixin.py:149} INFO - [2024-06-24T15:30:23.177+0000] {dagbag.py:541} INFO - Filling up the DagBag from /home/airflow/.local/lib/python3.7/site-packages/airflow/example_dags/example_latest_only.py
[2024-06-24T15:30:23.179+0000] {processor.py:809} INFO - DAG(s) dict_keys(['latest_only']) retrieved from /home/airflow/.local/lib/python3.7/site-packages/airflow/example_dags/example_latest_only.py
[2024-06-24T15:30:23.190+0000] {logging_mixin.py:149} INFO - [2024-06-24T15:30:23.190+0000] {dag.py:2726} INFO - Sync 1 DAGs
[2024-06-24T15:30:23.202+0000] {logging_mixin.py:149} INFO - [2024-06-24T15:30:23.202+0000] {dag.py:3490} INFO - Setting next_dagrun for latest_only to 2024-06-24T11:30:23.202400+00:00, run_after=2024-06-24T15:30:23.202400+00:00
[2024-06-24T15:30:23.210+0000] {processor.py:178} INFO - Processing /home/airflow/.local/lib/python3.7/site-packages/airflow/example_dags/example_latest_only.py took 0.034 seconds
