[2024-06-24T15:03:49.863+0000] {processor.py:156} INFO - Started process (PID=58) to work on /home/airflow/.local/lib/python3.7/site-packages/airflow/example_dags/example_dynamic_task_mapping.py
[2024-06-24T15:03:49.864+0000] {processor.py:799} INFO - Processing file /home/airflow/.local/lib/python3.7/site-packages/airflow/example_dags/example_dynamic_task_mapping.py for tasks to queue
[2024-06-24T15:03:49.865+0000] {logging_mixin.py:149} INFO - [2024-06-24T15:03:49.865+0000] {dagbag.py:541} INFO - Filling up the DagBag from /home/airflow/.local/lib/python3.7/site-packages/airflow/example_dags/example_dynamic_task_mapping.py
[2024-06-24T15:03:49.874+0000] {processor.py:809} INFO - DAG(s) dict_keys(['example_dynamic_task_mapping']) retrieved from /home/airflow/.local/lib/python3.7/site-packages/airflow/example_dags/example_dynamic_task_mapping.py
[2024-06-24T15:03:49.955+0000] {logging_mixin.py:149} INFO - [2024-06-24T15:03:49.955+0000] {manager.py:504} INFO - Created Permission View: can delete on DAG:example_dynamic_task_mapping
[2024-06-24T15:03:49.962+0000] {logging_mixin.py:149} INFO - [2024-06-24T15:03:49.962+0000] {manager.py:504} INFO - Created Permission View: can edit on DAG:example_dynamic_task_mapping
[2024-06-24T15:03:49.966+0000] {logging_mixin.py:149} INFO - [2024-06-24T15:03:49.966+0000] {manager.py:504} INFO - Created Permission View: can read on DAG:example_dynamic_task_mapping
[2024-06-24T15:03:49.966+0000] {logging_mixin.py:149} INFO - [2024-06-24T15:03:49.966+0000] {dag.py:2726} INFO - Sync 1 DAGs
[2024-06-24T15:03:49.974+0000] {logging_mixin.py:149} INFO - [2024-06-24T15:03:49.974+0000] {dag.py:2747} INFO - Creating ORM DAG for example_dynamic_task_mapping
[2024-06-24T15:03:49.982+0000] {logging_mixin.py:149} INFO - [2024-06-24T15:03:49.982+0000] {dag.py:3490} INFO - Setting next_dagrun for example_dynamic_task_mapping to 2022-03-04T00:00:00+00:00, run_after=2022-03-05T00:00:00+00:00
[2024-06-24T15:03:49.994+0000] {processor.py:178} INFO - Processing /home/airflow/.local/lib/python3.7/site-packages/airflow/example_dags/example_dynamic_task_mapping.py took 0.133 seconds
[2024-06-24T15:04:20.907+0000] {processor.py:156} INFO - Started process (PID=127) to work on /home/airflow/.local/lib/python3.7/site-packages/airflow/example_dags/example_dynamic_task_mapping.py
[2024-06-24T15:04:20.908+0000] {processor.py:799} INFO - Processing file /home/airflow/.local/lib/python3.7/site-packages/airflow/example_dags/example_dynamic_task_mapping.py for tasks to queue
[2024-06-24T15:04:20.909+0000] {logging_mixin.py:149} INFO - [2024-06-24T15:04:20.909+0000] {dagbag.py:541} INFO - Filling up the DagBag from /home/airflow/.local/lib/python3.7/site-packages/airflow/example_dags/example_dynamic_task_mapping.py
[2024-06-24T15:04:20.914+0000] {processor.py:809} INFO - DAG(s) dict_keys(['example_dynamic_task_mapping']) retrieved from /home/airflow/.local/lib/python3.7/site-packages/airflow/example_dags/example_dynamic_task_mapping.py
[2024-06-24T15:04:20.931+0000] {logging_mixin.py:149} INFO - [2024-06-24T15:04:20.931+0000] {dag.py:2726} INFO - Sync 1 DAGs
[2024-06-24T15:04:20.947+0000] {logging_mixin.py:149} INFO - [2024-06-24T15:04:20.947+0000] {dag.py:3490} INFO - Setting next_dagrun for example_dynamic_task_mapping to 2022-03-04T00:00:00+00:00, run_after=2022-03-05T00:00:00+00:00
[2024-06-24T15:04:20.956+0000] {processor.py:178} INFO - Processing /home/airflow/.local/lib/python3.7/site-packages/airflow/example_dags/example_dynamic_task_mapping.py took 0.052 seconds
[2024-06-24T15:04:51.561+0000] {processor.py:156} INFO - Started process (PID=195) to work on /home/airflow/.local/lib/python3.7/site-packages/airflow/example_dags/example_dynamic_task_mapping.py
[2024-06-24T15:04:51.562+0000] {processor.py:799} INFO - Processing file /home/airflow/.local/lib/python3.7/site-packages/airflow/example_dags/example_dynamic_task_mapping.py for tasks to queue
[2024-06-24T15:04:51.562+0000] {logging_mixin.py:149} INFO - [2024-06-24T15:04:51.562+0000] {dagbag.py:541} INFO - Filling up the DagBag from /home/airflow/.local/lib/python3.7/site-packages/airflow/example_dags/example_dynamic_task_mapping.py
[2024-06-24T15:04:51.568+0000] {processor.py:809} INFO - DAG(s) dict_keys(['example_dynamic_task_mapping']) retrieved from /home/airflow/.local/lib/python3.7/site-packages/airflow/example_dags/example_dynamic_task_mapping.py
[2024-06-24T15:04:51.583+0000] {logging_mixin.py:149} INFO - [2024-06-24T15:04:51.583+0000] {dag.py:2726} INFO - Sync 1 DAGs
[2024-06-24T15:04:51.598+0000] {logging_mixin.py:149} INFO - [2024-06-24T15:04:51.597+0000] {dag.py:3490} INFO - Setting next_dagrun for example_dynamic_task_mapping to 2022-03-04T00:00:00+00:00, run_after=2022-03-05T00:00:00+00:00
[2024-06-24T15:04:51.606+0000] {processor.py:178} INFO - Processing /home/airflow/.local/lib/python3.7/site-packages/airflow/example_dags/example_dynamic_task_mapping.py took 0.047 seconds
[2024-06-24T15:05:22.112+0000] {processor.py:156} INFO - Started process (PID=264) to work on /home/airflow/.local/lib/python3.7/site-packages/airflow/example_dags/example_dynamic_task_mapping.py
[2024-06-24T15:05:22.113+0000] {processor.py:799} INFO - Processing file /home/airflow/.local/lib/python3.7/site-packages/airflow/example_dags/example_dynamic_task_mapping.py for tasks to queue
[2024-06-24T15:05:22.113+0000] {logging_mixin.py:149} INFO - [2024-06-24T15:05:22.113+0000] {dagbag.py:541} INFO - Filling up the DagBag from /home/airflow/.local/lib/python3.7/site-packages/airflow/example_dags/example_dynamic_task_mapping.py
[2024-06-24T15:05:22.119+0000] {processor.py:809} INFO - DAG(s) dict_keys(['example_dynamic_task_mapping']) retrieved from /home/airflow/.local/lib/python3.7/site-packages/airflow/example_dags/example_dynamic_task_mapping.py
[2024-06-24T15:05:22.136+0000] {logging_mixin.py:149} INFO - [2024-06-24T15:05:22.136+0000] {dag.py:2726} INFO - Sync 1 DAGs
[2024-06-24T15:05:22.150+0000] {logging_mixin.py:149} INFO - [2024-06-24T15:05:22.150+0000] {dag.py:3490} INFO - Setting next_dagrun for example_dynamic_task_mapping to 2022-03-04T00:00:00+00:00, run_after=2022-03-05T00:00:00+00:00
[2024-06-24T15:05:22.159+0000] {processor.py:178} INFO - Processing /home/airflow/.local/lib/python3.7/site-packages/airflow/example_dags/example_dynamic_task_mapping.py took 0.050 seconds
[2024-06-24T15:05:52.751+0000] {processor.py:156} INFO - Started process (PID=333) to work on /home/airflow/.local/lib/python3.7/site-packages/airflow/example_dags/example_dynamic_task_mapping.py
[2024-06-24T15:05:52.751+0000] {processor.py:799} INFO - Processing file /home/airflow/.local/lib/python3.7/site-packages/airflow/example_dags/example_dynamic_task_mapping.py for tasks to queue
[2024-06-24T15:05:52.752+0000] {logging_mixin.py:149} INFO - [2024-06-24T15:05:52.752+0000] {dagbag.py:541} INFO - Filling up the DagBag from /home/airflow/.local/lib/python3.7/site-packages/airflow/example_dags/example_dynamic_task_mapping.py
[2024-06-24T15:05:52.758+0000] {processor.py:809} INFO - DAG(s) dict_keys(['example_dynamic_task_mapping']) retrieved from /home/airflow/.local/lib/python3.7/site-packages/airflow/example_dags/example_dynamic_task_mapping.py
[2024-06-24T15:05:52.773+0000] {logging_mixin.py:149} INFO - [2024-06-24T15:05:52.773+0000] {dag.py:2726} INFO - Sync 1 DAGs
[2024-06-24T15:05:52.788+0000] {logging_mixin.py:149} INFO - [2024-06-24T15:05:52.788+0000] {dag.py:3490} INFO - Setting next_dagrun for example_dynamic_task_mapping to 2022-03-04T00:00:00+00:00, run_after=2022-03-05T00:00:00+00:00
[2024-06-24T15:05:52.797+0000] {processor.py:178} INFO - Processing /home/airflow/.local/lib/python3.7/site-packages/airflow/example_dags/example_dynamic_task_mapping.py took 0.050 seconds
[2024-06-24T15:06:23.388+0000] {processor.py:156} INFO - Started process (PID=401) to work on /home/airflow/.local/lib/python3.7/site-packages/airflow/example_dags/example_dynamic_task_mapping.py
[2024-06-24T15:06:23.388+0000] {processor.py:799} INFO - Processing file /home/airflow/.local/lib/python3.7/site-packages/airflow/example_dags/example_dynamic_task_mapping.py for tasks to queue
[2024-06-24T15:06:23.389+0000] {logging_mixin.py:149} INFO - [2024-06-24T15:06:23.389+0000] {dagbag.py:541} INFO - Filling up the DagBag from /home/airflow/.local/lib/python3.7/site-packages/airflow/example_dags/example_dynamic_task_mapping.py
[2024-06-24T15:06:23.396+0000] {processor.py:809} INFO - DAG(s) dict_keys(['example_dynamic_task_mapping']) retrieved from /home/airflow/.local/lib/python3.7/site-packages/airflow/example_dags/example_dynamic_task_mapping.py
[2024-06-24T15:06:23.412+0000] {logging_mixin.py:149} INFO - [2024-06-24T15:06:23.412+0000] {dag.py:2726} INFO - Sync 1 DAGs
[2024-06-24T15:06:23.426+0000] {logging_mixin.py:149} INFO - [2024-06-24T15:06:23.426+0000] {dag.py:3490} INFO - Setting next_dagrun for example_dynamic_task_mapping to 2022-03-04T00:00:00+00:00, run_after=2022-03-05T00:00:00+00:00
[2024-06-24T15:06:23.434+0000] {processor.py:178} INFO - Processing /home/airflow/.local/lib/python3.7/site-packages/airflow/example_dags/example_dynamic_task_mapping.py took 0.050 seconds
[2024-06-24T15:06:54.004+0000] {processor.py:156} INFO - Started process (PID=470) to work on /home/airflow/.local/lib/python3.7/site-packages/airflow/example_dags/example_dynamic_task_mapping.py
[2024-06-24T15:06:54.008+0000] {processor.py:799} INFO - Processing file /home/airflow/.local/lib/python3.7/site-packages/airflow/example_dags/example_dynamic_task_mapping.py for tasks to queue
[2024-06-24T15:06:54.008+0000] {logging_mixin.py:149} INFO - [2024-06-24T15:06:54.008+0000] {dagbag.py:541} INFO - Filling up the DagBag from /home/airflow/.local/lib/python3.7/site-packages/airflow/example_dags/example_dynamic_task_mapping.py
[2024-06-24T15:06:54.013+0000] {processor.py:809} INFO - DAG(s) dict_keys(['example_dynamic_task_mapping']) retrieved from /home/airflow/.local/lib/python3.7/site-packages/airflow/example_dags/example_dynamic_task_mapping.py
[2024-06-24T15:06:54.028+0000] {logging_mixin.py:149} INFO - [2024-06-24T15:06:54.027+0000] {dag.py:2726} INFO - Sync 1 DAGs
[2024-06-24T15:06:54.044+0000] {logging_mixin.py:149} INFO - [2024-06-24T15:06:54.044+0000] {dag.py:3490} INFO - Setting next_dagrun for example_dynamic_task_mapping to 2022-03-04T00:00:00+00:00, run_after=2022-03-05T00:00:00+00:00
[2024-06-24T15:06:54.051+0000] {processor.py:178} INFO - Processing /home/airflow/.local/lib/python3.7/site-packages/airflow/example_dags/example_dynamic_task_mapping.py took 0.051 seconds
[2024-06-24T15:07:53.499+0000] {processor.py:156} INFO - Started process (PID=58) to work on /home/airflow/.local/lib/python3.7/site-packages/airflow/example_dags/example_dynamic_task_mapping.py
[2024-06-24T15:07:53.500+0000] {processor.py:799} INFO - Processing file /home/airflow/.local/lib/python3.7/site-packages/airflow/example_dags/example_dynamic_task_mapping.py for tasks to queue
[2024-06-24T15:07:53.500+0000] {logging_mixin.py:149} INFO - [2024-06-24T15:07:53.500+0000] {dagbag.py:541} INFO - Filling up the DagBag from /home/airflow/.local/lib/python3.7/site-packages/airflow/example_dags/example_dynamic_task_mapping.py
[2024-06-24T15:07:53.505+0000] {processor.py:809} INFO - DAG(s) dict_keys(['example_dynamic_task_mapping']) retrieved from /home/airflow/.local/lib/python3.7/site-packages/airflow/example_dags/example_dynamic_task_mapping.py
[2024-06-24T15:07:53.513+0000] {logging_mixin.py:149} INFO - [2024-06-24T15:07:53.513+0000] {dag.py:2726} INFO - Sync 1 DAGs
[2024-06-24T15:07:53.530+0000] {logging_mixin.py:149} INFO - [2024-06-24T15:07:53.530+0000] {dag.py:3490} INFO - Setting next_dagrun for example_dynamic_task_mapping to 2022-03-04T00:00:00+00:00, run_after=2022-03-05T00:00:00+00:00
[2024-06-24T15:07:53.540+0000] {processor.py:178} INFO - Processing /home/airflow/.local/lib/python3.7/site-packages/airflow/example_dags/example_dynamic_task_mapping.py took 0.042 seconds
[2024-06-24T15:08:23.858+0000] {processor.py:156} INFO - Started process (PID=131) to work on /home/airflow/.local/lib/python3.7/site-packages/airflow/example_dags/example_dynamic_task_mapping.py
[2024-06-24T15:08:23.859+0000] {processor.py:799} INFO - Processing file /home/airflow/.local/lib/python3.7/site-packages/airflow/example_dags/example_dynamic_task_mapping.py for tasks to queue
[2024-06-24T15:08:23.859+0000] {logging_mixin.py:149} INFO - [2024-06-24T15:08:23.859+0000] {dagbag.py:541} INFO - Filling up the DagBag from /home/airflow/.local/lib/python3.7/site-packages/airflow/example_dags/example_dynamic_task_mapping.py
[2024-06-24T15:08:23.862+0000] {processor.py:809} INFO - DAG(s) dict_keys(['example_dynamic_task_mapping']) retrieved from /home/airflow/.local/lib/python3.7/site-packages/airflow/example_dags/example_dynamic_task_mapping.py
[2024-06-24T15:08:23.872+0000] {logging_mixin.py:149} INFO - [2024-06-24T15:08:23.872+0000] {dag.py:2726} INFO - Sync 1 DAGs
[2024-06-24T15:08:23.887+0000] {logging_mixin.py:149} INFO - [2024-06-24T15:08:23.887+0000] {dag.py:3490} INFO - Setting next_dagrun for example_dynamic_task_mapping to 2022-03-04T00:00:00+00:00, run_after=2022-03-05T00:00:00+00:00
[2024-06-24T15:08:23.895+0000] {processor.py:178} INFO - Processing /home/airflow/.local/lib/python3.7/site-packages/airflow/example_dags/example_dynamic_task_mapping.py took 0.038 seconds
[2024-06-24T15:08:54.485+0000] {processor.py:156} INFO - Started process (PID=200) to work on /home/airflow/.local/lib/python3.7/site-packages/airflow/example_dags/example_dynamic_task_mapping.py
[2024-06-24T15:08:54.485+0000] {processor.py:799} INFO - Processing file /home/airflow/.local/lib/python3.7/site-packages/airflow/example_dags/example_dynamic_task_mapping.py for tasks to queue
[2024-06-24T15:08:54.486+0000] {logging_mixin.py:149} INFO - [2024-06-24T15:08:54.486+0000] {dagbag.py:541} INFO - Filling up the DagBag from /home/airflow/.local/lib/python3.7/site-packages/airflow/example_dags/example_dynamic_task_mapping.py
[2024-06-24T15:08:54.488+0000] {processor.py:809} INFO - DAG(s) dict_keys(['example_dynamic_task_mapping']) retrieved from /home/airflow/.local/lib/python3.7/site-packages/airflow/example_dags/example_dynamic_task_mapping.py
[2024-06-24T15:08:54.497+0000] {logging_mixin.py:149} INFO - [2024-06-24T15:08:54.497+0000] {dag.py:2726} INFO - Sync 1 DAGs
[2024-06-24T15:08:54.507+0000] {logging_mixin.py:149} INFO - [2024-06-24T15:08:54.507+0000] {dag.py:3490} INFO - Setting next_dagrun for example_dynamic_task_mapping to 2022-03-04T00:00:00+00:00, run_after=2022-03-05T00:00:00+00:00
[2024-06-24T15:08:54.514+0000] {processor.py:178} INFO - Processing /home/airflow/.local/lib/python3.7/site-packages/airflow/example_dags/example_dynamic_task_mapping.py took 0.030 seconds
[2024-06-24T15:09:25.268+0000] {processor.py:156} INFO - Started process (PID=269) to work on /home/airflow/.local/lib/python3.7/site-packages/airflow/example_dags/example_dynamic_task_mapping.py
[2024-06-24T15:09:25.268+0000] {processor.py:799} INFO - Processing file /home/airflow/.local/lib/python3.7/site-packages/airflow/example_dags/example_dynamic_task_mapping.py for tasks to queue
[2024-06-24T15:09:25.269+0000] {logging_mixin.py:149} INFO - [2024-06-24T15:09:25.269+0000] {dagbag.py:541} INFO - Filling up the DagBag from /home/airflow/.local/lib/python3.7/site-packages/airflow/example_dags/example_dynamic_task_mapping.py
[2024-06-24T15:09:25.271+0000] {processor.py:809} INFO - DAG(s) dict_keys(['example_dynamic_task_mapping']) retrieved from /home/airflow/.local/lib/python3.7/site-packages/airflow/example_dags/example_dynamic_task_mapping.py
[2024-06-24T15:09:25.280+0000] {logging_mixin.py:149} INFO - [2024-06-24T15:09:25.280+0000] {dag.py:2726} INFO - Sync 1 DAGs
[2024-06-24T15:09:25.290+0000] {logging_mixin.py:149} INFO - [2024-06-24T15:09:25.290+0000] {dag.py:3490} INFO - Setting next_dagrun for example_dynamic_task_mapping to 2022-03-04T00:00:00+00:00, run_after=2022-03-05T00:00:00+00:00
[2024-06-24T15:09:25.297+0000] {processor.py:178} INFO - Processing /home/airflow/.local/lib/python3.7/site-packages/airflow/example_dags/example_dynamic_task_mapping.py took 0.030 seconds
[2024-06-24T15:09:55.882+0000] {processor.py:156} INFO - Started process (PID=338) to work on /home/airflow/.local/lib/python3.7/site-packages/airflow/example_dags/example_dynamic_task_mapping.py
[2024-06-24T15:09:55.882+0000] {processor.py:799} INFO - Processing file /home/airflow/.local/lib/python3.7/site-packages/airflow/example_dags/example_dynamic_task_mapping.py for tasks to queue
[2024-06-24T15:09:55.882+0000] {logging_mixin.py:149} INFO - [2024-06-24T15:09:55.882+0000] {dagbag.py:541} INFO - Filling up the DagBag from /home/airflow/.local/lib/python3.7/site-packages/airflow/example_dags/example_dynamic_task_mapping.py
[2024-06-24T15:09:55.885+0000] {processor.py:809} INFO - DAG(s) dict_keys(['example_dynamic_task_mapping']) retrieved from /home/airflow/.local/lib/python3.7/site-packages/airflow/example_dags/example_dynamic_task_mapping.py
[2024-06-24T15:09:55.894+0000] {logging_mixin.py:149} INFO - [2024-06-24T15:09:55.894+0000] {dag.py:2726} INFO - Sync 1 DAGs
[2024-06-24T15:09:55.904+0000] {logging_mixin.py:149} INFO - [2024-06-24T15:09:55.904+0000] {dag.py:3490} INFO - Setting next_dagrun for example_dynamic_task_mapping to 2022-03-04T00:00:00+00:00, run_after=2022-03-05T00:00:00+00:00
[2024-06-24T15:09:55.912+0000] {processor.py:178} INFO - Processing /home/airflow/.local/lib/python3.7/site-packages/airflow/example_dags/example_dynamic_task_mapping.py took 0.031 seconds
[2024-06-24T15:10:26.553+0000] {processor.py:156} INFO - Started process (PID=407) to work on /home/airflow/.local/lib/python3.7/site-packages/airflow/example_dags/example_dynamic_task_mapping.py
[2024-06-24T15:10:26.554+0000] {processor.py:799} INFO - Processing file /home/airflow/.local/lib/python3.7/site-packages/airflow/example_dags/example_dynamic_task_mapping.py for tasks to queue
[2024-06-24T15:10:26.554+0000] {logging_mixin.py:149} INFO - [2024-06-24T15:10:26.554+0000] {dagbag.py:541} INFO - Filling up the DagBag from /home/airflow/.local/lib/python3.7/site-packages/airflow/example_dags/example_dynamic_task_mapping.py
[2024-06-24T15:10:26.557+0000] {processor.py:809} INFO - DAG(s) dict_keys(['example_dynamic_task_mapping']) retrieved from /home/airflow/.local/lib/python3.7/site-packages/airflow/example_dags/example_dynamic_task_mapping.py
[2024-06-24T15:10:26.567+0000] {logging_mixin.py:149} INFO - [2024-06-24T15:10:26.567+0000] {dag.py:2726} INFO - Sync 1 DAGs
[2024-06-24T15:10:26.580+0000] {logging_mixin.py:149} INFO - [2024-06-24T15:10:26.580+0000] {dag.py:3490} INFO - Setting next_dagrun for example_dynamic_task_mapping to 2022-03-04T00:00:00+00:00, run_after=2022-03-05T00:00:00+00:00
[2024-06-24T15:10:26.588+0000] {processor.py:178} INFO - Processing /home/airflow/.local/lib/python3.7/site-packages/airflow/example_dags/example_dynamic_task_mapping.py took 0.036 seconds
[2024-06-24T15:10:57.281+0000] {processor.py:156} INFO - Started process (PID=476) to work on /home/airflow/.local/lib/python3.7/site-packages/airflow/example_dags/example_dynamic_task_mapping.py
[2024-06-24T15:10:57.282+0000] {processor.py:799} INFO - Processing file /home/airflow/.local/lib/python3.7/site-packages/airflow/example_dags/example_dynamic_task_mapping.py for tasks to queue
[2024-06-24T15:10:57.282+0000] {logging_mixin.py:149} INFO - [2024-06-24T15:10:57.282+0000] {dagbag.py:541} INFO - Filling up the DagBag from /home/airflow/.local/lib/python3.7/site-packages/airflow/example_dags/example_dynamic_task_mapping.py
[2024-06-24T15:10:57.285+0000] {processor.py:809} INFO - DAG(s) dict_keys(['example_dynamic_task_mapping']) retrieved from /home/airflow/.local/lib/python3.7/site-packages/airflow/example_dags/example_dynamic_task_mapping.py
[2024-06-24T15:10:57.294+0000] {logging_mixin.py:149} INFO - [2024-06-24T15:10:57.294+0000] {dag.py:2726} INFO - Sync 1 DAGs
[2024-06-24T15:10:57.305+0000] {logging_mixin.py:149} INFO - [2024-06-24T15:10:57.305+0000] {dag.py:3490} INFO - Setting next_dagrun for example_dynamic_task_mapping to 2022-03-04T00:00:00+00:00, run_after=2022-03-05T00:00:00+00:00
[2024-06-24T15:10:57.312+0000] {processor.py:178} INFO - Processing /home/airflow/.local/lib/python3.7/site-packages/airflow/example_dags/example_dynamic_task_mapping.py took 0.031 seconds
[2024-06-24T15:11:28.025+0000] {processor.py:156} INFO - Started process (PID=545) to work on /home/airflow/.local/lib/python3.7/site-packages/airflow/example_dags/example_dynamic_task_mapping.py
[2024-06-24T15:11:28.026+0000] {processor.py:799} INFO - Processing file /home/airflow/.local/lib/python3.7/site-packages/airflow/example_dags/example_dynamic_task_mapping.py for tasks to queue
[2024-06-24T15:11:28.026+0000] {logging_mixin.py:149} INFO - [2024-06-24T15:11:28.026+0000] {dagbag.py:541} INFO - Filling up the DagBag from /home/airflow/.local/lib/python3.7/site-packages/airflow/example_dags/example_dynamic_task_mapping.py
[2024-06-24T15:11:28.028+0000] {processor.py:809} INFO - DAG(s) dict_keys(['example_dynamic_task_mapping']) retrieved from /home/airflow/.local/lib/python3.7/site-packages/airflow/example_dags/example_dynamic_task_mapping.py
[2024-06-24T15:11:28.038+0000] {logging_mixin.py:149} INFO - [2024-06-24T15:11:28.037+0000] {dag.py:2726} INFO - Sync 1 DAGs
[2024-06-24T15:11:28.048+0000] {logging_mixin.py:149} INFO - [2024-06-24T15:11:28.048+0000] {dag.py:3490} INFO - Setting next_dagrun for example_dynamic_task_mapping to 2022-03-04T00:00:00+00:00, run_after=2022-03-05T00:00:00+00:00
[2024-06-24T15:11:28.055+0000] {processor.py:178} INFO - Processing /home/airflow/.local/lib/python3.7/site-packages/airflow/example_dags/example_dynamic_task_mapping.py took 0.031 seconds
[2024-06-24T15:11:58.764+0000] {processor.py:156} INFO - Started process (PID=614) to work on /home/airflow/.local/lib/python3.7/site-packages/airflow/example_dags/example_dynamic_task_mapping.py
[2024-06-24T15:11:58.765+0000] {processor.py:799} INFO - Processing file /home/airflow/.local/lib/python3.7/site-packages/airflow/example_dags/example_dynamic_task_mapping.py for tasks to queue
[2024-06-24T15:11:58.765+0000] {logging_mixin.py:149} INFO - [2024-06-24T15:11:58.765+0000] {dagbag.py:541} INFO - Filling up the DagBag from /home/airflow/.local/lib/python3.7/site-packages/airflow/example_dags/example_dynamic_task_mapping.py
[2024-06-24T15:11:58.768+0000] {processor.py:809} INFO - DAG(s) dict_keys(['example_dynamic_task_mapping']) retrieved from /home/airflow/.local/lib/python3.7/site-packages/airflow/example_dags/example_dynamic_task_mapping.py
[2024-06-24T15:11:58.777+0000] {logging_mixin.py:149} INFO - [2024-06-24T15:11:58.777+0000] {dag.py:2726} INFO - Sync 1 DAGs
[2024-06-24T15:11:58.787+0000] {logging_mixin.py:149} INFO - [2024-06-24T15:11:58.787+0000] {dag.py:3490} INFO - Setting next_dagrun for example_dynamic_task_mapping to 2022-03-04T00:00:00+00:00, run_after=2022-03-05T00:00:00+00:00
[2024-06-24T15:11:58.794+0000] {processor.py:178} INFO - Processing /home/airflow/.local/lib/python3.7/site-packages/airflow/example_dags/example_dynamic_task_mapping.py took 0.032 seconds
[2024-06-24T15:12:29.478+0000] {processor.py:156} INFO - Started process (PID=683) to work on /home/airflow/.local/lib/python3.7/site-packages/airflow/example_dags/example_dynamic_task_mapping.py
[2024-06-24T15:12:29.478+0000] {processor.py:799} INFO - Processing file /home/airflow/.local/lib/python3.7/site-packages/airflow/example_dags/example_dynamic_task_mapping.py for tasks to queue
[2024-06-24T15:12:29.479+0000] {logging_mixin.py:149} INFO - [2024-06-24T15:12:29.479+0000] {dagbag.py:541} INFO - Filling up the DagBag from /home/airflow/.local/lib/python3.7/site-packages/airflow/example_dags/example_dynamic_task_mapping.py
[2024-06-24T15:12:29.482+0000] {processor.py:809} INFO - DAG(s) dict_keys(['example_dynamic_task_mapping']) retrieved from /home/airflow/.local/lib/python3.7/site-packages/airflow/example_dags/example_dynamic_task_mapping.py
[2024-06-24T15:12:29.491+0000] {logging_mixin.py:149} INFO - [2024-06-24T15:12:29.491+0000] {dag.py:2726} INFO - Sync 1 DAGs
[2024-06-24T15:12:29.502+0000] {logging_mixin.py:149} INFO - [2024-06-24T15:12:29.502+0000] {dag.py:3490} INFO - Setting next_dagrun for example_dynamic_task_mapping to 2022-03-04T00:00:00+00:00, run_after=2022-03-05T00:00:00+00:00
[2024-06-24T15:12:29.509+0000] {processor.py:178} INFO - Processing /home/airflow/.local/lib/python3.7/site-packages/airflow/example_dags/example_dynamic_task_mapping.py took 0.033 seconds
[2024-06-24T15:13:00.132+0000] {processor.py:156} INFO - Started process (PID=752) to work on /home/airflow/.local/lib/python3.7/site-packages/airflow/example_dags/example_dynamic_task_mapping.py
[2024-06-24T15:13:00.132+0000] {processor.py:799} INFO - Processing file /home/airflow/.local/lib/python3.7/site-packages/airflow/example_dags/example_dynamic_task_mapping.py for tasks to queue
[2024-06-24T15:13:00.132+0000] {logging_mixin.py:149} INFO - [2024-06-24T15:13:00.132+0000] {dagbag.py:541} INFO - Filling up the DagBag from /home/airflow/.local/lib/python3.7/site-packages/airflow/example_dags/example_dynamic_task_mapping.py
[2024-06-24T15:13:00.135+0000] {processor.py:809} INFO - DAG(s) dict_keys(['example_dynamic_task_mapping']) retrieved from /home/airflow/.local/lib/python3.7/site-packages/airflow/example_dags/example_dynamic_task_mapping.py
[2024-06-24T15:13:00.145+0000] {logging_mixin.py:149} INFO - [2024-06-24T15:13:00.145+0000] {dag.py:2726} INFO - Sync 1 DAGs
[2024-06-24T15:13:00.156+0000] {logging_mixin.py:149} INFO - [2024-06-24T15:13:00.156+0000] {dag.py:3490} INFO - Setting next_dagrun for example_dynamic_task_mapping to 2022-03-04T00:00:00+00:00, run_after=2022-03-05T00:00:00+00:00
[2024-06-24T15:13:00.163+0000] {processor.py:178} INFO - Processing /home/airflow/.local/lib/python3.7/site-packages/airflow/example_dags/example_dynamic_task_mapping.py took 0.032 seconds
[2024-06-24T15:13:30.839+0000] {processor.py:156} INFO - Started process (PID=821) to work on /home/airflow/.local/lib/python3.7/site-packages/airflow/example_dags/example_dynamic_task_mapping.py
[2024-06-24T15:13:30.839+0000] {processor.py:799} INFO - Processing file /home/airflow/.local/lib/python3.7/site-packages/airflow/example_dags/example_dynamic_task_mapping.py for tasks to queue
[2024-06-24T15:13:30.840+0000] {logging_mixin.py:149} INFO - [2024-06-24T15:13:30.839+0000] {dagbag.py:541} INFO - Filling up the DagBag from /home/airflow/.local/lib/python3.7/site-packages/airflow/example_dags/example_dynamic_task_mapping.py
[2024-06-24T15:13:30.842+0000] {processor.py:809} INFO - DAG(s) dict_keys(['example_dynamic_task_mapping']) retrieved from /home/airflow/.local/lib/python3.7/site-packages/airflow/example_dags/example_dynamic_task_mapping.py
[2024-06-24T15:13:30.851+0000] {logging_mixin.py:149} INFO - [2024-06-24T15:13:30.851+0000] {dag.py:2726} INFO - Sync 1 DAGs
[2024-06-24T15:13:30.860+0000] {logging_mixin.py:149} INFO - [2024-06-24T15:13:30.860+0000] {dag.py:3490} INFO - Setting next_dagrun for example_dynamic_task_mapping to 2022-03-04T00:00:00+00:00, run_after=2022-03-05T00:00:00+00:00
[2024-06-24T15:13:30.867+0000] {processor.py:178} INFO - Processing /home/airflow/.local/lib/python3.7/site-packages/airflow/example_dags/example_dynamic_task_mapping.py took 0.030 seconds
[2024-06-24T15:14:01.409+0000] {processor.py:156} INFO - Started process (PID=890) to work on /home/airflow/.local/lib/python3.7/site-packages/airflow/example_dags/example_dynamic_task_mapping.py
[2024-06-24T15:14:01.409+0000] {processor.py:799} INFO - Processing file /home/airflow/.local/lib/python3.7/site-packages/airflow/example_dags/example_dynamic_task_mapping.py for tasks to queue
[2024-06-24T15:14:01.410+0000] {logging_mixin.py:149} INFO - [2024-06-24T15:14:01.410+0000] {dagbag.py:541} INFO - Filling up the DagBag from /home/airflow/.local/lib/python3.7/site-packages/airflow/example_dags/example_dynamic_task_mapping.py
[2024-06-24T15:14:01.412+0000] {processor.py:809} INFO - DAG(s) dict_keys(['example_dynamic_task_mapping']) retrieved from /home/airflow/.local/lib/python3.7/site-packages/airflow/example_dags/example_dynamic_task_mapping.py
[2024-06-24T15:14:01.422+0000] {logging_mixin.py:149} INFO - [2024-06-24T15:14:01.421+0000] {dag.py:2726} INFO - Sync 1 DAGs
[2024-06-24T15:14:01.432+0000] {logging_mixin.py:149} INFO - [2024-06-24T15:14:01.432+0000] {dag.py:3490} INFO - Setting next_dagrun for example_dynamic_task_mapping to 2022-03-04T00:00:00+00:00, run_after=2022-03-05T00:00:00+00:00
[2024-06-24T15:14:01.439+0000] {processor.py:178} INFO - Processing /home/airflow/.local/lib/python3.7/site-packages/airflow/example_dags/example_dynamic_task_mapping.py took 0.031 seconds
[2024-06-24T15:14:31.894+0000] {processor.py:156} INFO - Started process (PID=959) to work on /home/airflow/.local/lib/python3.7/site-packages/airflow/example_dags/example_dynamic_task_mapping.py
[2024-06-24T15:14:31.895+0000] {processor.py:799} INFO - Processing file /home/airflow/.local/lib/python3.7/site-packages/airflow/example_dags/example_dynamic_task_mapping.py for tasks to queue
[2024-06-24T15:14:31.895+0000] {logging_mixin.py:149} INFO - [2024-06-24T15:14:31.895+0000] {dagbag.py:541} INFO - Filling up the DagBag from /home/airflow/.local/lib/python3.7/site-packages/airflow/example_dags/example_dynamic_task_mapping.py
[2024-06-24T15:14:31.898+0000] {processor.py:809} INFO - DAG(s) dict_keys(['example_dynamic_task_mapping']) retrieved from /home/airflow/.local/lib/python3.7/site-packages/airflow/example_dags/example_dynamic_task_mapping.py
[2024-06-24T15:14:31.908+0000] {logging_mixin.py:149} INFO - [2024-06-24T15:14:31.908+0000] {dag.py:2726} INFO - Sync 1 DAGs
[2024-06-24T15:14:31.917+0000] {logging_mixin.py:149} INFO - [2024-06-24T15:14:31.917+0000] {dag.py:3490} INFO - Setting next_dagrun for example_dynamic_task_mapping to 2022-03-04T00:00:00+00:00, run_after=2022-03-05T00:00:00+00:00
[2024-06-24T15:14:31.924+0000] {processor.py:178} INFO - Processing /home/airflow/.local/lib/python3.7/site-packages/airflow/example_dags/example_dynamic_task_mapping.py took 0.031 seconds
[2024-06-24T15:15:02.324+0000] {processor.py:156} INFO - Started process (PID=1028) to work on /home/airflow/.local/lib/python3.7/site-packages/airflow/example_dags/example_dynamic_task_mapping.py
[2024-06-24T15:15:02.324+0000] {processor.py:799} INFO - Processing file /home/airflow/.local/lib/python3.7/site-packages/airflow/example_dags/example_dynamic_task_mapping.py for tasks to queue
[2024-06-24T15:15:02.325+0000] {logging_mixin.py:149} INFO - [2024-06-24T15:15:02.325+0000] {dagbag.py:541} INFO - Filling up the DagBag from /home/airflow/.local/lib/python3.7/site-packages/airflow/example_dags/example_dynamic_task_mapping.py
[2024-06-24T15:15:02.327+0000] {processor.py:809} INFO - DAG(s) dict_keys(['example_dynamic_task_mapping']) retrieved from /home/airflow/.local/lib/python3.7/site-packages/airflow/example_dags/example_dynamic_task_mapping.py
[2024-06-24T15:15:02.336+0000] {logging_mixin.py:149} INFO - [2024-06-24T15:15:02.336+0000] {dag.py:2726} INFO - Sync 1 DAGs
[2024-06-24T15:15:02.345+0000] {logging_mixin.py:149} INFO - [2024-06-24T15:15:02.345+0000] {dag.py:3490} INFO - Setting next_dagrun for example_dynamic_task_mapping to 2022-03-04T00:00:00+00:00, run_after=2022-03-05T00:00:00+00:00
[2024-06-24T15:15:02.351+0000] {processor.py:178} INFO - Processing /home/airflow/.local/lib/python3.7/site-packages/airflow/example_dags/example_dynamic_task_mapping.py took 0.028 seconds
[2024-06-24T15:15:33.055+0000] {processor.py:156} INFO - Started process (PID=1106) to work on /home/airflow/.local/lib/python3.7/site-packages/airflow/example_dags/example_dynamic_task_mapping.py
[2024-06-24T15:15:33.056+0000] {processor.py:799} INFO - Processing file /home/airflow/.local/lib/python3.7/site-packages/airflow/example_dags/example_dynamic_task_mapping.py for tasks to queue
[2024-06-24T15:15:33.056+0000] {logging_mixin.py:149} INFO - [2024-06-24T15:15:33.056+0000] {dagbag.py:541} INFO - Filling up the DagBag from /home/airflow/.local/lib/python3.7/site-packages/airflow/example_dags/example_dynamic_task_mapping.py
[2024-06-24T15:15:33.059+0000] {processor.py:809} INFO - DAG(s) dict_keys(['example_dynamic_task_mapping']) retrieved from /home/airflow/.local/lib/python3.7/site-packages/airflow/example_dags/example_dynamic_task_mapping.py
[2024-06-24T15:15:33.068+0000] {logging_mixin.py:149} INFO - [2024-06-24T15:15:33.068+0000] {dag.py:2726} INFO - Sync 1 DAGs
[2024-06-24T15:15:33.079+0000] {logging_mixin.py:149} INFO - [2024-06-24T15:15:33.079+0000] {dag.py:3490} INFO - Setting next_dagrun for example_dynamic_task_mapping to 2022-03-04T00:00:00+00:00, run_after=2022-03-05T00:00:00+00:00
[2024-06-24T15:15:33.086+0000] {processor.py:178} INFO - Processing /home/airflow/.local/lib/python3.7/site-packages/airflow/example_dags/example_dynamic_task_mapping.py took 0.032 seconds
[2024-06-24T15:16:03.614+0000] {processor.py:156} INFO - Started process (PID=1175) to work on /home/airflow/.local/lib/python3.7/site-packages/airflow/example_dags/example_dynamic_task_mapping.py
[2024-06-24T15:16:03.614+0000] {processor.py:799} INFO - Processing file /home/airflow/.local/lib/python3.7/site-packages/airflow/example_dags/example_dynamic_task_mapping.py for tasks to queue
[2024-06-24T15:16:03.614+0000] {logging_mixin.py:149} INFO - [2024-06-24T15:16:03.614+0000] {dagbag.py:541} INFO - Filling up the DagBag from /home/airflow/.local/lib/python3.7/site-packages/airflow/example_dags/example_dynamic_task_mapping.py
[2024-06-24T15:16:03.618+0000] {processor.py:809} INFO - DAG(s) dict_keys(['example_dynamic_task_mapping']) retrieved from /home/airflow/.local/lib/python3.7/site-packages/airflow/example_dags/example_dynamic_task_mapping.py
[2024-06-24T15:16:03.629+0000] {logging_mixin.py:149} INFO - [2024-06-24T15:16:03.629+0000] {dag.py:2726} INFO - Sync 1 DAGs
[2024-06-24T15:16:03.640+0000] {logging_mixin.py:149} INFO - [2024-06-24T15:16:03.640+0000] {dag.py:3490} INFO - Setting next_dagrun for example_dynamic_task_mapping to 2022-03-04T00:00:00+00:00, run_after=2022-03-05T00:00:00+00:00
[2024-06-24T15:16:03.647+0000] {processor.py:178} INFO - Processing /home/airflow/.local/lib/python3.7/site-packages/airflow/example_dags/example_dynamic_task_mapping.py took 0.034 seconds
[2024-06-24T15:16:34.324+0000] {processor.py:156} INFO - Started process (PID=1244) to work on /home/airflow/.local/lib/python3.7/site-packages/airflow/example_dags/example_dynamic_task_mapping.py
[2024-06-24T15:16:34.324+0000] {processor.py:799} INFO - Processing file /home/airflow/.local/lib/python3.7/site-packages/airflow/example_dags/example_dynamic_task_mapping.py for tasks to queue
[2024-06-24T15:16:34.325+0000] {logging_mixin.py:149} INFO - [2024-06-24T15:16:34.325+0000] {dagbag.py:541} INFO - Filling up the DagBag from /home/airflow/.local/lib/python3.7/site-packages/airflow/example_dags/example_dynamic_task_mapping.py
[2024-06-24T15:16:34.328+0000] {processor.py:809} INFO - DAG(s) dict_keys(['example_dynamic_task_mapping']) retrieved from /home/airflow/.local/lib/python3.7/site-packages/airflow/example_dags/example_dynamic_task_mapping.py
[2024-06-24T15:16:34.337+0000] {logging_mixin.py:149} INFO - [2024-06-24T15:16:34.337+0000] {dag.py:2726} INFO - Sync 1 DAGs
[2024-06-24T15:16:34.348+0000] {logging_mixin.py:149} INFO - [2024-06-24T15:16:34.348+0000] {dag.py:3490} INFO - Setting next_dagrun for example_dynamic_task_mapping to 2022-03-04T00:00:00+00:00, run_after=2022-03-05T00:00:00+00:00
[2024-06-24T15:16:34.355+0000] {processor.py:178} INFO - Processing /home/airflow/.local/lib/python3.7/site-packages/airflow/example_dags/example_dynamic_task_mapping.py took 0.032 seconds
[2024-06-24T15:17:04.926+0000] {processor.py:156} INFO - Started process (PID=1313) to work on /home/airflow/.local/lib/python3.7/site-packages/airflow/example_dags/example_dynamic_task_mapping.py
[2024-06-24T15:17:04.927+0000] {processor.py:799} INFO - Processing file /home/airflow/.local/lib/python3.7/site-packages/airflow/example_dags/example_dynamic_task_mapping.py for tasks to queue
[2024-06-24T15:17:04.927+0000] {logging_mixin.py:149} INFO - [2024-06-24T15:17:04.927+0000] {dagbag.py:541} INFO - Filling up the DagBag from /home/airflow/.local/lib/python3.7/site-packages/airflow/example_dags/example_dynamic_task_mapping.py
[2024-06-24T15:17:04.930+0000] {processor.py:809} INFO - DAG(s) dict_keys(['example_dynamic_task_mapping']) retrieved from /home/airflow/.local/lib/python3.7/site-packages/airflow/example_dags/example_dynamic_task_mapping.py
[2024-06-24T15:17:04.940+0000] {logging_mixin.py:149} INFO - [2024-06-24T15:17:04.940+0000] {dag.py:2726} INFO - Sync 1 DAGs
[2024-06-24T15:17:04.950+0000] {logging_mixin.py:149} INFO - [2024-06-24T15:17:04.950+0000] {dag.py:3490} INFO - Setting next_dagrun for example_dynamic_task_mapping to 2022-03-04T00:00:00+00:00, run_after=2022-03-05T00:00:00+00:00
[2024-06-24T15:17:04.957+0000] {processor.py:178} INFO - Processing /home/airflow/.local/lib/python3.7/site-packages/airflow/example_dags/example_dynamic_task_mapping.py took 0.032 seconds
[2024-06-24T15:17:35.481+0000] {processor.py:156} INFO - Started process (PID=1381) to work on /home/airflow/.local/lib/python3.7/site-packages/airflow/example_dags/example_dynamic_task_mapping.py
[2024-06-24T15:17:35.481+0000] {processor.py:799} INFO - Processing file /home/airflow/.local/lib/python3.7/site-packages/airflow/example_dags/example_dynamic_task_mapping.py for tasks to queue
[2024-06-24T15:17:35.481+0000] {logging_mixin.py:149} INFO - [2024-06-24T15:17:35.481+0000] {dagbag.py:541} INFO - Filling up the DagBag from /home/airflow/.local/lib/python3.7/site-packages/airflow/example_dags/example_dynamic_task_mapping.py
[2024-06-24T15:17:35.484+0000] {processor.py:809} INFO - DAG(s) dict_keys(['example_dynamic_task_mapping']) retrieved from /home/airflow/.local/lib/python3.7/site-packages/airflow/example_dags/example_dynamic_task_mapping.py
[2024-06-24T15:17:35.494+0000] {logging_mixin.py:149} INFO - [2024-06-24T15:17:35.494+0000] {dag.py:2726} INFO - Sync 1 DAGs
[2024-06-24T15:17:35.504+0000] {logging_mixin.py:149} INFO - [2024-06-24T15:17:35.504+0000] {dag.py:3490} INFO - Setting next_dagrun for example_dynamic_task_mapping to 2022-03-04T00:00:00+00:00, run_after=2022-03-05T00:00:00+00:00
[2024-06-24T15:17:35.511+0000] {processor.py:178} INFO - Processing /home/airflow/.local/lib/python3.7/site-packages/airflow/example_dags/example_dynamic_task_mapping.py took 0.031 seconds
[2024-06-24T15:18:06.013+0000] {processor.py:156} INFO - Started process (PID=1450) to work on /home/airflow/.local/lib/python3.7/site-packages/airflow/example_dags/example_dynamic_task_mapping.py
[2024-06-24T15:18:06.013+0000] {processor.py:799} INFO - Processing file /home/airflow/.local/lib/python3.7/site-packages/airflow/example_dags/example_dynamic_task_mapping.py for tasks to queue
[2024-06-24T15:18:06.013+0000] {logging_mixin.py:149} INFO - [2024-06-24T15:18:06.013+0000] {dagbag.py:541} INFO - Filling up the DagBag from /home/airflow/.local/lib/python3.7/site-packages/airflow/example_dags/example_dynamic_task_mapping.py
[2024-06-24T15:18:06.017+0000] {processor.py:809} INFO - DAG(s) dict_keys(['example_dynamic_task_mapping']) retrieved from /home/airflow/.local/lib/python3.7/site-packages/airflow/example_dags/example_dynamic_task_mapping.py
[2024-06-24T15:18:06.027+0000] {logging_mixin.py:149} INFO - [2024-06-24T15:18:06.026+0000] {dag.py:2726} INFO - Sync 1 DAGs
[2024-06-24T15:18:06.037+0000] {logging_mixin.py:149} INFO - [2024-06-24T15:18:06.037+0000] {dag.py:3490} INFO - Setting next_dagrun for example_dynamic_task_mapping to 2022-03-04T00:00:00+00:00, run_after=2022-03-05T00:00:00+00:00
[2024-06-24T15:18:06.045+0000] {processor.py:178} INFO - Processing /home/airflow/.local/lib/python3.7/site-packages/airflow/example_dags/example_dynamic_task_mapping.py took 0.033 seconds
[2024-06-24T15:18:36.697+0000] {processor.py:156} INFO - Started process (PID=1519) to work on /home/airflow/.local/lib/python3.7/site-packages/airflow/example_dags/example_dynamic_task_mapping.py
[2024-06-24T15:18:36.697+0000] {processor.py:799} INFO - Processing file /home/airflow/.local/lib/python3.7/site-packages/airflow/example_dags/example_dynamic_task_mapping.py for tasks to queue
[2024-06-24T15:18:36.698+0000] {logging_mixin.py:149} INFO - [2024-06-24T15:18:36.698+0000] {dagbag.py:541} INFO - Filling up the DagBag from /home/airflow/.local/lib/python3.7/site-packages/airflow/example_dags/example_dynamic_task_mapping.py
[2024-06-24T15:18:36.700+0000] {processor.py:809} INFO - DAG(s) dict_keys(['example_dynamic_task_mapping']) retrieved from /home/airflow/.local/lib/python3.7/site-packages/airflow/example_dags/example_dynamic_task_mapping.py
[2024-06-24T15:18:36.709+0000] {logging_mixin.py:149} INFO - [2024-06-24T15:18:36.709+0000] {dag.py:2726} INFO - Sync 1 DAGs
[2024-06-24T15:18:36.719+0000] {logging_mixin.py:149} INFO - [2024-06-24T15:18:36.719+0000] {dag.py:3490} INFO - Setting next_dagrun for example_dynamic_task_mapping to 2022-03-04T00:00:00+00:00, run_after=2022-03-05T00:00:00+00:00
[2024-06-24T15:18:36.725+0000] {processor.py:178} INFO - Processing /home/airflow/.local/lib/python3.7/site-packages/airflow/example_dags/example_dynamic_task_mapping.py took 0.030 seconds
[2024-06-24T15:19:07.488+0000] {processor.py:156} INFO - Started process (PID=1588) to work on /home/airflow/.local/lib/python3.7/site-packages/airflow/example_dags/example_dynamic_task_mapping.py
[2024-06-24T15:19:07.488+0000] {processor.py:799} INFO - Processing file /home/airflow/.local/lib/python3.7/site-packages/airflow/example_dags/example_dynamic_task_mapping.py for tasks to queue
[2024-06-24T15:19:07.488+0000] {logging_mixin.py:149} INFO - [2024-06-24T15:19:07.488+0000] {dagbag.py:541} INFO - Filling up the DagBag from /home/airflow/.local/lib/python3.7/site-packages/airflow/example_dags/example_dynamic_task_mapping.py
[2024-06-24T15:19:07.491+0000] {processor.py:809} INFO - DAG(s) dict_keys(['example_dynamic_task_mapping']) retrieved from /home/airflow/.local/lib/python3.7/site-packages/airflow/example_dags/example_dynamic_task_mapping.py
[2024-06-24T15:19:07.501+0000] {logging_mixin.py:149} INFO - [2024-06-24T15:19:07.501+0000] {dag.py:2726} INFO - Sync 1 DAGs
[2024-06-24T15:19:07.511+0000] {logging_mixin.py:149} INFO - [2024-06-24T15:19:07.511+0000] {dag.py:3490} INFO - Setting next_dagrun for example_dynamic_task_mapping to 2022-03-04T00:00:00+00:00, run_after=2022-03-05T00:00:00+00:00
[2024-06-24T15:19:07.518+0000] {processor.py:178} INFO - Processing /home/airflow/.local/lib/python3.7/site-packages/airflow/example_dags/example_dynamic_task_mapping.py took 0.031 seconds
[2024-06-24T15:19:38.070+0000] {processor.py:156} INFO - Started process (PID=1657) to work on /home/airflow/.local/lib/python3.7/site-packages/airflow/example_dags/example_dynamic_task_mapping.py
[2024-06-24T15:19:38.070+0000] {processor.py:799} INFO - Processing file /home/airflow/.local/lib/python3.7/site-packages/airflow/example_dags/example_dynamic_task_mapping.py for tasks to queue
[2024-06-24T15:19:38.070+0000] {logging_mixin.py:149} INFO - [2024-06-24T15:19:38.070+0000] {dagbag.py:541} INFO - Filling up the DagBag from /home/airflow/.local/lib/python3.7/site-packages/airflow/example_dags/example_dynamic_task_mapping.py
[2024-06-24T15:19:38.073+0000] {processor.py:809} INFO - DAG(s) dict_keys(['example_dynamic_task_mapping']) retrieved from /home/airflow/.local/lib/python3.7/site-packages/airflow/example_dags/example_dynamic_task_mapping.py
[2024-06-24T15:19:38.082+0000] {logging_mixin.py:149} INFO - [2024-06-24T15:19:38.082+0000] {dag.py:2726} INFO - Sync 1 DAGs
[2024-06-24T15:19:38.094+0000] {logging_mixin.py:149} INFO - [2024-06-24T15:19:38.094+0000] {dag.py:3490} INFO - Setting next_dagrun for example_dynamic_task_mapping to 2022-03-04T00:00:00+00:00, run_after=2022-03-05T00:00:00+00:00
[2024-06-24T15:19:38.101+0000] {processor.py:178} INFO - Processing /home/airflow/.local/lib/python3.7/site-packages/airflow/example_dags/example_dynamic_task_mapping.py took 0.033 seconds
[2024-06-24T15:20:08.523+0000] {processor.py:156} INFO - Started process (PID=1726) to work on /home/airflow/.local/lib/python3.7/site-packages/airflow/example_dags/example_dynamic_task_mapping.py
[2024-06-24T15:20:08.523+0000] {processor.py:799} INFO - Processing file /home/airflow/.local/lib/python3.7/site-packages/airflow/example_dags/example_dynamic_task_mapping.py for tasks to queue
[2024-06-24T15:20:08.523+0000] {logging_mixin.py:149} INFO - [2024-06-24T15:20:08.523+0000] {dagbag.py:541} INFO - Filling up the DagBag from /home/airflow/.local/lib/python3.7/site-packages/airflow/example_dags/example_dynamic_task_mapping.py
[2024-06-24T15:20:08.526+0000] {processor.py:809} INFO - DAG(s) dict_keys(['example_dynamic_task_mapping']) retrieved from /home/airflow/.local/lib/python3.7/site-packages/airflow/example_dags/example_dynamic_task_mapping.py
[2024-06-24T15:20:08.536+0000] {logging_mixin.py:149} INFO - [2024-06-24T15:20:08.536+0000] {dag.py:2726} INFO - Sync 1 DAGs
[2024-06-24T15:20:08.547+0000] {logging_mixin.py:149} INFO - [2024-06-24T15:20:08.547+0000] {dag.py:3490} INFO - Setting next_dagrun for example_dynamic_task_mapping to 2022-03-04T00:00:00+00:00, run_after=2022-03-05T00:00:00+00:00
[2024-06-24T15:20:08.554+0000] {processor.py:178} INFO - Processing /home/airflow/.local/lib/python3.7/site-packages/airflow/example_dags/example_dynamic_task_mapping.py took 0.033 seconds
[2024-06-24T15:20:39.284+0000] {processor.py:156} INFO - Started process (PID=1795) to work on /home/airflow/.local/lib/python3.7/site-packages/airflow/example_dags/example_dynamic_task_mapping.py
[2024-06-24T15:20:39.284+0000] {processor.py:799} INFO - Processing file /home/airflow/.local/lib/python3.7/site-packages/airflow/example_dags/example_dynamic_task_mapping.py for tasks to queue
[2024-06-24T15:20:39.284+0000] {logging_mixin.py:149} INFO - [2024-06-24T15:20:39.284+0000] {dagbag.py:541} INFO - Filling up the DagBag from /home/airflow/.local/lib/python3.7/site-packages/airflow/example_dags/example_dynamic_task_mapping.py
[2024-06-24T15:20:39.287+0000] {processor.py:809} INFO - DAG(s) dict_keys(['example_dynamic_task_mapping']) retrieved from /home/airflow/.local/lib/python3.7/site-packages/airflow/example_dags/example_dynamic_task_mapping.py
[2024-06-24T15:20:39.297+0000] {logging_mixin.py:149} INFO - [2024-06-24T15:20:39.297+0000] {dag.py:2726} INFO - Sync 1 DAGs
[2024-06-24T15:20:39.309+0000] {logging_mixin.py:149} INFO - [2024-06-24T15:20:39.309+0000] {dag.py:3490} INFO - Setting next_dagrun for example_dynamic_task_mapping to 2022-03-04T00:00:00+00:00, run_after=2022-03-05T00:00:00+00:00
[2024-06-24T15:20:39.315+0000] {processor.py:178} INFO - Processing /home/airflow/.local/lib/python3.7/site-packages/airflow/example_dags/example_dynamic_task_mapping.py took 0.033 seconds
[2024-06-24T15:21:09.938+0000] {processor.py:156} INFO - Started process (PID=1864) to work on /home/airflow/.local/lib/python3.7/site-packages/airflow/example_dags/example_dynamic_task_mapping.py
[2024-06-24T15:21:09.938+0000] {processor.py:799} INFO - Processing file /home/airflow/.local/lib/python3.7/site-packages/airflow/example_dags/example_dynamic_task_mapping.py for tasks to queue
[2024-06-24T15:21:09.938+0000] {logging_mixin.py:149} INFO - [2024-06-24T15:21:09.938+0000] {dagbag.py:541} INFO - Filling up the DagBag from /home/airflow/.local/lib/python3.7/site-packages/airflow/example_dags/example_dynamic_task_mapping.py
[2024-06-24T15:21:09.941+0000] {processor.py:809} INFO - DAG(s) dict_keys(['example_dynamic_task_mapping']) retrieved from /home/airflow/.local/lib/python3.7/site-packages/airflow/example_dags/example_dynamic_task_mapping.py
[2024-06-24T15:21:09.951+0000] {logging_mixin.py:149} INFO - [2024-06-24T15:21:09.951+0000] {dag.py:2726} INFO - Sync 1 DAGs
[2024-06-24T15:21:09.962+0000] {logging_mixin.py:149} INFO - [2024-06-24T15:21:09.962+0000] {dag.py:3490} INFO - Setting next_dagrun for example_dynamic_task_mapping to 2022-03-04T00:00:00+00:00, run_after=2022-03-05T00:00:00+00:00
[2024-06-24T15:21:09.969+0000] {processor.py:178} INFO - Processing /home/airflow/.local/lib/python3.7/site-packages/airflow/example_dags/example_dynamic_task_mapping.py took 0.033 seconds
[2024-06-24T15:21:40.824+0000] {processor.py:156} INFO - Started process (PID=1932) to work on /home/airflow/.local/lib/python3.7/site-packages/airflow/example_dags/example_dynamic_task_mapping.py
[2024-06-24T15:21:40.824+0000] {processor.py:799} INFO - Processing file /home/airflow/.local/lib/python3.7/site-packages/airflow/example_dags/example_dynamic_task_mapping.py for tasks to queue
[2024-06-24T15:21:40.825+0000] {logging_mixin.py:149} INFO - [2024-06-24T15:21:40.825+0000] {dagbag.py:541} INFO - Filling up the DagBag from /home/airflow/.local/lib/python3.7/site-packages/airflow/example_dags/example_dynamic_task_mapping.py
[2024-06-24T15:21:40.827+0000] {processor.py:809} INFO - DAG(s) dict_keys(['example_dynamic_task_mapping']) retrieved from /home/airflow/.local/lib/python3.7/site-packages/airflow/example_dags/example_dynamic_task_mapping.py
[2024-06-24T15:21:40.837+0000] {logging_mixin.py:149} INFO - [2024-06-24T15:21:40.837+0000] {dag.py:2726} INFO - Sync 1 DAGs
[2024-06-24T15:21:40.847+0000] {logging_mixin.py:149} INFO - [2024-06-24T15:21:40.847+0000] {dag.py:3490} INFO - Setting next_dagrun for example_dynamic_task_mapping to 2022-03-04T00:00:00+00:00, run_after=2022-03-05T00:00:00+00:00
[2024-06-24T15:21:40.854+0000] {processor.py:178} INFO - Processing /home/airflow/.local/lib/python3.7/site-packages/airflow/example_dags/example_dynamic_task_mapping.py took 0.031 seconds
[2024-06-24T15:22:11.591+0000] {processor.py:156} INFO - Started process (PID=2001) to work on /home/airflow/.local/lib/python3.7/site-packages/airflow/example_dags/example_dynamic_task_mapping.py
[2024-06-24T15:22:11.591+0000] {processor.py:799} INFO - Processing file /home/airflow/.local/lib/python3.7/site-packages/airflow/example_dags/example_dynamic_task_mapping.py for tasks to queue
[2024-06-24T15:22:11.592+0000] {logging_mixin.py:149} INFO - [2024-06-24T15:22:11.592+0000] {dagbag.py:541} INFO - Filling up the DagBag from /home/airflow/.local/lib/python3.7/site-packages/airflow/example_dags/example_dynamic_task_mapping.py
[2024-06-24T15:22:11.595+0000] {processor.py:809} INFO - DAG(s) dict_keys(['example_dynamic_task_mapping']) retrieved from /home/airflow/.local/lib/python3.7/site-packages/airflow/example_dags/example_dynamic_task_mapping.py
[2024-06-24T15:22:11.604+0000] {logging_mixin.py:149} INFO - [2024-06-24T15:22:11.604+0000] {dag.py:2726} INFO - Sync 1 DAGs
[2024-06-24T15:22:11.615+0000] {logging_mixin.py:149} INFO - [2024-06-24T15:22:11.615+0000] {dag.py:3490} INFO - Setting next_dagrun for example_dynamic_task_mapping to 2022-03-04T00:00:00+00:00, run_after=2022-03-05T00:00:00+00:00
[2024-06-24T15:22:11.622+0000] {processor.py:178} INFO - Processing /home/airflow/.local/lib/python3.7/site-packages/airflow/example_dags/example_dynamic_task_mapping.py took 0.032 seconds
[2024-06-24T15:22:42.222+0000] {processor.py:156} INFO - Started process (PID=2069) to work on /home/airflow/.local/lib/python3.7/site-packages/airflow/example_dags/example_dynamic_task_mapping.py
[2024-06-24T15:22:42.223+0000] {processor.py:799} INFO - Processing file /home/airflow/.local/lib/python3.7/site-packages/airflow/example_dags/example_dynamic_task_mapping.py for tasks to queue
[2024-06-24T15:22:42.223+0000] {logging_mixin.py:149} INFO - [2024-06-24T15:22:42.223+0000] {dagbag.py:541} INFO - Filling up the DagBag from /home/airflow/.local/lib/python3.7/site-packages/airflow/example_dags/example_dynamic_task_mapping.py
[2024-06-24T15:22:42.226+0000] {processor.py:809} INFO - DAG(s) dict_keys(['example_dynamic_task_mapping']) retrieved from /home/airflow/.local/lib/python3.7/site-packages/airflow/example_dags/example_dynamic_task_mapping.py
[2024-06-24T15:22:42.236+0000] {logging_mixin.py:149} INFO - [2024-06-24T15:22:42.236+0000] {dag.py:2726} INFO - Sync 1 DAGs
[2024-06-24T15:22:42.247+0000] {logging_mixin.py:149} INFO - [2024-06-24T15:22:42.247+0000] {dag.py:3490} INFO - Setting next_dagrun for example_dynamic_task_mapping to 2022-03-04T00:00:00+00:00, run_after=2022-03-05T00:00:00+00:00
[2024-06-24T15:22:42.255+0000] {processor.py:178} INFO - Processing /home/airflow/.local/lib/python3.7/site-packages/airflow/example_dags/example_dynamic_task_mapping.py took 0.035 seconds
[2024-06-24T15:23:12.867+0000] {processor.py:156} INFO - Started process (PID=2138) to work on /home/airflow/.local/lib/python3.7/site-packages/airflow/example_dags/example_dynamic_task_mapping.py
[2024-06-24T15:23:12.867+0000] {processor.py:799} INFO - Processing file /home/airflow/.local/lib/python3.7/site-packages/airflow/example_dags/example_dynamic_task_mapping.py for tasks to queue
[2024-06-24T15:23:12.867+0000] {logging_mixin.py:149} INFO - [2024-06-24T15:23:12.867+0000] {dagbag.py:541} INFO - Filling up the DagBag from /home/airflow/.local/lib/python3.7/site-packages/airflow/example_dags/example_dynamic_task_mapping.py
[2024-06-24T15:23:12.871+0000] {processor.py:809} INFO - DAG(s) dict_keys(['example_dynamic_task_mapping']) retrieved from /home/airflow/.local/lib/python3.7/site-packages/airflow/example_dags/example_dynamic_task_mapping.py
[2024-06-24T15:23:12.881+0000] {logging_mixin.py:149} INFO - [2024-06-24T15:23:12.881+0000] {dag.py:2726} INFO - Sync 1 DAGs
[2024-06-24T15:23:12.891+0000] {logging_mixin.py:149} INFO - [2024-06-24T15:23:12.891+0000] {dag.py:3490} INFO - Setting next_dagrun for example_dynamic_task_mapping to 2022-03-04T00:00:00+00:00, run_after=2022-03-05T00:00:00+00:00
[2024-06-24T15:23:12.898+0000] {processor.py:178} INFO - Processing /home/airflow/.local/lib/python3.7/site-packages/airflow/example_dags/example_dynamic_task_mapping.py took 0.033 seconds
[2024-06-24T15:23:43.584+0000] {processor.py:156} INFO - Started process (PID=2207) to work on /home/airflow/.local/lib/python3.7/site-packages/airflow/example_dags/example_dynamic_task_mapping.py
[2024-06-24T15:23:43.584+0000] {processor.py:799} INFO - Processing file /home/airflow/.local/lib/python3.7/site-packages/airflow/example_dags/example_dynamic_task_mapping.py for tasks to queue
[2024-06-24T15:23:43.585+0000] {logging_mixin.py:149} INFO - [2024-06-24T15:23:43.585+0000] {dagbag.py:541} INFO - Filling up the DagBag from /home/airflow/.local/lib/python3.7/site-packages/airflow/example_dags/example_dynamic_task_mapping.py
[2024-06-24T15:23:43.588+0000] {processor.py:809} INFO - DAG(s) dict_keys(['example_dynamic_task_mapping']) retrieved from /home/airflow/.local/lib/python3.7/site-packages/airflow/example_dags/example_dynamic_task_mapping.py
[2024-06-24T15:23:43.601+0000] {logging_mixin.py:149} INFO - [2024-06-24T15:23:43.601+0000] {dag.py:2726} INFO - Sync 1 DAGs
[2024-06-24T15:23:43.613+0000] {logging_mixin.py:149} INFO - [2024-06-24T15:23:43.613+0000] {dag.py:3490} INFO - Setting next_dagrun for example_dynamic_task_mapping to 2022-03-04T00:00:00+00:00, run_after=2022-03-05T00:00:00+00:00
[2024-06-24T15:23:43.621+0000] {processor.py:178} INFO - Processing /home/airflow/.local/lib/python3.7/site-packages/airflow/example_dags/example_dynamic_task_mapping.py took 0.039 seconds
[2024-06-24T15:24:14.298+0000] {processor.py:156} INFO - Started process (PID=2276) to work on /home/airflow/.local/lib/python3.7/site-packages/airflow/example_dags/example_dynamic_task_mapping.py
[2024-06-24T15:24:14.298+0000] {processor.py:799} INFO - Processing file /home/airflow/.local/lib/python3.7/site-packages/airflow/example_dags/example_dynamic_task_mapping.py for tasks to queue
[2024-06-24T15:24:14.299+0000] {logging_mixin.py:149} INFO - [2024-06-24T15:24:14.299+0000] {dagbag.py:541} INFO - Filling up the DagBag from /home/airflow/.local/lib/python3.7/site-packages/airflow/example_dags/example_dynamic_task_mapping.py
[2024-06-24T15:24:14.302+0000] {processor.py:809} INFO - DAG(s) dict_keys(['example_dynamic_task_mapping']) retrieved from /home/airflow/.local/lib/python3.7/site-packages/airflow/example_dags/example_dynamic_task_mapping.py
[2024-06-24T15:24:14.313+0000] {logging_mixin.py:149} INFO - [2024-06-24T15:24:14.313+0000] {dag.py:2726} INFO - Sync 1 DAGs
[2024-06-24T15:24:14.324+0000] {logging_mixin.py:149} INFO - [2024-06-24T15:24:14.324+0000] {dag.py:3490} INFO - Setting next_dagrun for example_dynamic_task_mapping to 2022-03-04T00:00:00+00:00, run_after=2022-03-05T00:00:00+00:00
[2024-06-24T15:24:14.332+0000] {processor.py:178} INFO - Processing /home/airflow/.local/lib/python3.7/site-packages/airflow/example_dags/example_dynamic_task_mapping.py took 0.035 seconds
[2024-06-24T15:24:44.884+0000] {processor.py:156} INFO - Started process (PID=2345) to work on /home/airflow/.local/lib/python3.7/site-packages/airflow/example_dags/example_dynamic_task_mapping.py
[2024-06-24T15:24:44.884+0000] {processor.py:799} INFO - Processing file /home/airflow/.local/lib/python3.7/site-packages/airflow/example_dags/example_dynamic_task_mapping.py for tasks to queue
[2024-06-24T15:24:44.884+0000] {logging_mixin.py:149} INFO - [2024-06-24T15:24:44.884+0000] {dagbag.py:541} INFO - Filling up the DagBag from /home/airflow/.local/lib/python3.7/site-packages/airflow/example_dags/example_dynamic_task_mapping.py
[2024-06-24T15:24:44.887+0000] {processor.py:809} INFO - DAG(s) dict_keys(['example_dynamic_task_mapping']) retrieved from /home/airflow/.local/lib/python3.7/site-packages/airflow/example_dags/example_dynamic_task_mapping.py
[2024-06-24T15:24:44.897+0000] {logging_mixin.py:149} INFO - [2024-06-24T15:24:44.897+0000] {dag.py:2726} INFO - Sync 1 DAGs
[2024-06-24T15:24:44.909+0000] {logging_mixin.py:149} INFO - [2024-06-24T15:24:44.909+0000] {dag.py:3490} INFO - Setting next_dagrun for example_dynamic_task_mapping to 2022-03-04T00:00:00+00:00, run_after=2022-03-05T00:00:00+00:00
[2024-06-24T15:24:44.916+0000] {processor.py:178} INFO - Processing /home/airflow/.local/lib/python3.7/site-packages/airflow/example_dags/example_dynamic_task_mapping.py took 0.034 seconds
[2024-06-24T15:25:15.438+0000] {processor.py:156} INFO - Started process (PID=2413) to work on /home/airflow/.local/lib/python3.7/site-packages/airflow/example_dags/example_dynamic_task_mapping.py
[2024-06-24T15:25:15.439+0000] {processor.py:799} INFO - Processing file /home/airflow/.local/lib/python3.7/site-packages/airflow/example_dags/example_dynamic_task_mapping.py for tasks to queue
[2024-06-24T15:25:15.439+0000] {logging_mixin.py:149} INFO - [2024-06-24T15:25:15.439+0000] {dagbag.py:541} INFO - Filling up the DagBag from /home/airflow/.local/lib/python3.7/site-packages/airflow/example_dags/example_dynamic_task_mapping.py
[2024-06-24T15:25:15.443+0000] {processor.py:809} INFO - DAG(s) dict_keys(['example_dynamic_task_mapping']) retrieved from /home/airflow/.local/lib/python3.7/site-packages/airflow/example_dags/example_dynamic_task_mapping.py
[2024-06-24T15:25:15.453+0000] {logging_mixin.py:149} INFO - [2024-06-24T15:25:15.453+0000] {dag.py:2726} INFO - Sync 1 DAGs
[2024-06-24T15:25:15.465+0000] {logging_mixin.py:149} INFO - [2024-06-24T15:25:15.465+0000] {dag.py:3490} INFO - Setting next_dagrun for example_dynamic_task_mapping to 2022-03-04T00:00:00+00:00, run_after=2022-03-05T00:00:00+00:00
[2024-06-24T15:25:15.472+0000] {processor.py:178} INFO - Processing /home/airflow/.local/lib/python3.7/site-packages/airflow/example_dags/example_dynamic_task_mapping.py took 0.035 seconds
[2024-06-24T15:25:46.032+0000] {processor.py:156} INFO - Started process (PID=2488) to work on /home/airflow/.local/lib/python3.7/site-packages/airflow/example_dags/example_dynamic_task_mapping.py
[2024-06-24T15:25:46.032+0000] {processor.py:799} INFO - Processing file /home/airflow/.local/lib/python3.7/site-packages/airflow/example_dags/example_dynamic_task_mapping.py for tasks to queue
[2024-06-24T15:25:46.033+0000] {logging_mixin.py:149} INFO - [2024-06-24T15:25:46.033+0000] {dagbag.py:541} INFO - Filling up the DagBag from /home/airflow/.local/lib/python3.7/site-packages/airflow/example_dags/example_dynamic_task_mapping.py
[2024-06-24T15:25:46.036+0000] {processor.py:809} INFO - DAG(s) dict_keys(['example_dynamic_task_mapping']) retrieved from /home/airflow/.local/lib/python3.7/site-packages/airflow/example_dags/example_dynamic_task_mapping.py
[2024-06-24T15:25:46.046+0000] {logging_mixin.py:149} INFO - [2024-06-24T15:25:46.046+0000] {dag.py:2726} INFO - Sync 1 DAGs
[2024-06-24T15:25:46.056+0000] {logging_mixin.py:149} INFO - [2024-06-24T15:25:46.056+0000] {dag.py:3490} INFO - Setting next_dagrun for example_dynamic_task_mapping to 2022-03-04T00:00:00+00:00, run_after=2022-03-05T00:00:00+00:00
[2024-06-24T15:25:46.063+0000] {processor.py:178} INFO - Processing /home/airflow/.local/lib/python3.7/site-packages/airflow/example_dags/example_dynamic_task_mapping.py took 0.032 seconds
[2024-06-24T15:26:16.623+0000] {processor.py:156} INFO - Started process (PID=2557) to work on /home/airflow/.local/lib/python3.7/site-packages/airflow/example_dags/example_dynamic_task_mapping.py
[2024-06-24T15:26:16.624+0000] {processor.py:799} INFO - Processing file /home/airflow/.local/lib/python3.7/site-packages/airflow/example_dags/example_dynamic_task_mapping.py for tasks to queue
[2024-06-24T15:26:16.624+0000] {logging_mixin.py:149} INFO - [2024-06-24T15:26:16.624+0000] {dagbag.py:541} INFO - Filling up the DagBag from /home/airflow/.local/lib/python3.7/site-packages/airflow/example_dags/example_dynamic_task_mapping.py
[2024-06-24T15:26:16.627+0000] {processor.py:809} INFO - DAG(s) dict_keys(['example_dynamic_task_mapping']) retrieved from /home/airflow/.local/lib/python3.7/site-packages/airflow/example_dags/example_dynamic_task_mapping.py
[2024-06-24T15:26:16.637+0000] {logging_mixin.py:149} INFO - [2024-06-24T15:26:16.637+0000] {dag.py:2726} INFO - Sync 1 DAGs
[2024-06-24T15:26:16.647+0000] {logging_mixin.py:149} INFO - [2024-06-24T15:26:16.647+0000] {dag.py:3490} INFO - Setting next_dagrun for example_dynamic_task_mapping to 2022-03-04T00:00:00+00:00, run_after=2022-03-05T00:00:00+00:00
[2024-06-24T15:26:16.654+0000] {processor.py:178} INFO - Processing /home/airflow/.local/lib/python3.7/site-packages/airflow/example_dags/example_dynamic_task_mapping.py took 0.031 seconds
[2024-06-24T15:26:47.313+0000] {processor.py:156} INFO - Started process (PID=2626) to work on /home/airflow/.local/lib/python3.7/site-packages/airflow/example_dags/example_dynamic_task_mapping.py
[2024-06-24T15:26:47.314+0000] {processor.py:799} INFO - Processing file /home/airflow/.local/lib/python3.7/site-packages/airflow/example_dags/example_dynamic_task_mapping.py for tasks to queue
[2024-06-24T15:26:47.315+0000] {logging_mixin.py:149} INFO - [2024-06-24T15:26:47.315+0000] {dagbag.py:541} INFO - Filling up the DagBag from /home/airflow/.local/lib/python3.7/site-packages/airflow/example_dags/example_dynamic_task_mapping.py
[2024-06-24T15:26:47.318+0000] {processor.py:809} INFO - DAG(s) dict_keys(['example_dynamic_task_mapping']) retrieved from /home/airflow/.local/lib/python3.7/site-packages/airflow/example_dags/example_dynamic_task_mapping.py
[2024-06-24T15:26:47.331+0000] {logging_mixin.py:149} INFO - [2024-06-24T15:26:47.331+0000] {dag.py:2726} INFO - Sync 1 DAGs
[2024-06-24T15:26:47.344+0000] {logging_mixin.py:149} INFO - [2024-06-24T15:26:47.344+0000] {dag.py:3490} INFO - Setting next_dagrun for example_dynamic_task_mapping to 2022-03-04T00:00:00+00:00, run_after=2022-03-05T00:00:00+00:00
[2024-06-24T15:26:47.354+0000] {processor.py:178} INFO - Processing /home/airflow/.local/lib/python3.7/site-packages/airflow/example_dags/example_dynamic_task_mapping.py took 0.044 seconds
[2024-06-24T15:27:18.219+0000] {processor.py:156} INFO - Started process (PID=2695) to work on /home/airflow/.local/lib/python3.7/site-packages/airflow/example_dags/example_dynamic_task_mapping.py
[2024-06-24T15:27:18.219+0000] {processor.py:799} INFO - Processing file /home/airflow/.local/lib/python3.7/site-packages/airflow/example_dags/example_dynamic_task_mapping.py for tasks to queue
[2024-06-24T15:27:18.220+0000] {logging_mixin.py:149} INFO - [2024-06-24T15:27:18.220+0000] {dagbag.py:541} INFO - Filling up the DagBag from /home/airflow/.local/lib/python3.7/site-packages/airflow/example_dags/example_dynamic_task_mapping.py
[2024-06-24T15:27:18.223+0000] {processor.py:809} INFO - DAG(s) dict_keys(['example_dynamic_task_mapping']) retrieved from /home/airflow/.local/lib/python3.7/site-packages/airflow/example_dags/example_dynamic_task_mapping.py
[2024-06-24T15:27:18.234+0000] {logging_mixin.py:149} INFO - [2024-06-24T15:27:18.234+0000] {dag.py:2726} INFO - Sync 1 DAGs
[2024-06-24T15:27:18.247+0000] {logging_mixin.py:149} INFO - [2024-06-24T15:27:18.247+0000] {dag.py:3490} INFO - Setting next_dagrun for example_dynamic_task_mapping to 2022-03-04T00:00:00+00:00, run_after=2022-03-05T00:00:00+00:00
[2024-06-24T15:27:18.257+0000] {processor.py:178} INFO - Processing /home/airflow/.local/lib/python3.7/site-packages/airflow/example_dags/example_dynamic_task_mapping.py took 0.040 seconds
[2024-06-24T15:27:49.071+0000] {processor.py:156} INFO - Started process (PID=2764) to work on /home/airflow/.local/lib/python3.7/site-packages/airflow/example_dags/example_dynamic_task_mapping.py
[2024-06-24T15:27:49.071+0000] {processor.py:799} INFO - Processing file /home/airflow/.local/lib/python3.7/site-packages/airflow/example_dags/example_dynamic_task_mapping.py for tasks to queue
[2024-06-24T15:27:49.072+0000] {logging_mixin.py:149} INFO - [2024-06-24T15:27:49.072+0000] {dagbag.py:541} INFO - Filling up the DagBag from /home/airflow/.local/lib/python3.7/site-packages/airflow/example_dags/example_dynamic_task_mapping.py
[2024-06-24T15:27:49.075+0000] {processor.py:809} INFO - DAG(s) dict_keys(['example_dynamic_task_mapping']) retrieved from /home/airflow/.local/lib/python3.7/site-packages/airflow/example_dags/example_dynamic_task_mapping.py
[2024-06-24T15:27:49.087+0000] {logging_mixin.py:149} INFO - [2024-06-24T15:27:49.087+0000] {dag.py:2726} INFO - Sync 1 DAGs
[2024-06-24T15:27:49.098+0000] {logging_mixin.py:149} INFO - [2024-06-24T15:27:49.098+0000] {dag.py:3490} INFO - Setting next_dagrun for example_dynamic_task_mapping to 2022-03-04T00:00:00+00:00, run_after=2022-03-05T00:00:00+00:00
[2024-06-24T15:27:49.104+0000] {processor.py:178} INFO - Processing /home/airflow/.local/lib/python3.7/site-packages/airflow/example_dags/example_dynamic_task_mapping.py took 0.034 seconds
[2024-06-24T15:28:19.972+0000] {processor.py:156} INFO - Started process (PID=2833) to work on /home/airflow/.local/lib/python3.7/site-packages/airflow/example_dags/example_dynamic_task_mapping.py
[2024-06-24T15:28:19.972+0000] {processor.py:799} INFO - Processing file /home/airflow/.local/lib/python3.7/site-packages/airflow/example_dags/example_dynamic_task_mapping.py for tasks to queue
[2024-06-24T15:28:19.972+0000] {logging_mixin.py:149} INFO - [2024-06-24T15:28:19.972+0000] {dagbag.py:541} INFO - Filling up the DagBag from /home/airflow/.local/lib/python3.7/site-packages/airflow/example_dags/example_dynamic_task_mapping.py
[2024-06-24T15:28:19.975+0000] {processor.py:809} INFO - DAG(s) dict_keys(['example_dynamic_task_mapping']) retrieved from /home/airflow/.local/lib/python3.7/site-packages/airflow/example_dags/example_dynamic_task_mapping.py
[2024-06-24T15:28:19.986+0000] {logging_mixin.py:149} INFO - [2024-06-24T15:28:19.986+0000] {dag.py:2726} INFO - Sync 1 DAGs
[2024-06-24T15:28:19.997+0000] {logging_mixin.py:149} INFO - [2024-06-24T15:28:19.997+0000] {dag.py:3490} INFO - Setting next_dagrun for example_dynamic_task_mapping to 2022-03-04T00:00:00+00:00, run_after=2022-03-05T00:00:00+00:00
[2024-06-24T15:28:20.003+0000] {processor.py:178} INFO - Processing /home/airflow/.local/lib/python3.7/site-packages/airflow/example_dags/example_dynamic_task_mapping.py took 0.033 seconds
[2024-06-24T15:28:50.867+0000] {processor.py:156} INFO - Started process (PID=2902) to work on /home/airflow/.local/lib/python3.7/site-packages/airflow/example_dags/example_dynamic_task_mapping.py
[2024-06-24T15:28:50.868+0000] {processor.py:799} INFO - Processing file /home/airflow/.local/lib/python3.7/site-packages/airflow/example_dags/example_dynamic_task_mapping.py for tasks to queue
[2024-06-24T15:28:50.868+0000] {logging_mixin.py:149} INFO - [2024-06-24T15:28:50.868+0000] {dagbag.py:541} INFO - Filling up the DagBag from /home/airflow/.local/lib/python3.7/site-packages/airflow/example_dags/example_dynamic_task_mapping.py
[2024-06-24T15:28:50.871+0000] {processor.py:809} INFO - DAG(s) dict_keys(['example_dynamic_task_mapping']) retrieved from /home/airflow/.local/lib/python3.7/site-packages/airflow/example_dags/example_dynamic_task_mapping.py
[2024-06-24T15:28:50.881+0000] {logging_mixin.py:149} INFO - [2024-06-24T15:28:50.881+0000] {dag.py:2726} INFO - Sync 1 DAGs
[2024-06-24T15:28:50.892+0000] {logging_mixin.py:149} INFO - [2024-06-24T15:28:50.891+0000] {dag.py:3490} INFO - Setting next_dagrun for example_dynamic_task_mapping to 2022-03-04T00:00:00+00:00, run_after=2022-03-05T00:00:00+00:00
[2024-06-24T15:28:50.899+0000] {processor.py:178} INFO - Processing /home/airflow/.local/lib/python3.7/site-packages/airflow/example_dags/example_dynamic_task_mapping.py took 0.032 seconds
[2024-06-24T15:29:21.503+0000] {processor.py:156} INFO - Started process (PID=2970) to work on /home/airflow/.local/lib/python3.7/site-packages/airflow/example_dags/example_dynamic_task_mapping.py
[2024-06-24T15:29:21.503+0000] {processor.py:799} INFO - Processing file /home/airflow/.local/lib/python3.7/site-packages/airflow/example_dags/example_dynamic_task_mapping.py for tasks to queue
[2024-06-24T15:29:21.504+0000] {logging_mixin.py:149} INFO - [2024-06-24T15:29:21.504+0000] {dagbag.py:541} INFO - Filling up the DagBag from /home/airflow/.local/lib/python3.7/site-packages/airflow/example_dags/example_dynamic_task_mapping.py
[2024-06-24T15:29:21.506+0000] {processor.py:809} INFO - DAG(s) dict_keys(['example_dynamic_task_mapping']) retrieved from /home/airflow/.local/lib/python3.7/site-packages/airflow/example_dags/example_dynamic_task_mapping.py
[2024-06-24T15:29:21.517+0000] {logging_mixin.py:149} INFO - [2024-06-24T15:29:21.517+0000] {dag.py:2726} INFO - Sync 1 DAGs
[2024-06-24T15:29:21.528+0000] {logging_mixin.py:149} INFO - [2024-06-24T15:29:21.528+0000] {dag.py:3490} INFO - Setting next_dagrun for example_dynamic_task_mapping to 2022-03-04T00:00:00+00:00, run_after=2022-03-05T00:00:00+00:00
[2024-06-24T15:29:21.535+0000] {processor.py:178} INFO - Processing /home/airflow/.local/lib/python3.7/site-packages/airflow/example_dags/example_dynamic_task_mapping.py took 0.033 seconds
[2024-06-24T15:29:52.208+0000] {processor.py:156} INFO - Started process (PID=3039) to work on /home/airflow/.local/lib/python3.7/site-packages/airflow/example_dags/example_dynamic_task_mapping.py
[2024-06-24T15:29:52.208+0000] {processor.py:799} INFO - Processing file /home/airflow/.local/lib/python3.7/site-packages/airflow/example_dags/example_dynamic_task_mapping.py for tasks to queue
[2024-06-24T15:29:52.209+0000] {logging_mixin.py:149} INFO - [2024-06-24T15:29:52.209+0000] {dagbag.py:541} INFO - Filling up the DagBag from /home/airflow/.local/lib/python3.7/site-packages/airflow/example_dags/example_dynamic_task_mapping.py
[2024-06-24T15:29:52.212+0000] {processor.py:809} INFO - DAG(s) dict_keys(['example_dynamic_task_mapping']) retrieved from /home/airflow/.local/lib/python3.7/site-packages/airflow/example_dags/example_dynamic_task_mapping.py
[2024-06-24T15:29:52.222+0000] {logging_mixin.py:149} INFO - [2024-06-24T15:29:52.222+0000] {dag.py:2726} INFO - Sync 1 DAGs
[2024-06-24T15:29:52.233+0000] {logging_mixin.py:149} INFO - [2024-06-24T15:29:52.233+0000] {dag.py:3490} INFO - Setting next_dagrun for example_dynamic_task_mapping to 2022-03-04T00:00:00+00:00, run_after=2022-03-05T00:00:00+00:00
[2024-06-24T15:29:52.239+0000] {processor.py:178} INFO - Processing /home/airflow/.local/lib/python3.7/site-packages/airflow/example_dags/example_dynamic_task_mapping.py took 0.032 seconds
[2024-06-24T15:30:22.847+0000] {processor.py:156} INFO - Started process (PID=3107) to work on /home/airflow/.local/lib/python3.7/site-packages/airflow/example_dags/example_dynamic_task_mapping.py
[2024-06-24T15:30:22.848+0000] {processor.py:799} INFO - Processing file /home/airflow/.local/lib/python3.7/site-packages/airflow/example_dags/example_dynamic_task_mapping.py for tasks to queue
[2024-06-24T15:30:22.848+0000] {logging_mixin.py:149} INFO - [2024-06-24T15:30:22.848+0000] {dagbag.py:541} INFO - Filling up the DagBag from /home/airflow/.local/lib/python3.7/site-packages/airflow/example_dags/example_dynamic_task_mapping.py
[2024-06-24T15:30:22.851+0000] {processor.py:809} INFO - DAG(s) dict_keys(['example_dynamic_task_mapping']) retrieved from /home/airflow/.local/lib/python3.7/site-packages/airflow/example_dags/example_dynamic_task_mapping.py
[2024-06-24T15:30:22.862+0000] {logging_mixin.py:149} INFO - [2024-06-24T15:30:22.862+0000] {dag.py:2726} INFO - Sync 1 DAGs
[2024-06-24T15:30:22.874+0000] {logging_mixin.py:149} INFO - [2024-06-24T15:30:22.874+0000] {dag.py:3490} INFO - Setting next_dagrun for example_dynamic_task_mapping to 2022-03-04T00:00:00+00:00, run_after=2022-03-05T00:00:00+00:00
[2024-06-24T15:30:22.881+0000] {processor.py:178} INFO - Processing /home/airflow/.local/lib/python3.7/site-packages/airflow/example_dags/example_dynamic_task_mapping.py took 0.035 seconds
