[2024-06-24T15:03:51.242+0000] {processor.py:156} INFO - Started process (PID=79) to work on /home/airflow/.local/lib/python3.7/site-packages/airflow/example_dags/example_task_group_decorator.py
[2024-06-24T15:03:51.242+0000] {processor.py:799} INFO - Processing file /home/airflow/.local/lib/python3.7/site-packages/airflow/example_dags/example_task_group_decorator.py for tasks to queue
[2024-06-24T15:03:51.242+0000] {logging_mixin.py:149} INFO - [2024-06-24T15:03:51.242+0000] {dagbag.py:541} INFO - Filling up the DagBag from /home/airflow/.local/lib/python3.7/site-packages/airflow/example_dags/example_task_group_decorator.py
[2024-06-24T15:03:51.252+0000] {processor.py:809} INFO - DAG(s) dict_keys(['example_task_group_decorator']) retrieved from /home/airflow/.local/lib/python3.7/site-packages/airflow/example_dags/example_task_group_decorator.py
[2024-06-24T15:03:51.305+0000] {logging_mixin.py:149} INFO - [2024-06-24T15:03:51.305+0000] {manager.py:504} INFO - Created Permission View: can delete on DAG:example_task_group_decorator
[2024-06-24T15:03:51.308+0000] {logging_mixin.py:149} INFO - [2024-06-24T15:03:51.308+0000] {manager.py:504} INFO - Created Permission View: can edit on DAG:example_task_group_decorator
[2024-06-24T15:03:51.311+0000] {logging_mixin.py:149} INFO - [2024-06-24T15:03:51.311+0000] {manager.py:504} INFO - Created Permission View: can read on DAG:example_task_group_decorator
[2024-06-24T15:03:51.311+0000] {logging_mixin.py:149} INFO - [2024-06-24T15:03:51.311+0000] {dag.py:2726} INFO - Sync 1 DAGs
[2024-06-24T15:03:51.317+0000] {logging_mixin.py:149} INFO - [2024-06-24T15:03:51.317+0000] {dag.py:2747} INFO - Creating ORM DAG for example_task_group_decorator
[2024-06-24T15:03:51.322+0000] {logging_mixin.py:149} INFO - [2024-06-24T15:03:51.322+0000] {dag.py:3490} INFO - Setting next_dagrun for example_task_group_decorator to 2024-06-23T15:03:51.322584+00:00, run_after=2024-06-24T15:03:51.322584+00:00
[2024-06-24T15:03:51.329+0000] {processor.py:178} INFO - Processing /home/airflow/.local/lib/python3.7/site-packages/airflow/example_dags/example_task_group_decorator.py took 0.088 seconds
[2024-06-24T15:04:21.453+0000] {processor.py:156} INFO - Started process (PID=148) to work on /home/airflow/.local/lib/python3.7/site-packages/airflow/example_dags/example_task_group_decorator.py
[2024-06-24T15:04:21.454+0000] {processor.py:799} INFO - Processing file /home/airflow/.local/lib/python3.7/site-packages/airflow/example_dags/example_task_group_decorator.py for tasks to queue
[2024-06-24T15:04:21.454+0000] {logging_mixin.py:149} INFO - [2024-06-24T15:04:21.454+0000] {dagbag.py:541} INFO - Filling up the DagBag from /home/airflow/.local/lib/python3.7/site-packages/airflow/example_dags/example_task_group_decorator.py
[2024-06-24T15:04:21.460+0000] {processor.py:809} INFO - DAG(s) dict_keys(['example_task_group_decorator']) retrieved from /home/airflow/.local/lib/python3.7/site-packages/airflow/example_dags/example_task_group_decorator.py
[2024-06-24T15:04:21.473+0000] {logging_mixin.py:149} INFO - [2024-06-24T15:04:21.472+0000] {dag.py:2726} INFO - Sync 1 DAGs
[2024-06-24T15:04:21.484+0000] {logging_mixin.py:149} INFO - [2024-06-24T15:04:21.484+0000] {dag.py:3490} INFO - Setting next_dagrun for example_task_group_decorator to 2024-06-23T15:04:21.484361+00:00, run_after=2024-06-24T15:04:21.484361+00:00
[2024-06-24T15:04:21.492+0000] {processor.py:178} INFO - Processing /home/airflow/.local/lib/python3.7/site-packages/airflow/example_dags/example_task_group_decorator.py took 0.040 seconds
[2024-06-24T15:04:52.032+0000] {processor.py:156} INFO - Started process (PID=216) to work on /home/airflow/.local/lib/python3.7/site-packages/airflow/example_dags/example_task_group_decorator.py
[2024-06-24T15:04:52.032+0000] {processor.py:799} INFO - Processing file /home/airflow/.local/lib/python3.7/site-packages/airflow/example_dags/example_task_group_decorator.py for tasks to queue
[2024-06-24T15:04:52.033+0000] {logging_mixin.py:149} INFO - [2024-06-24T15:04:52.033+0000] {dagbag.py:541} INFO - Filling up the DagBag from /home/airflow/.local/lib/python3.7/site-packages/airflow/example_dags/example_task_group_decorator.py
[2024-06-24T15:04:52.038+0000] {processor.py:809} INFO - DAG(s) dict_keys(['example_task_group_decorator']) retrieved from /home/airflow/.local/lib/python3.7/site-packages/airflow/example_dags/example_task_group_decorator.py
[2024-06-24T15:04:52.049+0000] {logging_mixin.py:149} INFO - [2024-06-24T15:04:52.049+0000] {dag.py:2726} INFO - Sync 1 DAGs
[2024-06-24T15:04:52.061+0000] {logging_mixin.py:149} INFO - [2024-06-24T15:04:52.061+0000] {dag.py:3490} INFO - Setting next_dagrun for example_task_group_decorator to 2024-06-23T15:04:52.061365+00:00, run_after=2024-06-24T15:04:52.061365+00:00
[2024-06-24T15:04:52.068+0000] {processor.py:178} INFO - Processing /home/airflow/.local/lib/python3.7/site-packages/airflow/example_dags/example_task_group_decorator.py took 0.036 seconds
[2024-06-24T15:05:22.653+0000] {processor.py:156} INFO - Started process (PID=285) to work on /home/airflow/.local/lib/python3.7/site-packages/airflow/example_dags/example_task_group_decorator.py
[2024-06-24T15:05:22.653+0000] {processor.py:799} INFO - Processing file /home/airflow/.local/lib/python3.7/site-packages/airflow/example_dags/example_task_group_decorator.py for tasks to queue
[2024-06-24T15:05:22.653+0000] {logging_mixin.py:149} INFO - [2024-06-24T15:05:22.653+0000] {dagbag.py:541} INFO - Filling up the DagBag from /home/airflow/.local/lib/python3.7/site-packages/airflow/example_dags/example_task_group_decorator.py
[2024-06-24T15:05:22.659+0000] {processor.py:809} INFO - DAG(s) dict_keys(['example_task_group_decorator']) retrieved from /home/airflow/.local/lib/python3.7/site-packages/airflow/example_dags/example_task_group_decorator.py
[2024-06-24T15:05:22.670+0000] {logging_mixin.py:149} INFO - [2024-06-24T15:05:22.670+0000] {dag.py:2726} INFO - Sync 1 DAGs
[2024-06-24T15:05:22.681+0000] {logging_mixin.py:149} INFO - [2024-06-24T15:05:22.681+0000] {dag.py:3490} INFO - Setting next_dagrun for example_task_group_decorator to 2024-06-23T15:05:22.681325+00:00, run_after=2024-06-24T15:05:22.681325+00:00
[2024-06-24T15:05:22.688+0000] {processor.py:178} INFO - Processing /home/airflow/.local/lib/python3.7/site-packages/airflow/example_dags/example_task_group_decorator.py took 0.037 seconds
[2024-06-24T15:05:53.203+0000] {processor.py:156} INFO - Started process (PID=354) to work on /home/airflow/.local/lib/python3.7/site-packages/airflow/example_dags/example_task_group_decorator.py
[2024-06-24T15:05:53.204+0000] {processor.py:799} INFO - Processing file /home/airflow/.local/lib/python3.7/site-packages/airflow/example_dags/example_task_group_decorator.py for tasks to queue
[2024-06-24T15:05:53.204+0000] {logging_mixin.py:149} INFO - [2024-06-24T15:05:53.204+0000] {dagbag.py:541} INFO - Filling up the DagBag from /home/airflow/.local/lib/python3.7/site-packages/airflow/example_dags/example_task_group_decorator.py
[2024-06-24T15:05:53.210+0000] {processor.py:809} INFO - DAG(s) dict_keys(['example_task_group_decorator']) retrieved from /home/airflow/.local/lib/python3.7/site-packages/airflow/example_dags/example_task_group_decorator.py
[2024-06-24T15:05:53.221+0000] {logging_mixin.py:149} INFO - [2024-06-24T15:05:53.221+0000] {dag.py:2726} INFO - Sync 1 DAGs
[2024-06-24T15:05:53.231+0000] {logging_mixin.py:149} INFO - [2024-06-24T15:05:53.230+0000] {dag.py:3490} INFO - Setting next_dagrun for example_task_group_decorator to 2024-06-23T15:05:53.230846+00:00, run_after=2024-06-24T15:05:53.230846+00:00
[2024-06-24T15:05:53.238+0000] {processor.py:178} INFO - Processing /home/airflow/.local/lib/python3.7/site-packages/airflow/example_dags/example_task_group_decorator.py took 0.036 seconds
[2024-06-24T15:06:23.859+0000] {processor.py:156} INFO - Started process (PID=422) to work on /home/airflow/.local/lib/python3.7/site-packages/airflow/example_dags/example_task_group_decorator.py
[2024-06-24T15:06:23.860+0000] {processor.py:799} INFO - Processing file /home/airflow/.local/lib/python3.7/site-packages/airflow/example_dags/example_task_group_decorator.py for tasks to queue
[2024-06-24T15:06:23.860+0000] {logging_mixin.py:149} INFO - [2024-06-24T15:06:23.860+0000] {dagbag.py:541} INFO - Filling up the DagBag from /home/airflow/.local/lib/python3.7/site-packages/airflow/example_dags/example_task_group_decorator.py
[2024-06-24T15:06:23.866+0000] {processor.py:809} INFO - DAG(s) dict_keys(['example_task_group_decorator']) retrieved from /home/airflow/.local/lib/python3.7/site-packages/airflow/example_dags/example_task_group_decorator.py
[2024-06-24T15:06:23.878+0000] {logging_mixin.py:149} INFO - [2024-06-24T15:06:23.878+0000] {dag.py:2726} INFO - Sync 1 DAGs
[2024-06-24T15:06:23.889+0000] {logging_mixin.py:149} INFO - [2024-06-24T15:06:23.889+0000] {dag.py:3490} INFO - Setting next_dagrun for example_task_group_decorator to 2024-06-23T15:06:23.889125+00:00, run_after=2024-06-24T15:06:23.889125+00:00
[2024-06-24T15:06:23.896+0000] {processor.py:178} INFO - Processing /home/airflow/.local/lib/python3.7/site-packages/airflow/example_dags/example_task_group_decorator.py took 0.039 seconds
[2024-06-24T15:06:54.541+0000] {processor.py:156} INFO - Started process (PID=491) to work on /home/airflow/.local/lib/python3.7/site-packages/airflow/example_dags/example_task_group_decorator.py
[2024-06-24T15:06:54.542+0000] {processor.py:799} INFO - Processing file /home/airflow/.local/lib/python3.7/site-packages/airflow/example_dags/example_task_group_decorator.py for tasks to queue
[2024-06-24T15:06:54.542+0000] {logging_mixin.py:149} INFO - [2024-06-24T15:06:54.542+0000] {dagbag.py:541} INFO - Filling up the DagBag from /home/airflow/.local/lib/python3.7/site-packages/airflow/example_dags/example_task_group_decorator.py
[2024-06-24T15:06:54.548+0000] {processor.py:809} INFO - DAG(s) dict_keys(['example_task_group_decorator']) retrieved from /home/airflow/.local/lib/python3.7/site-packages/airflow/example_dags/example_task_group_decorator.py
[2024-06-24T15:06:54.560+0000] {logging_mixin.py:149} INFO - [2024-06-24T15:06:54.560+0000] {dag.py:2726} INFO - Sync 1 DAGs
[2024-06-24T15:06:54.575+0000] {logging_mixin.py:149} INFO - [2024-06-24T15:06:54.574+0000] {dag.py:3490} INFO - Setting next_dagrun for example_task_group_decorator to 2024-06-23T15:06:54.574755+00:00, run_after=2024-06-24T15:06:54.574755+00:00
[2024-06-24T15:06:54.586+0000] {processor.py:178} INFO - Processing /home/airflow/.local/lib/python3.7/site-packages/airflow/example_dags/example_task_group_decorator.py took 0.046 seconds
[2024-06-24T15:07:54.114+0000] {processor.py:156} INFO - Started process (PID=79) to work on /home/airflow/.local/lib/python3.7/site-packages/airflow/example_dags/example_task_group_decorator.py
[2024-06-24T15:07:54.115+0000] {processor.py:799} INFO - Processing file /home/airflow/.local/lib/python3.7/site-packages/airflow/example_dags/example_task_group_decorator.py for tasks to queue
[2024-06-24T15:07:54.116+0000] {logging_mixin.py:149} INFO - [2024-06-24T15:07:54.115+0000] {dagbag.py:541} INFO - Filling up the DagBag from /home/airflow/.local/lib/python3.7/site-packages/airflow/example_dags/example_task_group_decorator.py
[2024-06-24T15:07:54.123+0000] {processor.py:809} INFO - DAG(s) dict_keys(['example_task_group_decorator']) retrieved from /home/airflow/.local/lib/python3.7/site-packages/airflow/example_dags/example_task_group_decorator.py
[2024-06-24T15:07:54.129+0000] {logging_mixin.py:149} INFO - [2024-06-24T15:07:54.129+0000] {dag.py:2726} INFO - Sync 1 DAGs
[2024-06-24T15:07:54.148+0000] {logging_mixin.py:149} INFO - [2024-06-24T15:07:54.148+0000] {dag.py:3490} INFO - Setting next_dagrun for example_task_group_decorator to 2024-06-23T15:07:54.148376+00:00, run_after=2024-06-24T15:07:54.148376+00:00
[2024-06-24T15:07:54.161+0000] {processor.py:178} INFO - Processing /home/airflow/.local/lib/python3.7/site-packages/airflow/example_dags/example_task_group_decorator.py took 0.048 seconds
[2024-06-24T15:08:24.491+0000] {processor.py:156} INFO - Started process (PID=152) to work on /home/airflow/.local/lib/python3.7/site-packages/airflow/example_dags/example_task_group_decorator.py
[2024-06-24T15:08:24.491+0000] {processor.py:799} INFO - Processing file /home/airflow/.local/lib/python3.7/site-packages/airflow/example_dags/example_task_group_decorator.py for tasks to queue
[2024-06-24T15:08:24.492+0000] {logging_mixin.py:149} INFO - [2024-06-24T15:08:24.492+0000] {dagbag.py:541} INFO - Filling up the DagBag from /home/airflow/.local/lib/python3.7/site-packages/airflow/example_dags/example_task_group_decorator.py
[2024-06-24T15:08:24.501+0000] {processor.py:809} INFO - DAG(s) dict_keys(['example_task_group_decorator']) retrieved from /home/airflow/.local/lib/python3.7/site-packages/airflow/example_dags/example_task_group_decorator.py
[2024-06-24T15:08:24.513+0000] {logging_mixin.py:149} INFO - [2024-06-24T15:08:24.513+0000] {dag.py:2726} INFO - Sync 1 DAGs
[2024-06-24T15:08:24.525+0000] {logging_mixin.py:149} INFO - [2024-06-24T15:08:24.525+0000] {dag.py:3490} INFO - Setting next_dagrun for example_task_group_decorator to 2024-06-23T15:08:24.524961+00:00, run_after=2024-06-24T15:08:24.524961+00:00
[2024-06-24T15:08:24.532+0000] {processor.py:178} INFO - Processing /home/airflow/.local/lib/python3.7/site-packages/airflow/example_dags/example_task_group_decorator.py took 0.043 seconds
[2024-06-24T15:08:55.063+0000] {processor.py:156} INFO - Started process (PID=221) to work on /home/airflow/.local/lib/python3.7/site-packages/airflow/example_dags/example_task_group_decorator.py
[2024-06-24T15:08:55.063+0000] {processor.py:799} INFO - Processing file /home/airflow/.local/lib/python3.7/site-packages/airflow/example_dags/example_task_group_decorator.py for tasks to queue
[2024-06-24T15:08:55.063+0000] {logging_mixin.py:149} INFO - [2024-06-24T15:08:55.063+0000] {dagbag.py:541} INFO - Filling up the DagBag from /home/airflow/.local/lib/python3.7/site-packages/airflow/example_dags/example_task_group_decorator.py
[2024-06-24T15:08:55.069+0000] {processor.py:809} INFO - DAG(s) dict_keys(['example_task_group_decorator']) retrieved from /home/airflow/.local/lib/python3.7/site-packages/airflow/example_dags/example_task_group_decorator.py
[2024-06-24T15:08:55.080+0000] {logging_mixin.py:149} INFO - [2024-06-24T15:08:55.080+0000] {dag.py:2726} INFO - Sync 1 DAGs
[2024-06-24T15:08:55.090+0000] {logging_mixin.py:149} INFO - [2024-06-24T15:08:55.090+0000] {dag.py:3490} INFO - Setting next_dagrun for example_task_group_decorator to 2024-06-23T15:08:55.090552+00:00, run_after=2024-06-24T15:08:55.090552+00:00
[2024-06-24T15:08:55.097+0000] {processor.py:178} INFO - Processing /home/airflow/.local/lib/python3.7/site-packages/airflow/example_dags/example_task_group_decorator.py took 0.035 seconds
[2024-06-24T15:09:25.749+0000] {processor.py:156} INFO - Started process (PID=290) to work on /home/airflow/.local/lib/python3.7/site-packages/airflow/example_dags/example_task_group_decorator.py
[2024-06-24T15:09:25.750+0000] {processor.py:799} INFO - Processing file /home/airflow/.local/lib/python3.7/site-packages/airflow/example_dags/example_task_group_decorator.py for tasks to queue
[2024-06-24T15:09:25.750+0000] {logging_mixin.py:149} INFO - [2024-06-24T15:09:25.750+0000] {dagbag.py:541} INFO - Filling up the DagBag from /home/airflow/.local/lib/python3.7/site-packages/airflow/example_dags/example_task_group_decorator.py
[2024-06-24T15:09:25.756+0000] {processor.py:809} INFO - DAG(s) dict_keys(['example_task_group_decorator']) retrieved from /home/airflow/.local/lib/python3.7/site-packages/airflow/example_dags/example_task_group_decorator.py
[2024-06-24T15:09:25.767+0000] {logging_mixin.py:149} INFO - [2024-06-24T15:09:25.767+0000] {dag.py:2726} INFO - Sync 1 DAGs
[2024-06-24T15:09:25.778+0000] {logging_mixin.py:149} INFO - [2024-06-24T15:09:25.778+0000] {dag.py:3490} INFO - Setting next_dagrun for example_task_group_decorator to 2024-06-23T15:09:25.777960+00:00, run_after=2024-06-24T15:09:25.777960+00:00
[2024-06-24T15:09:25.785+0000] {processor.py:178} INFO - Processing /home/airflow/.local/lib/python3.7/site-packages/airflow/example_dags/example_task_group_decorator.py took 0.037 seconds
[2024-06-24T15:09:56.344+0000] {processor.py:156} INFO - Started process (PID=359) to work on /home/airflow/.local/lib/python3.7/site-packages/airflow/example_dags/example_task_group_decorator.py
[2024-06-24T15:09:56.344+0000] {processor.py:799} INFO - Processing file /home/airflow/.local/lib/python3.7/site-packages/airflow/example_dags/example_task_group_decorator.py for tasks to queue
[2024-06-24T15:09:56.345+0000] {logging_mixin.py:149} INFO - [2024-06-24T15:09:56.345+0000] {dagbag.py:541} INFO - Filling up the DagBag from /home/airflow/.local/lib/python3.7/site-packages/airflow/example_dags/example_task_group_decorator.py
[2024-06-24T15:09:56.350+0000] {processor.py:809} INFO - DAG(s) dict_keys(['example_task_group_decorator']) retrieved from /home/airflow/.local/lib/python3.7/site-packages/airflow/example_dags/example_task_group_decorator.py
[2024-06-24T15:09:56.361+0000] {logging_mixin.py:149} INFO - [2024-06-24T15:09:56.361+0000] {dag.py:2726} INFO - Sync 1 DAGs
[2024-06-24T15:09:56.371+0000] {logging_mixin.py:149} INFO - [2024-06-24T15:09:56.371+0000] {dag.py:3490} INFO - Setting next_dagrun for example_task_group_decorator to 2024-06-23T15:09:56.371651+00:00, run_after=2024-06-24T15:09:56.371651+00:00
[2024-06-24T15:09:56.378+0000] {processor.py:178} INFO - Processing /home/airflow/.local/lib/python3.7/site-packages/airflow/example_dags/example_task_group_decorator.py took 0.036 seconds
[2024-06-24T15:10:27.016+0000] {processor.py:156} INFO - Started process (PID=428) to work on /home/airflow/.local/lib/python3.7/site-packages/airflow/example_dags/example_task_group_decorator.py
[2024-06-24T15:10:27.017+0000] {processor.py:799} INFO - Processing file /home/airflow/.local/lib/python3.7/site-packages/airflow/example_dags/example_task_group_decorator.py for tasks to queue
[2024-06-24T15:10:27.017+0000] {logging_mixin.py:149} INFO - [2024-06-24T15:10:27.017+0000] {dagbag.py:541} INFO - Filling up the DagBag from /home/airflow/.local/lib/python3.7/site-packages/airflow/example_dags/example_task_group_decorator.py
[2024-06-24T15:10:27.023+0000] {processor.py:809} INFO - DAG(s) dict_keys(['example_task_group_decorator']) retrieved from /home/airflow/.local/lib/python3.7/site-packages/airflow/example_dags/example_task_group_decorator.py
[2024-06-24T15:10:27.034+0000] {logging_mixin.py:149} INFO - [2024-06-24T15:10:27.034+0000] {dag.py:2726} INFO - Sync 1 DAGs
[2024-06-24T15:10:27.044+0000] {logging_mixin.py:149} INFO - [2024-06-24T15:10:27.044+0000] {dag.py:3490} INFO - Setting next_dagrun for example_task_group_decorator to 2024-06-23T15:10:27.044050+00:00, run_after=2024-06-24T15:10:27.044050+00:00
[2024-06-24T15:10:27.050+0000] {processor.py:178} INFO - Processing /home/airflow/.local/lib/python3.7/site-packages/airflow/example_dags/example_task_group_decorator.py took 0.035 seconds
[2024-06-24T15:10:57.807+0000] {processor.py:156} INFO - Started process (PID=497) to work on /home/airflow/.local/lib/python3.7/site-packages/airflow/example_dags/example_task_group_decorator.py
[2024-06-24T15:10:57.807+0000] {processor.py:799} INFO - Processing file /home/airflow/.local/lib/python3.7/site-packages/airflow/example_dags/example_task_group_decorator.py for tasks to queue
[2024-06-24T15:10:57.807+0000] {logging_mixin.py:149} INFO - [2024-06-24T15:10:57.807+0000] {dagbag.py:541} INFO - Filling up the DagBag from /home/airflow/.local/lib/python3.7/site-packages/airflow/example_dags/example_task_group_decorator.py
[2024-06-24T15:10:57.813+0000] {processor.py:809} INFO - DAG(s) dict_keys(['example_task_group_decorator']) retrieved from /home/airflow/.local/lib/python3.7/site-packages/airflow/example_dags/example_task_group_decorator.py
[2024-06-24T15:10:57.824+0000] {logging_mixin.py:149} INFO - [2024-06-24T15:10:57.824+0000] {dag.py:2726} INFO - Sync 1 DAGs
[2024-06-24T15:10:57.834+0000] {logging_mixin.py:149} INFO - [2024-06-24T15:10:57.834+0000] {dag.py:3490} INFO - Setting next_dagrun for example_task_group_decorator to 2024-06-23T15:10:57.834389+00:00, run_after=2024-06-24T15:10:57.834389+00:00
[2024-06-24T15:10:57.840+0000] {processor.py:178} INFO - Processing /home/airflow/.local/lib/python3.7/site-packages/airflow/example_dags/example_task_group_decorator.py took 0.035 seconds
[2024-06-24T15:11:28.488+0000] {processor.py:156} INFO - Started process (PID=566) to work on /home/airflow/.local/lib/python3.7/site-packages/airflow/example_dags/example_task_group_decorator.py
[2024-06-24T15:11:28.488+0000] {processor.py:799} INFO - Processing file /home/airflow/.local/lib/python3.7/site-packages/airflow/example_dags/example_task_group_decorator.py for tasks to queue
[2024-06-24T15:11:28.489+0000] {logging_mixin.py:149} INFO - [2024-06-24T15:11:28.489+0000] {dagbag.py:541} INFO - Filling up the DagBag from /home/airflow/.local/lib/python3.7/site-packages/airflow/example_dags/example_task_group_decorator.py
[2024-06-24T15:11:28.494+0000] {processor.py:809} INFO - DAG(s) dict_keys(['example_task_group_decorator']) retrieved from /home/airflow/.local/lib/python3.7/site-packages/airflow/example_dags/example_task_group_decorator.py
[2024-06-24T15:11:28.506+0000] {logging_mixin.py:149} INFO - [2024-06-24T15:11:28.506+0000] {dag.py:2726} INFO - Sync 1 DAGs
[2024-06-24T15:11:28.516+0000] {logging_mixin.py:149} INFO - [2024-06-24T15:11:28.516+0000] {dag.py:3490} INFO - Setting next_dagrun for example_task_group_decorator to 2024-06-23T15:11:28.516422+00:00, run_after=2024-06-24T15:11:28.516422+00:00
[2024-06-24T15:11:28.523+0000] {processor.py:178} INFO - Processing /home/airflow/.local/lib/python3.7/site-packages/airflow/example_dags/example_task_group_decorator.py took 0.037 seconds
[2024-06-24T15:11:59.330+0000] {processor.py:156} INFO - Started process (PID=635) to work on /home/airflow/.local/lib/python3.7/site-packages/airflow/example_dags/example_task_group_decorator.py
[2024-06-24T15:11:59.331+0000] {processor.py:799} INFO - Processing file /home/airflow/.local/lib/python3.7/site-packages/airflow/example_dags/example_task_group_decorator.py for tasks to queue
[2024-06-24T15:11:59.331+0000] {logging_mixin.py:149} INFO - [2024-06-24T15:11:59.331+0000] {dagbag.py:541} INFO - Filling up the DagBag from /home/airflow/.local/lib/python3.7/site-packages/airflow/example_dags/example_task_group_decorator.py
[2024-06-24T15:11:59.337+0000] {processor.py:809} INFO - DAG(s) dict_keys(['example_task_group_decorator']) retrieved from /home/airflow/.local/lib/python3.7/site-packages/airflow/example_dags/example_task_group_decorator.py
[2024-06-24T15:11:59.349+0000] {logging_mixin.py:149} INFO - [2024-06-24T15:11:59.349+0000] {dag.py:2726} INFO - Sync 1 DAGs
[2024-06-24T15:11:59.360+0000] {logging_mixin.py:149} INFO - [2024-06-24T15:11:59.360+0000] {dag.py:3490} INFO - Setting next_dagrun for example_task_group_decorator to 2024-06-23T15:11:59.360771+00:00, run_after=2024-06-24T15:11:59.360771+00:00
[2024-06-24T15:11:59.367+0000] {processor.py:178} INFO - Processing /home/airflow/.local/lib/python3.7/site-packages/airflow/example_dags/example_task_group_decorator.py took 0.038 seconds
[2024-06-24T15:12:29.971+0000] {processor.py:156} INFO - Started process (PID=704) to work on /home/airflow/.local/lib/python3.7/site-packages/airflow/example_dags/example_task_group_decorator.py
[2024-06-24T15:12:29.971+0000] {processor.py:799} INFO - Processing file /home/airflow/.local/lib/python3.7/site-packages/airflow/example_dags/example_task_group_decorator.py for tasks to queue
[2024-06-24T15:12:29.971+0000] {logging_mixin.py:149} INFO - [2024-06-24T15:12:29.971+0000] {dagbag.py:541} INFO - Filling up the DagBag from /home/airflow/.local/lib/python3.7/site-packages/airflow/example_dags/example_task_group_decorator.py
[2024-06-24T15:12:29.979+0000] {processor.py:809} INFO - DAG(s) dict_keys(['example_task_group_decorator']) retrieved from /home/airflow/.local/lib/python3.7/site-packages/airflow/example_dags/example_task_group_decorator.py
[2024-06-24T15:12:29.991+0000] {logging_mixin.py:149} INFO - [2024-06-24T15:12:29.991+0000] {dag.py:2726} INFO - Sync 1 DAGs
[2024-06-24T15:12:30.001+0000] {logging_mixin.py:149} INFO - [2024-06-24T15:12:30.001+0000] {dag.py:3490} INFO - Setting next_dagrun for example_task_group_decorator to 2024-06-23T15:12:30.001604+00:00, run_after=2024-06-24T15:12:30.001604+00:00
[2024-06-24T15:12:30.008+0000] {processor.py:178} INFO - Processing /home/airflow/.local/lib/python3.7/site-packages/airflow/example_dags/example_task_group_decorator.py took 0.038 seconds
[2024-06-24T15:13:00.673+0000] {processor.py:156} INFO - Started process (PID=773) to work on /home/airflow/.local/lib/python3.7/site-packages/airflow/example_dags/example_task_group_decorator.py
[2024-06-24T15:13:00.673+0000] {processor.py:799} INFO - Processing file /home/airflow/.local/lib/python3.7/site-packages/airflow/example_dags/example_task_group_decorator.py for tasks to queue
[2024-06-24T15:13:00.674+0000] {logging_mixin.py:149} INFO - [2024-06-24T15:13:00.674+0000] {dagbag.py:541} INFO - Filling up the DagBag from /home/airflow/.local/lib/python3.7/site-packages/airflow/example_dags/example_task_group_decorator.py
[2024-06-24T15:13:00.680+0000] {processor.py:809} INFO - DAG(s) dict_keys(['example_task_group_decorator']) retrieved from /home/airflow/.local/lib/python3.7/site-packages/airflow/example_dags/example_task_group_decorator.py
[2024-06-24T15:13:00.693+0000] {logging_mixin.py:149} INFO - [2024-06-24T15:13:00.693+0000] {dag.py:2726} INFO - Sync 1 DAGs
[2024-06-24T15:13:00.707+0000] {logging_mixin.py:149} INFO - [2024-06-24T15:13:00.707+0000] {dag.py:3490} INFO - Setting next_dagrun for example_task_group_decorator to 2024-06-23T15:13:00.707224+00:00, run_after=2024-06-24T15:13:00.707224+00:00
[2024-06-24T15:13:00.716+0000] {processor.py:178} INFO - Processing /home/airflow/.local/lib/python3.7/site-packages/airflow/example_dags/example_task_group_decorator.py took 0.045 seconds
[2024-06-24T15:13:31.308+0000] {processor.py:156} INFO - Started process (PID=842) to work on /home/airflow/.local/lib/python3.7/site-packages/airflow/example_dags/example_task_group_decorator.py
[2024-06-24T15:13:31.308+0000] {processor.py:799} INFO - Processing file /home/airflow/.local/lib/python3.7/site-packages/airflow/example_dags/example_task_group_decorator.py for tasks to queue
[2024-06-24T15:13:31.309+0000] {logging_mixin.py:149} INFO - [2024-06-24T15:13:31.309+0000] {dagbag.py:541} INFO - Filling up the DagBag from /home/airflow/.local/lib/python3.7/site-packages/airflow/example_dags/example_task_group_decorator.py
[2024-06-24T15:13:31.314+0000] {processor.py:809} INFO - DAG(s) dict_keys(['example_task_group_decorator']) retrieved from /home/airflow/.local/lib/python3.7/site-packages/airflow/example_dags/example_task_group_decorator.py
[2024-06-24T15:13:31.326+0000] {logging_mixin.py:149} INFO - [2024-06-24T15:13:31.326+0000] {dag.py:2726} INFO - Sync 1 DAGs
[2024-06-24T15:13:31.336+0000] {logging_mixin.py:149} INFO - [2024-06-24T15:13:31.336+0000] {dag.py:3490} INFO - Setting next_dagrun for example_task_group_decorator to 2024-06-23T15:13:31.336632+00:00, run_after=2024-06-24T15:13:31.336632+00:00
[2024-06-24T15:13:31.343+0000] {processor.py:178} INFO - Processing /home/airflow/.local/lib/python3.7/site-packages/airflow/example_dags/example_task_group_decorator.py took 0.037 seconds
[2024-06-24T15:14:01.874+0000] {processor.py:156} INFO - Started process (PID=911) to work on /home/airflow/.local/lib/python3.7/site-packages/airflow/example_dags/example_task_group_decorator.py
[2024-06-24T15:14:01.875+0000] {processor.py:799} INFO - Processing file /home/airflow/.local/lib/python3.7/site-packages/airflow/example_dags/example_task_group_decorator.py for tasks to queue
[2024-06-24T15:14:01.875+0000] {logging_mixin.py:149} INFO - [2024-06-24T15:14:01.875+0000] {dagbag.py:541} INFO - Filling up the DagBag from /home/airflow/.local/lib/python3.7/site-packages/airflow/example_dags/example_task_group_decorator.py
[2024-06-24T15:14:01.881+0000] {processor.py:809} INFO - DAG(s) dict_keys(['example_task_group_decorator']) retrieved from /home/airflow/.local/lib/python3.7/site-packages/airflow/example_dags/example_task_group_decorator.py
[2024-06-24T15:14:01.893+0000] {logging_mixin.py:149} INFO - [2024-06-24T15:14:01.893+0000] {dag.py:2726} INFO - Sync 1 DAGs
[2024-06-24T15:14:01.904+0000] {logging_mixin.py:149} INFO - [2024-06-24T15:14:01.904+0000] {dag.py:3490} INFO - Setting next_dagrun for example_task_group_decorator to 2024-06-23T15:14:01.904254+00:00, run_after=2024-06-24T15:14:01.904254+00:00
[2024-06-24T15:14:01.911+0000] {processor.py:178} INFO - Processing /home/airflow/.local/lib/python3.7/site-packages/airflow/example_dags/example_task_group_decorator.py took 0.038 seconds
[2024-06-24T15:14:32.343+0000] {processor.py:156} INFO - Started process (PID=980) to work on /home/airflow/.local/lib/python3.7/site-packages/airflow/example_dags/example_task_group_decorator.py
[2024-06-24T15:14:32.344+0000] {processor.py:799} INFO - Processing file /home/airflow/.local/lib/python3.7/site-packages/airflow/example_dags/example_task_group_decorator.py for tasks to queue
[2024-06-24T15:14:32.344+0000] {logging_mixin.py:149} INFO - [2024-06-24T15:14:32.344+0000] {dagbag.py:541} INFO - Filling up the DagBag from /home/airflow/.local/lib/python3.7/site-packages/airflow/example_dags/example_task_group_decorator.py
[2024-06-24T15:14:32.350+0000] {processor.py:809} INFO - DAG(s) dict_keys(['example_task_group_decorator']) retrieved from /home/airflow/.local/lib/python3.7/site-packages/airflow/example_dags/example_task_group_decorator.py
[2024-06-24T15:14:32.361+0000] {logging_mixin.py:149} INFO - [2024-06-24T15:14:32.361+0000] {dag.py:2726} INFO - Sync 1 DAGs
[2024-06-24T15:14:32.371+0000] {logging_mixin.py:149} INFO - [2024-06-24T15:14:32.371+0000] {dag.py:3490} INFO - Setting next_dagrun for example_task_group_decorator to 2024-06-23T15:14:32.371173+00:00, run_after=2024-06-24T15:14:32.371173+00:00
[2024-06-24T15:14:32.378+0000] {processor.py:178} INFO - Processing /home/airflow/.local/lib/python3.7/site-packages/airflow/example_dags/example_task_group_decorator.py took 0.036 seconds
[2024-06-24T15:15:02.836+0000] {processor.py:156} INFO - Started process (PID=1049) to work on /home/airflow/.local/lib/python3.7/site-packages/airflow/example_dags/example_task_group_decorator.py
[2024-06-24T15:15:02.836+0000] {processor.py:799} INFO - Processing file /home/airflow/.local/lib/python3.7/site-packages/airflow/example_dags/example_task_group_decorator.py for tasks to queue
[2024-06-24T15:15:02.836+0000] {logging_mixin.py:149} INFO - [2024-06-24T15:15:02.836+0000] {dagbag.py:541} INFO - Filling up the DagBag from /home/airflow/.local/lib/python3.7/site-packages/airflow/example_dags/example_task_group_decorator.py
[2024-06-24T15:15:02.842+0000] {processor.py:809} INFO - DAG(s) dict_keys(['example_task_group_decorator']) retrieved from /home/airflow/.local/lib/python3.7/site-packages/airflow/example_dags/example_task_group_decorator.py
[2024-06-24T15:15:02.854+0000] {logging_mixin.py:149} INFO - [2024-06-24T15:15:02.854+0000] {dag.py:2726} INFO - Sync 1 DAGs
[2024-06-24T15:15:02.865+0000] {logging_mixin.py:149} INFO - [2024-06-24T15:15:02.864+0000] {dag.py:3490} INFO - Setting next_dagrun for example_task_group_decorator to 2024-06-23T15:15:02.864844+00:00, run_after=2024-06-24T15:15:02.864844+00:00
[2024-06-24T15:15:02.871+0000] {processor.py:178} INFO - Processing /home/airflow/.local/lib/python3.7/site-packages/airflow/example_dags/example_task_group_decorator.py took 0.036 seconds
[2024-06-24T15:15:33.500+0000] {processor.py:156} INFO - Started process (PID=1127) to work on /home/airflow/.local/lib/python3.7/site-packages/airflow/example_dags/example_task_group_decorator.py
[2024-06-24T15:15:33.501+0000] {processor.py:799} INFO - Processing file /home/airflow/.local/lib/python3.7/site-packages/airflow/example_dags/example_task_group_decorator.py for tasks to queue
[2024-06-24T15:15:33.501+0000] {logging_mixin.py:149} INFO - [2024-06-24T15:15:33.501+0000] {dagbag.py:541} INFO - Filling up the DagBag from /home/airflow/.local/lib/python3.7/site-packages/airflow/example_dags/example_task_group_decorator.py
[2024-06-24T15:15:33.507+0000] {processor.py:809} INFO - DAG(s) dict_keys(['example_task_group_decorator']) retrieved from /home/airflow/.local/lib/python3.7/site-packages/airflow/example_dags/example_task_group_decorator.py
[2024-06-24T15:15:33.518+0000] {logging_mixin.py:149} INFO - [2024-06-24T15:15:33.518+0000] {dag.py:2726} INFO - Sync 1 DAGs
[2024-06-24T15:15:33.529+0000] {logging_mixin.py:149} INFO - [2024-06-24T15:15:33.529+0000] {dag.py:3490} INFO - Setting next_dagrun for example_task_group_decorator to 2024-06-23T15:15:33.528913+00:00, run_after=2024-06-24T15:15:33.528913+00:00
[2024-06-24T15:15:33.536+0000] {processor.py:178} INFO - Processing /home/airflow/.local/lib/python3.7/site-packages/airflow/example_dags/example_task_group_decorator.py took 0.036 seconds
[2024-06-24T15:16:04.125+0000] {processor.py:156} INFO - Started process (PID=1196) to work on /home/airflow/.local/lib/python3.7/site-packages/airflow/example_dags/example_task_group_decorator.py
[2024-06-24T15:16:04.126+0000] {processor.py:799} INFO - Processing file /home/airflow/.local/lib/python3.7/site-packages/airflow/example_dags/example_task_group_decorator.py for tasks to queue
[2024-06-24T15:16:04.126+0000] {logging_mixin.py:149} INFO - [2024-06-24T15:16:04.126+0000] {dagbag.py:541} INFO - Filling up the DagBag from /home/airflow/.local/lib/python3.7/site-packages/airflow/example_dags/example_task_group_decorator.py
[2024-06-24T15:16:04.132+0000] {processor.py:809} INFO - DAG(s) dict_keys(['example_task_group_decorator']) retrieved from /home/airflow/.local/lib/python3.7/site-packages/airflow/example_dags/example_task_group_decorator.py
[2024-06-24T15:16:04.143+0000] {logging_mixin.py:149} INFO - [2024-06-24T15:16:04.143+0000] {dag.py:2726} INFO - Sync 1 DAGs
[2024-06-24T15:16:04.153+0000] {logging_mixin.py:149} INFO - [2024-06-24T15:16:04.153+0000] {dag.py:3490} INFO - Setting next_dagrun for example_task_group_decorator to 2024-06-23T15:16:04.153417+00:00, run_after=2024-06-24T15:16:04.153417+00:00
[2024-06-24T15:16:04.159+0000] {processor.py:178} INFO - Processing /home/airflow/.local/lib/python3.7/site-packages/airflow/example_dags/example_task_group_decorator.py took 0.036 seconds
[2024-06-24T15:16:34.811+0000] {processor.py:156} INFO - Started process (PID=1265) to work on /home/airflow/.local/lib/python3.7/site-packages/airflow/example_dags/example_task_group_decorator.py
[2024-06-24T15:16:34.811+0000] {processor.py:799} INFO - Processing file /home/airflow/.local/lib/python3.7/site-packages/airflow/example_dags/example_task_group_decorator.py for tasks to queue
[2024-06-24T15:16:34.811+0000] {logging_mixin.py:149} INFO - [2024-06-24T15:16:34.811+0000] {dagbag.py:541} INFO - Filling up the DagBag from /home/airflow/.local/lib/python3.7/site-packages/airflow/example_dags/example_task_group_decorator.py
[2024-06-24T15:16:34.817+0000] {processor.py:809} INFO - DAG(s) dict_keys(['example_task_group_decorator']) retrieved from /home/airflow/.local/lib/python3.7/site-packages/airflow/example_dags/example_task_group_decorator.py
[2024-06-24T15:16:34.828+0000] {logging_mixin.py:149} INFO - [2024-06-24T15:16:34.828+0000] {dag.py:2726} INFO - Sync 1 DAGs
[2024-06-24T15:16:34.838+0000] {logging_mixin.py:149} INFO - [2024-06-24T15:16:34.838+0000] {dag.py:3490} INFO - Setting next_dagrun for example_task_group_decorator to 2024-06-23T15:16:34.838393+00:00, run_after=2024-06-24T15:16:34.838393+00:00
[2024-06-24T15:16:34.844+0000] {processor.py:178} INFO - Processing /home/airflow/.local/lib/python3.7/site-packages/airflow/example_dags/example_task_group_decorator.py took 0.035 seconds
[2024-06-24T15:17:05.379+0000] {processor.py:156} INFO - Started process (PID=1334) to work on /home/airflow/.local/lib/python3.7/site-packages/airflow/example_dags/example_task_group_decorator.py
[2024-06-24T15:17:05.380+0000] {processor.py:799} INFO - Processing file /home/airflow/.local/lib/python3.7/site-packages/airflow/example_dags/example_task_group_decorator.py for tasks to queue
[2024-06-24T15:17:05.380+0000] {logging_mixin.py:149} INFO - [2024-06-24T15:17:05.380+0000] {dagbag.py:541} INFO - Filling up the DagBag from /home/airflow/.local/lib/python3.7/site-packages/airflow/example_dags/example_task_group_decorator.py
[2024-06-24T15:17:05.386+0000] {processor.py:809} INFO - DAG(s) dict_keys(['example_task_group_decorator']) retrieved from /home/airflow/.local/lib/python3.7/site-packages/airflow/example_dags/example_task_group_decorator.py
[2024-06-24T15:17:05.397+0000] {logging_mixin.py:149} INFO - [2024-06-24T15:17:05.397+0000] {dag.py:2726} INFO - Sync 1 DAGs
[2024-06-24T15:17:05.408+0000] {logging_mixin.py:149} INFO - [2024-06-24T15:17:05.408+0000] {dag.py:3490} INFO - Setting next_dagrun for example_task_group_decorator to 2024-06-23T15:17:05.408523+00:00, run_after=2024-06-24T15:17:05.408523+00:00
[2024-06-24T15:17:05.415+0000] {processor.py:178} INFO - Processing /home/airflow/.local/lib/python3.7/site-packages/airflow/example_dags/example_task_group_decorator.py took 0.037 seconds
[2024-06-24T15:17:35.940+0000] {processor.py:156} INFO - Started process (PID=1402) to work on /home/airflow/.local/lib/python3.7/site-packages/airflow/example_dags/example_task_group_decorator.py
[2024-06-24T15:17:35.940+0000] {processor.py:799} INFO - Processing file /home/airflow/.local/lib/python3.7/site-packages/airflow/example_dags/example_task_group_decorator.py for tasks to queue
[2024-06-24T15:17:35.941+0000] {logging_mixin.py:149} INFO - [2024-06-24T15:17:35.941+0000] {dagbag.py:541} INFO - Filling up the DagBag from /home/airflow/.local/lib/python3.7/site-packages/airflow/example_dags/example_task_group_decorator.py
[2024-06-24T15:17:35.947+0000] {processor.py:809} INFO - DAG(s) dict_keys(['example_task_group_decorator']) retrieved from /home/airflow/.local/lib/python3.7/site-packages/airflow/example_dags/example_task_group_decorator.py
[2024-06-24T15:17:35.958+0000] {logging_mixin.py:149} INFO - [2024-06-24T15:17:35.958+0000] {dag.py:2726} INFO - Sync 1 DAGs
[2024-06-24T15:17:35.969+0000] {logging_mixin.py:149} INFO - [2024-06-24T15:17:35.969+0000] {dag.py:3490} INFO - Setting next_dagrun for example_task_group_decorator to 2024-06-23T15:17:35.969378+00:00, run_after=2024-06-24T15:17:35.969378+00:00
[2024-06-24T15:17:35.976+0000] {processor.py:178} INFO - Processing /home/airflow/.local/lib/python3.7/site-packages/airflow/example_dags/example_task_group_decorator.py took 0.037 seconds
[2024-06-24T15:18:06.483+0000] {processor.py:156} INFO - Started process (PID=1471) to work on /home/airflow/.local/lib/python3.7/site-packages/airflow/example_dags/example_task_group_decorator.py
[2024-06-24T15:18:06.484+0000] {processor.py:799} INFO - Processing file /home/airflow/.local/lib/python3.7/site-packages/airflow/example_dags/example_task_group_decorator.py for tasks to queue
[2024-06-24T15:18:06.484+0000] {logging_mixin.py:149} INFO - [2024-06-24T15:18:06.484+0000] {dagbag.py:541} INFO - Filling up the DagBag from /home/airflow/.local/lib/python3.7/site-packages/airflow/example_dags/example_task_group_decorator.py
[2024-06-24T15:18:06.490+0000] {processor.py:809} INFO - DAG(s) dict_keys(['example_task_group_decorator']) retrieved from /home/airflow/.local/lib/python3.7/site-packages/airflow/example_dags/example_task_group_decorator.py
[2024-06-24T15:18:06.502+0000] {logging_mixin.py:149} INFO - [2024-06-24T15:18:06.502+0000] {dag.py:2726} INFO - Sync 1 DAGs
[2024-06-24T15:18:06.513+0000] {logging_mixin.py:149} INFO - [2024-06-24T15:18:06.512+0000] {dag.py:3490} INFO - Setting next_dagrun for example_task_group_decorator to 2024-06-23T15:18:06.512822+00:00, run_after=2024-06-24T15:18:06.512822+00:00
[2024-06-24T15:18:06.520+0000] {processor.py:178} INFO - Processing /home/airflow/.local/lib/python3.7/site-packages/airflow/example_dags/example_task_group_decorator.py took 0.038 seconds
[2024-06-24T15:18:37.220+0000] {processor.py:156} INFO - Started process (PID=1540) to work on /home/airflow/.local/lib/python3.7/site-packages/airflow/example_dags/example_task_group_decorator.py
[2024-06-24T15:18:37.220+0000] {processor.py:799} INFO - Processing file /home/airflow/.local/lib/python3.7/site-packages/airflow/example_dags/example_task_group_decorator.py for tasks to queue
[2024-06-24T15:18:37.221+0000] {logging_mixin.py:149} INFO - [2024-06-24T15:18:37.220+0000] {dagbag.py:541} INFO - Filling up the DagBag from /home/airflow/.local/lib/python3.7/site-packages/airflow/example_dags/example_task_group_decorator.py
[2024-06-24T15:18:37.226+0000] {processor.py:809} INFO - DAG(s) dict_keys(['example_task_group_decorator']) retrieved from /home/airflow/.local/lib/python3.7/site-packages/airflow/example_dags/example_task_group_decorator.py
[2024-06-24T15:18:37.238+0000] {logging_mixin.py:149} INFO - [2024-06-24T15:18:37.238+0000] {dag.py:2726} INFO - Sync 1 DAGs
[2024-06-24T15:18:37.248+0000] {logging_mixin.py:149} INFO - [2024-06-24T15:18:37.248+0000] {dag.py:3490} INFO - Setting next_dagrun for example_task_group_decorator to 2024-06-23T15:18:37.248269+00:00, run_after=2024-06-24T15:18:37.248269+00:00
[2024-06-24T15:18:37.255+0000] {processor.py:178} INFO - Processing /home/airflow/.local/lib/python3.7/site-packages/airflow/example_dags/example_task_group_decorator.py took 0.037 seconds
[2024-06-24T15:19:07.941+0000] {processor.py:156} INFO - Started process (PID=1609) to work on /home/airflow/.local/lib/python3.7/site-packages/airflow/example_dags/example_task_group_decorator.py
[2024-06-24T15:19:07.941+0000] {processor.py:799} INFO - Processing file /home/airflow/.local/lib/python3.7/site-packages/airflow/example_dags/example_task_group_decorator.py for tasks to queue
[2024-06-24T15:19:07.942+0000] {logging_mixin.py:149} INFO - [2024-06-24T15:19:07.942+0000] {dagbag.py:541} INFO - Filling up the DagBag from /home/airflow/.local/lib/python3.7/site-packages/airflow/example_dags/example_task_group_decorator.py
[2024-06-24T15:19:07.948+0000] {processor.py:809} INFO - DAG(s) dict_keys(['example_task_group_decorator']) retrieved from /home/airflow/.local/lib/python3.7/site-packages/airflow/example_dags/example_task_group_decorator.py
[2024-06-24T15:19:07.959+0000] {logging_mixin.py:149} INFO - [2024-06-24T15:19:07.959+0000] {dag.py:2726} INFO - Sync 1 DAGs
[2024-06-24T15:19:07.970+0000] {logging_mixin.py:149} INFO - [2024-06-24T15:19:07.970+0000] {dag.py:3490} INFO - Setting next_dagrun for example_task_group_decorator to 2024-06-23T15:19:07.969886+00:00, run_after=2024-06-24T15:19:07.969886+00:00
[2024-06-24T15:19:07.977+0000] {processor.py:178} INFO - Processing /home/airflow/.local/lib/python3.7/site-packages/airflow/example_dags/example_task_group_decorator.py took 0.037 seconds
[2024-06-24T15:19:38.503+0000] {processor.py:156} INFO - Started process (PID=1678) to work on /home/airflow/.local/lib/python3.7/site-packages/airflow/example_dags/example_task_group_decorator.py
[2024-06-24T15:19:38.503+0000] {processor.py:799} INFO - Processing file /home/airflow/.local/lib/python3.7/site-packages/airflow/example_dags/example_task_group_decorator.py for tasks to queue
[2024-06-24T15:19:38.504+0000] {logging_mixin.py:149} INFO - [2024-06-24T15:19:38.504+0000] {dagbag.py:541} INFO - Filling up the DagBag from /home/airflow/.local/lib/python3.7/site-packages/airflow/example_dags/example_task_group_decorator.py
[2024-06-24T15:19:38.509+0000] {processor.py:809} INFO - DAG(s) dict_keys(['example_task_group_decorator']) retrieved from /home/airflow/.local/lib/python3.7/site-packages/airflow/example_dags/example_task_group_decorator.py
[2024-06-24T15:19:38.520+0000] {logging_mixin.py:149} INFO - [2024-06-24T15:19:38.520+0000] {dag.py:2726} INFO - Sync 1 DAGs
[2024-06-24T15:19:38.531+0000] {logging_mixin.py:149} INFO - [2024-06-24T15:19:38.531+0000] {dag.py:3490} INFO - Setting next_dagrun for example_task_group_decorator to 2024-06-23T15:19:38.531314+00:00, run_after=2024-06-24T15:19:38.531314+00:00
[2024-06-24T15:19:38.538+0000] {processor.py:178} INFO - Processing /home/airflow/.local/lib/python3.7/site-packages/airflow/example_dags/example_task_group_decorator.py took 0.036 seconds
[2024-06-24T15:20:09.110+0000] {processor.py:156} INFO - Started process (PID=1747) to work on /home/airflow/.local/lib/python3.7/site-packages/airflow/example_dags/example_task_group_decorator.py
[2024-06-24T15:20:09.110+0000] {processor.py:799} INFO - Processing file /home/airflow/.local/lib/python3.7/site-packages/airflow/example_dags/example_task_group_decorator.py for tasks to queue
[2024-06-24T15:20:09.111+0000] {logging_mixin.py:149} INFO - [2024-06-24T15:20:09.111+0000] {dagbag.py:541} INFO - Filling up the DagBag from /home/airflow/.local/lib/python3.7/site-packages/airflow/example_dags/example_task_group_decorator.py
[2024-06-24T15:20:09.118+0000] {processor.py:809} INFO - DAG(s) dict_keys(['example_task_group_decorator']) retrieved from /home/airflow/.local/lib/python3.7/site-packages/airflow/example_dags/example_task_group_decorator.py
[2024-06-24T15:20:09.131+0000] {logging_mixin.py:149} INFO - [2024-06-24T15:20:09.131+0000] {dag.py:2726} INFO - Sync 1 DAGs
[2024-06-24T15:20:09.142+0000] {logging_mixin.py:149} INFO - [2024-06-24T15:20:09.142+0000] {dag.py:3490} INFO - Setting next_dagrun for example_task_group_decorator to 2024-06-23T15:20:09.142532+00:00, run_after=2024-06-24T15:20:09.142532+00:00
[2024-06-24T15:20:09.150+0000] {processor.py:178} INFO - Processing /home/airflow/.local/lib/python3.7/site-packages/airflow/example_dags/example_task_group_decorator.py took 0.042 seconds
[2024-06-24T15:20:39.769+0000] {processor.py:156} INFO - Started process (PID=1816) to work on /home/airflow/.local/lib/python3.7/site-packages/airflow/example_dags/example_task_group_decorator.py
[2024-06-24T15:20:39.769+0000] {processor.py:799} INFO - Processing file /home/airflow/.local/lib/python3.7/site-packages/airflow/example_dags/example_task_group_decorator.py for tasks to queue
[2024-06-24T15:20:39.770+0000] {logging_mixin.py:149} INFO - [2024-06-24T15:20:39.769+0000] {dagbag.py:541} INFO - Filling up the DagBag from /home/airflow/.local/lib/python3.7/site-packages/airflow/example_dags/example_task_group_decorator.py
[2024-06-24T15:20:39.776+0000] {processor.py:809} INFO - DAG(s) dict_keys(['example_task_group_decorator']) retrieved from /home/airflow/.local/lib/python3.7/site-packages/airflow/example_dags/example_task_group_decorator.py
[2024-06-24T15:20:39.788+0000] {logging_mixin.py:149} INFO - [2024-06-24T15:20:39.788+0000] {dag.py:2726} INFO - Sync 1 DAGs
[2024-06-24T15:20:39.799+0000] {logging_mixin.py:149} INFO - [2024-06-24T15:20:39.799+0000] {dag.py:3490} INFO - Setting next_dagrun for example_task_group_decorator to 2024-06-23T15:20:39.799616+00:00, run_after=2024-06-24T15:20:39.799616+00:00
[2024-06-24T15:20:39.806+0000] {processor.py:178} INFO - Processing /home/airflow/.local/lib/python3.7/site-packages/airflow/example_dags/example_task_group_decorator.py took 0.038 seconds
[2024-06-24T15:21:10.464+0000] {processor.py:156} INFO - Started process (PID=1885) to work on /home/airflow/.local/lib/python3.7/site-packages/airflow/example_dags/example_task_group_decorator.py
[2024-06-24T15:21:10.465+0000] {processor.py:799} INFO - Processing file /home/airflow/.local/lib/python3.7/site-packages/airflow/example_dags/example_task_group_decorator.py for tasks to queue
[2024-06-24T15:21:10.465+0000] {logging_mixin.py:149} INFO - [2024-06-24T15:21:10.465+0000] {dagbag.py:541} INFO - Filling up the DagBag from /home/airflow/.local/lib/python3.7/site-packages/airflow/example_dags/example_task_group_decorator.py
[2024-06-24T15:21:10.471+0000] {processor.py:809} INFO - DAG(s) dict_keys(['example_task_group_decorator']) retrieved from /home/airflow/.local/lib/python3.7/site-packages/airflow/example_dags/example_task_group_decorator.py
[2024-06-24T15:21:10.483+0000] {logging_mixin.py:149} INFO - [2024-06-24T15:21:10.482+0000] {dag.py:2726} INFO - Sync 1 DAGs
[2024-06-24T15:21:10.493+0000] {logging_mixin.py:149} INFO - [2024-06-24T15:21:10.493+0000] {dag.py:3490} INFO - Setting next_dagrun for example_task_group_decorator to 2024-06-23T15:21:10.492918+00:00, run_after=2024-06-24T15:21:10.492918+00:00
[2024-06-24T15:21:10.500+0000] {processor.py:178} INFO - Processing /home/airflow/.local/lib/python3.7/site-packages/airflow/example_dags/example_task_group_decorator.py took 0.037 seconds
[2024-06-24T15:21:41.421+0000] {processor.py:156} INFO - Started process (PID=1954) to work on /home/airflow/.local/lib/python3.7/site-packages/airflow/example_dags/example_task_group_decorator.py
[2024-06-24T15:21:41.421+0000] {processor.py:799} INFO - Processing file /home/airflow/.local/lib/python3.7/site-packages/airflow/example_dags/example_task_group_decorator.py for tasks to queue
[2024-06-24T15:21:41.421+0000] {logging_mixin.py:149} INFO - [2024-06-24T15:21:41.421+0000] {dagbag.py:541} INFO - Filling up the DagBag from /home/airflow/.local/lib/python3.7/site-packages/airflow/example_dags/example_task_group_decorator.py
[2024-06-24T15:21:41.427+0000] {processor.py:809} INFO - DAG(s) dict_keys(['example_task_group_decorator']) retrieved from /home/airflow/.local/lib/python3.7/site-packages/airflow/example_dags/example_task_group_decorator.py
[2024-06-24T15:21:41.438+0000] {logging_mixin.py:149} INFO - [2024-06-24T15:21:41.438+0000] {dag.py:2726} INFO - Sync 1 DAGs
[2024-06-24T15:21:41.448+0000] {logging_mixin.py:149} INFO - [2024-06-24T15:21:41.448+0000] {dag.py:3490} INFO - Setting next_dagrun for example_task_group_decorator to 2024-06-23T15:21:41.448607+00:00, run_after=2024-06-24T15:21:41.448607+00:00
[2024-06-24T15:21:41.455+0000] {processor.py:178} INFO - Processing /home/airflow/.local/lib/python3.7/site-packages/airflow/example_dags/example_task_group_decorator.py took 0.036 seconds
[2024-06-24T15:22:12.064+0000] {processor.py:156} INFO - Started process (PID=2022) to work on /home/airflow/.local/lib/python3.7/site-packages/airflow/example_dags/example_task_group_decorator.py
[2024-06-24T15:22:12.065+0000] {processor.py:799} INFO - Processing file /home/airflow/.local/lib/python3.7/site-packages/airflow/example_dags/example_task_group_decorator.py for tasks to queue
[2024-06-24T15:22:12.065+0000] {logging_mixin.py:149} INFO - [2024-06-24T15:22:12.065+0000] {dagbag.py:541} INFO - Filling up the DagBag from /home/airflow/.local/lib/python3.7/site-packages/airflow/example_dags/example_task_group_decorator.py
[2024-06-24T15:22:12.071+0000] {processor.py:809} INFO - DAG(s) dict_keys(['example_task_group_decorator']) retrieved from /home/airflow/.local/lib/python3.7/site-packages/airflow/example_dags/example_task_group_decorator.py
[2024-06-24T15:22:12.081+0000] {logging_mixin.py:149} INFO - [2024-06-24T15:22:12.081+0000] {dag.py:2726} INFO - Sync 1 DAGs
[2024-06-24T15:22:12.092+0000] {logging_mixin.py:149} INFO - [2024-06-24T15:22:12.092+0000] {dag.py:3490} INFO - Setting next_dagrun for example_task_group_decorator to 2024-06-23T15:22:12.092032+00:00, run_after=2024-06-24T15:22:12.092032+00:00
[2024-06-24T15:22:12.099+0000] {processor.py:178} INFO - Processing /home/airflow/.local/lib/python3.7/site-packages/airflow/example_dags/example_task_group_decorator.py took 0.036 seconds
[2024-06-24T15:22:42.709+0000] {processor.py:156} INFO - Started process (PID=2090) to work on /home/airflow/.local/lib/python3.7/site-packages/airflow/example_dags/example_task_group_decorator.py
[2024-06-24T15:22:42.709+0000] {processor.py:799} INFO - Processing file /home/airflow/.local/lib/python3.7/site-packages/airflow/example_dags/example_task_group_decorator.py for tasks to queue
[2024-06-24T15:22:42.709+0000] {logging_mixin.py:149} INFO - [2024-06-24T15:22:42.709+0000] {dagbag.py:541} INFO - Filling up the DagBag from /home/airflow/.local/lib/python3.7/site-packages/airflow/example_dags/example_task_group_decorator.py
[2024-06-24T15:22:42.715+0000] {processor.py:809} INFO - DAG(s) dict_keys(['example_task_group_decorator']) retrieved from /home/airflow/.local/lib/python3.7/site-packages/airflow/example_dags/example_task_group_decorator.py
[2024-06-24T15:22:42.726+0000] {logging_mixin.py:149} INFO - [2024-06-24T15:22:42.726+0000] {dag.py:2726} INFO - Sync 1 DAGs
[2024-06-24T15:22:42.736+0000] {logging_mixin.py:149} INFO - [2024-06-24T15:22:42.736+0000] {dag.py:3490} INFO - Setting next_dagrun for example_task_group_decorator to 2024-06-23T15:22:42.736681+00:00, run_after=2024-06-24T15:22:42.736681+00:00
[2024-06-24T15:22:42.743+0000] {processor.py:178} INFO - Processing /home/airflow/.local/lib/python3.7/site-packages/airflow/example_dags/example_task_group_decorator.py took 0.035 seconds
[2024-06-24T15:23:13.356+0000] {processor.py:156} INFO - Started process (PID=2159) to work on /home/airflow/.local/lib/python3.7/site-packages/airflow/example_dags/example_task_group_decorator.py
[2024-06-24T15:23:13.356+0000] {processor.py:799} INFO - Processing file /home/airflow/.local/lib/python3.7/site-packages/airflow/example_dags/example_task_group_decorator.py for tasks to queue
[2024-06-24T15:23:13.356+0000] {logging_mixin.py:149} INFO - [2024-06-24T15:23:13.356+0000] {dagbag.py:541} INFO - Filling up the DagBag from /home/airflow/.local/lib/python3.7/site-packages/airflow/example_dags/example_task_group_decorator.py
[2024-06-24T15:23:13.363+0000] {processor.py:809} INFO - DAG(s) dict_keys(['example_task_group_decorator']) retrieved from /home/airflow/.local/lib/python3.7/site-packages/airflow/example_dags/example_task_group_decorator.py
[2024-06-24T15:23:13.374+0000] {logging_mixin.py:149} INFO - [2024-06-24T15:23:13.374+0000] {dag.py:2726} INFO - Sync 1 DAGs
[2024-06-24T15:23:13.384+0000] {logging_mixin.py:149} INFO - [2024-06-24T15:23:13.384+0000] {dag.py:3490} INFO - Setting next_dagrun for example_task_group_decorator to 2024-06-23T15:23:13.384363+00:00, run_after=2024-06-24T15:23:13.384363+00:00
[2024-06-24T15:23:13.392+0000] {processor.py:178} INFO - Processing /home/airflow/.local/lib/python3.7/site-packages/airflow/example_dags/example_task_group_decorator.py took 0.038 seconds
[2024-06-24T15:23:44.065+0000] {processor.py:156} INFO - Started process (PID=2228) to work on /home/airflow/.local/lib/python3.7/site-packages/airflow/example_dags/example_task_group_decorator.py
[2024-06-24T15:23:44.065+0000] {processor.py:799} INFO - Processing file /home/airflow/.local/lib/python3.7/site-packages/airflow/example_dags/example_task_group_decorator.py for tasks to queue
[2024-06-24T15:23:44.066+0000] {logging_mixin.py:149} INFO - [2024-06-24T15:23:44.066+0000] {dagbag.py:541} INFO - Filling up the DagBag from /home/airflow/.local/lib/python3.7/site-packages/airflow/example_dags/example_task_group_decorator.py
[2024-06-24T15:23:44.072+0000] {processor.py:809} INFO - DAG(s) dict_keys(['example_task_group_decorator']) retrieved from /home/airflow/.local/lib/python3.7/site-packages/airflow/example_dags/example_task_group_decorator.py
[2024-06-24T15:23:44.083+0000] {logging_mixin.py:149} INFO - [2024-06-24T15:23:44.083+0000] {dag.py:2726} INFO - Sync 1 DAGs
[2024-06-24T15:23:44.094+0000] {logging_mixin.py:149} INFO - [2024-06-24T15:23:44.094+0000] {dag.py:3490} INFO - Setting next_dagrun for example_task_group_decorator to 2024-06-23T15:23:44.094407+00:00, run_after=2024-06-24T15:23:44.094407+00:00
[2024-06-24T15:23:44.102+0000] {processor.py:178} INFO - Processing /home/airflow/.local/lib/python3.7/site-packages/airflow/example_dags/example_task_group_decorator.py took 0.038 seconds
[2024-06-24T15:24:14.825+0000] {processor.py:156} INFO - Started process (PID=2297) to work on /home/airflow/.local/lib/python3.7/site-packages/airflow/example_dags/example_task_group_decorator.py
[2024-06-24T15:24:14.825+0000] {processor.py:799} INFO - Processing file /home/airflow/.local/lib/python3.7/site-packages/airflow/example_dags/example_task_group_decorator.py for tasks to queue
[2024-06-24T15:24:14.826+0000] {logging_mixin.py:149} INFO - [2024-06-24T15:24:14.826+0000] {dagbag.py:541} INFO - Filling up the DagBag from /home/airflow/.local/lib/python3.7/site-packages/airflow/example_dags/example_task_group_decorator.py
[2024-06-24T15:24:14.832+0000] {processor.py:809} INFO - DAG(s) dict_keys(['example_task_group_decorator']) retrieved from /home/airflow/.local/lib/python3.7/site-packages/airflow/example_dags/example_task_group_decorator.py
[2024-06-24T15:24:14.843+0000] {logging_mixin.py:149} INFO - [2024-06-24T15:24:14.843+0000] {dag.py:2726} INFO - Sync 1 DAGs
[2024-06-24T15:24:14.853+0000] {logging_mixin.py:149} INFO - [2024-06-24T15:24:14.853+0000] {dag.py:3490} INFO - Setting next_dagrun for example_task_group_decorator to 2024-06-23T15:24:14.853724+00:00, run_after=2024-06-24T15:24:14.853724+00:00
[2024-06-24T15:24:14.860+0000] {processor.py:178} INFO - Processing /home/airflow/.local/lib/python3.7/site-packages/airflow/example_dags/example_task_group_decorator.py took 0.037 seconds
[2024-06-24T15:24:45.384+0000] {processor.py:156} INFO - Started process (PID=2366) to work on /home/airflow/.local/lib/python3.7/site-packages/airflow/example_dags/example_task_group_decorator.py
[2024-06-24T15:24:45.385+0000] {processor.py:799} INFO - Processing file /home/airflow/.local/lib/python3.7/site-packages/airflow/example_dags/example_task_group_decorator.py for tasks to queue
[2024-06-24T15:24:45.385+0000] {logging_mixin.py:149} INFO - [2024-06-24T15:24:45.385+0000] {dagbag.py:541} INFO - Filling up the DagBag from /home/airflow/.local/lib/python3.7/site-packages/airflow/example_dags/example_task_group_decorator.py
[2024-06-24T15:24:45.391+0000] {processor.py:809} INFO - DAG(s) dict_keys(['example_task_group_decorator']) retrieved from /home/airflow/.local/lib/python3.7/site-packages/airflow/example_dags/example_task_group_decorator.py
[2024-06-24T15:24:45.404+0000] {logging_mixin.py:149} INFO - [2024-06-24T15:24:45.404+0000] {dag.py:2726} INFO - Sync 1 DAGs
[2024-06-24T15:24:45.416+0000] {logging_mixin.py:149} INFO - [2024-06-24T15:24:45.416+0000] {dag.py:3490} INFO - Setting next_dagrun for example_task_group_decorator to 2024-06-23T15:24:45.416292+00:00, run_after=2024-06-24T15:24:45.416292+00:00
[2024-06-24T15:24:45.423+0000] {processor.py:178} INFO - Processing /home/airflow/.local/lib/python3.7/site-packages/airflow/example_dags/example_task_group_decorator.py took 0.040 seconds
[2024-06-24T15:25:15.975+0000] {processor.py:156} INFO - Started process (PID=2440) to work on /home/airflow/.local/lib/python3.7/site-packages/airflow/example_dags/example_task_group_decorator.py
[2024-06-24T15:25:15.975+0000] {processor.py:799} INFO - Processing file /home/airflow/.local/lib/python3.7/site-packages/airflow/example_dags/example_task_group_decorator.py for tasks to queue
[2024-06-24T15:25:15.976+0000] {logging_mixin.py:149} INFO - [2024-06-24T15:25:15.976+0000] {dagbag.py:541} INFO - Filling up the DagBag from /home/airflow/.local/lib/python3.7/site-packages/airflow/example_dags/example_task_group_decorator.py
[2024-06-24T15:25:15.982+0000] {processor.py:809} INFO - DAG(s) dict_keys(['example_task_group_decorator']) retrieved from /home/airflow/.local/lib/python3.7/site-packages/airflow/example_dags/example_task_group_decorator.py
[2024-06-24T15:25:15.994+0000] {logging_mixin.py:149} INFO - [2024-06-24T15:25:15.994+0000] {dag.py:2726} INFO - Sync 1 DAGs
[2024-06-24T15:25:16.007+0000] {logging_mixin.py:149} INFO - [2024-06-24T15:25:16.006+0000] {dag.py:3490} INFO - Setting next_dagrun for example_task_group_decorator to 2024-06-23T15:25:16.006849+00:00, run_after=2024-06-24T15:25:16.006849+00:00
[2024-06-24T15:25:16.017+0000] {processor.py:178} INFO - Processing /home/airflow/.local/lib/python3.7/site-packages/airflow/example_dags/example_task_group_decorator.py took 0.043 seconds
[2024-06-24T15:25:46.582+0000] {processor.py:156} INFO - Started process (PID=2509) to work on /home/airflow/.local/lib/python3.7/site-packages/airflow/example_dags/example_task_group_decorator.py
[2024-06-24T15:25:46.582+0000] {processor.py:799} INFO - Processing file /home/airflow/.local/lib/python3.7/site-packages/airflow/example_dags/example_task_group_decorator.py for tasks to queue
[2024-06-24T15:25:46.582+0000] {logging_mixin.py:149} INFO - [2024-06-24T15:25:46.582+0000] {dagbag.py:541} INFO - Filling up the DagBag from /home/airflow/.local/lib/python3.7/site-packages/airflow/example_dags/example_task_group_decorator.py
[2024-06-24T15:25:46.588+0000] {processor.py:809} INFO - DAG(s) dict_keys(['example_task_group_decorator']) retrieved from /home/airflow/.local/lib/python3.7/site-packages/airflow/example_dags/example_task_group_decorator.py
[2024-06-24T15:25:46.599+0000] {logging_mixin.py:149} INFO - [2024-06-24T15:25:46.599+0000] {dag.py:2726} INFO - Sync 1 DAGs
[2024-06-24T15:25:46.610+0000] {logging_mixin.py:149} INFO - [2024-06-24T15:25:46.610+0000] {dag.py:3490} INFO - Setting next_dagrun for example_task_group_decorator to 2024-06-23T15:25:46.610094+00:00, run_after=2024-06-24T15:25:46.610094+00:00
[2024-06-24T15:25:46.617+0000] {processor.py:178} INFO - Processing /home/airflow/.local/lib/python3.7/site-packages/airflow/example_dags/example_task_group_decorator.py took 0.037 seconds
[2024-06-24T15:26:17.121+0000] {processor.py:156} INFO - Started process (PID=2578) to work on /home/airflow/.local/lib/python3.7/site-packages/airflow/example_dags/example_task_group_decorator.py
[2024-06-24T15:26:17.123+0000] {processor.py:799} INFO - Processing file /home/airflow/.local/lib/python3.7/site-packages/airflow/example_dags/example_task_group_decorator.py for tasks to queue
[2024-06-24T15:26:17.124+0000] {logging_mixin.py:149} INFO - [2024-06-24T15:26:17.123+0000] {dagbag.py:541} INFO - Filling up the DagBag from /home/airflow/.local/lib/python3.7/site-packages/airflow/example_dags/example_task_group_decorator.py
[2024-06-24T15:26:17.130+0000] {processor.py:809} INFO - DAG(s) dict_keys(['example_task_group_decorator']) retrieved from /home/airflow/.local/lib/python3.7/site-packages/airflow/example_dags/example_task_group_decorator.py
[2024-06-24T15:26:17.143+0000] {logging_mixin.py:149} INFO - [2024-06-24T15:26:17.142+0000] {dag.py:2726} INFO - Sync 1 DAGs
[2024-06-24T15:26:17.153+0000] {logging_mixin.py:149} INFO - [2024-06-24T15:26:17.153+0000] {dag.py:3490} INFO - Setting next_dagrun for example_task_group_decorator to 2024-06-23T15:26:17.153155+00:00, run_after=2024-06-24T15:26:17.153155+00:00
[2024-06-24T15:26:17.159+0000] {processor.py:178} INFO - Processing /home/airflow/.local/lib/python3.7/site-packages/airflow/example_dags/example_task_group_decorator.py took 0.039 seconds
[2024-06-24T15:26:47.918+0000] {processor.py:156} INFO - Started process (PID=2647) to work on /home/airflow/.local/lib/python3.7/site-packages/airflow/example_dags/example_task_group_decorator.py
[2024-06-24T15:26:47.918+0000] {processor.py:799} INFO - Processing file /home/airflow/.local/lib/python3.7/site-packages/airflow/example_dags/example_task_group_decorator.py for tasks to queue
[2024-06-24T15:26:47.918+0000] {logging_mixin.py:149} INFO - [2024-06-24T15:26:47.918+0000] {dagbag.py:541} INFO - Filling up the DagBag from /home/airflow/.local/lib/python3.7/site-packages/airflow/example_dags/example_task_group_decorator.py
[2024-06-24T15:26:47.925+0000] {processor.py:809} INFO - DAG(s) dict_keys(['example_task_group_decorator']) retrieved from /home/airflow/.local/lib/python3.7/site-packages/airflow/example_dags/example_task_group_decorator.py
[2024-06-24T15:26:47.938+0000] {logging_mixin.py:149} INFO - [2024-06-24T15:26:47.938+0000] {dag.py:2726} INFO - Sync 1 DAGs
[2024-06-24T15:26:47.952+0000] {logging_mixin.py:149} INFO - [2024-06-24T15:26:47.952+0000] {dag.py:3490} INFO - Setting next_dagrun for example_task_group_decorator to 2024-06-23T15:26:47.952503+00:00, run_after=2024-06-24T15:26:47.952503+00:00
[2024-06-24T15:26:47.960+0000] {processor.py:178} INFO - Processing /home/airflow/.local/lib/python3.7/site-packages/airflow/example_dags/example_task_group_decorator.py took 0.044 seconds
[2024-06-24T15:27:18.762+0000] {processor.py:156} INFO - Started process (PID=2716) to work on /home/airflow/.local/lib/python3.7/site-packages/airflow/example_dags/example_task_group_decorator.py
[2024-06-24T15:27:18.762+0000] {processor.py:799} INFO - Processing file /home/airflow/.local/lib/python3.7/site-packages/airflow/example_dags/example_task_group_decorator.py for tasks to queue
[2024-06-24T15:27:18.762+0000] {logging_mixin.py:149} INFO - [2024-06-24T15:27:18.762+0000] {dagbag.py:541} INFO - Filling up the DagBag from /home/airflow/.local/lib/python3.7/site-packages/airflow/example_dags/example_task_group_decorator.py
[2024-06-24T15:27:18.769+0000] {processor.py:809} INFO - DAG(s) dict_keys(['example_task_group_decorator']) retrieved from /home/airflow/.local/lib/python3.7/site-packages/airflow/example_dags/example_task_group_decorator.py
[2024-06-24T15:27:18.781+0000] {logging_mixin.py:149} INFO - [2024-06-24T15:27:18.781+0000] {dag.py:2726} INFO - Sync 1 DAGs
[2024-06-24T15:27:18.791+0000] {logging_mixin.py:149} INFO - [2024-06-24T15:27:18.791+0000] {dag.py:3490} INFO - Setting next_dagrun for example_task_group_decorator to 2024-06-23T15:27:18.791566+00:00, run_after=2024-06-24T15:27:18.791566+00:00
[2024-06-24T15:27:18.799+0000] {processor.py:178} INFO - Processing /home/airflow/.local/lib/python3.7/site-packages/airflow/example_dags/example_task_group_decorator.py took 0.039 seconds
[2024-06-24T15:27:49.559+0000] {processor.py:156} INFO - Started process (PID=2785) to work on /home/airflow/.local/lib/python3.7/site-packages/airflow/example_dags/example_task_group_decorator.py
[2024-06-24T15:27:49.560+0000] {processor.py:799} INFO - Processing file /home/airflow/.local/lib/python3.7/site-packages/airflow/example_dags/example_task_group_decorator.py for tasks to queue
[2024-06-24T15:27:49.560+0000] {logging_mixin.py:149} INFO - [2024-06-24T15:27:49.560+0000] {dagbag.py:541} INFO - Filling up the DagBag from /home/airflow/.local/lib/python3.7/site-packages/airflow/example_dags/example_task_group_decorator.py
[2024-06-24T15:27:49.566+0000] {processor.py:809} INFO - DAG(s) dict_keys(['example_task_group_decorator']) retrieved from /home/airflow/.local/lib/python3.7/site-packages/airflow/example_dags/example_task_group_decorator.py
[2024-06-24T15:27:49.577+0000] {logging_mixin.py:149} INFO - [2024-06-24T15:27:49.577+0000] {dag.py:2726} INFO - Sync 1 DAGs
[2024-06-24T15:27:49.587+0000] {logging_mixin.py:149} INFO - [2024-06-24T15:27:49.587+0000] {dag.py:3490} INFO - Setting next_dagrun for example_task_group_decorator to 2024-06-23T15:27:49.587578+00:00, run_after=2024-06-24T15:27:49.587578+00:00
[2024-06-24T15:27:49.594+0000] {processor.py:178} INFO - Processing /home/airflow/.local/lib/python3.7/site-packages/airflow/example_dags/example_task_group_decorator.py took 0.036 seconds
[2024-06-24T15:28:20.448+0000] {processor.py:156} INFO - Started process (PID=2854) to work on /home/airflow/.local/lib/python3.7/site-packages/airflow/example_dags/example_task_group_decorator.py
[2024-06-24T15:28:20.449+0000] {processor.py:799} INFO - Processing file /home/airflow/.local/lib/python3.7/site-packages/airflow/example_dags/example_task_group_decorator.py for tasks to queue
[2024-06-24T15:28:20.449+0000] {logging_mixin.py:149} INFO - [2024-06-24T15:28:20.449+0000] {dagbag.py:541} INFO - Filling up the DagBag from /home/airflow/.local/lib/python3.7/site-packages/airflow/example_dags/example_task_group_decorator.py
[2024-06-24T15:28:20.455+0000] {processor.py:809} INFO - DAG(s) dict_keys(['example_task_group_decorator']) retrieved from /home/airflow/.local/lib/python3.7/site-packages/airflow/example_dags/example_task_group_decorator.py
[2024-06-24T15:28:20.467+0000] {logging_mixin.py:149} INFO - [2024-06-24T15:28:20.467+0000] {dag.py:2726} INFO - Sync 1 DAGs
[2024-06-24T15:28:20.478+0000] {logging_mixin.py:149} INFO - [2024-06-24T15:28:20.478+0000] {dag.py:3490} INFO - Setting next_dagrun for example_task_group_decorator to 2024-06-23T15:28:20.477995+00:00, run_after=2024-06-24T15:28:20.477995+00:00
[2024-06-24T15:28:20.484+0000] {processor.py:178} INFO - Processing /home/airflow/.local/lib/python3.7/site-packages/airflow/example_dags/example_task_group_decorator.py took 0.038 seconds
[2024-06-24T15:28:51.352+0000] {processor.py:156} INFO - Started process (PID=2923) to work on /home/airflow/.local/lib/python3.7/site-packages/airflow/example_dags/example_task_group_decorator.py
[2024-06-24T15:28:51.352+0000] {processor.py:799} INFO - Processing file /home/airflow/.local/lib/python3.7/site-packages/airflow/example_dags/example_task_group_decorator.py for tasks to queue
[2024-06-24T15:28:51.352+0000] {logging_mixin.py:149} INFO - [2024-06-24T15:28:51.352+0000] {dagbag.py:541} INFO - Filling up the DagBag from /home/airflow/.local/lib/python3.7/site-packages/airflow/example_dags/example_task_group_decorator.py
[2024-06-24T15:28:51.358+0000] {processor.py:809} INFO - DAG(s) dict_keys(['example_task_group_decorator']) retrieved from /home/airflow/.local/lib/python3.7/site-packages/airflow/example_dags/example_task_group_decorator.py
[2024-06-24T15:28:51.369+0000] {logging_mixin.py:149} INFO - [2024-06-24T15:28:51.369+0000] {dag.py:2726} INFO - Sync 1 DAGs
[2024-06-24T15:28:51.380+0000] {logging_mixin.py:149} INFO - [2024-06-24T15:28:51.380+0000] {dag.py:3490} INFO - Setting next_dagrun for example_task_group_decorator to 2024-06-23T15:28:51.380185+00:00, run_after=2024-06-24T15:28:51.380185+00:00
[2024-06-24T15:28:51.386+0000] {processor.py:178} INFO - Processing /home/airflow/.local/lib/python3.7/site-packages/airflow/example_dags/example_task_group_decorator.py took 0.036 seconds
[2024-06-24T15:29:21.983+0000] {processor.py:156} INFO - Started process (PID=2991) to work on /home/airflow/.local/lib/python3.7/site-packages/airflow/example_dags/example_task_group_decorator.py
[2024-06-24T15:29:21.983+0000] {processor.py:799} INFO - Processing file /home/airflow/.local/lib/python3.7/site-packages/airflow/example_dags/example_task_group_decorator.py for tasks to queue
[2024-06-24T15:29:21.984+0000] {logging_mixin.py:149} INFO - [2024-06-24T15:29:21.984+0000] {dagbag.py:541} INFO - Filling up the DagBag from /home/airflow/.local/lib/python3.7/site-packages/airflow/example_dags/example_task_group_decorator.py
[2024-06-24T15:29:21.990+0000] {processor.py:809} INFO - DAG(s) dict_keys(['example_task_group_decorator']) retrieved from /home/airflow/.local/lib/python3.7/site-packages/airflow/example_dags/example_task_group_decorator.py
[2024-06-24T15:29:22.002+0000] {logging_mixin.py:149} INFO - [2024-06-24T15:29:22.002+0000] {dag.py:2726} INFO - Sync 1 DAGs
[2024-06-24T15:29:22.013+0000] {logging_mixin.py:149} INFO - [2024-06-24T15:29:22.013+0000] {dag.py:3490} INFO - Setting next_dagrun for example_task_group_decorator to 2024-06-23T15:29:22.013732+00:00, run_after=2024-06-24T15:29:22.013732+00:00
[2024-06-24T15:29:22.021+0000] {processor.py:178} INFO - Processing /home/airflow/.local/lib/python3.7/site-packages/airflow/example_dags/example_task_group_decorator.py took 0.039 seconds
[2024-06-24T15:29:52.686+0000] {processor.py:156} INFO - Started process (PID=3060) to work on /home/airflow/.local/lib/python3.7/site-packages/airflow/example_dags/example_task_group_decorator.py
[2024-06-24T15:29:52.686+0000] {processor.py:799} INFO - Processing file /home/airflow/.local/lib/python3.7/site-packages/airflow/example_dags/example_task_group_decorator.py for tasks to queue
[2024-06-24T15:29:52.686+0000] {logging_mixin.py:149} INFO - [2024-06-24T15:29:52.686+0000] {dagbag.py:541} INFO - Filling up the DagBag from /home/airflow/.local/lib/python3.7/site-packages/airflow/example_dags/example_task_group_decorator.py
[2024-06-24T15:29:52.693+0000] {processor.py:809} INFO - DAG(s) dict_keys(['example_task_group_decorator']) retrieved from /home/airflow/.local/lib/python3.7/site-packages/airflow/example_dags/example_task_group_decorator.py
[2024-06-24T15:29:52.705+0000] {logging_mixin.py:149} INFO - [2024-06-24T15:29:52.705+0000] {dag.py:2726} INFO - Sync 1 DAGs
[2024-06-24T15:29:52.715+0000] {logging_mixin.py:149} INFO - [2024-06-24T15:29:52.715+0000] {dag.py:3490} INFO - Setting next_dagrun for example_task_group_decorator to 2024-06-23T15:29:52.715711+00:00, run_after=2024-06-24T15:29:52.715711+00:00
[2024-06-24T15:29:52.722+0000] {processor.py:178} INFO - Processing /home/airflow/.local/lib/python3.7/site-packages/airflow/example_dags/example_task_group_decorator.py took 0.038 seconds
[2024-06-24T15:30:23.310+0000] {processor.py:156} INFO - Started process (PID=3128) to work on /home/airflow/.local/lib/python3.7/site-packages/airflow/example_dags/example_task_group_decorator.py
[2024-06-24T15:30:23.311+0000] {processor.py:799} INFO - Processing file /home/airflow/.local/lib/python3.7/site-packages/airflow/example_dags/example_task_group_decorator.py for tasks to queue
[2024-06-24T15:30:23.311+0000] {logging_mixin.py:149} INFO - [2024-06-24T15:30:23.311+0000] {dagbag.py:541} INFO - Filling up the DagBag from /home/airflow/.local/lib/python3.7/site-packages/airflow/example_dags/example_task_group_decorator.py
[2024-06-24T15:30:23.317+0000] {processor.py:809} INFO - DAG(s) dict_keys(['example_task_group_decorator']) retrieved from /home/airflow/.local/lib/python3.7/site-packages/airflow/example_dags/example_task_group_decorator.py
[2024-06-24T15:30:23.330+0000] {logging_mixin.py:149} INFO - [2024-06-24T15:30:23.329+0000] {dag.py:2726} INFO - Sync 1 DAGs
[2024-06-24T15:30:23.341+0000] {logging_mixin.py:149} INFO - [2024-06-24T15:30:23.340+0000] {dag.py:3490} INFO - Setting next_dagrun for example_task_group_decorator to 2024-06-23T15:30:23.340757+00:00, run_after=2024-06-24T15:30:23.340757+00:00
[2024-06-24T15:30:23.348+0000] {processor.py:178} INFO - Processing /home/airflow/.local/lib/python3.7/site-packages/airflow/example_dags/example_task_group_decorator.py took 0.040 seconds
