[2024-06-24T15:03:50.962+0000] {processor.py:156} INFO - Started process (PID=73) to work on /home/airflow/.local/lib/python3.7/site-packages/airflow/example_dags/example_dag_decorator.py
[2024-06-24T15:03:50.963+0000] {processor.py:799} INFO - Processing file /home/airflow/.local/lib/python3.7/site-packages/airflow/example_dags/example_dag_decorator.py for tasks to queue
[2024-06-24T15:03:50.967+0000] {logging_mixin.py:149} INFO - [2024-06-24T15:03:50.967+0000] {dagbag.py:541} INFO - Filling up the DagBag from /home/airflow/.local/lib/python3.7/site-packages/airflow/example_dags/example_dag_decorator.py
[2024-06-24T15:03:50.972+0000] {logging_mixin.py:149} INFO - [2024-06-24T15:03:50.972+0000] {taskmixin.py:211} WARNING - Dependency <Task(_PythonDecoratedOperator): prepare_email>, send_email already registered for DAG: example_dag_decorator
[2024-06-24T15:03:50.973+0000] {logging_mixin.py:149} INFO - [2024-06-24T15:03:50.973+0000] {taskmixin.py:211} WARNING - Dependency <Task(EmailOperator): send_email>, prepare_email already registered for DAG: example_dag_decorator
[2024-06-24T15:03:50.977+0000] {processor.py:809} INFO - DAG(s) dict_keys(['example_dag_decorator']) retrieved from /home/airflow/.local/lib/python3.7/site-packages/airflow/example_dags/example_dag_decorator.py
[2024-06-24T15:03:51.038+0000] {logging_mixin.py:149} INFO - [2024-06-24T15:03:51.038+0000] {manager.py:504} INFO - Created Permission View: can delete on DAG:example_dag_decorator
[2024-06-24T15:03:51.042+0000] {logging_mixin.py:149} INFO - [2024-06-24T15:03:51.042+0000] {manager.py:504} INFO - Created Permission View: can edit on DAG:example_dag_decorator
[2024-06-24T15:03:51.045+0000] {logging_mixin.py:149} INFO - [2024-06-24T15:03:51.045+0000] {manager.py:504} INFO - Created Permission View: can read on DAG:example_dag_decorator
[2024-06-24T15:03:51.047+0000] {logging_mixin.py:149} INFO - [2024-06-24T15:03:51.047+0000] {dag.py:2726} INFO - Sync 1 DAGs
[2024-06-24T15:03:51.054+0000] {logging_mixin.py:149} INFO - [2024-06-24T15:03:51.054+0000] {dag.py:2747} INFO - Creating ORM DAG for example_dag_decorator
[2024-06-24T15:03:51.059+0000] {logging_mixin.py:149} INFO - [2024-06-24T15:03:51.059+0000] {dag.py:3490} INFO - Setting next_dagrun for example_dag_decorator to None, run_after=None
[2024-06-24T15:03:51.068+0000] {processor.py:178} INFO - Processing /home/airflow/.local/lib/python3.7/site-packages/airflow/example_dags/example_dag_decorator.py took 0.109 seconds
[2024-06-24T15:04:21.327+0000] {processor.py:156} INFO - Started process (PID=142) to work on /home/airflow/.local/lib/python3.7/site-packages/airflow/example_dags/example_dag_decorator.py
[2024-06-24T15:04:21.328+0000] {processor.py:799} INFO - Processing file /home/airflow/.local/lib/python3.7/site-packages/airflow/example_dags/example_dag_decorator.py for tasks to queue
[2024-06-24T15:04:21.328+0000] {logging_mixin.py:149} INFO - [2024-06-24T15:04:21.328+0000] {dagbag.py:541} INFO - Filling up the DagBag from /home/airflow/.local/lib/python3.7/site-packages/airflow/example_dags/example_dag_decorator.py
[2024-06-24T15:04:21.331+0000] {logging_mixin.py:149} INFO - [2024-06-24T15:04:21.331+0000] {taskmixin.py:211} WARNING - Dependency <Task(_PythonDecoratedOperator): prepare_email>, send_email already registered for DAG: example_dag_decorator
[2024-06-24T15:04:21.331+0000] {logging_mixin.py:149} INFO - [2024-06-24T15:04:21.331+0000] {taskmixin.py:211} WARNING - Dependency <Task(EmailOperator): send_email>, prepare_email already registered for DAG: example_dag_decorator
[2024-06-24T15:04:21.335+0000] {processor.py:809} INFO - DAG(s) dict_keys(['example_dag_decorator']) retrieved from /home/airflow/.local/lib/python3.7/site-packages/airflow/example_dags/example_dag_decorator.py
[2024-06-24T15:04:21.363+0000] {logging_mixin.py:149} INFO - [2024-06-24T15:04:21.363+0000] {dag.py:2726} INFO - Sync 1 DAGs
[2024-06-24T15:04:21.375+0000] {logging_mixin.py:149} INFO - [2024-06-24T15:04:21.375+0000] {dag.py:3490} INFO - Setting next_dagrun for example_dag_decorator to None, run_after=None
[2024-06-24T15:04:21.383+0000] {processor.py:178} INFO - Processing /home/airflow/.local/lib/python3.7/site-packages/airflow/example_dags/example_dag_decorator.py took 0.058 seconds
[2024-06-24T15:04:51.924+0000] {processor.py:156} INFO - Started process (PID=210) to work on /home/airflow/.local/lib/python3.7/site-packages/airflow/example_dags/example_dag_decorator.py
[2024-06-24T15:04:51.925+0000] {processor.py:799} INFO - Processing file /home/airflow/.local/lib/python3.7/site-packages/airflow/example_dags/example_dag_decorator.py for tasks to queue
[2024-06-24T15:04:51.925+0000] {logging_mixin.py:149} INFO - [2024-06-24T15:04:51.925+0000] {dagbag.py:541} INFO - Filling up the DagBag from /home/airflow/.local/lib/python3.7/site-packages/airflow/example_dags/example_dag_decorator.py
[2024-06-24T15:04:51.928+0000] {logging_mixin.py:149} INFO - [2024-06-24T15:04:51.927+0000] {taskmixin.py:211} WARNING - Dependency <Task(_PythonDecoratedOperator): prepare_email>, send_email already registered for DAG: example_dag_decorator
[2024-06-24T15:04:51.928+0000] {logging_mixin.py:149} INFO - [2024-06-24T15:04:51.928+0000] {taskmixin.py:211} WARNING - Dependency <Task(EmailOperator): send_email>, prepare_email already registered for DAG: example_dag_decorator
[2024-06-24T15:04:51.931+0000] {processor.py:809} INFO - DAG(s) dict_keys(['example_dag_decorator']) retrieved from /home/airflow/.local/lib/python3.7/site-packages/airflow/example_dags/example_dag_decorator.py
[2024-06-24T15:04:51.959+0000] {logging_mixin.py:149} INFO - [2024-06-24T15:04:51.959+0000] {dag.py:2726} INFO - Sync 1 DAGs
[2024-06-24T15:04:51.968+0000] {logging_mixin.py:149} INFO - [2024-06-24T15:04:51.968+0000] {dag.py:3490} INFO - Setting next_dagrun for example_dag_decorator to None, run_after=None
[2024-06-24T15:04:51.976+0000] {processor.py:178} INFO - Processing /home/airflow/.local/lib/python3.7/site-packages/airflow/example_dags/example_dag_decorator.py took 0.053 seconds
[2024-06-24T15:05:22.519+0000] {processor.py:156} INFO - Started process (PID=279) to work on /home/airflow/.local/lib/python3.7/site-packages/airflow/example_dags/example_dag_decorator.py
[2024-06-24T15:05:22.519+0000] {processor.py:799} INFO - Processing file /home/airflow/.local/lib/python3.7/site-packages/airflow/example_dags/example_dag_decorator.py for tasks to queue
[2024-06-24T15:05:22.520+0000] {logging_mixin.py:149} INFO - [2024-06-24T15:05:22.520+0000] {dagbag.py:541} INFO - Filling up the DagBag from /home/airflow/.local/lib/python3.7/site-packages/airflow/example_dags/example_dag_decorator.py
[2024-06-24T15:05:22.522+0000] {logging_mixin.py:149} INFO - [2024-06-24T15:05:22.522+0000] {taskmixin.py:211} WARNING - Dependency <Task(_PythonDecoratedOperator): prepare_email>, send_email already registered for DAG: example_dag_decorator
[2024-06-24T15:05:22.522+0000] {logging_mixin.py:149} INFO - [2024-06-24T15:05:22.522+0000] {taskmixin.py:211} WARNING - Dependency <Task(EmailOperator): send_email>, prepare_email already registered for DAG: example_dag_decorator
[2024-06-24T15:05:22.525+0000] {processor.py:809} INFO - DAG(s) dict_keys(['example_dag_decorator']) retrieved from /home/airflow/.local/lib/python3.7/site-packages/airflow/example_dags/example_dag_decorator.py
[2024-06-24T15:05:22.553+0000] {logging_mixin.py:149} INFO - [2024-06-24T15:05:22.553+0000] {dag.py:2726} INFO - Sync 1 DAGs
[2024-06-24T15:05:22.562+0000] {logging_mixin.py:149} INFO - [2024-06-24T15:05:22.562+0000] {dag.py:3490} INFO - Setting next_dagrun for example_dag_decorator to None, run_after=None
[2024-06-24T15:05:22.569+0000] {processor.py:178} INFO - Processing /home/airflow/.local/lib/python3.7/site-packages/airflow/example_dags/example_dag_decorator.py took 0.051 seconds
[2024-06-24T15:05:53.103+0000] {processor.py:156} INFO - Started process (PID=348) to work on /home/airflow/.local/lib/python3.7/site-packages/airflow/example_dags/example_dag_decorator.py
[2024-06-24T15:05:53.103+0000] {processor.py:799} INFO - Processing file /home/airflow/.local/lib/python3.7/site-packages/airflow/example_dags/example_dag_decorator.py for tasks to queue
[2024-06-24T15:05:53.103+0000] {logging_mixin.py:149} INFO - [2024-06-24T15:05:53.103+0000] {dagbag.py:541} INFO - Filling up the DagBag from /home/airflow/.local/lib/python3.7/site-packages/airflow/example_dags/example_dag_decorator.py
[2024-06-24T15:05:53.106+0000] {logging_mixin.py:149} INFO - [2024-06-24T15:05:53.106+0000] {taskmixin.py:211} WARNING - Dependency <Task(_PythonDecoratedOperator): prepare_email>, send_email already registered for DAG: example_dag_decorator
[2024-06-24T15:05:53.106+0000] {logging_mixin.py:149} INFO - [2024-06-24T15:05:53.106+0000] {taskmixin.py:211} WARNING - Dependency <Task(EmailOperator): send_email>, prepare_email already registered for DAG: example_dag_decorator
[2024-06-24T15:05:53.110+0000] {processor.py:809} INFO - DAG(s) dict_keys(['example_dag_decorator']) retrieved from /home/airflow/.local/lib/python3.7/site-packages/airflow/example_dags/example_dag_decorator.py
[2024-06-24T15:05:53.135+0000] {logging_mixin.py:149} INFO - [2024-06-24T15:05:53.135+0000] {dag.py:2726} INFO - Sync 1 DAGs
[2024-06-24T15:05:53.145+0000] {logging_mixin.py:149} INFO - [2024-06-24T15:05:53.145+0000] {dag.py:3490} INFO - Setting next_dagrun for example_dag_decorator to None, run_after=None
[2024-06-24T15:05:53.153+0000] {processor.py:178} INFO - Processing /home/airflow/.local/lib/python3.7/site-packages/airflow/example_dags/example_dag_decorator.py took 0.052 seconds
[2024-06-24T15:06:23.750+0000] {processor.py:156} INFO - Started process (PID=416) to work on /home/airflow/.local/lib/python3.7/site-packages/airflow/example_dags/example_dag_decorator.py
[2024-06-24T15:06:23.751+0000] {processor.py:799} INFO - Processing file /home/airflow/.local/lib/python3.7/site-packages/airflow/example_dags/example_dag_decorator.py for tasks to queue
[2024-06-24T15:06:23.751+0000] {logging_mixin.py:149} INFO - [2024-06-24T15:06:23.751+0000] {dagbag.py:541} INFO - Filling up the DagBag from /home/airflow/.local/lib/python3.7/site-packages/airflow/example_dags/example_dag_decorator.py
[2024-06-24T15:06:23.754+0000] {logging_mixin.py:149} INFO - [2024-06-24T15:06:23.754+0000] {taskmixin.py:211} WARNING - Dependency <Task(_PythonDecoratedOperator): prepare_email>, send_email already registered for DAG: example_dag_decorator
[2024-06-24T15:06:23.754+0000] {logging_mixin.py:149} INFO - [2024-06-24T15:06:23.754+0000] {taskmixin.py:211} WARNING - Dependency <Task(EmailOperator): send_email>, prepare_email already registered for DAG: example_dag_decorator
[2024-06-24T15:06:23.757+0000] {processor.py:809} INFO - DAG(s) dict_keys(['example_dag_decorator']) retrieved from /home/airflow/.local/lib/python3.7/site-packages/airflow/example_dags/example_dag_decorator.py
[2024-06-24T15:06:23.784+0000] {logging_mixin.py:149} INFO - [2024-06-24T15:06:23.784+0000] {dag.py:2726} INFO - Sync 1 DAGs
[2024-06-24T15:06:23.794+0000] {logging_mixin.py:149} INFO - [2024-06-24T15:06:23.794+0000] {dag.py:3490} INFO - Setting next_dagrun for example_dag_decorator to None, run_after=None
[2024-06-24T15:06:23.801+0000] {processor.py:178} INFO - Processing /home/airflow/.local/lib/python3.7/site-packages/airflow/example_dags/example_dag_decorator.py took 0.051 seconds
[2024-06-24T15:06:54.406+0000] {processor.py:156} INFO - Started process (PID=485) to work on /home/airflow/.local/lib/python3.7/site-packages/airflow/example_dags/example_dag_decorator.py
[2024-06-24T15:06:54.407+0000] {processor.py:799} INFO - Processing file /home/airflow/.local/lib/python3.7/site-packages/airflow/example_dags/example_dag_decorator.py for tasks to queue
[2024-06-24T15:06:54.407+0000] {logging_mixin.py:149} INFO - [2024-06-24T15:06:54.407+0000] {dagbag.py:541} INFO - Filling up the DagBag from /home/airflow/.local/lib/python3.7/site-packages/airflow/example_dags/example_dag_decorator.py
[2024-06-24T15:06:54.409+0000] {logging_mixin.py:149} INFO - [2024-06-24T15:06:54.409+0000] {taskmixin.py:211} WARNING - Dependency <Task(_PythonDecoratedOperator): prepare_email>, send_email already registered for DAG: example_dag_decorator
[2024-06-24T15:06:54.410+0000] {logging_mixin.py:149} INFO - [2024-06-24T15:06:54.410+0000] {taskmixin.py:211} WARNING - Dependency <Task(EmailOperator): send_email>, prepare_email already registered for DAG: example_dag_decorator
[2024-06-24T15:06:54.413+0000] {processor.py:809} INFO - DAG(s) dict_keys(['example_dag_decorator']) retrieved from /home/airflow/.local/lib/python3.7/site-packages/airflow/example_dags/example_dag_decorator.py
[2024-06-24T15:06:54.442+0000] {logging_mixin.py:149} INFO - [2024-06-24T15:06:54.442+0000] {dag.py:2726} INFO - Sync 1 DAGs
[2024-06-24T15:06:54.451+0000] {logging_mixin.py:149} INFO - [2024-06-24T15:06:54.450+0000] {dag.py:3490} INFO - Setting next_dagrun for example_dag_decorator to None, run_after=None
[2024-06-24T15:06:54.458+0000] {processor.py:178} INFO - Processing /home/airflow/.local/lib/python3.7/site-packages/airflow/example_dags/example_dag_decorator.py took 0.053 seconds
[2024-06-24T15:07:53.947+0000] {processor.py:156} INFO - Started process (PID=73) to work on /home/airflow/.local/lib/python3.7/site-packages/airflow/example_dags/example_dag_decorator.py
[2024-06-24T15:07:53.948+0000] {processor.py:799} INFO - Processing file /home/airflow/.local/lib/python3.7/site-packages/airflow/example_dags/example_dag_decorator.py for tasks to queue
[2024-06-24T15:07:53.949+0000] {logging_mixin.py:149} INFO - [2024-06-24T15:07:53.949+0000] {dagbag.py:541} INFO - Filling up the DagBag from /home/airflow/.local/lib/python3.7/site-packages/airflow/example_dags/example_dag_decorator.py
[2024-06-24T15:07:53.956+0000] {logging_mixin.py:149} INFO - [2024-06-24T15:07:53.956+0000] {taskmixin.py:211} WARNING - Dependency <Task(_PythonDecoratedOperator): prepare_email>, send_email already registered for DAG: example_dag_decorator
[2024-06-24T15:07:53.956+0000] {logging_mixin.py:149} INFO - [2024-06-24T15:07:53.956+0000] {taskmixin.py:211} WARNING - Dependency <Task(EmailOperator): send_email>, prepare_email already registered for DAG: example_dag_decorator
[2024-06-24T15:07:53.969+0000] {processor.py:809} INFO - DAG(s) dict_keys(['example_dag_decorator']) retrieved from /home/airflow/.local/lib/python3.7/site-packages/airflow/example_dags/example_dag_decorator.py
[2024-06-24T15:07:53.977+0000] {logging_mixin.py:149} INFO - [2024-06-24T15:07:53.976+0000] {dag.py:2726} INFO - Sync 1 DAGs
[2024-06-24T15:07:53.992+0000] {logging_mixin.py:149} INFO - [2024-06-24T15:07:53.992+0000] {dag.py:3490} INFO - Setting next_dagrun for example_dag_decorator to None, run_after=None
[2024-06-24T15:07:54.002+0000] {processor.py:178} INFO - Processing /home/airflow/.local/lib/python3.7/site-packages/airflow/example_dags/example_dag_decorator.py took 0.059 seconds
[2024-06-24T15:08:24.343+0000] {processor.py:156} INFO - Started process (PID=146) to work on /home/airflow/.local/lib/python3.7/site-packages/airflow/example_dags/example_dag_decorator.py
[2024-06-24T15:08:24.343+0000] {processor.py:799} INFO - Processing file /home/airflow/.local/lib/python3.7/site-packages/airflow/example_dags/example_dag_decorator.py for tasks to queue
[2024-06-24T15:08:24.343+0000] {logging_mixin.py:149} INFO - [2024-06-24T15:08:24.343+0000] {dagbag.py:541} INFO - Filling up the DagBag from /home/airflow/.local/lib/python3.7/site-packages/airflow/example_dags/example_dag_decorator.py
[2024-06-24T15:08:24.346+0000] {logging_mixin.py:149} INFO - [2024-06-24T15:08:24.346+0000] {taskmixin.py:211} WARNING - Dependency <Task(_PythonDecoratedOperator): prepare_email>, send_email already registered for DAG: example_dag_decorator
[2024-06-24T15:08:24.346+0000] {logging_mixin.py:149} INFO - [2024-06-24T15:08:24.346+0000] {taskmixin.py:211} WARNING - Dependency <Task(EmailOperator): send_email>, prepare_email already registered for DAG: example_dag_decorator
[2024-06-24T15:08:24.349+0000] {processor.py:809} INFO - DAG(s) dict_keys(['example_dag_decorator']) retrieved from /home/airflow/.local/lib/python3.7/site-packages/airflow/example_dags/example_dag_decorator.py
[2024-06-24T15:08:24.375+0000] {logging_mixin.py:149} INFO - [2024-06-24T15:08:24.374+0000] {dag.py:2726} INFO - Sync 1 DAGs
[2024-06-24T15:08:24.384+0000] {logging_mixin.py:149} INFO - [2024-06-24T15:08:24.384+0000] {dag.py:3490} INFO - Setting next_dagrun for example_dag_decorator to None, run_after=None
[2024-06-24T15:08:24.391+0000] {processor.py:178} INFO - Processing /home/airflow/.local/lib/python3.7/site-packages/airflow/example_dags/example_dag_decorator.py took 0.050 seconds
[2024-06-24T15:08:54.911+0000] {processor.py:156} INFO - Started process (PID=215) to work on /home/airflow/.local/lib/python3.7/site-packages/airflow/example_dags/example_dag_decorator.py
[2024-06-24T15:08:54.912+0000] {processor.py:799} INFO - Processing file /home/airflow/.local/lib/python3.7/site-packages/airflow/example_dags/example_dag_decorator.py for tasks to queue
[2024-06-24T15:08:54.912+0000] {logging_mixin.py:149} INFO - [2024-06-24T15:08:54.912+0000] {dagbag.py:541} INFO - Filling up the DagBag from /home/airflow/.local/lib/python3.7/site-packages/airflow/example_dags/example_dag_decorator.py
[2024-06-24T15:08:54.914+0000] {logging_mixin.py:149} INFO - [2024-06-24T15:08:54.914+0000] {taskmixin.py:211} WARNING - Dependency <Task(_PythonDecoratedOperator): prepare_email>, send_email already registered for DAG: example_dag_decorator
[2024-06-24T15:08:54.915+0000] {logging_mixin.py:149} INFO - [2024-06-24T15:08:54.915+0000] {taskmixin.py:211} WARNING - Dependency <Task(EmailOperator): send_email>, prepare_email already registered for DAG: example_dag_decorator
[2024-06-24T15:08:54.918+0000] {processor.py:809} INFO - DAG(s) dict_keys(['example_dag_decorator']) retrieved from /home/airflow/.local/lib/python3.7/site-packages/airflow/example_dags/example_dag_decorator.py
[2024-06-24T15:08:54.945+0000] {logging_mixin.py:149} INFO - [2024-06-24T15:08:54.945+0000] {dag.py:2726} INFO - Sync 1 DAGs
[2024-06-24T15:08:54.955+0000] {logging_mixin.py:149} INFO - [2024-06-24T15:08:54.955+0000] {dag.py:3490} INFO - Setting next_dagrun for example_dag_decorator to None, run_after=None
[2024-06-24T15:08:54.962+0000] {processor.py:178} INFO - Processing /home/airflow/.local/lib/python3.7/site-packages/airflow/example_dags/example_dag_decorator.py took 0.052 seconds
[2024-06-24T15:09:25.641+0000] {processor.py:156} INFO - Started process (PID=284) to work on /home/airflow/.local/lib/python3.7/site-packages/airflow/example_dags/example_dag_decorator.py
[2024-06-24T15:09:25.642+0000] {processor.py:799} INFO - Processing file /home/airflow/.local/lib/python3.7/site-packages/airflow/example_dags/example_dag_decorator.py for tasks to queue
[2024-06-24T15:09:25.644+0000] {logging_mixin.py:149} INFO - [2024-06-24T15:09:25.644+0000] {dagbag.py:541} INFO - Filling up the DagBag from /home/airflow/.local/lib/python3.7/site-packages/airflow/example_dags/example_dag_decorator.py
[2024-06-24T15:09:25.646+0000] {logging_mixin.py:149} INFO - [2024-06-24T15:09:25.646+0000] {taskmixin.py:211} WARNING - Dependency <Task(_PythonDecoratedOperator): prepare_email>, send_email already registered for DAG: example_dag_decorator
[2024-06-24T15:09:25.647+0000] {logging_mixin.py:149} INFO - [2024-06-24T15:09:25.647+0000] {taskmixin.py:211} WARNING - Dependency <Task(EmailOperator): send_email>, prepare_email already registered for DAG: example_dag_decorator
[2024-06-24T15:09:25.650+0000] {processor.py:809} INFO - DAG(s) dict_keys(['example_dag_decorator']) retrieved from /home/airflow/.local/lib/python3.7/site-packages/airflow/example_dags/example_dag_decorator.py
[2024-06-24T15:09:25.678+0000] {logging_mixin.py:149} INFO - [2024-06-24T15:09:25.678+0000] {dag.py:2726} INFO - Sync 1 DAGs
[2024-06-24T15:09:25.688+0000] {logging_mixin.py:149} INFO - [2024-06-24T15:09:25.687+0000] {dag.py:3490} INFO - Setting next_dagrun for example_dag_decorator to None, run_after=None
[2024-06-24T15:09:25.695+0000] {processor.py:178} INFO - Processing /home/airflow/.local/lib/python3.7/site-packages/airflow/example_dags/example_dag_decorator.py took 0.056 seconds
[2024-06-24T15:09:56.220+0000] {processor.py:156} INFO - Started process (PID=353) to work on /home/airflow/.local/lib/python3.7/site-packages/airflow/example_dags/example_dag_decorator.py
[2024-06-24T15:09:56.221+0000] {processor.py:799} INFO - Processing file /home/airflow/.local/lib/python3.7/site-packages/airflow/example_dags/example_dag_decorator.py for tasks to queue
[2024-06-24T15:09:56.221+0000] {logging_mixin.py:149} INFO - [2024-06-24T15:09:56.221+0000] {dagbag.py:541} INFO - Filling up the DagBag from /home/airflow/.local/lib/python3.7/site-packages/airflow/example_dags/example_dag_decorator.py
[2024-06-24T15:09:56.223+0000] {logging_mixin.py:149} INFO - [2024-06-24T15:09:56.223+0000] {taskmixin.py:211} WARNING - Dependency <Task(_PythonDecoratedOperator): prepare_email>, send_email already registered for DAG: example_dag_decorator
[2024-06-24T15:09:56.223+0000] {logging_mixin.py:149} INFO - [2024-06-24T15:09:56.223+0000] {taskmixin.py:211} WARNING - Dependency <Task(EmailOperator): send_email>, prepare_email already registered for DAG: example_dag_decorator
[2024-06-24T15:09:56.227+0000] {processor.py:809} INFO - DAG(s) dict_keys(['example_dag_decorator']) retrieved from /home/airflow/.local/lib/python3.7/site-packages/airflow/example_dags/example_dag_decorator.py
[2024-06-24T15:09:56.254+0000] {logging_mixin.py:149} INFO - [2024-06-24T15:09:56.254+0000] {dag.py:2726} INFO - Sync 1 DAGs
[2024-06-24T15:09:56.264+0000] {logging_mixin.py:149} INFO - [2024-06-24T15:09:56.264+0000] {dag.py:3490} INFO - Setting next_dagrun for example_dag_decorator to None, run_after=None
[2024-06-24T15:09:56.271+0000] {processor.py:178} INFO - Processing /home/airflow/.local/lib/python3.7/site-packages/airflow/example_dags/example_dag_decorator.py took 0.052 seconds
[2024-06-24T15:10:26.906+0000] {processor.py:156} INFO - Started process (PID=422) to work on /home/airflow/.local/lib/python3.7/site-packages/airflow/example_dags/example_dag_decorator.py
[2024-06-24T15:10:26.906+0000] {processor.py:799} INFO - Processing file /home/airflow/.local/lib/python3.7/site-packages/airflow/example_dags/example_dag_decorator.py for tasks to queue
[2024-06-24T15:10:26.907+0000] {logging_mixin.py:149} INFO - [2024-06-24T15:10:26.907+0000] {dagbag.py:541} INFO - Filling up the DagBag from /home/airflow/.local/lib/python3.7/site-packages/airflow/example_dags/example_dag_decorator.py
[2024-06-24T15:10:26.909+0000] {logging_mixin.py:149} INFO - [2024-06-24T15:10:26.909+0000] {taskmixin.py:211} WARNING - Dependency <Task(_PythonDecoratedOperator): prepare_email>, send_email already registered for DAG: example_dag_decorator
[2024-06-24T15:10:26.909+0000] {logging_mixin.py:149} INFO - [2024-06-24T15:10:26.909+0000] {taskmixin.py:211} WARNING - Dependency <Task(EmailOperator): send_email>, prepare_email already registered for DAG: example_dag_decorator
[2024-06-24T15:10:26.913+0000] {processor.py:809} INFO - DAG(s) dict_keys(['example_dag_decorator']) retrieved from /home/airflow/.local/lib/python3.7/site-packages/airflow/example_dags/example_dag_decorator.py
[2024-06-24T15:10:26.940+0000] {logging_mixin.py:149} INFO - [2024-06-24T15:10:26.940+0000] {dag.py:2726} INFO - Sync 1 DAGs
[2024-06-24T15:10:26.950+0000] {logging_mixin.py:149} INFO - [2024-06-24T15:10:26.950+0000] {dag.py:3490} INFO - Setting next_dagrun for example_dag_decorator to None, run_after=None
[2024-06-24T15:10:26.957+0000] {processor.py:178} INFO - Processing /home/airflow/.local/lib/python3.7/site-packages/airflow/example_dags/example_dag_decorator.py took 0.053 seconds
[2024-06-24T15:10:57.660+0000] {processor.py:156} INFO - Started process (PID=491) to work on /home/airflow/.local/lib/python3.7/site-packages/airflow/example_dags/example_dag_decorator.py
[2024-06-24T15:10:57.660+0000] {processor.py:799} INFO - Processing file /home/airflow/.local/lib/python3.7/site-packages/airflow/example_dags/example_dag_decorator.py for tasks to queue
[2024-06-24T15:10:57.661+0000] {logging_mixin.py:149} INFO - [2024-06-24T15:10:57.661+0000] {dagbag.py:541} INFO - Filling up the DagBag from /home/airflow/.local/lib/python3.7/site-packages/airflow/example_dags/example_dag_decorator.py
[2024-06-24T15:10:57.663+0000] {logging_mixin.py:149} INFO - [2024-06-24T15:10:57.663+0000] {taskmixin.py:211} WARNING - Dependency <Task(_PythonDecoratedOperator): prepare_email>, send_email already registered for DAG: example_dag_decorator
[2024-06-24T15:10:57.664+0000] {logging_mixin.py:149} INFO - [2024-06-24T15:10:57.664+0000] {taskmixin.py:211} WARNING - Dependency <Task(EmailOperator): send_email>, prepare_email already registered for DAG: example_dag_decorator
[2024-06-24T15:10:57.667+0000] {processor.py:809} INFO - DAG(s) dict_keys(['example_dag_decorator']) retrieved from /home/airflow/.local/lib/python3.7/site-packages/airflow/example_dags/example_dag_decorator.py
[2024-06-24T15:10:57.699+0000] {logging_mixin.py:149} INFO - [2024-06-24T15:10:57.699+0000] {dag.py:2726} INFO - Sync 1 DAGs
[2024-06-24T15:10:57.710+0000] {logging_mixin.py:149} INFO - [2024-06-24T15:10:57.710+0000] {dag.py:3490} INFO - Setting next_dagrun for example_dag_decorator to None, run_after=None
[2024-06-24T15:10:57.718+0000] {processor.py:178} INFO - Processing /home/airflow/.local/lib/python3.7/site-packages/airflow/example_dags/example_dag_decorator.py took 0.059 seconds
[2024-06-24T15:11:28.367+0000] {processor.py:156} INFO - Started process (PID=560) to work on /home/airflow/.local/lib/python3.7/site-packages/airflow/example_dags/example_dag_decorator.py
[2024-06-24T15:11:28.368+0000] {processor.py:799} INFO - Processing file /home/airflow/.local/lib/python3.7/site-packages/airflow/example_dags/example_dag_decorator.py for tasks to queue
[2024-06-24T15:11:28.368+0000] {logging_mixin.py:149} INFO - [2024-06-24T15:11:28.368+0000] {dagbag.py:541} INFO - Filling up the DagBag from /home/airflow/.local/lib/python3.7/site-packages/airflow/example_dags/example_dag_decorator.py
[2024-06-24T15:11:28.370+0000] {logging_mixin.py:149} INFO - [2024-06-24T15:11:28.370+0000] {taskmixin.py:211} WARNING - Dependency <Task(_PythonDecoratedOperator): prepare_email>, send_email already registered for DAG: example_dag_decorator
[2024-06-24T15:11:28.370+0000] {logging_mixin.py:149} INFO - [2024-06-24T15:11:28.370+0000] {taskmixin.py:211} WARNING - Dependency <Task(EmailOperator): send_email>, prepare_email already registered for DAG: example_dag_decorator
[2024-06-24T15:11:28.374+0000] {processor.py:809} INFO - DAG(s) dict_keys(['example_dag_decorator']) retrieved from /home/airflow/.local/lib/python3.7/site-packages/airflow/example_dags/example_dag_decorator.py
[2024-06-24T15:11:28.400+0000] {logging_mixin.py:149} INFO - [2024-06-24T15:11:28.400+0000] {dag.py:2726} INFO - Sync 1 DAGs
[2024-06-24T15:11:28.410+0000] {logging_mixin.py:149} INFO - [2024-06-24T15:11:28.410+0000] {dag.py:3490} INFO - Setting next_dagrun for example_dag_decorator to None, run_after=None
[2024-06-24T15:11:28.418+0000] {processor.py:178} INFO - Processing /home/airflow/.local/lib/python3.7/site-packages/airflow/example_dags/example_dag_decorator.py took 0.051 seconds
[2024-06-24T15:11:59.179+0000] {processor.py:156} INFO - Started process (PID=629) to work on /home/airflow/.local/lib/python3.7/site-packages/airflow/example_dags/example_dag_decorator.py
[2024-06-24T15:11:59.181+0000] {processor.py:799} INFO - Processing file /home/airflow/.local/lib/python3.7/site-packages/airflow/example_dags/example_dag_decorator.py for tasks to queue
[2024-06-24T15:11:59.181+0000] {logging_mixin.py:149} INFO - [2024-06-24T15:11:59.181+0000] {dagbag.py:541} INFO - Filling up the DagBag from /home/airflow/.local/lib/python3.7/site-packages/airflow/example_dags/example_dag_decorator.py
[2024-06-24T15:11:59.186+0000] {logging_mixin.py:149} INFO - [2024-06-24T15:11:59.186+0000] {taskmixin.py:211} WARNING - Dependency <Task(_PythonDecoratedOperator): prepare_email>, send_email already registered for DAG: example_dag_decorator
[2024-06-24T15:11:59.187+0000] {logging_mixin.py:149} INFO - [2024-06-24T15:11:59.187+0000] {taskmixin.py:211} WARNING - Dependency <Task(EmailOperator): send_email>, prepare_email already registered for DAG: example_dag_decorator
[2024-06-24T15:11:59.191+0000] {processor.py:809} INFO - DAG(s) dict_keys(['example_dag_decorator']) retrieved from /home/airflow/.local/lib/python3.7/site-packages/airflow/example_dags/example_dag_decorator.py
[2024-06-24T15:11:59.224+0000] {logging_mixin.py:149} INFO - [2024-06-24T15:11:59.224+0000] {dag.py:2726} INFO - Sync 1 DAGs
[2024-06-24T15:11:59.235+0000] {logging_mixin.py:149} INFO - [2024-06-24T15:11:59.235+0000] {dag.py:3490} INFO - Setting next_dagrun for example_dag_decorator to None, run_after=None
[2024-06-24T15:11:59.242+0000] {processor.py:178} INFO - Processing /home/airflow/.local/lib/python3.7/site-packages/airflow/example_dags/example_dag_decorator.py took 0.065 seconds
[2024-06-24T15:12:29.824+0000] {processor.py:156} INFO - Started process (PID=698) to work on /home/airflow/.local/lib/python3.7/site-packages/airflow/example_dags/example_dag_decorator.py
[2024-06-24T15:12:29.824+0000] {processor.py:799} INFO - Processing file /home/airflow/.local/lib/python3.7/site-packages/airflow/example_dags/example_dag_decorator.py for tasks to queue
[2024-06-24T15:12:29.824+0000] {logging_mixin.py:149} INFO - [2024-06-24T15:12:29.824+0000] {dagbag.py:541} INFO - Filling up the DagBag from /home/airflow/.local/lib/python3.7/site-packages/airflow/example_dags/example_dag_decorator.py
[2024-06-24T15:12:29.827+0000] {logging_mixin.py:149} INFO - [2024-06-24T15:12:29.827+0000] {taskmixin.py:211} WARNING - Dependency <Task(_PythonDecoratedOperator): prepare_email>, send_email already registered for DAG: example_dag_decorator
[2024-06-24T15:12:29.828+0000] {logging_mixin.py:149} INFO - [2024-06-24T15:12:29.827+0000] {taskmixin.py:211} WARNING - Dependency <Task(EmailOperator): send_email>, prepare_email already registered for DAG: example_dag_decorator
[2024-06-24T15:12:29.831+0000] {processor.py:809} INFO - DAG(s) dict_keys(['example_dag_decorator']) retrieved from /home/airflow/.local/lib/python3.7/site-packages/airflow/example_dags/example_dag_decorator.py
[2024-06-24T15:12:29.860+0000] {logging_mixin.py:149} INFO - [2024-06-24T15:12:29.860+0000] {dag.py:2726} INFO - Sync 1 DAGs
[2024-06-24T15:12:29.870+0000] {logging_mixin.py:149} INFO - [2024-06-24T15:12:29.869+0000] {dag.py:3490} INFO - Setting next_dagrun for example_dag_decorator to None, run_after=None
[2024-06-24T15:12:29.877+0000] {processor.py:178} INFO - Processing /home/airflow/.local/lib/python3.7/site-packages/airflow/example_dags/example_dag_decorator.py took 0.055 seconds
[2024-06-24T15:13:00.525+0000] {processor.py:156} INFO - Started process (PID=767) to work on /home/airflow/.local/lib/python3.7/site-packages/airflow/example_dags/example_dag_decorator.py
[2024-06-24T15:13:00.525+0000] {processor.py:799} INFO - Processing file /home/airflow/.local/lib/python3.7/site-packages/airflow/example_dags/example_dag_decorator.py for tasks to queue
[2024-06-24T15:13:00.526+0000] {logging_mixin.py:149} INFO - [2024-06-24T15:13:00.526+0000] {dagbag.py:541} INFO - Filling up the DagBag from /home/airflow/.local/lib/python3.7/site-packages/airflow/example_dags/example_dag_decorator.py
[2024-06-24T15:13:00.528+0000] {logging_mixin.py:149} INFO - [2024-06-24T15:13:00.528+0000] {taskmixin.py:211} WARNING - Dependency <Task(_PythonDecoratedOperator): prepare_email>, send_email already registered for DAG: example_dag_decorator
[2024-06-24T15:13:00.528+0000] {logging_mixin.py:149} INFO - [2024-06-24T15:13:00.528+0000] {taskmixin.py:211} WARNING - Dependency <Task(EmailOperator): send_email>, prepare_email already registered for DAG: example_dag_decorator
[2024-06-24T15:13:00.532+0000] {processor.py:809} INFO - DAG(s) dict_keys(['example_dag_decorator']) retrieved from /home/airflow/.local/lib/python3.7/site-packages/airflow/example_dags/example_dag_decorator.py
[2024-06-24T15:13:00.562+0000] {logging_mixin.py:149} INFO - [2024-06-24T15:13:00.561+0000] {dag.py:2726} INFO - Sync 1 DAGs
[2024-06-24T15:13:00.571+0000] {logging_mixin.py:149} INFO - [2024-06-24T15:13:00.571+0000] {dag.py:3490} INFO - Setting next_dagrun for example_dag_decorator to None, run_after=None
[2024-06-24T15:13:00.580+0000] {processor.py:178} INFO - Processing /home/airflow/.local/lib/python3.7/site-packages/airflow/example_dags/example_dag_decorator.py took 0.056 seconds
[2024-06-24T15:13:31.206+0000] {processor.py:156} INFO - Started process (PID=836) to work on /home/airflow/.local/lib/python3.7/site-packages/airflow/example_dags/example_dag_decorator.py
[2024-06-24T15:13:31.206+0000] {processor.py:799} INFO - Processing file /home/airflow/.local/lib/python3.7/site-packages/airflow/example_dags/example_dag_decorator.py for tasks to queue
[2024-06-24T15:13:31.207+0000] {logging_mixin.py:149} INFO - [2024-06-24T15:13:31.207+0000] {dagbag.py:541} INFO - Filling up the DagBag from /home/airflow/.local/lib/python3.7/site-packages/airflow/example_dags/example_dag_decorator.py
[2024-06-24T15:13:31.209+0000] {logging_mixin.py:149} INFO - [2024-06-24T15:13:31.209+0000] {taskmixin.py:211} WARNING - Dependency <Task(_PythonDecoratedOperator): prepare_email>, send_email already registered for DAG: example_dag_decorator
[2024-06-24T15:13:31.210+0000] {logging_mixin.py:149} INFO - [2024-06-24T15:13:31.210+0000] {taskmixin.py:211} WARNING - Dependency <Task(EmailOperator): send_email>, prepare_email already registered for DAG: example_dag_decorator
[2024-06-24T15:13:31.213+0000] {processor.py:809} INFO - DAG(s) dict_keys(['example_dag_decorator']) retrieved from /home/airflow/.local/lib/python3.7/site-packages/airflow/example_dags/example_dag_decorator.py
[2024-06-24T15:13:31.239+0000] {logging_mixin.py:149} INFO - [2024-06-24T15:13:31.239+0000] {dag.py:2726} INFO - Sync 1 DAGs
[2024-06-24T15:13:31.250+0000] {logging_mixin.py:149} INFO - [2024-06-24T15:13:31.250+0000] {dag.py:3490} INFO - Setting next_dagrun for example_dag_decorator to None, run_after=None
[2024-06-24T15:13:31.257+0000] {processor.py:178} INFO - Processing /home/airflow/.local/lib/python3.7/site-packages/airflow/example_dags/example_dag_decorator.py took 0.052 seconds
[2024-06-24T15:14:01.738+0000] {processor.py:156} INFO - Started process (PID=905) to work on /home/airflow/.local/lib/python3.7/site-packages/airflow/example_dags/example_dag_decorator.py
[2024-06-24T15:14:01.738+0000] {processor.py:799} INFO - Processing file /home/airflow/.local/lib/python3.7/site-packages/airflow/example_dags/example_dag_decorator.py for tasks to queue
[2024-06-24T15:14:01.738+0000] {logging_mixin.py:149} INFO - [2024-06-24T15:14:01.738+0000] {dagbag.py:541} INFO - Filling up the DagBag from /home/airflow/.local/lib/python3.7/site-packages/airflow/example_dags/example_dag_decorator.py
[2024-06-24T15:14:01.741+0000] {logging_mixin.py:149} INFO - [2024-06-24T15:14:01.741+0000] {taskmixin.py:211} WARNING - Dependency <Task(_PythonDecoratedOperator): prepare_email>, send_email already registered for DAG: example_dag_decorator
[2024-06-24T15:14:01.741+0000] {logging_mixin.py:149} INFO - [2024-06-24T15:14:01.741+0000] {taskmixin.py:211} WARNING - Dependency <Task(EmailOperator): send_email>, prepare_email already registered for DAG: example_dag_decorator
[2024-06-24T15:14:01.745+0000] {processor.py:809} INFO - DAG(s) dict_keys(['example_dag_decorator']) retrieved from /home/airflow/.local/lib/python3.7/site-packages/airflow/example_dags/example_dag_decorator.py
[2024-06-24T15:14:01.772+0000] {logging_mixin.py:149} INFO - [2024-06-24T15:14:01.772+0000] {dag.py:2726} INFO - Sync 1 DAGs
[2024-06-24T15:14:01.781+0000] {logging_mixin.py:149} INFO - [2024-06-24T15:14:01.781+0000] {dag.py:3490} INFO - Setting next_dagrun for example_dag_decorator to None, run_after=None
[2024-06-24T15:14:01.789+0000] {processor.py:178} INFO - Processing /home/airflow/.local/lib/python3.7/site-packages/airflow/example_dags/example_dag_decorator.py took 0.053 seconds
[2024-06-24T15:14:32.225+0000] {processor.py:156} INFO - Started process (PID=974) to work on /home/airflow/.local/lib/python3.7/site-packages/airflow/example_dags/example_dag_decorator.py
[2024-06-24T15:14:32.225+0000] {processor.py:799} INFO - Processing file /home/airflow/.local/lib/python3.7/site-packages/airflow/example_dags/example_dag_decorator.py for tasks to queue
[2024-06-24T15:14:32.225+0000] {logging_mixin.py:149} INFO - [2024-06-24T15:14:32.225+0000] {dagbag.py:541} INFO - Filling up the DagBag from /home/airflow/.local/lib/python3.7/site-packages/airflow/example_dags/example_dag_decorator.py
[2024-06-24T15:14:32.228+0000] {logging_mixin.py:149} INFO - [2024-06-24T15:14:32.228+0000] {taskmixin.py:211} WARNING - Dependency <Task(_PythonDecoratedOperator): prepare_email>, send_email already registered for DAG: example_dag_decorator
[2024-06-24T15:14:32.228+0000] {logging_mixin.py:149} INFO - [2024-06-24T15:14:32.228+0000] {taskmixin.py:211} WARNING - Dependency <Task(EmailOperator): send_email>, prepare_email already registered for DAG: example_dag_decorator
[2024-06-24T15:14:32.231+0000] {processor.py:809} INFO - DAG(s) dict_keys(['example_dag_decorator']) retrieved from /home/airflow/.local/lib/python3.7/site-packages/airflow/example_dags/example_dag_decorator.py
[2024-06-24T15:14:32.258+0000] {logging_mixin.py:149} INFO - [2024-06-24T15:14:32.258+0000] {dag.py:2726} INFO - Sync 1 DAGs
[2024-06-24T15:14:32.269+0000] {logging_mixin.py:149} INFO - [2024-06-24T15:14:32.269+0000] {dag.py:3490} INFO - Setting next_dagrun for example_dag_decorator to None, run_after=None
[2024-06-24T15:14:32.276+0000] {processor.py:178} INFO - Processing /home/airflow/.local/lib/python3.7/site-packages/airflow/example_dags/example_dag_decorator.py took 0.053 seconds
[2024-06-24T15:15:02.700+0000] {processor.py:156} INFO - Started process (PID=1043) to work on /home/airflow/.local/lib/python3.7/site-packages/airflow/example_dags/example_dag_decorator.py
[2024-06-24T15:15:02.701+0000] {processor.py:799} INFO - Processing file /home/airflow/.local/lib/python3.7/site-packages/airflow/example_dags/example_dag_decorator.py for tasks to queue
[2024-06-24T15:15:02.701+0000] {logging_mixin.py:149} INFO - [2024-06-24T15:15:02.701+0000] {dagbag.py:541} INFO - Filling up the DagBag from /home/airflow/.local/lib/python3.7/site-packages/airflow/example_dags/example_dag_decorator.py
[2024-06-24T15:15:02.703+0000] {logging_mixin.py:149} INFO - [2024-06-24T15:15:02.703+0000] {taskmixin.py:211} WARNING - Dependency <Task(_PythonDecoratedOperator): prepare_email>, send_email already registered for DAG: example_dag_decorator
[2024-06-24T15:15:02.704+0000] {logging_mixin.py:149} INFO - [2024-06-24T15:15:02.704+0000] {taskmixin.py:211} WARNING - Dependency <Task(EmailOperator): send_email>, prepare_email already registered for DAG: example_dag_decorator
[2024-06-24T15:15:02.707+0000] {processor.py:809} INFO - DAG(s) dict_keys(['example_dag_decorator']) retrieved from /home/airflow/.local/lib/python3.7/site-packages/airflow/example_dags/example_dag_decorator.py
[2024-06-24T15:15:02.735+0000] {logging_mixin.py:149} INFO - [2024-06-24T15:15:02.735+0000] {dag.py:2726} INFO - Sync 1 DAGs
[2024-06-24T15:15:02.744+0000] {logging_mixin.py:149} INFO - [2024-06-24T15:15:02.744+0000] {dag.py:3490} INFO - Setting next_dagrun for example_dag_decorator to None, run_after=None
[2024-06-24T15:15:02.752+0000] {processor.py:178} INFO - Processing /home/airflow/.local/lib/python3.7/site-packages/airflow/example_dags/example_dag_decorator.py took 0.053 seconds
[2024-06-24T15:15:33.396+0000] {processor.py:156} INFO - Started process (PID=1121) to work on /home/airflow/.local/lib/python3.7/site-packages/airflow/example_dags/example_dag_decorator.py
[2024-06-24T15:15:33.396+0000] {processor.py:799} INFO - Processing file /home/airflow/.local/lib/python3.7/site-packages/airflow/example_dags/example_dag_decorator.py for tasks to queue
[2024-06-24T15:15:33.396+0000] {logging_mixin.py:149} INFO - [2024-06-24T15:15:33.396+0000] {dagbag.py:541} INFO - Filling up the DagBag from /home/airflow/.local/lib/python3.7/site-packages/airflow/example_dags/example_dag_decorator.py
[2024-06-24T15:15:33.399+0000] {logging_mixin.py:149} INFO - [2024-06-24T15:15:33.399+0000] {taskmixin.py:211} WARNING - Dependency <Task(_PythonDecoratedOperator): prepare_email>, send_email already registered for DAG: example_dag_decorator
[2024-06-24T15:15:33.399+0000] {logging_mixin.py:149} INFO - [2024-06-24T15:15:33.399+0000] {taskmixin.py:211} WARNING - Dependency <Task(EmailOperator): send_email>, prepare_email already registered for DAG: example_dag_decorator
[2024-06-24T15:15:33.403+0000] {processor.py:809} INFO - DAG(s) dict_keys(['example_dag_decorator']) retrieved from /home/airflow/.local/lib/python3.7/site-packages/airflow/example_dags/example_dag_decorator.py
[2024-06-24T15:15:33.430+0000] {logging_mixin.py:149} INFO - [2024-06-24T15:15:33.430+0000] {dag.py:2726} INFO - Sync 1 DAGs
[2024-06-24T15:15:33.439+0000] {logging_mixin.py:149} INFO - [2024-06-24T15:15:33.439+0000] {dag.py:3490} INFO - Setting next_dagrun for example_dag_decorator to None, run_after=None
[2024-06-24T15:15:33.446+0000] {processor.py:178} INFO - Processing /home/airflow/.local/lib/python3.7/site-packages/airflow/example_dags/example_dag_decorator.py took 0.052 seconds
[2024-06-24T15:16:03.971+0000] {processor.py:156} INFO - Started process (PID=1190) to work on /home/airflow/.local/lib/python3.7/site-packages/airflow/example_dags/example_dag_decorator.py
[2024-06-24T15:16:03.972+0000] {processor.py:799} INFO - Processing file /home/airflow/.local/lib/python3.7/site-packages/airflow/example_dags/example_dag_decorator.py for tasks to queue
[2024-06-24T15:16:03.974+0000] {logging_mixin.py:149} INFO - [2024-06-24T15:16:03.974+0000] {dagbag.py:541} INFO - Filling up the DagBag from /home/airflow/.local/lib/python3.7/site-packages/airflow/example_dags/example_dag_decorator.py
[2024-06-24T15:16:03.977+0000] {logging_mixin.py:149} INFO - [2024-06-24T15:16:03.977+0000] {taskmixin.py:211} WARNING - Dependency <Task(_PythonDecoratedOperator): prepare_email>, send_email already registered for DAG: example_dag_decorator
[2024-06-24T15:16:03.977+0000] {logging_mixin.py:149} INFO - [2024-06-24T15:16:03.977+0000] {taskmixin.py:211} WARNING - Dependency <Task(EmailOperator): send_email>, prepare_email already registered for DAG: example_dag_decorator
[2024-06-24T15:16:03.980+0000] {processor.py:809} INFO - DAG(s) dict_keys(['example_dag_decorator']) retrieved from /home/airflow/.local/lib/python3.7/site-packages/airflow/example_dags/example_dag_decorator.py
[2024-06-24T15:16:04.009+0000] {logging_mixin.py:149} INFO - [2024-06-24T15:16:04.009+0000] {dag.py:2726} INFO - Sync 1 DAGs
[2024-06-24T15:16:04.019+0000] {logging_mixin.py:149} INFO - [2024-06-24T15:16:04.019+0000] {dag.py:3490} INFO - Setting next_dagrun for example_dag_decorator to None, run_after=None
[2024-06-24T15:16:04.027+0000] {processor.py:178} INFO - Processing /home/airflow/.local/lib/python3.7/site-packages/airflow/example_dags/example_dag_decorator.py took 0.057 seconds
[2024-06-24T15:16:34.664+0000] {processor.py:156} INFO - Started process (PID=1259) to work on /home/airflow/.local/lib/python3.7/site-packages/airflow/example_dags/example_dag_decorator.py
[2024-06-24T15:16:34.664+0000] {processor.py:799} INFO - Processing file /home/airflow/.local/lib/python3.7/site-packages/airflow/example_dags/example_dag_decorator.py for tasks to queue
[2024-06-24T15:16:34.664+0000] {logging_mixin.py:149} INFO - [2024-06-24T15:16:34.664+0000] {dagbag.py:541} INFO - Filling up the DagBag from /home/airflow/.local/lib/python3.7/site-packages/airflow/example_dags/example_dag_decorator.py
[2024-06-24T15:16:34.670+0000] {logging_mixin.py:149} INFO - [2024-06-24T15:16:34.670+0000] {taskmixin.py:211} WARNING - Dependency <Task(_PythonDecoratedOperator): prepare_email>, send_email already registered for DAG: example_dag_decorator
[2024-06-24T15:16:34.670+0000] {logging_mixin.py:149} INFO - [2024-06-24T15:16:34.670+0000] {taskmixin.py:211} WARNING - Dependency <Task(EmailOperator): send_email>, prepare_email already registered for DAG: example_dag_decorator
[2024-06-24T15:16:34.674+0000] {processor.py:809} INFO - DAG(s) dict_keys(['example_dag_decorator']) retrieved from /home/airflow/.local/lib/python3.7/site-packages/airflow/example_dags/example_dag_decorator.py
[2024-06-24T15:16:34.703+0000] {logging_mixin.py:149} INFO - [2024-06-24T15:16:34.703+0000] {dag.py:2726} INFO - Sync 1 DAGs
[2024-06-24T15:16:34.712+0000] {logging_mixin.py:149} INFO - [2024-06-24T15:16:34.712+0000] {dag.py:3490} INFO - Setting next_dagrun for example_dag_decorator to None, run_after=None
[2024-06-24T15:16:34.720+0000] {processor.py:178} INFO - Processing /home/airflow/.local/lib/python3.7/site-packages/airflow/example_dags/example_dag_decorator.py took 0.058 seconds
[2024-06-24T15:17:05.243+0000] {processor.py:156} INFO - Started process (PID=1328) to work on /home/airflow/.local/lib/python3.7/site-packages/airflow/example_dags/example_dag_decorator.py
[2024-06-24T15:17:05.244+0000] {processor.py:799} INFO - Processing file /home/airflow/.local/lib/python3.7/site-packages/airflow/example_dags/example_dag_decorator.py for tasks to queue
[2024-06-24T15:17:05.244+0000] {logging_mixin.py:149} INFO - [2024-06-24T15:17:05.244+0000] {dagbag.py:541} INFO - Filling up the DagBag from /home/airflow/.local/lib/python3.7/site-packages/airflow/example_dags/example_dag_decorator.py
[2024-06-24T15:17:05.246+0000] {logging_mixin.py:149} INFO - [2024-06-24T15:17:05.246+0000] {taskmixin.py:211} WARNING - Dependency <Task(_PythonDecoratedOperator): prepare_email>, send_email already registered for DAG: example_dag_decorator
[2024-06-24T15:17:05.246+0000] {logging_mixin.py:149} INFO - [2024-06-24T15:17:05.246+0000] {taskmixin.py:211} WARNING - Dependency <Task(EmailOperator): send_email>, prepare_email already registered for DAG: example_dag_decorator
[2024-06-24T15:17:05.250+0000] {processor.py:809} INFO - DAG(s) dict_keys(['example_dag_decorator']) retrieved from /home/airflow/.local/lib/python3.7/site-packages/airflow/example_dags/example_dag_decorator.py
[2024-06-24T15:17:05.278+0000] {logging_mixin.py:149} INFO - [2024-06-24T15:17:05.278+0000] {dag.py:2726} INFO - Sync 1 DAGs
[2024-06-24T15:17:05.288+0000] {logging_mixin.py:149} INFO - [2024-06-24T15:17:05.288+0000] {dag.py:3490} INFO - Setting next_dagrun for example_dag_decorator to None, run_after=None
[2024-06-24T15:17:05.295+0000] {processor.py:178} INFO - Processing /home/airflow/.local/lib/python3.7/site-packages/airflow/example_dags/example_dag_decorator.py took 0.053 seconds
[2024-06-24T15:17:35.802+0000] {processor.py:156} INFO - Started process (PID=1396) to work on /home/airflow/.local/lib/python3.7/site-packages/airflow/example_dags/example_dag_decorator.py
[2024-06-24T15:17:35.803+0000] {processor.py:799} INFO - Processing file /home/airflow/.local/lib/python3.7/site-packages/airflow/example_dags/example_dag_decorator.py for tasks to queue
[2024-06-24T15:17:35.803+0000] {logging_mixin.py:149} INFO - [2024-06-24T15:17:35.803+0000] {dagbag.py:541} INFO - Filling up the DagBag from /home/airflow/.local/lib/python3.7/site-packages/airflow/example_dags/example_dag_decorator.py
[2024-06-24T15:17:35.805+0000] {logging_mixin.py:149} INFO - [2024-06-24T15:17:35.805+0000] {taskmixin.py:211} WARNING - Dependency <Task(_PythonDecoratedOperator): prepare_email>, send_email already registered for DAG: example_dag_decorator
[2024-06-24T15:17:35.806+0000] {logging_mixin.py:149} INFO - [2024-06-24T15:17:35.806+0000] {taskmixin.py:211} WARNING - Dependency <Task(EmailOperator): send_email>, prepare_email already registered for DAG: example_dag_decorator
[2024-06-24T15:17:35.809+0000] {processor.py:809} INFO - DAG(s) dict_keys(['example_dag_decorator']) retrieved from /home/airflow/.local/lib/python3.7/site-packages/airflow/example_dags/example_dag_decorator.py
[2024-06-24T15:17:35.837+0000] {logging_mixin.py:149} INFO - [2024-06-24T15:17:35.837+0000] {dag.py:2726} INFO - Sync 1 DAGs
[2024-06-24T15:17:35.847+0000] {logging_mixin.py:149} INFO - [2024-06-24T15:17:35.847+0000] {dag.py:3490} INFO - Setting next_dagrun for example_dag_decorator to None, run_after=None
[2024-06-24T15:17:35.854+0000] {processor.py:178} INFO - Processing /home/airflow/.local/lib/python3.7/site-packages/airflow/example_dags/example_dag_decorator.py took 0.053 seconds
[2024-06-24T15:18:06.358+0000] {processor.py:156} INFO - Started process (PID=1465) to work on /home/airflow/.local/lib/python3.7/site-packages/airflow/example_dags/example_dag_decorator.py
[2024-06-24T15:18:06.362+0000] {processor.py:799} INFO - Processing file /home/airflow/.local/lib/python3.7/site-packages/airflow/example_dags/example_dag_decorator.py for tasks to queue
[2024-06-24T15:18:06.362+0000] {logging_mixin.py:149} INFO - [2024-06-24T15:18:06.362+0000] {dagbag.py:541} INFO - Filling up the DagBag from /home/airflow/.local/lib/python3.7/site-packages/airflow/example_dags/example_dag_decorator.py
[2024-06-24T15:18:06.365+0000] {logging_mixin.py:149} INFO - [2024-06-24T15:18:06.365+0000] {taskmixin.py:211} WARNING - Dependency <Task(_PythonDecoratedOperator): prepare_email>, send_email already registered for DAG: example_dag_decorator
[2024-06-24T15:18:06.366+0000] {logging_mixin.py:149} INFO - [2024-06-24T15:18:06.366+0000] {taskmixin.py:211} WARNING - Dependency <Task(EmailOperator): send_email>, prepare_email already registered for DAG: example_dag_decorator
[2024-06-24T15:18:06.370+0000] {processor.py:809} INFO - DAG(s) dict_keys(['example_dag_decorator']) retrieved from /home/airflow/.local/lib/python3.7/site-packages/airflow/example_dags/example_dag_decorator.py
[2024-06-24T15:18:06.399+0000] {logging_mixin.py:149} INFO - [2024-06-24T15:18:06.399+0000] {dag.py:2726} INFO - Sync 1 DAGs
[2024-06-24T15:18:06.412+0000] {logging_mixin.py:149} INFO - [2024-06-24T15:18:06.412+0000] {dag.py:3490} INFO - Setting next_dagrun for example_dag_decorator to None, run_after=None
[2024-06-24T15:18:06.419+0000] {processor.py:178} INFO - Processing /home/airflow/.local/lib/python3.7/site-packages/airflow/example_dags/example_dag_decorator.py took 0.063 seconds
[2024-06-24T15:18:37.112+0000] {processor.py:156} INFO - Started process (PID=1534) to work on /home/airflow/.local/lib/python3.7/site-packages/airflow/example_dags/example_dag_decorator.py
[2024-06-24T15:18:37.112+0000] {processor.py:799} INFO - Processing file /home/airflow/.local/lib/python3.7/site-packages/airflow/example_dags/example_dag_decorator.py for tasks to queue
[2024-06-24T15:18:37.112+0000] {logging_mixin.py:149} INFO - [2024-06-24T15:18:37.112+0000] {dagbag.py:541} INFO - Filling up the DagBag from /home/airflow/.local/lib/python3.7/site-packages/airflow/example_dags/example_dag_decorator.py
[2024-06-24T15:18:37.115+0000] {logging_mixin.py:149} INFO - [2024-06-24T15:18:37.115+0000] {taskmixin.py:211} WARNING - Dependency <Task(_PythonDecoratedOperator): prepare_email>, send_email already registered for DAG: example_dag_decorator
[2024-06-24T15:18:37.115+0000] {logging_mixin.py:149} INFO - [2024-06-24T15:18:37.115+0000] {taskmixin.py:211} WARNING - Dependency <Task(EmailOperator): send_email>, prepare_email already registered for DAG: example_dag_decorator
[2024-06-24T15:18:37.119+0000] {processor.py:809} INFO - DAG(s) dict_keys(['example_dag_decorator']) retrieved from /home/airflow/.local/lib/python3.7/site-packages/airflow/example_dags/example_dag_decorator.py
[2024-06-24T15:18:37.146+0000] {logging_mixin.py:149} INFO - [2024-06-24T15:18:37.146+0000] {dag.py:2726} INFO - Sync 1 DAGs
[2024-06-24T15:18:37.156+0000] {logging_mixin.py:149} INFO - [2024-06-24T15:18:37.156+0000] {dag.py:3490} INFO - Setting next_dagrun for example_dag_decorator to None, run_after=None
[2024-06-24T15:18:37.166+0000] {processor.py:178} INFO - Processing /home/airflow/.local/lib/python3.7/site-packages/airflow/example_dags/example_dag_decorator.py took 0.055 seconds
[2024-06-24T15:19:07.829+0000] {processor.py:156} INFO - Started process (PID=1603) to work on /home/airflow/.local/lib/python3.7/site-packages/airflow/example_dags/example_dag_decorator.py
[2024-06-24T15:19:07.829+0000] {processor.py:799} INFO - Processing file /home/airflow/.local/lib/python3.7/site-packages/airflow/example_dags/example_dag_decorator.py for tasks to queue
[2024-06-24T15:19:07.830+0000] {logging_mixin.py:149} INFO - [2024-06-24T15:19:07.830+0000] {dagbag.py:541} INFO - Filling up the DagBag from /home/airflow/.local/lib/python3.7/site-packages/airflow/example_dags/example_dag_decorator.py
[2024-06-24T15:19:07.833+0000] {logging_mixin.py:149} INFO - [2024-06-24T15:19:07.833+0000] {taskmixin.py:211} WARNING - Dependency <Task(_PythonDecoratedOperator): prepare_email>, send_email already registered for DAG: example_dag_decorator
[2024-06-24T15:19:07.834+0000] {logging_mixin.py:149} INFO - [2024-06-24T15:19:07.834+0000] {taskmixin.py:211} WARNING - Dependency <Task(EmailOperator): send_email>, prepare_email already registered for DAG: example_dag_decorator
[2024-06-24T15:19:07.838+0000] {processor.py:809} INFO - DAG(s) dict_keys(['example_dag_decorator']) retrieved from /home/airflow/.local/lib/python3.7/site-packages/airflow/example_dags/example_dag_decorator.py
[2024-06-24T15:19:07.870+0000] {logging_mixin.py:149} INFO - [2024-06-24T15:19:07.870+0000] {dag.py:2726} INFO - Sync 1 DAGs
[2024-06-24T15:19:07.880+0000] {logging_mixin.py:149} INFO - [2024-06-24T15:19:07.880+0000] {dag.py:3490} INFO - Setting next_dagrun for example_dag_decorator to None, run_after=None
[2024-06-24T15:19:07.888+0000] {processor.py:178} INFO - Processing /home/airflow/.local/lib/python3.7/site-packages/airflow/example_dags/example_dag_decorator.py took 0.060 seconds
[2024-06-24T15:19:38.399+0000] {processor.py:156} INFO - Started process (PID=1672) to work on /home/airflow/.local/lib/python3.7/site-packages/airflow/example_dags/example_dag_decorator.py
[2024-06-24T15:19:38.400+0000] {processor.py:799} INFO - Processing file /home/airflow/.local/lib/python3.7/site-packages/airflow/example_dags/example_dag_decorator.py for tasks to queue
[2024-06-24T15:19:38.400+0000] {logging_mixin.py:149} INFO - [2024-06-24T15:19:38.400+0000] {dagbag.py:541} INFO - Filling up the DagBag from /home/airflow/.local/lib/python3.7/site-packages/airflow/example_dags/example_dag_decorator.py
[2024-06-24T15:19:38.403+0000] {logging_mixin.py:149} INFO - [2024-06-24T15:19:38.403+0000] {taskmixin.py:211} WARNING - Dependency <Task(_PythonDecoratedOperator): prepare_email>, send_email already registered for DAG: example_dag_decorator
[2024-06-24T15:19:38.403+0000] {logging_mixin.py:149} INFO - [2024-06-24T15:19:38.403+0000] {taskmixin.py:211} WARNING - Dependency <Task(EmailOperator): send_email>, prepare_email already registered for DAG: example_dag_decorator
[2024-06-24T15:19:38.407+0000] {processor.py:809} INFO - DAG(s) dict_keys(['example_dag_decorator']) retrieved from /home/airflow/.local/lib/python3.7/site-packages/airflow/example_dags/example_dag_decorator.py
[2024-06-24T15:19:38.433+0000] {logging_mixin.py:149} INFO - [2024-06-24T15:19:38.433+0000] {dag.py:2726} INFO - Sync 1 DAGs
[2024-06-24T15:19:38.443+0000] {logging_mixin.py:149} INFO - [2024-06-24T15:19:38.443+0000] {dag.py:3490} INFO - Setting next_dagrun for example_dag_decorator to None, run_after=None
[2024-06-24T15:19:38.452+0000] {processor.py:178} INFO - Processing /home/airflow/.local/lib/python3.7/site-packages/airflow/example_dags/example_dag_decorator.py took 0.054 seconds
[2024-06-24T15:20:08.938+0000] {processor.py:156} INFO - Started process (PID=1741) to work on /home/airflow/.local/lib/python3.7/site-packages/airflow/example_dags/example_dag_decorator.py
[2024-06-24T15:20:08.939+0000] {processor.py:799} INFO - Processing file /home/airflow/.local/lib/python3.7/site-packages/airflow/example_dags/example_dag_decorator.py for tasks to queue
[2024-06-24T15:20:08.939+0000] {logging_mixin.py:149} INFO - [2024-06-24T15:20:08.939+0000] {dagbag.py:541} INFO - Filling up the DagBag from /home/airflow/.local/lib/python3.7/site-packages/airflow/example_dags/example_dag_decorator.py
[2024-06-24T15:20:08.942+0000] {logging_mixin.py:149} INFO - [2024-06-24T15:20:08.942+0000] {taskmixin.py:211} WARNING - Dependency <Task(_PythonDecoratedOperator): prepare_email>, send_email already registered for DAG: example_dag_decorator
[2024-06-24T15:20:08.942+0000] {logging_mixin.py:149} INFO - [2024-06-24T15:20:08.942+0000] {taskmixin.py:211} WARNING - Dependency <Task(EmailOperator): send_email>, prepare_email already registered for DAG: example_dag_decorator
[2024-06-24T15:20:08.947+0000] {processor.py:809} INFO - DAG(s) dict_keys(['example_dag_decorator']) retrieved from /home/airflow/.local/lib/python3.7/site-packages/airflow/example_dags/example_dag_decorator.py
[2024-06-24T15:20:08.977+0000] {logging_mixin.py:149} INFO - [2024-06-24T15:20:08.977+0000] {dag.py:2726} INFO - Sync 1 DAGs
[2024-06-24T15:20:08.988+0000] {logging_mixin.py:149} INFO - [2024-06-24T15:20:08.988+0000] {dag.py:3490} INFO - Setting next_dagrun for example_dag_decorator to None, run_after=None
[2024-06-24T15:20:08.997+0000] {processor.py:178} INFO - Processing /home/airflow/.local/lib/python3.7/site-packages/airflow/example_dags/example_dag_decorator.py took 0.060 seconds
[2024-06-24T15:20:39.631+0000] {processor.py:156} INFO - Started process (PID=1810) to work on /home/airflow/.local/lib/python3.7/site-packages/airflow/example_dags/example_dag_decorator.py
[2024-06-24T15:20:39.632+0000] {processor.py:799} INFO - Processing file /home/airflow/.local/lib/python3.7/site-packages/airflow/example_dags/example_dag_decorator.py for tasks to queue
[2024-06-24T15:20:39.632+0000] {logging_mixin.py:149} INFO - [2024-06-24T15:20:39.632+0000] {dagbag.py:541} INFO - Filling up the DagBag from /home/airflow/.local/lib/python3.7/site-packages/airflow/example_dags/example_dag_decorator.py
[2024-06-24T15:20:39.634+0000] {logging_mixin.py:149} INFO - [2024-06-24T15:20:39.634+0000] {taskmixin.py:211} WARNING - Dependency <Task(_PythonDecoratedOperator): prepare_email>, send_email already registered for DAG: example_dag_decorator
[2024-06-24T15:20:39.635+0000] {logging_mixin.py:149} INFO - [2024-06-24T15:20:39.635+0000] {taskmixin.py:211} WARNING - Dependency <Task(EmailOperator): send_email>, prepare_email already registered for DAG: example_dag_decorator
[2024-06-24T15:20:39.638+0000] {processor.py:809} INFO - DAG(s) dict_keys(['example_dag_decorator']) retrieved from /home/airflow/.local/lib/python3.7/site-packages/airflow/example_dags/example_dag_decorator.py
[2024-06-24T15:20:39.667+0000] {logging_mixin.py:149} INFO - [2024-06-24T15:20:39.667+0000] {dag.py:2726} INFO - Sync 1 DAGs
[2024-06-24T15:20:39.676+0000] {logging_mixin.py:149} INFO - [2024-06-24T15:20:39.676+0000] {dag.py:3490} INFO - Setting next_dagrun for example_dag_decorator to None, run_after=None
[2024-06-24T15:20:39.683+0000] {processor.py:178} INFO - Processing /home/airflow/.local/lib/python3.7/site-packages/airflow/example_dags/example_dag_decorator.py took 0.054 seconds
[2024-06-24T15:21:10.316+0000] {processor.py:156} INFO - Started process (PID=1879) to work on /home/airflow/.local/lib/python3.7/site-packages/airflow/example_dags/example_dag_decorator.py
[2024-06-24T15:21:10.316+0000] {processor.py:799} INFO - Processing file /home/airflow/.local/lib/python3.7/site-packages/airflow/example_dags/example_dag_decorator.py for tasks to queue
[2024-06-24T15:21:10.317+0000] {logging_mixin.py:149} INFO - [2024-06-24T15:21:10.317+0000] {dagbag.py:541} INFO - Filling up the DagBag from /home/airflow/.local/lib/python3.7/site-packages/airflow/example_dags/example_dag_decorator.py
[2024-06-24T15:21:10.319+0000] {logging_mixin.py:149} INFO - [2024-06-24T15:21:10.319+0000] {taskmixin.py:211} WARNING - Dependency <Task(_PythonDecoratedOperator): prepare_email>, send_email already registered for DAG: example_dag_decorator
[2024-06-24T15:21:10.320+0000] {logging_mixin.py:149} INFO - [2024-06-24T15:21:10.320+0000] {taskmixin.py:211} WARNING - Dependency <Task(EmailOperator): send_email>, prepare_email already registered for DAG: example_dag_decorator
[2024-06-24T15:21:10.323+0000] {processor.py:809} INFO - DAG(s) dict_keys(['example_dag_decorator']) retrieved from /home/airflow/.local/lib/python3.7/site-packages/airflow/example_dags/example_dag_decorator.py
[2024-06-24T15:21:10.351+0000] {logging_mixin.py:149} INFO - [2024-06-24T15:21:10.351+0000] {dag.py:2726} INFO - Sync 1 DAGs
[2024-06-24T15:21:10.360+0000] {logging_mixin.py:149} INFO - [2024-06-24T15:21:10.360+0000] {dag.py:3490} INFO - Setting next_dagrun for example_dag_decorator to None, run_after=None
[2024-06-24T15:21:10.368+0000] {processor.py:178} INFO - Processing /home/airflow/.local/lib/python3.7/site-packages/airflow/example_dags/example_dag_decorator.py took 0.053 seconds
[2024-06-24T15:21:41.171+0000] {processor.py:156} INFO - Started process (PID=1947) to work on /home/airflow/.local/lib/python3.7/site-packages/airflow/example_dags/example_dag_decorator.py
[2024-06-24T15:21:41.172+0000] {processor.py:799} INFO - Processing file /home/airflow/.local/lib/python3.7/site-packages/airflow/example_dags/example_dag_decorator.py for tasks to queue
[2024-06-24T15:21:41.172+0000] {logging_mixin.py:149} INFO - [2024-06-24T15:21:41.172+0000] {dagbag.py:541} INFO - Filling up the DagBag from /home/airflow/.local/lib/python3.7/site-packages/airflow/example_dags/example_dag_decorator.py
[2024-06-24T15:21:41.174+0000] {logging_mixin.py:149} INFO - [2024-06-24T15:21:41.174+0000] {taskmixin.py:211} WARNING - Dependency <Task(_PythonDecoratedOperator): prepare_email>, send_email already registered for DAG: example_dag_decorator
[2024-06-24T15:21:41.175+0000] {logging_mixin.py:149} INFO - [2024-06-24T15:21:41.175+0000] {taskmixin.py:211} WARNING - Dependency <Task(EmailOperator): send_email>, prepare_email already registered for DAG: example_dag_decorator
[2024-06-24T15:21:41.178+0000] {processor.py:809} INFO - DAG(s) dict_keys(['example_dag_decorator']) retrieved from /home/airflow/.local/lib/python3.7/site-packages/airflow/example_dags/example_dag_decorator.py
[2024-06-24T15:21:41.205+0000] {logging_mixin.py:149} INFO - [2024-06-24T15:21:41.205+0000] {dag.py:2726} INFO - Sync 1 DAGs
[2024-06-24T15:21:41.214+0000] {logging_mixin.py:149} INFO - [2024-06-24T15:21:41.214+0000] {dag.py:3490} INFO - Setting next_dagrun for example_dag_decorator to None, run_after=None
[2024-06-24T15:21:41.221+0000] {processor.py:178} INFO - Processing /home/airflow/.local/lib/python3.7/site-packages/airflow/example_dags/example_dag_decorator.py took 0.051 seconds
[2024-06-24T15:22:11.946+0000] {processor.py:156} INFO - Started process (PID=2016) to work on /home/airflow/.local/lib/python3.7/site-packages/airflow/example_dags/example_dag_decorator.py
[2024-06-24T15:22:11.947+0000] {processor.py:799} INFO - Processing file /home/airflow/.local/lib/python3.7/site-packages/airflow/example_dags/example_dag_decorator.py for tasks to queue
[2024-06-24T15:22:11.947+0000] {logging_mixin.py:149} INFO - [2024-06-24T15:22:11.947+0000] {dagbag.py:541} INFO - Filling up the DagBag from /home/airflow/.local/lib/python3.7/site-packages/airflow/example_dags/example_dag_decorator.py
[2024-06-24T15:22:11.950+0000] {logging_mixin.py:149} INFO - [2024-06-24T15:22:11.950+0000] {taskmixin.py:211} WARNING - Dependency <Task(_PythonDecoratedOperator): prepare_email>, send_email already registered for DAG: example_dag_decorator
[2024-06-24T15:22:11.950+0000] {logging_mixin.py:149} INFO - [2024-06-24T15:22:11.950+0000] {taskmixin.py:211} WARNING - Dependency <Task(EmailOperator): send_email>, prepare_email already registered for DAG: example_dag_decorator
[2024-06-24T15:22:11.954+0000] {processor.py:809} INFO - DAG(s) dict_keys(['example_dag_decorator']) retrieved from /home/airflow/.local/lib/python3.7/site-packages/airflow/example_dags/example_dag_decorator.py
[2024-06-24T15:22:11.983+0000] {logging_mixin.py:149} INFO - [2024-06-24T15:22:11.982+0000] {dag.py:2726} INFO - Sync 1 DAGs
[2024-06-24T15:22:11.992+0000] {logging_mixin.py:149} INFO - [2024-06-24T15:22:11.992+0000] {dag.py:3490} INFO - Setting next_dagrun for example_dag_decorator to None, run_after=None
[2024-06-24T15:22:12.000+0000] {processor.py:178} INFO - Processing /home/airflow/.local/lib/python3.7/site-packages/airflow/example_dags/example_dag_decorator.py took 0.055 seconds
[2024-06-24T15:22:42.567+0000] {processor.py:156} INFO - Started process (PID=2084) to work on /home/airflow/.local/lib/python3.7/site-packages/airflow/example_dags/example_dag_decorator.py
[2024-06-24T15:22:42.568+0000] {processor.py:799} INFO - Processing file /home/airflow/.local/lib/python3.7/site-packages/airflow/example_dags/example_dag_decorator.py for tasks to queue
[2024-06-24T15:22:42.568+0000] {logging_mixin.py:149} INFO - [2024-06-24T15:22:42.568+0000] {dagbag.py:541} INFO - Filling up the DagBag from /home/airflow/.local/lib/python3.7/site-packages/airflow/example_dags/example_dag_decorator.py
[2024-06-24T15:22:42.571+0000] {logging_mixin.py:149} INFO - [2024-06-24T15:22:42.571+0000] {taskmixin.py:211} WARNING - Dependency <Task(_PythonDecoratedOperator): prepare_email>, send_email already registered for DAG: example_dag_decorator
[2024-06-24T15:22:42.571+0000] {logging_mixin.py:149} INFO - [2024-06-24T15:22:42.571+0000] {taskmixin.py:211} WARNING - Dependency <Task(EmailOperator): send_email>, prepare_email already registered for DAG: example_dag_decorator
[2024-06-24T15:22:42.574+0000] {processor.py:809} INFO - DAG(s) dict_keys(['example_dag_decorator']) retrieved from /home/airflow/.local/lib/python3.7/site-packages/airflow/example_dags/example_dag_decorator.py
[2024-06-24T15:22:42.602+0000] {logging_mixin.py:149} INFO - [2024-06-24T15:22:42.602+0000] {dag.py:2726} INFO - Sync 1 DAGs
[2024-06-24T15:22:42.611+0000] {logging_mixin.py:149} INFO - [2024-06-24T15:22:42.611+0000] {dag.py:3490} INFO - Setting next_dagrun for example_dag_decorator to None, run_after=None
[2024-06-24T15:22:42.619+0000] {processor.py:178} INFO - Processing /home/airflow/.local/lib/python3.7/site-packages/airflow/example_dags/example_dag_decorator.py took 0.052 seconds
[2024-06-24T15:23:13.224+0000] {processor.py:156} INFO - Started process (PID=2153) to work on /home/airflow/.local/lib/python3.7/site-packages/airflow/example_dags/example_dag_decorator.py
[2024-06-24T15:23:13.224+0000] {processor.py:799} INFO - Processing file /home/airflow/.local/lib/python3.7/site-packages/airflow/example_dags/example_dag_decorator.py for tasks to queue
[2024-06-24T15:23:13.225+0000] {logging_mixin.py:149} INFO - [2024-06-24T15:23:13.225+0000] {dagbag.py:541} INFO - Filling up the DagBag from /home/airflow/.local/lib/python3.7/site-packages/airflow/example_dags/example_dag_decorator.py
[2024-06-24T15:23:13.227+0000] {logging_mixin.py:149} INFO - [2024-06-24T15:23:13.227+0000] {taskmixin.py:211} WARNING - Dependency <Task(_PythonDecoratedOperator): prepare_email>, send_email already registered for DAG: example_dag_decorator
[2024-06-24T15:23:13.227+0000] {logging_mixin.py:149} INFO - [2024-06-24T15:23:13.227+0000] {taskmixin.py:211} WARNING - Dependency <Task(EmailOperator): send_email>, prepare_email already registered for DAG: example_dag_decorator
[2024-06-24T15:23:13.231+0000] {processor.py:809} INFO - DAG(s) dict_keys(['example_dag_decorator']) retrieved from /home/airflow/.local/lib/python3.7/site-packages/airflow/example_dags/example_dag_decorator.py
[2024-06-24T15:23:13.264+0000] {logging_mixin.py:149} INFO - [2024-06-24T15:23:13.264+0000] {dag.py:2726} INFO - Sync 1 DAGs
[2024-06-24T15:23:13.278+0000] {logging_mixin.py:149} INFO - [2024-06-24T15:23:13.278+0000] {dag.py:3490} INFO - Setting next_dagrun for example_dag_decorator to None, run_after=None
[2024-06-24T15:23:13.290+0000] {processor.py:178} INFO - Processing /home/airflow/.local/lib/python3.7/site-packages/airflow/example_dags/example_dag_decorator.py took 0.068 seconds
[2024-06-24T15:23:43.952+0000] {processor.py:156} INFO - Started process (PID=2223) to work on /home/airflow/.local/lib/python3.7/site-packages/airflow/example_dags/example_dag_decorator.py
[2024-06-24T15:23:43.952+0000] {processor.py:799} INFO - Processing file /home/airflow/.local/lib/python3.7/site-packages/airflow/example_dags/example_dag_decorator.py for tasks to queue
[2024-06-24T15:23:43.953+0000] {logging_mixin.py:149} INFO - [2024-06-24T15:23:43.953+0000] {dagbag.py:541} INFO - Filling up the DagBag from /home/airflow/.local/lib/python3.7/site-packages/airflow/example_dags/example_dag_decorator.py
[2024-06-24T15:23:43.955+0000] {logging_mixin.py:149} INFO - [2024-06-24T15:23:43.955+0000] {taskmixin.py:211} WARNING - Dependency <Task(_PythonDecoratedOperator): prepare_email>, send_email already registered for DAG: example_dag_decorator
[2024-06-24T15:23:43.955+0000] {logging_mixin.py:149} INFO - [2024-06-24T15:23:43.955+0000] {taskmixin.py:211} WARNING - Dependency <Task(EmailOperator): send_email>, prepare_email already registered for DAG: example_dag_decorator
[2024-06-24T15:23:43.959+0000] {processor.py:809} INFO - DAG(s) dict_keys(['example_dag_decorator']) retrieved from /home/airflow/.local/lib/python3.7/site-packages/airflow/example_dags/example_dag_decorator.py
[2024-06-24T15:23:43.987+0000] {logging_mixin.py:149} INFO - [2024-06-24T15:23:43.987+0000] {dag.py:2726} INFO - Sync 1 DAGs
[2024-06-24T15:23:43.996+0000] {logging_mixin.py:149} INFO - [2024-06-24T15:23:43.996+0000] {dag.py:3490} INFO - Setting next_dagrun for example_dag_decorator to None, run_after=None
[2024-06-24T15:23:44.004+0000] {processor.py:178} INFO - Processing /home/airflow/.local/lib/python3.7/site-packages/airflow/example_dags/example_dag_decorator.py took 0.053 seconds
[2024-06-24T15:24:14.682+0000] {processor.py:156} INFO - Started process (PID=2291) to work on /home/airflow/.local/lib/python3.7/site-packages/airflow/example_dags/example_dag_decorator.py
[2024-06-24T15:24:14.682+0000] {processor.py:799} INFO - Processing file /home/airflow/.local/lib/python3.7/site-packages/airflow/example_dags/example_dag_decorator.py for tasks to queue
[2024-06-24T15:24:14.682+0000] {logging_mixin.py:149} INFO - [2024-06-24T15:24:14.682+0000] {dagbag.py:541} INFO - Filling up the DagBag from /home/airflow/.local/lib/python3.7/site-packages/airflow/example_dags/example_dag_decorator.py
[2024-06-24T15:24:14.685+0000] {logging_mixin.py:149} INFO - [2024-06-24T15:24:14.685+0000] {taskmixin.py:211} WARNING - Dependency <Task(_PythonDecoratedOperator): prepare_email>, send_email already registered for DAG: example_dag_decorator
[2024-06-24T15:24:14.685+0000] {logging_mixin.py:149} INFO - [2024-06-24T15:24:14.685+0000] {taskmixin.py:211} WARNING - Dependency <Task(EmailOperator): send_email>, prepare_email already registered for DAG: example_dag_decorator
[2024-06-24T15:24:14.689+0000] {processor.py:809} INFO - DAG(s) dict_keys(['example_dag_decorator']) retrieved from /home/airflow/.local/lib/python3.7/site-packages/airflow/example_dags/example_dag_decorator.py
[2024-06-24T15:24:14.716+0000] {logging_mixin.py:149} INFO - [2024-06-24T15:24:14.716+0000] {dag.py:2726} INFO - Sync 1 DAGs
[2024-06-24T15:24:14.726+0000] {logging_mixin.py:149} INFO - [2024-06-24T15:24:14.726+0000] {dag.py:3490} INFO - Setting next_dagrun for example_dag_decorator to None, run_after=None
[2024-06-24T15:24:14.734+0000] {processor.py:178} INFO - Processing /home/airflow/.local/lib/python3.7/site-packages/airflow/example_dags/example_dag_decorator.py took 0.054 seconds
[2024-06-24T15:24:45.242+0000] {processor.py:156} INFO - Started process (PID=2360) to work on /home/airflow/.local/lib/python3.7/site-packages/airflow/example_dags/example_dag_decorator.py
[2024-06-24T15:24:45.243+0000] {processor.py:799} INFO - Processing file /home/airflow/.local/lib/python3.7/site-packages/airflow/example_dags/example_dag_decorator.py for tasks to queue
[2024-06-24T15:24:45.243+0000] {logging_mixin.py:149} INFO - [2024-06-24T15:24:45.243+0000] {dagbag.py:541} INFO - Filling up the DagBag from /home/airflow/.local/lib/python3.7/site-packages/airflow/example_dags/example_dag_decorator.py
[2024-06-24T15:24:45.246+0000] {logging_mixin.py:149} INFO - [2024-06-24T15:24:45.246+0000] {taskmixin.py:211} WARNING - Dependency <Task(_PythonDecoratedOperator): prepare_email>, send_email already registered for DAG: example_dag_decorator
[2024-06-24T15:24:45.246+0000] {logging_mixin.py:149} INFO - [2024-06-24T15:24:45.246+0000] {taskmixin.py:211} WARNING - Dependency <Task(EmailOperator): send_email>, prepare_email already registered for DAG: example_dag_decorator
[2024-06-24T15:24:45.250+0000] {processor.py:809} INFO - DAG(s) dict_keys(['example_dag_decorator']) retrieved from /home/airflow/.local/lib/python3.7/site-packages/airflow/example_dags/example_dag_decorator.py
[2024-06-24T15:24:45.278+0000] {logging_mixin.py:149} INFO - [2024-06-24T15:24:45.278+0000] {dag.py:2726} INFO - Sync 1 DAGs
[2024-06-24T15:24:45.288+0000] {logging_mixin.py:149} INFO - [2024-06-24T15:24:45.288+0000] {dag.py:3490} INFO - Setting next_dagrun for example_dag_decorator to None, run_after=None
[2024-06-24T15:24:45.295+0000] {processor.py:178} INFO - Processing /home/airflow/.local/lib/python3.7/site-packages/airflow/example_dags/example_dag_decorator.py took 0.054 seconds
[2024-06-24T15:25:15.806+0000] {processor.py:156} INFO - Started process (PID=2428) to work on /home/airflow/.local/lib/python3.7/site-packages/airflow/example_dags/example_dag_decorator.py
[2024-06-24T15:25:15.807+0000] {processor.py:799} INFO - Processing file /home/airflow/.local/lib/python3.7/site-packages/airflow/example_dags/example_dag_decorator.py for tasks to queue
[2024-06-24T15:25:15.807+0000] {logging_mixin.py:149} INFO - [2024-06-24T15:25:15.807+0000] {dagbag.py:541} INFO - Filling up the DagBag from /home/airflow/.local/lib/python3.7/site-packages/airflow/example_dags/example_dag_decorator.py
[2024-06-24T15:25:15.810+0000] {logging_mixin.py:149} INFO - [2024-06-24T15:25:15.810+0000] {taskmixin.py:211} WARNING - Dependency <Task(_PythonDecoratedOperator): prepare_email>, send_email already registered for DAG: example_dag_decorator
[2024-06-24T15:25:15.810+0000] {logging_mixin.py:149} INFO - [2024-06-24T15:25:15.810+0000] {taskmixin.py:211} WARNING - Dependency <Task(EmailOperator): send_email>, prepare_email already registered for DAG: example_dag_decorator
[2024-06-24T15:25:15.815+0000] {processor.py:809} INFO - DAG(s) dict_keys(['example_dag_decorator']) retrieved from /home/airflow/.local/lib/python3.7/site-packages/airflow/example_dags/example_dag_decorator.py
[2024-06-24T15:25:15.860+0000] {logging_mixin.py:149} INFO - [2024-06-24T15:25:15.859+0000] {dag.py:2726} INFO - Sync 1 DAGs
[2024-06-24T15:25:15.872+0000] {logging_mixin.py:149} INFO - [2024-06-24T15:25:15.872+0000] {dag.py:3490} INFO - Setting next_dagrun for example_dag_decorator to None, run_after=None
[2024-06-24T15:25:15.883+0000] {processor.py:178} INFO - Processing /home/airflow/.local/lib/python3.7/site-packages/airflow/example_dags/example_dag_decorator.py took 0.078 seconds
[2024-06-24T15:25:46.424+0000] {processor.py:156} INFO - Started process (PID=2503) to work on /home/airflow/.local/lib/python3.7/site-packages/airflow/example_dags/example_dag_decorator.py
[2024-06-24T15:25:46.425+0000] {processor.py:799} INFO - Processing file /home/airflow/.local/lib/python3.7/site-packages/airflow/example_dags/example_dag_decorator.py for tasks to queue
[2024-06-24T15:25:46.425+0000] {logging_mixin.py:149} INFO - [2024-06-24T15:25:46.425+0000] {dagbag.py:541} INFO - Filling up the DagBag from /home/airflow/.local/lib/python3.7/site-packages/airflow/example_dags/example_dag_decorator.py
[2024-06-24T15:25:46.428+0000] {logging_mixin.py:149} INFO - [2024-06-24T15:25:46.428+0000] {taskmixin.py:211} WARNING - Dependency <Task(_PythonDecoratedOperator): prepare_email>, send_email already registered for DAG: example_dag_decorator
[2024-06-24T15:25:46.428+0000] {logging_mixin.py:149} INFO - [2024-06-24T15:25:46.428+0000] {taskmixin.py:211} WARNING - Dependency <Task(EmailOperator): send_email>, prepare_email already registered for DAG: example_dag_decorator
[2024-06-24T15:25:46.431+0000] {processor.py:809} INFO - DAG(s) dict_keys(['example_dag_decorator']) retrieved from /home/airflow/.local/lib/python3.7/site-packages/airflow/example_dags/example_dag_decorator.py
[2024-06-24T15:25:46.461+0000] {logging_mixin.py:149} INFO - [2024-06-24T15:25:46.461+0000] {dag.py:2726} INFO - Sync 1 DAGs
[2024-06-24T15:25:46.472+0000] {logging_mixin.py:149} INFO - [2024-06-24T15:25:46.472+0000] {dag.py:3490} INFO - Setting next_dagrun for example_dag_decorator to None, run_after=None
[2024-06-24T15:25:46.480+0000] {processor.py:178} INFO - Processing /home/airflow/.local/lib/python3.7/site-packages/airflow/example_dags/example_dag_decorator.py took 0.056 seconds
[2024-06-24T15:26:16.979+0000] {processor.py:156} INFO - Started process (PID=2572) to work on /home/airflow/.local/lib/python3.7/site-packages/airflow/example_dags/example_dag_decorator.py
[2024-06-24T15:26:16.980+0000] {processor.py:799} INFO - Processing file /home/airflow/.local/lib/python3.7/site-packages/airflow/example_dags/example_dag_decorator.py for tasks to queue
[2024-06-24T15:26:16.980+0000] {logging_mixin.py:149} INFO - [2024-06-24T15:26:16.980+0000] {dagbag.py:541} INFO - Filling up the DagBag from /home/airflow/.local/lib/python3.7/site-packages/airflow/example_dags/example_dag_decorator.py
[2024-06-24T15:26:16.983+0000] {logging_mixin.py:149} INFO - [2024-06-24T15:26:16.983+0000] {taskmixin.py:211} WARNING - Dependency <Task(_PythonDecoratedOperator): prepare_email>, send_email already registered for DAG: example_dag_decorator
[2024-06-24T15:26:16.983+0000] {logging_mixin.py:149} INFO - [2024-06-24T15:26:16.983+0000] {taskmixin.py:211} WARNING - Dependency <Task(EmailOperator): send_email>, prepare_email already registered for DAG: example_dag_decorator
[2024-06-24T15:26:16.987+0000] {processor.py:809} INFO - DAG(s) dict_keys(['example_dag_decorator']) retrieved from /home/airflow/.local/lib/python3.7/site-packages/airflow/example_dags/example_dag_decorator.py
[2024-06-24T15:26:17.015+0000] {logging_mixin.py:149} INFO - [2024-06-24T15:26:17.015+0000] {dag.py:2726} INFO - Sync 1 DAGs
[2024-06-24T15:26:17.025+0000] {logging_mixin.py:149} INFO - [2024-06-24T15:26:17.025+0000] {dag.py:3490} INFO - Setting next_dagrun for example_dag_decorator to None, run_after=None
[2024-06-24T15:26:17.033+0000] {processor.py:178} INFO - Processing /home/airflow/.local/lib/python3.7/site-packages/airflow/example_dags/example_dag_decorator.py took 0.055 seconds
[2024-06-24T15:26:47.739+0000] {processor.py:156} INFO - Started process (PID=2641) to work on /home/airflow/.local/lib/python3.7/site-packages/airflow/example_dags/example_dag_decorator.py
[2024-06-24T15:26:47.740+0000] {processor.py:799} INFO - Processing file /home/airflow/.local/lib/python3.7/site-packages/airflow/example_dags/example_dag_decorator.py for tasks to queue
[2024-06-24T15:26:47.740+0000] {logging_mixin.py:149} INFO - [2024-06-24T15:26:47.740+0000] {dagbag.py:541} INFO - Filling up the DagBag from /home/airflow/.local/lib/python3.7/site-packages/airflow/example_dags/example_dag_decorator.py
[2024-06-24T15:26:47.745+0000] {logging_mixin.py:149} INFO - [2024-06-24T15:26:47.745+0000] {taskmixin.py:211} WARNING - Dependency <Task(_PythonDecoratedOperator): prepare_email>, send_email already registered for DAG: example_dag_decorator
[2024-06-24T15:26:47.745+0000] {logging_mixin.py:149} INFO - [2024-06-24T15:26:47.745+0000] {taskmixin.py:211} WARNING - Dependency <Task(EmailOperator): send_email>, prepare_email already registered for DAG: example_dag_decorator
[2024-06-24T15:26:47.750+0000] {processor.py:809} INFO - DAG(s) dict_keys(['example_dag_decorator']) retrieved from /home/airflow/.local/lib/python3.7/site-packages/airflow/example_dags/example_dag_decorator.py
[2024-06-24T15:26:47.785+0000] {logging_mixin.py:149} INFO - [2024-06-24T15:26:47.785+0000] {dag.py:2726} INFO - Sync 1 DAGs
[2024-06-24T15:26:47.797+0000] {logging_mixin.py:149} INFO - [2024-06-24T15:26:47.797+0000] {dag.py:3490} INFO - Setting next_dagrun for example_dag_decorator to None, run_after=None
[2024-06-24T15:26:47.807+0000] {processor.py:178} INFO - Processing /home/airflow/.local/lib/python3.7/site-packages/airflow/example_dags/example_dag_decorator.py took 0.069 seconds
[2024-06-24T15:27:18.613+0000] {processor.py:156} INFO - Started process (PID=2710) to work on /home/airflow/.local/lib/python3.7/site-packages/airflow/example_dags/example_dag_decorator.py
[2024-06-24T15:27:18.613+0000] {processor.py:799} INFO - Processing file /home/airflow/.local/lib/python3.7/site-packages/airflow/example_dags/example_dag_decorator.py for tasks to queue
[2024-06-24T15:27:18.613+0000] {logging_mixin.py:149} INFO - [2024-06-24T15:27:18.613+0000] {dagbag.py:541} INFO - Filling up the DagBag from /home/airflow/.local/lib/python3.7/site-packages/airflow/example_dags/example_dag_decorator.py
[2024-06-24T15:27:18.616+0000] {logging_mixin.py:149} INFO - [2024-06-24T15:27:18.616+0000] {taskmixin.py:211} WARNING - Dependency <Task(_PythonDecoratedOperator): prepare_email>, send_email already registered for DAG: example_dag_decorator
[2024-06-24T15:27:18.616+0000] {logging_mixin.py:149} INFO - [2024-06-24T15:27:18.616+0000] {taskmixin.py:211} WARNING - Dependency <Task(EmailOperator): send_email>, prepare_email already registered for DAG: example_dag_decorator
[2024-06-24T15:27:18.620+0000] {processor.py:809} INFO - DAG(s) dict_keys(['example_dag_decorator']) retrieved from /home/airflow/.local/lib/python3.7/site-packages/airflow/example_dags/example_dag_decorator.py
[2024-06-24T15:27:18.650+0000] {logging_mixin.py:149} INFO - [2024-06-24T15:27:18.650+0000] {dag.py:2726} INFO - Sync 1 DAGs
[2024-06-24T15:27:18.660+0000] {logging_mixin.py:149} INFO - [2024-06-24T15:27:18.660+0000] {dag.py:3490} INFO - Setting next_dagrun for example_dag_decorator to None, run_after=None
[2024-06-24T15:27:18.668+0000] {processor.py:178} INFO - Processing /home/airflow/.local/lib/python3.7/site-packages/airflow/example_dags/example_dag_decorator.py took 0.056 seconds
[2024-06-24T15:27:49.432+0000] {processor.py:156} INFO - Started process (PID=2779) to work on /home/airflow/.local/lib/python3.7/site-packages/airflow/example_dags/example_dag_decorator.py
[2024-06-24T15:27:49.432+0000] {processor.py:799} INFO - Processing file /home/airflow/.local/lib/python3.7/site-packages/airflow/example_dags/example_dag_decorator.py for tasks to queue
[2024-06-24T15:27:49.432+0000] {logging_mixin.py:149} INFO - [2024-06-24T15:27:49.432+0000] {dagbag.py:541} INFO - Filling up the DagBag from /home/airflow/.local/lib/python3.7/site-packages/airflow/example_dags/example_dag_decorator.py
[2024-06-24T15:27:49.435+0000] {logging_mixin.py:149} INFO - [2024-06-24T15:27:49.435+0000] {taskmixin.py:211} WARNING - Dependency <Task(_PythonDecoratedOperator): prepare_email>, send_email already registered for DAG: example_dag_decorator
[2024-06-24T15:27:49.435+0000] {logging_mixin.py:149} INFO - [2024-06-24T15:27:49.435+0000] {taskmixin.py:211} WARNING - Dependency <Task(EmailOperator): send_email>, prepare_email already registered for DAG: example_dag_decorator
[2024-06-24T15:27:49.439+0000] {processor.py:809} INFO - DAG(s) dict_keys(['example_dag_decorator']) retrieved from /home/airflow/.local/lib/python3.7/site-packages/airflow/example_dags/example_dag_decorator.py
[2024-06-24T15:27:49.473+0000] {logging_mixin.py:149} INFO - [2024-06-24T15:27:49.473+0000] {dag.py:2726} INFO - Sync 1 DAGs
[2024-06-24T15:27:49.487+0000] {logging_mixin.py:149} INFO - [2024-06-24T15:27:49.487+0000] {dag.py:3490} INFO - Setting next_dagrun for example_dag_decorator to None, run_after=None
[2024-06-24T15:27:49.496+0000] {processor.py:178} INFO - Processing /home/airflow/.local/lib/python3.7/site-packages/airflow/example_dags/example_dag_decorator.py took 0.066 seconds
[2024-06-24T15:28:20.306+0000] {processor.py:156} INFO - Started process (PID=2848) to work on /home/airflow/.local/lib/python3.7/site-packages/airflow/example_dags/example_dag_decorator.py
[2024-06-24T15:28:20.306+0000] {processor.py:799} INFO - Processing file /home/airflow/.local/lib/python3.7/site-packages/airflow/example_dags/example_dag_decorator.py for tasks to queue
[2024-06-24T15:28:20.306+0000] {logging_mixin.py:149} INFO - [2024-06-24T15:28:20.306+0000] {dagbag.py:541} INFO - Filling up the DagBag from /home/airflow/.local/lib/python3.7/site-packages/airflow/example_dags/example_dag_decorator.py
[2024-06-24T15:28:20.309+0000] {logging_mixin.py:149} INFO - [2024-06-24T15:28:20.309+0000] {taskmixin.py:211} WARNING - Dependency <Task(_PythonDecoratedOperator): prepare_email>, send_email already registered for DAG: example_dag_decorator
[2024-06-24T15:28:20.309+0000] {logging_mixin.py:149} INFO - [2024-06-24T15:28:20.309+0000] {taskmixin.py:211} WARNING - Dependency <Task(EmailOperator): send_email>, prepare_email already registered for DAG: example_dag_decorator
[2024-06-24T15:28:20.313+0000] {processor.py:809} INFO - DAG(s) dict_keys(['example_dag_decorator']) retrieved from /home/airflow/.local/lib/python3.7/site-packages/airflow/example_dags/example_dag_decorator.py
[2024-06-24T15:28:20.342+0000] {logging_mixin.py:149} INFO - [2024-06-24T15:28:20.341+0000] {dag.py:2726} INFO - Sync 1 DAGs
[2024-06-24T15:28:20.351+0000] {logging_mixin.py:149} INFO - [2024-06-24T15:28:20.351+0000] {dag.py:3490} INFO - Setting next_dagrun for example_dag_decorator to None, run_after=None
[2024-06-24T15:28:20.359+0000] {processor.py:178} INFO - Processing /home/airflow/.local/lib/python3.7/site-packages/airflow/example_dags/example_dag_decorator.py took 0.055 seconds
[2024-06-24T15:28:51.209+0000] {processor.py:156} INFO - Started process (PID=2917) to work on /home/airflow/.local/lib/python3.7/site-packages/airflow/example_dags/example_dag_decorator.py
[2024-06-24T15:28:51.210+0000] {processor.py:799} INFO - Processing file /home/airflow/.local/lib/python3.7/site-packages/airflow/example_dags/example_dag_decorator.py for tasks to queue
[2024-06-24T15:28:51.210+0000] {logging_mixin.py:149} INFO - [2024-06-24T15:28:51.210+0000] {dagbag.py:541} INFO - Filling up the DagBag from /home/airflow/.local/lib/python3.7/site-packages/airflow/example_dags/example_dag_decorator.py
[2024-06-24T15:28:51.213+0000] {logging_mixin.py:149} INFO - [2024-06-24T15:28:51.213+0000] {taskmixin.py:211} WARNING - Dependency <Task(_PythonDecoratedOperator): prepare_email>, send_email already registered for DAG: example_dag_decorator
[2024-06-24T15:28:51.213+0000] {logging_mixin.py:149} INFO - [2024-06-24T15:28:51.213+0000] {taskmixin.py:211} WARNING - Dependency <Task(EmailOperator): send_email>, prepare_email already registered for DAG: example_dag_decorator
[2024-06-24T15:28:51.217+0000] {processor.py:809} INFO - DAG(s) dict_keys(['example_dag_decorator']) retrieved from /home/airflow/.local/lib/python3.7/site-packages/airflow/example_dags/example_dag_decorator.py
[2024-06-24T15:28:51.245+0000] {logging_mixin.py:149} INFO - [2024-06-24T15:28:51.245+0000] {dag.py:2726} INFO - Sync 1 DAGs
[2024-06-24T15:28:51.254+0000] {logging_mixin.py:149} INFO - [2024-06-24T15:28:51.254+0000] {dag.py:3490} INFO - Setting next_dagrun for example_dag_decorator to None, run_after=None
[2024-06-24T15:28:51.262+0000] {processor.py:178} INFO - Processing /home/airflow/.local/lib/python3.7/site-packages/airflow/example_dags/example_dag_decorator.py took 0.054 seconds
[2024-06-24T15:29:21.844+0000] {processor.py:156} INFO - Started process (PID=2985) to work on /home/airflow/.local/lib/python3.7/site-packages/airflow/example_dags/example_dag_decorator.py
[2024-06-24T15:29:21.844+0000] {processor.py:799} INFO - Processing file /home/airflow/.local/lib/python3.7/site-packages/airflow/example_dags/example_dag_decorator.py for tasks to queue
[2024-06-24T15:29:21.844+0000] {logging_mixin.py:149} INFO - [2024-06-24T15:29:21.844+0000] {dagbag.py:541} INFO - Filling up the DagBag from /home/airflow/.local/lib/python3.7/site-packages/airflow/example_dags/example_dag_decorator.py
[2024-06-24T15:29:21.847+0000] {logging_mixin.py:149} INFO - [2024-06-24T15:29:21.847+0000] {taskmixin.py:211} WARNING - Dependency <Task(_PythonDecoratedOperator): prepare_email>, send_email already registered for DAG: example_dag_decorator
[2024-06-24T15:29:21.848+0000] {logging_mixin.py:149} INFO - [2024-06-24T15:29:21.848+0000] {taskmixin.py:211} WARNING - Dependency <Task(EmailOperator): send_email>, prepare_email already registered for DAG: example_dag_decorator
[2024-06-24T15:29:21.852+0000] {processor.py:809} INFO - DAG(s) dict_keys(['example_dag_decorator']) retrieved from /home/airflow/.local/lib/python3.7/site-packages/airflow/example_dags/example_dag_decorator.py
[2024-06-24T15:29:21.881+0000] {logging_mixin.py:149} INFO - [2024-06-24T15:29:21.881+0000] {dag.py:2726} INFO - Sync 1 DAGs
[2024-06-24T15:29:21.890+0000] {logging_mixin.py:149} INFO - [2024-06-24T15:29:21.890+0000] {dag.py:3490} INFO - Setting next_dagrun for example_dag_decorator to None, run_after=None
[2024-06-24T15:29:21.898+0000] {processor.py:178} INFO - Processing /home/airflow/.local/lib/python3.7/site-packages/airflow/example_dags/example_dag_decorator.py took 0.055 seconds
[2024-06-24T15:29:52.545+0000] {processor.py:156} INFO - Started process (PID=3054) to work on /home/airflow/.local/lib/python3.7/site-packages/airflow/example_dags/example_dag_decorator.py
[2024-06-24T15:29:52.545+0000] {processor.py:799} INFO - Processing file /home/airflow/.local/lib/python3.7/site-packages/airflow/example_dags/example_dag_decorator.py for tasks to queue
[2024-06-24T15:29:52.545+0000] {logging_mixin.py:149} INFO - [2024-06-24T15:29:52.545+0000] {dagbag.py:541} INFO - Filling up the DagBag from /home/airflow/.local/lib/python3.7/site-packages/airflow/example_dags/example_dag_decorator.py
[2024-06-24T15:29:52.548+0000] {logging_mixin.py:149} INFO - [2024-06-24T15:29:52.548+0000] {taskmixin.py:211} WARNING - Dependency <Task(_PythonDecoratedOperator): prepare_email>, send_email already registered for DAG: example_dag_decorator
[2024-06-24T15:29:52.548+0000] {logging_mixin.py:149} INFO - [2024-06-24T15:29:52.548+0000] {taskmixin.py:211} WARNING - Dependency <Task(EmailOperator): send_email>, prepare_email already registered for DAG: example_dag_decorator
[2024-06-24T15:29:52.552+0000] {processor.py:809} INFO - DAG(s) dict_keys(['example_dag_decorator']) retrieved from /home/airflow/.local/lib/python3.7/site-packages/airflow/example_dags/example_dag_decorator.py
[2024-06-24T15:29:52.581+0000] {logging_mixin.py:149} INFO - [2024-06-24T15:29:52.581+0000] {dag.py:2726} INFO - Sync 1 DAGs
[2024-06-24T15:29:52.591+0000] {logging_mixin.py:149} INFO - [2024-06-24T15:29:52.591+0000] {dag.py:3490} INFO - Setting next_dagrun for example_dag_decorator to None, run_after=None
[2024-06-24T15:29:52.598+0000] {processor.py:178} INFO - Processing /home/airflow/.local/lib/python3.7/site-packages/airflow/example_dags/example_dag_decorator.py took 0.055 seconds
[2024-06-24T15:30:23.193+0000] {processor.py:156} INFO - Started process (PID=3122) to work on /home/airflow/.local/lib/python3.7/site-packages/airflow/example_dags/example_dag_decorator.py
[2024-06-24T15:30:23.193+0000] {processor.py:799} INFO - Processing file /home/airflow/.local/lib/python3.7/site-packages/airflow/example_dags/example_dag_decorator.py for tasks to queue
[2024-06-24T15:30:23.193+0000] {logging_mixin.py:149} INFO - [2024-06-24T15:30:23.193+0000] {dagbag.py:541} INFO - Filling up the DagBag from /home/airflow/.local/lib/python3.7/site-packages/airflow/example_dags/example_dag_decorator.py
[2024-06-24T15:30:23.196+0000] {logging_mixin.py:149} INFO - [2024-06-24T15:30:23.196+0000] {taskmixin.py:211} WARNING - Dependency <Task(_PythonDecoratedOperator): prepare_email>, send_email already registered for DAG: example_dag_decorator
[2024-06-24T15:30:23.196+0000] {logging_mixin.py:149} INFO - [2024-06-24T15:30:23.196+0000] {taskmixin.py:211} WARNING - Dependency <Task(EmailOperator): send_email>, prepare_email already registered for DAG: example_dag_decorator
[2024-06-24T15:30:23.199+0000] {processor.py:809} INFO - DAG(s) dict_keys(['example_dag_decorator']) retrieved from /home/airflow/.local/lib/python3.7/site-packages/airflow/example_dags/example_dag_decorator.py
[2024-06-24T15:30:23.230+0000] {logging_mixin.py:149} INFO - [2024-06-24T15:30:23.230+0000] {dag.py:2726} INFO - Sync 1 DAGs
[2024-06-24T15:30:23.239+0000] {logging_mixin.py:149} INFO - [2024-06-24T15:30:23.239+0000] {dag.py:3490} INFO - Setting next_dagrun for example_dag_decorator to None, run_after=None
[2024-06-24T15:30:23.247+0000] {processor.py:178} INFO - Processing /home/airflow/.local/lib/python3.7/site-packages/airflow/example_dags/example_dag_decorator.py took 0.056 seconds
