[2024-06-24T15:03:49.582+0000] {processor.py:156} INFO - Started process (PID=54) to work on /home/airflow/.local/lib/python3.7/site-packages/airflow/example_dags/example_short_circuit_operator.py
[2024-06-24T15:03:49.582+0000] {processor.py:799} INFO - Processing file /home/airflow/.local/lib/python3.7/site-packages/airflow/example_dags/example_short_circuit_operator.py for tasks to queue
[2024-06-24T15:03:49.582+0000] {logging_mixin.py:149} INFO - [2024-06-24T15:03:49.582+0000] {dagbag.py:541} INFO - Filling up the DagBag from /home/airflow/.local/lib/python3.7/site-packages/airflow/example_dags/example_short_circuit_operator.py
[2024-06-24T15:03:49.589+0000] {processor.py:809} INFO - DAG(s) dict_keys(['example_short_circuit_operator']) retrieved from /home/airflow/.local/lib/python3.7/site-packages/airflow/example_dags/example_short_circuit_operator.py
[2024-06-24T15:03:49.649+0000] {logging_mixin.py:149} INFO - [2024-06-24T15:03:49.649+0000] {manager.py:504} INFO - Created Permission View: can delete on DAG:example_short_circuit_operator
[2024-06-24T15:03:49.654+0000] {logging_mixin.py:149} INFO - [2024-06-24T15:03:49.654+0000] {manager.py:504} INFO - Created Permission View: can edit on DAG:example_short_circuit_operator
[2024-06-24T15:03:49.657+0000] {logging_mixin.py:149} INFO - [2024-06-24T15:03:49.657+0000] {manager.py:504} INFO - Created Permission View: can read on DAG:example_short_circuit_operator
[2024-06-24T15:03:49.657+0000] {logging_mixin.py:149} INFO - [2024-06-24T15:03:49.657+0000] {dag.py:2726} INFO - Sync 1 DAGs
[2024-06-24T15:03:49.664+0000] {logging_mixin.py:149} INFO - [2024-06-24T15:03:49.664+0000] {dag.py:2747} INFO - Creating ORM DAG for example_short_circuit_operator
[2024-06-24T15:03:49.670+0000] {logging_mixin.py:149} INFO - [2024-06-24T15:03:49.670+0000] {dag.py:3490} INFO - Setting next_dagrun for example_short_circuit_operator to 2024-06-23T15:03:49.670056+00:00, run_after=2024-06-24T15:03:49.670056+00:00
[2024-06-24T15:03:49.679+0000] {processor.py:178} INFO - Processing /home/airflow/.local/lib/python3.7/site-packages/airflow/example_dags/example_short_circuit_operator.py took 0.099 seconds
[2024-06-24T15:04:19.810+0000] {processor.py:156} INFO - Started process (PID=123) to work on /home/airflow/.local/lib/python3.7/site-packages/airflow/example_dags/example_short_circuit_operator.py
[2024-06-24T15:04:19.810+0000] {processor.py:799} INFO - Processing file /home/airflow/.local/lib/python3.7/site-packages/airflow/example_dags/example_short_circuit_operator.py for tasks to queue
[2024-06-24T15:04:19.810+0000] {logging_mixin.py:149} INFO - [2024-06-24T15:04:19.810+0000] {dagbag.py:541} INFO - Filling up the DagBag from /home/airflow/.local/lib/python3.7/site-packages/airflow/example_dags/example_short_circuit_operator.py
[2024-06-24T15:04:19.813+0000] {processor.py:809} INFO - DAG(s) dict_keys(['example_short_circuit_operator']) retrieved from /home/airflow/.local/lib/python3.7/site-packages/airflow/example_dags/example_short_circuit_operator.py
[2024-06-24T15:04:19.823+0000] {logging_mixin.py:149} INFO - [2024-06-24T15:04:19.823+0000] {dag.py:2726} INFO - Sync 1 DAGs
[2024-06-24T15:04:19.833+0000] {logging_mixin.py:149} INFO - [2024-06-24T15:04:19.833+0000] {dag.py:3490} INFO - Setting next_dagrun for example_short_circuit_operator to 2024-06-23T15:04:19.833173+00:00, run_after=2024-06-24T15:04:19.833173+00:00
[2024-06-24T15:04:19.839+0000] {processor.py:178} INFO - Processing /home/airflow/.local/lib/python3.7/site-packages/airflow/example_dags/example_short_circuit_operator.py took 0.030 seconds
[2024-06-24T15:04:50.470+0000] {processor.py:156} INFO - Started process (PID=191) to work on /home/airflow/.local/lib/python3.7/site-packages/airflow/example_dags/example_short_circuit_operator.py
[2024-06-24T15:04:50.471+0000] {processor.py:799} INFO - Processing file /home/airflow/.local/lib/python3.7/site-packages/airflow/example_dags/example_short_circuit_operator.py for tasks to queue
[2024-06-24T15:04:50.471+0000] {logging_mixin.py:149} INFO - [2024-06-24T15:04:50.471+0000] {dagbag.py:541} INFO - Filling up the DagBag from /home/airflow/.local/lib/python3.7/site-packages/airflow/example_dags/example_short_circuit_operator.py
[2024-06-24T15:04:50.474+0000] {processor.py:809} INFO - DAG(s) dict_keys(['example_short_circuit_operator']) retrieved from /home/airflow/.local/lib/python3.7/site-packages/airflow/example_dags/example_short_circuit_operator.py
[2024-06-24T15:04:50.485+0000] {logging_mixin.py:149} INFO - [2024-06-24T15:04:50.485+0000] {dag.py:2726} INFO - Sync 1 DAGs
[2024-06-24T15:04:50.496+0000] {logging_mixin.py:149} INFO - [2024-06-24T15:04:50.496+0000] {dag.py:3490} INFO - Setting next_dagrun for example_short_circuit_operator to 2024-06-23T15:04:50.496809+00:00, run_after=2024-06-24T15:04:50.496809+00:00
[2024-06-24T15:04:50.504+0000] {processor.py:178} INFO - Processing /home/airflow/.local/lib/python3.7/site-packages/airflow/example_dags/example_short_circuit_operator.py took 0.034 seconds
[2024-06-24T15:05:21.025+0000] {processor.py:156} INFO - Started process (PID=260) to work on /home/airflow/.local/lib/python3.7/site-packages/airflow/example_dags/example_short_circuit_operator.py
[2024-06-24T15:05:21.025+0000] {processor.py:799} INFO - Processing file /home/airflow/.local/lib/python3.7/site-packages/airflow/example_dags/example_short_circuit_operator.py for tasks to queue
[2024-06-24T15:05:21.026+0000] {logging_mixin.py:149} INFO - [2024-06-24T15:05:21.026+0000] {dagbag.py:541} INFO - Filling up the DagBag from /home/airflow/.local/lib/python3.7/site-packages/airflow/example_dags/example_short_circuit_operator.py
[2024-06-24T15:05:21.029+0000] {processor.py:809} INFO - DAG(s) dict_keys(['example_short_circuit_operator']) retrieved from /home/airflow/.local/lib/python3.7/site-packages/airflow/example_dags/example_short_circuit_operator.py
[2024-06-24T15:05:21.040+0000] {logging_mixin.py:149} INFO - [2024-06-24T15:05:21.040+0000] {dag.py:2726} INFO - Sync 1 DAGs
[2024-06-24T15:05:21.050+0000] {logging_mixin.py:149} INFO - [2024-06-24T15:05:21.050+0000] {dag.py:3490} INFO - Setting next_dagrun for example_short_circuit_operator to 2024-06-23T15:05:21.050662+00:00, run_after=2024-06-24T15:05:21.050662+00:00
[2024-06-24T15:05:21.057+0000] {processor.py:178} INFO - Processing /home/airflow/.local/lib/python3.7/site-packages/airflow/example_dags/example_short_circuit_operator.py took 0.034 seconds
[2024-06-24T15:05:51.651+0000] {processor.py:156} INFO - Started process (PID=329) to work on /home/airflow/.local/lib/python3.7/site-packages/airflow/example_dags/example_short_circuit_operator.py
[2024-06-24T15:05:51.651+0000] {processor.py:799} INFO - Processing file /home/airflow/.local/lib/python3.7/site-packages/airflow/example_dags/example_short_circuit_operator.py for tasks to queue
[2024-06-24T15:05:51.651+0000] {logging_mixin.py:149} INFO - [2024-06-24T15:05:51.651+0000] {dagbag.py:541} INFO - Filling up the DagBag from /home/airflow/.local/lib/python3.7/site-packages/airflow/example_dags/example_short_circuit_operator.py
[2024-06-24T15:05:51.654+0000] {processor.py:809} INFO - DAG(s) dict_keys(['example_short_circuit_operator']) retrieved from /home/airflow/.local/lib/python3.7/site-packages/airflow/example_dags/example_short_circuit_operator.py
[2024-06-24T15:05:51.665+0000] {logging_mixin.py:149} INFO - [2024-06-24T15:05:51.665+0000] {dag.py:2726} INFO - Sync 1 DAGs
[2024-06-24T15:05:51.675+0000] {logging_mixin.py:149} INFO - [2024-06-24T15:05:51.675+0000] {dag.py:3490} INFO - Setting next_dagrun for example_short_circuit_operator to 2024-06-23T15:05:51.674997+00:00, run_after=2024-06-24T15:05:51.674997+00:00
[2024-06-24T15:05:51.681+0000] {processor.py:178} INFO - Processing /home/airflow/.local/lib/python3.7/site-packages/airflow/example_dags/example_short_circuit_operator.py took 0.032 seconds
[2024-06-24T15:06:22.308+0000] {processor.py:156} INFO - Started process (PID=397) to work on /home/airflow/.local/lib/python3.7/site-packages/airflow/example_dags/example_short_circuit_operator.py
[2024-06-24T15:06:22.308+0000] {processor.py:799} INFO - Processing file /home/airflow/.local/lib/python3.7/site-packages/airflow/example_dags/example_short_circuit_operator.py for tasks to queue
[2024-06-24T15:06:22.308+0000] {logging_mixin.py:149} INFO - [2024-06-24T15:06:22.308+0000] {dagbag.py:541} INFO - Filling up the DagBag from /home/airflow/.local/lib/python3.7/site-packages/airflow/example_dags/example_short_circuit_operator.py
[2024-06-24T15:06:22.312+0000] {processor.py:809} INFO - DAG(s) dict_keys(['example_short_circuit_operator']) retrieved from /home/airflow/.local/lib/python3.7/site-packages/airflow/example_dags/example_short_circuit_operator.py
[2024-06-24T15:06:22.323+0000] {logging_mixin.py:149} INFO - [2024-06-24T15:06:22.323+0000] {dag.py:2726} INFO - Sync 1 DAGs
[2024-06-24T15:06:22.333+0000] {logging_mixin.py:149} INFO - [2024-06-24T15:06:22.333+0000] {dag.py:3490} INFO - Setting next_dagrun for example_short_circuit_operator to 2024-06-23T15:06:22.333765+00:00, run_after=2024-06-24T15:06:22.333765+00:00
[2024-06-24T15:06:22.340+0000] {processor.py:178} INFO - Processing /home/airflow/.local/lib/python3.7/site-packages/airflow/example_dags/example_short_circuit_operator.py took 0.034 seconds
[2024-06-24T15:06:52.929+0000] {processor.py:156} INFO - Started process (PID=466) to work on /home/airflow/.local/lib/python3.7/site-packages/airflow/example_dags/example_short_circuit_operator.py
[2024-06-24T15:06:52.929+0000] {processor.py:799} INFO - Processing file /home/airflow/.local/lib/python3.7/site-packages/airflow/example_dags/example_short_circuit_operator.py for tasks to queue
[2024-06-24T15:06:52.929+0000] {logging_mixin.py:149} INFO - [2024-06-24T15:06:52.929+0000] {dagbag.py:541} INFO - Filling up the DagBag from /home/airflow/.local/lib/python3.7/site-packages/airflow/example_dags/example_short_circuit_operator.py
[2024-06-24T15:06:52.933+0000] {processor.py:809} INFO - DAG(s) dict_keys(['example_short_circuit_operator']) retrieved from /home/airflow/.local/lib/python3.7/site-packages/airflow/example_dags/example_short_circuit_operator.py
[2024-06-24T15:06:52.946+0000] {logging_mixin.py:149} INFO - [2024-06-24T15:06:52.946+0000] {dag.py:2726} INFO - Sync 1 DAGs
[2024-06-24T15:06:52.957+0000] {logging_mixin.py:149} INFO - [2024-06-24T15:06:52.957+0000] {dag.py:3490} INFO - Setting next_dagrun for example_short_circuit_operator to 2024-06-23T15:06:52.957330+00:00, run_after=2024-06-24T15:06:52.957330+00:00
[2024-06-24T15:06:52.965+0000] {processor.py:178} INFO - Processing /home/airflow/.local/lib/python3.7/site-packages/airflow/example_dags/example_short_circuit_operator.py took 0.037 seconds
[2024-06-24T15:07:53.307+0000] {processor.py:156} INFO - Started process (PID=54) to work on /home/airflow/.local/lib/python3.7/site-packages/airflow/example_dags/example_short_circuit_operator.py
[2024-06-24T15:07:53.308+0000] {processor.py:799} INFO - Processing file /home/airflow/.local/lib/python3.7/site-packages/airflow/example_dags/example_short_circuit_operator.py for tasks to queue
[2024-06-24T15:07:53.308+0000] {logging_mixin.py:149} INFO - [2024-06-24T15:07:53.308+0000] {dagbag.py:541} INFO - Filling up the DagBag from /home/airflow/.local/lib/python3.7/site-packages/airflow/example_dags/example_short_circuit_operator.py
[2024-06-24T15:07:53.313+0000] {processor.py:809} INFO - DAG(s) dict_keys(['example_short_circuit_operator']) retrieved from /home/airflow/.local/lib/python3.7/site-packages/airflow/example_dags/example_short_circuit_operator.py
[2024-06-24T15:07:53.319+0000] {logging_mixin.py:149} INFO - [2024-06-24T15:07:53.319+0000] {dag.py:2726} INFO - Sync 1 DAGs
[2024-06-24T15:07:53.332+0000] {logging_mixin.py:149} INFO - [2024-06-24T15:07:53.332+0000] {dag.py:3490} INFO - Setting next_dagrun for example_short_circuit_operator to 2024-06-23T15:07:53.332067+00:00, run_after=2024-06-24T15:07:53.332067+00:00
[2024-06-24T15:07:53.341+0000] {processor.py:178} INFO - Processing /home/airflow/.local/lib/python3.7/site-packages/airflow/example_dags/example_short_circuit_operator.py took 0.035 seconds
[2024-06-24T15:08:23.638+0000] {processor.py:156} INFO - Started process (PID=118) to work on /home/airflow/.local/lib/python3.7/site-packages/airflow/example_dags/example_short_circuit_operator.py
[2024-06-24T15:08:23.639+0000] {processor.py:799} INFO - Processing file /home/airflow/.local/lib/python3.7/site-packages/airflow/example_dags/example_short_circuit_operator.py for tasks to queue
[2024-06-24T15:08:23.639+0000] {logging_mixin.py:149} INFO - [2024-06-24T15:08:23.639+0000] {dagbag.py:541} INFO - Filling up the DagBag from /home/airflow/.local/lib/python3.7/site-packages/airflow/example_dags/example_short_circuit_operator.py
[2024-06-24T15:08:23.643+0000] {processor.py:809} INFO - DAG(s) dict_keys(['example_short_circuit_operator']) retrieved from /home/airflow/.local/lib/python3.7/site-packages/airflow/example_dags/example_short_circuit_operator.py
[2024-06-24T15:08:23.653+0000] {logging_mixin.py:149} INFO - [2024-06-24T15:08:23.653+0000] {dag.py:2726} INFO - Sync 1 DAGs
[2024-06-24T15:08:23.664+0000] {logging_mixin.py:149} INFO - [2024-06-24T15:08:23.664+0000] {dag.py:3490} INFO - Setting next_dagrun for example_short_circuit_operator to 2024-06-23T15:08:23.664530+00:00, run_after=2024-06-24T15:08:23.664530+00:00
[2024-06-24T15:08:23.671+0000] {processor.py:178} INFO - Processing /home/airflow/.local/lib/python3.7/site-packages/airflow/example_dags/example_short_circuit_operator.py took 0.034 seconds
[2024-06-24T15:08:54.399+0000] {processor.py:156} INFO - Started process (PID=196) to work on /home/airflow/.local/lib/python3.7/site-packages/airflow/example_dags/example_short_circuit_operator.py
[2024-06-24T15:08:54.400+0000] {processor.py:799} INFO - Processing file /home/airflow/.local/lib/python3.7/site-packages/airflow/example_dags/example_short_circuit_operator.py for tasks to queue
[2024-06-24T15:08:54.400+0000] {logging_mixin.py:149} INFO - [2024-06-24T15:08:54.400+0000] {dagbag.py:541} INFO - Filling up the DagBag from /home/airflow/.local/lib/python3.7/site-packages/airflow/example_dags/example_short_circuit_operator.py
[2024-06-24T15:08:54.404+0000] {processor.py:809} INFO - DAG(s) dict_keys(['example_short_circuit_operator']) retrieved from /home/airflow/.local/lib/python3.7/site-packages/airflow/example_dags/example_short_circuit_operator.py
[2024-06-24T15:08:54.414+0000] {logging_mixin.py:149} INFO - [2024-06-24T15:08:54.414+0000] {dag.py:2726} INFO - Sync 1 DAGs
[2024-06-24T15:08:54.424+0000] {logging_mixin.py:149} INFO - [2024-06-24T15:08:54.424+0000] {dag.py:3490} INFO - Setting next_dagrun for example_short_circuit_operator to 2024-06-23T15:08:54.424579+00:00, run_after=2024-06-24T15:08:54.424579+00:00
[2024-06-24T15:08:54.432+0000] {processor.py:178} INFO - Processing /home/airflow/.local/lib/python3.7/site-packages/airflow/example_dags/example_short_circuit_operator.py took 0.034 seconds
[2024-06-24T15:09:25.184+0000] {processor.py:156} INFO - Started process (PID=265) to work on /home/airflow/.local/lib/python3.7/site-packages/airflow/example_dags/example_short_circuit_operator.py
[2024-06-24T15:09:25.184+0000] {processor.py:799} INFO - Processing file /home/airflow/.local/lib/python3.7/site-packages/airflow/example_dags/example_short_circuit_operator.py for tasks to queue
[2024-06-24T15:09:25.185+0000] {logging_mixin.py:149} INFO - [2024-06-24T15:09:25.185+0000] {dagbag.py:541} INFO - Filling up the DagBag from /home/airflow/.local/lib/python3.7/site-packages/airflow/example_dags/example_short_circuit_operator.py
[2024-06-24T15:09:25.188+0000] {processor.py:809} INFO - DAG(s) dict_keys(['example_short_circuit_operator']) retrieved from /home/airflow/.local/lib/python3.7/site-packages/airflow/example_dags/example_short_circuit_operator.py
[2024-06-24T15:09:25.198+0000] {logging_mixin.py:149} INFO - [2024-06-24T15:09:25.198+0000] {dag.py:2726} INFO - Sync 1 DAGs
[2024-06-24T15:09:25.208+0000] {logging_mixin.py:149} INFO - [2024-06-24T15:09:25.208+0000] {dag.py:3490} INFO - Setting next_dagrun for example_short_circuit_operator to 2024-06-23T15:09:25.208527+00:00, run_after=2024-06-24T15:09:25.208527+00:00
[2024-06-24T15:09:25.215+0000] {processor.py:178} INFO - Processing /home/airflow/.local/lib/python3.7/site-packages/airflow/example_dags/example_short_circuit_operator.py took 0.033 seconds
[2024-06-24T15:09:55.797+0000] {processor.py:156} INFO - Started process (PID=334) to work on /home/airflow/.local/lib/python3.7/site-packages/airflow/example_dags/example_short_circuit_operator.py
[2024-06-24T15:09:55.797+0000] {processor.py:799} INFO - Processing file /home/airflow/.local/lib/python3.7/site-packages/airflow/example_dags/example_short_circuit_operator.py for tasks to queue
[2024-06-24T15:09:55.797+0000] {logging_mixin.py:149} INFO - [2024-06-24T15:09:55.797+0000] {dagbag.py:541} INFO - Filling up the DagBag from /home/airflow/.local/lib/python3.7/site-packages/airflow/example_dags/example_short_circuit_operator.py
[2024-06-24T15:09:55.800+0000] {processor.py:809} INFO - DAG(s) dict_keys(['example_short_circuit_operator']) retrieved from /home/airflow/.local/lib/python3.7/site-packages/airflow/example_dags/example_short_circuit_operator.py
[2024-06-24T15:09:55.811+0000] {logging_mixin.py:149} INFO - [2024-06-24T15:09:55.810+0000] {dag.py:2726} INFO - Sync 1 DAGs
[2024-06-24T15:09:55.821+0000] {logging_mixin.py:149} INFO - [2024-06-24T15:09:55.821+0000] {dag.py:3490} INFO - Setting next_dagrun for example_short_circuit_operator to 2024-06-23T15:09:55.820962+00:00, run_after=2024-06-24T15:09:55.820962+00:00
[2024-06-24T15:09:55.828+0000] {processor.py:178} INFO - Processing /home/airflow/.local/lib/python3.7/site-packages/airflow/example_dags/example_short_circuit_operator.py took 0.032 seconds
[2024-06-24T15:10:26.465+0000] {processor.py:156} INFO - Started process (PID=403) to work on /home/airflow/.local/lib/python3.7/site-packages/airflow/example_dags/example_short_circuit_operator.py
[2024-06-24T15:10:26.465+0000] {processor.py:799} INFO - Processing file /home/airflow/.local/lib/python3.7/site-packages/airflow/example_dags/example_short_circuit_operator.py for tasks to queue
[2024-06-24T15:10:26.466+0000] {logging_mixin.py:149} INFO - [2024-06-24T15:10:26.466+0000] {dagbag.py:541} INFO - Filling up the DagBag from /home/airflow/.local/lib/python3.7/site-packages/airflow/example_dags/example_short_circuit_operator.py
[2024-06-24T15:10:26.469+0000] {processor.py:809} INFO - DAG(s) dict_keys(['example_short_circuit_operator']) retrieved from /home/airflow/.local/lib/python3.7/site-packages/airflow/example_dags/example_short_circuit_operator.py
[2024-06-24T15:10:26.480+0000] {logging_mixin.py:149} INFO - [2024-06-24T15:10:26.480+0000] {dag.py:2726} INFO - Sync 1 DAGs
[2024-06-24T15:10:26.491+0000] {logging_mixin.py:149} INFO - [2024-06-24T15:10:26.491+0000] {dag.py:3490} INFO - Setting next_dagrun for example_short_circuit_operator to 2024-06-23T15:10:26.491533+00:00, run_after=2024-06-24T15:10:26.491533+00:00
[2024-06-24T15:10:26.498+0000] {processor.py:178} INFO - Processing /home/airflow/.local/lib/python3.7/site-packages/airflow/example_dags/example_short_circuit_operator.py took 0.034 seconds
[2024-06-24T15:10:57.194+0000] {processor.py:156} INFO - Started process (PID=472) to work on /home/airflow/.local/lib/python3.7/site-packages/airflow/example_dags/example_short_circuit_operator.py
[2024-06-24T15:10:57.195+0000] {processor.py:799} INFO - Processing file /home/airflow/.local/lib/python3.7/site-packages/airflow/example_dags/example_short_circuit_operator.py for tasks to queue
[2024-06-24T15:10:57.195+0000] {logging_mixin.py:149} INFO - [2024-06-24T15:10:57.195+0000] {dagbag.py:541} INFO - Filling up the DagBag from /home/airflow/.local/lib/python3.7/site-packages/airflow/example_dags/example_short_circuit_operator.py
[2024-06-24T15:10:57.198+0000] {processor.py:809} INFO - DAG(s) dict_keys(['example_short_circuit_operator']) retrieved from /home/airflow/.local/lib/python3.7/site-packages/airflow/example_dags/example_short_circuit_operator.py
[2024-06-24T15:10:57.209+0000] {logging_mixin.py:149} INFO - [2024-06-24T15:10:57.209+0000] {dag.py:2726} INFO - Sync 1 DAGs
[2024-06-24T15:10:57.220+0000] {logging_mixin.py:149} INFO - [2024-06-24T15:10:57.220+0000] {dag.py:3490} INFO - Setting next_dagrun for example_short_circuit_operator to 2024-06-23T15:10:57.220060+00:00, run_after=2024-06-24T15:10:57.220060+00:00
[2024-06-24T15:10:57.227+0000] {processor.py:178} INFO - Processing /home/airflow/.local/lib/python3.7/site-packages/airflow/example_dags/example_short_circuit_operator.py took 0.034 seconds
[2024-06-24T15:11:27.944+0000] {processor.py:156} INFO - Started process (PID=541) to work on /home/airflow/.local/lib/python3.7/site-packages/airflow/example_dags/example_short_circuit_operator.py
[2024-06-24T15:11:27.945+0000] {processor.py:799} INFO - Processing file /home/airflow/.local/lib/python3.7/site-packages/airflow/example_dags/example_short_circuit_operator.py for tasks to queue
[2024-06-24T15:11:27.945+0000] {logging_mixin.py:149} INFO - [2024-06-24T15:11:27.945+0000] {dagbag.py:541} INFO - Filling up the DagBag from /home/airflow/.local/lib/python3.7/site-packages/airflow/example_dags/example_short_circuit_operator.py
[2024-06-24T15:11:27.948+0000] {processor.py:809} INFO - DAG(s) dict_keys(['example_short_circuit_operator']) retrieved from /home/airflow/.local/lib/python3.7/site-packages/airflow/example_dags/example_short_circuit_operator.py
[2024-06-24T15:11:27.959+0000] {logging_mixin.py:149} INFO - [2024-06-24T15:11:27.959+0000] {dag.py:2726} INFO - Sync 1 DAGs
[2024-06-24T15:11:27.969+0000] {logging_mixin.py:149} INFO - [2024-06-24T15:11:27.969+0000] {dag.py:3490} INFO - Setting next_dagrun for example_short_circuit_operator to 2024-06-23T15:11:27.969106+00:00, run_after=2024-06-24T15:11:27.969106+00:00
[2024-06-24T15:11:27.976+0000] {processor.py:178} INFO - Processing /home/airflow/.local/lib/python3.7/site-packages/airflow/example_dags/example_short_circuit_operator.py took 0.033 seconds
[2024-06-24T15:11:58.673+0000] {processor.py:156} INFO - Started process (PID=610) to work on /home/airflow/.local/lib/python3.7/site-packages/airflow/example_dags/example_short_circuit_operator.py
[2024-06-24T15:11:58.674+0000] {processor.py:799} INFO - Processing file /home/airflow/.local/lib/python3.7/site-packages/airflow/example_dags/example_short_circuit_operator.py for tasks to queue
[2024-06-24T15:11:58.674+0000] {logging_mixin.py:149} INFO - [2024-06-24T15:11:58.674+0000] {dagbag.py:541} INFO - Filling up the DagBag from /home/airflow/.local/lib/python3.7/site-packages/airflow/example_dags/example_short_circuit_operator.py
[2024-06-24T15:11:58.677+0000] {processor.py:809} INFO - DAG(s) dict_keys(['example_short_circuit_operator']) retrieved from /home/airflow/.local/lib/python3.7/site-packages/airflow/example_dags/example_short_circuit_operator.py
[2024-06-24T15:11:58.687+0000] {logging_mixin.py:149} INFO - [2024-06-24T15:11:58.687+0000] {dag.py:2726} INFO - Sync 1 DAGs
[2024-06-24T15:11:58.701+0000] {logging_mixin.py:149} INFO - [2024-06-24T15:11:58.701+0000] {dag.py:3490} INFO - Setting next_dagrun for example_short_circuit_operator to 2024-06-23T15:11:58.701307+00:00, run_after=2024-06-24T15:11:58.701307+00:00
[2024-06-24T15:11:58.709+0000] {processor.py:178} INFO - Processing /home/airflow/.local/lib/python3.7/site-packages/airflow/example_dags/example_short_circuit_operator.py took 0.036 seconds
[2024-06-24T15:12:29.390+0000] {processor.py:156} INFO - Started process (PID=679) to work on /home/airflow/.local/lib/python3.7/site-packages/airflow/example_dags/example_short_circuit_operator.py
[2024-06-24T15:12:29.390+0000] {processor.py:799} INFO - Processing file /home/airflow/.local/lib/python3.7/site-packages/airflow/example_dags/example_short_circuit_operator.py for tasks to queue
[2024-06-24T15:12:29.391+0000] {logging_mixin.py:149} INFO - [2024-06-24T15:12:29.391+0000] {dagbag.py:541} INFO - Filling up the DagBag from /home/airflow/.local/lib/python3.7/site-packages/airflow/example_dags/example_short_circuit_operator.py
[2024-06-24T15:12:29.394+0000] {processor.py:809} INFO - DAG(s) dict_keys(['example_short_circuit_operator']) retrieved from /home/airflow/.local/lib/python3.7/site-packages/airflow/example_dags/example_short_circuit_operator.py
[2024-06-24T15:12:29.405+0000] {logging_mixin.py:149} INFO - [2024-06-24T15:12:29.405+0000] {dag.py:2726} INFO - Sync 1 DAGs
[2024-06-24T15:12:29.417+0000] {logging_mixin.py:149} INFO - [2024-06-24T15:12:29.416+0000] {dag.py:3490} INFO - Setting next_dagrun for example_short_circuit_operator to 2024-06-23T15:12:29.416890+00:00, run_after=2024-06-24T15:12:29.416890+00:00
[2024-06-24T15:12:29.424+0000] {processor.py:178} INFO - Processing /home/airflow/.local/lib/python3.7/site-packages/airflow/example_dags/example_short_circuit_operator.py took 0.035 seconds
[2024-06-24T15:13:00.046+0000] {processor.py:156} INFO - Started process (PID=748) to work on /home/airflow/.local/lib/python3.7/site-packages/airflow/example_dags/example_short_circuit_operator.py
[2024-06-24T15:13:00.046+0000] {processor.py:799} INFO - Processing file /home/airflow/.local/lib/python3.7/site-packages/airflow/example_dags/example_short_circuit_operator.py for tasks to queue
[2024-06-24T15:13:00.046+0000] {logging_mixin.py:149} INFO - [2024-06-24T15:13:00.046+0000] {dagbag.py:541} INFO - Filling up the DagBag from /home/airflow/.local/lib/python3.7/site-packages/airflow/example_dags/example_short_circuit_operator.py
[2024-06-24T15:13:00.050+0000] {processor.py:809} INFO - DAG(s) dict_keys(['example_short_circuit_operator']) retrieved from /home/airflow/.local/lib/python3.7/site-packages/airflow/example_dags/example_short_circuit_operator.py
[2024-06-24T15:13:00.061+0000] {logging_mixin.py:149} INFO - [2024-06-24T15:13:00.061+0000] {dag.py:2726} INFO - Sync 1 DAGs
[2024-06-24T15:13:00.072+0000] {logging_mixin.py:149} INFO - [2024-06-24T15:13:00.072+0000] {dag.py:3490} INFO - Setting next_dagrun for example_short_circuit_operator to 2024-06-23T15:13:00.072058+00:00, run_after=2024-06-24T15:13:00.072058+00:00
[2024-06-24T15:13:00.079+0000] {processor.py:178} INFO - Processing /home/airflow/.local/lib/python3.7/site-packages/airflow/example_dags/example_short_circuit_operator.py took 0.034 seconds
[2024-06-24T15:13:30.760+0000] {processor.py:156} INFO - Started process (PID=817) to work on /home/airflow/.local/lib/python3.7/site-packages/airflow/example_dags/example_short_circuit_operator.py
[2024-06-24T15:13:30.760+0000] {processor.py:799} INFO - Processing file /home/airflow/.local/lib/python3.7/site-packages/airflow/example_dags/example_short_circuit_operator.py for tasks to queue
[2024-06-24T15:13:30.760+0000] {logging_mixin.py:149} INFO - [2024-06-24T15:13:30.760+0000] {dagbag.py:541} INFO - Filling up the DagBag from /home/airflow/.local/lib/python3.7/site-packages/airflow/example_dags/example_short_circuit_operator.py
[2024-06-24T15:13:30.764+0000] {processor.py:809} INFO - DAG(s) dict_keys(['example_short_circuit_operator']) retrieved from /home/airflow/.local/lib/python3.7/site-packages/airflow/example_dags/example_short_circuit_operator.py
[2024-06-24T15:13:30.773+0000] {logging_mixin.py:149} INFO - [2024-06-24T15:13:30.773+0000] {dag.py:2726} INFO - Sync 1 DAGs
[2024-06-24T15:13:30.782+0000] {logging_mixin.py:149} INFO - [2024-06-24T15:13:30.782+0000] {dag.py:3490} INFO - Setting next_dagrun for example_short_circuit_operator to 2024-06-23T15:13:30.782618+00:00, run_after=2024-06-24T15:13:30.782618+00:00
[2024-06-24T15:13:30.788+0000] {processor.py:178} INFO - Processing /home/airflow/.local/lib/python3.7/site-packages/airflow/example_dags/example_short_circuit_operator.py took 0.030 seconds
[2024-06-24T15:14:01.320+0000] {processor.py:156} INFO - Started process (PID=886) to work on /home/airflow/.local/lib/python3.7/site-packages/airflow/example_dags/example_short_circuit_operator.py
[2024-06-24T15:14:01.322+0000] {processor.py:799} INFO - Processing file /home/airflow/.local/lib/python3.7/site-packages/airflow/example_dags/example_short_circuit_operator.py for tasks to queue
[2024-06-24T15:14:01.322+0000] {logging_mixin.py:149} INFO - [2024-06-24T15:14:01.322+0000] {dagbag.py:541} INFO - Filling up the DagBag from /home/airflow/.local/lib/python3.7/site-packages/airflow/example_dags/example_short_circuit_operator.py
[2024-06-24T15:14:01.325+0000] {processor.py:809} INFO - DAG(s) dict_keys(['example_short_circuit_operator']) retrieved from /home/airflow/.local/lib/python3.7/site-packages/airflow/example_dags/example_short_circuit_operator.py
[2024-06-24T15:14:01.336+0000] {logging_mixin.py:149} INFO - [2024-06-24T15:14:01.336+0000] {dag.py:2726} INFO - Sync 1 DAGs
[2024-06-24T15:14:01.348+0000] {logging_mixin.py:149} INFO - [2024-06-24T15:14:01.348+0000] {dag.py:3490} INFO - Setting next_dagrun for example_short_circuit_operator to 2024-06-23T15:14:01.348493+00:00, run_after=2024-06-24T15:14:01.348493+00:00
[2024-06-24T15:14:01.356+0000] {processor.py:178} INFO - Processing /home/airflow/.local/lib/python3.7/site-packages/airflow/example_dags/example_short_circuit_operator.py took 0.038 seconds
[2024-06-24T15:14:31.811+0000] {processor.py:156} INFO - Started process (PID=955) to work on /home/airflow/.local/lib/python3.7/site-packages/airflow/example_dags/example_short_circuit_operator.py
[2024-06-24T15:14:31.811+0000] {processor.py:799} INFO - Processing file /home/airflow/.local/lib/python3.7/site-packages/airflow/example_dags/example_short_circuit_operator.py for tasks to queue
[2024-06-24T15:14:31.811+0000] {logging_mixin.py:149} INFO - [2024-06-24T15:14:31.811+0000] {dagbag.py:541} INFO - Filling up the DagBag from /home/airflow/.local/lib/python3.7/site-packages/airflow/example_dags/example_short_circuit_operator.py
[2024-06-24T15:14:31.815+0000] {processor.py:809} INFO - DAG(s) dict_keys(['example_short_circuit_operator']) retrieved from /home/airflow/.local/lib/python3.7/site-packages/airflow/example_dags/example_short_circuit_operator.py
[2024-06-24T15:14:31.826+0000] {logging_mixin.py:149} INFO - [2024-06-24T15:14:31.826+0000] {dag.py:2726} INFO - Sync 1 DAGs
[2024-06-24T15:14:31.835+0000] {logging_mixin.py:149} INFO - [2024-06-24T15:14:31.835+0000] {dag.py:3490} INFO - Setting next_dagrun for example_short_circuit_operator to 2024-06-23T15:14:31.835797+00:00, run_after=2024-06-24T15:14:31.835797+00:00
[2024-06-24T15:14:31.842+0000] {processor.py:178} INFO - Processing /home/airflow/.local/lib/python3.7/site-packages/airflow/example_dags/example_short_circuit_operator.py took 0.033 seconds
[2024-06-24T15:15:02.234+0000] {processor.py:156} INFO - Started process (PID=1024) to work on /home/airflow/.local/lib/python3.7/site-packages/airflow/example_dags/example_short_circuit_operator.py
[2024-06-24T15:15:02.234+0000] {processor.py:799} INFO - Processing file /home/airflow/.local/lib/python3.7/site-packages/airflow/example_dags/example_short_circuit_operator.py for tasks to queue
[2024-06-24T15:15:02.234+0000] {logging_mixin.py:149} INFO - [2024-06-24T15:15:02.234+0000] {dagbag.py:541} INFO - Filling up the DagBag from /home/airflow/.local/lib/python3.7/site-packages/airflow/example_dags/example_short_circuit_operator.py
[2024-06-24T15:15:02.238+0000] {processor.py:809} INFO - DAG(s) dict_keys(['example_short_circuit_operator']) retrieved from /home/airflow/.local/lib/python3.7/site-packages/airflow/example_dags/example_short_circuit_operator.py
[2024-06-24T15:15:02.249+0000] {logging_mixin.py:149} INFO - [2024-06-24T15:15:02.249+0000] {dag.py:2726} INFO - Sync 1 DAGs
[2024-06-24T15:15:02.259+0000] {logging_mixin.py:149} INFO - [2024-06-24T15:15:02.259+0000] {dag.py:3490} INFO - Setting next_dagrun for example_short_circuit_operator to 2024-06-23T15:15:02.259097+00:00, run_after=2024-06-24T15:15:02.259097+00:00
[2024-06-24T15:15:02.266+0000] {processor.py:178} INFO - Processing /home/airflow/.local/lib/python3.7/site-packages/airflow/example_dags/example_short_circuit_operator.py took 0.034 seconds
[2024-06-24T15:15:32.968+0000] {processor.py:156} INFO - Started process (PID=1102) to work on /home/airflow/.local/lib/python3.7/site-packages/airflow/example_dags/example_short_circuit_operator.py
[2024-06-24T15:15:32.968+0000] {processor.py:799} INFO - Processing file /home/airflow/.local/lib/python3.7/site-packages/airflow/example_dags/example_short_circuit_operator.py for tasks to queue
[2024-06-24T15:15:32.969+0000] {logging_mixin.py:149} INFO - [2024-06-24T15:15:32.969+0000] {dagbag.py:541} INFO - Filling up the DagBag from /home/airflow/.local/lib/python3.7/site-packages/airflow/example_dags/example_short_circuit_operator.py
[2024-06-24T15:15:32.974+0000] {processor.py:809} INFO - DAG(s) dict_keys(['example_short_circuit_operator']) retrieved from /home/airflow/.local/lib/python3.7/site-packages/airflow/example_dags/example_short_circuit_operator.py
[2024-06-24T15:15:32.985+0000] {logging_mixin.py:149} INFO - [2024-06-24T15:15:32.985+0000] {dag.py:2726} INFO - Sync 1 DAGs
[2024-06-24T15:15:32.996+0000] {logging_mixin.py:149} INFO - [2024-06-24T15:15:32.996+0000] {dag.py:3490} INFO - Setting next_dagrun for example_short_circuit_operator to 2024-06-23T15:15:32.996372+00:00, run_after=2024-06-24T15:15:32.996372+00:00
[2024-06-24T15:15:33.003+0000] {processor.py:178} INFO - Processing /home/airflow/.local/lib/python3.7/site-packages/airflow/example_dags/example_short_circuit_operator.py took 0.036 seconds
[2024-06-24T15:16:03.523+0000] {processor.py:156} INFO - Started process (PID=1171) to work on /home/airflow/.local/lib/python3.7/site-packages/airflow/example_dags/example_short_circuit_operator.py
[2024-06-24T15:16:03.523+0000] {processor.py:799} INFO - Processing file /home/airflow/.local/lib/python3.7/site-packages/airflow/example_dags/example_short_circuit_operator.py for tasks to queue
[2024-06-24T15:16:03.524+0000] {logging_mixin.py:149} INFO - [2024-06-24T15:16:03.524+0000] {dagbag.py:541} INFO - Filling up the DagBag from /home/airflow/.local/lib/python3.7/site-packages/airflow/example_dags/example_short_circuit_operator.py
[2024-06-24T15:16:03.529+0000] {processor.py:809} INFO - DAG(s) dict_keys(['example_short_circuit_operator']) retrieved from /home/airflow/.local/lib/python3.7/site-packages/airflow/example_dags/example_short_circuit_operator.py
[2024-06-24T15:16:03.540+0000] {logging_mixin.py:149} INFO - [2024-06-24T15:16:03.540+0000] {dag.py:2726} INFO - Sync 1 DAGs
[2024-06-24T15:16:03.551+0000] {logging_mixin.py:149} INFO - [2024-06-24T15:16:03.551+0000] {dag.py:3490} INFO - Setting next_dagrun for example_short_circuit_operator to 2024-06-23T15:16:03.551263+00:00, run_after=2024-06-24T15:16:03.551263+00:00
[2024-06-24T15:16:03.558+0000] {processor.py:178} INFO - Processing /home/airflow/.local/lib/python3.7/site-packages/airflow/example_dags/example_short_circuit_operator.py took 0.037 seconds
[2024-06-24T15:16:34.238+0000] {processor.py:156} INFO - Started process (PID=1240) to work on /home/airflow/.local/lib/python3.7/site-packages/airflow/example_dags/example_short_circuit_operator.py
[2024-06-24T15:16:34.238+0000] {processor.py:799} INFO - Processing file /home/airflow/.local/lib/python3.7/site-packages/airflow/example_dags/example_short_circuit_operator.py for tasks to queue
[2024-06-24T15:16:34.238+0000] {logging_mixin.py:149} INFO - [2024-06-24T15:16:34.238+0000] {dagbag.py:541} INFO - Filling up the DagBag from /home/airflow/.local/lib/python3.7/site-packages/airflow/example_dags/example_short_circuit_operator.py
[2024-06-24T15:16:34.242+0000] {processor.py:809} INFO - DAG(s) dict_keys(['example_short_circuit_operator']) retrieved from /home/airflow/.local/lib/python3.7/site-packages/airflow/example_dags/example_short_circuit_operator.py
[2024-06-24T15:16:34.252+0000] {logging_mixin.py:149} INFO - [2024-06-24T15:16:34.252+0000] {dag.py:2726} INFO - Sync 1 DAGs
[2024-06-24T15:16:34.265+0000] {logging_mixin.py:149} INFO - [2024-06-24T15:16:34.265+0000] {dag.py:3490} INFO - Setting next_dagrun for example_short_circuit_operator to 2024-06-23T15:16:34.264902+00:00, run_after=2024-06-24T15:16:34.264902+00:00
[2024-06-24T15:16:34.271+0000] {processor.py:178} INFO - Processing /home/airflow/.local/lib/python3.7/site-packages/airflow/example_dags/example_short_circuit_operator.py took 0.035 seconds
[2024-06-24T15:17:04.839+0000] {processor.py:156} INFO - Started process (PID=1309) to work on /home/airflow/.local/lib/python3.7/site-packages/airflow/example_dags/example_short_circuit_operator.py
[2024-06-24T15:17:04.839+0000] {processor.py:799} INFO - Processing file /home/airflow/.local/lib/python3.7/site-packages/airflow/example_dags/example_short_circuit_operator.py for tasks to queue
[2024-06-24T15:17:04.840+0000] {logging_mixin.py:149} INFO - [2024-06-24T15:17:04.839+0000] {dagbag.py:541} INFO - Filling up the DagBag from /home/airflow/.local/lib/python3.7/site-packages/airflow/example_dags/example_short_circuit_operator.py
[2024-06-24T15:17:04.843+0000] {processor.py:809} INFO - DAG(s) dict_keys(['example_short_circuit_operator']) retrieved from /home/airflow/.local/lib/python3.7/site-packages/airflow/example_dags/example_short_circuit_operator.py
[2024-06-24T15:17:04.855+0000] {logging_mixin.py:149} INFO - [2024-06-24T15:17:04.854+0000] {dag.py:2726} INFO - Sync 1 DAGs
[2024-06-24T15:17:04.865+0000] {logging_mixin.py:149} INFO - [2024-06-24T15:17:04.865+0000] {dag.py:3490} INFO - Setting next_dagrun for example_short_circuit_operator to 2024-06-23T15:17:04.865125+00:00, run_after=2024-06-24T15:17:04.865125+00:00
[2024-06-24T15:17:04.872+0000] {processor.py:178} INFO - Processing /home/airflow/.local/lib/python3.7/site-packages/airflow/example_dags/example_short_circuit_operator.py took 0.035 seconds
[2024-06-24T15:17:35.386+0000] {processor.py:156} INFO - Started process (PID=1377) to work on /home/airflow/.local/lib/python3.7/site-packages/airflow/example_dags/example_short_circuit_operator.py
[2024-06-24T15:17:35.387+0000] {processor.py:799} INFO - Processing file /home/airflow/.local/lib/python3.7/site-packages/airflow/example_dags/example_short_circuit_operator.py for tasks to queue
[2024-06-24T15:17:35.387+0000] {logging_mixin.py:149} INFO - [2024-06-24T15:17:35.387+0000] {dagbag.py:541} INFO - Filling up the DagBag from /home/airflow/.local/lib/python3.7/site-packages/airflow/example_dags/example_short_circuit_operator.py
[2024-06-24T15:17:35.391+0000] {processor.py:809} INFO - DAG(s) dict_keys(['example_short_circuit_operator']) retrieved from /home/airflow/.local/lib/python3.7/site-packages/airflow/example_dags/example_short_circuit_operator.py
[2024-06-24T15:17:35.403+0000] {logging_mixin.py:149} INFO - [2024-06-24T15:17:35.403+0000] {dag.py:2726} INFO - Sync 1 DAGs
[2024-06-24T15:17:35.414+0000] {logging_mixin.py:149} INFO - [2024-06-24T15:17:35.414+0000] {dag.py:3490} INFO - Setting next_dagrun for example_short_circuit_operator to 2024-06-23T15:17:35.414312+00:00, run_after=2024-06-24T15:17:35.414312+00:00
[2024-06-24T15:17:35.421+0000] {processor.py:178} INFO - Processing /home/airflow/.local/lib/python3.7/site-packages/airflow/example_dags/example_short_circuit_operator.py took 0.037 seconds
[2024-06-24T15:18:05.922+0000] {processor.py:156} INFO - Started process (PID=1446) to work on /home/airflow/.local/lib/python3.7/site-packages/airflow/example_dags/example_short_circuit_operator.py
[2024-06-24T15:18:05.923+0000] {processor.py:799} INFO - Processing file /home/airflow/.local/lib/python3.7/site-packages/airflow/example_dags/example_short_circuit_operator.py for tasks to queue
[2024-06-24T15:18:05.923+0000] {logging_mixin.py:149} INFO - [2024-06-24T15:18:05.923+0000] {dagbag.py:541} INFO - Filling up the DagBag from /home/airflow/.local/lib/python3.7/site-packages/airflow/example_dags/example_short_circuit_operator.py
[2024-06-24T15:18:05.927+0000] {processor.py:809} INFO - DAG(s) dict_keys(['example_short_circuit_operator']) retrieved from /home/airflow/.local/lib/python3.7/site-packages/airflow/example_dags/example_short_circuit_operator.py
[2024-06-24T15:18:05.938+0000] {logging_mixin.py:149} INFO - [2024-06-24T15:18:05.938+0000] {dag.py:2726} INFO - Sync 1 DAGs
[2024-06-24T15:18:05.949+0000] {logging_mixin.py:149} INFO - [2024-06-24T15:18:05.949+0000] {dag.py:3490} INFO - Setting next_dagrun for example_short_circuit_operator to 2024-06-23T15:18:05.949781+00:00, run_after=2024-06-24T15:18:05.949781+00:00
[2024-06-24T15:18:05.957+0000] {processor.py:178} INFO - Processing /home/airflow/.local/lib/python3.7/site-packages/airflow/example_dags/example_short_circuit_operator.py took 0.036 seconds
[2024-06-24T15:18:36.612+0000] {processor.py:156} INFO - Started process (PID=1515) to work on /home/airflow/.local/lib/python3.7/site-packages/airflow/example_dags/example_short_circuit_operator.py
[2024-06-24T15:18:36.612+0000] {processor.py:799} INFO - Processing file /home/airflow/.local/lib/python3.7/site-packages/airflow/example_dags/example_short_circuit_operator.py for tasks to queue
[2024-06-24T15:18:36.612+0000] {logging_mixin.py:149} INFO - [2024-06-24T15:18:36.612+0000] {dagbag.py:541} INFO - Filling up the DagBag from /home/airflow/.local/lib/python3.7/site-packages/airflow/example_dags/example_short_circuit_operator.py
[2024-06-24T15:18:36.617+0000] {processor.py:809} INFO - DAG(s) dict_keys(['example_short_circuit_operator']) retrieved from /home/airflow/.local/lib/python3.7/site-packages/airflow/example_dags/example_short_circuit_operator.py
[2024-06-24T15:18:36.627+0000] {logging_mixin.py:149} INFO - [2024-06-24T15:18:36.627+0000] {dag.py:2726} INFO - Sync 1 DAGs
[2024-06-24T15:18:36.637+0000] {logging_mixin.py:149} INFO - [2024-06-24T15:18:36.637+0000] {dag.py:3490} INFO - Setting next_dagrun for example_short_circuit_operator to 2024-06-23T15:18:36.637617+00:00, run_after=2024-06-24T15:18:36.637617+00:00
[2024-06-24T15:18:36.644+0000] {processor.py:178} INFO - Processing /home/airflow/.local/lib/python3.7/site-packages/airflow/example_dags/example_short_circuit_operator.py took 0.034 seconds
[2024-06-24T15:19:07.400+0000] {processor.py:156} INFO - Started process (PID=1584) to work on /home/airflow/.local/lib/python3.7/site-packages/airflow/example_dags/example_short_circuit_operator.py
[2024-06-24T15:19:07.400+0000] {processor.py:799} INFO - Processing file /home/airflow/.local/lib/python3.7/site-packages/airflow/example_dags/example_short_circuit_operator.py for tasks to queue
[2024-06-24T15:19:07.401+0000] {logging_mixin.py:149} INFO - [2024-06-24T15:19:07.401+0000] {dagbag.py:541} INFO - Filling up the DagBag from /home/airflow/.local/lib/python3.7/site-packages/airflow/example_dags/example_short_circuit_operator.py
[2024-06-24T15:19:07.404+0000] {processor.py:809} INFO - DAG(s) dict_keys(['example_short_circuit_operator']) retrieved from /home/airflow/.local/lib/python3.7/site-packages/airflow/example_dags/example_short_circuit_operator.py
[2024-06-24T15:19:07.415+0000] {logging_mixin.py:149} INFO - [2024-06-24T15:19:07.415+0000] {dag.py:2726} INFO - Sync 1 DAGs
[2024-06-24T15:19:07.426+0000] {logging_mixin.py:149} INFO - [2024-06-24T15:19:07.426+0000] {dag.py:3490} INFO - Setting next_dagrun for example_short_circuit_operator to 2024-06-23T15:19:07.426067+00:00, run_after=2024-06-24T15:19:07.426067+00:00
[2024-06-24T15:19:07.433+0000] {processor.py:178} INFO - Processing /home/airflow/.local/lib/python3.7/site-packages/airflow/example_dags/example_short_circuit_operator.py took 0.035 seconds
[2024-06-24T15:19:37.986+0000] {processor.py:156} INFO - Started process (PID=1653) to work on /home/airflow/.local/lib/python3.7/site-packages/airflow/example_dags/example_short_circuit_operator.py
[2024-06-24T15:19:37.986+0000] {processor.py:799} INFO - Processing file /home/airflow/.local/lib/python3.7/site-packages/airflow/example_dags/example_short_circuit_operator.py for tasks to queue
[2024-06-24T15:19:37.986+0000] {logging_mixin.py:149} INFO - [2024-06-24T15:19:37.986+0000] {dagbag.py:541} INFO - Filling up the DagBag from /home/airflow/.local/lib/python3.7/site-packages/airflow/example_dags/example_short_circuit_operator.py
[2024-06-24T15:19:37.990+0000] {processor.py:809} INFO - DAG(s) dict_keys(['example_short_circuit_operator']) retrieved from /home/airflow/.local/lib/python3.7/site-packages/airflow/example_dags/example_short_circuit_operator.py
[2024-06-24T15:19:38.001+0000] {logging_mixin.py:149} INFO - [2024-06-24T15:19:38.001+0000] {dag.py:2726} INFO - Sync 1 DAGs
[2024-06-24T15:19:38.011+0000] {logging_mixin.py:149} INFO - [2024-06-24T15:19:38.011+0000] {dag.py:3490} INFO - Setting next_dagrun for example_short_circuit_operator to 2024-06-23T15:19:38.011633+00:00, run_after=2024-06-24T15:19:38.011633+00:00
[2024-06-24T15:19:38.018+0000] {processor.py:178} INFO - Processing /home/airflow/.local/lib/python3.7/site-packages/airflow/example_dags/example_short_circuit_operator.py took 0.034 seconds
[2024-06-24T15:20:08.435+0000] {processor.py:156} INFO - Started process (PID=1722) to work on /home/airflow/.local/lib/python3.7/site-packages/airflow/example_dags/example_short_circuit_operator.py
[2024-06-24T15:20:08.435+0000] {processor.py:799} INFO - Processing file /home/airflow/.local/lib/python3.7/site-packages/airflow/example_dags/example_short_circuit_operator.py for tasks to queue
[2024-06-24T15:20:08.435+0000] {logging_mixin.py:149} INFO - [2024-06-24T15:20:08.435+0000] {dagbag.py:541} INFO - Filling up the DagBag from /home/airflow/.local/lib/python3.7/site-packages/airflow/example_dags/example_short_circuit_operator.py
[2024-06-24T15:20:08.439+0000] {processor.py:809} INFO - DAG(s) dict_keys(['example_short_circuit_operator']) retrieved from /home/airflow/.local/lib/python3.7/site-packages/airflow/example_dags/example_short_circuit_operator.py
[2024-06-24T15:20:08.450+0000] {logging_mixin.py:149} INFO - [2024-06-24T15:20:08.450+0000] {dag.py:2726} INFO - Sync 1 DAGs
[2024-06-24T15:20:08.461+0000] {logging_mixin.py:149} INFO - [2024-06-24T15:20:08.461+0000] {dag.py:3490} INFO - Setting next_dagrun for example_short_circuit_operator to 2024-06-23T15:20:08.461158+00:00, run_after=2024-06-24T15:20:08.461158+00:00
[2024-06-24T15:20:08.468+0000] {processor.py:178} INFO - Processing /home/airflow/.local/lib/python3.7/site-packages/airflow/example_dags/example_short_circuit_operator.py took 0.035 seconds
[2024-06-24T15:20:39.194+0000] {processor.py:156} INFO - Started process (PID=1791) to work on /home/airflow/.local/lib/python3.7/site-packages/airflow/example_dags/example_short_circuit_operator.py
[2024-06-24T15:20:39.195+0000] {processor.py:799} INFO - Processing file /home/airflow/.local/lib/python3.7/site-packages/airflow/example_dags/example_short_circuit_operator.py for tasks to queue
[2024-06-24T15:20:39.195+0000] {logging_mixin.py:149} INFO - [2024-06-24T15:20:39.195+0000] {dagbag.py:541} INFO - Filling up the DagBag from /home/airflow/.local/lib/python3.7/site-packages/airflow/example_dags/example_short_circuit_operator.py
[2024-06-24T15:20:39.199+0000] {processor.py:809} INFO - DAG(s) dict_keys(['example_short_circuit_operator']) retrieved from /home/airflow/.local/lib/python3.7/site-packages/airflow/example_dags/example_short_circuit_operator.py
[2024-06-24T15:20:39.210+0000] {logging_mixin.py:149} INFO - [2024-06-24T15:20:39.210+0000] {dag.py:2726} INFO - Sync 1 DAGs
[2024-06-24T15:20:39.221+0000] {logging_mixin.py:149} INFO - [2024-06-24T15:20:39.221+0000] {dag.py:3490} INFO - Setting next_dagrun for example_short_circuit_operator to 2024-06-23T15:20:39.221106+00:00, run_after=2024-06-24T15:20:39.221106+00:00
[2024-06-24T15:20:39.228+0000] {processor.py:178} INFO - Processing /home/airflow/.local/lib/python3.7/site-packages/airflow/example_dags/example_short_circuit_operator.py took 0.035 seconds
[2024-06-24T15:21:09.842+0000] {processor.py:156} INFO - Started process (PID=1860) to work on /home/airflow/.local/lib/python3.7/site-packages/airflow/example_dags/example_short_circuit_operator.py
[2024-06-24T15:21:09.842+0000] {processor.py:799} INFO - Processing file /home/airflow/.local/lib/python3.7/site-packages/airflow/example_dags/example_short_circuit_operator.py for tasks to queue
[2024-06-24T15:21:09.842+0000] {logging_mixin.py:149} INFO - [2024-06-24T15:21:09.842+0000] {dagbag.py:541} INFO - Filling up the DagBag from /home/airflow/.local/lib/python3.7/site-packages/airflow/example_dags/example_short_circuit_operator.py
[2024-06-24T15:21:09.846+0000] {processor.py:809} INFO - DAG(s) dict_keys(['example_short_circuit_operator']) retrieved from /home/airflow/.local/lib/python3.7/site-packages/airflow/example_dags/example_short_circuit_operator.py
[2024-06-24T15:21:09.858+0000] {logging_mixin.py:149} INFO - [2024-06-24T15:21:09.858+0000] {dag.py:2726} INFO - Sync 1 DAGs
[2024-06-24T15:21:09.870+0000] {logging_mixin.py:149} INFO - [2024-06-24T15:21:09.870+0000] {dag.py:3490} INFO - Setting next_dagrun for example_short_circuit_operator to 2024-06-23T15:21:09.870354+00:00, run_after=2024-06-24T15:21:09.870354+00:00
[2024-06-24T15:21:09.878+0000] {processor.py:178} INFO - Processing /home/airflow/.local/lib/python3.7/site-packages/airflow/example_dags/example_short_circuit_operator.py took 0.037 seconds
[2024-06-24T15:21:40.736+0000] {processor.py:156} INFO - Started process (PID=1928) to work on /home/airflow/.local/lib/python3.7/site-packages/airflow/example_dags/example_short_circuit_operator.py
[2024-06-24T15:21:40.736+0000] {processor.py:799} INFO - Processing file /home/airflow/.local/lib/python3.7/site-packages/airflow/example_dags/example_short_circuit_operator.py for tasks to queue
[2024-06-24T15:21:40.736+0000] {logging_mixin.py:149} INFO - [2024-06-24T15:21:40.736+0000] {dagbag.py:541} INFO - Filling up the DagBag from /home/airflow/.local/lib/python3.7/site-packages/airflow/example_dags/example_short_circuit_operator.py
[2024-06-24T15:21:40.740+0000] {processor.py:809} INFO - DAG(s) dict_keys(['example_short_circuit_operator']) retrieved from /home/airflow/.local/lib/python3.7/site-packages/airflow/example_dags/example_short_circuit_operator.py
[2024-06-24T15:21:40.751+0000] {logging_mixin.py:149} INFO - [2024-06-24T15:21:40.751+0000] {dag.py:2726} INFO - Sync 1 DAGs
[2024-06-24T15:21:40.762+0000] {logging_mixin.py:149} INFO - [2024-06-24T15:21:40.762+0000] {dag.py:3490} INFO - Setting next_dagrun for example_short_circuit_operator to 2024-06-23T15:21:40.762594+00:00, run_after=2024-06-24T15:21:40.762594+00:00
[2024-06-24T15:21:40.770+0000] {processor.py:178} INFO - Processing /home/airflow/.local/lib/python3.7/site-packages/airflow/example_dags/example_short_circuit_operator.py took 0.036 seconds
[2024-06-24T15:22:11.503+0000] {processor.py:156} INFO - Started process (PID=1997) to work on /home/airflow/.local/lib/python3.7/site-packages/airflow/example_dags/example_short_circuit_operator.py
[2024-06-24T15:22:11.504+0000] {processor.py:799} INFO - Processing file /home/airflow/.local/lib/python3.7/site-packages/airflow/example_dags/example_short_circuit_operator.py for tasks to queue
[2024-06-24T15:22:11.504+0000] {logging_mixin.py:149} INFO - [2024-06-24T15:22:11.504+0000] {dagbag.py:541} INFO - Filling up the DagBag from /home/airflow/.local/lib/python3.7/site-packages/airflow/example_dags/example_short_circuit_operator.py
[2024-06-24T15:22:11.507+0000] {processor.py:809} INFO - DAG(s) dict_keys(['example_short_circuit_operator']) retrieved from /home/airflow/.local/lib/python3.7/site-packages/airflow/example_dags/example_short_circuit_operator.py
[2024-06-24T15:22:11.519+0000] {logging_mixin.py:149} INFO - [2024-06-24T15:22:11.519+0000] {dag.py:2726} INFO - Sync 1 DAGs
[2024-06-24T15:22:11.530+0000] {logging_mixin.py:149} INFO - [2024-06-24T15:22:11.530+0000] {dag.py:3490} INFO - Setting next_dagrun for example_short_circuit_operator to 2024-06-23T15:22:11.530510+00:00, run_after=2024-06-24T15:22:11.530510+00:00
[2024-06-24T15:22:11.538+0000] {processor.py:178} INFO - Processing /home/airflow/.local/lib/python3.7/site-packages/airflow/example_dags/example_short_circuit_operator.py took 0.036 seconds
[2024-06-24T15:22:42.136+0000] {processor.py:156} INFO - Started process (PID=2065) to work on /home/airflow/.local/lib/python3.7/site-packages/airflow/example_dags/example_short_circuit_operator.py
[2024-06-24T15:22:42.136+0000] {processor.py:799} INFO - Processing file /home/airflow/.local/lib/python3.7/site-packages/airflow/example_dags/example_short_circuit_operator.py for tasks to queue
[2024-06-24T15:22:42.136+0000] {logging_mixin.py:149} INFO - [2024-06-24T15:22:42.136+0000] {dagbag.py:541} INFO - Filling up the DagBag from /home/airflow/.local/lib/python3.7/site-packages/airflow/example_dags/example_short_circuit_operator.py
[2024-06-24T15:22:42.140+0000] {processor.py:809} INFO - DAG(s) dict_keys(['example_short_circuit_operator']) retrieved from /home/airflow/.local/lib/python3.7/site-packages/airflow/example_dags/example_short_circuit_operator.py
[2024-06-24T15:22:42.151+0000] {logging_mixin.py:149} INFO - [2024-06-24T15:22:42.151+0000] {dag.py:2726} INFO - Sync 1 DAGs
[2024-06-24T15:22:42.161+0000] {logging_mixin.py:149} INFO - [2024-06-24T15:22:42.161+0000] {dag.py:3490} INFO - Setting next_dagrun for example_short_circuit_operator to 2024-06-23T15:22:42.161559+00:00, run_after=2024-06-24T15:22:42.161559+00:00
[2024-06-24T15:22:42.168+0000] {processor.py:178} INFO - Processing /home/airflow/.local/lib/python3.7/site-packages/airflow/example_dags/example_short_circuit_operator.py took 0.034 seconds
[2024-06-24T15:23:12.777+0000] {processor.py:156} INFO - Started process (PID=2134) to work on /home/airflow/.local/lib/python3.7/site-packages/airflow/example_dags/example_short_circuit_operator.py
[2024-06-24T15:23:12.778+0000] {processor.py:799} INFO - Processing file /home/airflow/.local/lib/python3.7/site-packages/airflow/example_dags/example_short_circuit_operator.py for tasks to queue
[2024-06-24T15:23:12.778+0000] {logging_mixin.py:149} INFO - [2024-06-24T15:23:12.778+0000] {dagbag.py:541} INFO - Filling up the DagBag from /home/airflow/.local/lib/python3.7/site-packages/airflow/example_dags/example_short_circuit_operator.py
[2024-06-24T15:23:12.782+0000] {processor.py:809} INFO - DAG(s) dict_keys(['example_short_circuit_operator']) retrieved from /home/airflow/.local/lib/python3.7/site-packages/airflow/example_dags/example_short_circuit_operator.py
[2024-06-24T15:23:12.794+0000] {logging_mixin.py:149} INFO - [2024-06-24T15:23:12.793+0000] {dag.py:2726} INFO - Sync 1 DAGs
[2024-06-24T15:23:12.804+0000] {logging_mixin.py:149} INFO - [2024-06-24T15:23:12.804+0000] {dag.py:3490} INFO - Setting next_dagrun for example_short_circuit_operator to 2024-06-23T15:23:12.804739+00:00, run_after=2024-06-24T15:23:12.804739+00:00
[2024-06-24T15:23:12.811+0000] {processor.py:178} INFO - Processing /home/airflow/.local/lib/python3.7/site-packages/airflow/example_dags/example_short_circuit_operator.py took 0.036 seconds
[2024-06-24T15:23:43.488+0000] {processor.py:156} INFO - Started process (PID=2203) to work on /home/airflow/.local/lib/python3.7/site-packages/airflow/example_dags/example_short_circuit_operator.py
[2024-06-24T15:23:43.488+0000] {processor.py:799} INFO - Processing file /home/airflow/.local/lib/python3.7/site-packages/airflow/example_dags/example_short_circuit_operator.py for tasks to queue
[2024-06-24T15:23:43.489+0000] {logging_mixin.py:149} INFO - [2024-06-24T15:23:43.489+0000] {dagbag.py:541} INFO - Filling up the DagBag from /home/airflow/.local/lib/python3.7/site-packages/airflow/example_dags/example_short_circuit_operator.py
[2024-06-24T15:23:43.492+0000] {processor.py:809} INFO - DAG(s) dict_keys(['example_short_circuit_operator']) retrieved from /home/airflow/.local/lib/python3.7/site-packages/airflow/example_dags/example_short_circuit_operator.py
[2024-06-24T15:23:43.504+0000] {logging_mixin.py:149} INFO - [2024-06-24T15:23:43.504+0000] {dag.py:2726} INFO - Sync 1 DAGs
[2024-06-24T15:23:43.515+0000] {logging_mixin.py:149} INFO - [2024-06-24T15:23:43.515+0000] {dag.py:3490} INFO - Setting next_dagrun for example_short_circuit_operator to 2024-06-23T15:23:43.515517+00:00, run_after=2024-06-24T15:23:43.515517+00:00
[2024-06-24T15:23:43.523+0000] {processor.py:178} INFO - Processing /home/airflow/.local/lib/python3.7/site-packages/airflow/example_dags/example_short_circuit_operator.py took 0.036 seconds
[2024-06-24T15:24:14.207+0000] {processor.py:156} INFO - Started process (PID=2272) to work on /home/airflow/.local/lib/python3.7/site-packages/airflow/example_dags/example_short_circuit_operator.py
[2024-06-24T15:24:14.207+0000] {processor.py:799} INFO - Processing file /home/airflow/.local/lib/python3.7/site-packages/airflow/example_dags/example_short_circuit_operator.py for tasks to queue
[2024-06-24T15:24:14.207+0000] {logging_mixin.py:149} INFO - [2024-06-24T15:24:14.207+0000] {dagbag.py:541} INFO - Filling up the DagBag from /home/airflow/.local/lib/python3.7/site-packages/airflow/example_dags/example_short_circuit_operator.py
[2024-06-24T15:24:14.211+0000] {processor.py:809} INFO - DAG(s) dict_keys(['example_short_circuit_operator']) retrieved from /home/airflow/.local/lib/python3.7/site-packages/airflow/example_dags/example_short_circuit_operator.py
[2024-06-24T15:24:14.223+0000] {logging_mixin.py:149} INFO - [2024-06-24T15:24:14.222+0000] {dag.py:2726} INFO - Sync 1 DAGs
[2024-06-24T15:24:14.234+0000] {logging_mixin.py:149} INFO - [2024-06-24T15:24:14.234+0000] {dag.py:3490} INFO - Setting next_dagrun for example_short_circuit_operator to 2024-06-23T15:24:14.234294+00:00, run_after=2024-06-24T15:24:14.234294+00:00
[2024-06-24T15:24:14.242+0000] {processor.py:178} INFO - Processing /home/airflow/.local/lib/python3.7/site-packages/airflow/example_dags/example_short_circuit_operator.py took 0.036 seconds
[2024-06-24T15:24:44.792+0000] {processor.py:156} INFO - Started process (PID=2341) to work on /home/airflow/.local/lib/python3.7/site-packages/airflow/example_dags/example_short_circuit_operator.py
[2024-06-24T15:24:44.792+0000] {processor.py:799} INFO - Processing file /home/airflow/.local/lib/python3.7/site-packages/airflow/example_dags/example_short_circuit_operator.py for tasks to queue
[2024-06-24T15:24:44.793+0000] {logging_mixin.py:149} INFO - [2024-06-24T15:24:44.793+0000] {dagbag.py:541} INFO - Filling up the DagBag from /home/airflow/.local/lib/python3.7/site-packages/airflow/example_dags/example_short_circuit_operator.py
[2024-06-24T15:24:44.796+0000] {processor.py:809} INFO - DAG(s) dict_keys(['example_short_circuit_operator']) retrieved from /home/airflow/.local/lib/python3.7/site-packages/airflow/example_dags/example_short_circuit_operator.py
[2024-06-24T15:24:44.808+0000] {logging_mixin.py:149} INFO - [2024-06-24T15:24:44.808+0000] {dag.py:2726} INFO - Sync 1 DAGs
[2024-06-24T15:24:44.820+0000] {logging_mixin.py:149} INFO - [2024-06-24T15:24:44.820+0000] {dag.py:3490} INFO - Setting next_dagrun for example_short_circuit_operator to 2024-06-23T15:24:44.820065+00:00, run_after=2024-06-24T15:24:44.820065+00:00
[2024-06-24T15:24:44.828+0000] {processor.py:178} INFO - Processing /home/airflow/.local/lib/python3.7/site-packages/airflow/example_dags/example_short_circuit_operator.py took 0.037 seconds
[2024-06-24T15:25:15.346+0000] {processor.py:156} INFO - Started process (PID=2409) to work on /home/airflow/.local/lib/python3.7/site-packages/airflow/example_dags/example_short_circuit_operator.py
[2024-06-24T15:25:15.346+0000] {processor.py:799} INFO - Processing file /home/airflow/.local/lib/python3.7/site-packages/airflow/example_dags/example_short_circuit_operator.py for tasks to queue
[2024-06-24T15:25:15.346+0000] {logging_mixin.py:149} INFO - [2024-06-24T15:25:15.346+0000] {dagbag.py:541} INFO - Filling up the DagBag from /home/airflow/.local/lib/python3.7/site-packages/airflow/example_dags/example_short_circuit_operator.py
[2024-06-24T15:25:15.351+0000] {processor.py:809} INFO - DAG(s) dict_keys(['example_short_circuit_operator']) retrieved from /home/airflow/.local/lib/python3.7/site-packages/airflow/example_dags/example_short_circuit_operator.py
[2024-06-24T15:25:15.363+0000] {logging_mixin.py:149} INFO - [2024-06-24T15:25:15.363+0000] {dag.py:2726} INFO - Sync 1 DAGs
[2024-06-24T15:25:15.375+0000] {logging_mixin.py:149} INFO - [2024-06-24T15:25:15.374+0000] {dag.py:3490} INFO - Setting next_dagrun for example_short_circuit_operator to 2024-06-23T15:25:15.374824+00:00, run_after=2024-06-24T15:25:15.374824+00:00
[2024-06-24T15:25:15.382+0000] {processor.py:178} INFO - Processing /home/airflow/.local/lib/python3.7/site-packages/airflow/example_dags/example_short_circuit_operator.py took 0.038 seconds
[2024-06-24T15:25:45.918+0000] {processor.py:156} INFO - Started process (PID=2477) to work on /home/airflow/.local/lib/python3.7/site-packages/airflow/example_dags/example_short_circuit_operator.py
[2024-06-24T15:25:45.919+0000] {processor.py:799} INFO - Processing file /home/airflow/.local/lib/python3.7/site-packages/airflow/example_dags/example_short_circuit_operator.py for tasks to queue
[2024-06-24T15:25:45.919+0000] {logging_mixin.py:149} INFO - [2024-06-24T15:25:45.919+0000] {dagbag.py:541} INFO - Filling up the DagBag from /home/airflow/.local/lib/python3.7/site-packages/airflow/example_dags/example_short_circuit_operator.py
[2024-06-24T15:25:45.923+0000] {processor.py:809} INFO - DAG(s) dict_keys(['example_short_circuit_operator']) retrieved from /home/airflow/.local/lib/python3.7/site-packages/airflow/example_dags/example_short_circuit_operator.py
[2024-06-24T15:25:45.941+0000] {logging_mixin.py:149} INFO - [2024-06-24T15:25:45.941+0000] {dag.py:2726} INFO - Sync 1 DAGs
[2024-06-24T15:25:45.958+0000] {logging_mixin.py:149} INFO - [2024-06-24T15:25:45.958+0000] {dag.py:3490} INFO - Setting next_dagrun for example_short_circuit_operator to 2024-06-23T15:25:45.958514+00:00, run_after=2024-06-24T15:25:45.958514+00:00
[2024-06-24T15:25:45.973+0000] {processor.py:178} INFO - Processing /home/airflow/.local/lib/python3.7/site-packages/airflow/example_dags/example_short_circuit_operator.py took 0.056 seconds
[2024-06-24T15:26:16.536+0000] {processor.py:156} INFO - Started process (PID=2553) to work on /home/airflow/.local/lib/python3.7/site-packages/airflow/example_dags/example_short_circuit_operator.py
[2024-06-24T15:26:16.537+0000] {processor.py:799} INFO - Processing file /home/airflow/.local/lib/python3.7/site-packages/airflow/example_dags/example_short_circuit_operator.py for tasks to queue
[2024-06-24T15:26:16.537+0000] {logging_mixin.py:149} INFO - [2024-06-24T15:26:16.537+0000] {dagbag.py:541} INFO - Filling up the DagBag from /home/airflow/.local/lib/python3.7/site-packages/airflow/example_dags/example_short_circuit_operator.py
[2024-06-24T15:26:16.540+0000] {processor.py:809} INFO - DAG(s) dict_keys(['example_short_circuit_operator']) retrieved from /home/airflow/.local/lib/python3.7/site-packages/airflow/example_dags/example_short_circuit_operator.py
[2024-06-24T15:26:16.551+0000] {logging_mixin.py:149} INFO - [2024-06-24T15:26:16.551+0000] {dag.py:2726} INFO - Sync 1 DAGs
[2024-06-24T15:26:16.561+0000] {logging_mixin.py:149} INFO - [2024-06-24T15:26:16.561+0000] {dag.py:3490} INFO - Setting next_dagrun for example_short_circuit_operator to 2024-06-23T15:26:16.561697+00:00, run_after=2024-06-24T15:26:16.561697+00:00
[2024-06-24T15:26:16.568+0000] {processor.py:178} INFO - Processing /home/airflow/.local/lib/python3.7/site-packages/airflow/example_dags/example_short_circuit_operator.py took 0.033 seconds
[2024-06-24T15:26:47.213+0000] {processor.py:156} INFO - Started process (PID=2622) to work on /home/airflow/.local/lib/python3.7/site-packages/airflow/example_dags/example_short_circuit_operator.py
[2024-06-24T15:26:47.213+0000] {processor.py:799} INFO - Processing file /home/airflow/.local/lib/python3.7/site-packages/airflow/example_dags/example_short_circuit_operator.py for tasks to queue
[2024-06-24T15:26:47.214+0000] {logging_mixin.py:149} INFO - [2024-06-24T15:26:47.214+0000] {dagbag.py:541} INFO - Filling up the DagBag from /home/airflow/.local/lib/python3.7/site-packages/airflow/example_dags/example_short_circuit_operator.py
[2024-06-24T15:26:47.217+0000] {processor.py:809} INFO - DAG(s) dict_keys(['example_short_circuit_operator']) retrieved from /home/airflow/.local/lib/python3.7/site-packages/airflow/example_dags/example_short_circuit_operator.py
[2024-06-24T15:26:47.230+0000] {logging_mixin.py:149} INFO - [2024-06-24T15:26:47.230+0000] {dag.py:2726} INFO - Sync 1 DAGs
[2024-06-24T15:26:47.242+0000] {logging_mixin.py:149} INFO - [2024-06-24T15:26:47.241+0000] {dag.py:3490} INFO - Setting next_dagrun for example_short_circuit_operator to 2024-06-23T15:26:47.241799+00:00, run_after=2024-06-24T15:26:47.241799+00:00
[2024-06-24T15:26:47.249+0000] {processor.py:178} INFO - Processing /home/airflow/.local/lib/python3.7/site-packages/airflow/example_dags/example_short_circuit_operator.py took 0.038 seconds
[2024-06-24T15:27:18.118+0000] {processor.py:156} INFO - Started process (PID=2691) to work on /home/airflow/.local/lib/python3.7/site-packages/airflow/example_dags/example_short_circuit_operator.py
[2024-06-24T15:27:18.118+0000] {processor.py:799} INFO - Processing file /home/airflow/.local/lib/python3.7/site-packages/airflow/example_dags/example_short_circuit_operator.py for tasks to queue
[2024-06-24T15:27:18.119+0000] {logging_mixin.py:149} INFO - [2024-06-24T15:27:18.119+0000] {dagbag.py:541} INFO - Filling up the DagBag from /home/airflow/.local/lib/python3.7/site-packages/airflow/example_dags/example_short_circuit_operator.py
[2024-06-24T15:27:18.122+0000] {processor.py:809} INFO - DAG(s) dict_keys(['example_short_circuit_operator']) retrieved from /home/airflow/.local/lib/python3.7/site-packages/airflow/example_dags/example_short_circuit_operator.py
[2024-06-24T15:27:18.136+0000] {logging_mixin.py:149} INFO - [2024-06-24T15:27:18.136+0000] {dag.py:2726} INFO - Sync 1 DAGs
[2024-06-24T15:27:18.148+0000] {logging_mixin.py:149} INFO - [2024-06-24T15:27:18.148+0000] {dag.py:3490} INFO - Setting next_dagrun for example_short_circuit_operator to 2024-06-23T15:27:18.148609+00:00, run_after=2024-06-24T15:27:18.148609+00:00
[2024-06-24T15:27:18.157+0000] {processor.py:178} INFO - Processing /home/airflow/.local/lib/python3.7/site-packages/airflow/example_dags/example_short_circuit_operator.py took 0.041 seconds
[2024-06-24T15:27:48.960+0000] {processor.py:156} INFO - Started process (PID=2760) to work on /home/airflow/.local/lib/python3.7/site-packages/airflow/example_dags/example_short_circuit_operator.py
[2024-06-24T15:27:48.961+0000] {processor.py:799} INFO - Processing file /home/airflow/.local/lib/python3.7/site-packages/airflow/example_dags/example_short_circuit_operator.py for tasks to queue
[2024-06-24T15:27:48.962+0000] {logging_mixin.py:149} INFO - [2024-06-24T15:27:48.962+0000] {dagbag.py:541} INFO - Filling up the DagBag from /home/airflow/.local/lib/python3.7/site-packages/airflow/example_dags/example_short_circuit_operator.py
[2024-06-24T15:27:48.967+0000] {processor.py:809} INFO - DAG(s) dict_keys(['example_short_circuit_operator']) retrieved from /home/airflow/.local/lib/python3.7/site-packages/airflow/example_dags/example_short_circuit_operator.py
[2024-06-24T15:27:48.981+0000] {logging_mixin.py:149} INFO - [2024-06-24T15:27:48.981+0000] {dag.py:2726} INFO - Sync 1 DAGs
[2024-06-24T15:27:48.997+0000] {logging_mixin.py:149} INFO - [2024-06-24T15:27:48.997+0000] {dag.py:3490} INFO - Setting next_dagrun for example_short_circuit_operator to 2024-06-23T15:27:48.997140+00:00, run_after=2024-06-24T15:27:48.997140+00:00
[2024-06-24T15:27:49.006+0000] {processor.py:178} INFO - Processing /home/airflow/.local/lib/python3.7/site-packages/airflow/example_dags/example_short_circuit_operator.py took 0.048 seconds
[2024-06-24T15:28:19.884+0000] {processor.py:156} INFO - Started process (PID=2829) to work on /home/airflow/.local/lib/python3.7/site-packages/airflow/example_dags/example_short_circuit_operator.py
[2024-06-24T15:28:19.884+0000] {processor.py:799} INFO - Processing file /home/airflow/.local/lib/python3.7/site-packages/airflow/example_dags/example_short_circuit_operator.py for tasks to queue
[2024-06-24T15:28:19.884+0000] {logging_mixin.py:149} INFO - [2024-06-24T15:28:19.884+0000] {dagbag.py:541} INFO - Filling up the DagBag from /home/airflow/.local/lib/python3.7/site-packages/airflow/example_dags/example_short_circuit_operator.py
[2024-06-24T15:28:19.888+0000] {processor.py:809} INFO - DAG(s) dict_keys(['example_short_circuit_operator']) retrieved from /home/airflow/.local/lib/python3.7/site-packages/airflow/example_dags/example_short_circuit_operator.py
[2024-06-24T15:28:19.899+0000] {logging_mixin.py:149} INFO - [2024-06-24T15:28:19.899+0000] {dag.py:2726} INFO - Sync 1 DAGs
[2024-06-24T15:28:19.910+0000] {logging_mixin.py:149} INFO - [2024-06-24T15:28:19.910+0000] {dag.py:3490} INFO - Setting next_dagrun for example_short_circuit_operator to 2024-06-23T15:28:19.910190+00:00, run_after=2024-06-24T15:28:19.910190+00:00
[2024-06-24T15:28:19.917+0000] {processor.py:178} INFO - Processing /home/airflow/.local/lib/python3.7/site-packages/airflow/example_dags/example_short_circuit_operator.py took 0.034 seconds
[2024-06-24T15:28:50.780+0000] {processor.py:156} INFO - Started process (PID=2898) to work on /home/airflow/.local/lib/python3.7/site-packages/airflow/example_dags/example_short_circuit_operator.py
[2024-06-24T15:28:50.781+0000] {processor.py:799} INFO - Processing file /home/airflow/.local/lib/python3.7/site-packages/airflow/example_dags/example_short_circuit_operator.py for tasks to queue
[2024-06-24T15:28:50.781+0000] {logging_mixin.py:149} INFO - [2024-06-24T15:28:50.781+0000] {dagbag.py:541} INFO - Filling up the DagBag from /home/airflow/.local/lib/python3.7/site-packages/airflow/example_dags/example_short_circuit_operator.py
[2024-06-24T15:28:50.784+0000] {processor.py:809} INFO - DAG(s) dict_keys(['example_short_circuit_operator']) retrieved from /home/airflow/.local/lib/python3.7/site-packages/airflow/example_dags/example_short_circuit_operator.py
[2024-06-24T15:28:50.796+0000] {logging_mixin.py:149} INFO - [2024-06-24T15:28:50.796+0000] {dag.py:2726} INFO - Sync 1 DAGs
[2024-06-24T15:28:50.806+0000] {logging_mixin.py:149} INFO - [2024-06-24T15:28:50.806+0000] {dag.py:3490} INFO - Setting next_dagrun for example_short_circuit_operator to 2024-06-23T15:28:50.806667+00:00, run_after=2024-06-24T15:28:50.806667+00:00
[2024-06-24T15:28:50.814+0000] {processor.py:178} INFO - Processing /home/airflow/.local/lib/python3.7/site-packages/airflow/example_dags/example_short_circuit_operator.py took 0.035 seconds
[2024-06-24T15:29:21.412+0000] {processor.py:156} INFO - Started process (PID=2966) to work on /home/airflow/.local/lib/python3.7/site-packages/airflow/example_dags/example_short_circuit_operator.py
[2024-06-24T15:29:21.413+0000] {processor.py:799} INFO - Processing file /home/airflow/.local/lib/python3.7/site-packages/airflow/example_dags/example_short_circuit_operator.py for tasks to queue
[2024-06-24T15:29:21.413+0000] {logging_mixin.py:149} INFO - [2024-06-24T15:29:21.413+0000] {dagbag.py:541} INFO - Filling up the DagBag from /home/airflow/.local/lib/python3.7/site-packages/airflow/example_dags/example_short_circuit_operator.py
[2024-06-24T15:29:21.417+0000] {processor.py:809} INFO - DAG(s) dict_keys(['example_short_circuit_operator']) retrieved from /home/airflow/.local/lib/python3.7/site-packages/airflow/example_dags/example_short_circuit_operator.py
[2024-06-24T15:29:21.429+0000] {logging_mixin.py:149} INFO - [2024-06-24T15:29:21.429+0000] {dag.py:2726} INFO - Sync 1 DAGs
[2024-06-24T15:29:21.441+0000] {logging_mixin.py:149} INFO - [2024-06-24T15:29:21.441+0000] {dag.py:3490} INFO - Setting next_dagrun for example_short_circuit_operator to 2024-06-23T15:29:21.441134+00:00, run_after=2024-06-24T15:29:21.441134+00:00
[2024-06-24T15:29:21.448+0000] {processor.py:178} INFO - Processing /home/airflow/.local/lib/python3.7/site-packages/airflow/example_dags/example_short_circuit_operator.py took 0.037 seconds
[2024-06-24T15:29:52.118+0000] {processor.py:156} INFO - Started process (PID=3035) to work on /home/airflow/.local/lib/python3.7/site-packages/airflow/example_dags/example_short_circuit_operator.py
[2024-06-24T15:29:52.118+0000] {processor.py:799} INFO - Processing file /home/airflow/.local/lib/python3.7/site-packages/airflow/example_dags/example_short_circuit_operator.py for tasks to queue
[2024-06-24T15:29:52.119+0000] {logging_mixin.py:149} INFO - [2024-06-24T15:29:52.119+0000] {dagbag.py:541} INFO - Filling up the DagBag from /home/airflow/.local/lib/python3.7/site-packages/airflow/example_dags/example_short_circuit_operator.py
[2024-06-24T15:29:52.122+0000] {processor.py:809} INFO - DAG(s) dict_keys(['example_short_circuit_operator']) retrieved from /home/airflow/.local/lib/python3.7/site-packages/airflow/example_dags/example_short_circuit_operator.py
[2024-06-24T15:29:52.134+0000] {logging_mixin.py:149} INFO - [2024-06-24T15:29:52.134+0000] {dag.py:2726} INFO - Sync 1 DAGs
[2024-06-24T15:29:52.145+0000] {logging_mixin.py:149} INFO - [2024-06-24T15:29:52.145+0000] {dag.py:3490} INFO - Setting next_dagrun for example_short_circuit_operator to 2024-06-23T15:29:52.145188+00:00, run_after=2024-06-24T15:29:52.145188+00:00
[2024-06-24T15:29:52.152+0000] {processor.py:178} INFO - Processing /home/airflow/.local/lib/python3.7/site-packages/airflow/example_dags/example_short_circuit_operator.py took 0.035 seconds
[2024-06-24T15:30:22.744+0000] {processor.py:156} INFO - Started process (PID=3103) to work on /home/airflow/.local/lib/python3.7/site-packages/airflow/example_dags/example_short_circuit_operator.py
[2024-06-24T15:30:22.744+0000] {processor.py:799} INFO - Processing file /home/airflow/.local/lib/python3.7/site-packages/airflow/example_dags/example_short_circuit_operator.py for tasks to queue
[2024-06-24T15:30:22.744+0000] {logging_mixin.py:149} INFO - [2024-06-24T15:30:22.744+0000] {dagbag.py:541} INFO - Filling up the DagBag from /home/airflow/.local/lib/python3.7/site-packages/airflow/example_dags/example_short_circuit_operator.py
[2024-06-24T15:30:22.749+0000] {processor.py:809} INFO - DAG(s) dict_keys(['example_short_circuit_operator']) retrieved from /home/airflow/.local/lib/python3.7/site-packages/airflow/example_dags/example_short_circuit_operator.py
[2024-06-24T15:30:22.764+0000] {logging_mixin.py:149} INFO - [2024-06-24T15:30:22.764+0000] {dag.py:2726} INFO - Sync 1 DAGs
[2024-06-24T15:30:22.777+0000] {logging_mixin.py:149} INFO - [2024-06-24T15:30:22.777+0000] {dag.py:3490} INFO - Setting next_dagrun for example_short_circuit_operator to 2024-06-23T15:30:22.777436+00:00, run_after=2024-06-24T15:30:22.777436+00:00
[2024-06-24T15:30:22.785+0000] {processor.py:178} INFO - Processing /home/airflow/.local/lib/python3.7/site-packages/airflow/example_dags/example_short_circuit_operator.py took 0.043 seconds
