[2024-06-24T15:03:49.169+0000] {processor.py:156} INFO - Started process (PID=50) to work on /home/airflow/.local/lib/python3.7/site-packages/airflow/example_dags/tutorial_taskflow_api.py
[2024-06-24T15:03:49.169+0000] {processor.py:799} INFO - Processing file /home/airflow/.local/lib/python3.7/site-packages/airflow/example_dags/tutorial_taskflow_api.py for tasks to queue
[2024-06-24T15:03:49.170+0000] {logging_mixin.py:149} INFO - [2024-06-24T15:03:49.170+0000] {dagbag.py:541} INFO - Filling up the DagBag from /home/airflow/.local/lib/python3.7/site-packages/airflow/example_dags/tutorial_taskflow_api.py
[2024-06-24T15:03:49.174+0000] {processor.py:809} INFO - DAG(s) dict_keys(['tutorial_taskflow_api']) retrieved from /home/airflow/.local/lib/python3.7/site-packages/airflow/example_dags/tutorial_taskflow_api.py
[2024-06-24T15:03:49.229+0000] {logging_mixin.py:149} INFO - [2024-06-24T15:03:49.229+0000] {manager.py:504} INFO - Created Permission View: can delete on DAG:tutorial_taskflow_api
[2024-06-24T15:03:49.234+0000] {logging_mixin.py:149} INFO - [2024-06-24T15:03:49.234+0000] {manager.py:504} INFO - Created Permission View: can edit on DAG:tutorial_taskflow_api
[2024-06-24T15:03:49.237+0000] {logging_mixin.py:149} INFO - [2024-06-24T15:03:49.237+0000] {manager.py:504} INFO - Created Permission View: can read on DAG:tutorial_taskflow_api
[2024-06-24T15:03:49.238+0000] {logging_mixin.py:149} INFO - [2024-06-24T15:03:49.238+0000] {dag.py:2726} INFO - Sync 1 DAGs
[2024-06-24T15:03:49.246+0000] {logging_mixin.py:149} INFO - [2024-06-24T15:03:49.246+0000] {dag.py:2747} INFO - Creating ORM DAG for tutorial_taskflow_api
[2024-06-24T15:03:49.252+0000] {logging_mixin.py:149} INFO - [2024-06-24T15:03:49.252+0000] {dag.py:3490} INFO - Setting next_dagrun for tutorial_taskflow_api to None, run_after=None
[2024-06-24T15:03:49.261+0000] {processor.py:178} INFO - Processing /home/airflow/.local/lib/python3.7/site-packages/airflow/example_dags/tutorial_taskflow_api.py took 0.094 seconds
[2024-06-24T15:04:19.524+0000] {processor.py:156} INFO - Started process (PID=110) to work on /home/airflow/.local/lib/python3.7/site-packages/airflow/example_dags/tutorial_taskflow_api.py
[2024-06-24T15:04:19.524+0000] {processor.py:799} INFO - Processing file /home/airflow/.local/lib/python3.7/site-packages/airflow/example_dags/tutorial_taskflow_api.py for tasks to queue
[2024-06-24T15:04:19.524+0000] {logging_mixin.py:149} INFO - [2024-06-24T15:04:19.524+0000] {dagbag.py:541} INFO - Filling up the DagBag from /home/airflow/.local/lib/python3.7/site-packages/airflow/example_dags/tutorial_taskflow_api.py
[2024-06-24T15:04:19.527+0000] {processor.py:809} INFO - DAG(s) dict_keys(['tutorial_taskflow_api']) retrieved from /home/airflow/.local/lib/python3.7/site-packages/airflow/example_dags/tutorial_taskflow_api.py
[2024-06-24T15:04:19.538+0000] {logging_mixin.py:149} INFO - [2024-06-24T15:04:19.538+0000] {dag.py:2726} INFO - Sync 1 DAGs
[2024-06-24T15:04:19.549+0000] {logging_mixin.py:149} INFO - [2024-06-24T15:04:19.549+0000] {dag.py:3490} INFO - Setting next_dagrun for tutorial_taskflow_api to None, run_after=None
[2024-06-24T15:04:19.556+0000] {processor.py:178} INFO - Processing /home/airflow/.local/lib/python3.7/site-packages/airflow/example_dags/tutorial_taskflow_api.py took 0.034 seconds
[2024-06-24T15:04:50.393+0000] {processor.py:156} INFO - Started process (PID=187) to work on /home/airflow/.local/lib/python3.7/site-packages/airflow/example_dags/tutorial_taskflow_api.py
[2024-06-24T15:04:50.394+0000] {processor.py:799} INFO - Processing file /home/airflow/.local/lib/python3.7/site-packages/airflow/example_dags/tutorial_taskflow_api.py for tasks to queue
[2024-06-24T15:04:50.394+0000] {logging_mixin.py:149} INFO - [2024-06-24T15:04:50.394+0000] {dagbag.py:541} INFO - Filling up the DagBag from /home/airflow/.local/lib/python3.7/site-packages/airflow/example_dags/tutorial_taskflow_api.py
[2024-06-24T15:04:50.396+0000] {processor.py:809} INFO - DAG(s) dict_keys(['tutorial_taskflow_api']) retrieved from /home/airflow/.local/lib/python3.7/site-packages/airflow/example_dags/tutorial_taskflow_api.py
[2024-06-24T15:04:50.406+0000] {logging_mixin.py:149} INFO - [2024-06-24T15:04:50.405+0000] {dag.py:2726} INFO - Sync 1 DAGs
[2024-06-24T15:04:50.416+0000] {logging_mixin.py:149} INFO - [2024-06-24T15:04:50.416+0000] {dag.py:3490} INFO - Setting next_dagrun for tutorial_taskflow_api to None, run_after=None
[2024-06-24T15:04:50.424+0000] {processor.py:178} INFO - Processing /home/airflow/.local/lib/python3.7/site-packages/airflow/example_dags/tutorial_taskflow_api.py took 0.032 seconds
[2024-06-24T15:05:20.949+0000] {processor.py:156} INFO - Started process (PID=256) to work on /home/airflow/.local/lib/python3.7/site-packages/airflow/example_dags/tutorial_taskflow_api.py
[2024-06-24T15:05:20.949+0000] {processor.py:799} INFO - Processing file /home/airflow/.local/lib/python3.7/site-packages/airflow/example_dags/tutorial_taskflow_api.py for tasks to queue
[2024-06-24T15:05:20.950+0000] {logging_mixin.py:149} INFO - [2024-06-24T15:05:20.950+0000] {dagbag.py:541} INFO - Filling up the DagBag from /home/airflow/.local/lib/python3.7/site-packages/airflow/example_dags/tutorial_taskflow_api.py
[2024-06-24T15:05:20.952+0000] {processor.py:809} INFO - DAG(s) dict_keys(['tutorial_taskflow_api']) retrieved from /home/airflow/.local/lib/python3.7/site-packages/airflow/example_dags/tutorial_taskflow_api.py
[2024-06-24T15:05:20.961+0000] {logging_mixin.py:149} INFO - [2024-06-24T15:05:20.961+0000] {dag.py:2726} INFO - Sync 1 DAGs
[2024-06-24T15:05:20.972+0000] {logging_mixin.py:149} INFO - [2024-06-24T15:05:20.972+0000] {dag.py:3490} INFO - Setting next_dagrun for tutorial_taskflow_api to None, run_after=None
[2024-06-24T15:05:20.979+0000] {processor.py:178} INFO - Processing /home/airflow/.local/lib/python3.7/site-packages/airflow/example_dags/tutorial_taskflow_api.py took 0.032 seconds
[2024-06-24T15:05:51.575+0000] {processor.py:156} INFO - Started process (PID=325) to work on /home/airflow/.local/lib/python3.7/site-packages/airflow/example_dags/tutorial_taskflow_api.py
[2024-06-24T15:05:51.575+0000] {processor.py:799} INFO - Processing file /home/airflow/.local/lib/python3.7/site-packages/airflow/example_dags/tutorial_taskflow_api.py for tasks to queue
[2024-06-24T15:05:51.576+0000] {logging_mixin.py:149} INFO - [2024-06-24T15:05:51.576+0000] {dagbag.py:541} INFO - Filling up the DagBag from /home/airflow/.local/lib/python3.7/site-packages/airflow/example_dags/tutorial_taskflow_api.py
[2024-06-24T15:05:51.578+0000] {processor.py:809} INFO - DAG(s) dict_keys(['tutorial_taskflow_api']) retrieved from /home/airflow/.local/lib/python3.7/site-packages/airflow/example_dags/tutorial_taskflow_api.py
[2024-06-24T15:05:51.587+0000] {logging_mixin.py:149} INFO - [2024-06-24T15:05:51.587+0000] {dag.py:2726} INFO - Sync 1 DAGs
[2024-06-24T15:05:51.597+0000] {logging_mixin.py:149} INFO - [2024-06-24T15:05:51.597+0000] {dag.py:3490} INFO - Setting next_dagrun for tutorial_taskflow_api to None, run_after=None
[2024-06-24T15:05:51.604+0000] {processor.py:178} INFO - Processing /home/airflow/.local/lib/python3.7/site-packages/airflow/example_dags/tutorial_taskflow_api.py took 0.030 seconds
[2024-06-24T15:06:22.138+0000] {processor.py:156} INFO - Started process (PID=393) to work on /home/airflow/.local/lib/python3.7/site-packages/airflow/example_dags/tutorial_taskflow_api.py
[2024-06-24T15:06:22.138+0000] {processor.py:799} INFO - Processing file /home/airflow/.local/lib/python3.7/site-packages/airflow/example_dags/tutorial_taskflow_api.py for tasks to queue
[2024-06-24T15:06:22.138+0000] {logging_mixin.py:149} INFO - [2024-06-24T15:06:22.138+0000] {dagbag.py:541} INFO - Filling up the DagBag from /home/airflow/.local/lib/python3.7/site-packages/airflow/example_dags/tutorial_taskflow_api.py
[2024-06-24T15:06:22.141+0000] {processor.py:809} INFO - DAG(s) dict_keys(['tutorial_taskflow_api']) retrieved from /home/airflow/.local/lib/python3.7/site-packages/airflow/example_dags/tutorial_taskflow_api.py
[2024-06-24T15:06:22.150+0000] {logging_mixin.py:149} INFO - [2024-06-24T15:06:22.150+0000] {dag.py:2726} INFO - Sync 1 DAGs
[2024-06-24T15:06:22.162+0000] {logging_mixin.py:149} INFO - [2024-06-24T15:06:22.162+0000] {dag.py:3490} INFO - Setting next_dagrun for tutorial_taskflow_api to None, run_after=None
[2024-06-24T15:06:22.169+0000] {processor.py:178} INFO - Processing /home/airflow/.local/lib/python3.7/site-packages/airflow/example_dags/tutorial_taskflow_api.py took 0.033 seconds
[2024-06-24T15:06:52.812+0000] {processor.py:156} INFO - Started process (PID=462) to work on /home/airflow/.local/lib/python3.7/site-packages/airflow/example_dags/tutorial_taskflow_api.py
[2024-06-24T15:06:52.813+0000] {processor.py:799} INFO - Processing file /home/airflow/.local/lib/python3.7/site-packages/airflow/example_dags/tutorial_taskflow_api.py for tasks to queue
[2024-06-24T15:06:52.813+0000] {logging_mixin.py:149} INFO - [2024-06-24T15:06:52.813+0000] {dagbag.py:541} INFO - Filling up the DagBag from /home/airflow/.local/lib/python3.7/site-packages/airflow/example_dags/tutorial_taskflow_api.py
[2024-06-24T15:06:52.815+0000] {processor.py:809} INFO - DAG(s) dict_keys(['tutorial_taskflow_api']) retrieved from /home/airflow/.local/lib/python3.7/site-packages/airflow/example_dags/tutorial_taskflow_api.py
[2024-06-24T15:06:52.825+0000] {logging_mixin.py:149} INFO - [2024-06-24T15:06:52.825+0000] {dag.py:2726} INFO - Sync 1 DAGs
[2024-06-24T15:06:52.835+0000] {logging_mixin.py:149} INFO - [2024-06-24T15:06:52.835+0000] {dag.py:3490} INFO - Setting next_dagrun for tutorial_taskflow_api to None, run_after=None
[2024-06-24T15:06:52.843+0000] {processor.py:178} INFO - Processing /home/airflow/.local/lib/python3.7/site-packages/airflow/example_dags/tutorial_taskflow_api.py took 0.032 seconds
[2024-06-24T15:07:53.116+0000] {processor.py:156} INFO - Started process (PID=50) to work on /home/airflow/.local/lib/python3.7/site-packages/airflow/example_dags/tutorial_taskflow_api.py
[2024-06-24T15:07:53.116+0000] {processor.py:799} INFO - Processing file /home/airflow/.local/lib/python3.7/site-packages/airflow/example_dags/tutorial_taskflow_api.py for tasks to queue
[2024-06-24T15:07:53.117+0000] {logging_mixin.py:149} INFO - [2024-06-24T15:07:53.117+0000] {dagbag.py:541} INFO - Filling up the DagBag from /home/airflow/.local/lib/python3.7/site-packages/airflow/example_dags/tutorial_taskflow_api.py
[2024-06-24T15:07:53.120+0000] {processor.py:809} INFO - DAG(s) dict_keys(['tutorial_taskflow_api']) retrieved from /home/airflow/.local/lib/python3.7/site-packages/airflow/example_dags/tutorial_taskflow_api.py
[2024-06-24T15:07:53.127+0000] {logging_mixin.py:149} INFO - [2024-06-24T15:07:53.127+0000] {dag.py:2726} INFO - Sync 1 DAGs
[2024-06-24T15:07:53.142+0000] {logging_mixin.py:149} INFO - [2024-06-24T15:07:53.142+0000] {dag.py:3490} INFO - Setting next_dagrun for tutorial_taskflow_api to None, run_after=None
[2024-06-24T15:07:53.150+0000] {processor.py:178} INFO - Processing /home/airflow/.local/lib/python3.7/site-packages/airflow/example_dags/tutorial_taskflow_api.py took 0.036 seconds
[2024-06-24T15:08:23.559+0000] {processor.py:156} INFO - Started process (PID=114) to work on /home/airflow/.local/lib/python3.7/site-packages/airflow/example_dags/tutorial_taskflow_api.py
[2024-06-24T15:08:23.560+0000] {processor.py:799} INFO - Processing file /home/airflow/.local/lib/python3.7/site-packages/airflow/example_dags/tutorial_taskflow_api.py for tasks to queue
[2024-06-24T15:08:23.560+0000] {logging_mixin.py:149} INFO - [2024-06-24T15:08:23.560+0000] {dagbag.py:541} INFO - Filling up the DagBag from /home/airflow/.local/lib/python3.7/site-packages/airflow/example_dags/tutorial_taskflow_api.py
[2024-06-24T15:08:23.562+0000] {processor.py:809} INFO - DAG(s) dict_keys(['tutorial_taskflow_api']) retrieved from /home/airflow/.local/lib/python3.7/site-packages/airflow/example_dags/tutorial_taskflow_api.py
[2024-06-24T15:08:23.573+0000] {logging_mixin.py:149} INFO - [2024-06-24T15:08:23.573+0000] {dag.py:2726} INFO - Sync 1 DAGs
[2024-06-24T15:08:23.584+0000] {logging_mixin.py:149} INFO - [2024-06-24T15:08:23.584+0000] {dag.py:3490} INFO - Setting next_dagrun for tutorial_taskflow_api to None, run_after=None
[2024-06-24T15:08:23.591+0000] {processor.py:178} INFO - Processing /home/airflow/.local/lib/python3.7/site-packages/airflow/example_dags/tutorial_taskflow_api.py took 0.033 seconds
[2024-06-24T15:08:54.314+0000] {processor.py:156} INFO - Started process (PID=192) to work on /home/airflow/.local/lib/python3.7/site-packages/airflow/example_dags/tutorial_taskflow_api.py
[2024-06-24T15:08:54.315+0000] {processor.py:799} INFO - Processing file /home/airflow/.local/lib/python3.7/site-packages/airflow/example_dags/tutorial_taskflow_api.py for tasks to queue
[2024-06-24T15:08:54.315+0000] {logging_mixin.py:149} INFO - [2024-06-24T15:08:54.315+0000] {dagbag.py:541} INFO - Filling up the DagBag from /home/airflow/.local/lib/python3.7/site-packages/airflow/example_dags/tutorial_taskflow_api.py
[2024-06-24T15:08:54.318+0000] {processor.py:809} INFO - DAG(s) dict_keys(['tutorial_taskflow_api']) retrieved from /home/airflow/.local/lib/python3.7/site-packages/airflow/example_dags/tutorial_taskflow_api.py
[2024-06-24T15:08:54.328+0000] {logging_mixin.py:149} INFO - [2024-06-24T15:08:54.328+0000] {dag.py:2726} INFO - Sync 1 DAGs
[2024-06-24T15:08:54.338+0000] {logging_mixin.py:149} INFO - [2024-06-24T15:08:54.338+0000] {dag.py:3490} INFO - Setting next_dagrun for tutorial_taskflow_api to None, run_after=None
[2024-06-24T15:08:54.345+0000] {processor.py:178} INFO - Processing /home/airflow/.local/lib/python3.7/site-packages/airflow/example_dags/tutorial_taskflow_api.py took 0.032 seconds
[2024-06-24T15:09:25.107+0000] {processor.py:156} INFO - Started process (PID=261) to work on /home/airflow/.local/lib/python3.7/site-packages/airflow/example_dags/tutorial_taskflow_api.py
[2024-06-24T15:09:25.108+0000] {processor.py:799} INFO - Processing file /home/airflow/.local/lib/python3.7/site-packages/airflow/example_dags/tutorial_taskflow_api.py for tasks to queue
[2024-06-24T15:09:25.108+0000] {logging_mixin.py:149} INFO - [2024-06-24T15:09:25.108+0000] {dagbag.py:541} INFO - Filling up the DagBag from /home/airflow/.local/lib/python3.7/site-packages/airflow/example_dags/tutorial_taskflow_api.py
[2024-06-24T15:09:25.110+0000] {processor.py:809} INFO - DAG(s) dict_keys(['tutorial_taskflow_api']) retrieved from /home/airflow/.local/lib/python3.7/site-packages/airflow/example_dags/tutorial_taskflow_api.py
[2024-06-24T15:09:25.120+0000] {logging_mixin.py:149} INFO - [2024-06-24T15:09:25.120+0000] {dag.py:2726} INFO - Sync 1 DAGs
[2024-06-24T15:09:25.130+0000] {logging_mixin.py:149} INFO - [2024-06-24T15:09:25.130+0000] {dag.py:3490} INFO - Setting next_dagrun for tutorial_taskflow_api to None, run_after=None
[2024-06-24T15:09:25.137+0000] {processor.py:178} INFO - Processing /home/airflow/.local/lib/python3.7/site-packages/airflow/example_dags/tutorial_taskflow_api.py took 0.031 seconds
[2024-06-24T15:09:55.706+0000] {processor.py:156} INFO - Started process (PID=330) to work on /home/airflow/.local/lib/python3.7/site-packages/airflow/example_dags/tutorial_taskflow_api.py
[2024-06-24T15:09:55.706+0000] {processor.py:799} INFO - Processing file /home/airflow/.local/lib/python3.7/site-packages/airflow/example_dags/tutorial_taskflow_api.py for tasks to queue
[2024-06-24T15:09:55.707+0000] {logging_mixin.py:149} INFO - [2024-06-24T15:09:55.707+0000] {dagbag.py:541} INFO - Filling up the DagBag from /home/airflow/.local/lib/python3.7/site-packages/airflow/example_dags/tutorial_taskflow_api.py
[2024-06-24T15:09:55.709+0000] {processor.py:809} INFO - DAG(s) dict_keys(['tutorial_taskflow_api']) retrieved from /home/airflow/.local/lib/python3.7/site-packages/airflow/example_dags/tutorial_taskflow_api.py
[2024-06-24T15:09:55.719+0000] {logging_mixin.py:149} INFO - [2024-06-24T15:09:55.719+0000] {dag.py:2726} INFO - Sync 1 DAGs
[2024-06-24T15:09:55.729+0000] {logging_mixin.py:149} INFO - [2024-06-24T15:09:55.729+0000] {dag.py:3490} INFO - Setting next_dagrun for tutorial_taskflow_api to None, run_after=None
[2024-06-24T15:09:55.736+0000] {processor.py:178} INFO - Processing /home/airflow/.local/lib/python3.7/site-packages/airflow/example_dags/tutorial_taskflow_api.py took 0.031 seconds
[2024-06-24T15:10:26.357+0000] {processor.py:156} INFO - Started process (PID=399) to work on /home/airflow/.local/lib/python3.7/site-packages/airflow/example_dags/tutorial_taskflow_api.py
[2024-06-24T15:10:26.357+0000] {processor.py:799} INFO - Processing file /home/airflow/.local/lib/python3.7/site-packages/airflow/example_dags/tutorial_taskflow_api.py for tasks to queue
[2024-06-24T15:10:26.357+0000] {logging_mixin.py:149} INFO - [2024-06-24T15:10:26.357+0000] {dagbag.py:541} INFO - Filling up the DagBag from /home/airflow/.local/lib/python3.7/site-packages/airflow/example_dags/tutorial_taskflow_api.py
[2024-06-24T15:10:26.360+0000] {processor.py:809} INFO - DAG(s) dict_keys(['tutorial_taskflow_api']) retrieved from /home/airflow/.local/lib/python3.7/site-packages/airflow/example_dags/tutorial_taskflow_api.py
[2024-06-24T15:10:26.371+0000] {logging_mixin.py:149} INFO - [2024-06-24T15:10:26.370+0000] {dag.py:2726} INFO - Sync 1 DAGs
[2024-06-24T15:10:26.381+0000] {logging_mixin.py:149} INFO - [2024-06-24T15:10:26.381+0000] {dag.py:3490} INFO - Setting next_dagrun for tutorial_taskflow_api to None, run_after=None
[2024-06-24T15:10:26.389+0000] {processor.py:178} INFO - Processing /home/airflow/.local/lib/python3.7/site-packages/airflow/example_dags/tutorial_taskflow_api.py took 0.033 seconds
[2024-06-24T15:10:57.114+0000] {processor.py:156} INFO - Started process (PID=468) to work on /home/airflow/.local/lib/python3.7/site-packages/airflow/example_dags/tutorial_taskflow_api.py
[2024-06-24T15:10:57.115+0000] {processor.py:799} INFO - Processing file /home/airflow/.local/lib/python3.7/site-packages/airflow/example_dags/tutorial_taskflow_api.py for tasks to queue
[2024-06-24T15:10:57.115+0000] {logging_mixin.py:149} INFO - [2024-06-24T15:10:57.115+0000] {dagbag.py:541} INFO - Filling up the DagBag from /home/airflow/.local/lib/python3.7/site-packages/airflow/example_dags/tutorial_taskflow_api.py
[2024-06-24T15:10:57.117+0000] {processor.py:809} INFO - DAG(s) dict_keys(['tutorial_taskflow_api']) retrieved from /home/airflow/.local/lib/python3.7/site-packages/airflow/example_dags/tutorial_taskflow_api.py
[2024-06-24T15:10:57.127+0000] {logging_mixin.py:149} INFO - [2024-06-24T15:10:57.127+0000] {dag.py:2726} INFO - Sync 1 DAGs
[2024-06-24T15:10:57.138+0000] {logging_mixin.py:149} INFO - [2024-06-24T15:10:57.138+0000] {dag.py:3490} INFO - Setting next_dagrun for tutorial_taskflow_api to None, run_after=None
[2024-06-24T15:10:57.145+0000] {processor.py:178} INFO - Processing /home/airflow/.local/lib/python3.7/site-packages/airflow/example_dags/tutorial_taskflow_api.py took 0.032 seconds
[2024-06-24T15:11:27.827+0000] {processor.py:156} INFO - Started process (PID=537) to work on /home/airflow/.local/lib/python3.7/site-packages/airflow/example_dags/tutorial_taskflow_api.py
[2024-06-24T15:11:27.828+0000] {processor.py:799} INFO - Processing file /home/airflow/.local/lib/python3.7/site-packages/airflow/example_dags/tutorial_taskflow_api.py for tasks to queue
[2024-06-24T15:11:27.828+0000] {logging_mixin.py:149} INFO - [2024-06-24T15:11:27.828+0000] {dagbag.py:541} INFO - Filling up the DagBag from /home/airflow/.local/lib/python3.7/site-packages/airflow/example_dags/tutorial_taskflow_api.py
[2024-06-24T15:11:27.830+0000] {processor.py:809} INFO - DAG(s) dict_keys(['tutorial_taskflow_api']) retrieved from /home/airflow/.local/lib/python3.7/site-packages/airflow/example_dags/tutorial_taskflow_api.py
[2024-06-24T15:11:27.841+0000] {logging_mixin.py:149} INFO - [2024-06-24T15:11:27.841+0000] {dag.py:2726} INFO - Sync 1 DAGs
[2024-06-24T15:11:27.854+0000] {logging_mixin.py:149} INFO - [2024-06-24T15:11:27.854+0000] {dag.py:3490} INFO - Setting next_dagrun for tutorial_taskflow_api to None, run_after=None
[2024-06-24T15:11:27.861+0000] {processor.py:178} INFO - Processing /home/airflow/.local/lib/python3.7/site-packages/airflow/example_dags/tutorial_taskflow_api.py took 0.035 seconds
[2024-06-24T15:11:58.559+0000] {processor.py:156} INFO - Started process (PID=606) to work on /home/airflow/.local/lib/python3.7/site-packages/airflow/example_dags/tutorial_taskflow_api.py
[2024-06-24T15:11:58.560+0000] {processor.py:799} INFO - Processing file /home/airflow/.local/lib/python3.7/site-packages/airflow/example_dags/tutorial_taskflow_api.py for tasks to queue
[2024-06-24T15:11:58.560+0000] {logging_mixin.py:149} INFO - [2024-06-24T15:11:58.560+0000] {dagbag.py:541} INFO - Filling up the DagBag from /home/airflow/.local/lib/python3.7/site-packages/airflow/example_dags/tutorial_taskflow_api.py
[2024-06-24T15:11:58.563+0000] {processor.py:809} INFO - DAG(s) dict_keys(['tutorial_taskflow_api']) retrieved from /home/airflow/.local/lib/python3.7/site-packages/airflow/example_dags/tutorial_taskflow_api.py
[2024-06-24T15:11:58.573+0000] {logging_mixin.py:149} INFO - [2024-06-24T15:11:58.573+0000] {dag.py:2726} INFO - Sync 1 DAGs
[2024-06-24T15:11:58.583+0000] {logging_mixin.py:149} INFO - [2024-06-24T15:11:58.582+0000] {dag.py:3490} INFO - Setting next_dagrun for tutorial_taskflow_api to None, run_after=None
[2024-06-24T15:11:58.590+0000] {processor.py:178} INFO - Processing /home/airflow/.local/lib/python3.7/site-packages/airflow/example_dags/tutorial_taskflow_api.py took 0.031 seconds
[2024-06-24T15:12:29.290+0000] {processor.py:156} INFO - Started process (PID=675) to work on /home/airflow/.local/lib/python3.7/site-packages/airflow/example_dags/tutorial_taskflow_api.py
[2024-06-24T15:12:29.291+0000] {processor.py:799} INFO - Processing file /home/airflow/.local/lib/python3.7/site-packages/airflow/example_dags/tutorial_taskflow_api.py for tasks to queue
[2024-06-24T15:12:29.291+0000] {logging_mixin.py:149} INFO - [2024-06-24T15:12:29.291+0000] {dagbag.py:541} INFO - Filling up the DagBag from /home/airflow/.local/lib/python3.7/site-packages/airflow/example_dags/tutorial_taskflow_api.py
[2024-06-24T15:12:29.294+0000] {processor.py:809} INFO - DAG(s) dict_keys(['tutorial_taskflow_api']) retrieved from /home/airflow/.local/lib/python3.7/site-packages/airflow/example_dags/tutorial_taskflow_api.py
[2024-06-24T15:12:29.304+0000] {logging_mixin.py:149} INFO - [2024-06-24T15:12:29.304+0000] {dag.py:2726} INFO - Sync 1 DAGs
[2024-06-24T15:12:29.315+0000] {logging_mixin.py:149} INFO - [2024-06-24T15:12:29.315+0000] {dag.py:3490} INFO - Setting next_dagrun for tutorial_taskflow_api to None, run_after=None
[2024-06-24T15:12:29.322+0000] {processor.py:178} INFO - Processing /home/airflow/.local/lib/python3.7/site-packages/airflow/example_dags/tutorial_taskflow_api.py took 0.033 seconds
[2024-06-24T15:12:59.961+0000] {processor.py:156} INFO - Started process (PID=744) to work on /home/airflow/.local/lib/python3.7/site-packages/airflow/example_dags/tutorial_taskflow_api.py
[2024-06-24T15:12:59.961+0000] {processor.py:799} INFO - Processing file /home/airflow/.local/lib/python3.7/site-packages/airflow/example_dags/tutorial_taskflow_api.py for tasks to queue
[2024-06-24T15:12:59.962+0000] {logging_mixin.py:149} INFO - [2024-06-24T15:12:59.961+0000] {dagbag.py:541} INFO - Filling up the DagBag from /home/airflow/.local/lib/python3.7/site-packages/airflow/example_dags/tutorial_taskflow_api.py
[2024-06-24T15:12:59.964+0000] {processor.py:809} INFO - DAG(s) dict_keys(['tutorial_taskflow_api']) retrieved from /home/airflow/.local/lib/python3.7/site-packages/airflow/example_dags/tutorial_taskflow_api.py
[2024-06-24T15:12:59.974+0000] {logging_mixin.py:149} INFO - [2024-06-24T15:12:59.974+0000] {dag.py:2726} INFO - Sync 1 DAGs
[2024-06-24T15:12:59.986+0000] {logging_mixin.py:149} INFO - [2024-06-24T15:12:59.986+0000] {dag.py:3490} INFO - Setting next_dagrun for tutorial_taskflow_api to None, run_after=None
[2024-06-24T15:12:59.993+0000] {processor.py:178} INFO - Processing /home/airflow/.local/lib/python3.7/site-packages/airflow/example_dags/tutorial_taskflow_api.py took 0.033 seconds
[2024-06-24T15:13:30.628+0000] {processor.py:156} INFO - Started process (PID=813) to work on /home/airflow/.local/lib/python3.7/site-packages/airflow/example_dags/tutorial_taskflow_api.py
[2024-06-24T15:13:30.628+0000] {processor.py:799} INFO - Processing file /home/airflow/.local/lib/python3.7/site-packages/airflow/example_dags/tutorial_taskflow_api.py for tasks to queue
[2024-06-24T15:13:30.628+0000] {logging_mixin.py:149} INFO - [2024-06-24T15:13:30.628+0000] {dagbag.py:541} INFO - Filling up the DagBag from /home/airflow/.local/lib/python3.7/site-packages/airflow/example_dags/tutorial_taskflow_api.py
[2024-06-24T15:13:30.631+0000] {processor.py:809} INFO - DAG(s) dict_keys(['tutorial_taskflow_api']) retrieved from /home/airflow/.local/lib/python3.7/site-packages/airflow/example_dags/tutorial_taskflow_api.py
[2024-06-24T15:13:30.643+0000] {logging_mixin.py:149} INFO - [2024-06-24T15:13:30.643+0000] {dag.py:2726} INFO - Sync 1 DAGs
[2024-06-24T15:13:30.655+0000] {logging_mixin.py:149} INFO - [2024-06-24T15:13:30.655+0000] {dag.py:3490} INFO - Setting next_dagrun for tutorial_taskflow_api to None, run_after=None
[2024-06-24T15:13:30.663+0000] {processor.py:178} INFO - Processing /home/airflow/.local/lib/python3.7/site-packages/airflow/example_dags/tutorial_taskflow_api.py took 0.037 seconds
[2024-06-24T15:14:01.227+0000] {processor.py:156} INFO - Started process (PID=882) to work on /home/airflow/.local/lib/python3.7/site-packages/airflow/example_dags/tutorial_taskflow_api.py
[2024-06-24T15:14:01.227+0000] {processor.py:799} INFO - Processing file /home/airflow/.local/lib/python3.7/site-packages/airflow/example_dags/tutorial_taskflow_api.py for tasks to queue
[2024-06-24T15:14:01.228+0000] {logging_mixin.py:149} INFO - [2024-06-24T15:14:01.228+0000] {dagbag.py:541} INFO - Filling up the DagBag from /home/airflow/.local/lib/python3.7/site-packages/airflow/example_dags/tutorial_taskflow_api.py
[2024-06-24T15:14:01.230+0000] {processor.py:809} INFO - DAG(s) dict_keys(['tutorial_taskflow_api']) retrieved from /home/airflow/.local/lib/python3.7/site-packages/airflow/example_dags/tutorial_taskflow_api.py
[2024-06-24T15:14:01.240+0000] {logging_mixin.py:149} INFO - [2024-06-24T15:14:01.240+0000] {dag.py:2726} INFO - Sync 1 DAGs
[2024-06-24T15:14:01.250+0000] {logging_mixin.py:149} INFO - [2024-06-24T15:14:01.250+0000] {dag.py:3490} INFO - Setting next_dagrun for tutorial_taskflow_api to None, run_after=None
[2024-06-24T15:14:01.256+0000] {processor.py:178} INFO - Processing /home/airflow/.local/lib/python3.7/site-packages/airflow/example_dags/tutorial_taskflow_api.py took 0.030 seconds
[2024-06-24T15:14:31.729+0000] {processor.py:156} INFO - Started process (PID=951) to work on /home/airflow/.local/lib/python3.7/site-packages/airflow/example_dags/tutorial_taskflow_api.py
[2024-06-24T15:14:31.730+0000] {processor.py:799} INFO - Processing file /home/airflow/.local/lib/python3.7/site-packages/airflow/example_dags/tutorial_taskflow_api.py for tasks to queue
[2024-06-24T15:14:31.730+0000] {logging_mixin.py:149} INFO - [2024-06-24T15:14:31.730+0000] {dagbag.py:541} INFO - Filling up the DagBag from /home/airflow/.local/lib/python3.7/site-packages/airflow/example_dags/tutorial_taskflow_api.py
[2024-06-24T15:14:31.734+0000] {processor.py:809} INFO - DAG(s) dict_keys(['tutorial_taskflow_api']) retrieved from /home/airflow/.local/lib/python3.7/site-packages/airflow/example_dags/tutorial_taskflow_api.py
[2024-06-24T15:14:31.744+0000] {logging_mixin.py:149} INFO - [2024-06-24T15:14:31.744+0000] {dag.py:2726} INFO - Sync 1 DAGs
[2024-06-24T15:14:31.755+0000] {logging_mixin.py:149} INFO - [2024-06-24T15:14:31.754+0000] {dag.py:3490} INFO - Setting next_dagrun for tutorial_taskflow_api to None, run_after=None
[2024-06-24T15:14:31.762+0000] {processor.py:178} INFO - Processing /home/airflow/.local/lib/python3.7/site-packages/airflow/example_dags/tutorial_taskflow_api.py took 0.034 seconds
[2024-06-24T15:15:02.152+0000] {processor.py:156} INFO - Started process (PID=1020) to work on /home/airflow/.local/lib/python3.7/site-packages/airflow/example_dags/tutorial_taskflow_api.py
[2024-06-24T15:15:02.152+0000] {processor.py:799} INFO - Processing file /home/airflow/.local/lib/python3.7/site-packages/airflow/example_dags/tutorial_taskflow_api.py for tasks to queue
[2024-06-24T15:15:02.153+0000] {logging_mixin.py:149} INFO - [2024-06-24T15:15:02.153+0000] {dagbag.py:541} INFO - Filling up the DagBag from /home/airflow/.local/lib/python3.7/site-packages/airflow/example_dags/tutorial_taskflow_api.py
[2024-06-24T15:15:02.155+0000] {processor.py:809} INFO - DAG(s) dict_keys(['tutorial_taskflow_api']) retrieved from /home/airflow/.local/lib/python3.7/site-packages/airflow/example_dags/tutorial_taskflow_api.py
[2024-06-24T15:15:02.166+0000] {logging_mixin.py:149} INFO - [2024-06-24T15:15:02.166+0000] {dag.py:2726} INFO - Sync 1 DAGs
[2024-06-24T15:15:02.176+0000] {logging_mixin.py:149} INFO - [2024-06-24T15:15:02.176+0000] {dag.py:3490} INFO - Setting next_dagrun for tutorial_taskflow_api to None, run_after=None
[2024-06-24T15:15:02.183+0000] {processor.py:178} INFO - Processing /home/airflow/.local/lib/python3.7/site-packages/airflow/example_dags/tutorial_taskflow_api.py took 0.033 seconds
[2024-06-24T15:15:32.822+0000] {processor.py:156} INFO - Started process (PID=1098) to work on /home/airflow/.local/lib/python3.7/site-packages/airflow/example_dags/tutorial_taskflow_api.py
[2024-06-24T15:15:32.822+0000] {processor.py:799} INFO - Processing file /home/airflow/.local/lib/python3.7/site-packages/airflow/example_dags/tutorial_taskflow_api.py for tasks to queue
[2024-06-24T15:15:32.823+0000] {logging_mixin.py:149} INFO - [2024-06-24T15:15:32.823+0000] {dagbag.py:541} INFO - Filling up the DagBag from /home/airflow/.local/lib/python3.7/site-packages/airflow/example_dags/tutorial_taskflow_api.py
[2024-06-24T15:15:32.825+0000] {processor.py:809} INFO - DAG(s) dict_keys(['tutorial_taskflow_api']) retrieved from /home/airflow/.local/lib/python3.7/site-packages/airflow/example_dags/tutorial_taskflow_api.py
[2024-06-24T15:15:32.835+0000] {logging_mixin.py:149} INFO - [2024-06-24T15:15:32.835+0000] {dag.py:2726} INFO - Sync 1 DAGs
[2024-06-24T15:15:32.844+0000] {logging_mixin.py:149} INFO - [2024-06-24T15:15:32.844+0000] {dag.py:3490} INFO - Setting next_dagrun for tutorial_taskflow_api to None, run_after=None
[2024-06-24T15:15:32.851+0000] {processor.py:178} INFO - Processing /home/airflow/.local/lib/python3.7/site-packages/airflow/example_dags/tutorial_taskflow_api.py took 0.030 seconds
[2024-06-24T15:16:03.439+0000] {processor.py:156} INFO - Started process (PID=1167) to work on /home/airflow/.local/lib/python3.7/site-packages/airflow/example_dags/tutorial_taskflow_api.py
[2024-06-24T15:16:03.439+0000] {processor.py:799} INFO - Processing file /home/airflow/.local/lib/python3.7/site-packages/airflow/example_dags/tutorial_taskflow_api.py for tasks to queue
[2024-06-24T15:16:03.439+0000] {logging_mixin.py:149} INFO - [2024-06-24T15:16:03.439+0000] {dagbag.py:541} INFO - Filling up the DagBag from /home/airflow/.local/lib/python3.7/site-packages/airflow/example_dags/tutorial_taskflow_api.py
[2024-06-24T15:16:03.442+0000] {processor.py:809} INFO - DAG(s) dict_keys(['tutorial_taskflow_api']) retrieved from /home/airflow/.local/lib/python3.7/site-packages/airflow/example_dags/tutorial_taskflow_api.py
[2024-06-24T15:16:03.453+0000] {logging_mixin.py:149} INFO - [2024-06-24T15:16:03.453+0000] {dag.py:2726} INFO - Sync 1 DAGs
[2024-06-24T15:16:03.464+0000] {logging_mixin.py:149} INFO - [2024-06-24T15:16:03.464+0000] {dag.py:3490} INFO - Setting next_dagrun for tutorial_taskflow_api to None, run_after=None
[2024-06-24T15:16:03.472+0000] {processor.py:178} INFO - Processing /home/airflow/.local/lib/python3.7/site-packages/airflow/example_dags/tutorial_taskflow_api.py took 0.035 seconds
[2024-06-24T15:16:34.159+0000] {processor.py:156} INFO - Started process (PID=1236) to work on /home/airflow/.local/lib/python3.7/site-packages/airflow/example_dags/tutorial_taskflow_api.py
[2024-06-24T15:16:34.159+0000] {processor.py:799} INFO - Processing file /home/airflow/.local/lib/python3.7/site-packages/airflow/example_dags/tutorial_taskflow_api.py for tasks to queue
[2024-06-24T15:16:34.159+0000] {logging_mixin.py:149} INFO - [2024-06-24T15:16:34.159+0000] {dagbag.py:541} INFO - Filling up the DagBag from /home/airflow/.local/lib/python3.7/site-packages/airflow/example_dags/tutorial_taskflow_api.py
[2024-06-24T15:16:34.162+0000] {processor.py:809} INFO - DAG(s) dict_keys(['tutorial_taskflow_api']) retrieved from /home/airflow/.local/lib/python3.7/site-packages/airflow/example_dags/tutorial_taskflow_api.py
[2024-06-24T15:16:34.173+0000] {logging_mixin.py:149} INFO - [2024-06-24T15:16:34.172+0000] {dag.py:2726} INFO - Sync 1 DAGs
[2024-06-24T15:16:34.183+0000] {logging_mixin.py:149} INFO - [2024-06-24T15:16:34.183+0000] {dag.py:3490} INFO - Setting next_dagrun for tutorial_taskflow_api to None, run_after=None
[2024-06-24T15:16:34.190+0000] {processor.py:178} INFO - Processing /home/airflow/.local/lib/python3.7/site-packages/airflow/example_dags/tutorial_taskflow_api.py took 0.033 seconds
[2024-06-24T15:17:04.758+0000] {processor.py:156} INFO - Started process (PID=1305) to work on /home/airflow/.local/lib/python3.7/site-packages/airflow/example_dags/tutorial_taskflow_api.py
[2024-06-24T15:17:04.759+0000] {processor.py:799} INFO - Processing file /home/airflow/.local/lib/python3.7/site-packages/airflow/example_dags/tutorial_taskflow_api.py for tasks to queue
[2024-06-24T15:17:04.759+0000] {logging_mixin.py:149} INFO - [2024-06-24T15:17:04.759+0000] {dagbag.py:541} INFO - Filling up the DagBag from /home/airflow/.local/lib/python3.7/site-packages/airflow/example_dags/tutorial_taskflow_api.py
[2024-06-24T15:17:04.762+0000] {processor.py:809} INFO - DAG(s) dict_keys(['tutorial_taskflow_api']) retrieved from /home/airflow/.local/lib/python3.7/site-packages/airflow/example_dags/tutorial_taskflow_api.py
[2024-06-24T15:17:04.773+0000] {logging_mixin.py:149} INFO - [2024-06-24T15:17:04.773+0000] {dag.py:2726} INFO - Sync 1 DAGs
[2024-06-24T15:17:04.783+0000] {logging_mixin.py:149} INFO - [2024-06-24T15:17:04.783+0000] {dag.py:3490} INFO - Setting next_dagrun for tutorial_taskflow_api to None, run_after=None
[2024-06-24T15:17:04.790+0000] {processor.py:178} INFO - Processing /home/airflow/.local/lib/python3.7/site-packages/airflow/example_dags/tutorial_taskflow_api.py took 0.033 seconds
[2024-06-24T15:17:35.299+0000] {processor.py:156} INFO - Started process (PID=1373) to work on /home/airflow/.local/lib/python3.7/site-packages/airflow/example_dags/tutorial_taskflow_api.py
[2024-06-24T15:17:35.299+0000] {processor.py:799} INFO - Processing file /home/airflow/.local/lib/python3.7/site-packages/airflow/example_dags/tutorial_taskflow_api.py for tasks to queue
[2024-06-24T15:17:35.299+0000] {logging_mixin.py:149} INFO - [2024-06-24T15:17:35.299+0000] {dagbag.py:541} INFO - Filling up the DagBag from /home/airflow/.local/lib/python3.7/site-packages/airflow/example_dags/tutorial_taskflow_api.py
[2024-06-24T15:17:35.302+0000] {processor.py:809} INFO - DAG(s) dict_keys(['tutorial_taskflow_api']) retrieved from /home/airflow/.local/lib/python3.7/site-packages/airflow/example_dags/tutorial_taskflow_api.py
[2024-06-24T15:17:35.314+0000] {logging_mixin.py:149} INFO - [2024-06-24T15:17:35.313+0000] {dag.py:2726} INFO - Sync 1 DAGs
[2024-06-24T15:17:35.325+0000] {logging_mixin.py:149} INFO - [2024-06-24T15:17:35.325+0000] {dag.py:3490} INFO - Setting next_dagrun for tutorial_taskflow_api to None, run_after=None
[2024-06-24T15:17:35.332+0000] {processor.py:178} INFO - Processing /home/airflow/.local/lib/python3.7/site-packages/airflow/example_dags/tutorial_taskflow_api.py took 0.035 seconds
[2024-06-24T15:18:05.831+0000] {processor.py:156} INFO - Started process (PID=1442) to work on /home/airflow/.local/lib/python3.7/site-packages/airflow/example_dags/tutorial_taskflow_api.py
[2024-06-24T15:18:05.831+0000] {processor.py:799} INFO - Processing file /home/airflow/.local/lib/python3.7/site-packages/airflow/example_dags/tutorial_taskflow_api.py for tasks to queue
[2024-06-24T15:18:05.832+0000] {logging_mixin.py:149} INFO - [2024-06-24T15:18:05.832+0000] {dagbag.py:541} INFO - Filling up the DagBag from /home/airflow/.local/lib/python3.7/site-packages/airflow/example_dags/tutorial_taskflow_api.py
[2024-06-24T15:18:05.835+0000] {processor.py:809} INFO - DAG(s) dict_keys(['tutorial_taskflow_api']) retrieved from /home/airflow/.local/lib/python3.7/site-packages/airflow/example_dags/tutorial_taskflow_api.py
[2024-06-24T15:18:05.847+0000] {logging_mixin.py:149} INFO - [2024-06-24T15:18:05.847+0000] {dag.py:2726} INFO - Sync 1 DAGs
[2024-06-24T15:18:05.859+0000] {logging_mixin.py:149} INFO - [2024-06-24T15:18:05.859+0000] {dag.py:3490} INFO - Setting next_dagrun for tutorial_taskflow_api to None, run_after=None
[2024-06-24T15:18:05.868+0000] {processor.py:178} INFO - Processing /home/airflow/.local/lib/python3.7/site-packages/airflow/example_dags/tutorial_taskflow_api.py took 0.038 seconds
[2024-06-24T15:18:36.535+0000] {processor.py:156} INFO - Started process (PID=1511) to work on /home/airflow/.local/lib/python3.7/site-packages/airflow/example_dags/tutorial_taskflow_api.py
[2024-06-24T15:18:36.535+0000] {processor.py:799} INFO - Processing file /home/airflow/.local/lib/python3.7/site-packages/airflow/example_dags/tutorial_taskflow_api.py for tasks to queue
[2024-06-24T15:18:36.535+0000] {logging_mixin.py:149} INFO - [2024-06-24T15:18:36.535+0000] {dagbag.py:541} INFO - Filling up the DagBag from /home/airflow/.local/lib/python3.7/site-packages/airflow/example_dags/tutorial_taskflow_api.py
[2024-06-24T15:18:36.538+0000] {processor.py:809} INFO - DAG(s) dict_keys(['tutorial_taskflow_api']) retrieved from /home/airflow/.local/lib/python3.7/site-packages/airflow/example_dags/tutorial_taskflow_api.py
[2024-06-24T15:18:36.548+0000] {logging_mixin.py:149} INFO - [2024-06-24T15:18:36.548+0000] {dag.py:2726} INFO - Sync 1 DAGs
[2024-06-24T15:18:36.558+0000] {logging_mixin.py:149} INFO - [2024-06-24T15:18:36.558+0000] {dag.py:3490} INFO - Setting next_dagrun for tutorial_taskflow_api to None, run_after=None
[2024-06-24T15:18:36.565+0000] {processor.py:178} INFO - Processing /home/airflow/.local/lib/python3.7/site-packages/airflow/example_dags/tutorial_taskflow_api.py took 0.032 seconds
[2024-06-24T15:19:07.317+0000] {processor.py:156} INFO - Started process (PID=1580) to work on /home/airflow/.local/lib/python3.7/site-packages/airflow/example_dags/tutorial_taskflow_api.py
[2024-06-24T15:19:07.317+0000] {processor.py:799} INFO - Processing file /home/airflow/.local/lib/python3.7/site-packages/airflow/example_dags/tutorial_taskflow_api.py for tasks to queue
[2024-06-24T15:19:07.318+0000] {logging_mixin.py:149} INFO - [2024-06-24T15:19:07.318+0000] {dagbag.py:541} INFO - Filling up the DagBag from /home/airflow/.local/lib/python3.7/site-packages/airflow/example_dags/tutorial_taskflow_api.py
[2024-06-24T15:19:07.321+0000] {processor.py:809} INFO - DAG(s) dict_keys(['tutorial_taskflow_api']) retrieved from /home/airflow/.local/lib/python3.7/site-packages/airflow/example_dags/tutorial_taskflow_api.py
[2024-06-24T15:19:07.332+0000] {logging_mixin.py:149} INFO - [2024-06-24T15:19:07.332+0000] {dag.py:2726} INFO - Sync 1 DAGs
[2024-06-24T15:19:07.343+0000] {logging_mixin.py:149} INFO - [2024-06-24T15:19:07.343+0000] {dag.py:3490} INFO - Setting next_dagrun for tutorial_taskflow_api to None, run_after=None
[2024-06-24T15:19:07.351+0000] {processor.py:178} INFO - Processing /home/airflow/.local/lib/python3.7/site-packages/airflow/example_dags/tutorial_taskflow_api.py took 0.035 seconds
[2024-06-24T15:19:37.909+0000] {processor.py:156} INFO - Started process (PID=1649) to work on /home/airflow/.local/lib/python3.7/site-packages/airflow/example_dags/tutorial_taskflow_api.py
[2024-06-24T15:19:37.909+0000] {processor.py:799} INFO - Processing file /home/airflow/.local/lib/python3.7/site-packages/airflow/example_dags/tutorial_taskflow_api.py for tasks to queue
[2024-06-24T15:19:37.909+0000] {logging_mixin.py:149} INFO - [2024-06-24T15:19:37.909+0000] {dagbag.py:541} INFO - Filling up the DagBag from /home/airflow/.local/lib/python3.7/site-packages/airflow/example_dags/tutorial_taskflow_api.py
[2024-06-24T15:19:37.912+0000] {processor.py:809} INFO - DAG(s) dict_keys(['tutorial_taskflow_api']) retrieved from /home/airflow/.local/lib/python3.7/site-packages/airflow/example_dags/tutorial_taskflow_api.py
[2024-06-24T15:19:37.922+0000] {logging_mixin.py:149} INFO - [2024-06-24T15:19:37.922+0000] {dag.py:2726} INFO - Sync 1 DAGs
[2024-06-24T15:19:37.933+0000] {logging_mixin.py:149} INFO - [2024-06-24T15:19:37.933+0000] {dag.py:3490} INFO - Setting next_dagrun for tutorial_taskflow_api to None, run_after=None
[2024-06-24T15:19:37.940+0000] {processor.py:178} INFO - Processing /home/airflow/.local/lib/python3.7/site-packages/airflow/example_dags/tutorial_taskflow_api.py took 0.032 seconds
[2024-06-24T15:20:08.350+0000] {processor.py:156} INFO - Started process (PID=1718) to work on /home/airflow/.local/lib/python3.7/site-packages/airflow/example_dags/tutorial_taskflow_api.py
[2024-06-24T15:20:08.351+0000] {processor.py:799} INFO - Processing file /home/airflow/.local/lib/python3.7/site-packages/airflow/example_dags/tutorial_taskflow_api.py for tasks to queue
[2024-06-24T15:20:08.351+0000] {logging_mixin.py:149} INFO - [2024-06-24T15:20:08.351+0000] {dagbag.py:541} INFO - Filling up the DagBag from /home/airflow/.local/lib/python3.7/site-packages/airflow/example_dags/tutorial_taskflow_api.py
[2024-06-24T15:20:08.354+0000] {processor.py:809} INFO - DAG(s) dict_keys(['tutorial_taskflow_api']) retrieved from /home/airflow/.local/lib/python3.7/site-packages/airflow/example_dags/tutorial_taskflow_api.py
[2024-06-24T15:20:08.365+0000] {logging_mixin.py:149} INFO - [2024-06-24T15:20:08.365+0000] {dag.py:2726} INFO - Sync 1 DAGs
[2024-06-24T15:20:08.377+0000] {logging_mixin.py:149} INFO - [2024-06-24T15:20:08.377+0000] {dag.py:3490} INFO - Setting next_dagrun for tutorial_taskflow_api to None, run_after=None
[2024-06-24T15:20:08.384+0000] {processor.py:178} INFO - Processing /home/airflow/.local/lib/python3.7/site-packages/airflow/example_dags/tutorial_taskflow_api.py took 0.035 seconds
[2024-06-24T15:20:39.111+0000] {processor.py:156} INFO - Started process (PID=1787) to work on /home/airflow/.local/lib/python3.7/site-packages/airflow/example_dags/tutorial_taskflow_api.py
[2024-06-24T15:20:39.111+0000] {processor.py:799} INFO - Processing file /home/airflow/.local/lib/python3.7/site-packages/airflow/example_dags/tutorial_taskflow_api.py for tasks to queue
[2024-06-24T15:20:39.112+0000] {logging_mixin.py:149} INFO - [2024-06-24T15:20:39.112+0000] {dagbag.py:541} INFO - Filling up the DagBag from /home/airflow/.local/lib/python3.7/site-packages/airflow/example_dags/tutorial_taskflow_api.py
[2024-06-24T15:20:39.115+0000] {processor.py:809} INFO - DAG(s) dict_keys(['tutorial_taskflow_api']) retrieved from /home/airflow/.local/lib/python3.7/site-packages/airflow/example_dags/tutorial_taskflow_api.py
[2024-06-24T15:20:39.125+0000] {logging_mixin.py:149} INFO - [2024-06-24T15:20:39.125+0000] {dag.py:2726} INFO - Sync 1 DAGs
[2024-06-24T15:20:39.136+0000] {logging_mixin.py:149} INFO - [2024-06-24T15:20:39.136+0000] {dag.py:3490} INFO - Setting next_dagrun for tutorial_taskflow_api to None, run_after=None
[2024-06-24T15:20:39.143+0000] {processor.py:178} INFO - Processing /home/airflow/.local/lib/python3.7/site-packages/airflow/example_dags/tutorial_taskflow_api.py took 0.034 seconds
[2024-06-24T15:21:09.738+0000] {processor.py:156} INFO - Started process (PID=1856) to work on /home/airflow/.local/lib/python3.7/site-packages/airflow/example_dags/tutorial_taskflow_api.py
[2024-06-24T15:21:09.738+0000] {processor.py:799} INFO - Processing file /home/airflow/.local/lib/python3.7/site-packages/airflow/example_dags/tutorial_taskflow_api.py for tasks to queue
[2024-06-24T15:21:09.738+0000] {logging_mixin.py:149} INFO - [2024-06-24T15:21:09.738+0000] {dagbag.py:541} INFO - Filling up the DagBag from /home/airflow/.local/lib/python3.7/site-packages/airflow/example_dags/tutorial_taskflow_api.py
[2024-06-24T15:21:09.743+0000] {processor.py:809} INFO - DAG(s) dict_keys(['tutorial_taskflow_api']) retrieved from /home/airflow/.local/lib/python3.7/site-packages/airflow/example_dags/tutorial_taskflow_api.py
[2024-06-24T15:21:09.757+0000] {logging_mixin.py:149} INFO - [2024-06-24T15:21:09.756+0000] {dag.py:2726} INFO - Sync 1 DAGs
[2024-06-24T15:21:09.770+0000] {logging_mixin.py:149} INFO - [2024-06-24T15:21:09.770+0000] {dag.py:3490} INFO - Setting next_dagrun for tutorial_taskflow_api to None, run_after=None
[2024-06-24T15:21:09.779+0000] {processor.py:178} INFO - Processing /home/airflow/.local/lib/python3.7/site-packages/airflow/example_dags/tutorial_taskflow_api.py took 0.043 seconds
[2024-06-24T15:21:40.640+0000] {processor.py:156} INFO - Started process (PID=1924) to work on /home/airflow/.local/lib/python3.7/site-packages/airflow/example_dags/tutorial_taskflow_api.py
[2024-06-24T15:21:40.641+0000] {processor.py:799} INFO - Processing file /home/airflow/.local/lib/python3.7/site-packages/airflow/example_dags/tutorial_taskflow_api.py for tasks to queue
[2024-06-24T15:21:40.641+0000] {logging_mixin.py:149} INFO - [2024-06-24T15:21:40.641+0000] {dagbag.py:541} INFO - Filling up the DagBag from /home/airflow/.local/lib/python3.7/site-packages/airflow/example_dags/tutorial_taskflow_api.py
[2024-06-24T15:21:40.644+0000] {processor.py:809} INFO - DAG(s) dict_keys(['tutorial_taskflow_api']) retrieved from /home/airflow/.local/lib/python3.7/site-packages/airflow/example_dags/tutorial_taskflow_api.py
[2024-06-24T15:21:40.656+0000] {logging_mixin.py:149} INFO - [2024-06-24T15:21:40.656+0000] {dag.py:2726} INFO - Sync 1 DAGs
[2024-06-24T15:21:40.669+0000] {logging_mixin.py:149} INFO - [2024-06-24T15:21:40.669+0000] {dag.py:3490} INFO - Setting next_dagrun for tutorial_taskflow_api to None, run_after=None
[2024-06-24T15:21:40.676+0000] {processor.py:178} INFO - Processing /home/airflow/.local/lib/python3.7/site-packages/airflow/example_dags/tutorial_taskflow_api.py took 0.038 seconds
[2024-06-24T15:22:11.422+0000] {processor.py:156} INFO - Started process (PID=1993) to work on /home/airflow/.local/lib/python3.7/site-packages/airflow/example_dags/tutorial_taskflow_api.py
[2024-06-24T15:22:11.423+0000] {processor.py:799} INFO - Processing file /home/airflow/.local/lib/python3.7/site-packages/airflow/example_dags/tutorial_taskflow_api.py for tasks to queue
[2024-06-24T15:22:11.423+0000] {logging_mixin.py:149} INFO - [2024-06-24T15:22:11.423+0000] {dagbag.py:541} INFO - Filling up the DagBag from /home/airflow/.local/lib/python3.7/site-packages/airflow/example_dags/tutorial_taskflow_api.py
[2024-06-24T15:22:11.426+0000] {processor.py:809} INFO - DAG(s) dict_keys(['tutorial_taskflow_api']) retrieved from /home/airflow/.local/lib/python3.7/site-packages/airflow/example_dags/tutorial_taskflow_api.py
[2024-06-24T15:22:11.436+0000] {logging_mixin.py:149} INFO - [2024-06-24T15:22:11.436+0000] {dag.py:2726} INFO - Sync 1 DAGs
[2024-06-24T15:22:11.447+0000] {logging_mixin.py:149} INFO - [2024-06-24T15:22:11.447+0000] {dag.py:3490} INFO - Setting next_dagrun for tutorial_taskflow_api to None, run_after=None
[2024-06-24T15:22:11.455+0000] {processor.py:178} INFO - Processing /home/airflow/.local/lib/python3.7/site-packages/airflow/example_dags/tutorial_taskflow_api.py took 0.034 seconds
[2024-06-24T15:22:42.057+0000] {processor.py:156} INFO - Started process (PID=2061) to work on /home/airflow/.local/lib/python3.7/site-packages/airflow/example_dags/tutorial_taskflow_api.py
[2024-06-24T15:22:42.057+0000] {processor.py:799} INFO - Processing file /home/airflow/.local/lib/python3.7/site-packages/airflow/example_dags/tutorial_taskflow_api.py for tasks to queue
[2024-06-24T15:22:42.058+0000] {logging_mixin.py:149} INFO - [2024-06-24T15:22:42.057+0000] {dagbag.py:541} INFO - Filling up the DagBag from /home/airflow/.local/lib/python3.7/site-packages/airflow/example_dags/tutorial_taskflow_api.py
[2024-06-24T15:22:42.060+0000] {processor.py:809} INFO - DAG(s) dict_keys(['tutorial_taskflow_api']) retrieved from /home/airflow/.local/lib/python3.7/site-packages/airflow/example_dags/tutorial_taskflow_api.py
[2024-06-24T15:22:42.071+0000] {logging_mixin.py:149} INFO - [2024-06-24T15:22:42.071+0000] {dag.py:2726} INFO - Sync 1 DAGs
[2024-06-24T15:22:42.081+0000] {logging_mixin.py:149} INFO - [2024-06-24T15:22:42.081+0000] {dag.py:3490} INFO - Setting next_dagrun for tutorial_taskflow_api to None, run_after=None
[2024-06-24T15:22:42.088+0000] {processor.py:178} INFO - Processing /home/airflow/.local/lib/python3.7/site-packages/airflow/example_dags/tutorial_taskflow_api.py took 0.032 seconds
[2024-06-24T15:23:12.687+0000] {processor.py:156} INFO - Started process (PID=2130) to work on /home/airflow/.local/lib/python3.7/site-packages/airflow/example_dags/tutorial_taskflow_api.py
[2024-06-24T15:23:12.688+0000] {processor.py:799} INFO - Processing file /home/airflow/.local/lib/python3.7/site-packages/airflow/example_dags/tutorial_taskflow_api.py for tasks to queue
[2024-06-24T15:23:12.688+0000] {logging_mixin.py:149} INFO - [2024-06-24T15:23:12.688+0000] {dagbag.py:541} INFO - Filling up the DagBag from /home/airflow/.local/lib/python3.7/site-packages/airflow/example_dags/tutorial_taskflow_api.py
[2024-06-24T15:23:12.691+0000] {processor.py:809} INFO - DAG(s) dict_keys(['tutorial_taskflow_api']) retrieved from /home/airflow/.local/lib/python3.7/site-packages/airflow/example_dags/tutorial_taskflow_api.py
[2024-06-24T15:23:12.701+0000] {logging_mixin.py:149} INFO - [2024-06-24T15:23:12.701+0000] {dag.py:2726} INFO - Sync 1 DAGs
[2024-06-24T15:23:12.712+0000] {logging_mixin.py:149} INFO - [2024-06-24T15:23:12.712+0000] {dag.py:3490} INFO - Setting next_dagrun for tutorial_taskflow_api to None, run_after=None
[2024-06-24T15:23:12.720+0000] {processor.py:178} INFO - Processing /home/airflow/.local/lib/python3.7/site-packages/airflow/example_dags/tutorial_taskflow_api.py took 0.034 seconds
[2024-06-24T15:23:43.391+0000] {processor.py:156} INFO - Started process (PID=2199) to work on /home/airflow/.local/lib/python3.7/site-packages/airflow/example_dags/tutorial_taskflow_api.py
[2024-06-24T15:23:43.391+0000] {processor.py:799} INFO - Processing file /home/airflow/.local/lib/python3.7/site-packages/airflow/example_dags/tutorial_taskflow_api.py for tasks to queue
[2024-06-24T15:23:43.392+0000] {logging_mixin.py:149} INFO - [2024-06-24T15:23:43.392+0000] {dagbag.py:541} INFO - Filling up the DagBag from /home/airflow/.local/lib/python3.7/site-packages/airflow/example_dags/tutorial_taskflow_api.py
[2024-06-24T15:23:43.394+0000] {processor.py:809} INFO - DAG(s) dict_keys(['tutorial_taskflow_api']) retrieved from /home/airflow/.local/lib/python3.7/site-packages/airflow/example_dags/tutorial_taskflow_api.py
[2024-06-24T15:23:43.405+0000] {logging_mixin.py:149} INFO - [2024-06-24T15:23:43.405+0000] {dag.py:2726} INFO - Sync 1 DAGs
[2024-06-24T15:23:43.417+0000] {logging_mixin.py:149} INFO - [2024-06-24T15:23:43.417+0000] {dag.py:3490} INFO - Setting next_dagrun for tutorial_taskflow_api to None, run_after=None
[2024-06-24T15:23:43.425+0000] {processor.py:178} INFO - Processing /home/airflow/.local/lib/python3.7/site-packages/airflow/example_dags/tutorial_taskflow_api.py took 0.035 seconds
[2024-06-24T15:24:14.120+0000] {processor.py:156} INFO - Started process (PID=2268) to work on /home/airflow/.local/lib/python3.7/site-packages/airflow/example_dags/tutorial_taskflow_api.py
[2024-06-24T15:24:14.120+0000] {processor.py:799} INFO - Processing file /home/airflow/.local/lib/python3.7/site-packages/airflow/example_dags/tutorial_taskflow_api.py for tasks to queue
[2024-06-24T15:24:14.121+0000] {logging_mixin.py:149} INFO - [2024-06-24T15:24:14.121+0000] {dagbag.py:541} INFO - Filling up the DagBag from /home/airflow/.local/lib/python3.7/site-packages/airflow/example_dags/tutorial_taskflow_api.py
[2024-06-24T15:24:14.124+0000] {processor.py:809} INFO - DAG(s) dict_keys(['tutorial_taskflow_api']) retrieved from /home/airflow/.local/lib/python3.7/site-packages/airflow/example_dags/tutorial_taskflow_api.py
[2024-06-24T15:24:14.135+0000] {logging_mixin.py:149} INFO - [2024-06-24T15:24:14.135+0000] {dag.py:2726} INFO - Sync 1 DAGs
[2024-06-24T15:24:14.146+0000] {logging_mixin.py:149} INFO - [2024-06-24T15:24:14.146+0000] {dag.py:3490} INFO - Setting next_dagrun for tutorial_taskflow_api to None, run_after=None
[2024-06-24T15:24:14.154+0000] {processor.py:178} INFO - Processing /home/airflow/.local/lib/python3.7/site-packages/airflow/example_dags/tutorial_taskflow_api.py took 0.035 seconds
[2024-06-24T15:24:44.699+0000] {processor.py:156} INFO - Started process (PID=2337) to work on /home/airflow/.local/lib/python3.7/site-packages/airflow/example_dags/tutorial_taskflow_api.py
[2024-06-24T15:24:44.700+0000] {processor.py:799} INFO - Processing file /home/airflow/.local/lib/python3.7/site-packages/airflow/example_dags/tutorial_taskflow_api.py for tasks to queue
[2024-06-24T15:24:44.700+0000] {logging_mixin.py:149} INFO - [2024-06-24T15:24:44.700+0000] {dagbag.py:541} INFO - Filling up the DagBag from /home/airflow/.local/lib/python3.7/site-packages/airflow/example_dags/tutorial_taskflow_api.py
[2024-06-24T15:24:44.703+0000] {processor.py:809} INFO - DAG(s) dict_keys(['tutorial_taskflow_api']) retrieved from /home/airflow/.local/lib/python3.7/site-packages/airflow/example_dags/tutorial_taskflow_api.py
[2024-06-24T15:24:44.715+0000] {logging_mixin.py:149} INFO - [2024-06-24T15:24:44.715+0000] {dag.py:2726} INFO - Sync 1 DAGs
[2024-06-24T15:24:44.727+0000] {logging_mixin.py:149} INFO - [2024-06-24T15:24:44.727+0000] {dag.py:3490} INFO - Setting next_dagrun for tutorial_taskflow_api to None, run_after=None
[2024-06-24T15:24:44.735+0000] {processor.py:178} INFO - Processing /home/airflow/.local/lib/python3.7/site-packages/airflow/example_dags/tutorial_taskflow_api.py took 0.038 seconds
[2024-06-24T15:25:15.254+0000] {processor.py:156} INFO - Started process (PID=2405) to work on /home/airflow/.local/lib/python3.7/site-packages/airflow/example_dags/tutorial_taskflow_api.py
[2024-06-24T15:25:15.255+0000] {processor.py:799} INFO - Processing file /home/airflow/.local/lib/python3.7/site-packages/airflow/example_dags/tutorial_taskflow_api.py for tasks to queue
[2024-06-24T15:25:15.255+0000] {logging_mixin.py:149} INFO - [2024-06-24T15:25:15.255+0000] {dagbag.py:541} INFO - Filling up the DagBag from /home/airflow/.local/lib/python3.7/site-packages/airflow/example_dags/tutorial_taskflow_api.py
[2024-06-24T15:25:15.258+0000] {processor.py:809} INFO - DAG(s) dict_keys(['tutorial_taskflow_api']) retrieved from /home/airflow/.local/lib/python3.7/site-packages/airflow/example_dags/tutorial_taskflow_api.py
[2024-06-24T15:25:15.270+0000] {logging_mixin.py:149} INFO - [2024-06-24T15:25:15.270+0000] {dag.py:2726} INFO - Sync 1 DAGs
[2024-06-24T15:25:15.283+0000] {logging_mixin.py:149} INFO - [2024-06-24T15:25:15.283+0000] {dag.py:3490} INFO - Setting next_dagrun for tutorial_taskflow_api to None, run_after=None
[2024-06-24T15:25:15.291+0000] {processor.py:178} INFO - Processing /home/airflow/.local/lib/python3.7/site-packages/airflow/example_dags/tutorial_taskflow_api.py took 0.038 seconds
[2024-06-24T15:25:45.826+0000] {processor.py:156} INFO - Started process (PID=2473) to work on /home/airflow/.local/lib/python3.7/site-packages/airflow/example_dags/tutorial_taskflow_api.py
[2024-06-24T15:25:45.827+0000] {processor.py:799} INFO - Processing file /home/airflow/.local/lib/python3.7/site-packages/airflow/example_dags/tutorial_taskflow_api.py for tasks to queue
[2024-06-24T15:25:45.827+0000] {logging_mixin.py:149} INFO - [2024-06-24T15:25:45.827+0000] {dagbag.py:541} INFO - Filling up the DagBag from /home/airflow/.local/lib/python3.7/site-packages/airflow/example_dags/tutorial_taskflow_api.py
[2024-06-24T15:25:45.830+0000] {processor.py:809} INFO - DAG(s) dict_keys(['tutorial_taskflow_api']) retrieved from /home/airflow/.local/lib/python3.7/site-packages/airflow/example_dags/tutorial_taskflow_api.py
[2024-06-24T15:25:45.841+0000] {logging_mixin.py:149} INFO - [2024-06-24T15:25:45.841+0000] {dag.py:2726} INFO - Sync 1 DAGs
[2024-06-24T15:25:45.853+0000] {logging_mixin.py:149} INFO - [2024-06-24T15:25:45.853+0000] {dag.py:3490} INFO - Setting next_dagrun for tutorial_taskflow_api to None, run_after=None
[2024-06-24T15:25:45.862+0000] {processor.py:178} INFO - Processing /home/airflow/.local/lib/python3.7/site-packages/airflow/example_dags/tutorial_taskflow_api.py took 0.037 seconds
[2024-06-24T15:26:16.451+0000] {processor.py:156} INFO - Started process (PID=2549) to work on /home/airflow/.local/lib/python3.7/site-packages/airflow/example_dags/tutorial_taskflow_api.py
[2024-06-24T15:26:16.451+0000] {processor.py:799} INFO - Processing file /home/airflow/.local/lib/python3.7/site-packages/airflow/example_dags/tutorial_taskflow_api.py for tasks to queue
[2024-06-24T15:26:16.452+0000] {logging_mixin.py:149} INFO - [2024-06-24T15:26:16.452+0000] {dagbag.py:541} INFO - Filling up the DagBag from /home/airflow/.local/lib/python3.7/site-packages/airflow/example_dags/tutorial_taskflow_api.py
[2024-06-24T15:26:16.454+0000] {processor.py:809} INFO - DAG(s) dict_keys(['tutorial_taskflow_api']) retrieved from /home/airflow/.local/lib/python3.7/site-packages/airflow/example_dags/tutorial_taskflow_api.py
[2024-06-24T15:26:16.466+0000] {logging_mixin.py:149} INFO - [2024-06-24T15:26:16.466+0000] {dag.py:2726} INFO - Sync 1 DAGs
[2024-06-24T15:26:16.477+0000] {logging_mixin.py:149} INFO - [2024-06-24T15:26:16.477+0000] {dag.py:3490} INFO - Setting next_dagrun for tutorial_taskflow_api to None, run_after=None
[2024-06-24T15:26:16.484+0000] {processor.py:178} INFO - Processing /home/airflow/.local/lib/python3.7/site-packages/airflow/example_dags/tutorial_taskflow_api.py took 0.034 seconds
[2024-06-24T15:26:47.123+0000] {processor.py:156} INFO - Started process (PID=2618) to work on /home/airflow/.local/lib/python3.7/site-packages/airflow/example_dags/tutorial_taskflow_api.py
[2024-06-24T15:26:47.123+0000] {processor.py:799} INFO - Processing file /home/airflow/.local/lib/python3.7/site-packages/airflow/example_dags/tutorial_taskflow_api.py for tasks to queue
[2024-06-24T15:26:47.124+0000] {logging_mixin.py:149} INFO - [2024-06-24T15:26:47.124+0000] {dagbag.py:541} INFO - Filling up the DagBag from /home/airflow/.local/lib/python3.7/site-packages/airflow/example_dags/tutorial_taskflow_api.py
[2024-06-24T15:26:47.127+0000] {processor.py:809} INFO - DAG(s) dict_keys(['tutorial_taskflow_api']) retrieved from /home/airflow/.local/lib/python3.7/site-packages/airflow/example_dags/tutorial_taskflow_api.py
[2024-06-24T15:26:47.139+0000] {logging_mixin.py:149} INFO - [2024-06-24T15:26:47.139+0000] {dag.py:2726} INFO - Sync 1 DAGs
[2024-06-24T15:26:47.151+0000] {logging_mixin.py:149} INFO - [2024-06-24T15:26:47.151+0000] {dag.py:3490} INFO - Setting next_dagrun for tutorial_taskflow_api to None, run_after=None
[2024-06-24T15:26:47.158+0000] {processor.py:178} INFO - Processing /home/airflow/.local/lib/python3.7/site-packages/airflow/example_dags/tutorial_taskflow_api.py took 0.037 seconds
[2024-06-24T15:27:17.998+0000] {processor.py:156} INFO - Started process (PID=2687) to work on /home/airflow/.local/lib/python3.7/site-packages/airflow/example_dags/tutorial_taskflow_api.py
[2024-06-24T15:27:17.998+0000] {processor.py:799} INFO - Processing file /home/airflow/.local/lib/python3.7/site-packages/airflow/example_dags/tutorial_taskflow_api.py for tasks to queue
[2024-06-24T15:27:17.999+0000] {logging_mixin.py:149} INFO - [2024-06-24T15:27:17.999+0000] {dagbag.py:541} INFO - Filling up the DagBag from /home/airflow/.local/lib/python3.7/site-packages/airflow/example_dags/tutorial_taskflow_api.py
[2024-06-24T15:27:18.005+0000] {processor.py:809} INFO - DAG(s) dict_keys(['tutorial_taskflow_api']) retrieved from /home/airflow/.local/lib/python3.7/site-packages/airflow/example_dags/tutorial_taskflow_api.py
[2024-06-24T15:27:18.030+0000] {logging_mixin.py:149} INFO - [2024-06-24T15:27:18.030+0000] {dag.py:2726} INFO - Sync 1 DAGs
[2024-06-24T15:27:18.049+0000] {logging_mixin.py:149} INFO - [2024-06-24T15:27:18.049+0000] {dag.py:3490} INFO - Setting next_dagrun for tutorial_taskflow_api to None, run_after=None
[2024-06-24T15:27:18.059+0000] {processor.py:178} INFO - Processing /home/airflow/.local/lib/python3.7/site-packages/airflow/example_dags/tutorial_taskflow_api.py took 0.062 seconds
[2024-06-24T15:27:48.848+0000] {processor.py:156} INFO - Started process (PID=2756) to work on /home/airflow/.local/lib/python3.7/site-packages/airflow/example_dags/tutorial_taskflow_api.py
[2024-06-24T15:27:48.849+0000] {processor.py:799} INFO - Processing file /home/airflow/.local/lib/python3.7/site-packages/airflow/example_dags/tutorial_taskflow_api.py for tasks to queue
[2024-06-24T15:27:48.850+0000] {logging_mixin.py:149} INFO - [2024-06-24T15:27:48.850+0000] {dagbag.py:541} INFO - Filling up the DagBag from /home/airflow/.local/lib/python3.7/site-packages/airflow/example_dags/tutorial_taskflow_api.py
[2024-06-24T15:27:48.854+0000] {processor.py:809} INFO - DAG(s) dict_keys(['tutorial_taskflow_api']) retrieved from /home/airflow/.local/lib/python3.7/site-packages/airflow/example_dags/tutorial_taskflow_api.py
[2024-06-24T15:27:48.869+0000] {logging_mixin.py:149} INFO - [2024-06-24T15:27:48.869+0000] {dag.py:2726} INFO - Sync 1 DAGs
[2024-06-24T15:27:48.885+0000] {logging_mixin.py:149} INFO - [2024-06-24T15:27:48.884+0000] {dag.py:3490} INFO - Setting next_dagrun for tutorial_taskflow_api to None, run_after=None
[2024-06-24T15:27:48.896+0000] {processor.py:178} INFO - Processing /home/airflow/.local/lib/python3.7/site-packages/airflow/example_dags/tutorial_taskflow_api.py took 0.050 seconds
[2024-06-24T15:28:19.802+0000] {processor.py:156} INFO - Started process (PID=2825) to work on /home/airflow/.local/lib/python3.7/site-packages/airflow/example_dags/tutorial_taskflow_api.py
[2024-06-24T15:28:19.803+0000] {processor.py:799} INFO - Processing file /home/airflow/.local/lib/python3.7/site-packages/airflow/example_dags/tutorial_taskflow_api.py for tasks to queue
[2024-06-24T15:28:19.803+0000] {logging_mixin.py:149} INFO - [2024-06-24T15:28:19.803+0000] {dagbag.py:541} INFO - Filling up the DagBag from /home/airflow/.local/lib/python3.7/site-packages/airflow/example_dags/tutorial_taskflow_api.py
[2024-06-24T15:28:19.806+0000] {processor.py:809} INFO - DAG(s) dict_keys(['tutorial_taskflow_api']) retrieved from /home/airflow/.local/lib/python3.7/site-packages/airflow/example_dags/tutorial_taskflow_api.py
[2024-06-24T15:28:19.816+0000] {logging_mixin.py:149} INFO - [2024-06-24T15:28:19.816+0000] {dag.py:2726} INFO - Sync 1 DAGs
[2024-06-24T15:28:19.828+0000] {logging_mixin.py:149} INFO - [2024-06-24T15:28:19.827+0000] {dag.py:3490} INFO - Setting next_dagrun for tutorial_taskflow_api to None, run_after=None
[2024-06-24T15:28:19.835+0000] {processor.py:178} INFO - Processing /home/airflow/.local/lib/python3.7/site-packages/airflow/example_dags/tutorial_taskflow_api.py took 0.034 seconds
[2024-06-24T15:28:50.700+0000] {processor.py:156} INFO - Started process (PID=2894) to work on /home/airflow/.local/lib/python3.7/site-packages/airflow/example_dags/tutorial_taskflow_api.py
[2024-06-24T15:28:50.700+0000] {processor.py:799} INFO - Processing file /home/airflow/.local/lib/python3.7/site-packages/airflow/example_dags/tutorial_taskflow_api.py for tasks to queue
[2024-06-24T15:28:50.701+0000] {logging_mixin.py:149} INFO - [2024-06-24T15:28:50.701+0000] {dagbag.py:541} INFO - Filling up the DagBag from /home/airflow/.local/lib/python3.7/site-packages/airflow/example_dags/tutorial_taskflow_api.py
[2024-06-24T15:28:50.703+0000] {processor.py:809} INFO - DAG(s) dict_keys(['tutorial_taskflow_api']) retrieved from /home/airflow/.local/lib/python3.7/site-packages/airflow/example_dags/tutorial_taskflow_api.py
[2024-06-24T15:28:50.714+0000] {logging_mixin.py:149} INFO - [2024-06-24T15:28:50.714+0000] {dag.py:2726} INFO - Sync 1 DAGs
[2024-06-24T15:28:50.725+0000] {logging_mixin.py:149} INFO - [2024-06-24T15:28:50.725+0000] {dag.py:3490} INFO - Setting next_dagrun for tutorial_taskflow_api to None, run_after=None
[2024-06-24T15:28:50.732+0000] {processor.py:178} INFO - Processing /home/airflow/.local/lib/python3.7/site-packages/airflow/example_dags/tutorial_taskflow_api.py took 0.033 seconds
[2024-06-24T15:29:21.323+0000] {processor.py:156} INFO - Started process (PID=2962) to work on /home/airflow/.local/lib/python3.7/site-packages/airflow/example_dags/tutorial_taskflow_api.py
[2024-06-24T15:29:21.324+0000] {processor.py:799} INFO - Processing file /home/airflow/.local/lib/python3.7/site-packages/airflow/example_dags/tutorial_taskflow_api.py for tasks to queue
[2024-06-24T15:29:21.324+0000] {logging_mixin.py:149} INFO - [2024-06-24T15:29:21.324+0000] {dagbag.py:541} INFO - Filling up the DagBag from /home/airflow/.local/lib/python3.7/site-packages/airflow/example_dags/tutorial_taskflow_api.py
[2024-06-24T15:29:21.327+0000] {processor.py:809} INFO - DAG(s) dict_keys(['tutorial_taskflow_api']) retrieved from /home/airflow/.local/lib/python3.7/site-packages/airflow/example_dags/tutorial_taskflow_api.py
[2024-06-24T15:29:21.339+0000] {logging_mixin.py:149} INFO - [2024-06-24T15:29:21.339+0000] {dag.py:2726} INFO - Sync 1 DAGs
[2024-06-24T15:29:21.350+0000] {logging_mixin.py:149} INFO - [2024-06-24T15:29:21.350+0000] {dag.py:3490} INFO - Setting next_dagrun for tutorial_taskflow_api to None, run_after=None
[2024-06-24T15:29:21.358+0000] {processor.py:178} INFO - Processing /home/airflow/.local/lib/python3.7/site-packages/airflow/example_dags/tutorial_taskflow_api.py took 0.036 seconds
[2024-06-24T15:29:52.031+0000] {processor.py:156} INFO - Started process (PID=3031) to work on /home/airflow/.local/lib/python3.7/site-packages/airflow/example_dags/tutorial_taskflow_api.py
[2024-06-24T15:29:52.032+0000] {processor.py:799} INFO - Processing file /home/airflow/.local/lib/python3.7/site-packages/airflow/example_dags/tutorial_taskflow_api.py for tasks to queue
[2024-06-24T15:29:52.032+0000] {logging_mixin.py:149} INFO - [2024-06-24T15:29:52.032+0000] {dagbag.py:541} INFO - Filling up the DagBag from /home/airflow/.local/lib/python3.7/site-packages/airflow/example_dags/tutorial_taskflow_api.py
[2024-06-24T15:29:52.036+0000] {processor.py:809} INFO - DAG(s) dict_keys(['tutorial_taskflow_api']) retrieved from /home/airflow/.local/lib/python3.7/site-packages/airflow/example_dags/tutorial_taskflow_api.py
[2024-06-24T15:29:52.050+0000] {logging_mixin.py:149} INFO - [2024-06-24T15:29:52.050+0000] {dag.py:2726} INFO - Sync 1 DAGs
[2024-06-24T15:29:52.062+0000] {logging_mixin.py:149} INFO - [2024-06-24T15:29:52.062+0000] {dag.py:3490} INFO - Setting next_dagrun for tutorial_taskflow_api to None, run_after=None
[2024-06-24T15:29:52.069+0000] {processor.py:178} INFO - Processing /home/airflow/.local/lib/python3.7/site-packages/airflow/example_dags/tutorial_taskflow_api.py took 0.039 seconds
[2024-06-24T15:30:22.643+0000] {processor.py:156} INFO - Started process (PID=3099) to work on /home/airflow/.local/lib/python3.7/site-packages/airflow/example_dags/tutorial_taskflow_api.py
[2024-06-24T15:30:22.644+0000] {processor.py:799} INFO - Processing file /home/airflow/.local/lib/python3.7/site-packages/airflow/example_dags/tutorial_taskflow_api.py for tasks to queue
[2024-06-24T15:30:22.644+0000] {logging_mixin.py:149} INFO - [2024-06-24T15:30:22.644+0000] {dagbag.py:541} INFO - Filling up the DagBag from /home/airflow/.local/lib/python3.7/site-packages/airflow/example_dags/tutorial_taskflow_api.py
[2024-06-24T15:30:22.648+0000] {processor.py:809} INFO - DAG(s) dict_keys(['tutorial_taskflow_api']) retrieved from /home/airflow/.local/lib/python3.7/site-packages/airflow/example_dags/tutorial_taskflow_api.py
[2024-06-24T15:30:22.662+0000] {logging_mixin.py:149} INFO - [2024-06-24T15:30:22.662+0000] {dag.py:2726} INFO - Sync 1 DAGs
[2024-06-24T15:30:22.675+0000] {logging_mixin.py:149} INFO - [2024-06-24T15:30:22.675+0000] {dag.py:3490} INFO - Setting next_dagrun for tutorial_taskflow_api to None, run_after=None
[2024-06-24T15:30:22.683+0000] {processor.py:178} INFO - Processing /home/airflow/.local/lib/python3.7/site-packages/airflow/example_dags/tutorial_taskflow_api.py took 0.041 seconds
