[2024-06-24T15:03:49.695+0000] {processor.py:156} INFO - Started process (PID=55) to work on /home/airflow/.local/lib/python3.7/site-packages/airflow/example_dags/tutorial.py
[2024-06-24T15:03:49.696+0000] {processor.py:799} INFO - Processing file /home/airflow/.local/lib/python3.7/site-packages/airflow/example_dags/tutorial.py for tasks to queue
[2024-06-24T15:03:49.696+0000] {logging_mixin.py:149} INFO - [2024-06-24T15:03:49.696+0000] {dagbag.py:541} INFO - Filling up the DagBag from /home/airflow/.local/lib/python3.7/site-packages/airflow/example_dags/tutorial.py
[2024-06-24T15:03:49.704+0000] {processor.py:809} INFO - DAG(s) dict_keys(['tutorial']) retrieved from /home/airflow/.local/lib/python3.7/site-packages/airflow/example_dags/tutorial.py
[2024-06-24T15:03:49.771+0000] {logging_mixin.py:149} INFO - [2024-06-24T15:03:49.771+0000] {manager.py:504} INFO - Created Permission View: can delete on DAG:tutorial
[2024-06-24T15:03:49.778+0000] {logging_mixin.py:149} INFO - [2024-06-24T15:03:49.778+0000] {manager.py:504} INFO - Created Permission View: can edit on DAG:tutorial
[2024-06-24T15:03:49.782+0000] {logging_mixin.py:149} INFO - [2024-06-24T15:03:49.782+0000] {manager.py:504} INFO - Created Permission View: can read on DAG:tutorial
[2024-06-24T15:03:49.783+0000] {logging_mixin.py:149} INFO - [2024-06-24T15:03:49.783+0000] {dag.py:2726} INFO - Sync 1 DAGs
[2024-06-24T15:03:49.790+0000] {logging_mixin.py:149} INFO - [2024-06-24T15:03:49.790+0000] {dag.py:2747} INFO - Creating ORM DAG for tutorial
[2024-06-24T15:03:49.796+0000] {logging_mixin.py:149} INFO - [2024-06-24T15:03:49.796+0000] {dag.py:3490} INFO - Setting next_dagrun for tutorial to 2024-06-23T15:03:49.796624+00:00, run_after=2024-06-24T15:03:49.796624+00:00
[2024-06-24T15:03:49.807+0000] {processor.py:178} INFO - Processing /home/airflow/.local/lib/python3.7/site-packages/airflow/example_dags/tutorial.py took 0.113 seconds
[2024-06-24T15:04:19.846+0000] {processor.py:156} INFO - Started process (PID=124) to work on /home/airflow/.local/lib/python3.7/site-packages/airflow/example_dags/tutorial.py
[2024-06-24T15:04:19.846+0000] {processor.py:799} INFO - Processing file /home/airflow/.local/lib/python3.7/site-packages/airflow/example_dags/tutorial.py for tasks to queue
[2024-06-24T15:04:19.847+0000] {logging_mixin.py:149} INFO - [2024-06-24T15:04:19.847+0000] {dagbag.py:541} INFO - Filling up the DagBag from /home/airflow/.local/lib/python3.7/site-packages/airflow/example_dags/tutorial.py
[2024-06-24T15:04:19.849+0000] {processor.py:809} INFO - DAG(s) dict_keys(['tutorial']) retrieved from /home/airflow/.local/lib/python3.7/site-packages/airflow/example_dags/tutorial.py
[2024-06-24T15:04:19.857+0000] {logging_mixin.py:149} INFO - [2024-06-24T15:04:19.857+0000] {dag.py:2726} INFO - Sync 1 DAGs
[2024-06-24T15:04:19.867+0000] {logging_mixin.py:149} INFO - [2024-06-24T15:04:19.867+0000] {dag.py:3490} INFO - Setting next_dagrun for tutorial to 2024-06-23T15:04:19.867341+00:00, run_after=2024-06-24T15:04:19.867341+00:00
[2024-06-24T15:04:19.874+0000] {processor.py:178} INFO - Processing /home/airflow/.local/lib/python3.7/site-packages/airflow/example_dags/tutorial.py took 0.029 seconds
[2024-06-24T15:04:50.494+0000] {processor.py:156} INFO - Started process (PID=192) to work on /home/airflow/.local/lib/python3.7/site-packages/airflow/example_dags/tutorial.py
[2024-06-24T15:04:50.494+0000] {processor.py:799} INFO - Processing file /home/airflow/.local/lib/python3.7/site-packages/airflow/example_dags/tutorial.py for tasks to queue
[2024-06-24T15:04:50.494+0000] {logging_mixin.py:149} INFO - [2024-06-24T15:04:50.494+0000] {dagbag.py:541} INFO - Filling up the DagBag from /home/airflow/.local/lib/python3.7/site-packages/airflow/example_dags/tutorial.py
[2024-06-24T15:04:50.497+0000] {processor.py:809} INFO - DAG(s) dict_keys(['tutorial']) retrieved from /home/airflow/.local/lib/python3.7/site-packages/airflow/example_dags/tutorial.py
[2024-06-24T15:04:50.507+0000] {logging_mixin.py:149} INFO - [2024-06-24T15:04:50.506+0000] {dag.py:2726} INFO - Sync 1 DAGs
[2024-06-24T15:04:50.521+0000] {logging_mixin.py:149} INFO - [2024-06-24T15:04:50.520+0000] {dag.py:3490} INFO - Setting next_dagrun for tutorial to 2024-06-23T15:04:50.520802+00:00, run_after=2024-06-24T15:04:50.520802+00:00
[2024-06-24T15:04:50.528+0000] {processor.py:178} INFO - Processing /home/airflow/.local/lib/python3.7/site-packages/airflow/example_dags/tutorial.py took 0.035 seconds
[2024-06-24T15:05:21.048+0000] {processor.py:156} INFO - Started process (PID=261) to work on /home/airflow/.local/lib/python3.7/site-packages/airflow/example_dags/tutorial.py
[2024-06-24T15:05:21.049+0000] {processor.py:799} INFO - Processing file /home/airflow/.local/lib/python3.7/site-packages/airflow/example_dags/tutorial.py for tasks to queue
[2024-06-24T15:05:21.049+0000] {logging_mixin.py:149} INFO - [2024-06-24T15:05:21.049+0000] {dagbag.py:541} INFO - Filling up the DagBag from /home/airflow/.local/lib/python3.7/site-packages/airflow/example_dags/tutorial.py
[2024-06-24T15:05:21.052+0000] {processor.py:809} INFO - DAG(s) dict_keys(['tutorial']) retrieved from /home/airflow/.local/lib/python3.7/site-packages/airflow/example_dags/tutorial.py
[2024-06-24T15:05:21.061+0000] {logging_mixin.py:149} INFO - [2024-06-24T15:05:21.061+0000] {dag.py:2726} INFO - Sync 1 DAGs
[2024-06-24T15:05:21.072+0000] {logging_mixin.py:149} INFO - [2024-06-24T15:05:21.072+0000] {dag.py:3490} INFO - Setting next_dagrun for tutorial to 2024-06-23T15:05:21.071984+00:00, run_after=2024-06-24T15:05:21.071984+00:00
[2024-06-24T15:05:21.079+0000] {processor.py:178} INFO - Processing /home/airflow/.local/lib/python3.7/site-packages/airflow/example_dags/tutorial.py took 0.032 seconds
[2024-06-24T15:05:51.675+0000] {processor.py:156} INFO - Started process (PID=330) to work on /home/airflow/.local/lib/python3.7/site-packages/airflow/example_dags/tutorial.py
[2024-06-24T15:05:51.676+0000] {processor.py:799} INFO - Processing file /home/airflow/.local/lib/python3.7/site-packages/airflow/example_dags/tutorial.py for tasks to queue
[2024-06-24T15:05:51.677+0000] {logging_mixin.py:149} INFO - [2024-06-24T15:05:51.677+0000] {dagbag.py:541} INFO - Filling up the DagBag from /home/airflow/.local/lib/python3.7/site-packages/airflow/example_dags/tutorial.py
[2024-06-24T15:05:51.680+0000] {processor.py:809} INFO - DAG(s) dict_keys(['tutorial']) retrieved from /home/airflow/.local/lib/python3.7/site-packages/airflow/example_dags/tutorial.py
[2024-06-24T15:05:51.690+0000] {logging_mixin.py:149} INFO - [2024-06-24T15:05:51.690+0000] {dag.py:2726} INFO - Sync 1 DAGs
[2024-06-24T15:05:51.703+0000] {logging_mixin.py:149} INFO - [2024-06-24T15:05:51.703+0000] {dag.py:3490} INFO - Setting next_dagrun for tutorial to 2024-06-23T15:05:51.703379+00:00, run_after=2024-06-24T15:05:51.703379+00:00
[2024-06-24T15:05:51.711+0000] {processor.py:178} INFO - Processing /home/airflow/.local/lib/python3.7/site-packages/airflow/example_dags/tutorial.py took 0.037 seconds
[2024-06-24T15:06:22.324+0000] {processor.py:156} INFO - Started process (PID=398) to work on /home/airflow/.local/lib/python3.7/site-packages/airflow/example_dags/tutorial.py
[2024-06-24T15:06:22.324+0000] {processor.py:799} INFO - Processing file /home/airflow/.local/lib/python3.7/site-packages/airflow/example_dags/tutorial.py for tasks to queue
[2024-06-24T15:06:22.324+0000] {logging_mixin.py:149} INFO - [2024-06-24T15:06:22.324+0000] {dagbag.py:541} INFO - Filling up the DagBag from /home/airflow/.local/lib/python3.7/site-packages/airflow/example_dags/tutorial.py
[2024-06-24T15:06:22.327+0000] {processor.py:809} INFO - DAG(s) dict_keys(['tutorial']) retrieved from /home/airflow/.local/lib/python3.7/site-packages/airflow/example_dags/tutorial.py
[2024-06-24T15:06:22.336+0000] {logging_mixin.py:149} INFO - [2024-06-24T15:06:22.336+0000] {dag.py:2726} INFO - Sync 1 DAGs
[2024-06-24T15:06:22.347+0000] {logging_mixin.py:149} INFO - [2024-06-24T15:06:22.346+0000] {dag.py:3490} INFO - Setting next_dagrun for tutorial to 2024-06-23T15:06:22.346874+00:00, run_after=2024-06-24T15:06:22.346874+00:00
[2024-06-24T15:06:22.353+0000] {processor.py:178} INFO - Processing /home/airflow/.local/lib/python3.7/site-packages/airflow/example_dags/tutorial.py took 0.031 seconds
[2024-06-24T15:06:52.935+0000] {processor.py:156} INFO - Started process (PID=467) to work on /home/airflow/.local/lib/python3.7/site-packages/airflow/example_dags/tutorial.py
[2024-06-24T15:06:52.935+0000] {processor.py:799} INFO - Processing file /home/airflow/.local/lib/python3.7/site-packages/airflow/example_dags/tutorial.py for tasks to queue
[2024-06-24T15:06:52.935+0000] {logging_mixin.py:149} INFO - [2024-06-24T15:06:52.935+0000] {dagbag.py:541} INFO - Filling up the DagBag from /home/airflow/.local/lib/python3.7/site-packages/airflow/example_dags/tutorial.py
[2024-06-24T15:06:52.939+0000] {processor.py:809} INFO - DAG(s) dict_keys(['tutorial']) retrieved from /home/airflow/.local/lib/python3.7/site-packages/airflow/example_dags/tutorial.py
[2024-06-24T15:06:52.948+0000] {logging_mixin.py:149} INFO - [2024-06-24T15:06:52.947+0000] {dag.py:2726} INFO - Sync 1 DAGs
[2024-06-24T15:06:52.958+0000] {logging_mixin.py:149} INFO - [2024-06-24T15:06:52.958+0000] {dag.py:3490} INFO - Setting next_dagrun for tutorial to 2024-06-23T15:06:52.958195+00:00, run_after=2024-06-24T15:06:52.958195+00:00
[2024-06-24T15:06:52.965+0000] {processor.py:178} INFO - Processing /home/airflow/.local/lib/python3.7/site-packages/airflow/example_dags/tutorial.py took 0.031 seconds
[2024-06-24T15:07:53.352+0000] {processor.py:156} INFO - Started process (PID=55) to work on /home/airflow/.local/lib/python3.7/site-packages/airflow/example_dags/tutorial.py
[2024-06-24T15:07:53.352+0000] {processor.py:799} INFO - Processing file /home/airflow/.local/lib/python3.7/site-packages/airflow/example_dags/tutorial.py for tasks to queue
[2024-06-24T15:07:53.353+0000] {logging_mixin.py:149} INFO - [2024-06-24T15:07:53.353+0000] {dagbag.py:541} INFO - Filling up the DagBag from /home/airflow/.local/lib/python3.7/site-packages/airflow/example_dags/tutorial.py
[2024-06-24T15:07:53.357+0000] {processor.py:809} INFO - DAG(s) dict_keys(['tutorial']) retrieved from /home/airflow/.local/lib/python3.7/site-packages/airflow/example_dags/tutorial.py
[2024-06-24T15:07:53.364+0000] {logging_mixin.py:149} INFO - [2024-06-24T15:07:53.364+0000] {dag.py:2726} INFO - Sync 1 DAGs
[2024-06-24T15:07:53.377+0000] {logging_mixin.py:149} INFO - [2024-06-24T15:07:53.377+0000] {dag.py:3490} INFO - Setting next_dagrun for tutorial to 2024-06-23T15:07:53.377124+00:00, run_after=2024-06-24T15:07:53.377124+00:00
[2024-06-24T15:07:53.385+0000] {processor.py:178} INFO - Processing /home/airflow/.local/lib/python3.7/site-packages/airflow/example_dags/tutorial.py took 0.034 seconds
[2024-06-24T15:08:23.661+0000] {processor.py:156} INFO - Started process (PID=119) to work on /home/airflow/.local/lib/python3.7/site-packages/airflow/example_dags/tutorial.py
[2024-06-24T15:08:23.662+0000] {processor.py:799} INFO - Processing file /home/airflow/.local/lib/python3.7/site-packages/airflow/example_dags/tutorial.py for tasks to queue
[2024-06-24T15:08:23.663+0000] {logging_mixin.py:149} INFO - [2024-06-24T15:08:23.663+0000] {dagbag.py:541} INFO - Filling up the DagBag from /home/airflow/.local/lib/python3.7/site-packages/airflow/example_dags/tutorial.py
[2024-06-24T15:08:23.667+0000] {processor.py:809} INFO - DAG(s) dict_keys(['tutorial']) retrieved from /home/airflow/.local/lib/python3.7/site-packages/airflow/example_dags/tutorial.py
[2024-06-24T15:08:23.677+0000] {logging_mixin.py:149} INFO - [2024-06-24T15:08:23.677+0000] {dag.py:2726} INFO - Sync 1 DAGs
[2024-06-24T15:08:23.693+0000] {logging_mixin.py:149} INFO - [2024-06-24T15:08:23.693+0000] {dag.py:3490} INFO - Setting next_dagrun for tutorial to 2024-06-23T15:08:23.693324+00:00, run_after=2024-06-24T15:08:23.693324+00:00
[2024-06-24T15:08:23.725+0000] {processor.py:178} INFO - Processing /home/airflow/.local/lib/python3.7/site-packages/airflow/example_dags/tutorial.py took 0.065 seconds
[2024-06-24T15:08:54.434+0000] {processor.py:156} INFO - Started process (PID=197) to work on /home/airflow/.local/lib/python3.7/site-packages/airflow/example_dags/tutorial.py
[2024-06-24T15:08:54.435+0000] {processor.py:799} INFO - Processing file /home/airflow/.local/lib/python3.7/site-packages/airflow/example_dags/tutorial.py for tasks to queue
[2024-06-24T15:08:54.435+0000] {logging_mixin.py:149} INFO - [2024-06-24T15:08:54.435+0000] {dagbag.py:541} INFO - Filling up the DagBag from /home/airflow/.local/lib/python3.7/site-packages/airflow/example_dags/tutorial.py
[2024-06-24T15:08:54.438+0000] {processor.py:809} INFO - DAG(s) dict_keys(['tutorial']) retrieved from /home/airflow/.local/lib/python3.7/site-packages/airflow/example_dags/tutorial.py
[2024-06-24T15:08:54.447+0000] {logging_mixin.py:149} INFO - [2024-06-24T15:08:54.447+0000] {dag.py:2726} INFO - Sync 1 DAGs
[2024-06-24T15:08:54.458+0000] {logging_mixin.py:149} INFO - [2024-06-24T15:08:54.458+0000] {dag.py:3490} INFO - Setting next_dagrun for tutorial to 2024-06-23T15:08:54.458346+00:00, run_after=2024-06-24T15:08:54.458346+00:00
[2024-06-24T15:08:54.465+0000] {processor.py:178} INFO - Processing /home/airflow/.local/lib/python3.7/site-packages/airflow/example_dags/tutorial.py took 0.032 seconds
[2024-06-24T15:09:25.218+0000] {processor.py:156} INFO - Started process (PID=266) to work on /home/airflow/.local/lib/python3.7/site-packages/airflow/example_dags/tutorial.py
[2024-06-24T15:09:25.218+0000] {processor.py:799} INFO - Processing file /home/airflow/.local/lib/python3.7/site-packages/airflow/example_dags/tutorial.py for tasks to queue
[2024-06-24T15:09:25.218+0000] {logging_mixin.py:149} INFO - [2024-06-24T15:09:25.218+0000] {dagbag.py:541} INFO - Filling up the DagBag from /home/airflow/.local/lib/python3.7/site-packages/airflow/example_dags/tutorial.py
[2024-06-24T15:09:25.221+0000] {processor.py:809} INFO - DAG(s) dict_keys(['tutorial']) retrieved from /home/airflow/.local/lib/python3.7/site-packages/airflow/example_dags/tutorial.py
[2024-06-24T15:09:25.231+0000] {logging_mixin.py:149} INFO - [2024-06-24T15:09:25.230+0000] {dag.py:2726} INFO - Sync 1 DAGs
[2024-06-24T15:09:25.241+0000] {logging_mixin.py:149} INFO - [2024-06-24T15:09:25.241+0000] {dag.py:3490} INFO - Setting next_dagrun for tutorial to 2024-06-23T15:09:25.240952+00:00, run_after=2024-06-24T15:09:25.240952+00:00
[2024-06-24T15:09:25.247+0000] {processor.py:178} INFO - Processing /home/airflow/.local/lib/python3.7/site-packages/airflow/example_dags/tutorial.py took 0.031 seconds
[2024-06-24T15:09:55.823+0000] {processor.py:156} INFO - Started process (PID=335) to work on /home/airflow/.local/lib/python3.7/site-packages/airflow/example_dags/tutorial.py
[2024-06-24T15:09:55.824+0000] {processor.py:799} INFO - Processing file /home/airflow/.local/lib/python3.7/site-packages/airflow/example_dags/tutorial.py for tasks to queue
[2024-06-24T15:09:55.824+0000] {logging_mixin.py:149} INFO - [2024-06-24T15:09:55.824+0000] {dagbag.py:541} INFO - Filling up the DagBag from /home/airflow/.local/lib/python3.7/site-packages/airflow/example_dags/tutorial.py
[2024-06-24T15:09:55.827+0000] {processor.py:809} INFO - DAG(s) dict_keys(['tutorial']) retrieved from /home/airflow/.local/lib/python3.7/site-packages/airflow/example_dags/tutorial.py
[2024-06-24T15:09:55.837+0000] {logging_mixin.py:149} INFO - [2024-06-24T15:09:55.836+0000] {dag.py:2726} INFO - Sync 1 DAGs
[2024-06-24T15:09:55.847+0000] {logging_mixin.py:149} INFO - [2024-06-24T15:09:55.847+0000] {dag.py:3490} INFO - Setting next_dagrun for tutorial to 2024-06-23T15:09:55.847744+00:00, run_after=2024-06-24T15:09:55.847744+00:00
[2024-06-24T15:09:55.855+0000] {processor.py:178} INFO - Processing /home/airflow/.local/lib/python3.7/site-packages/airflow/example_dags/tutorial.py took 0.033 seconds
[2024-06-24T15:10:26.485+0000] {processor.py:156} INFO - Started process (PID=404) to work on /home/airflow/.local/lib/python3.7/site-packages/airflow/example_dags/tutorial.py
[2024-06-24T15:10:26.485+0000] {processor.py:799} INFO - Processing file /home/airflow/.local/lib/python3.7/site-packages/airflow/example_dags/tutorial.py for tasks to queue
[2024-06-24T15:10:26.486+0000] {logging_mixin.py:149} INFO - [2024-06-24T15:10:26.486+0000] {dagbag.py:541} INFO - Filling up the DagBag from /home/airflow/.local/lib/python3.7/site-packages/airflow/example_dags/tutorial.py
[2024-06-24T15:10:26.489+0000] {processor.py:809} INFO - DAG(s) dict_keys(['tutorial']) retrieved from /home/airflow/.local/lib/python3.7/site-packages/airflow/example_dags/tutorial.py
[2024-06-24T15:10:26.498+0000] {logging_mixin.py:149} INFO - [2024-06-24T15:10:26.498+0000] {dag.py:2726} INFO - Sync 1 DAGs
[2024-06-24T15:10:26.510+0000] {logging_mixin.py:149} INFO - [2024-06-24T15:10:26.510+0000] {dag.py:3490} INFO - Setting next_dagrun for tutorial to 2024-06-23T15:10:26.510043+00:00, run_after=2024-06-24T15:10:26.510043+00:00
[2024-06-24T15:10:26.517+0000] {processor.py:178} INFO - Processing /home/airflow/.local/lib/python3.7/site-packages/airflow/example_dags/tutorial.py took 0.034 seconds
[2024-06-24T15:10:57.222+0000] {processor.py:156} INFO - Started process (PID=473) to work on /home/airflow/.local/lib/python3.7/site-packages/airflow/example_dags/tutorial.py
[2024-06-24T15:10:57.223+0000] {processor.py:799} INFO - Processing file /home/airflow/.local/lib/python3.7/site-packages/airflow/example_dags/tutorial.py for tasks to queue
[2024-06-24T15:10:57.223+0000] {logging_mixin.py:149} INFO - [2024-06-24T15:10:57.223+0000] {dagbag.py:541} INFO - Filling up the DagBag from /home/airflow/.local/lib/python3.7/site-packages/airflow/example_dags/tutorial.py
[2024-06-24T15:10:57.226+0000] {processor.py:809} INFO - DAG(s) dict_keys(['tutorial']) retrieved from /home/airflow/.local/lib/python3.7/site-packages/airflow/example_dags/tutorial.py
[2024-06-24T15:10:57.236+0000] {logging_mixin.py:149} INFO - [2024-06-24T15:10:57.236+0000] {dag.py:2726} INFO - Sync 1 DAGs
[2024-06-24T15:10:57.247+0000] {logging_mixin.py:149} INFO - [2024-06-24T15:10:57.247+0000] {dag.py:3490} INFO - Setting next_dagrun for tutorial to 2024-06-23T15:10:57.247509+00:00, run_after=2024-06-24T15:10:57.247509+00:00
[2024-06-24T15:10:57.254+0000] {processor.py:178} INFO - Processing /home/airflow/.local/lib/python3.7/site-packages/airflow/example_dags/tutorial.py took 0.033 seconds
[2024-06-24T15:11:27.946+0000] {processor.py:156} INFO - Started process (PID=542) to work on /home/airflow/.local/lib/python3.7/site-packages/airflow/example_dags/tutorial.py
[2024-06-24T15:11:27.946+0000] {processor.py:799} INFO - Processing file /home/airflow/.local/lib/python3.7/site-packages/airflow/example_dags/tutorial.py for tasks to queue
[2024-06-24T15:11:27.946+0000] {logging_mixin.py:149} INFO - [2024-06-24T15:11:27.946+0000] {dagbag.py:541} INFO - Filling up the DagBag from /home/airflow/.local/lib/python3.7/site-packages/airflow/example_dags/tutorial.py
[2024-06-24T15:11:27.949+0000] {processor.py:809} INFO - DAG(s) dict_keys(['tutorial']) retrieved from /home/airflow/.local/lib/python3.7/site-packages/airflow/example_dags/tutorial.py
[2024-06-24T15:11:27.958+0000] {logging_mixin.py:149} INFO - [2024-06-24T15:11:27.958+0000] {dag.py:2726} INFO - Sync 1 DAGs
[2024-06-24T15:11:27.968+0000] {logging_mixin.py:149} INFO - [2024-06-24T15:11:27.968+0000] {dag.py:3490} INFO - Setting next_dagrun for tutorial to 2024-06-23T15:11:27.968324+00:00, run_after=2024-06-24T15:11:27.968324+00:00
[2024-06-24T15:11:27.975+0000] {processor.py:178} INFO - Processing /home/airflow/.local/lib/python3.7/site-packages/airflow/example_dags/tutorial.py took 0.031 seconds
[2024-06-24T15:11:58.719+0000] {processor.py:156} INFO - Started process (PID=611) to work on /home/airflow/.local/lib/python3.7/site-packages/airflow/example_dags/tutorial.py
[2024-06-24T15:11:58.719+0000] {processor.py:799} INFO - Processing file /home/airflow/.local/lib/python3.7/site-packages/airflow/example_dags/tutorial.py for tasks to queue
[2024-06-24T15:11:58.719+0000] {logging_mixin.py:149} INFO - [2024-06-24T15:11:58.719+0000] {dagbag.py:541} INFO - Filling up the DagBag from /home/airflow/.local/lib/python3.7/site-packages/airflow/example_dags/tutorial.py
[2024-06-24T15:11:58.722+0000] {processor.py:809} INFO - DAG(s) dict_keys(['tutorial']) retrieved from /home/airflow/.local/lib/python3.7/site-packages/airflow/example_dags/tutorial.py
[2024-06-24T15:11:58.732+0000] {logging_mixin.py:149} INFO - [2024-06-24T15:11:58.732+0000] {dag.py:2726} INFO - Sync 1 DAGs
[2024-06-24T15:11:58.742+0000] {logging_mixin.py:149} INFO - [2024-06-24T15:11:58.742+0000] {dag.py:3490} INFO - Setting next_dagrun for tutorial to 2024-06-23T15:11:58.742657+00:00, run_after=2024-06-24T15:11:58.742657+00:00
[2024-06-24T15:11:58.749+0000] {processor.py:178} INFO - Processing /home/airflow/.local/lib/python3.7/site-packages/airflow/example_dags/tutorial.py took 0.032 seconds
[2024-06-24T15:12:29.410+0000] {processor.py:156} INFO - Started process (PID=680) to work on /home/airflow/.local/lib/python3.7/site-packages/airflow/example_dags/tutorial.py
[2024-06-24T15:12:29.410+0000] {processor.py:799} INFO - Processing file /home/airflow/.local/lib/python3.7/site-packages/airflow/example_dags/tutorial.py for tasks to queue
[2024-06-24T15:12:29.411+0000] {logging_mixin.py:149} INFO - [2024-06-24T15:12:29.411+0000] {dagbag.py:541} INFO - Filling up the DagBag from /home/airflow/.local/lib/python3.7/site-packages/airflow/example_dags/tutorial.py
[2024-06-24T15:12:29.413+0000] {processor.py:809} INFO - DAG(s) dict_keys(['tutorial']) retrieved from /home/airflow/.local/lib/python3.7/site-packages/airflow/example_dags/tutorial.py
[2024-06-24T15:12:29.423+0000] {logging_mixin.py:149} INFO - [2024-06-24T15:12:29.423+0000] {dag.py:2726} INFO - Sync 1 DAGs
[2024-06-24T15:12:29.434+0000] {logging_mixin.py:149} INFO - [2024-06-24T15:12:29.434+0000] {dag.py:3490} INFO - Setting next_dagrun for tutorial to 2024-06-23T15:12:29.433928+00:00, run_after=2024-06-24T15:12:29.433928+00:00
[2024-06-24T15:12:29.441+0000] {processor.py:178} INFO - Processing /home/airflow/.local/lib/python3.7/site-packages/airflow/example_dags/tutorial.py took 0.032 seconds
[2024-06-24T15:13:00.064+0000] {processor.py:156} INFO - Started process (PID=749) to work on /home/airflow/.local/lib/python3.7/site-packages/airflow/example_dags/tutorial.py
[2024-06-24T15:13:00.064+0000] {processor.py:799} INFO - Processing file /home/airflow/.local/lib/python3.7/site-packages/airflow/example_dags/tutorial.py for tasks to queue
[2024-06-24T15:13:00.065+0000] {logging_mixin.py:149} INFO - [2024-06-24T15:13:00.065+0000] {dagbag.py:541} INFO - Filling up the DagBag from /home/airflow/.local/lib/python3.7/site-packages/airflow/example_dags/tutorial.py
[2024-06-24T15:13:00.067+0000] {processor.py:809} INFO - DAG(s) dict_keys(['tutorial']) retrieved from /home/airflow/.local/lib/python3.7/site-packages/airflow/example_dags/tutorial.py
[2024-06-24T15:13:00.077+0000] {logging_mixin.py:149} INFO - [2024-06-24T15:13:00.077+0000] {dag.py:2726} INFO - Sync 1 DAGs
[2024-06-24T15:13:00.088+0000] {logging_mixin.py:149} INFO - [2024-06-24T15:13:00.087+0000] {dag.py:3490} INFO - Setting next_dagrun for tutorial to 2024-06-23T15:13:00.087841+00:00, run_after=2024-06-24T15:13:00.087841+00:00
[2024-06-24T15:13:00.095+0000] {processor.py:178} INFO - Processing /home/airflow/.local/lib/python3.7/site-packages/airflow/example_dags/tutorial.py took 0.032 seconds
[2024-06-24T15:13:30.795+0000] {processor.py:156} INFO - Started process (PID=818) to work on /home/airflow/.local/lib/python3.7/site-packages/airflow/example_dags/tutorial.py
[2024-06-24T15:13:30.796+0000] {processor.py:799} INFO - Processing file /home/airflow/.local/lib/python3.7/site-packages/airflow/example_dags/tutorial.py for tasks to queue
[2024-06-24T15:13:30.796+0000] {logging_mixin.py:149} INFO - [2024-06-24T15:13:30.796+0000] {dagbag.py:541} INFO - Filling up the DagBag from /home/airflow/.local/lib/python3.7/site-packages/airflow/example_dags/tutorial.py
[2024-06-24T15:13:30.799+0000] {processor.py:809} INFO - DAG(s) dict_keys(['tutorial']) retrieved from /home/airflow/.local/lib/python3.7/site-packages/airflow/example_dags/tutorial.py
[2024-06-24T15:13:30.808+0000] {logging_mixin.py:149} INFO - [2024-06-24T15:13:30.808+0000] {dag.py:2726} INFO - Sync 1 DAGs
[2024-06-24T15:13:30.818+0000] {logging_mixin.py:149} INFO - [2024-06-24T15:13:30.818+0000] {dag.py:3490} INFO - Setting next_dagrun for tutorial to 2024-06-23T15:13:30.818123+00:00, run_after=2024-06-24T15:13:30.818123+00:00
[2024-06-24T15:13:30.825+0000] {processor.py:178} INFO - Processing /home/airflow/.local/lib/python3.7/site-packages/airflow/example_dags/tutorial.py took 0.031 seconds
[2024-06-24T15:14:01.343+0000] {processor.py:156} INFO - Started process (PID=887) to work on /home/airflow/.local/lib/python3.7/site-packages/airflow/example_dags/tutorial.py
[2024-06-24T15:14:01.343+0000] {processor.py:799} INFO - Processing file /home/airflow/.local/lib/python3.7/site-packages/airflow/example_dags/tutorial.py for tasks to queue
[2024-06-24T15:14:01.344+0000] {logging_mixin.py:149} INFO - [2024-06-24T15:14:01.344+0000] {dagbag.py:541} INFO - Filling up the DagBag from /home/airflow/.local/lib/python3.7/site-packages/airflow/example_dags/tutorial.py
[2024-06-24T15:14:01.346+0000] {processor.py:809} INFO - DAG(s) dict_keys(['tutorial']) retrieved from /home/airflow/.local/lib/python3.7/site-packages/airflow/example_dags/tutorial.py
[2024-06-24T15:14:01.356+0000] {logging_mixin.py:149} INFO - [2024-06-24T15:14:01.356+0000] {dag.py:2726} INFO - Sync 1 DAGs
[2024-06-24T15:14:01.366+0000] {logging_mixin.py:149} INFO - [2024-06-24T15:14:01.366+0000] {dag.py:3490} INFO - Setting next_dagrun for tutorial to 2024-06-23T15:14:01.366779+00:00, run_after=2024-06-24T15:14:01.366779+00:00
[2024-06-24T15:14:01.374+0000] {processor.py:178} INFO - Processing /home/airflow/.local/lib/python3.7/site-packages/airflow/example_dags/tutorial.py took 0.032 seconds
[2024-06-24T15:14:31.820+0000] {processor.py:156} INFO - Started process (PID=956) to work on /home/airflow/.local/lib/python3.7/site-packages/airflow/example_dags/tutorial.py
[2024-06-24T15:14:31.820+0000] {processor.py:799} INFO - Processing file /home/airflow/.local/lib/python3.7/site-packages/airflow/example_dags/tutorial.py for tasks to queue
[2024-06-24T15:14:31.821+0000] {logging_mixin.py:149} INFO - [2024-06-24T15:14:31.821+0000] {dagbag.py:541} INFO - Filling up the DagBag from /home/airflow/.local/lib/python3.7/site-packages/airflow/example_dags/tutorial.py
[2024-06-24T15:14:31.823+0000] {processor.py:809} INFO - DAG(s) dict_keys(['tutorial']) retrieved from /home/airflow/.local/lib/python3.7/site-packages/airflow/example_dags/tutorial.py
[2024-06-24T15:14:31.832+0000] {logging_mixin.py:149} INFO - [2024-06-24T15:14:31.832+0000] {dag.py:2726} INFO - Sync 1 DAGs
[2024-06-24T15:14:31.842+0000] {logging_mixin.py:149} INFO - [2024-06-24T15:14:31.842+0000] {dag.py:3490} INFO - Setting next_dagrun for tutorial to 2024-06-23T15:14:31.841992+00:00, run_after=2024-06-24T15:14:31.841992+00:00
[2024-06-24T15:14:31.849+0000] {processor.py:178} INFO - Processing /home/airflow/.local/lib/python3.7/site-packages/airflow/example_dags/tutorial.py took 0.030 seconds
[2024-06-24T15:15:02.244+0000] {processor.py:156} INFO - Started process (PID=1025) to work on /home/airflow/.local/lib/python3.7/site-packages/airflow/example_dags/tutorial.py
[2024-06-24T15:15:02.244+0000] {processor.py:799} INFO - Processing file /home/airflow/.local/lib/python3.7/site-packages/airflow/example_dags/tutorial.py for tasks to queue
[2024-06-24T15:15:02.244+0000] {logging_mixin.py:149} INFO - [2024-06-24T15:15:02.244+0000] {dagbag.py:541} INFO - Filling up the DagBag from /home/airflow/.local/lib/python3.7/site-packages/airflow/example_dags/tutorial.py
[2024-06-24T15:15:02.247+0000] {processor.py:809} INFO - DAG(s) dict_keys(['tutorial']) retrieved from /home/airflow/.local/lib/python3.7/site-packages/airflow/example_dags/tutorial.py
[2024-06-24T15:15:02.256+0000] {logging_mixin.py:149} INFO - [2024-06-24T15:15:02.256+0000] {dag.py:2726} INFO - Sync 1 DAGs
[2024-06-24T15:15:02.265+0000] {logging_mixin.py:149} INFO - [2024-06-24T15:15:02.265+0000] {dag.py:3490} INFO - Setting next_dagrun for tutorial to 2024-06-23T15:15:02.265704+00:00, run_after=2024-06-24T15:15:02.265704+00:00
[2024-06-24T15:15:02.272+0000] {processor.py:178} INFO - Processing /home/airflow/.local/lib/python3.7/site-packages/airflow/example_dags/tutorial.py took 0.030 seconds
[2024-06-24T15:15:32.984+0000] {processor.py:156} INFO - Started process (PID=1103) to work on /home/airflow/.local/lib/python3.7/site-packages/airflow/example_dags/tutorial.py
[2024-06-24T15:15:32.984+0000] {processor.py:799} INFO - Processing file /home/airflow/.local/lib/python3.7/site-packages/airflow/example_dags/tutorial.py for tasks to queue
[2024-06-24T15:15:32.984+0000] {logging_mixin.py:149} INFO - [2024-06-24T15:15:32.984+0000] {dagbag.py:541} INFO - Filling up the DagBag from /home/airflow/.local/lib/python3.7/site-packages/airflow/example_dags/tutorial.py
[2024-06-24T15:15:32.987+0000] {processor.py:809} INFO - DAG(s) dict_keys(['tutorial']) retrieved from /home/airflow/.local/lib/python3.7/site-packages/airflow/example_dags/tutorial.py
[2024-06-24T15:15:32.996+0000] {logging_mixin.py:149} INFO - [2024-06-24T15:15:32.996+0000] {dag.py:2726} INFO - Sync 1 DAGs
[2024-06-24T15:15:33.006+0000] {logging_mixin.py:149} INFO - [2024-06-24T15:15:33.006+0000] {dag.py:3490} INFO - Setting next_dagrun for tutorial to 2024-06-23T15:15:33.006484+00:00, run_after=2024-06-24T15:15:33.006484+00:00
[2024-06-24T15:15:33.013+0000] {processor.py:178} INFO - Processing /home/airflow/.local/lib/python3.7/site-packages/airflow/example_dags/tutorial.py took 0.030 seconds
[2024-06-24T15:16:03.540+0000] {processor.py:156} INFO - Started process (PID=1172) to work on /home/airflow/.local/lib/python3.7/site-packages/airflow/example_dags/tutorial.py
[2024-06-24T15:16:03.540+0000] {processor.py:799} INFO - Processing file /home/airflow/.local/lib/python3.7/site-packages/airflow/example_dags/tutorial.py for tasks to queue
[2024-06-24T15:16:03.540+0000] {logging_mixin.py:149} INFO - [2024-06-24T15:16:03.540+0000] {dagbag.py:541} INFO - Filling up the DagBag from /home/airflow/.local/lib/python3.7/site-packages/airflow/example_dags/tutorial.py
[2024-06-24T15:16:03.543+0000] {processor.py:809} INFO - DAG(s) dict_keys(['tutorial']) retrieved from /home/airflow/.local/lib/python3.7/site-packages/airflow/example_dags/tutorial.py
[2024-06-24T15:16:03.553+0000] {logging_mixin.py:149} INFO - [2024-06-24T15:16:03.553+0000] {dag.py:2726} INFO - Sync 1 DAGs
[2024-06-24T15:16:03.563+0000] {logging_mixin.py:149} INFO - [2024-06-24T15:16:03.563+0000] {dag.py:3490} INFO - Setting next_dagrun for tutorial to 2024-06-23T15:16:03.563187+00:00, run_after=2024-06-24T15:16:03.563187+00:00
[2024-06-24T15:16:03.570+0000] {processor.py:178} INFO - Processing /home/airflow/.local/lib/python3.7/site-packages/airflow/example_dags/tutorial.py took 0.031 seconds
[2024-06-24T15:16:34.254+0000] {processor.py:156} INFO - Started process (PID=1241) to work on /home/airflow/.local/lib/python3.7/site-packages/airflow/example_dags/tutorial.py
[2024-06-24T15:16:34.254+0000] {processor.py:799} INFO - Processing file /home/airflow/.local/lib/python3.7/site-packages/airflow/example_dags/tutorial.py for tasks to queue
[2024-06-24T15:16:34.254+0000] {logging_mixin.py:149} INFO - [2024-06-24T15:16:34.254+0000] {dagbag.py:541} INFO - Filling up the DagBag from /home/airflow/.local/lib/python3.7/site-packages/airflow/example_dags/tutorial.py
[2024-06-24T15:16:34.257+0000] {processor.py:809} INFO - DAG(s) dict_keys(['tutorial']) retrieved from /home/airflow/.local/lib/python3.7/site-packages/airflow/example_dags/tutorial.py
[2024-06-24T15:16:34.266+0000] {logging_mixin.py:149} INFO - [2024-06-24T15:16:34.266+0000] {dag.py:2726} INFO - Sync 1 DAGs
[2024-06-24T15:16:34.277+0000] {logging_mixin.py:149} INFO - [2024-06-24T15:16:34.277+0000] {dag.py:3490} INFO - Setting next_dagrun for tutorial to 2024-06-23T15:16:34.277020+00:00, run_after=2024-06-24T15:16:34.277020+00:00
[2024-06-24T15:16:34.284+0000] {processor.py:178} INFO - Processing /home/airflow/.local/lib/python3.7/site-packages/airflow/example_dags/tutorial.py took 0.031 seconds
[2024-06-24T15:17:04.847+0000] {processor.py:156} INFO - Started process (PID=1310) to work on /home/airflow/.local/lib/python3.7/site-packages/airflow/example_dags/tutorial.py
[2024-06-24T15:17:04.848+0000] {processor.py:799} INFO - Processing file /home/airflow/.local/lib/python3.7/site-packages/airflow/example_dags/tutorial.py for tasks to queue
[2024-06-24T15:17:04.848+0000] {logging_mixin.py:149} INFO - [2024-06-24T15:17:04.848+0000] {dagbag.py:541} INFO - Filling up the DagBag from /home/airflow/.local/lib/python3.7/site-packages/airflow/example_dags/tutorial.py
[2024-06-24T15:17:04.851+0000] {processor.py:809} INFO - DAG(s) dict_keys(['tutorial']) retrieved from /home/airflow/.local/lib/python3.7/site-packages/airflow/example_dags/tutorial.py
[2024-06-24T15:17:04.860+0000] {logging_mixin.py:149} INFO - [2024-06-24T15:17:04.860+0000] {dag.py:2726} INFO - Sync 1 DAGs
[2024-06-24T15:17:04.869+0000] {logging_mixin.py:149} INFO - [2024-06-24T15:17:04.869+0000] {dag.py:3490} INFO - Setting next_dagrun for tutorial to 2024-06-23T15:17:04.869714+00:00, run_after=2024-06-24T15:17:04.869714+00:00
[2024-06-24T15:17:04.877+0000] {processor.py:178} INFO - Processing /home/airflow/.local/lib/python3.7/site-packages/airflow/example_dags/tutorial.py took 0.031 seconds
[2024-06-24T15:17:35.405+0000] {processor.py:156} INFO - Started process (PID=1378) to work on /home/airflow/.local/lib/python3.7/site-packages/airflow/example_dags/tutorial.py
[2024-06-24T15:17:35.405+0000] {processor.py:799} INFO - Processing file /home/airflow/.local/lib/python3.7/site-packages/airflow/example_dags/tutorial.py for tasks to queue
[2024-06-24T15:17:35.406+0000] {logging_mixin.py:149} INFO - [2024-06-24T15:17:35.406+0000] {dagbag.py:541} INFO - Filling up the DagBag from /home/airflow/.local/lib/python3.7/site-packages/airflow/example_dags/tutorial.py
[2024-06-24T15:17:35.409+0000] {processor.py:809} INFO - DAG(s) dict_keys(['tutorial']) retrieved from /home/airflow/.local/lib/python3.7/site-packages/airflow/example_dags/tutorial.py
[2024-06-24T15:17:35.419+0000] {logging_mixin.py:149} INFO - [2024-06-24T15:17:35.419+0000] {dag.py:2726} INFO - Sync 1 DAGs
[2024-06-24T15:17:35.430+0000] {logging_mixin.py:149} INFO - [2024-06-24T15:17:35.430+0000] {dag.py:3490} INFO - Setting next_dagrun for tutorial to 2024-06-23T15:17:35.430261+00:00, run_after=2024-06-24T15:17:35.430261+00:00
[2024-06-24T15:17:35.438+0000] {processor.py:178} INFO - Processing /home/airflow/.local/lib/python3.7/site-packages/airflow/example_dags/tutorial.py took 0.034 seconds
[2024-06-24T15:18:05.944+0000] {processor.py:156} INFO - Started process (PID=1447) to work on /home/airflow/.local/lib/python3.7/site-packages/airflow/example_dags/tutorial.py
[2024-06-24T15:18:05.945+0000] {processor.py:799} INFO - Processing file /home/airflow/.local/lib/python3.7/site-packages/airflow/example_dags/tutorial.py for tasks to queue
[2024-06-24T15:18:05.945+0000] {logging_mixin.py:149} INFO - [2024-06-24T15:18:05.945+0000] {dagbag.py:541} INFO - Filling up the DagBag from /home/airflow/.local/lib/python3.7/site-packages/airflow/example_dags/tutorial.py
[2024-06-24T15:18:05.948+0000] {processor.py:809} INFO - DAG(s) dict_keys(['tutorial']) retrieved from /home/airflow/.local/lib/python3.7/site-packages/airflow/example_dags/tutorial.py
[2024-06-24T15:18:05.958+0000] {logging_mixin.py:149} INFO - [2024-06-24T15:18:05.958+0000] {dag.py:2726} INFO - Sync 1 DAGs
[2024-06-24T15:18:05.969+0000] {logging_mixin.py:149} INFO - [2024-06-24T15:18:05.969+0000] {dag.py:3490} INFO - Setting next_dagrun for tutorial to 2024-06-23T15:18:05.969617+00:00, run_after=2024-06-24T15:18:05.969617+00:00
[2024-06-24T15:18:05.977+0000] {processor.py:178} INFO - Processing /home/airflow/.local/lib/python3.7/site-packages/airflow/example_dags/tutorial.py took 0.034 seconds
[2024-06-24T15:18:36.647+0000] {processor.py:156} INFO - Started process (PID=1516) to work on /home/airflow/.local/lib/python3.7/site-packages/airflow/example_dags/tutorial.py
[2024-06-24T15:18:36.647+0000] {processor.py:799} INFO - Processing file /home/airflow/.local/lib/python3.7/site-packages/airflow/example_dags/tutorial.py for tasks to queue
[2024-06-24T15:18:36.647+0000] {logging_mixin.py:149} INFO - [2024-06-24T15:18:36.647+0000] {dagbag.py:541} INFO - Filling up the DagBag from /home/airflow/.local/lib/python3.7/site-packages/airflow/example_dags/tutorial.py
[2024-06-24T15:18:36.650+0000] {processor.py:809} INFO - DAG(s) dict_keys(['tutorial']) retrieved from /home/airflow/.local/lib/python3.7/site-packages/airflow/example_dags/tutorial.py
[2024-06-24T15:18:36.660+0000] {logging_mixin.py:149} INFO - [2024-06-24T15:18:36.660+0000] {dag.py:2726} INFO - Sync 1 DAGs
[2024-06-24T15:18:36.670+0000] {logging_mixin.py:149} INFO - [2024-06-24T15:18:36.670+0000] {dag.py:3490} INFO - Setting next_dagrun for tutorial to 2024-06-23T15:18:36.670467+00:00, run_after=2024-06-24T15:18:36.670467+00:00
[2024-06-24T15:18:36.677+0000] {processor.py:178} INFO - Processing /home/airflow/.local/lib/python3.7/site-packages/airflow/example_dags/tutorial.py took 0.032 seconds
[2024-06-24T15:19:07.424+0000] {processor.py:156} INFO - Started process (PID=1585) to work on /home/airflow/.local/lib/python3.7/site-packages/airflow/example_dags/tutorial.py
[2024-06-24T15:19:07.424+0000] {processor.py:799} INFO - Processing file /home/airflow/.local/lib/python3.7/site-packages/airflow/example_dags/tutorial.py for tasks to queue
[2024-06-24T15:19:07.425+0000] {logging_mixin.py:149} INFO - [2024-06-24T15:19:07.425+0000] {dagbag.py:541} INFO - Filling up the DagBag from /home/airflow/.local/lib/python3.7/site-packages/airflow/example_dags/tutorial.py
[2024-06-24T15:19:07.428+0000] {processor.py:809} INFO - DAG(s) dict_keys(['tutorial']) retrieved from /home/airflow/.local/lib/python3.7/site-packages/airflow/example_dags/tutorial.py
[2024-06-24T15:19:07.437+0000] {logging_mixin.py:149} INFO - [2024-06-24T15:19:07.437+0000] {dag.py:2726} INFO - Sync 1 DAGs
[2024-06-24T15:19:07.448+0000] {logging_mixin.py:149} INFO - [2024-06-24T15:19:07.448+0000] {dag.py:3490} INFO - Setting next_dagrun for tutorial to 2024-06-23T15:19:07.448442+00:00, run_after=2024-06-24T15:19:07.448442+00:00
[2024-06-24T15:19:07.455+0000] {processor.py:178} INFO - Processing /home/airflow/.local/lib/python3.7/site-packages/airflow/example_dags/tutorial.py took 0.033 seconds
[2024-06-24T15:19:38.003+0000] {processor.py:156} INFO - Started process (PID=1654) to work on /home/airflow/.local/lib/python3.7/site-packages/airflow/example_dags/tutorial.py
[2024-06-24T15:19:38.003+0000] {processor.py:799} INFO - Processing file /home/airflow/.local/lib/python3.7/site-packages/airflow/example_dags/tutorial.py for tasks to queue
[2024-06-24T15:19:38.004+0000] {logging_mixin.py:149} INFO - [2024-06-24T15:19:38.003+0000] {dagbag.py:541} INFO - Filling up the DagBag from /home/airflow/.local/lib/python3.7/site-packages/airflow/example_dags/tutorial.py
[2024-06-24T15:19:38.006+0000] {processor.py:809} INFO - DAG(s) dict_keys(['tutorial']) retrieved from /home/airflow/.local/lib/python3.7/site-packages/airflow/example_dags/tutorial.py
[2024-06-24T15:19:38.016+0000] {logging_mixin.py:149} INFO - [2024-06-24T15:19:38.016+0000] {dag.py:2726} INFO - Sync 1 DAGs
[2024-06-24T15:19:38.026+0000] {logging_mixin.py:149} INFO - [2024-06-24T15:19:38.026+0000] {dag.py:3490} INFO - Setting next_dagrun for tutorial to 2024-06-23T15:19:38.026128+00:00, run_after=2024-06-24T15:19:38.026128+00:00
[2024-06-24T15:19:38.033+0000] {processor.py:178} INFO - Processing /home/airflow/.local/lib/python3.7/site-packages/airflow/example_dags/tutorial.py took 0.031 seconds
[2024-06-24T15:20:08.456+0000] {processor.py:156} INFO - Started process (PID=1723) to work on /home/airflow/.local/lib/python3.7/site-packages/airflow/example_dags/tutorial.py
[2024-06-24T15:20:08.456+0000] {processor.py:799} INFO - Processing file /home/airflow/.local/lib/python3.7/site-packages/airflow/example_dags/tutorial.py for tasks to queue
[2024-06-24T15:20:08.456+0000] {logging_mixin.py:149} INFO - [2024-06-24T15:20:08.456+0000] {dagbag.py:541} INFO - Filling up the DagBag from /home/airflow/.local/lib/python3.7/site-packages/airflow/example_dags/tutorial.py
[2024-06-24T15:20:08.459+0000] {processor.py:809} INFO - DAG(s) dict_keys(['tutorial']) retrieved from /home/airflow/.local/lib/python3.7/site-packages/airflow/example_dags/tutorial.py
[2024-06-24T15:20:08.469+0000] {logging_mixin.py:149} INFO - [2024-06-24T15:20:08.469+0000] {dag.py:2726} INFO - Sync 1 DAGs
[2024-06-24T15:20:08.480+0000] {logging_mixin.py:149} INFO - [2024-06-24T15:20:08.480+0000] {dag.py:3490} INFO - Setting next_dagrun for tutorial to 2024-06-23T15:20:08.480309+00:00, run_after=2024-06-24T15:20:08.480309+00:00
[2024-06-24T15:20:08.488+0000] {processor.py:178} INFO - Processing /home/airflow/.local/lib/python3.7/site-packages/airflow/example_dags/tutorial.py took 0.033 seconds
[2024-06-24T15:20:39.212+0000] {processor.py:156} INFO - Started process (PID=1792) to work on /home/airflow/.local/lib/python3.7/site-packages/airflow/example_dags/tutorial.py
[2024-06-24T15:20:39.212+0000] {processor.py:799} INFO - Processing file /home/airflow/.local/lib/python3.7/site-packages/airflow/example_dags/tutorial.py for tasks to queue
[2024-06-24T15:20:39.213+0000] {logging_mixin.py:149} INFO - [2024-06-24T15:20:39.212+0000] {dagbag.py:541} INFO - Filling up the DagBag from /home/airflow/.local/lib/python3.7/site-packages/airflow/example_dags/tutorial.py
[2024-06-24T15:20:39.216+0000] {processor.py:809} INFO - DAG(s) dict_keys(['tutorial']) retrieved from /home/airflow/.local/lib/python3.7/site-packages/airflow/example_dags/tutorial.py
[2024-06-24T15:20:39.225+0000] {logging_mixin.py:149} INFO - [2024-06-24T15:20:39.225+0000] {dag.py:2726} INFO - Sync 1 DAGs
[2024-06-24T15:20:39.236+0000] {logging_mixin.py:149} INFO - [2024-06-24T15:20:39.236+0000] {dag.py:3490} INFO - Setting next_dagrun for tutorial to 2024-06-23T15:20:39.236532+00:00, run_after=2024-06-24T15:20:39.236532+00:00
[2024-06-24T15:20:39.245+0000] {processor.py:178} INFO - Processing /home/airflow/.local/lib/python3.7/site-packages/airflow/example_dags/tutorial.py took 0.034 seconds
[2024-06-24T15:21:09.864+0000] {processor.py:156} INFO - Started process (PID=1861) to work on /home/airflow/.local/lib/python3.7/site-packages/airflow/example_dags/tutorial.py
[2024-06-24T15:21:09.864+0000] {processor.py:799} INFO - Processing file /home/airflow/.local/lib/python3.7/site-packages/airflow/example_dags/tutorial.py for tasks to queue
[2024-06-24T15:21:09.864+0000] {logging_mixin.py:149} INFO - [2024-06-24T15:21:09.864+0000] {dagbag.py:541} INFO - Filling up the DagBag from /home/airflow/.local/lib/python3.7/site-packages/airflow/example_dags/tutorial.py
[2024-06-24T15:21:09.867+0000] {processor.py:809} INFO - DAG(s) dict_keys(['tutorial']) retrieved from /home/airflow/.local/lib/python3.7/site-packages/airflow/example_dags/tutorial.py
[2024-06-24T15:21:09.877+0000] {logging_mixin.py:149} INFO - [2024-06-24T15:21:09.877+0000] {dag.py:2726} INFO - Sync 1 DAGs
[2024-06-24T15:21:09.889+0000] {logging_mixin.py:149} INFO - [2024-06-24T15:21:09.889+0000] {dag.py:3490} INFO - Setting next_dagrun for tutorial to 2024-06-23T15:21:09.888913+00:00, run_after=2024-06-24T15:21:09.888913+00:00
[2024-06-24T15:21:09.896+0000] {processor.py:178} INFO - Processing /home/airflow/.local/lib/python3.7/site-packages/airflow/example_dags/tutorial.py took 0.034 seconds
[2024-06-24T15:21:40.767+0000] {processor.py:156} INFO - Started process (PID=1929) to work on /home/airflow/.local/lib/python3.7/site-packages/airflow/example_dags/tutorial.py
[2024-06-24T15:21:40.768+0000] {processor.py:799} INFO - Processing file /home/airflow/.local/lib/python3.7/site-packages/airflow/example_dags/tutorial.py for tasks to queue
[2024-06-24T15:21:40.768+0000] {logging_mixin.py:149} INFO - [2024-06-24T15:21:40.768+0000] {dagbag.py:541} INFO - Filling up the DagBag from /home/airflow/.local/lib/python3.7/site-packages/airflow/example_dags/tutorial.py
[2024-06-24T15:21:40.771+0000] {processor.py:809} INFO - DAG(s) dict_keys(['tutorial']) retrieved from /home/airflow/.local/lib/python3.7/site-packages/airflow/example_dags/tutorial.py
[2024-06-24T15:21:40.781+0000] {logging_mixin.py:149} INFO - [2024-06-24T15:21:40.781+0000] {dag.py:2726} INFO - Sync 1 DAGs
[2024-06-24T15:21:40.792+0000] {logging_mixin.py:149} INFO - [2024-06-24T15:21:40.792+0000] {dag.py:3490} INFO - Setting next_dagrun for tutorial to 2024-06-23T15:21:40.792388+00:00, run_after=2024-06-24T15:21:40.792388+00:00
[2024-06-24T15:21:40.799+0000] {processor.py:178} INFO - Processing /home/airflow/.local/lib/python3.7/site-packages/airflow/example_dags/tutorial.py took 0.033 seconds
[2024-06-24T15:22:11.524+0000] {processor.py:156} INFO - Started process (PID=1998) to work on /home/airflow/.local/lib/python3.7/site-packages/airflow/example_dags/tutorial.py
[2024-06-24T15:22:11.524+0000] {processor.py:799} INFO - Processing file /home/airflow/.local/lib/python3.7/site-packages/airflow/example_dags/tutorial.py for tasks to queue
[2024-06-24T15:22:11.524+0000] {logging_mixin.py:149} INFO - [2024-06-24T15:22:11.524+0000] {dagbag.py:541} INFO - Filling up the DagBag from /home/airflow/.local/lib/python3.7/site-packages/airflow/example_dags/tutorial.py
[2024-06-24T15:22:11.527+0000] {processor.py:809} INFO - DAG(s) dict_keys(['tutorial']) retrieved from /home/airflow/.local/lib/python3.7/site-packages/airflow/example_dags/tutorial.py
[2024-06-24T15:22:11.536+0000] {logging_mixin.py:149} INFO - [2024-06-24T15:22:11.536+0000] {dag.py:2726} INFO - Sync 1 DAGs
[2024-06-24T15:22:11.547+0000] {logging_mixin.py:149} INFO - [2024-06-24T15:22:11.547+0000] {dag.py:3490} INFO - Setting next_dagrun for tutorial to 2024-06-23T15:22:11.547508+00:00, run_after=2024-06-24T15:22:11.547508+00:00
[2024-06-24T15:22:11.554+0000] {processor.py:178} INFO - Processing /home/airflow/.local/lib/python3.7/site-packages/airflow/example_dags/tutorial.py took 0.032 seconds
[2024-06-24T15:22:42.146+0000] {processor.py:156} INFO - Started process (PID=2066) to work on /home/airflow/.local/lib/python3.7/site-packages/airflow/example_dags/tutorial.py
[2024-06-24T15:22:42.149+0000] {processor.py:799} INFO - Processing file /home/airflow/.local/lib/python3.7/site-packages/airflow/example_dags/tutorial.py for tasks to queue
[2024-06-24T15:22:42.149+0000] {logging_mixin.py:149} INFO - [2024-06-24T15:22:42.149+0000] {dagbag.py:541} INFO - Filling up the DagBag from /home/airflow/.local/lib/python3.7/site-packages/airflow/example_dags/tutorial.py
[2024-06-24T15:22:42.152+0000] {processor.py:809} INFO - DAG(s) dict_keys(['tutorial']) retrieved from /home/airflow/.local/lib/python3.7/site-packages/airflow/example_dags/tutorial.py
[2024-06-24T15:22:42.164+0000] {logging_mixin.py:149} INFO - [2024-06-24T15:22:42.164+0000] {dag.py:2726} INFO - Sync 1 DAGs
[2024-06-24T15:22:42.175+0000] {logging_mixin.py:149} INFO - [2024-06-24T15:22:42.175+0000] {dag.py:3490} INFO - Setting next_dagrun for tutorial to 2024-06-23T15:22:42.175023+00:00, run_after=2024-06-24T15:22:42.175023+00:00
[2024-06-24T15:22:42.182+0000] {processor.py:178} INFO - Processing /home/airflow/.local/lib/python3.7/site-packages/airflow/example_dags/tutorial.py took 0.037 seconds
[2024-06-24T15:23:12.794+0000] {processor.py:156} INFO - Started process (PID=2135) to work on /home/airflow/.local/lib/python3.7/site-packages/airflow/example_dags/tutorial.py
[2024-06-24T15:23:12.794+0000] {processor.py:799} INFO - Processing file /home/airflow/.local/lib/python3.7/site-packages/airflow/example_dags/tutorial.py for tasks to queue
[2024-06-24T15:23:12.795+0000] {logging_mixin.py:149} INFO - [2024-06-24T15:23:12.795+0000] {dagbag.py:541} INFO - Filling up the DagBag from /home/airflow/.local/lib/python3.7/site-packages/airflow/example_dags/tutorial.py
[2024-06-24T15:23:12.797+0000] {processor.py:809} INFO - DAG(s) dict_keys(['tutorial']) retrieved from /home/airflow/.local/lib/python3.7/site-packages/airflow/example_dags/tutorial.py
[2024-06-24T15:23:12.807+0000] {logging_mixin.py:149} INFO - [2024-06-24T15:23:12.807+0000] {dag.py:2726} INFO - Sync 1 DAGs
[2024-06-24T15:23:12.818+0000] {logging_mixin.py:149} INFO - [2024-06-24T15:23:12.818+0000] {dag.py:3490} INFO - Setting next_dagrun for tutorial to 2024-06-23T15:23:12.818642+00:00, run_after=2024-06-24T15:23:12.818642+00:00
[2024-06-24T15:23:12.826+0000] {processor.py:178} INFO - Processing /home/airflow/.local/lib/python3.7/site-packages/airflow/example_dags/tutorial.py took 0.033 seconds
[2024-06-24T15:23:43.507+0000] {processor.py:156} INFO - Started process (PID=2204) to work on /home/airflow/.local/lib/python3.7/site-packages/airflow/example_dags/tutorial.py
[2024-06-24T15:23:43.507+0000] {processor.py:799} INFO - Processing file /home/airflow/.local/lib/python3.7/site-packages/airflow/example_dags/tutorial.py for tasks to queue
[2024-06-24T15:23:43.508+0000] {logging_mixin.py:149} INFO - [2024-06-24T15:23:43.508+0000] {dagbag.py:541} INFO - Filling up the DagBag from /home/airflow/.local/lib/python3.7/site-packages/airflow/example_dags/tutorial.py
[2024-06-24T15:23:43.511+0000] {processor.py:809} INFO - DAG(s) dict_keys(['tutorial']) retrieved from /home/airflow/.local/lib/python3.7/site-packages/airflow/example_dags/tutorial.py
[2024-06-24T15:23:43.521+0000] {logging_mixin.py:149} INFO - [2024-06-24T15:23:43.521+0000] {dag.py:2726} INFO - Sync 1 DAGs
[2024-06-24T15:23:43.533+0000] {logging_mixin.py:149} INFO - [2024-06-24T15:23:43.533+0000] {dag.py:3490} INFO - Setting next_dagrun for tutorial to 2024-06-23T15:23:43.532850+00:00, run_after=2024-06-24T15:23:43.532850+00:00
[2024-06-24T15:23:43.541+0000] {processor.py:178} INFO - Processing /home/airflow/.local/lib/python3.7/site-packages/airflow/example_dags/tutorial.py took 0.035 seconds
[2024-06-24T15:24:14.219+0000] {processor.py:156} INFO - Started process (PID=2273) to work on /home/airflow/.local/lib/python3.7/site-packages/airflow/example_dags/tutorial.py
[2024-06-24T15:24:14.220+0000] {processor.py:799} INFO - Processing file /home/airflow/.local/lib/python3.7/site-packages/airflow/example_dags/tutorial.py for tasks to queue
[2024-06-24T15:24:14.220+0000] {logging_mixin.py:149} INFO - [2024-06-24T15:24:14.220+0000] {dagbag.py:541} INFO - Filling up the DagBag from /home/airflow/.local/lib/python3.7/site-packages/airflow/example_dags/tutorial.py
[2024-06-24T15:24:14.223+0000] {processor.py:809} INFO - DAG(s) dict_keys(['tutorial']) retrieved from /home/airflow/.local/lib/python3.7/site-packages/airflow/example_dags/tutorial.py
[2024-06-24T15:24:14.233+0000] {logging_mixin.py:149} INFO - [2024-06-24T15:24:14.233+0000] {dag.py:2726} INFO - Sync 1 DAGs
[2024-06-24T15:24:14.244+0000] {logging_mixin.py:149} INFO - [2024-06-24T15:24:14.244+0000] {dag.py:3490} INFO - Setting next_dagrun for tutorial to 2024-06-23T15:24:14.244412+00:00, run_after=2024-06-24T15:24:14.244412+00:00
[2024-06-24T15:24:14.252+0000] {processor.py:178} INFO - Processing /home/airflow/.local/lib/python3.7/site-packages/airflow/example_dags/tutorial.py took 0.034 seconds
[2024-06-24T15:24:44.814+0000] {processor.py:156} INFO - Started process (PID=2342) to work on /home/airflow/.local/lib/python3.7/site-packages/airflow/example_dags/tutorial.py
[2024-06-24T15:24:44.814+0000] {processor.py:799} INFO - Processing file /home/airflow/.local/lib/python3.7/site-packages/airflow/example_dags/tutorial.py for tasks to queue
[2024-06-24T15:24:44.815+0000] {logging_mixin.py:149} INFO - [2024-06-24T15:24:44.815+0000] {dagbag.py:541} INFO - Filling up the DagBag from /home/airflow/.local/lib/python3.7/site-packages/airflow/example_dags/tutorial.py
[2024-06-24T15:24:44.818+0000] {processor.py:809} INFO - DAG(s) dict_keys(['tutorial']) retrieved from /home/airflow/.local/lib/python3.7/site-packages/airflow/example_dags/tutorial.py
[2024-06-24T15:24:44.828+0000] {logging_mixin.py:149} INFO - [2024-06-24T15:24:44.828+0000] {dag.py:2726} INFO - Sync 1 DAGs
[2024-06-24T15:24:44.839+0000] {logging_mixin.py:149} INFO - [2024-06-24T15:24:44.839+0000] {dag.py:3490} INFO - Setting next_dagrun for tutorial to 2024-06-23T15:24:44.839474+00:00, run_after=2024-06-24T15:24:44.839474+00:00
[2024-06-24T15:24:44.847+0000] {processor.py:178} INFO - Processing /home/airflow/.local/lib/python3.7/site-packages/airflow/example_dags/tutorial.py took 0.034 seconds
[2024-06-24T15:25:15.365+0000] {processor.py:156} INFO - Started process (PID=2410) to work on /home/airflow/.local/lib/python3.7/site-packages/airflow/example_dags/tutorial.py
[2024-06-24T15:25:15.366+0000] {processor.py:799} INFO - Processing file /home/airflow/.local/lib/python3.7/site-packages/airflow/example_dags/tutorial.py for tasks to queue
[2024-06-24T15:25:15.366+0000] {logging_mixin.py:149} INFO - [2024-06-24T15:25:15.366+0000] {dagbag.py:541} INFO - Filling up the DagBag from /home/airflow/.local/lib/python3.7/site-packages/airflow/example_dags/tutorial.py
[2024-06-24T15:25:15.369+0000] {processor.py:809} INFO - DAG(s) dict_keys(['tutorial']) retrieved from /home/airflow/.local/lib/python3.7/site-packages/airflow/example_dags/tutorial.py
[2024-06-24T15:25:15.380+0000] {logging_mixin.py:149} INFO - [2024-06-24T15:25:15.380+0000] {dag.py:2726} INFO - Sync 1 DAGs
[2024-06-24T15:25:15.391+0000] {logging_mixin.py:149} INFO - [2024-06-24T15:25:15.391+0000] {dag.py:3490} INFO - Setting next_dagrun for tutorial to 2024-06-23T15:25:15.391316+00:00, run_after=2024-06-24T15:25:15.391316+00:00
[2024-06-24T15:25:15.398+0000] {processor.py:178} INFO - Processing /home/airflow/.local/lib/python3.7/site-packages/airflow/example_dags/tutorial.py took 0.034 seconds
[2024-06-24T15:25:45.971+0000] {processor.py:156} INFO - Started process (PID=2485) to work on /home/airflow/.local/lib/python3.7/site-packages/airflow/example_dags/tutorial.py
[2024-06-24T15:25:45.971+0000] {processor.py:799} INFO - Processing file /home/airflow/.local/lib/python3.7/site-packages/airflow/example_dags/tutorial.py for tasks to queue
[2024-06-24T15:25:45.972+0000] {logging_mixin.py:149} INFO - [2024-06-24T15:25:45.972+0000] {dagbag.py:541} INFO - Filling up the DagBag from /home/airflow/.local/lib/python3.7/site-packages/airflow/example_dags/tutorial.py
[2024-06-24T15:25:45.975+0000] {processor.py:809} INFO - DAG(s) dict_keys(['tutorial']) retrieved from /home/airflow/.local/lib/python3.7/site-packages/airflow/example_dags/tutorial.py
[2024-06-24T15:25:45.988+0000] {logging_mixin.py:149} INFO - [2024-06-24T15:25:45.988+0000] {dag.py:2726} INFO - Sync 1 DAGs
[2024-06-24T15:25:45.999+0000] {logging_mixin.py:149} INFO - [2024-06-24T15:25:45.999+0000] {dag.py:3490} INFO - Setting next_dagrun for tutorial to 2024-06-23T15:25:45.999502+00:00, run_after=2024-06-24T15:25:45.999502+00:00
[2024-06-24T15:25:46.008+0000] {processor.py:178} INFO - Processing /home/airflow/.local/lib/python3.7/site-packages/airflow/example_dags/tutorial.py took 0.040 seconds
[2024-06-24T15:26:16.565+0000] {processor.py:156} INFO - Started process (PID=2554) to work on /home/airflow/.local/lib/python3.7/site-packages/airflow/example_dags/tutorial.py
[2024-06-24T15:26:16.566+0000] {processor.py:799} INFO - Processing file /home/airflow/.local/lib/python3.7/site-packages/airflow/example_dags/tutorial.py for tasks to queue
[2024-06-24T15:26:16.566+0000] {logging_mixin.py:149} INFO - [2024-06-24T15:26:16.566+0000] {dagbag.py:541} INFO - Filling up the DagBag from /home/airflow/.local/lib/python3.7/site-packages/airflow/example_dags/tutorial.py
[2024-06-24T15:26:16.569+0000] {processor.py:809} INFO - DAG(s) dict_keys(['tutorial']) retrieved from /home/airflow/.local/lib/python3.7/site-packages/airflow/example_dags/tutorial.py
[2024-06-24T15:26:16.580+0000] {logging_mixin.py:149} INFO - [2024-06-24T15:26:16.580+0000] {dag.py:2726} INFO - Sync 1 DAGs
[2024-06-24T15:26:16.590+0000] {logging_mixin.py:149} INFO - [2024-06-24T15:26:16.590+0000] {dag.py:3490} INFO - Setting next_dagrun for tutorial to 2024-06-23T15:26:16.590692+00:00, run_after=2024-06-24T15:26:16.590692+00:00
[2024-06-24T15:26:16.597+0000] {processor.py:178} INFO - Processing /home/airflow/.local/lib/python3.7/site-packages/airflow/example_dags/tutorial.py took 0.033 seconds
[2024-06-24T15:26:47.241+0000] {processor.py:156} INFO - Started process (PID=2623) to work on /home/airflow/.local/lib/python3.7/site-packages/airflow/example_dags/tutorial.py
[2024-06-24T15:26:47.241+0000] {processor.py:799} INFO - Processing file /home/airflow/.local/lib/python3.7/site-packages/airflow/example_dags/tutorial.py for tasks to queue
[2024-06-24T15:26:47.241+0000] {logging_mixin.py:149} INFO - [2024-06-24T15:26:47.241+0000] {dagbag.py:541} INFO - Filling up the DagBag from /home/airflow/.local/lib/python3.7/site-packages/airflow/example_dags/tutorial.py
[2024-06-24T15:26:47.245+0000] {processor.py:809} INFO - DAG(s) dict_keys(['tutorial']) retrieved from /home/airflow/.local/lib/python3.7/site-packages/airflow/example_dags/tutorial.py
[2024-06-24T15:26:47.256+0000] {logging_mixin.py:149} INFO - [2024-06-24T15:26:47.256+0000] {dag.py:2726} INFO - Sync 1 DAGs
[2024-06-24T15:26:47.268+0000] {logging_mixin.py:149} INFO - [2024-06-24T15:26:47.267+0000] {dag.py:3490} INFO - Setting next_dagrun for tutorial to 2024-06-23T15:26:47.267841+00:00, run_after=2024-06-24T15:26:47.267841+00:00
[2024-06-24T15:26:47.275+0000] {processor.py:178} INFO - Processing /home/airflow/.local/lib/python3.7/site-packages/airflow/example_dags/tutorial.py took 0.036 seconds
[2024-06-24T15:27:18.144+0000] {processor.py:156} INFO - Started process (PID=2692) to work on /home/airflow/.local/lib/python3.7/site-packages/airflow/example_dags/tutorial.py
[2024-06-24T15:27:18.145+0000] {processor.py:799} INFO - Processing file /home/airflow/.local/lib/python3.7/site-packages/airflow/example_dags/tutorial.py for tasks to queue
[2024-06-24T15:27:18.145+0000] {logging_mixin.py:149} INFO - [2024-06-24T15:27:18.145+0000] {dagbag.py:541} INFO - Filling up the DagBag from /home/airflow/.local/lib/python3.7/site-packages/airflow/example_dags/tutorial.py
[2024-06-24T15:27:18.148+0000] {processor.py:809} INFO - DAG(s) dict_keys(['tutorial']) retrieved from /home/airflow/.local/lib/python3.7/site-packages/airflow/example_dags/tutorial.py
[2024-06-24T15:27:18.161+0000] {logging_mixin.py:149} INFO - [2024-06-24T15:27:18.161+0000] {dag.py:2726} INFO - Sync 1 DAGs
[2024-06-24T15:27:18.173+0000] {logging_mixin.py:149} INFO - [2024-06-24T15:27:18.173+0000] {dag.py:3490} INFO - Setting next_dagrun for tutorial to 2024-06-23T15:27:18.172954+00:00, run_after=2024-06-24T15:27:18.172954+00:00
[2024-06-24T15:27:18.182+0000] {processor.py:178} INFO - Processing /home/airflow/.local/lib/python3.7/site-packages/airflow/example_dags/tutorial.py took 0.039 seconds
[2024-06-24T15:27:48.983+0000] {processor.py:156} INFO - Started process (PID=2761) to work on /home/airflow/.local/lib/python3.7/site-packages/airflow/example_dags/tutorial.py
[2024-06-24T15:27:48.984+0000] {processor.py:799} INFO - Processing file /home/airflow/.local/lib/python3.7/site-packages/airflow/example_dags/tutorial.py for tasks to queue
[2024-06-24T15:27:48.984+0000] {logging_mixin.py:149} INFO - [2024-06-24T15:27:48.984+0000] {dagbag.py:541} INFO - Filling up the DagBag from /home/airflow/.local/lib/python3.7/site-packages/airflow/example_dags/tutorial.py
[2024-06-24T15:27:48.987+0000] {processor.py:809} INFO - DAG(s) dict_keys(['tutorial']) retrieved from /home/airflow/.local/lib/python3.7/site-packages/airflow/example_dags/tutorial.py
[2024-06-24T15:27:49.002+0000] {logging_mixin.py:149} INFO - [2024-06-24T15:27:49.002+0000] {dag.py:2726} INFO - Sync 1 DAGs
[2024-06-24T15:27:49.017+0000] {logging_mixin.py:149} INFO - [2024-06-24T15:27:49.017+0000] {dag.py:3490} INFO - Setting next_dagrun for tutorial to 2024-06-23T15:27:49.017626+00:00, run_after=2024-06-24T15:27:49.017626+00:00
[2024-06-24T15:27:49.028+0000] {processor.py:178} INFO - Processing /home/airflow/.local/lib/python3.7/site-packages/airflow/example_dags/tutorial.py took 0.046 seconds
[2024-06-24T15:28:19.898+0000] {processor.py:156} INFO - Started process (PID=2830) to work on /home/airflow/.local/lib/python3.7/site-packages/airflow/example_dags/tutorial.py
[2024-06-24T15:28:19.898+0000] {processor.py:799} INFO - Processing file /home/airflow/.local/lib/python3.7/site-packages/airflow/example_dags/tutorial.py for tasks to queue
[2024-06-24T15:28:19.898+0000] {logging_mixin.py:149} INFO - [2024-06-24T15:28:19.898+0000] {dagbag.py:541} INFO - Filling up the DagBag from /home/airflow/.local/lib/python3.7/site-packages/airflow/example_dags/tutorial.py
[2024-06-24T15:28:19.901+0000] {processor.py:809} INFO - DAG(s) dict_keys(['tutorial']) retrieved from /home/airflow/.local/lib/python3.7/site-packages/airflow/example_dags/tutorial.py
[2024-06-24T15:28:19.911+0000] {logging_mixin.py:149} INFO - [2024-06-24T15:28:19.911+0000] {dag.py:2726} INFO - Sync 1 DAGs
[2024-06-24T15:28:19.921+0000] {logging_mixin.py:149} INFO - [2024-06-24T15:28:19.921+0000] {dag.py:3490} INFO - Setting next_dagrun for tutorial to 2024-06-23T15:28:19.921675+00:00, run_after=2024-06-24T15:28:19.921675+00:00
[2024-06-24T15:28:19.929+0000] {processor.py:178} INFO - Processing /home/airflow/.local/lib/python3.7/site-packages/airflow/example_dags/tutorial.py took 0.032 seconds
[2024-06-24T15:28:50.798+0000] {processor.py:156} INFO - Started process (PID=2899) to work on /home/airflow/.local/lib/python3.7/site-packages/airflow/example_dags/tutorial.py
[2024-06-24T15:28:50.798+0000] {processor.py:799} INFO - Processing file /home/airflow/.local/lib/python3.7/site-packages/airflow/example_dags/tutorial.py for tasks to queue
[2024-06-24T15:28:50.798+0000] {logging_mixin.py:149} INFO - [2024-06-24T15:28:50.798+0000] {dagbag.py:541} INFO - Filling up the DagBag from /home/airflow/.local/lib/python3.7/site-packages/airflow/example_dags/tutorial.py
[2024-06-24T15:28:50.801+0000] {processor.py:809} INFO - DAG(s) dict_keys(['tutorial']) retrieved from /home/airflow/.local/lib/python3.7/site-packages/airflow/example_dags/tutorial.py
[2024-06-24T15:28:50.811+0000] {logging_mixin.py:149} INFO - [2024-06-24T15:28:50.811+0000] {dag.py:2726} INFO - Sync 1 DAGs
[2024-06-24T15:28:50.823+0000] {logging_mixin.py:149} INFO - [2024-06-24T15:28:50.823+0000] {dag.py:3490} INFO - Setting next_dagrun for tutorial to 2024-06-23T15:28:50.822932+00:00, run_after=2024-06-24T15:28:50.822932+00:00
[2024-06-24T15:28:50.830+0000] {processor.py:178} INFO - Processing /home/airflow/.local/lib/python3.7/site-packages/airflow/example_dags/tutorial.py took 0.033 seconds
[2024-06-24T15:29:21.432+0000] {processor.py:156} INFO - Started process (PID=2967) to work on /home/airflow/.local/lib/python3.7/site-packages/airflow/example_dags/tutorial.py
[2024-06-24T15:29:21.433+0000] {processor.py:799} INFO - Processing file /home/airflow/.local/lib/python3.7/site-packages/airflow/example_dags/tutorial.py for tasks to queue
[2024-06-24T15:29:21.433+0000] {logging_mixin.py:149} INFO - [2024-06-24T15:29:21.433+0000] {dagbag.py:541} INFO - Filling up the DagBag from /home/airflow/.local/lib/python3.7/site-packages/airflow/example_dags/tutorial.py
[2024-06-24T15:29:21.436+0000] {processor.py:809} INFO - DAG(s) dict_keys(['tutorial']) retrieved from /home/airflow/.local/lib/python3.7/site-packages/airflow/example_dags/tutorial.py
[2024-06-24T15:29:21.447+0000] {logging_mixin.py:149} INFO - [2024-06-24T15:29:21.447+0000] {dag.py:2726} INFO - Sync 1 DAGs
[2024-06-24T15:29:21.458+0000] {logging_mixin.py:149} INFO - [2024-06-24T15:29:21.458+0000] {dag.py:3490} INFO - Setting next_dagrun for tutorial to 2024-06-23T15:29:21.457945+00:00, run_after=2024-06-24T15:29:21.457945+00:00
[2024-06-24T15:29:21.465+0000] {processor.py:178} INFO - Processing /home/airflow/.local/lib/python3.7/site-packages/airflow/example_dags/tutorial.py took 0.034 seconds
[2024-06-24T15:29:52.136+0000] {processor.py:156} INFO - Started process (PID=3036) to work on /home/airflow/.local/lib/python3.7/site-packages/airflow/example_dags/tutorial.py
[2024-06-24T15:29:52.137+0000] {processor.py:799} INFO - Processing file /home/airflow/.local/lib/python3.7/site-packages/airflow/example_dags/tutorial.py for tasks to queue
[2024-06-24T15:29:52.137+0000] {logging_mixin.py:149} INFO - [2024-06-24T15:29:52.137+0000] {dagbag.py:541} INFO - Filling up the DagBag from /home/airflow/.local/lib/python3.7/site-packages/airflow/example_dags/tutorial.py
[2024-06-24T15:29:52.140+0000] {processor.py:809} INFO - DAG(s) dict_keys(['tutorial']) retrieved from /home/airflow/.local/lib/python3.7/site-packages/airflow/example_dags/tutorial.py
[2024-06-24T15:29:52.150+0000] {logging_mixin.py:149} INFO - [2024-06-24T15:29:52.150+0000] {dag.py:2726} INFO - Sync 1 DAGs
[2024-06-24T15:29:52.160+0000] {logging_mixin.py:149} INFO - [2024-06-24T15:29:52.160+0000] {dag.py:3490} INFO - Setting next_dagrun for tutorial to 2024-06-23T15:29:52.160465+00:00, run_after=2024-06-24T15:29:52.160465+00:00
[2024-06-24T15:29:52.168+0000] {processor.py:178} INFO - Processing /home/airflow/.local/lib/python3.7/site-packages/airflow/example_dags/tutorial.py took 0.033 seconds
[2024-06-24T15:30:22.765+0000] {processor.py:156} INFO - Started process (PID=3104) to work on /home/airflow/.local/lib/python3.7/site-packages/airflow/example_dags/tutorial.py
[2024-06-24T15:30:22.765+0000] {processor.py:799} INFO - Processing file /home/airflow/.local/lib/python3.7/site-packages/airflow/example_dags/tutorial.py for tasks to queue
[2024-06-24T15:30:22.765+0000] {logging_mixin.py:149} INFO - [2024-06-24T15:30:22.765+0000] {dagbag.py:541} INFO - Filling up the DagBag from /home/airflow/.local/lib/python3.7/site-packages/airflow/example_dags/tutorial.py
[2024-06-24T15:30:22.769+0000] {processor.py:809} INFO - DAG(s) dict_keys(['tutorial']) retrieved from /home/airflow/.local/lib/python3.7/site-packages/airflow/example_dags/tutorial.py
[2024-06-24T15:30:22.781+0000] {logging_mixin.py:149} INFO - [2024-06-24T15:30:22.781+0000] {dag.py:2726} INFO - Sync 1 DAGs
[2024-06-24T15:30:22.793+0000] {logging_mixin.py:149} INFO - [2024-06-24T15:30:22.793+0000] {dag.py:3490} INFO - Setting next_dagrun for tutorial to 2024-06-23T15:30:22.793718+00:00, run_after=2024-06-24T15:30:22.793718+00:00
[2024-06-24T15:30:22.802+0000] {processor.py:178} INFO - Processing /home/airflow/.local/lib/python3.7/site-packages/airflow/example_dags/tutorial.py took 0.039 seconds
