[2024-06-24T15:17:52.014+0000] {taskinstance.py:1125} INFO - Dependencies all met for dep_context=non-requeueable deps ti=<TaskInstance: Assignment3.send_summary_email manual__2024-06-24T15:16:16.363005+00:00 [queued]>
[2024-06-24T15:17:52.018+0000] {taskinstance.py:1125} INFO - Dependencies all met for dep_context=requeueable deps ti=<TaskInstance: Assignment3.send_summary_email manual__2024-06-24T15:16:16.363005+00:00 [queued]>
[2024-06-24T15:17:52.018+0000] {taskinstance.py:1331} INFO - Starting attempt 1 of 2
[2024-06-24T15:17:52.023+0000] {taskinstance.py:1350} INFO - Executing <Task(EmailOperator): send_summary_email> on 2024-06-24 15:16:16.363005+00:00
[2024-06-24T15:17:52.025+0000] {standard_task_runner.py:57} INFO - Started process 267 to run task
[2024-06-24T15:17:52.027+0000] {standard_task_runner.py:84} INFO - Running: ['***', 'tasks', 'run', 'Assignment3', 'send_summary_email', 'manual__2024-06-24T15:16:16.363005+00:00', '--job-id', '15', '--raw', '--subdir', 'DAGS_FOLDER/assignment3_bigdata.py', '--cfg-path', '/tmp/tmpttzj_bka']
[2024-06-24T15:17:52.027+0000] {standard_task_runner.py:85} INFO - Job 15: Subtask send_summary_email
[2024-06-24T15:17:52.046+0000] {task_command.py:410} INFO - Running <TaskInstance: Assignment3.send_summary_email manual__2024-06-24T15:16:16.363005+00:00 [running]> on host 183246c8fda6
[2024-06-24T15:17:52.062+0000] {warnings.py:110} WARNING - /home/***/.local/lib/python3.7/site-packages/***/utils/context.py:205: AirflowContextDeprecationWarning: Accessing 'execution_date' from the template is deprecated and will be removed in a future version. Please use 'data_interval_start' or 'logical_date' instead.
  warnings.warn(_create_deprecation_warning(key, self._deprecation_replacements[key]))

[2024-06-24T15:17:52.063+0000] {warnings.py:110} WARNING - /home/***/.local/lib/python3.7/site-packages/***/utils/context.py:205: AirflowContextDeprecationWarning: Accessing 'next_execution_date' from the template is deprecated and will be removed in a future version. Please use 'data_interval_end' instead.
  warnings.warn(_create_deprecation_warning(key, self._deprecation_replacements[key]))

[2024-06-24T15:17:52.077+0000] {taskinstance.py:1570} INFO - Exporting env vars: AIRFLOW_CTX_DAG_EMAIL='jaumesanchez1@gmail.com' AIRFLOW_CTX_DAG_OWNER='David' AIRFLOW_CTX_DAG_ID='Assignment3' AIRFLOW_CTX_TASK_ID='send_summary_email' AIRFLOW_CTX_EXECUTION_DATE='2024-06-24T15:16:16.363005+00:00' AIRFLOW_CTX_TRY_NUMBER='1' AIRFLOW_CTX_DAG_RUN_ID='manual__2024-06-24T15:16:16.363005+00:00'
[2024-06-24T15:17:52.081+0000] {warnings.py:110} WARNING - /home/***/.local/lib/python3.7/site-packages/***/utils/email.py:152: RemovedInAirflow3Warning: Fetching SMTP credentials from configuration variables will be deprecated in a future release. Please set credentials using a connection instead.
  send_mime_email(e_from=mail_from, e_to=recipients, mime_msg=msg, conn_id=conn_id, dryrun=dryrun)

[2024-06-24T15:17:52.081+0000] {email.py:268} INFO - Email alerting: attempt 1
[2024-06-24T15:17:52.523+0000] {email.py:280} INFO - Sent an alert email to ['jaumesanchez1@gmail.com']
[2024-06-24T15:17:53.590+0000] {taskinstance.py:1373} INFO - Marking task as SUCCESS. dag_id=Assignment3, task_id=send_summary_email, execution_date=20240624T151616, start_date=20240624T151752, end_date=20240624T151753
[2024-06-24T15:17:53.624+0000] {local_task_job_runner.py:232} INFO - Task exited with return code 0
[2024-06-24T15:17:53.639+0000] {taskinstance.py:2674} INFO - 0 downstream tasks scheduled from follow-on schedule check
