[2024-06-24T15:03:51.518+0000] {processor.py:156} INFO - Started process (PID=84) to work on /home/airflow/.local/lib/python3.7/site-packages/airflow/example_dags/example_local_kubernetes_executor.py
[2024-06-24T15:03:51.518+0000] {processor.py:799} INFO - Processing file /home/airflow/.local/lib/python3.7/site-packages/airflow/example_dags/example_local_kubernetes_executor.py for tasks to queue
[2024-06-24T15:03:51.519+0000] {logging_mixin.py:149} INFO - [2024-06-24T15:03:51.518+0000] {dagbag.py:541} INFO - Filling up the DagBag from /home/airflow/.local/lib/python3.7/site-packages/airflow/example_dags/example_local_kubernetes_executor.py
[2024-06-24T15:03:51.756+0000] {processor.py:809} INFO - DAG(s) dict_keys(['example_local_kubernetes_executor']) retrieved from /home/airflow/.local/lib/python3.7/site-packages/airflow/example_dags/example_local_kubernetes_executor.py
[2024-06-24T15:03:51.822+0000] {logging_mixin.py:149} INFO - [2024-06-24T15:03:51.822+0000] {manager.py:504} INFO - Created Permission View: can delete on DAG:example_local_kubernetes_executor
[2024-06-24T15:03:51.826+0000] {logging_mixin.py:149} INFO - [2024-06-24T15:03:51.826+0000] {manager.py:504} INFO - Created Permission View: can edit on DAG:example_local_kubernetes_executor
[2024-06-24T15:03:51.829+0000] {logging_mixin.py:149} INFO - [2024-06-24T15:03:51.829+0000] {manager.py:504} INFO - Created Permission View: can read on DAG:example_local_kubernetes_executor
[2024-06-24T15:03:51.829+0000] {logging_mixin.py:149} INFO - [2024-06-24T15:03:51.829+0000] {dag.py:2726} INFO - Sync 1 DAGs
[2024-06-24T15:03:51.838+0000] {logging_mixin.py:149} INFO - [2024-06-24T15:03:51.838+0000] {dag.py:2747} INFO - Creating ORM DAG for example_local_kubernetes_executor
[2024-06-24T15:03:51.842+0000] {logging_mixin.py:149} INFO - [2024-06-24T15:03:51.842+0000] {dag.py:3490} INFO - Setting next_dagrun for example_local_kubernetes_executor to None, run_after=None
[2024-06-24T15:03:51.850+0000] {processor.py:178} INFO - Processing /home/airflow/.local/lib/python3.7/site-packages/airflow/example_dags/example_local_kubernetes_executor.py took 0.333 seconds
[2024-06-24T15:04:22.561+0000] {processor.py:156} INFO - Started process (PID=153) to work on /home/airflow/.local/lib/python3.7/site-packages/airflow/example_dags/example_local_kubernetes_executor.py
[2024-06-24T15:04:22.561+0000] {processor.py:799} INFO - Processing file /home/airflow/.local/lib/python3.7/site-packages/airflow/example_dags/example_local_kubernetes_executor.py for tasks to queue
[2024-06-24T15:04:22.562+0000] {logging_mixin.py:149} INFO - [2024-06-24T15:04:22.562+0000] {dagbag.py:541} INFO - Filling up the DagBag from /home/airflow/.local/lib/python3.7/site-packages/airflow/example_dags/example_local_kubernetes_executor.py
[2024-06-24T15:04:22.691+0000] {processor.py:809} INFO - DAG(s) dict_keys(['example_local_kubernetes_executor']) retrieved from /home/airflow/.local/lib/python3.7/site-packages/airflow/example_dags/example_local_kubernetes_executor.py
[2024-06-24T15:04:22.711+0000] {logging_mixin.py:149} INFO - [2024-06-24T15:04:22.711+0000] {dag.py:2726} INFO - Sync 1 DAGs
[2024-06-24T15:04:22.725+0000] {logging_mixin.py:149} INFO - [2024-06-24T15:04:22.725+0000] {dag.py:3490} INFO - Setting next_dagrun for example_local_kubernetes_executor to None, run_after=None
[2024-06-24T15:04:22.733+0000] {processor.py:178} INFO - Processing /home/airflow/.local/lib/python3.7/site-packages/airflow/example_dags/example_local_kubernetes_executor.py took 0.175 seconds
[2024-06-24T15:04:53.144+0000] {processor.py:156} INFO - Started process (PID=221) to work on /home/airflow/.local/lib/python3.7/site-packages/airflow/example_dags/example_local_kubernetes_executor.py
[2024-06-24T15:04:53.144+0000] {processor.py:799} INFO - Processing file /home/airflow/.local/lib/python3.7/site-packages/airflow/example_dags/example_local_kubernetes_executor.py for tasks to queue
[2024-06-24T15:04:53.145+0000] {logging_mixin.py:149} INFO - [2024-06-24T15:04:53.145+0000] {dagbag.py:541} INFO - Filling up the DagBag from /home/airflow/.local/lib/python3.7/site-packages/airflow/example_dags/example_local_kubernetes_executor.py
[2024-06-24T15:04:53.232+0000] {processor.py:809} INFO - DAG(s) dict_keys(['example_local_kubernetes_executor']) retrieved from /home/airflow/.local/lib/python3.7/site-packages/airflow/example_dags/example_local_kubernetes_executor.py
[2024-06-24T15:04:53.246+0000] {logging_mixin.py:149} INFO - [2024-06-24T15:04:53.246+0000] {dag.py:2726} INFO - Sync 1 DAGs
[2024-06-24T15:04:53.256+0000] {logging_mixin.py:149} INFO - [2024-06-24T15:04:53.256+0000] {dag.py:3490} INFO - Setting next_dagrun for example_local_kubernetes_executor to None, run_after=None
[2024-06-24T15:04:53.263+0000] {processor.py:178} INFO - Processing /home/airflow/.local/lib/python3.7/site-packages/airflow/example_dags/example_local_kubernetes_executor.py took 0.122 seconds
[2024-06-24T15:05:23.747+0000] {processor.py:156} INFO - Started process (PID=290) to work on /home/airflow/.local/lib/python3.7/site-packages/airflow/example_dags/example_local_kubernetes_executor.py
[2024-06-24T15:05:23.748+0000] {processor.py:799} INFO - Processing file /home/airflow/.local/lib/python3.7/site-packages/airflow/example_dags/example_local_kubernetes_executor.py for tasks to queue
[2024-06-24T15:05:23.749+0000] {logging_mixin.py:149} INFO - [2024-06-24T15:05:23.749+0000] {dagbag.py:541} INFO - Filling up the DagBag from /home/airflow/.local/lib/python3.7/site-packages/airflow/example_dags/example_local_kubernetes_executor.py
[2024-06-24T15:05:23.843+0000] {processor.py:809} INFO - DAG(s) dict_keys(['example_local_kubernetes_executor']) retrieved from /home/airflow/.local/lib/python3.7/site-packages/airflow/example_dags/example_local_kubernetes_executor.py
[2024-06-24T15:05:23.859+0000] {logging_mixin.py:149} INFO - [2024-06-24T15:05:23.858+0000] {dag.py:2726} INFO - Sync 1 DAGs
[2024-06-24T15:05:23.869+0000] {logging_mixin.py:149} INFO - [2024-06-24T15:05:23.869+0000] {dag.py:3490} INFO - Setting next_dagrun for example_local_kubernetes_executor to None, run_after=None
[2024-06-24T15:05:23.876+0000] {processor.py:178} INFO - Processing /home/airflow/.local/lib/python3.7/site-packages/airflow/example_dags/example_local_kubernetes_executor.py took 0.132 seconds
[2024-06-24T15:05:54.315+0000] {processor.py:156} INFO - Started process (PID=359) to work on /home/airflow/.local/lib/python3.7/site-packages/airflow/example_dags/example_local_kubernetes_executor.py
[2024-06-24T15:05:54.316+0000] {processor.py:799} INFO - Processing file /home/airflow/.local/lib/python3.7/site-packages/airflow/example_dags/example_local_kubernetes_executor.py for tasks to queue
[2024-06-24T15:05:54.316+0000] {logging_mixin.py:149} INFO - [2024-06-24T15:05:54.316+0000] {dagbag.py:541} INFO - Filling up the DagBag from /home/airflow/.local/lib/python3.7/site-packages/airflow/example_dags/example_local_kubernetes_executor.py
[2024-06-24T15:05:54.406+0000] {processor.py:809} INFO - DAG(s) dict_keys(['example_local_kubernetes_executor']) retrieved from /home/airflow/.local/lib/python3.7/site-packages/airflow/example_dags/example_local_kubernetes_executor.py
[2024-06-24T15:05:54.421+0000] {logging_mixin.py:149} INFO - [2024-06-24T15:05:54.421+0000] {dag.py:2726} INFO - Sync 1 DAGs
[2024-06-24T15:05:54.432+0000] {logging_mixin.py:149} INFO - [2024-06-24T15:05:54.432+0000] {dag.py:3490} INFO - Setting next_dagrun for example_local_kubernetes_executor to None, run_after=None
[2024-06-24T15:05:54.440+0000] {processor.py:178} INFO - Processing /home/airflow/.local/lib/python3.7/site-packages/airflow/example_dags/example_local_kubernetes_executor.py took 0.128 seconds
[2024-06-24T15:06:24.969+0000] {processor.py:156} INFO - Started process (PID=427) to work on /home/airflow/.local/lib/python3.7/site-packages/airflow/example_dags/example_local_kubernetes_executor.py
[2024-06-24T15:06:24.969+0000] {processor.py:799} INFO - Processing file /home/airflow/.local/lib/python3.7/site-packages/airflow/example_dags/example_local_kubernetes_executor.py for tasks to queue
[2024-06-24T15:06:24.970+0000] {logging_mixin.py:149} INFO - [2024-06-24T15:06:24.970+0000] {dagbag.py:541} INFO - Filling up the DagBag from /home/airflow/.local/lib/python3.7/site-packages/airflow/example_dags/example_local_kubernetes_executor.py
[2024-06-24T15:06:25.061+0000] {processor.py:809} INFO - DAG(s) dict_keys(['example_local_kubernetes_executor']) retrieved from /home/airflow/.local/lib/python3.7/site-packages/airflow/example_dags/example_local_kubernetes_executor.py
[2024-06-24T15:06:25.076+0000] {logging_mixin.py:149} INFO - [2024-06-24T15:06:25.076+0000] {dag.py:2726} INFO - Sync 1 DAGs
[2024-06-24T15:06:25.086+0000] {logging_mixin.py:149} INFO - [2024-06-24T15:06:25.086+0000] {dag.py:3490} INFO - Setting next_dagrun for example_local_kubernetes_executor to None, run_after=None
[2024-06-24T15:06:25.093+0000] {processor.py:178} INFO - Processing /home/airflow/.local/lib/python3.7/site-packages/airflow/example_dags/example_local_kubernetes_executor.py took 0.128 seconds
[2024-06-24T15:06:55.647+0000] {processor.py:156} INFO - Started process (PID=496) to work on /home/airflow/.local/lib/python3.7/site-packages/airflow/example_dags/example_local_kubernetes_executor.py
[2024-06-24T15:06:55.648+0000] {processor.py:799} INFO - Processing file /home/airflow/.local/lib/python3.7/site-packages/airflow/example_dags/example_local_kubernetes_executor.py for tasks to queue
[2024-06-24T15:06:55.649+0000] {logging_mixin.py:149} INFO - [2024-06-24T15:06:55.649+0000] {dagbag.py:541} INFO - Filling up the DagBag from /home/airflow/.local/lib/python3.7/site-packages/airflow/example_dags/example_local_kubernetes_executor.py
[2024-06-24T15:06:55.754+0000] {processor.py:809} INFO - DAG(s) dict_keys(['example_local_kubernetes_executor']) retrieved from /home/airflow/.local/lib/python3.7/site-packages/airflow/example_dags/example_local_kubernetes_executor.py
[2024-06-24T15:06:55.772+0000] {logging_mixin.py:149} INFO - [2024-06-24T15:06:55.772+0000] {dag.py:2726} INFO - Sync 1 DAGs
[2024-06-24T15:06:55.785+0000] {logging_mixin.py:149} INFO - [2024-06-24T15:06:55.785+0000] {dag.py:3490} INFO - Setting next_dagrun for example_local_kubernetes_executor to None, run_after=None
[2024-06-24T15:06:55.793+0000] {processor.py:178} INFO - Processing /home/airflow/.local/lib/python3.7/site-packages/airflow/example_dags/example_local_kubernetes_executor.py took 0.148 seconds
[2024-06-24T15:07:54.786+0000] {processor.py:156} INFO - Started process (PID=84) to work on /home/airflow/.local/lib/python3.7/site-packages/airflow/example_dags/example_local_kubernetes_executor.py
[2024-06-24T15:07:54.787+0000] {processor.py:799} INFO - Processing file /home/airflow/.local/lib/python3.7/site-packages/airflow/example_dags/example_local_kubernetes_executor.py for tasks to queue
[2024-06-24T15:07:54.788+0000] {logging_mixin.py:149} INFO - [2024-06-24T15:07:54.788+0000] {dagbag.py:541} INFO - Filling up the DagBag from /home/airflow/.local/lib/python3.7/site-packages/airflow/example_dags/example_local_kubernetes_executor.py
[2024-06-24T15:07:54.893+0000] {processor.py:809} INFO - DAG(s) dict_keys(['example_local_kubernetes_executor']) retrieved from /home/airflow/.local/lib/python3.7/site-packages/airflow/example_dags/example_local_kubernetes_executor.py
[2024-06-24T15:07:54.901+0000] {logging_mixin.py:149} INFO - [2024-06-24T15:07:54.901+0000] {dag.py:2726} INFO - Sync 1 DAGs
[2024-06-24T15:07:54.915+0000] {logging_mixin.py:149} INFO - [2024-06-24T15:07:54.915+0000] {dag.py:3490} INFO - Setting next_dagrun for example_local_kubernetes_executor to None, run_after=None
[2024-06-24T15:07:54.925+0000] {processor.py:178} INFO - Processing /home/airflow/.local/lib/python3.7/site-packages/airflow/example_dags/example_local_kubernetes_executor.py took 0.141 seconds
[2024-06-24T15:08:25.670+0000] {processor.py:156} INFO - Started process (PID=157) to work on /home/airflow/.local/lib/python3.7/site-packages/airflow/example_dags/example_local_kubernetes_executor.py
[2024-06-24T15:08:25.670+0000] {processor.py:799} INFO - Processing file /home/airflow/.local/lib/python3.7/site-packages/airflow/example_dags/example_local_kubernetes_executor.py for tasks to queue
[2024-06-24T15:08:25.670+0000] {logging_mixin.py:149} INFO - [2024-06-24T15:08:25.670+0000] {dagbag.py:541} INFO - Filling up the DagBag from /home/airflow/.local/lib/python3.7/site-packages/airflow/example_dags/example_local_kubernetes_executor.py
[2024-06-24T15:08:25.746+0000] {processor.py:809} INFO - DAG(s) dict_keys(['example_local_kubernetes_executor']) retrieved from /home/airflow/.local/lib/python3.7/site-packages/airflow/example_dags/example_local_kubernetes_executor.py
[2024-06-24T15:08:25.761+0000] {logging_mixin.py:149} INFO - [2024-06-24T15:08:25.761+0000] {dag.py:2726} INFO - Sync 1 DAGs
[2024-06-24T15:08:25.771+0000] {logging_mixin.py:149} INFO - [2024-06-24T15:08:25.771+0000] {dag.py:3490} INFO - Setting next_dagrun for example_local_kubernetes_executor to None, run_after=None
[2024-06-24T15:08:25.778+0000] {processor.py:178} INFO - Processing /home/airflow/.local/lib/python3.7/site-packages/airflow/example_dags/example_local_kubernetes_executor.py took 0.110 seconds
[2024-06-24T15:08:56.237+0000] {processor.py:156} INFO - Started process (PID=226) to work on /home/airflow/.local/lib/python3.7/site-packages/airflow/example_dags/example_local_kubernetes_executor.py
[2024-06-24T15:08:56.237+0000] {processor.py:799} INFO - Processing file /home/airflow/.local/lib/python3.7/site-packages/airflow/example_dags/example_local_kubernetes_executor.py for tasks to queue
[2024-06-24T15:08:56.237+0000] {logging_mixin.py:149} INFO - [2024-06-24T15:08:56.237+0000] {dagbag.py:541} INFO - Filling up the DagBag from /home/airflow/.local/lib/python3.7/site-packages/airflow/example_dags/example_local_kubernetes_executor.py
[2024-06-24T15:08:56.316+0000] {processor.py:809} INFO - DAG(s) dict_keys(['example_local_kubernetes_executor']) retrieved from /home/airflow/.local/lib/python3.7/site-packages/airflow/example_dags/example_local_kubernetes_executor.py
[2024-06-24T15:08:56.334+0000] {logging_mixin.py:149} INFO - [2024-06-24T15:08:56.333+0000] {dag.py:2726} INFO - Sync 1 DAGs
[2024-06-24T15:08:56.346+0000] {logging_mixin.py:149} INFO - [2024-06-24T15:08:56.345+0000] {dag.py:3490} INFO - Setting next_dagrun for example_local_kubernetes_executor to None, run_after=None
[2024-06-24T15:08:56.353+0000] {processor.py:178} INFO - Processing /home/airflow/.local/lib/python3.7/site-packages/airflow/example_dags/example_local_kubernetes_executor.py took 0.118 seconds
[2024-06-24T15:09:26.937+0000] {processor.py:156} INFO - Started process (PID=295) to work on /home/airflow/.local/lib/python3.7/site-packages/airflow/example_dags/example_local_kubernetes_executor.py
[2024-06-24T15:09:26.937+0000] {processor.py:799} INFO - Processing file /home/airflow/.local/lib/python3.7/site-packages/airflow/example_dags/example_local_kubernetes_executor.py for tasks to queue
[2024-06-24T15:09:26.937+0000] {logging_mixin.py:149} INFO - [2024-06-24T15:09:26.937+0000] {dagbag.py:541} INFO - Filling up the DagBag from /home/airflow/.local/lib/python3.7/site-packages/airflow/example_dags/example_local_kubernetes_executor.py
[2024-06-24T15:09:27.015+0000] {processor.py:809} INFO - DAG(s) dict_keys(['example_local_kubernetes_executor']) retrieved from /home/airflow/.local/lib/python3.7/site-packages/airflow/example_dags/example_local_kubernetes_executor.py
[2024-06-24T15:09:27.029+0000] {logging_mixin.py:149} INFO - [2024-06-24T15:09:27.029+0000] {dag.py:2726} INFO - Sync 1 DAGs
[2024-06-24T15:09:27.040+0000] {logging_mixin.py:149} INFO - [2024-06-24T15:09:27.040+0000] {dag.py:3490} INFO - Setting next_dagrun for example_local_kubernetes_executor to None, run_after=None
[2024-06-24T15:09:27.046+0000] {processor.py:178} INFO - Processing /home/airflow/.local/lib/python3.7/site-packages/airflow/example_dags/example_local_kubernetes_executor.py took 0.111 seconds
[2024-06-24T15:09:57.528+0000] {processor.py:156} INFO - Started process (PID=364) to work on /home/airflow/.local/lib/python3.7/site-packages/airflow/example_dags/example_local_kubernetes_executor.py
[2024-06-24T15:09:57.528+0000] {processor.py:799} INFO - Processing file /home/airflow/.local/lib/python3.7/site-packages/airflow/example_dags/example_local_kubernetes_executor.py for tasks to queue
[2024-06-24T15:09:57.529+0000] {logging_mixin.py:149} INFO - [2024-06-24T15:09:57.528+0000] {dagbag.py:541} INFO - Filling up the DagBag from /home/airflow/.local/lib/python3.7/site-packages/airflow/example_dags/example_local_kubernetes_executor.py
[2024-06-24T15:09:57.602+0000] {processor.py:809} INFO - DAG(s) dict_keys(['example_local_kubernetes_executor']) retrieved from /home/airflow/.local/lib/python3.7/site-packages/airflow/example_dags/example_local_kubernetes_executor.py
[2024-06-24T15:09:57.617+0000] {logging_mixin.py:149} INFO - [2024-06-24T15:09:57.617+0000] {dag.py:2726} INFO - Sync 1 DAGs
[2024-06-24T15:09:57.636+0000] {logging_mixin.py:149} INFO - [2024-06-24T15:09:57.636+0000] {dag.py:3490} INFO - Setting next_dagrun for example_local_kubernetes_executor to None, run_after=None
[2024-06-24T15:09:57.648+0000] {processor.py:178} INFO - Processing /home/airflow/.local/lib/python3.7/site-packages/airflow/example_dags/example_local_kubernetes_executor.py took 0.122 seconds
[2024-06-24T15:10:28.211+0000] {processor.py:156} INFO - Started process (PID=433) to work on /home/airflow/.local/lib/python3.7/site-packages/airflow/example_dags/example_local_kubernetes_executor.py
[2024-06-24T15:10:28.211+0000] {processor.py:799} INFO - Processing file /home/airflow/.local/lib/python3.7/site-packages/airflow/example_dags/example_local_kubernetes_executor.py for tasks to queue
[2024-06-24T15:10:28.212+0000] {logging_mixin.py:149} INFO - [2024-06-24T15:10:28.211+0000] {dagbag.py:541} INFO - Filling up the DagBag from /home/airflow/.local/lib/python3.7/site-packages/airflow/example_dags/example_local_kubernetes_executor.py
[2024-06-24T15:10:28.288+0000] {processor.py:809} INFO - DAG(s) dict_keys(['example_local_kubernetes_executor']) retrieved from /home/airflow/.local/lib/python3.7/site-packages/airflow/example_dags/example_local_kubernetes_executor.py
[2024-06-24T15:10:28.303+0000] {logging_mixin.py:149} INFO - [2024-06-24T15:10:28.303+0000] {dag.py:2726} INFO - Sync 1 DAGs
[2024-06-24T15:10:28.318+0000] {logging_mixin.py:149} INFO - [2024-06-24T15:10:28.318+0000] {dag.py:3490} INFO - Setting next_dagrun for example_local_kubernetes_executor to None, run_after=None
[2024-06-24T15:10:28.331+0000] {processor.py:178} INFO - Processing /home/airflow/.local/lib/python3.7/site-packages/airflow/example_dags/example_local_kubernetes_executor.py took 0.122 seconds
[2024-06-24T15:10:59.035+0000] {processor.py:156} INFO - Started process (PID=502) to work on /home/airflow/.local/lib/python3.7/site-packages/airflow/example_dags/example_local_kubernetes_executor.py
[2024-06-24T15:10:59.035+0000] {processor.py:799} INFO - Processing file /home/airflow/.local/lib/python3.7/site-packages/airflow/example_dags/example_local_kubernetes_executor.py for tasks to queue
[2024-06-24T15:10:59.035+0000] {logging_mixin.py:149} INFO - [2024-06-24T15:10:59.035+0000] {dagbag.py:541} INFO - Filling up the DagBag from /home/airflow/.local/lib/python3.7/site-packages/airflow/example_dags/example_local_kubernetes_executor.py
[2024-06-24T15:10:59.117+0000] {processor.py:809} INFO - DAG(s) dict_keys(['example_local_kubernetes_executor']) retrieved from /home/airflow/.local/lib/python3.7/site-packages/airflow/example_dags/example_local_kubernetes_executor.py
[2024-06-24T15:10:59.131+0000] {logging_mixin.py:149} INFO - [2024-06-24T15:10:59.131+0000] {dag.py:2726} INFO - Sync 1 DAGs
[2024-06-24T15:10:59.142+0000] {logging_mixin.py:149} INFO - [2024-06-24T15:10:59.142+0000] {dag.py:3490} INFO - Setting next_dagrun for example_local_kubernetes_executor to None, run_after=None
[2024-06-24T15:10:59.149+0000] {processor.py:178} INFO - Processing /home/airflow/.local/lib/python3.7/site-packages/airflow/example_dags/example_local_kubernetes_executor.py took 0.116 seconds
[2024-06-24T15:11:29.688+0000] {processor.py:156} INFO - Started process (PID=571) to work on /home/airflow/.local/lib/python3.7/site-packages/airflow/example_dags/example_local_kubernetes_executor.py
[2024-06-24T15:11:29.688+0000] {processor.py:799} INFO - Processing file /home/airflow/.local/lib/python3.7/site-packages/airflow/example_dags/example_local_kubernetes_executor.py for tasks to queue
[2024-06-24T15:11:29.688+0000] {logging_mixin.py:149} INFO - [2024-06-24T15:11:29.688+0000] {dagbag.py:541} INFO - Filling up the DagBag from /home/airflow/.local/lib/python3.7/site-packages/airflow/example_dags/example_local_kubernetes_executor.py
[2024-06-24T15:11:29.771+0000] {processor.py:809} INFO - DAG(s) dict_keys(['example_local_kubernetes_executor']) retrieved from /home/airflow/.local/lib/python3.7/site-packages/airflow/example_dags/example_local_kubernetes_executor.py
[2024-06-24T15:11:29.786+0000] {logging_mixin.py:149} INFO - [2024-06-24T15:11:29.786+0000] {dag.py:2726} INFO - Sync 1 DAGs
[2024-06-24T15:11:29.796+0000] {logging_mixin.py:149} INFO - [2024-06-24T15:11:29.796+0000] {dag.py:3490} INFO - Setting next_dagrun for example_local_kubernetes_executor to None, run_after=None
[2024-06-24T15:11:29.803+0000] {processor.py:178} INFO - Processing /home/airflow/.local/lib/python3.7/site-packages/airflow/example_dags/example_local_kubernetes_executor.py took 0.117 seconds
[2024-06-24T15:12:00.482+0000] {processor.py:156} INFO - Started process (PID=640) to work on /home/airflow/.local/lib/python3.7/site-packages/airflow/example_dags/example_local_kubernetes_executor.py
[2024-06-24T15:12:00.482+0000] {processor.py:799} INFO - Processing file /home/airflow/.local/lib/python3.7/site-packages/airflow/example_dags/example_local_kubernetes_executor.py for tasks to queue
[2024-06-24T15:12:00.483+0000] {logging_mixin.py:149} INFO - [2024-06-24T15:12:00.482+0000] {dagbag.py:541} INFO - Filling up the DagBag from /home/airflow/.local/lib/python3.7/site-packages/airflow/example_dags/example_local_kubernetes_executor.py
[2024-06-24T15:12:00.561+0000] {processor.py:809} INFO - DAG(s) dict_keys(['example_local_kubernetes_executor']) retrieved from /home/airflow/.local/lib/python3.7/site-packages/airflow/example_dags/example_local_kubernetes_executor.py
[2024-06-24T15:12:00.577+0000] {logging_mixin.py:149} INFO - [2024-06-24T15:12:00.577+0000] {dag.py:2726} INFO - Sync 1 DAGs
[2024-06-24T15:12:00.589+0000] {logging_mixin.py:149} INFO - [2024-06-24T15:12:00.589+0000] {dag.py:3490} INFO - Setting next_dagrun for example_local_kubernetes_executor to None, run_after=None
[2024-06-24T15:12:00.596+0000] {processor.py:178} INFO - Processing /home/airflow/.local/lib/python3.7/site-packages/airflow/example_dags/example_local_kubernetes_executor.py took 0.116 seconds
[2024-06-24T15:12:31.135+0000] {processor.py:156} INFO - Started process (PID=709) to work on /home/airflow/.local/lib/python3.7/site-packages/airflow/example_dags/example_local_kubernetes_executor.py
[2024-06-24T15:12:31.135+0000] {processor.py:799} INFO - Processing file /home/airflow/.local/lib/python3.7/site-packages/airflow/example_dags/example_local_kubernetes_executor.py for tasks to queue
[2024-06-24T15:12:31.136+0000] {logging_mixin.py:149} INFO - [2024-06-24T15:12:31.136+0000] {dagbag.py:541} INFO - Filling up the DagBag from /home/airflow/.local/lib/python3.7/site-packages/airflow/example_dags/example_local_kubernetes_executor.py
[2024-06-24T15:12:31.210+0000] {processor.py:809} INFO - DAG(s) dict_keys(['example_local_kubernetes_executor']) retrieved from /home/airflow/.local/lib/python3.7/site-packages/airflow/example_dags/example_local_kubernetes_executor.py
[2024-06-24T15:12:31.225+0000] {logging_mixin.py:149} INFO - [2024-06-24T15:12:31.225+0000] {dag.py:2726} INFO - Sync 1 DAGs
[2024-06-24T15:12:31.235+0000] {logging_mixin.py:149} INFO - [2024-06-24T15:12:31.234+0000] {dag.py:3490} INFO - Setting next_dagrun for example_local_kubernetes_executor to None, run_after=None
[2024-06-24T15:12:31.241+0000] {processor.py:178} INFO - Processing /home/airflow/.local/lib/python3.7/site-packages/airflow/example_dags/example_local_kubernetes_executor.py took 0.108 seconds
[2024-06-24T15:13:01.851+0000] {processor.py:156} INFO - Started process (PID=778) to work on /home/airflow/.local/lib/python3.7/site-packages/airflow/example_dags/example_local_kubernetes_executor.py
[2024-06-24T15:13:01.851+0000] {processor.py:799} INFO - Processing file /home/airflow/.local/lib/python3.7/site-packages/airflow/example_dags/example_local_kubernetes_executor.py for tasks to queue
[2024-06-24T15:13:01.852+0000] {logging_mixin.py:149} INFO - [2024-06-24T15:13:01.852+0000] {dagbag.py:541} INFO - Filling up the DagBag from /home/airflow/.local/lib/python3.7/site-packages/airflow/example_dags/example_local_kubernetes_executor.py
[2024-06-24T15:13:01.924+0000] {processor.py:809} INFO - DAG(s) dict_keys(['example_local_kubernetes_executor']) retrieved from /home/airflow/.local/lib/python3.7/site-packages/airflow/example_dags/example_local_kubernetes_executor.py
[2024-06-24T15:13:01.939+0000] {logging_mixin.py:149} INFO - [2024-06-24T15:13:01.938+0000] {dag.py:2726} INFO - Sync 1 DAGs
[2024-06-24T15:13:01.948+0000] {logging_mixin.py:149} INFO - [2024-06-24T15:13:01.948+0000] {dag.py:3490} INFO - Setting next_dagrun for example_local_kubernetes_executor to None, run_after=None
[2024-06-24T15:13:01.955+0000] {processor.py:178} INFO - Processing /home/airflow/.local/lib/python3.7/site-packages/airflow/example_dags/example_local_kubernetes_executor.py took 0.105 seconds
[2024-06-24T15:13:32.486+0000] {processor.py:156} INFO - Started process (PID=847) to work on /home/airflow/.local/lib/python3.7/site-packages/airflow/example_dags/example_local_kubernetes_executor.py
[2024-06-24T15:13:32.486+0000] {processor.py:799} INFO - Processing file /home/airflow/.local/lib/python3.7/site-packages/airflow/example_dags/example_local_kubernetes_executor.py for tasks to queue
[2024-06-24T15:13:32.487+0000] {logging_mixin.py:149} INFO - [2024-06-24T15:13:32.487+0000] {dagbag.py:541} INFO - Filling up the DagBag from /home/airflow/.local/lib/python3.7/site-packages/airflow/example_dags/example_local_kubernetes_executor.py
[2024-06-24T15:13:32.561+0000] {processor.py:809} INFO - DAG(s) dict_keys(['example_local_kubernetes_executor']) retrieved from /home/airflow/.local/lib/python3.7/site-packages/airflow/example_dags/example_local_kubernetes_executor.py
[2024-06-24T15:13:32.576+0000] {logging_mixin.py:149} INFO - [2024-06-24T15:13:32.575+0000] {dag.py:2726} INFO - Sync 1 DAGs
[2024-06-24T15:13:32.586+0000] {logging_mixin.py:149} INFO - [2024-06-24T15:13:32.586+0000] {dag.py:3490} INFO - Setting next_dagrun for example_local_kubernetes_executor to None, run_after=None
[2024-06-24T15:13:32.593+0000] {processor.py:178} INFO - Processing /home/airflow/.local/lib/python3.7/site-packages/airflow/example_dags/example_local_kubernetes_executor.py took 0.109 seconds
[2024-06-24T15:14:03.039+0000] {processor.py:156} INFO - Started process (PID=916) to work on /home/airflow/.local/lib/python3.7/site-packages/airflow/example_dags/example_local_kubernetes_executor.py
[2024-06-24T15:14:03.039+0000] {processor.py:799} INFO - Processing file /home/airflow/.local/lib/python3.7/site-packages/airflow/example_dags/example_local_kubernetes_executor.py for tasks to queue
[2024-06-24T15:14:03.039+0000] {logging_mixin.py:149} INFO - [2024-06-24T15:14:03.039+0000] {dagbag.py:541} INFO - Filling up the DagBag from /home/airflow/.local/lib/python3.7/site-packages/airflow/example_dags/example_local_kubernetes_executor.py
[2024-06-24T15:14:03.110+0000] {processor.py:809} INFO - DAG(s) dict_keys(['example_local_kubernetes_executor']) retrieved from /home/airflow/.local/lib/python3.7/site-packages/airflow/example_dags/example_local_kubernetes_executor.py
[2024-06-24T15:14:03.124+0000] {logging_mixin.py:149} INFO - [2024-06-24T15:14:03.124+0000] {dag.py:2726} INFO - Sync 1 DAGs
[2024-06-24T15:14:03.134+0000] {logging_mixin.py:149} INFO - [2024-06-24T15:14:03.133+0000] {dag.py:3490} INFO - Setting next_dagrun for example_local_kubernetes_executor to None, run_after=None
[2024-06-24T15:14:03.141+0000] {processor.py:178} INFO - Processing /home/airflow/.local/lib/python3.7/site-packages/airflow/example_dags/example_local_kubernetes_executor.py took 0.103 seconds
[2024-06-24T15:14:33.503+0000] {processor.py:156} INFO - Started process (PID=985) to work on /home/airflow/.local/lib/python3.7/site-packages/airflow/example_dags/example_local_kubernetes_executor.py
[2024-06-24T15:14:33.503+0000] {processor.py:799} INFO - Processing file /home/airflow/.local/lib/python3.7/site-packages/airflow/example_dags/example_local_kubernetes_executor.py for tasks to queue
[2024-06-24T15:14:33.504+0000] {logging_mixin.py:149} INFO - [2024-06-24T15:14:33.504+0000] {dagbag.py:541} INFO - Filling up the DagBag from /home/airflow/.local/lib/python3.7/site-packages/airflow/example_dags/example_local_kubernetes_executor.py
[2024-06-24T15:14:33.575+0000] {processor.py:809} INFO - DAG(s) dict_keys(['example_local_kubernetes_executor']) retrieved from /home/airflow/.local/lib/python3.7/site-packages/airflow/example_dags/example_local_kubernetes_executor.py
[2024-06-24T15:14:33.589+0000] {logging_mixin.py:149} INFO - [2024-06-24T15:14:33.589+0000] {dag.py:2726} INFO - Sync 1 DAGs
[2024-06-24T15:14:33.599+0000] {logging_mixin.py:149} INFO - [2024-06-24T15:14:33.599+0000] {dag.py:3490} INFO - Setting next_dagrun for example_local_kubernetes_executor to None, run_after=None
[2024-06-24T15:14:33.605+0000] {processor.py:178} INFO - Processing /home/airflow/.local/lib/python3.7/site-packages/airflow/example_dags/example_local_kubernetes_executor.py took 0.104 seconds
[2024-06-24T15:15:04.023+0000] {processor.py:156} INFO - Started process (PID=1054) to work on /home/airflow/.local/lib/python3.7/site-packages/airflow/example_dags/example_local_kubernetes_executor.py
[2024-06-24T15:15:04.023+0000] {processor.py:799} INFO - Processing file /home/airflow/.local/lib/python3.7/site-packages/airflow/example_dags/example_local_kubernetes_executor.py for tasks to queue
[2024-06-24T15:15:04.024+0000] {logging_mixin.py:149} INFO - [2024-06-24T15:15:04.024+0000] {dagbag.py:541} INFO - Filling up the DagBag from /home/airflow/.local/lib/python3.7/site-packages/airflow/example_dags/example_local_kubernetes_executor.py
[2024-06-24T15:15:04.098+0000] {processor.py:809} INFO - DAG(s) dict_keys(['example_local_kubernetes_executor']) retrieved from /home/airflow/.local/lib/python3.7/site-packages/airflow/example_dags/example_local_kubernetes_executor.py
[2024-06-24T15:15:04.111+0000] {logging_mixin.py:149} INFO - [2024-06-24T15:15:04.111+0000] {dag.py:2726} INFO - Sync 1 DAGs
[2024-06-24T15:15:04.121+0000] {logging_mixin.py:149} INFO - [2024-06-24T15:15:04.121+0000] {dag.py:3490} INFO - Setting next_dagrun for example_local_kubernetes_executor to None, run_after=None
[2024-06-24T15:15:04.128+0000] {processor.py:178} INFO - Processing /home/airflow/.local/lib/python3.7/site-packages/airflow/example_dags/example_local_kubernetes_executor.py took 0.106 seconds
[2024-06-24T15:15:34.819+0000] {processor.py:156} INFO - Started process (PID=1141) to work on /home/airflow/.local/lib/python3.7/site-packages/airflow/example_dags/example_local_kubernetes_executor.py
[2024-06-24T15:15:34.820+0000] {processor.py:799} INFO - Processing file /home/airflow/.local/lib/python3.7/site-packages/airflow/example_dags/example_local_kubernetes_executor.py for tasks to queue
[2024-06-24T15:15:34.820+0000] {logging_mixin.py:149} INFO - [2024-06-24T15:15:34.820+0000] {dagbag.py:541} INFO - Filling up the DagBag from /home/airflow/.local/lib/python3.7/site-packages/airflow/example_dags/example_local_kubernetes_executor.py
[2024-06-24T15:15:34.893+0000] {processor.py:809} INFO - DAG(s) dict_keys(['example_local_kubernetes_executor']) retrieved from /home/airflow/.local/lib/python3.7/site-packages/airflow/example_dags/example_local_kubernetes_executor.py
[2024-06-24T15:15:34.907+0000] {logging_mixin.py:149} INFO - [2024-06-24T15:15:34.907+0000] {dag.py:2726} INFO - Sync 1 DAGs
[2024-06-24T15:15:34.919+0000] {logging_mixin.py:149} INFO - [2024-06-24T15:15:34.919+0000] {dag.py:3490} INFO - Setting next_dagrun for example_local_kubernetes_executor to None, run_after=None
[2024-06-24T15:15:34.926+0000] {processor.py:178} INFO - Processing /home/airflow/.local/lib/python3.7/site-packages/airflow/example_dags/example_local_kubernetes_executor.py took 0.108 seconds
[2024-06-24T15:16:05.540+0000] {processor.py:156} INFO - Started process (PID=1210) to work on /home/airflow/.local/lib/python3.7/site-packages/airflow/example_dags/example_local_kubernetes_executor.py
[2024-06-24T15:16:05.541+0000] {processor.py:799} INFO - Processing file /home/airflow/.local/lib/python3.7/site-packages/airflow/example_dags/example_local_kubernetes_executor.py for tasks to queue
[2024-06-24T15:16:05.541+0000] {logging_mixin.py:149} INFO - [2024-06-24T15:16:05.541+0000] {dagbag.py:541} INFO - Filling up the DagBag from /home/airflow/.local/lib/python3.7/site-packages/airflow/example_dags/example_local_kubernetes_executor.py
[2024-06-24T15:16:05.638+0000] {processor.py:809} INFO - DAG(s) dict_keys(['example_local_kubernetes_executor']) retrieved from /home/airflow/.local/lib/python3.7/site-packages/airflow/example_dags/example_local_kubernetes_executor.py
[2024-06-24T15:16:05.655+0000] {logging_mixin.py:149} INFO - [2024-06-24T15:16:05.655+0000] {dag.py:2726} INFO - Sync 1 DAGs
[2024-06-24T15:16:05.668+0000] {logging_mixin.py:149} INFO - [2024-06-24T15:16:05.668+0000] {dag.py:3490} INFO - Setting next_dagrun for example_local_kubernetes_executor to None, run_after=None
[2024-06-24T15:16:05.675+0000] {processor.py:178} INFO - Processing /home/airflow/.local/lib/python3.7/site-packages/airflow/example_dags/example_local_kubernetes_executor.py took 0.137 seconds
[2024-06-24T15:16:36.096+0000] {processor.py:156} INFO - Started process (PID=1279) to work on /home/airflow/.local/lib/python3.7/site-packages/airflow/example_dags/example_local_kubernetes_executor.py
[2024-06-24T15:16:36.097+0000] {processor.py:799} INFO - Processing file /home/airflow/.local/lib/python3.7/site-packages/airflow/example_dags/example_local_kubernetes_executor.py for tasks to queue
[2024-06-24T15:16:36.097+0000] {logging_mixin.py:149} INFO - [2024-06-24T15:16:36.097+0000] {dagbag.py:541} INFO - Filling up the DagBag from /home/airflow/.local/lib/python3.7/site-packages/airflow/example_dags/example_local_kubernetes_executor.py
[2024-06-24T15:16:36.198+0000] {processor.py:809} INFO - DAG(s) dict_keys(['example_local_kubernetes_executor']) retrieved from /home/airflow/.local/lib/python3.7/site-packages/airflow/example_dags/example_local_kubernetes_executor.py
[2024-06-24T15:16:36.217+0000] {logging_mixin.py:149} INFO - [2024-06-24T15:16:36.217+0000] {dag.py:2726} INFO - Sync 1 DAGs
[2024-06-24T15:16:36.227+0000] {logging_mixin.py:149} INFO - [2024-06-24T15:16:36.227+0000] {dag.py:3490} INFO - Setting next_dagrun for example_local_kubernetes_executor to None, run_after=None
[2024-06-24T15:16:36.234+0000] {processor.py:178} INFO - Processing /home/airflow/.local/lib/python3.7/site-packages/airflow/example_dags/example_local_kubernetes_executor.py took 0.140 seconds
[2024-06-24T15:17:06.716+0000] {processor.py:156} INFO - Started process (PID=1348) to work on /home/airflow/.local/lib/python3.7/site-packages/airflow/example_dags/example_local_kubernetes_executor.py
[2024-06-24T15:17:06.717+0000] {processor.py:799} INFO - Processing file /home/airflow/.local/lib/python3.7/site-packages/airflow/example_dags/example_local_kubernetes_executor.py for tasks to queue
[2024-06-24T15:17:06.717+0000] {logging_mixin.py:149} INFO - [2024-06-24T15:17:06.717+0000] {dagbag.py:541} INFO - Filling up the DagBag from /home/airflow/.local/lib/python3.7/site-packages/airflow/example_dags/example_local_kubernetes_executor.py
[2024-06-24T15:17:06.802+0000] {processor.py:809} INFO - DAG(s) dict_keys(['example_local_kubernetes_executor']) retrieved from /home/airflow/.local/lib/python3.7/site-packages/airflow/example_dags/example_local_kubernetes_executor.py
[2024-06-24T15:17:06.817+0000] {logging_mixin.py:149} INFO - [2024-06-24T15:17:06.817+0000] {dag.py:2726} INFO - Sync 1 DAGs
[2024-06-24T15:17:06.828+0000] {logging_mixin.py:149} INFO - [2024-06-24T15:17:06.828+0000] {dag.py:3490} INFO - Setting next_dagrun for example_local_kubernetes_executor to None, run_after=None
[2024-06-24T15:17:06.836+0000] {processor.py:178} INFO - Processing /home/airflow/.local/lib/python3.7/site-packages/airflow/example_dags/example_local_kubernetes_executor.py took 0.121 seconds
[2024-06-24T15:17:37.238+0000] {processor.py:156} INFO - Started process (PID=1416) to work on /home/airflow/.local/lib/python3.7/site-packages/airflow/example_dags/example_local_kubernetes_executor.py
[2024-06-24T15:17:37.239+0000] {processor.py:799} INFO - Processing file /home/airflow/.local/lib/python3.7/site-packages/airflow/example_dags/example_local_kubernetes_executor.py for tasks to queue
[2024-06-24T15:17:37.239+0000] {logging_mixin.py:149} INFO - [2024-06-24T15:17:37.239+0000] {dagbag.py:541} INFO - Filling up the DagBag from /home/airflow/.local/lib/python3.7/site-packages/airflow/example_dags/example_local_kubernetes_executor.py
[2024-06-24T15:17:37.313+0000] {processor.py:809} INFO - DAG(s) dict_keys(['example_local_kubernetes_executor']) retrieved from /home/airflow/.local/lib/python3.7/site-packages/airflow/example_dags/example_local_kubernetes_executor.py
[2024-06-24T15:17:37.327+0000] {logging_mixin.py:149} INFO - [2024-06-24T15:17:37.327+0000] {dag.py:2726} INFO - Sync 1 DAGs
[2024-06-24T15:17:37.336+0000] {logging_mixin.py:149} INFO - [2024-06-24T15:17:37.336+0000] {dag.py:3490} INFO - Setting next_dagrun for example_local_kubernetes_executor to None, run_after=None
[2024-06-24T15:17:37.343+0000] {processor.py:178} INFO - Processing /home/airflow/.local/lib/python3.7/site-packages/airflow/example_dags/example_local_kubernetes_executor.py took 0.106 seconds
[2024-06-24T15:18:07.875+0000] {processor.py:156} INFO - Started process (PID=1485) to work on /home/airflow/.local/lib/python3.7/site-packages/airflow/example_dags/example_local_kubernetes_executor.py
[2024-06-24T15:18:07.875+0000] {processor.py:799} INFO - Processing file /home/airflow/.local/lib/python3.7/site-packages/airflow/example_dags/example_local_kubernetes_executor.py for tasks to queue
[2024-06-24T15:18:07.876+0000] {logging_mixin.py:149} INFO - [2024-06-24T15:18:07.876+0000] {dagbag.py:541} INFO - Filling up the DagBag from /home/airflow/.local/lib/python3.7/site-packages/airflow/example_dags/example_local_kubernetes_executor.py
[2024-06-24T15:18:07.958+0000] {processor.py:809} INFO - DAG(s) dict_keys(['example_local_kubernetes_executor']) retrieved from /home/airflow/.local/lib/python3.7/site-packages/airflow/example_dags/example_local_kubernetes_executor.py
[2024-06-24T15:18:07.974+0000] {logging_mixin.py:149} INFO - [2024-06-24T15:18:07.974+0000] {dag.py:2726} INFO - Sync 1 DAGs
[2024-06-24T15:18:07.984+0000] {logging_mixin.py:149} INFO - [2024-06-24T15:18:07.984+0000] {dag.py:3490} INFO - Setting next_dagrun for example_local_kubernetes_executor to None, run_after=None
[2024-06-24T15:18:07.991+0000] {processor.py:178} INFO - Processing /home/airflow/.local/lib/python3.7/site-packages/airflow/example_dags/example_local_kubernetes_executor.py took 0.118 seconds
[2024-06-24T15:18:38.585+0000] {processor.py:156} INFO - Started process (PID=1554) to work on /home/airflow/.local/lib/python3.7/site-packages/airflow/example_dags/example_local_kubernetes_executor.py
[2024-06-24T15:18:38.585+0000] {processor.py:799} INFO - Processing file /home/airflow/.local/lib/python3.7/site-packages/airflow/example_dags/example_local_kubernetes_executor.py for tasks to queue
[2024-06-24T15:18:38.586+0000] {logging_mixin.py:149} INFO - [2024-06-24T15:18:38.586+0000] {dagbag.py:541} INFO - Filling up the DagBag from /home/airflow/.local/lib/python3.7/site-packages/airflow/example_dags/example_local_kubernetes_executor.py
[2024-06-24T15:18:38.679+0000] {processor.py:809} INFO - DAG(s) dict_keys(['example_local_kubernetes_executor']) retrieved from /home/airflow/.local/lib/python3.7/site-packages/airflow/example_dags/example_local_kubernetes_executor.py
[2024-06-24T15:18:38.693+0000] {logging_mixin.py:149} INFO - [2024-06-24T15:18:38.693+0000] {dag.py:2726} INFO - Sync 1 DAGs
[2024-06-24T15:18:38.704+0000] {logging_mixin.py:149} INFO - [2024-06-24T15:18:38.703+0000] {dag.py:3490} INFO - Setting next_dagrun for example_local_kubernetes_executor to None, run_after=None
[2024-06-24T15:18:38.711+0000] {processor.py:178} INFO - Processing /home/airflow/.local/lib/python3.7/site-packages/airflow/example_dags/example_local_kubernetes_executor.py took 0.127 seconds
[2024-06-24T15:19:09.270+0000] {processor.py:156} INFO - Started process (PID=1623) to work on /home/airflow/.local/lib/python3.7/site-packages/airflow/example_dags/example_local_kubernetes_executor.py
[2024-06-24T15:19:09.270+0000] {processor.py:799} INFO - Processing file /home/airflow/.local/lib/python3.7/site-packages/airflow/example_dags/example_local_kubernetes_executor.py for tasks to queue
[2024-06-24T15:19:09.270+0000] {logging_mixin.py:149} INFO - [2024-06-24T15:19:09.270+0000] {dagbag.py:541} INFO - Filling up the DagBag from /home/airflow/.local/lib/python3.7/site-packages/airflow/example_dags/example_local_kubernetes_executor.py
[2024-06-24T15:19:09.348+0000] {processor.py:809} INFO - DAG(s) dict_keys(['example_local_kubernetes_executor']) retrieved from /home/airflow/.local/lib/python3.7/site-packages/airflow/example_dags/example_local_kubernetes_executor.py
[2024-06-24T15:19:09.362+0000] {logging_mixin.py:149} INFO - [2024-06-24T15:19:09.362+0000] {dag.py:2726} INFO - Sync 1 DAGs
[2024-06-24T15:19:09.373+0000] {logging_mixin.py:149} INFO - [2024-06-24T15:19:09.373+0000] {dag.py:3490} INFO - Setting next_dagrun for example_local_kubernetes_executor to None, run_after=None
[2024-06-24T15:19:09.380+0000] {processor.py:178} INFO - Processing /home/airflow/.local/lib/python3.7/site-packages/airflow/example_dags/example_local_kubernetes_executor.py took 0.112 seconds
[2024-06-24T15:19:39.803+0000] {processor.py:156} INFO - Started process (PID=1692) to work on /home/airflow/.local/lib/python3.7/site-packages/airflow/example_dags/example_local_kubernetes_executor.py
[2024-06-24T15:19:39.803+0000] {processor.py:799} INFO - Processing file /home/airflow/.local/lib/python3.7/site-packages/airflow/example_dags/example_local_kubernetes_executor.py for tasks to queue
[2024-06-24T15:19:39.803+0000] {logging_mixin.py:149} INFO - [2024-06-24T15:19:39.803+0000] {dagbag.py:541} INFO - Filling up the DagBag from /home/airflow/.local/lib/python3.7/site-packages/airflow/example_dags/example_local_kubernetes_executor.py
[2024-06-24T15:19:39.897+0000] {processor.py:809} INFO - DAG(s) dict_keys(['example_local_kubernetes_executor']) retrieved from /home/airflow/.local/lib/python3.7/site-packages/airflow/example_dags/example_local_kubernetes_executor.py
[2024-06-24T15:19:39.914+0000] {logging_mixin.py:149} INFO - [2024-06-24T15:19:39.914+0000] {dag.py:2726} INFO - Sync 1 DAGs
[2024-06-24T15:19:39.927+0000] {logging_mixin.py:149} INFO - [2024-06-24T15:19:39.926+0000] {dag.py:3490} INFO - Setting next_dagrun for example_local_kubernetes_executor to None, run_after=None
[2024-06-24T15:19:39.934+0000] {processor.py:178} INFO - Processing /home/airflow/.local/lib/python3.7/site-packages/airflow/example_dags/example_local_kubernetes_executor.py took 0.133 seconds
[2024-06-24T15:20:10.444+0000] {processor.py:156} INFO - Started process (PID=1761) to work on /home/airflow/.local/lib/python3.7/site-packages/airflow/example_dags/example_local_kubernetes_executor.py
[2024-06-24T15:20:10.444+0000] {processor.py:799} INFO - Processing file /home/airflow/.local/lib/python3.7/site-packages/airflow/example_dags/example_local_kubernetes_executor.py for tasks to queue
[2024-06-24T15:20:10.445+0000] {logging_mixin.py:149} INFO - [2024-06-24T15:20:10.445+0000] {dagbag.py:541} INFO - Filling up the DagBag from /home/airflow/.local/lib/python3.7/site-packages/airflow/example_dags/example_local_kubernetes_executor.py
[2024-06-24T15:20:10.575+0000] {processor.py:809} INFO - DAG(s) dict_keys(['example_local_kubernetes_executor']) retrieved from /home/airflow/.local/lib/python3.7/site-packages/airflow/example_dags/example_local_kubernetes_executor.py
[2024-06-24T15:20:10.605+0000] {logging_mixin.py:149} INFO - [2024-06-24T15:20:10.605+0000] {dag.py:2726} INFO - Sync 1 DAGs
[2024-06-24T15:20:10.617+0000] {logging_mixin.py:149} INFO - [2024-06-24T15:20:10.617+0000] {dag.py:3490} INFO - Setting next_dagrun for example_local_kubernetes_executor to None, run_after=None
[2024-06-24T15:20:10.625+0000] {processor.py:178} INFO - Processing /home/airflow/.local/lib/python3.7/site-packages/airflow/example_dags/example_local_kubernetes_executor.py took 0.183 seconds
[2024-06-24T15:20:41.138+0000] {processor.py:156} INFO - Started process (PID=1830) to work on /home/airflow/.local/lib/python3.7/site-packages/airflow/example_dags/example_local_kubernetes_executor.py
[2024-06-24T15:20:41.139+0000] {processor.py:799} INFO - Processing file /home/airflow/.local/lib/python3.7/site-packages/airflow/example_dags/example_local_kubernetes_executor.py for tasks to queue
[2024-06-24T15:20:41.139+0000] {logging_mixin.py:149} INFO - [2024-06-24T15:20:41.139+0000] {dagbag.py:541} INFO - Filling up the DagBag from /home/airflow/.local/lib/python3.7/site-packages/airflow/example_dags/example_local_kubernetes_executor.py
[2024-06-24T15:20:41.218+0000] {processor.py:809} INFO - DAG(s) dict_keys(['example_local_kubernetes_executor']) retrieved from /home/airflow/.local/lib/python3.7/site-packages/airflow/example_dags/example_local_kubernetes_executor.py
[2024-06-24T15:20:41.232+0000] {logging_mixin.py:149} INFO - [2024-06-24T15:20:41.232+0000] {dag.py:2726} INFO - Sync 1 DAGs
[2024-06-24T15:20:41.242+0000] {logging_mixin.py:149} INFO - [2024-06-24T15:20:41.242+0000] {dag.py:3490} INFO - Setting next_dagrun for example_local_kubernetes_executor to None, run_after=None
[2024-06-24T15:20:41.250+0000] {processor.py:178} INFO - Processing /home/airflow/.local/lib/python3.7/site-packages/airflow/example_dags/example_local_kubernetes_executor.py took 0.113 seconds
[2024-06-24T15:21:11.876+0000] {processor.py:156} INFO - Started process (PID=1899) to work on /home/airflow/.local/lib/python3.7/site-packages/airflow/example_dags/example_local_kubernetes_executor.py
[2024-06-24T15:21:11.876+0000] {processor.py:799} INFO - Processing file /home/airflow/.local/lib/python3.7/site-packages/airflow/example_dags/example_local_kubernetes_executor.py for tasks to queue
[2024-06-24T15:21:11.877+0000] {logging_mixin.py:149} INFO - [2024-06-24T15:21:11.877+0000] {dagbag.py:541} INFO - Filling up the DagBag from /home/airflow/.local/lib/python3.7/site-packages/airflow/example_dags/example_local_kubernetes_executor.py
[2024-06-24T15:21:11.962+0000] {processor.py:809} INFO - DAG(s) dict_keys(['example_local_kubernetes_executor']) retrieved from /home/airflow/.local/lib/python3.7/site-packages/airflow/example_dags/example_local_kubernetes_executor.py
[2024-06-24T15:21:11.977+0000] {logging_mixin.py:149} INFO - [2024-06-24T15:21:11.977+0000] {dag.py:2726} INFO - Sync 1 DAGs
[2024-06-24T15:21:11.987+0000] {logging_mixin.py:149} INFO - [2024-06-24T15:21:11.987+0000] {dag.py:3490} INFO - Setting next_dagrun for example_local_kubernetes_executor to None, run_after=None
[2024-06-24T15:21:11.995+0000] {processor.py:178} INFO - Processing /home/airflow/.local/lib/python3.7/site-packages/airflow/example_dags/example_local_kubernetes_executor.py took 0.121 seconds
[2024-06-24T15:21:42.734+0000] {processor.py:156} INFO - Started process (PID=1967) to work on /home/airflow/.local/lib/python3.7/site-packages/airflow/example_dags/example_local_kubernetes_executor.py
[2024-06-24T15:21:42.734+0000] {processor.py:799} INFO - Processing file /home/airflow/.local/lib/python3.7/site-packages/airflow/example_dags/example_local_kubernetes_executor.py for tasks to queue
[2024-06-24T15:21:42.735+0000] {logging_mixin.py:149} INFO - [2024-06-24T15:21:42.735+0000] {dagbag.py:541} INFO - Filling up the DagBag from /home/airflow/.local/lib/python3.7/site-packages/airflow/example_dags/example_local_kubernetes_executor.py
[2024-06-24T15:21:42.818+0000] {processor.py:809} INFO - DAG(s) dict_keys(['example_local_kubernetes_executor']) retrieved from /home/airflow/.local/lib/python3.7/site-packages/airflow/example_dags/example_local_kubernetes_executor.py
[2024-06-24T15:21:42.832+0000] {logging_mixin.py:149} INFO - [2024-06-24T15:21:42.832+0000] {dag.py:2726} INFO - Sync 1 DAGs
[2024-06-24T15:21:42.842+0000] {logging_mixin.py:149} INFO - [2024-06-24T15:21:42.842+0000] {dag.py:3490} INFO - Setting next_dagrun for example_local_kubernetes_executor to None, run_after=None
[2024-06-24T15:21:42.849+0000] {processor.py:178} INFO - Processing /home/airflow/.local/lib/python3.7/site-packages/airflow/example_dags/example_local_kubernetes_executor.py took 0.116 seconds
[2024-06-24T15:22:13.411+0000] {processor.py:156} INFO - Started process (PID=2036) to work on /home/airflow/.local/lib/python3.7/site-packages/airflow/example_dags/example_local_kubernetes_executor.py
[2024-06-24T15:22:13.411+0000] {processor.py:799} INFO - Processing file /home/airflow/.local/lib/python3.7/site-packages/airflow/example_dags/example_local_kubernetes_executor.py for tasks to queue
[2024-06-24T15:22:13.411+0000] {logging_mixin.py:149} INFO - [2024-06-24T15:22:13.411+0000] {dagbag.py:541} INFO - Filling up the DagBag from /home/airflow/.local/lib/python3.7/site-packages/airflow/example_dags/example_local_kubernetes_executor.py
[2024-06-24T15:22:13.488+0000] {processor.py:809} INFO - DAG(s) dict_keys(['example_local_kubernetes_executor']) retrieved from /home/airflow/.local/lib/python3.7/site-packages/airflow/example_dags/example_local_kubernetes_executor.py
[2024-06-24T15:22:13.502+0000] {logging_mixin.py:149} INFO - [2024-06-24T15:22:13.501+0000] {dag.py:2726} INFO - Sync 1 DAGs
[2024-06-24T15:22:13.512+0000] {logging_mixin.py:149} INFO - [2024-06-24T15:22:13.512+0000] {dag.py:3490} INFO - Setting next_dagrun for example_local_kubernetes_executor to None, run_after=None
[2024-06-24T15:22:13.519+0000] {processor.py:178} INFO - Processing /home/airflow/.local/lib/python3.7/site-packages/airflow/example_dags/example_local_kubernetes_executor.py took 0.110 seconds
[2024-06-24T15:22:44.035+0000] {processor.py:156} INFO - Started process (PID=2104) to work on /home/airflow/.local/lib/python3.7/site-packages/airflow/example_dags/example_local_kubernetes_executor.py
[2024-06-24T15:22:44.035+0000] {processor.py:799} INFO - Processing file /home/airflow/.local/lib/python3.7/site-packages/airflow/example_dags/example_local_kubernetes_executor.py for tasks to queue
[2024-06-24T15:22:44.036+0000] {logging_mixin.py:149} INFO - [2024-06-24T15:22:44.036+0000] {dagbag.py:541} INFO - Filling up the DagBag from /home/airflow/.local/lib/python3.7/site-packages/airflow/example_dags/example_local_kubernetes_executor.py
[2024-06-24T15:22:44.111+0000] {processor.py:809} INFO - DAG(s) dict_keys(['example_local_kubernetes_executor']) retrieved from /home/airflow/.local/lib/python3.7/site-packages/airflow/example_dags/example_local_kubernetes_executor.py
[2024-06-24T15:22:44.124+0000] {logging_mixin.py:149} INFO - [2024-06-24T15:22:44.124+0000] {dag.py:2726} INFO - Sync 1 DAGs
[2024-06-24T15:22:44.135+0000] {logging_mixin.py:149} INFO - [2024-06-24T15:22:44.135+0000] {dag.py:3490} INFO - Setting next_dagrun for example_local_kubernetes_executor to None, run_after=None
[2024-06-24T15:22:44.142+0000] {processor.py:178} INFO - Processing /home/airflow/.local/lib/python3.7/site-packages/airflow/example_dags/example_local_kubernetes_executor.py took 0.108 seconds
[2024-06-24T15:23:14.721+0000] {processor.py:156} INFO - Started process (PID=2173) to work on /home/airflow/.local/lib/python3.7/site-packages/airflow/example_dags/example_local_kubernetes_executor.py
[2024-06-24T15:23:14.721+0000] {processor.py:799} INFO - Processing file /home/airflow/.local/lib/python3.7/site-packages/airflow/example_dags/example_local_kubernetes_executor.py for tasks to queue
[2024-06-24T15:23:14.721+0000] {logging_mixin.py:149} INFO - [2024-06-24T15:23:14.721+0000] {dagbag.py:541} INFO - Filling up the DagBag from /home/airflow/.local/lib/python3.7/site-packages/airflow/example_dags/example_local_kubernetes_executor.py
[2024-06-24T15:23:14.801+0000] {processor.py:809} INFO - DAG(s) dict_keys(['example_local_kubernetes_executor']) retrieved from /home/airflow/.local/lib/python3.7/site-packages/airflow/example_dags/example_local_kubernetes_executor.py
[2024-06-24T15:23:14.815+0000] {logging_mixin.py:149} INFO - [2024-06-24T15:23:14.815+0000] {dag.py:2726} INFO - Sync 1 DAGs
[2024-06-24T15:23:14.825+0000] {logging_mixin.py:149} INFO - [2024-06-24T15:23:14.825+0000] {dag.py:3490} INFO - Setting next_dagrun for example_local_kubernetes_executor to None, run_after=None
[2024-06-24T15:23:14.832+0000] {processor.py:178} INFO - Processing /home/airflow/.local/lib/python3.7/site-packages/airflow/example_dags/example_local_kubernetes_executor.py took 0.114 seconds
[2024-06-24T15:23:45.504+0000] {processor.py:156} INFO - Started process (PID=2242) to work on /home/airflow/.local/lib/python3.7/site-packages/airflow/example_dags/example_local_kubernetes_executor.py
[2024-06-24T15:23:45.504+0000] {processor.py:799} INFO - Processing file /home/airflow/.local/lib/python3.7/site-packages/airflow/example_dags/example_local_kubernetes_executor.py for tasks to queue
[2024-06-24T15:23:45.504+0000] {logging_mixin.py:149} INFO - [2024-06-24T15:23:45.504+0000] {dagbag.py:541} INFO - Filling up the DagBag from /home/airflow/.local/lib/python3.7/site-packages/airflow/example_dags/example_local_kubernetes_executor.py
[2024-06-24T15:23:45.612+0000] {processor.py:809} INFO - DAG(s) dict_keys(['example_local_kubernetes_executor']) retrieved from /home/airflow/.local/lib/python3.7/site-packages/airflow/example_dags/example_local_kubernetes_executor.py
[2024-06-24T15:23:45.626+0000] {logging_mixin.py:149} INFO - [2024-06-24T15:23:45.626+0000] {dag.py:2726} INFO - Sync 1 DAGs
[2024-06-24T15:23:45.637+0000] {logging_mixin.py:149} INFO - [2024-06-24T15:23:45.637+0000] {dag.py:3490} INFO - Setting next_dagrun for example_local_kubernetes_executor to None, run_after=None
[2024-06-24T15:23:45.644+0000] {processor.py:178} INFO - Processing /home/airflow/.local/lib/python3.7/site-packages/airflow/example_dags/example_local_kubernetes_executor.py took 0.142 seconds
[2024-06-24T15:24:16.106+0000] {processor.py:156} INFO - Started process (PID=2318) to work on /home/airflow/.local/lib/python3.7/site-packages/airflow/example_dags/example_local_kubernetes_executor.py
[2024-06-24T15:24:16.106+0000] {processor.py:799} INFO - Processing file /home/airflow/.local/lib/python3.7/site-packages/airflow/example_dags/example_local_kubernetes_executor.py for tasks to queue
[2024-06-24T15:24:16.106+0000] {logging_mixin.py:149} INFO - [2024-06-24T15:24:16.106+0000] {dagbag.py:541} INFO - Filling up the DagBag from /home/airflow/.local/lib/python3.7/site-packages/airflow/example_dags/example_local_kubernetes_executor.py
[2024-06-24T15:24:16.180+0000] {processor.py:809} INFO - DAG(s) dict_keys(['example_local_kubernetes_executor']) retrieved from /home/airflow/.local/lib/python3.7/site-packages/airflow/example_dags/example_local_kubernetes_executor.py
[2024-06-24T15:24:16.195+0000] {logging_mixin.py:149} INFO - [2024-06-24T15:24:16.195+0000] {dag.py:2726} INFO - Sync 1 DAGs
[2024-06-24T15:24:16.205+0000] {logging_mixin.py:149} INFO - [2024-06-24T15:24:16.204+0000] {dag.py:3490} INFO - Setting next_dagrun for example_local_kubernetes_executor to None, run_after=None
[2024-06-24T15:24:16.211+0000] {processor.py:178} INFO - Processing /home/airflow/.local/lib/python3.7/site-packages/airflow/example_dags/example_local_kubernetes_executor.py took 0.107 seconds
[2024-06-24T15:24:46.701+0000] {processor.py:156} INFO - Started process (PID=2386) to work on /home/airflow/.local/lib/python3.7/site-packages/airflow/example_dags/example_local_kubernetes_executor.py
[2024-06-24T15:24:46.702+0000] {processor.py:799} INFO - Processing file /home/airflow/.local/lib/python3.7/site-packages/airflow/example_dags/example_local_kubernetes_executor.py for tasks to queue
[2024-06-24T15:24:46.702+0000] {logging_mixin.py:149} INFO - [2024-06-24T15:24:46.702+0000] {dagbag.py:541} INFO - Filling up the DagBag from /home/airflow/.local/lib/python3.7/site-packages/airflow/example_dags/example_local_kubernetes_executor.py
[2024-06-24T15:24:46.778+0000] {processor.py:809} INFO - DAG(s) dict_keys(['example_local_kubernetes_executor']) retrieved from /home/airflow/.local/lib/python3.7/site-packages/airflow/example_dags/example_local_kubernetes_executor.py
[2024-06-24T15:24:46.792+0000] {logging_mixin.py:149} INFO - [2024-06-24T15:24:46.791+0000] {dag.py:2726} INFO - Sync 1 DAGs
[2024-06-24T15:24:46.802+0000] {logging_mixin.py:149} INFO - [2024-06-24T15:24:46.802+0000] {dag.py:3490} INFO - Setting next_dagrun for example_local_kubernetes_executor to None, run_after=None
[2024-06-24T15:24:46.809+0000] {processor.py:178} INFO - Processing /home/airflow/.local/lib/python3.7/site-packages/airflow/example_dags/example_local_kubernetes_executor.py took 0.109 seconds
[2024-06-24T15:25:17.326+0000] {processor.py:156} INFO - Started process (PID=2454) to work on /home/airflow/.local/lib/python3.7/site-packages/airflow/example_dags/example_local_kubernetes_executor.py
[2024-06-24T15:25:17.326+0000] {processor.py:799} INFO - Processing file /home/airflow/.local/lib/python3.7/site-packages/airflow/example_dags/example_local_kubernetes_executor.py for tasks to queue
[2024-06-24T15:25:17.326+0000] {logging_mixin.py:149} INFO - [2024-06-24T15:25:17.326+0000] {dagbag.py:541} INFO - Filling up the DagBag from /home/airflow/.local/lib/python3.7/site-packages/airflow/example_dags/example_local_kubernetes_executor.py
[2024-06-24T15:25:17.401+0000] {processor.py:809} INFO - DAG(s) dict_keys(['example_local_kubernetes_executor']) retrieved from /home/airflow/.local/lib/python3.7/site-packages/airflow/example_dags/example_local_kubernetes_executor.py
[2024-06-24T15:25:17.416+0000] {logging_mixin.py:149} INFO - [2024-06-24T15:25:17.416+0000] {dag.py:2726} INFO - Sync 1 DAGs
[2024-06-24T15:25:17.426+0000] {logging_mixin.py:149} INFO - [2024-06-24T15:25:17.426+0000] {dag.py:3490} INFO - Setting next_dagrun for example_local_kubernetes_executor to None, run_after=None
[2024-06-24T15:25:17.434+0000] {processor.py:178} INFO - Processing /home/airflow/.local/lib/python3.7/site-packages/airflow/example_dags/example_local_kubernetes_executor.py took 0.109 seconds
[2024-06-24T15:25:47.873+0000] {processor.py:156} INFO - Started process (PID=2523) to work on /home/airflow/.local/lib/python3.7/site-packages/airflow/example_dags/example_local_kubernetes_executor.py
[2024-06-24T15:25:47.874+0000] {processor.py:799} INFO - Processing file /home/airflow/.local/lib/python3.7/site-packages/airflow/example_dags/example_local_kubernetes_executor.py for tasks to queue
[2024-06-24T15:25:47.874+0000] {logging_mixin.py:149} INFO - [2024-06-24T15:25:47.874+0000] {dagbag.py:541} INFO - Filling up the DagBag from /home/airflow/.local/lib/python3.7/site-packages/airflow/example_dags/example_local_kubernetes_executor.py
[2024-06-24T15:25:47.955+0000] {processor.py:809} INFO - DAG(s) dict_keys(['example_local_kubernetes_executor']) retrieved from /home/airflow/.local/lib/python3.7/site-packages/airflow/example_dags/example_local_kubernetes_executor.py
[2024-06-24T15:25:47.970+0000] {logging_mixin.py:149} INFO - [2024-06-24T15:25:47.969+0000] {dag.py:2726} INFO - Sync 1 DAGs
[2024-06-24T15:25:47.980+0000] {logging_mixin.py:149} INFO - [2024-06-24T15:25:47.980+0000] {dag.py:3490} INFO - Setting next_dagrun for example_local_kubernetes_executor to None, run_after=None
[2024-06-24T15:25:47.989+0000] {processor.py:178} INFO - Processing /home/airflow/.local/lib/python3.7/site-packages/airflow/example_dags/example_local_kubernetes_executor.py took 0.117 seconds
[2024-06-24T15:26:18.464+0000] {processor.py:156} INFO - Started process (PID=2592) to work on /home/airflow/.local/lib/python3.7/site-packages/airflow/example_dags/example_local_kubernetes_executor.py
[2024-06-24T15:26:18.464+0000] {processor.py:799} INFO - Processing file /home/airflow/.local/lib/python3.7/site-packages/airflow/example_dags/example_local_kubernetes_executor.py for tasks to queue
[2024-06-24T15:26:18.464+0000] {logging_mixin.py:149} INFO - [2024-06-24T15:26:18.464+0000] {dagbag.py:541} INFO - Filling up the DagBag from /home/airflow/.local/lib/python3.7/site-packages/airflow/example_dags/example_local_kubernetes_executor.py
[2024-06-24T15:26:18.548+0000] {processor.py:809} INFO - DAG(s) dict_keys(['example_local_kubernetes_executor']) retrieved from /home/airflow/.local/lib/python3.7/site-packages/airflow/example_dags/example_local_kubernetes_executor.py
[2024-06-24T15:26:18.565+0000] {logging_mixin.py:149} INFO - [2024-06-24T15:26:18.565+0000] {dag.py:2726} INFO - Sync 1 DAGs
[2024-06-24T15:26:18.576+0000] {logging_mixin.py:149} INFO - [2024-06-24T15:26:18.576+0000] {dag.py:3490} INFO - Setting next_dagrun for example_local_kubernetes_executor to None, run_after=None
[2024-06-24T15:26:18.585+0000] {processor.py:178} INFO - Processing /home/airflow/.local/lib/python3.7/site-packages/airflow/example_dags/example_local_kubernetes_executor.py took 0.123 seconds
[2024-06-24T15:26:49.270+0000] {processor.py:156} INFO - Started process (PID=2661) to work on /home/airflow/.local/lib/python3.7/site-packages/airflow/example_dags/example_local_kubernetes_executor.py
[2024-06-24T15:26:49.271+0000] {processor.py:799} INFO - Processing file /home/airflow/.local/lib/python3.7/site-packages/airflow/example_dags/example_local_kubernetes_executor.py for tasks to queue
[2024-06-24T15:26:49.271+0000] {logging_mixin.py:149} INFO - [2024-06-24T15:26:49.271+0000] {dagbag.py:541} INFO - Filling up the DagBag from /home/airflow/.local/lib/python3.7/site-packages/airflow/example_dags/example_local_kubernetes_executor.py
[2024-06-24T15:26:49.387+0000] {processor.py:809} INFO - DAG(s) dict_keys(['example_local_kubernetes_executor']) retrieved from /home/airflow/.local/lib/python3.7/site-packages/airflow/example_dags/example_local_kubernetes_executor.py
[2024-06-24T15:26:49.404+0000] {logging_mixin.py:149} INFO - [2024-06-24T15:26:49.404+0000] {dag.py:2726} INFO - Sync 1 DAGs
[2024-06-24T15:26:49.415+0000] {logging_mixin.py:149} INFO - [2024-06-24T15:26:49.415+0000] {dag.py:3490} INFO - Setting next_dagrun for example_local_kubernetes_executor to None, run_after=None
[2024-06-24T15:26:49.422+0000] {processor.py:178} INFO - Processing /home/airflow/.local/lib/python3.7/site-packages/airflow/example_dags/example_local_kubernetes_executor.py took 0.154 seconds
[2024-06-24T15:27:20.139+0000] {processor.py:156} INFO - Started process (PID=2730) to work on /home/airflow/.local/lib/python3.7/site-packages/airflow/example_dags/example_local_kubernetes_executor.py
[2024-06-24T15:27:20.140+0000] {processor.py:799} INFO - Processing file /home/airflow/.local/lib/python3.7/site-packages/airflow/example_dags/example_local_kubernetes_executor.py for tasks to queue
[2024-06-24T15:27:20.140+0000] {logging_mixin.py:149} INFO - [2024-06-24T15:27:20.140+0000] {dagbag.py:541} INFO - Filling up the DagBag from /home/airflow/.local/lib/python3.7/site-packages/airflow/example_dags/example_local_kubernetes_executor.py
[2024-06-24T15:27:20.219+0000] {processor.py:809} INFO - DAG(s) dict_keys(['example_local_kubernetes_executor']) retrieved from /home/airflow/.local/lib/python3.7/site-packages/airflow/example_dags/example_local_kubernetes_executor.py
[2024-06-24T15:27:20.234+0000] {logging_mixin.py:149} INFO - [2024-06-24T15:27:20.234+0000] {dag.py:2726} INFO - Sync 1 DAGs
[2024-06-24T15:27:20.246+0000] {logging_mixin.py:149} INFO - [2024-06-24T15:27:20.246+0000] {dag.py:3490} INFO - Setting next_dagrun for example_local_kubernetes_executor to None, run_after=None
[2024-06-24T15:27:20.254+0000] {processor.py:178} INFO - Processing /home/airflow/.local/lib/python3.7/site-packages/airflow/example_dags/example_local_kubernetes_executor.py took 0.116 seconds
[2024-06-24T15:27:50.953+0000] {processor.py:156} INFO - Started process (PID=2799) to work on /home/airflow/.local/lib/python3.7/site-packages/airflow/example_dags/example_local_kubernetes_executor.py
[2024-06-24T15:27:50.953+0000] {processor.py:799} INFO - Processing file /home/airflow/.local/lib/python3.7/site-packages/airflow/example_dags/example_local_kubernetes_executor.py for tasks to queue
[2024-06-24T15:27:50.953+0000] {logging_mixin.py:149} INFO - [2024-06-24T15:27:50.953+0000] {dagbag.py:541} INFO - Filling up the DagBag from /home/airflow/.local/lib/python3.7/site-packages/airflow/example_dags/example_local_kubernetes_executor.py
[2024-06-24T15:27:51.044+0000] {processor.py:809} INFO - DAG(s) dict_keys(['example_local_kubernetes_executor']) retrieved from /home/airflow/.local/lib/python3.7/site-packages/airflow/example_dags/example_local_kubernetes_executor.py
[2024-06-24T15:27:51.067+0000] {logging_mixin.py:149} INFO - [2024-06-24T15:27:51.067+0000] {dag.py:2726} INFO - Sync 1 DAGs
[2024-06-24T15:27:51.083+0000] {logging_mixin.py:149} INFO - [2024-06-24T15:27:51.082+0000] {dag.py:3490} INFO - Setting next_dagrun for example_local_kubernetes_executor to None, run_after=None
[2024-06-24T15:27:51.097+0000] {processor.py:178} INFO - Processing /home/airflow/.local/lib/python3.7/site-packages/airflow/example_dags/example_local_kubernetes_executor.py took 0.146 seconds
[2024-06-24T15:28:21.858+0000] {processor.py:156} INFO - Started process (PID=2868) to work on /home/airflow/.local/lib/python3.7/site-packages/airflow/example_dags/example_local_kubernetes_executor.py
[2024-06-24T15:28:21.859+0000] {processor.py:799} INFO - Processing file /home/airflow/.local/lib/python3.7/site-packages/airflow/example_dags/example_local_kubernetes_executor.py for tasks to queue
[2024-06-24T15:28:21.859+0000] {logging_mixin.py:149} INFO - [2024-06-24T15:28:21.859+0000] {dagbag.py:541} INFO - Filling up the DagBag from /home/airflow/.local/lib/python3.7/site-packages/airflow/example_dags/example_local_kubernetes_executor.py
[2024-06-24T15:28:21.950+0000] {processor.py:809} INFO - DAG(s) dict_keys(['example_local_kubernetes_executor']) retrieved from /home/airflow/.local/lib/python3.7/site-packages/airflow/example_dags/example_local_kubernetes_executor.py
[2024-06-24T15:28:21.965+0000] {logging_mixin.py:149} INFO - [2024-06-24T15:28:21.965+0000] {dag.py:2726} INFO - Sync 1 DAGs
[2024-06-24T15:28:21.978+0000] {logging_mixin.py:149} INFO - [2024-06-24T15:28:21.978+0000] {dag.py:3490} INFO - Setting next_dagrun for example_local_kubernetes_executor to None, run_after=None
[2024-06-24T15:28:21.990+0000] {processor.py:178} INFO - Processing /home/airflow/.local/lib/python3.7/site-packages/airflow/example_dags/example_local_kubernetes_executor.py took 0.134 seconds
[2024-06-24T15:28:52.672+0000] {processor.py:156} INFO - Started process (PID=2937) to work on /home/airflow/.local/lib/python3.7/site-packages/airflow/example_dags/example_local_kubernetes_executor.py
[2024-06-24T15:28:52.673+0000] {processor.py:799} INFO - Processing file /home/airflow/.local/lib/python3.7/site-packages/airflow/example_dags/example_local_kubernetes_executor.py for tasks to queue
[2024-06-24T15:28:52.673+0000] {logging_mixin.py:149} INFO - [2024-06-24T15:28:52.673+0000] {dagbag.py:541} INFO - Filling up the DagBag from /home/airflow/.local/lib/python3.7/site-packages/airflow/example_dags/example_local_kubernetes_executor.py
[2024-06-24T15:28:52.748+0000] {processor.py:809} INFO - DAG(s) dict_keys(['example_local_kubernetes_executor']) retrieved from /home/airflow/.local/lib/python3.7/site-packages/airflow/example_dags/example_local_kubernetes_executor.py
[2024-06-24T15:28:52.763+0000] {logging_mixin.py:149} INFO - [2024-06-24T15:28:52.763+0000] {dag.py:2726} INFO - Sync 1 DAGs
[2024-06-24T15:28:52.774+0000] {logging_mixin.py:149} INFO - [2024-06-24T15:28:52.774+0000] {dag.py:3490} INFO - Setting next_dagrun for example_local_kubernetes_executor to None, run_after=None
[2024-06-24T15:28:52.781+0000] {processor.py:178} INFO - Processing /home/airflow/.local/lib/python3.7/site-packages/airflow/example_dags/example_local_kubernetes_executor.py took 0.111 seconds
[2024-06-24T15:29:23.376+0000] {processor.py:156} INFO - Started process (PID=3005) to work on /home/airflow/.local/lib/python3.7/site-packages/airflow/example_dags/example_local_kubernetes_executor.py
[2024-06-24T15:29:23.376+0000] {processor.py:799} INFO - Processing file /home/airflow/.local/lib/python3.7/site-packages/airflow/example_dags/example_local_kubernetes_executor.py for tasks to queue
[2024-06-24T15:29:23.377+0000] {logging_mixin.py:149} INFO - [2024-06-24T15:29:23.377+0000] {dagbag.py:541} INFO - Filling up the DagBag from /home/airflow/.local/lib/python3.7/site-packages/airflow/example_dags/example_local_kubernetes_executor.py
[2024-06-24T15:29:23.465+0000] {processor.py:809} INFO - DAG(s) dict_keys(['example_local_kubernetes_executor']) retrieved from /home/airflow/.local/lib/python3.7/site-packages/airflow/example_dags/example_local_kubernetes_executor.py
[2024-06-24T15:29:23.480+0000] {logging_mixin.py:149} INFO - [2024-06-24T15:29:23.480+0000] {dag.py:2726} INFO - Sync 1 DAGs
[2024-06-24T15:29:23.491+0000] {logging_mixin.py:149} INFO - [2024-06-24T15:29:23.491+0000] {dag.py:3490} INFO - Setting next_dagrun for example_local_kubernetes_executor to None, run_after=None
[2024-06-24T15:29:23.500+0000] {processor.py:178} INFO - Processing /home/airflow/.local/lib/python3.7/site-packages/airflow/example_dags/example_local_kubernetes_executor.py took 0.127 seconds
[2024-06-24T15:29:54.023+0000] {processor.py:156} INFO - Started process (PID=3074) to work on /home/airflow/.local/lib/python3.7/site-packages/airflow/example_dags/example_local_kubernetes_executor.py
[2024-06-24T15:29:54.024+0000] {processor.py:799} INFO - Processing file /home/airflow/.local/lib/python3.7/site-packages/airflow/example_dags/example_local_kubernetes_executor.py for tasks to queue
[2024-06-24T15:29:54.024+0000] {logging_mixin.py:149} INFO - [2024-06-24T15:29:54.024+0000] {dagbag.py:541} INFO - Filling up the DagBag from /home/airflow/.local/lib/python3.7/site-packages/airflow/example_dags/example_local_kubernetes_executor.py
[2024-06-24T15:29:54.103+0000] {processor.py:809} INFO - DAG(s) dict_keys(['example_local_kubernetes_executor']) retrieved from /home/airflow/.local/lib/python3.7/site-packages/airflow/example_dags/example_local_kubernetes_executor.py
[2024-06-24T15:29:54.119+0000] {logging_mixin.py:149} INFO - [2024-06-24T15:29:54.119+0000] {dag.py:2726} INFO - Sync 1 DAGs
[2024-06-24T15:29:54.129+0000] {logging_mixin.py:149} INFO - [2024-06-24T15:29:54.129+0000] {dag.py:3490} INFO - Setting next_dagrun for example_local_kubernetes_executor to None, run_after=None
[2024-06-24T15:29:54.136+0000] {processor.py:178} INFO - Processing /home/airflow/.local/lib/python3.7/site-packages/airflow/example_dags/example_local_kubernetes_executor.py took 0.114 seconds
[2024-06-24T15:30:24.707+0000] {processor.py:156} INFO - Started process (PID=3142) to work on /home/airflow/.local/lib/python3.7/site-packages/airflow/example_dags/example_local_kubernetes_executor.py
[2024-06-24T15:30:24.707+0000] {processor.py:799} INFO - Processing file /home/airflow/.local/lib/python3.7/site-packages/airflow/example_dags/example_local_kubernetes_executor.py for tasks to queue
[2024-06-24T15:30:24.708+0000] {logging_mixin.py:149} INFO - [2024-06-24T15:30:24.708+0000] {dagbag.py:541} INFO - Filling up the DagBag from /home/airflow/.local/lib/python3.7/site-packages/airflow/example_dags/example_local_kubernetes_executor.py
[2024-06-24T15:30:24.796+0000] {processor.py:809} INFO - DAG(s) dict_keys(['example_local_kubernetes_executor']) retrieved from /home/airflow/.local/lib/python3.7/site-packages/airflow/example_dags/example_local_kubernetes_executor.py
[2024-06-24T15:30:24.813+0000] {logging_mixin.py:149} INFO - [2024-06-24T15:30:24.813+0000] {dag.py:2726} INFO - Sync 1 DAGs
[2024-06-24T15:30:24.824+0000] {logging_mixin.py:149} INFO - [2024-06-24T15:30:24.824+0000] {dag.py:3490} INFO - Setting next_dagrun for example_local_kubernetes_executor to None, run_after=None
[2024-06-24T15:30:24.832+0000] {processor.py:178} INFO - Processing /home/airflow/.local/lib/python3.7/site-packages/airflow/example_dags/example_local_kubernetes_executor.py took 0.127 seconds
