[2024-06-24T15:03:51.151+0000] {processor.py:156} INFO - Started process (PID=76) to work on /home/airflow/.local/lib/python3.7/site-packages/airflow/example_dags/example_sensors.py
[2024-06-24T15:03:51.152+0000] {processor.py:799} INFO - Processing file /home/airflow/.local/lib/python3.7/site-packages/airflow/example_dags/example_sensors.py for tasks to queue
[2024-06-24T15:03:51.152+0000] {logging_mixin.py:149} INFO - [2024-06-24T15:03:51.152+0000] {dagbag.py:541} INFO - Filling up the DagBag from /home/airflow/.local/lib/python3.7/site-packages/airflow/example_dags/example_sensors.py
[2024-06-24T15:03:51.158+0000] {processor.py:809} INFO - DAG(s) dict_keys(['example_sensors']) retrieved from /home/airflow/.local/lib/python3.7/site-packages/airflow/example_dags/example_sensors.py
[2024-06-24T15:03:51.209+0000] {logging_mixin.py:149} INFO - [2024-06-24T15:03:51.209+0000] {manager.py:504} INFO - Created Permission View: can delete on DAG:example_sensors
[2024-06-24T15:03:51.212+0000] {logging_mixin.py:149} INFO - [2024-06-24T15:03:51.212+0000] {manager.py:504} INFO - Created Permission View: can edit on DAG:example_sensors
[2024-06-24T15:03:51.215+0000] {logging_mixin.py:149} INFO - [2024-06-24T15:03:51.215+0000] {manager.py:504} INFO - Created Permission View: can read on DAG:example_sensors
[2024-06-24T15:03:51.215+0000] {logging_mixin.py:149} INFO - [2024-06-24T15:03:51.215+0000] {dag.py:2726} INFO - Sync 1 DAGs
[2024-06-24T15:03:51.220+0000] {logging_mixin.py:149} INFO - [2024-06-24T15:03:51.220+0000] {dag.py:2747} INFO - Creating ORM DAG for example_sensors
[2024-06-24T15:03:51.226+0000] {logging_mixin.py:149} INFO - [2024-06-24T15:03:51.226+0000] {dag.py:3490} INFO - Setting next_dagrun for example_sensors to None, run_after=None
[2024-06-24T15:03:51.233+0000] {processor.py:178} INFO - Processing /home/airflow/.local/lib/python3.7/site-packages/airflow/example_dags/example_sensors.py took 0.083 seconds
[2024-06-24T15:04:21.408+0000] {processor.py:156} INFO - Started process (PID=146) to work on /home/airflow/.local/lib/python3.7/site-packages/airflow/example_dags/example_sensors.py
[2024-06-24T15:04:21.409+0000] {processor.py:799} INFO - Processing file /home/airflow/.local/lib/python3.7/site-packages/airflow/example_dags/example_sensors.py for tasks to queue
[2024-06-24T15:04:21.409+0000] {logging_mixin.py:149} INFO - [2024-06-24T15:04:21.409+0000] {dagbag.py:541} INFO - Filling up the DagBag from /home/airflow/.local/lib/python3.7/site-packages/airflow/example_dags/example_sensors.py
[2024-06-24T15:04:21.414+0000] {processor.py:809} INFO - DAG(s) dict_keys(['example_sensors']) retrieved from /home/airflow/.local/lib/python3.7/site-packages/airflow/example_dags/example_sensors.py
[2024-06-24T15:04:21.427+0000] {logging_mixin.py:149} INFO - [2024-06-24T15:04:21.427+0000] {dag.py:2726} INFO - Sync 1 DAGs
[2024-06-24T15:04:21.438+0000] {logging_mixin.py:149} INFO - [2024-06-24T15:04:21.438+0000] {dag.py:3490} INFO - Setting next_dagrun for example_sensors to None, run_after=None
[2024-06-24T15:04:21.445+0000] {processor.py:178} INFO - Processing /home/airflow/.local/lib/python3.7/site-packages/airflow/example_dags/example_sensors.py took 0.038 seconds
[2024-06-24T15:04:51.984+0000] {processor.py:156} INFO - Started process (PID=213) to work on /home/airflow/.local/lib/python3.7/site-packages/airflow/example_dags/example_sensors.py
[2024-06-24T15:04:51.984+0000] {processor.py:799} INFO - Processing file /home/airflow/.local/lib/python3.7/site-packages/airflow/example_dags/example_sensors.py for tasks to queue
[2024-06-24T15:04:51.984+0000] {logging_mixin.py:149} INFO - [2024-06-24T15:04:51.984+0000] {dagbag.py:541} INFO - Filling up the DagBag from /home/airflow/.local/lib/python3.7/site-packages/airflow/example_dags/example_sensors.py
[2024-06-24T15:04:51.988+0000] {processor.py:809} INFO - DAG(s) dict_keys(['example_sensors']) retrieved from /home/airflow/.local/lib/python3.7/site-packages/airflow/example_dags/example_sensors.py
[2024-06-24T15:04:51.999+0000] {logging_mixin.py:149} INFO - [2024-06-24T15:04:51.999+0000] {dag.py:2726} INFO - Sync 1 DAGs
[2024-06-24T15:04:52.009+0000] {logging_mixin.py:149} INFO - [2024-06-24T15:04:52.009+0000] {dag.py:3490} INFO - Setting next_dagrun for example_sensors to None, run_after=None
[2024-06-24T15:04:52.016+0000] {processor.py:178} INFO - Processing /home/airflow/.local/lib/python3.7/site-packages/airflow/example_dags/example_sensors.py took 0.034 seconds
[2024-06-24T15:05:22.610+0000] {processor.py:156} INFO - Started process (PID=282) to work on /home/airflow/.local/lib/python3.7/site-packages/airflow/example_dags/example_sensors.py
[2024-06-24T15:05:22.611+0000] {processor.py:799} INFO - Processing file /home/airflow/.local/lib/python3.7/site-packages/airflow/example_dags/example_sensors.py for tasks to queue
[2024-06-24T15:05:22.611+0000] {logging_mixin.py:149} INFO - [2024-06-24T15:05:22.611+0000] {dagbag.py:541} INFO - Filling up the DagBag from /home/airflow/.local/lib/python3.7/site-packages/airflow/example_dags/example_sensors.py
[2024-06-24T15:05:22.616+0000] {processor.py:809} INFO - DAG(s) dict_keys(['example_sensors']) retrieved from /home/airflow/.local/lib/python3.7/site-packages/airflow/example_dags/example_sensors.py
[2024-06-24T15:05:22.628+0000] {logging_mixin.py:149} INFO - [2024-06-24T15:05:22.627+0000] {dag.py:2726} INFO - Sync 1 DAGs
[2024-06-24T15:05:22.638+0000] {logging_mixin.py:149} INFO - [2024-06-24T15:05:22.638+0000] {dag.py:3490} INFO - Setting next_dagrun for example_sensors to None, run_after=None
[2024-06-24T15:05:22.645+0000] {processor.py:178} INFO - Processing /home/airflow/.local/lib/python3.7/site-packages/airflow/example_dags/example_sensors.py took 0.036 seconds
[2024-06-24T15:05:53.161+0000] {processor.py:156} INFO - Started process (PID=351) to work on /home/airflow/.local/lib/python3.7/site-packages/airflow/example_dags/example_sensors.py
[2024-06-24T15:05:53.161+0000] {processor.py:799} INFO - Processing file /home/airflow/.local/lib/python3.7/site-packages/airflow/example_dags/example_sensors.py for tasks to queue
[2024-06-24T15:05:53.161+0000] {logging_mixin.py:149} INFO - [2024-06-24T15:05:53.161+0000] {dagbag.py:541} INFO - Filling up the DagBag from /home/airflow/.local/lib/python3.7/site-packages/airflow/example_dags/example_sensors.py
[2024-06-24T15:05:53.165+0000] {processor.py:809} INFO - DAG(s) dict_keys(['example_sensors']) retrieved from /home/airflow/.local/lib/python3.7/site-packages/airflow/example_dags/example_sensors.py
[2024-06-24T15:05:53.176+0000] {logging_mixin.py:149} INFO - [2024-06-24T15:05:53.176+0000] {dag.py:2726} INFO - Sync 1 DAGs
[2024-06-24T15:05:53.187+0000] {logging_mixin.py:149} INFO - [2024-06-24T15:05:53.187+0000] {dag.py:3490} INFO - Setting next_dagrun for example_sensors to None, run_after=None
[2024-06-24T15:05:53.195+0000] {processor.py:178} INFO - Processing /home/airflow/.local/lib/python3.7/site-packages/airflow/example_dags/example_sensors.py took 0.035 seconds
[2024-06-24T15:06:23.808+0000] {processor.py:156} INFO - Started process (PID=419) to work on /home/airflow/.local/lib/python3.7/site-packages/airflow/example_dags/example_sensors.py
[2024-06-24T15:06:23.809+0000] {processor.py:799} INFO - Processing file /home/airflow/.local/lib/python3.7/site-packages/airflow/example_dags/example_sensors.py for tasks to queue
[2024-06-24T15:06:23.809+0000] {logging_mixin.py:149} INFO - [2024-06-24T15:06:23.809+0000] {dagbag.py:541} INFO - Filling up the DagBag from /home/airflow/.local/lib/python3.7/site-packages/airflow/example_dags/example_sensors.py
[2024-06-24T15:06:23.813+0000] {processor.py:809} INFO - DAG(s) dict_keys(['example_sensors']) retrieved from /home/airflow/.local/lib/python3.7/site-packages/airflow/example_dags/example_sensors.py
[2024-06-24T15:06:23.824+0000] {logging_mixin.py:149} INFO - [2024-06-24T15:06:23.824+0000] {dag.py:2726} INFO - Sync 1 DAGs
[2024-06-24T15:06:23.834+0000] {logging_mixin.py:149} INFO - [2024-06-24T15:06:23.834+0000] {dag.py:3490} INFO - Setting next_dagrun for example_sensors to None, run_after=None
[2024-06-24T15:06:23.841+0000] {processor.py:178} INFO - Processing /home/airflow/.local/lib/python3.7/site-packages/airflow/example_dags/example_sensors.py took 0.033 seconds
[2024-06-24T15:06:54.500+0000] {processor.py:156} INFO - Started process (PID=488) to work on /home/airflow/.local/lib/python3.7/site-packages/airflow/example_dags/example_sensors.py
[2024-06-24T15:06:54.500+0000] {processor.py:799} INFO - Processing file /home/airflow/.local/lib/python3.7/site-packages/airflow/example_dags/example_sensors.py for tasks to queue
[2024-06-24T15:06:54.501+0000] {logging_mixin.py:149} INFO - [2024-06-24T15:06:54.501+0000] {dagbag.py:541} INFO - Filling up the DagBag from /home/airflow/.local/lib/python3.7/site-packages/airflow/example_dags/example_sensors.py
[2024-06-24T15:06:54.505+0000] {processor.py:809} INFO - DAG(s) dict_keys(['example_sensors']) retrieved from /home/airflow/.local/lib/python3.7/site-packages/airflow/example_dags/example_sensors.py
[2024-06-24T15:06:54.516+0000] {logging_mixin.py:149} INFO - [2024-06-24T15:06:54.516+0000] {dag.py:2726} INFO - Sync 1 DAGs
[2024-06-24T15:06:54.527+0000] {logging_mixin.py:149} INFO - [2024-06-24T15:06:54.527+0000] {dag.py:3490} INFO - Setting next_dagrun for example_sensors to None, run_after=None
[2024-06-24T15:06:54.534+0000] {processor.py:178} INFO - Processing /home/airflow/.local/lib/python3.7/site-packages/airflow/example_dags/example_sensors.py took 0.035 seconds
[2024-06-24T15:07:54.039+0000] {processor.py:156} INFO - Started process (PID=76) to work on /home/airflow/.local/lib/python3.7/site-packages/airflow/example_dags/example_sensors.py
[2024-06-24T15:07:54.039+0000] {processor.py:799} INFO - Processing file /home/airflow/.local/lib/python3.7/site-packages/airflow/example_dags/example_sensors.py for tasks to queue
[2024-06-24T15:07:54.040+0000] {logging_mixin.py:149} INFO - [2024-06-24T15:07:54.040+0000] {dagbag.py:541} INFO - Filling up the DagBag from /home/airflow/.local/lib/python3.7/site-packages/airflow/example_dags/example_sensors.py
[2024-06-24T15:07:54.056+0000] {processor.py:809} INFO - DAG(s) dict_keys(['example_sensors']) retrieved from /home/airflow/.local/lib/python3.7/site-packages/airflow/example_dags/example_sensors.py
[2024-06-24T15:07:54.069+0000] {logging_mixin.py:149} INFO - [2024-06-24T15:07:54.069+0000] {dag.py:2726} INFO - Sync 1 DAGs
[2024-06-24T15:07:54.090+0000] {logging_mixin.py:149} INFO - [2024-06-24T15:07:54.090+0000] {dag.py:3490} INFO - Setting next_dagrun for example_sensors to None, run_after=None
[2024-06-24T15:07:54.100+0000] {processor.py:178} INFO - Processing /home/airflow/.local/lib/python3.7/site-packages/airflow/example_dags/example_sensors.py took 0.066 seconds
[2024-06-24T15:08:24.436+0000] {processor.py:156} INFO - Started process (PID=149) to work on /home/airflow/.local/lib/python3.7/site-packages/airflow/example_dags/example_sensors.py
[2024-06-24T15:08:24.436+0000] {processor.py:799} INFO - Processing file /home/airflow/.local/lib/python3.7/site-packages/airflow/example_dags/example_sensors.py for tasks to queue
[2024-06-24T15:08:24.436+0000] {logging_mixin.py:149} INFO - [2024-06-24T15:08:24.436+0000] {dagbag.py:541} INFO - Filling up the DagBag from /home/airflow/.local/lib/python3.7/site-packages/airflow/example_dags/example_sensors.py
[2024-06-24T15:08:24.440+0000] {processor.py:809} INFO - DAG(s) dict_keys(['example_sensors']) retrieved from /home/airflow/.local/lib/python3.7/site-packages/airflow/example_dags/example_sensors.py
[2024-06-24T15:08:24.451+0000] {logging_mixin.py:149} INFO - [2024-06-24T15:08:24.451+0000] {dag.py:2726} INFO - Sync 1 DAGs
[2024-06-24T15:08:24.461+0000] {logging_mixin.py:149} INFO - [2024-06-24T15:08:24.461+0000] {dag.py:3490} INFO - Setting next_dagrun for example_sensors to None, run_after=None
[2024-06-24T15:08:24.467+0000] {processor.py:178} INFO - Processing /home/airflow/.local/lib/python3.7/site-packages/airflow/example_dags/example_sensors.py took 0.032 seconds
[2024-06-24T15:08:54.982+0000] {processor.py:156} INFO - Started process (PID=218) to work on /home/airflow/.local/lib/python3.7/site-packages/airflow/example_dags/example_sensors.py
[2024-06-24T15:08:54.982+0000] {processor.py:799} INFO - Processing file /home/airflow/.local/lib/python3.7/site-packages/airflow/example_dags/example_sensors.py for tasks to queue
[2024-06-24T15:08:54.983+0000] {logging_mixin.py:149} INFO - [2024-06-24T15:08:54.983+0000] {dagbag.py:541} INFO - Filling up the DagBag from /home/airflow/.local/lib/python3.7/site-packages/airflow/example_dags/example_sensors.py
[2024-06-24T15:08:54.987+0000] {processor.py:809} INFO - DAG(s) dict_keys(['example_sensors']) retrieved from /home/airflow/.local/lib/python3.7/site-packages/airflow/example_dags/example_sensors.py
[2024-06-24T15:08:54.999+0000] {logging_mixin.py:149} INFO - [2024-06-24T15:08:54.998+0000] {dag.py:2726} INFO - Sync 1 DAGs
[2024-06-24T15:08:55.009+0000] {logging_mixin.py:149} INFO - [2024-06-24T15:08:55.009+0000] {dag.py:3490} INFO - Setting next_dagrun for example_sensors to None, run_after=None
[2024-06-24T15:08:55.017+0000] {processor.py:178} INFO - Processing /home/airflow/.local/lib/python3.7/site-packages/airflow/example_dags/example_sensors.py took 0.036 seconds
[2024-06-24T15:09:25.704+0000] {processor.py:156} INFO - Started process (PID=287) to work on /home/airflow/.local/lib/python3.7/site-packages/airflow/example_dags/example_sensors.py
[2024-06-24T15:09:25.704+0000] {processor.py:799} INFO - Processing file /home/airflow/.local/lib/python3.7/site-packages/airflow/example_dags/example_sensors.py for tasks to queue
[2024-06-24T15:09:25.705+0000] {logging_mixin.py:149} INFO - [2024-06-24T15:09:25.705+0000] {dagbag.py:541} INFO - Filling up the DagBag from /home/airflow/.local/lib/python3.7/site-packages/airflow/example_dags/example_sensors.py
[2024-06-24T15:09:25.709+0000] {processor.py:809} INFO - DAG(s) dict_keys(['example_sensors']) retrieved from /home/airflow/.local/lib/python3.7/site-packages/airflow/example_dags/example_sensors.py
[2024-06-24T15:09:25.721+0000] {logging_mixin.py:149} INFO - [2024-06-24T15:09:25.721+0000] {dag.py:2726} INFO - Sync 1 DAGs
[2024-06-24T15:09:25.733+0000] {logging_mixin.py:149} INFO - [2024-06-24T15:09:25.733+0000] {dag.py:3490} INFO - Setting next_dagrun for example_sensors to None, run_after=None
[2024-06-24T15:09:25.740+0000] {processor.py:178} INFO - Processing /home/airflow/.local/lib/python3.7/site-packages/airflow/example_dags/example_sensors.py took 0.038 seconds
[2024-06-24T15:09:56.297+0000] {processor.py:156} INFO - Started process (PID=356) to work on /home/airflow/.local/lib/python3.7/site-packages/airflow/example_dags/example_sensors.py
[2024-06-24T15:09:56.297+0000] {processor.py:799} INFO - Processing file /home/airflow/.local/lib/python3.7/site-packages/airflow/example_dags/example_sensors.py for tasks to queue
[2024-06-24T15:09:56.297+0000] {logging_mixin.py:149} INFO - [2024-06-24T15:09:56.297+0000] {dagbag.py:541} INFO - Filling up the DagBag from /home/airflow/.local/lib/python3.7/site-packages/airflow/example_dags/example_sensors.py
[2024-06-24T15:09:56.301+0000] {processor.py:809} INFO - DAG(s) dict_keys(['example_sensors']) retrieved from /home/airflow/.local/lib/python3.7/site-packages/airflow/example_dags/example_sensors.py
[2024-06-24T15:09:56.313+0000] {logging_mixin.py:149} INFO - [2024-06-24T15:09:56.313+0000] {dag.py:2726} INFO - Sync 1 DAGs
[2024-06-24T15:09:56.325+0000] {logging_mixin.py:149} INFO - [2024-06-24T15:09:56.325+0000] {dag.py:3490} INFO - Setting next_dagrun for example_sensors to None, run_after=None
[2024-06-24T15:09:56.332+0000] {processor.py:178} INFO - Processing /home/airflow/.local/lib/python3.7/site-packages/airflow/example_dags/example_sensors.py took 0.037 seconds
[2024-06-24T15:10:26.966+0000] {processor.py:156} INFO - Started process (PID=425) to work on /home/airflow/.local/lib/python3.7/site-packages/airflow/example_dags/example_sensors.py
[2024-06-24T15:10:26.967+0000] {processor.py:799} INFO - Processing file /home/airflow/.local/lib/python3.7/site-packages/airflow/example_dags/example_sensors.py for tasks to queue
[2024-06-24T15:10:26.967+0000] {logging_mixin.py:149} INFO - [2024-06-24T15:10:26.967+0000] {dagbag.py:541} INFO - Filling up the DagBag from /home/airflow/.local/lib/python3.7/site-packages/airflow/example_dags/example_sensors.py
[2024-06-24T15:10:26.971+0000] {processor.py:809} INFO - DAG(s) dict_keys(['example_sensors']) retrieved from /home/airflow/.local/lib/python3.7/site-packages/airflow/example_dags/example_sensors.py
[2024-06-24T15:10:26.982+0000] {logging_mixin.py:149} INFO - [2024-06-24T15:10:26.982+0000] {dag.py:2726} INFO - Sync 1 DAGs
[2024-06-24T15:10:26.992+0000] {logging_mixin.py:149} INFO - [2024-06-24T15:10:26.992+0000] {dag.py:3490} INFO - Setting next_dagrun for example_sensors to None, run_after=None
[2024-06-24T15:10:26.999+0000] {processor.py:178} INFO - Processing /home/airflow/.local/lib/python3.7/site-packages/airflow/example_dags/example_sensors.py took 0.034 seconds
[2024-06-24T15:10:57.727+0000] {processor.py:156} INFO - Started process (PID=494) to work on /home/airflow/.local/lib/python3.7/site-packages/airflow/example_dags/example_sensors.py
[2024-06-24T15:10:57.727+0000] {processor.py:799} INFO - Processing file /home/airflow/.local/lib/python3.7/site-packages/airflow/example_dags/example_sensors.py for tasks to queue
[2024-06-24T15:10:57.728+0000] {logging_mixin.py:149} INFO - [2024-06-24T15:10:57.728+0000] {dagbag.py:541} INFO - Filling up the DagBag from /home/airflow/.local/lib/python3.7/site-packages/airflow/example_dags/example_sensors.py
[2024-06-24T15:10:57.732+0000] {processor.py:809} INFO - DAG(s) dict_keys(['example_sensors']) retrieved from /home/airflow/.local/lib/python3.7/site-packages/airflow/example_dags/example_sensors.py
[2024-06-24T15:10:57.743+0000] {logging_mixin.py:149} INFO - [2024-06-24T15:10:57.743+0000] {dag.py:2726} INFO - Sync 1 DAGs
[2024-06-24T15:10:57.753+0000] {logging_mixin.py:149} INFO - [2024-06-24T15:10:57.753+0000] {dag.py:3490} INFO - Setting next_dagrun for example_sensors to None, run_after=None
[2024-06-24T15:10:57.761+0000] {processor.py:178} INFO - Processing /home/airflow/.local/lib/python3.7/site-packages/airflow/example_dags/example_sensors.py took 0.035 seconds
[2024-06-24T15:11:28.444+0000] {processor.py:156} INFO - Started process (PID=563) to work on /home/airflow/.local/lib/python3.7/site-packages/airflow/example_dags/example_sensors.py
[2024-06-24T15:11:28.445+0000] {processor.py:799} INFO - Processing file /home/airflow/.local/lib/python3.7/site-packages/airflow/example_dags/example_sensors.py for tasks to queue
[2024-06-24T15:11:28.445+0000] {logging_mixin.py:149} INFO - [2024-06-24T15:11:28.445+0000] {dagbag.py:541} INFO - Filling up the DagBag from /home/airflow/.local/lib/python3.7/site-packages/airflow/example_dags/example_sensors.py
[2024-06-24T15:11:28.449+0000] {processor.py:809} INFO - DAG(s) dict_keys(['example_sensors']) retrieved from /home/airflow/.local/lib/python3.7/site-packages/airflow/example_dags/example_sensors.py
[2024-06-24T15:11:28.461+0000] {logging_mixin.py:149} INFO - [2024-06-24T15:11:28.461+0000] {dag.py:2726} INFO - Sync 1 DAGs
[2024-06-24T15:11:28.472+0000] {logging_mixin.py:149} INFO - [2024-06-24T15:11:28.472+0000] {dag.py:3490} INFO - Setting next_dagrun for example_sensors to None, run_after=None
[2024-06-24T15:11:28.479+0000] {processor.py:178} INFO - Processing /home/airflow/.local/lib/python3.7/site-packages/airflow/example_dags/example_sensors.py took 0.036 seconds
[2024-06-24T15:11:59.287+0000] {processor.py:156} INFO - Started process (PID=632) to work on /home/airflow/.local/lib/python3.7/site-packages/airflow/example_dags/example_sensors.py
[2024-06-24T15:11:59.287+0000] {processor.py:799} INFO - Processing file /home/airflow/.local/lib/python3.7/site-packages/airflow/example_dags/example_sensors.py for tasks to queue
[2024-06-24T15:11:59.288+0000] {logging_mixin.py:149} INFO - [2024-06-24T15:11:59.288+0000] {dagbag.py:541} INFO - Filling up the DagBag from /home/airflow/.local/lib/python3.7/site-packages/airflow/example_dags/example_sensors.py
[2024-06-24T15:11:59.292+0000] {processor.py:809} INFO - DAG(s) dict_keys(['example_sensors']) retrieved from /home/airflow/.local/lib/python3.7/site-packages/airflow/example_dags/example_sensors.py
[2024-06-24T15:11:59.304+0000] {logging_mixin.py:149} INFO - [2024-06-24T15:11:59.304+0000] {dag.py:2726} INFO - Sync 1 DAGs
[2024-06-24T15:11:59.315+0000] {logging_mixin.py:149} INFO - [2024-06-24T15:11:59.315+0000] {dag.py:3490} INFO - Setting next_dagrun for example_sensors to None, run_after=None
[2024-06-24T15:11:59.322+0000] {processor.py:178} INFO - Processing /home/airflow/.local/lib/python3.7/site-packages/airflow/example_dags/example_sensors.py took 0.036 seconds
[2024-06-24T15:12:29.921+0000] {processor.py:156} INFO - Started process (PID=701) to work on /home/airflow/.local/lib/python3.7/site-packages/airflow/example_dags/example_sensors.py
[2024-06-24T15:12:29.922+0000] {processor.py:799} INFO - Processing file /home/airflow/.local/lib/python3.7/site-packages/airflow/example_dags/example_sensors.py for tasks to queue
[2024-06-24T15:12:29.922+0000] {logging_mixin.py:149} INFO - [2024-06-24T15:12:29.922+0000] {dagbag.py:541} INFO - Filling up the DagBag from /home/airflow/.local/lib/python3.7/site-packages/airflow/example_dags/example_sensors.py
[2024-06-24T15:12:29.927+0000] {processor.py:809} INFO - DAG(s) dict_keys(['example_sensors']) retrieved from /home/airflow/.local/lib/python3.7/site-packages/airflow/example_dags/example_sensors.py
[2024-06-24T15:12:29.939+0000] {logging_mixin.py:149} INFO - [2024-06-24T15:12:29.939+0000] {dag.py:2726} INFO - Sync 1 DAGs
[2024-06-24T15:12:29.952+0000] {logging_mixin.py:149} INFO - [2024-06-24T15:12:29.952+0000] {dag.py:3490} INFO - Setting next_dagrun for example_sensors to None, run_after=None
[2024-06-24T15:12:29.959+0000] {processor.py:178} INFO - Processing /home/airflow/.local/lib/python3.7/site-packages/airflow/example_dags/example_sensors.py took 0.039 seconds
[2024-06-24T15:13:00.629+0000] {processor.py:156} INFO - Started process (PID=770) to work on /home/airflow/.local/lib/python3.7/site-packages/airflow/example_dags/example_sensors.py
[2024-06-24T15:13:00.629+0000] {processor.py:799} INFO - Processing file /home/airflow/.local/lib/python3.7/site-packages/airflow/example_dags/example_sensors.py for tasks to queue
[2024-06-24T15:13:00.629+0000] {logging_mixin.py:149} INFO - [2024-06-24T15:13:00.629+0000] {dagbag.py:541} INFO - Filling up the DagBag from /home/airflow/.local/lib/python3.7/site-packages/airflow/example_dags/example_sensors.py
[2024-06-24T15:13:00.634+0000] {processor.py:809} INFO - DAG(s) dict_keys(['example_sensors']) retrieved from /home/airflow/.local/lib/python3.7/site-packages/airflow/example_dags/example_sensors.py
[2024-06-24T15:13:00.647+0000] {logging_mixin.py:149} INFO - [2024-06-24T15:13:00.647+0000] {dag.py:2726} INFO - Sync 1 DAGs
[2024-06-24T15:13:00.658+0000] {logging_mixin.py:149} INFO - [2024-06-24T15:13:00.658+0000] {dag.py:3490} INFO - Setting next_dagrun for example_sensors to None, run_after=None
[2024-06-24T15:13:00.665+0000] {processor.py:178} INFO - Processing /home/airflow/.local/lib/python3.7/site-packages/airflow/example_dags/example_sensors.py took 0.038 seconds
[2024-06-24T15:13:31.266+0000] {processor.py:156} INFO - Started process (PID=839) to work on /home/airflow/.local/lib/python3.7/site-packages/airflow/example_dags/example_sensors.py
[2024-06-24T15:13:31.266+0000] {processor.py:799} INFO - Processing file /home/airflow/.local/lib/python3.7/site-packages/airflow/example_dags/example_sensors.py for tasks to queue
[2024-06-24T15:13:31.266+0000] {logging_mixin.py:149} INFO - [2024-06-24T15:13:31.266+0000] {dagbag.py:541} INFO - Filling up the DagBag from /home/airflow/.local/lib/python3.7/site-packages/airflow/example_dags/example_sensors.py
[2024-06-24T15:13:31.270+0000] {processor.py:809} INFO - DAG(s) dict_keys(['example_sensors']) retrieved from /home/airflow/.local/lib/python3.7/site-packages/airflow/example_dags/example_sensors.py
[2024-06-24T15:13:31.282+0000] {logging_mixin.py:149} INFO - [2024-06-24T15:13:31.282+0000] {dag.py:2726} INFO - Sync 1 DAGs
[2024-06-24T15:13:31.293+0000] {logging_mixin.py:149} INFO - [2024-06-24T15:13:31.293+0000] {dag.py:3490} INFO - Setting next_dagrun for example_sensors to None, run_after=None
[2024-06-24T15:13:31.300+0000] {processor.py:178} INFO - Processing /home/airflow/.local/lib/python3.7/site-packages/airflow/example_dags/example_sensors.py took 0.035 seconds
[2024-06-24T15:14:01.832+0000] {processor.py:156} INFO - Started process (PID=908) to work on /home/airflow/.local/lib/python3.7/site-packages/airflow/example_dags/example_sensors.py
[2024-06-24T15:14:01.832+0000] {processor.py:799} INFO - Processing file /home/airflow/.local/lib/python3.7/site-packages/airflow/example_dags/example_sensors.py for tasks to queue
[2024-06-24T15:14:01.832+0000] {logging_mixin.py:149} INFO - [2024-06-24T15:14:01.832+0000] {dagbag.py:541} INFO - Filling up the DagBag from /home/airflow/.local/lib/python3.7/site-packages/airflow/example_dags/example_sensors.py
[2024-06-24T15:14:01.837+0000] {processor.py:809} INFO - DAG(s) dict_keys(['example_sensors']) retrieved from /home/airflow/.local/lib/python3.7/site-packages/airflow/example_dags/example_sensors.py
[2024-06-24T15:14:01.848+0000] {logging_mixin.py:149} INFO - [2024-06-24T15:14:01.848+0000] {dag.py:2726} INFO - Sync 1 DAGs
[2024-06-24T15:14:01.859+0000] {logging_mixin.py:149} INFO - [2024-06-24T15:14:01.858+0000] {dag.py:3490} INFO - Setting next_dagrun for example_sensors to None, run_after=None
[2024-06-24T15:14:01.866+0000] {processor.py:178} INFO - Processing /home/airflow/.local/lib/python3.7/site-packages/airflow/example_dags/example_sensors.py took 0.035 seconds
[2024-06-24T15:14:32.301+0000] {processor.py:156} INFO - Started process (PID=977) to work on /home/airflow/.local/lib/python3.7/site-packages/airflow/example_dags/example_sensors.py
[2024-06-24T15:14:32.301+0000] {processor.py:799} INFO - Processing file /home/airflow/.local/lib/python3.7/site-packages/airflow/example_dags/example_sensors.py for tasks to queue
[2024-06-24T15:14:32.301+0000] {logging_mixin.py:149} INFO - [2024-06-24T15:14:32.301+0000] {dagbag.py:541} INFO - Filling up the DagBag from /home/airflow/.local/lib/python3.7/site-packages/airflow/example_dags/example_sensors.py
[2024-06-24T15:14:32.306+0000] {processor.py:809} INFO - DAG(s) dict_keys(['example_sensors']) retrieved from /home/airflow/.local/lib/python3.7/site-packages/airflow/example_dags/example_sensors.py
[2024-06-24T15:14:32.317+0000] {logging_mixin.py:149} INFO - [2024-06-24T15:14:32.317+0000] {dag.py:2726} INFO - Sync 1 DAGs
[2024-06-24T15:14:32.327+0000] {logging_mixin.py:149} INFO - [2024-06-24T15:14:32.327+0000] {dag.py:3490} INFO - Setting next_dagrun for example_sensors to None, run_after=None
[2024-06-24T15:14:32.335+0000] {processor.py:178} INFO - Processing /home/airflow/.local/lib/python3.7/site-packages/airflow/example_dags/example_sensors.py took 0.035 seconds
[2024-06-24T15:15:02.794+0000] {processor.py:156} INFO - Started process (PID=1046) to work on /home/airflow/.local/lib/python3.7/site-packages/airflow/example_dags/example_sensors.py
[2024-06-24T15:15:02.794+0000] {processor.py:799} INFO - Processing file /home/airflow/.local/lib/python3.7/site-packages/airflow/example_dags/example_sensors.py for tasks to queue
[2024-06-24T15:15:02.794+0000] {logging_mixin.py:149} INFO - [2024-06-24T15:15:02.794+0000] {dagbag.py:541} INFO - Filling up the DagBag from /home/airflow/.local/lib/python3.7/site-packages/airflow/example_dags/example_sensors.py
[2024-06-24T15:15:02.799+0000] {processor.py:809} INFO - DAG(s) dict_keys(['example_sensors']) retrieved from /home/airflow/.local/lib/python3.7/site-packages/airflow/example_dags/example_sensors.py
[2024-06-24T15:15:02.811+0000] {logging_mixin.py:149} INFO - [2024-06-24T15:15:02.810+0000] {dag.py:2726} INFO - Sync 1 DAGs
[2024-06-24T15:15:02.821+0000] {logging_mixin.py:149} INFO - [2024-06-24T15:15:02.821+0000] {dag.py:3490} INFO - Setting next_dagrun for example_sensors to None, run_after=None
[2024-06-24T15:15:02.828+0000] {processor.py:178} INFO - Processing /home/airflow/.local/lib/python3.7/site-packages/airflow/example_dags/example_sensors.py took 0.036 seconds
[2024-06-24T15:15:33.454+0000] {processor.py:156} INFO - Started process (PID=1124) to work on /home/airflow/.local/lib/python3.7/site-packages/airflow/example_dags/example_sensors.py
[2024-06-24T15:15:33.455+0000] {processor.py:799} INFO - Processing file /home/airflow/.local/lib/python3.7/site-packages/airflow/example_dags/example_sensors.py for tasks to queue
[2024-06-24T15:15:33.455+0000] {logging_mixin.py:149} INFO - [2024-06-24T15:15:33.455+0000] {dagbag.py:541} INFO - Filling up the DagBag from /home/airflow/.local/lib/python3.7/site-packages/airflow/example_dags/example_sensors.py
[2024-06-24T15:15:33.459+0000] {processor.py:809} INFO - DAG(s) dict_keys(['example_sensors']) retrieved from /home/airflow/.local/lib/python3.7/site-packages/airflow/example_dags/example_sensors.py
[2024-06-24T15:15:33.470+0000] {logging_mixin.py:149} INFO - [2024-06-24T15:15:33.470+0000] {dag.py:2726} INFO - Sync 1 DAGs
[2024-06-24T15:15:33.480+0000] {logging_mixin.py:149} INFO - [2024-06-24T15:15:33.480+0000] {dag.py:3490} INFO - Setting next_dagrun for example_sensors to None, run_after=None
[2024-06-24T15:15:33.488+0000] {processor.py:178} INFO - Processing /home/airflow/.local/lib/python3.7/site-packages/airflow/example_dags/example_sensors.py took 0.035 seconds
[2024-06-24T15:16:04.048+0000] {processor.py:156} INFO - Started process (PID=1193) to work on /home/airflow/.local/lib/python3.7/site-packages/airflow/example_dags/example_sensors.py
[2024-06-24T15:16:04.048+0000] {processor.py:799} INFO - Processing file /home/airflow/.local/lib/python3.7/site-packages/airflow/example_dags/example_sensors.py for tasks to queue
[2024-06-24T15:16:04.048+0000] {logging_mixin.py:149} INFO - [2024-06-24T15:16:04.048+0000] {dagbag.py:541} INFO - Filling up the DagBag from /home/airflow/.local/lib/python3.7/site-packages/airflow/example_dags/example_sensors.py
[2024-06-24T15:16:04.053+0000] {processor.py:809} INFO - DAG(s) dict_keys(['example_sensors']) retrieved from /home/airflow/.local/lib/python3.7/site-packages/airflow/example_dags/example_sensors.py
[2024-06-24T15:16:04.064+0000] {logging_mixin.py:149} INFO - [2024-06-24T15:16:04.064+0000] {dag.py:2726} INFO - Sync 1 DAGs
[2024-06-24T15:16:04.075+0000] {logging_mixin.py:149} INFO - [2024-06-24T15:16:04.075+0000] {dag.py:3490} INFO - Setting next_dagrun for example_sensors to None, run_after=None
[2024-06-24T15:16:04.082+0000] {processor.py:178} INFO - Processing /home/airflow/.local/lib/python3.7/site-packages/airflow/example_dags/example_sensors.py took 0.036 seconds
[2024-06-24T15:16:34.730+0000] {processor.py:156} INFO - Started process (PID=1262) to work on /home/airflow/.local/lib/python3.7/site-packages/airflow/example_dags/example_sensors.py
[2024-06-24T15:16:34.732+0000] {processor.py:799} INFO - Processing file /home/airflow/.local/lib/python3.7/site-packages/airflow/example_dags/example_sensors.py for tasks to queue
[2024-06-24T15:16:34.732+0000] {logging_mixin.py:149} INFO - [2024-06-24T15:16:34.732+0000] {dagbag.py:541} INFO - Filling up the DagBag from /home/airflow/.local/lib/python3.7/site-packages/airflow/example_dags/example_sensors.py
[2024-06-24T15:16:34.736+0000] {processor.py:809} INFO - DAG(s) dict_keys(['example_sensors']) retrieved from /home/airflow/.local/lib/python3.7/site-packages/airflow/example_dags/example_sensors.py
[2024-06-24T15:16:34.749+0000] {logging_mixin.py:149} INFO - [2024-06-24T15:16:34.749+0000] {dag.py:2726} INFO - Sync 1 DAGs
[2024-06-24T15:16:34.760+0000] {logging_mixin.py:149} INFO - [2024-06-24T15:16:34.760+0000] {dag.py:3490} INFO - Setting next_dagrun for example_sensors to None, run_after=None
[2024-06-24T15:16:34.767+0000] {processor.py:178} INFO - Processing /home/airflow/.local/lib/python3.7/site-packages/airflow/example_dags/example_sensors.py took 0.038 seconds
[2024-06-24T15:17:05.338+0000] {processor.py:156} INFO - Started process (PID=1331) to work on /home/airflow/.local/lib/python3.7/site-packages/airflow/example_dags/example_sensors.py
[2024-06-24T15:17:05.338+0000] {processor.py:799} INFO - Processing file /home/airflow/.local/lib/python3.7/site-packages/airflow/example_dags/example_sensors.py for tasks to queue
[2024-06-24T15:17:05.338+0000] {logging_mixin.py:149} INFO - [2024-06-24T15:17:05.338+0000] {dagbag.py:541} INFO - Filling up the DagBag from /home/airflow/.local/lib/python3.7/site-packages/airflow/example_dags/example_sensors.py
[2024-06-24T15:17:05.342+0000] {processor.py:809} INFO - DAG(s) dict_keys(['example_sensors']) retrieved from /home/airflow/.local/lib/python3.7/site-packages/airflow/example_dags/example_sensors.py
[2024-06-24T15:17:05.354+0000] {logging_mixin.py:149} INFO - [2024-06-24T15:17:05.354+0000] {dag.py:2726} INFO - Sync 1 DAGs
[2024-06-24T15:17:05.365+0000] {logging_mixin.py:149} INFO - [2024-06-24T15:17:05.365+0000] {dag.py:3490} INFO - Setting next_dagrun for example_sensors to None, run_after=None
[2024-06-24T15:17:05.372+0000] {processor.py:178} INFO - Processing /home/airflow/.local/lib/python3.7/site-packages/airflow/example_dags/example_sensors.py took 0.036 seconds
[2024-06-24T15:17:35.897+0000] {processor.py:156} INFO - Started process (PID=1399) to work on /home/airflow/.local/lib/python3.7/site-packages/airflow/example_dags/example_sensors.py
[2024-06-24T15:17:35.897+0000] {processor.py:799} INFO - Processing file /home/airflow/.local/lib/python3.7/site-packages/airflow/example_dags/example_sensors.py for tasks to queue
[2024-06-24T15:17:35.898+0000] {logging_mixin.py:149} INFO - [2024-06-24T15:17:35.898+0000] {dagbag.py:541} INFO - Filling up the DagBag from /home/airflow/.local/lib/python3.7/site-packages/airflow/example_dags/example_sensors.py
[2024-06-24T15:17:35.902+0000] {processor.py:809} INFO - DAG(s) dict_keys(['example_sensors']) retrieved from /home/airflow/.local/lib/python3.7/site-packages/airflow/example_dags/example_sensors.py
[2024-06-24T15:17:35.914+0000] {logging_mixin.py:149} INFO - [2024-06-24T15:17:35.914+0000] {dag.py:2726} INFO - Sync 1 DAGs
[2024-06-24T15:17:35.924+0000] {logging_mixin.py:149} INFO - [2024-06-24T15:17:35.924+0000] {dag.py:3490} INFO - Setting next_dagrun for example_sensors to None, run_after=None
[2024-06-24T15:17:35.932+0000] {processor.py:178} INFO - Processing /home/airflow/.local/lib/python3.7/site-packages/airflow/example_dags/example_sensors.py took 0.036 seconds
[2024-06-24T15:18:06.431+0000] {processor.py:156} INFO - Started process (PID=1468) to work on /home/airflow/.local/lib/python3.7/site-packages/airflow/example_dags/example_sensors.py
[2024-06-24T15:18:06.431+0000] {processor.py:799} INFO - Processing file /home/airflow/.local/lib/python3.7/site-packages/airflow/example_dags/example_sensors.py for tasks to queue
[2024-06-24T15:18:06.431+0000] {logging_mixin.py:149} INFO - [2024-06-24T15:18:06.431+0000] {dagbag.py:541} INFO - Filling up the DagBag from /home/airflow/.local/lib/python3.7/site-packages/airflow/example_dags/example_sensors.py
[2024-06-24T15:18:06.436+0000] {processor.py:809} INFO - DAG(s) dict_keys(['example_sensors']) retrieved from /home/airflow/.local/lib/python3.7/site-packages/airflow/example_dags/example_sensors.py
[2024-06-24T15:18:06.447+0000] {logging_mixin.py:149} INFO - [2024-06-24T15:18:06.447+0000] {dag.py:2726} INFO - Sync 1 DAGs
[2024-06-24T15:18:06.457+0000] {logging_mixin.py:149} INFO - [2024-06-24T15:18:06.457+0000] {dag.py:3490} INFO - Setting next_dagrun for example_sensors to None, run_after=None
[2024-06-24T15:18:06.464+0000] {processor.py:178} INFO - Processing /home/airflow/.local/lib/python3.7/site-packages/airflow/example_dags/example_sensors.py took 0.035 seconds
[2024-06-24T15:18:37.176+0000] {processor.py:156} INFO - Started process (PID=1537) to work on /home/airflow/.local/lib/python3.7/site-packages/airflow/example_dags/example_sensors.py
[2024-06-24T15:18:37.177+0000] {processor.py:799} INFO - Processing file /home/airflow/.local/lib/python3.7/site-packages/airflow/example_dags/example_sensors.py for tasks to queue
[2024-06-24T15:18:37.177+0000] {logging_mixin.py:149} INFO - [2024-06-24T15:18:37.177+0000] {dagbag.py:541} INFO - Filling up the DagBag from /home/airflow/.local/lib/python3.7/site-packages/airflow/example_dags/example_sensors.py
[2024-06-24T15:18:37.181+0000] {processor.py:809} INFO - DAG(s) dict_keys(['example_sensors']) retrieved from /home/airflow/.local/lib/python3.7/site-packages/airflow/example_dags/example_sensors.py
[2024-06-24T15:18:37.193+0000] {logging_mixin.py:149} INFO - [2024-06-24T15:18:37.193+0000] {dag.py:2726} INFO - Sync 1 DAGs
[2024-06-24T15:18:37.204+0000] {logging_mixin.py:149} INFO - [2024-06-24T15:18:37.204+0000] {dag.py:3490} INFO - Setting next_dagrun for example_sensors to None, run_after=None
[2024-06-24T15:18:37.212+0000] {processor.py:178} INFO - Processing /home/airflow/.local/lib/python3.7/site-packages/airflow/example_dags/example_sensors.py took 0.037 seconds
[2024-06-24T15:19:07.897+0000] {processor.py:156} INFO - Started process (PID=1606) to work on /home/airflow/.local/lib/python3.7/site-packages/airflow/example_dags/example_sensors.py
[2024-06-24T15:19:07.897+0000] {processor.py:799} INFO - Processing file /home/airflow/.local/lib/python3.7/site-packages/airflow/example_dags/example_sensors.py for tasks to queue
[2024-06-24T15:19:07.897+0000] {logging_mixin.py:149} INFO - [2024-06-24T15:19:07.897+0000] {dagbag.py:541} INFO - Filling up the DagBag from /home/airflow/.local/lib/python3.7/site-packages/airflow/example_dags/example_sensors.py
[2024-06-24T15:19:07.901+0000] {processor.py:809} INFO - DAG(s) dict_keys(['example_sensors']) retrieved from /home/airflow/.local/lib/python3.7/site-packages/airflow/example_dags/example_sensors.py
[2024-06-24T15:19:07.913+0000] {logging_mixin.py:149} INFO - [2024-06-24T15:19:07.913+0000] {dag.py:2726} INFO - Sync 1 DAGs
[2024-06-24T15:19:07.925+0000] {logging_mixin.py:149} INFO - [2024-06-24T15:19:07.925+0000] {dag.py:3490} INFO - Setting next_dagrun for example_sensors to None, run_after=None
[2024-06-24T15:19:07.932+0000] {processor.py:178} INFO - Processing /home/airflow/.local/lib/python3.7/site-packages/airflow/example_dags/example_sensors.py took 0.037 seconds
[2024-06-24T15:19:38.461+0000] {processor.py:156} INFO - Started process (PID=1675) to work on /home/airflow/.local/lib/python3.7/site-packages/airflow/example_dags/example_sensors.py
[2024-06-24T15:19:38.461+0000] {processor.py:799} INFO - Processing file /home/airflow/.local/lib/python3.7/site-packages/airflow/example_dags/example_sensors.py for tasks to queue
[2024-06-24T15:19:38.461+0000] {logging_mixin.py:149} INFO - [2024-06-24T15:19:38.461+0000] {dagbag.py:541} INFO - Filling up the DagBag from /home/airflow/.local/lib/python3.7/site-packages/airflow/example_dags/example_sensors.py
[2024-06-24T15:19:38.465+0000] {processor.py:809} INFO - DAG(s) dict_keys(['example_sensors']) retrieved from /home/airflow/.local/lib/python3.7/site-packages/airflow/example_dags/example_sensors.py
[2024-06-24T15:19:38.477+0000] {logging_mixin.py:149} INFO - [2024-06-24T15:19:38.477+0000] {dag.py:2726} INFO - Sync 1 DAGs
[2024-06-24T15:19:38.488+0000] {logging_mixin.py:149} INFO - [2024-06-24T15:19:38.488+0000] {dag.py:3490} INFO - Setting next_dagrun for example_sensors to None, run_after=None
[2024-06-24T15:19:38.495+0000] {processor.py:178} INFO - Processing /home/airflow/.local/lib/python3.7/site-packages/airflow/example_dags/example_sensors.py took 0.036 seconds
[2024-06-24T15:20:09.010+0000] {processor.py:156} INFO - Started process (PID=1744) to work on /home/airflow/.local/lib/python3.7/site-packages/airflow/example_dags/example_sensors.py
[2024-06-24T15:20:09.011+0000] {processor.py:799} INFO - Processing file /home/airflow/.local/lib/python3.7/site-packages/airflow/example_dags/example_sensors.py for tasks to queue
[2024-06-24T15:20:09.012+0000] {logging_mixin.py:149} INFO - [2024-06-24T15:20:09.012+0000] {dagbag.py:541} INFO - Filling up the DagBag from /home/airflow/.local/lib/python3.7/site-packages/airflow/example_dags/example_sensors.py
[2024-06-24T15:20:09.018+0000] {processor.py:809} INFO - DAG(s) dict_keys(['example_sensors']) retrieved from /home/airflow/.local/lib/python3.7/site-packages/airflow/example_dags/example_sensors.py
[2024-06-24T15:20:09.031+0000] {logging_mixin.py:149} INFO - [2024-06-24T15:20:09.031+0000] {dag.py:2726} INFO - Sync 1 DAGs
[2024-06-24T15:20:09.043+0000] {logging_mixin.py:149} INFO - [2024-06-24T15:20:09.043+0000] {dag.py:3490} INFO - Setting next_dagrun for example_sensors to None, run_after=None
[2024-06-24T15:20:09.052+0000] {processor.py:178} INFO - Processing /home/airflow/.local/lib/python3.7/site-packages/airflow/example_dags/example_sensors.py took 0.044 seconds
[2024-06-24T15:20:39.726+0000] {processor.py:156} INFO - Started process (PID=1813) to work on /home/airflow/.local/lib/python3.7/site-packages/airflow/example_dags/example_sensors.py
[2024-06-24T15:20:39.726+0000] {processor.py:799} INFO - Processing file /home/airflow/.local/lib/python3.7/site-packages/airflow/example_dags/example_sensors.py for tasks to queue
[2024-06-24T15:20:39.727+0000] {logging_mixin.py:149} INFO - [2024-06-24T15:20:39.727+0000] {dagbag.py:541} INFO - Filling up the DagBag from /home/airflow/.local/lib/python3.7/site-packages/airflow/example_dags/example_sensors.py
[2024-06-24T15:20:39.731+0000] {processor.py:809} INFO - DAG(s) dict_keys(['example_sensors']) retrieved from /home/airflow/.local/lib/python3.7/site-packages/airflow/example_dags/example_sensors.py
[2024-06-24T15:20:39.743+0000] {logging_mixin.py:149} INFO - [2024-06-24T15:20:39.743+0000] {dag.py:2726} INFO - Sync 1 DAGs
[2024-06-24T15:20:39.754+0000] {logging_mixin.py:149} INFO - [2024-06-24T15:20:39.754+0000] {dag.py:3490} INFO - Setting next_dagrun for example_sensors to None, run_after=None
[2024-06-24T15:20:39.761+0000] {processor.py:178} INFO - Processing /home/airflow/.local/lib/python3.7/site-packages/airflow/example_dags/example_sensors.py took 0.036 seconds
[2024-06-24T15:21:10.376+0000] {processor.py:156} INFO - Started process (PID=1882) to work on /home/airflow/.local/lib/python3.7/site-packages/airflow/example_dags/example_sensors.py
[2024-06-24T15:21:10.377+0000] {processor.py:799} INFO - Processing file /home/airflow/.local/lib/python3.7/site-packages/airflow/example_dags/example_sensors.py for tasks to queue
[2024-06-24T15:21:10.377+0000] {logging_mixin.py:149} INFO - [2024-06-24T15:21:10.377+0000] {dagbag.py:541} INFO - Filling up the DagBag from /home/airflow/.local/lib/python3.7/site-packages/airflow/example_dags/example_sensors.py
[2024-06-24T15:21:10.381+0000] {processor.py:809} INFO - DAG(s) dict_keys(['example_sensors']) retrieved from /home/airflow/.local/lib/python3.7/site-packages/airflow/example_dags/example_sensors.py
[2024-06-24T15:21:10.393+0000] {logging_mixin.py:149} INFO - [2024-06-24T15:21:10.393+0000] {dag.py:2726} INFO - Sync 1 DAGs
[2024-06-24T15:21:10.404+0000] {logging_mixin.py:149} INFO - [2024-06-24T15:21:10.404+0000] {dag.py:3490} INFO - Setting next_dagrun for example_sensors to None, run_after=None
[2024-06-24T15:21:10.412+0000] {processor.py:178} INFO - Processing /home/airflow/.local/lib/python3.7/site-packages/airflow/example_dags/example_sensors.py took 0.036 seconds
[2024-06-24T15:21:41.286+0000] {processor.py:156} INFO - Started process (PID=1950) to work on /home/airflow/.local/lib/python3.7/site-packages/airflow/example_dags/example_sensors.py
[2024-06-24T15:21:41.286+0000] {processor.py:799} INFO - Processing file /home/airflow/.local/lib/python3.7/site-packages/airflow/example_dags/example_sensors.py for tasks to queue
[2024-06-24T15:21:41.287+0000] {logging_mixin.py:149} INFO - [2024-06-24T15:21:41.286+0000] {dagbag.py:541} INFO - Filling up the DagBag from /home/airflow/.local/lib/python3.7/site-packages/airflow/example_dags/example_sensors.py
[2024-06-24T15:21:41.291+0000] {processor.py:809} INFO - DAG(s) dict_keys(['example_sensors']) retrieved from /home/airflow/.local/lib/python3.7/site-packages/airflow/example_dags/example_sensors.py
[2024-06-24T15:21:41.303+0000] {logging_mixin.py:149} INFO - [2024-06-24T15:21:41.303+0000] {dag.py:2726} INFO - Sync 1 DAGs
[2024-06-24T15:21:41.313+0000] {logging_mixin.py:149} INFO - [2024-06-24T15:21:41.313+0000] {dag.py:3490} INFO - Setting next_dagrun for example_sensors to None, run_after=None
[2024-06-24T15:21:41.345+0000] {processor.py:178} INFO - Processing /home/airflow/.local/lib/python3.7/site-packages/airflow/example_dags/example_sensors.py took 0.060 seconds
[2024-06-24T15:22:12.014+0000] {processor.py:156} INFO - Started process (PID=2019) to work on /home/airflow/.local/lib/python3.7/site-packages/airflow/example_dags/example_sensors.py
[2024-06-24T15:22:12.017+0000] {processor.py:799} INFO - Processing file /home/airflow/.local/lib/python3.7/site-packages/airflow/example_dags/example_sensors.py for tasks to queue
[2024-06-24T15:22:12.017+0000] {logging_mixin.py:149} INFO - [2024-06-24T15:22:12.017+0000] {dagbag.py:541} INFO - Filling up the DagBag from /home/airflow/.local/lib/python3.7/site-packages/airflow/example_dags/example_sensors.py
[2024-06-24T15:22:12.022+0000] {processor.py:809} INFO - DAG(s) dict_keys(['example_sensors']) retrieved from /home/airflow/.local/lib/python3.7/site-packages/airflow/example_dags/example_sensors.py
[2024-06-24T15:22:12.034+0000] {logging_mixin.py:149} INFO - [2024-06-24T15:22:12.033+0000] {dag.py:2726} INFO - Sync 1 DAGs
[2024-06-24T15:22:12.045+0000] {logging_mixin.py:149} INFO - [2024-06-24T15:22:12.044+0000] {dag.py:3490} INFO - Setting next_dagrun for example_sensors to None, run_after=None
[2024-06-24T15:22:12.052+0000] {processor.py:178} INFO - Processing /home/airflow/.local/lib/python3.7/site-packages/airflow/example_dags/example_sensors.py took 0.039 seconds
[2024-06-24T15:22:42.628+0000] {processor.py:156} INFO - Started process (PID=2087) to work on /home/airflow/.local/lib/python3.7/site-packages/airflow/example_dags/example_sensors.py
[2024-06-24T15:22:42.628+0000] {processor.py:799} INFO - Processing file /home/airflow/.local/lib/python3.7/site-packages/airflow/example_dags/example_sensors.py for tasks to queue
[2024-06-24T15:22:42.628+0000] {logging_mixin.py:149} INFO - [2024-06-24T15:22:42.628+0000] {dagbag.py:541} INFO - Filling up the DagBag from /home/airflow/.local/lib/python3.7/site-packages/airflow/example_dags/example_sensors.py
[2024-06-24T15:22:42.632+0000] {processor.py:809} INFO - DAG(s) dict_keys(['example_sensors']) retrieved from /home/airflow/.local/lib/python3.7/site-packages/airflow/example_dags/example_sensors.py
[2024-06-24T15:22:42.644+0000] {logging_mixin.py:149} INFO - [2024-06-24T15:22:42.644+0000] {dag.py:2726} INFO - Sync 1 DAGs
[2024-06-24T15:22:42.655+0000] {logging_mixin.py:149} INFO - [2024-06-24T15:22:42.654+0000] {dag.py:3490} INFO - Setting next_dagrun for example_sensors to None, run_after=None
[2024-06-24T15:22:42.661+0000] {processor.py:178} INFO - Processing /home/airflow/.local/lib/python3.7/site-packages/airflow/example_dags/example_sensors.py took 0.035 seconds
[2024-06-24T15:23:13.301+0000] {processor.py:156} INFO - Started process (PID=2156) to work on /home/airflow/.local/lib/python3.7/site-packages/airflow/example_dags/example_sensors.py
[2024-06-24T15:23:13.301+0000] {processor.py:799} INFO - Processing file /home/airflow/.local/lib/python3.7/site-packages/airflow/example_dags/example_sensors.py for tasks to queue
[2024-06-24T15:23:13.302+0000] {logging_mixin.py:149} INFO - [2024-06-24T15:23:13.302+0000] {dagbag.py:541} INFO - Filling up the DagBag from /home/airflow/.local/lib/python3.7/site-packages/airflow/example_dags/example_sensors.py
[2024-06-24T15:23:13.307+0000] {processor.py:809} INFO - DAG(s) dict_keys(['example_sensors']) retrieved from /home/airflow/.local/lib/python3.7/site-packages/airflow/example_dags/example_sensors.py
[2024-06-24T15:23:13.320+0000] {logging_mixin.py:149} INFO - [2024-06-24T15:23:13.320+0000] {dag.py:2726} INFO - Sync 1 DAGs
[2024-06-24T15:23:13.331+0000] {logging_mixin.py:149} INFO - [2024-06-24T15:23:13.331+0000] {dag.py:3490} INFO - Setting next_dagrun for example_sensors to None, run_after=None
[2024-06-24T15:23:13.341+0000] {processor.py:178} INFO - Processing /home/airflow/.local/lib/python3.7/site-packages/airflow/example_dags/example_sensors.py took 0.042 seconds
[2024-06-24T15:23:44.012+0000] {processor.py:156} INFO - Started process (PID=2225) to work on /home/airflow/.local/lib/python3.7/site-packages/airflow/example_dags/example_sensors.py
[2024-06-24T15:23:44.012+0000] {processor.py:799} INFO - Processing file /home/airflow/.local/lib/python3.7/site-packages/airflow/example_dags/example_sensors.py for tasks to queue
[2024-06-24T15:23:44.013+0000] {logging_mixin.py:149} INFO - [2024-06-24T15:23:44.013+0000] {dagbag.py:541} INFO - Filling up the DagBag from /home/airflow/.local/lib/python3.7/site-packages/airflow/example_dags/example_sensors.py
[2024-06-24T15:23:44.016+0000] {processor.py:809} INFO - DAG(s) dict_keys(['example_sensors']) retrieved from /home/airflow/.local/lib/python3.7/site-packages/airflow/example_dags/example_sensors.py
[2024-06-24T15:23:44.027+0000] {logging_mixin.py:149} INFO - [2024-06-24T15:23:44.027+0000] {dag.py:2726} INFO - Sync 1 DAGs
[2024-06-24T15:23:44.037+0000] {logging_mixin.py:149} INFO - [2024-06-24T15:23:44.037+0000] {dag.py:3490} INFO - Setting next_dagrun for example_sensors to None, run_after=None
[2024-06-24T15:23:44.043+0000] {processor.py:178} INFO - Processing /home/airflow/.local/lib/python3.7/site-packages/airflow/example_dags/example_sensors.py took 0.032 seconds
[2024-06-24T15:24:14.744+0000] {processor.py:156} INFO - Started process (PID=2294) to work on /home/airflow/.local/lib/python3.7/site-packages/airflow/example_dags/example_sensors.py
[2024-06-24T15:24:14.744+0000] {processor.py:799} INFO - Processing file /home/airflow/.local/lib/python3.7/site-packages/airflow/example_dags/example_sensors.py for tasks to queue
[2024-06-24T15:24:14.744+0000] {logging_mixin.py:149} INFO - [2024-06-24T15:24:14.744+0000] {dagbag.py:541} INFO - Filling up the DagBag from /home/airflow/.local/lib/python3.7/site-packages/airflow/example_dags/example_sensors.py
[2024-06-24T15:24:14.748+0000] {processor.py:809} INFO - DAG(s) dict_keys(['example_sensors']) retrieved from /home/airflow/.local/lib/python3.7/site-packages/airflow/example_dags/example_sensors.py
[2024-06-24T15:24:14.760+0000] {logging_mixin.py:149} INFO - [2024-06-24T15:24:14.760+0000] {dag.py:2726} INFO - Sync 1 DAGs
[2024-06-24T15:24:14.771+0000] {logging_mixin.py:149} INFO - [2024-06-24T15:24:14.771+0000] {dag.py:3490} INFO - Setting next_dagrun for example_sensors to None, run_after=None
[2024-06-24T15:24:14.778+0000] {processor.py:178} INFO - Processing /home/airflow/.local/lib/python3.7/site-packages/airflow/example_dags/example_sensors.py took 0.036 seconds
[2024-06-24T15:24:45.339+0000] {processor.py:156} INFO - Started process (PID=2363) to work on /home/airflow/.local/lib/python3.7/site-packages/airflow/example_dags/example_sensors.py
[2024-06-24T15:24:45.339+0000] {processor.py:799} INFO - Processing file /home/airflow/.local/lib/python3.7/site-packages/airflow/example_dags/example_sensors.py for tasks to queue
[2024-06-24T15:24:45.339+0000] {logging_mixin.py:149} INFO - [2024-06-24T15:24:45.339+0000] {dagbag.py:541} INFO - Filling up the DagBag from /home/airflow/.local/lib/python3.7/site-packages/airflow/example_dags/example_sensors.py
[2024-06-24T15:24:45.344+0000] {processor.py:809} INFO - DAG(s) dict_keys(['example_sensors']) retrieved from /home/airflow/.local/lib/python3.7/site-packages/airflow/example_dags/example_sensors.py
[2024-06-24T15:24:45.356+0000] {logging_mixin.py:149} INFO - [2024-06-24T15:24:45.356+0000] {dag.py:2726} INFO - Sync 1 DAGs
[2024-06-24T15:24:45.367+0000] {logging_mixin.py:149} INFO - [2024-06-24T15:24:45.367+0000] {dag.py:3490} INFO - Setting next_dagrun for example_sensors to None, run_after=None
[2024-06-24T15:24:45.375+0000] {processor.py:178} INFO - Processing /home/airflow/.local/lib/python3.7/site-packages/airflow/example_dags/example_sensors.py took 0.037 seconds
[2024-06-24T15:25:15.901+0000] {processor.py:156} INFO - Started process (PID=2431) to work on /home/airflow/.local/lib/python3.7/site-packages/airflow/example_dags/example_sensors.py
[2024-06-24T15:25:15.902+0000] {processor.py:799} INFO - Processing file /home/airflow/.local/lib/python3.7/site-packages/airflow/example_dags/example_sensors.py for tasks to queue
[2024-06-24T15:25:15.903+0000] {logging_mixin.py:149} INFO - [2024-06-24T15:25:15.903+0000] {dagbag.py:541} INFO - Filling up the DagBag from /home/airflow/.local/lib/python3.7/site-packages/airflow/example_dags/example_sensors.py
[2024-06-24T15:25:15.910+0000] {processor.py:809} INFO - DAG(s) dict_keys(['example_sensors']) retrieved from /home/airflow/.local/lib/python3.7/site-packages/airflow/example_dags/example_sensors.py
[2024-06-24T15:25:15.932+0000] {logging_mixin.py:149} INFO - [2024-06-24T15:25:15.932+0000] {dag.py:2726} INFO - Sync 1 DAGs
[2024-06-24T15:25:15.947+0000] {logging_mixin.py:149} INFO - [2024-06-24T15:25:15.947+0000] {dag.py:3490} INFO - Setting next_dagrun for example_sensors to None, run_after=None
[2024-06-24T15:25:15.956+0000] {processor.py:178} INFO - Processing /home/airflow/.local/lib/python3.7/site-packages/airflow/example_dags/example_sensors.py took 0.057 seconds
[2024-06-24T15:25:46.498+0000] {processor.py:156} INFO - Started process (PID=2506) to work on /home/airflow/.local/lib/python3.7/site-packages/airflow/example_dags/example_sensors.py
[2024-06-24T15:25:46.498+0000] {processor.py:799} INFO - Processing file /home/airflow/.local/lib/python3.7/site-packages/airflow/example_dags/example_sensors.py for tasks to queue
[2024-06-24T15:25:46.498+0000] {logging_mixin.py:149} INFO - [2024-06-24T15:25:46.498+0000] {dagbag.py:541} INFO - Filling up the DagBag from /home/airflow/.local/lib/python3.7/site-packages/airflow/example_dags/example_sensors.py
[2024-06-24T15:25:46.503+0000] {processor.py:809} INFO - DAG(s) dict_keys(['example_sensors']) retrieved from /home/airflow/.local/lib/python3.7/site-packages/airflow/example_dags/example_sensors.py
[2024-06-24T15:25:46.515+0000] {logging_mixin.py:149} INFO - [2024-06-24T15:25:46.515+0000] {dag.py:2726} INFO - Sync 1 DAGs
[2024-06-24T15:25:46.528+0000] {logging_mixin.py:149} INFO - [2024-06-24T15:25:46.527+0000] {dag.py:3490} INFO - Setting next_dagrun for example_sensors to None, run_after=None
[2024-06-24T15:25:46.535+0000] {processor.py:178} INFO - Processing /home/airflow/.local/lib/python3.7/site-packages/airflow/example_dags/example_sensors.py took 0.038 seconds
[2024-06-24T15:26:17.076+0000] {processor.py:156} INFO - Started process (PID=2575) to work on /home/airflow/.local/lib/python3.7/site-packages/airflow/example_dags/example_sensors.py
[2024-06-24T15:26:17.076+0000] {processor.py:799} INFO - Processing file /home/airflow/.local/lib/python3.7/site-packages/airflow/example_dags/example_sensors.py for tasks to queue
[2024-06-24T15:26:17.076+0000] {logging_mixin.py:149} INFO - [2024-06-24T15:26:17.076+0000] {dagbag.py:541} INFO - Filling up the DagBag from /home/airflow/.local/lib/python3.7/site-packages/airflow/example_dags/example_sensors.py
[2024-06-24T15:26:17.081+0000] {processor.py:809} INFO - DAG(s) dict_keys(['example_sensors']) retrieved from /home/airflow/.local/lib/python3.7/site-packages/airflow/example_dags/example_sensors.py
[2024-06-24T15:26:17.093+0000] {logging_mixin.py:149} INFO - [2024-06-24T15:26:17.093+0000] {dag.py:2726} INFO - Sync 1 DAGs
[2024-06-24T15:26:17.103+0000] {logging_mixin.py:149} INFO - [2024-06-24T15:26:17.103+0000] {dag.py:3490} INFO - Setting next_dagrun for example_sensors to None, run_after=None
[2024-06-24T15:26:17.111+0000] {processor.py:178} INFO - Processing /home/airflow/.local/lib/python3.7/site-packages/airflow/example_dags/example_sensors.py took 0.037 seconds
[2024-06-24T15:26:47.820+0000] {processor.py:156} INFO - Started process (PID=2644) to work on /home/airflow/.local/lib/python3.7/site-packages/airflow/example_dags/example_sensors.py
[2024-06-24T15:26:47.821+0000] {processor.py:799} INFO - Processing file /home/airflow/.local/lib/python3.7/site-packages/airflow/example_dags/example_sensors.py for tasks to queue
[2024-06-24T15:26:47.821+0000] {logging_mixin.py:149} INFO - [2024-06-24T15:26:47.821+0000] {dagbag.py:541} INFO - Filling up the DagBag from /home/airflow/.local/lib/python3.7/site-packages/airflow/example_dags/example_sensors.py
[2024-06-24T15:26:47.827+0000] {processor.py:809} INFO - DAG(s) dict_keys(['example_sensors']) retrieved from /home/airflow/.local/lib/python3.7/site-packages/airflow/example_dags/example_sensors.py
[2024-06-24T15:26:47.842+0000] {logging_mixin.py:149} INFO - [2024-06-24T15:26:47.842+0000] {dag.py:2726} INFO - Sync 1 DAGs
[2024-06-24T15:26:47.855+0000] {logging_mixin.py:149} INFO - [2024-06-24T15:26:47.855+0000] {dag.py:3490} INFO - Setting next_dagrun for example_sensors to None, run_after=None
[2024-06-24T15:26:47.866+0000] {processor.py:178} INFO - Processing /home/airflow/.local/lib/python3.7/site-packages/airflow/example_dags/example_sensors.py took 0.047 seconds
[2024-06-24T15:27:18.678+0000] {processor.py:156} INFO - Started process (PID=2713) to work on /home/airflow/.local/lib/python3.7/site-packages/airflow/example_dags/example_sensors.py
[2024-06-24T15:27:18.678+0000] {processor.py:799} INFO - Processing file /home/airflow/.local/lib/python3.7/site-packages/airflow/example_dags/example_sensors.py for tasks to queue
[2024-06-24T15:27:18.678+0000] {logging_mixin.py:149} INFO - [2024-06-24T15:27:18.678+0000] {dagbag.py:541} INFO - Filling up the DagBag from /home/airflow/.local/lib/python3.7/site-packages/airflow/example_dags/example_sensors.py
[2024-06-24T15:27:18.682+0000] {processor.py:809} INFO - DAG(s) dict_keys(['example_sensors']) retrieved from /home/airflow/.local/lib/python3.7/site-packages/airflow/example_dags/example_sensors.py
[2024-06-24T15:27:18.694+0000] {logging_mixin.py:149} INFO - [2024-06-24T15:27:18.694+0000] {dag.py:2726} INFO - Sync 1 DAGs
[2024-06-24T15:27:18.705+0000] {logging_mixin.py:149} INFO - [2024-06-24T15:27:18.704+0000] {dag.py:3490} INFO - Setting next_dagrun for example_sensors to None, run_after=None
[2024-06-24T15:27:18.712+0000] {processor.py:178} INFO - Processing /home/airflow/.local/lib/python3.7/site-packages/airflow/example_dags/example_sensors.py took 0.036 seconds
[2024-06-24T15:27:49.511+0000] {processor.py:156} INFO - Started process (PID=2782) to work on /home/airflow/.local/lib/python3.7/site-packages/airflow/example_dags/example_sensors.py
[2024-06-24T15:27:49.511+0000] {processor.py:799} INFO - Processing file /home/airflow/.local/lib/python3.7/site-packages/airflow/example_dags/example_sensors.py for tasks to queue
[2024-06-24T15:27:49.511+0000] {logging_mixin.py:149} INFO - [2024-06-24T15:27:49.511+0000] {dagbag.py:541} INFO - Filling up the DagBag from /home/airflow/.local/lib/python3.7/site-packages/airflow/example_dags/example_sensors.py
[2024-06-24T15:27:49.516+0000] {processor.py:809} INFO - DAG(s) dict_keys(['example_sensors']) retrieved from /home/airflow/.local/lib/python3.7/site-packages/airflow/example_dags/example_sensors.py
[2024-06-24T15:27:49.528+0000] {logging_mixin.py:149} INFO - [2024-06-24T15:27:49.528+0000] {dag.py:2726} INFO - Sync 1 DAGs
[2024-06-24T15:27:49.538+0000] {logging_mixin.py:149} INFO - [2024-06-24T15:27:49.538+0000] {dag.py:3490} INFO - Setting next_dagrun for example_sensors to None, run_after=None
[2024-06-24T15:27:49.546+0000] {processor.py:178} INFO - Processing /home/airflow/.local/lib/python3.7/site-packages/airflow/example_dags/example_sensors.py took 0.037 seconds
[2024-06-24T15:28:20.405+0000] {processor.py:156} INFO - Started process (PID=2851) to work on /home/airflow/.local/lib/python3.7/site-packages/airflow/example_dags/example_sensors.py
[2024-06-24T15:28:20.405+0000] {processor.py:799} INFO - Processing file /home/airflow/.local/lib/python3.7/site-packages/airflow/example_dags/example_sensors.py for tasks to queue
[2024-06-24T15:28:20.406+0000] {logging_mixin.py:149} INFO - [2024-06-24T15:28:20.406+0000] {dagbag.py:541} INFO - Filling up the DagBag from /home/airflow/.local/lib/python3.7/site-packages/airflow/example_dags/example_sensors.py
[2024-06-24T15:28:20.410+0000] {processor.py:809} INFO - DAG(s) dict_keys(['example_sensors']) retrieved from /home/airflow/.local/lib/python3.7/site-packages/airflow/example_dags/example_sensors.py
[2024-06-24T15:28:20.422+0000] {logging_mixin.py:149} INFO - [2024-06-24T15:28:20.422+0000] {dag.py:2726} INFO - Sync 1 DAGs
[2024-06-24T15:28:20.433+0000] {logging_mixin.py:149} INFO - [2024-06-24T15:28:20.433+0000] {dag.py:3490} INFO - Setting next_dagrun for example_sensors to None, run_after=None
[2024-06-24T15:28:20.440+0000] {processor.py:178} INFO - Processing /home/airflow/.local/lib/python3.7/site-packages/airflow/example_dags/example_sensors.py took 0.036 seconds
[2024-06-24T15:28:51.271+0000] {processor.py:156} INFO - Started process (PID=2920) to work on /home/airflow/.local/lib/python3.7/site-packages/airflow/example_dags/example_sensors.py
[2024-06-24T15:28:51.271+0000] {processor.py:799} INFO - Processing file /home/airflow/.local/lib/python3.7/site-packages/airflow/example_dags/example_sensors.py for tasks to queue
[2024-06-24T15:28:51.272+0000] {logging_mixin.py:149} INFO - [2024-06-24T15:28:51.272+0000] {dagbag.py:541} INFO - Filling up the DagBag from /home/airflow/.local/lib/python3.7/site-packages/airflow/example_dags/example_sensors.py
[2024-06-24T15:28:51.276+0000] {processor.py:809} INFO - DAG(s) dict_keys(['example_sensors']) retrieved from /home/airflow/.local/lib/python3.7/site-packages/airflow/example_dags/example_sensors.py
[2024-06-24T15:28:51.288+0000] {logging_mixin.py:149} INFO - [2024-06-24T15:28:51.288+0000] {dag.py:2726} INFO - Sync 1 DAGs
[2024-06-24T15:28:51.298+0000] {logging_mixin.py:149} INFO - [2024-06-24T15:28:51.298+0000] {dag.py:3490} INFO - Setting next_dagrun for example_sensors to None, run_after=None
[2024-06-24T15:28:51.306+0000] {processor.py:178} INFO - Processing /home/airflow/.local/lib/python3.7/site-packages/airflow/example_dags/example_sensors.py took 0.036 seconds
[2024-06-24T15:29:21.939+0000] {processor.py:156} INFO - Started process (PID=2988) to work on /home/airflow/.local/lib/python3.7/site-packages/airflow/example_dags/example_sensors.py
[2024-06-24T15:29:21.939+0000] {processor.py:799} INFO - Processing file /home/airflow/.local/lib/python3.7/site-packages/airflow/example_dags/example_sensors.py for tasks to queue
[2024-06-24T15:29:21.940+0000] {logging_mixin.py:149} INFO - [2024-06-24T15:29:21.940+0000] {dagbag.py:541} INFO - Filling up the DagBag from /home/airflow/.local/lib/python3.7/site-packages/airflow/example_dags/example_sensors.py
[2024-06-24T15:29:21.944+0000] {processor.py:809} INFO - DAG(s) dict_keys(['example_sensors']) retrieved from /home/airflow/.local/lib/python3.7/site-packages/airflow/example_dags/example_sensors.py
[2024-06-24T15:29:21.956+0000] {logging_mixin.py:149} INFO - [2024-06-24T15:29:21.956+0000] {dag.py:2726} INFO - Sync 1 DAGs
[2024-06-24T15:29:21.967+0000] {logging_mixin.py:149} INFO - [2024-06-24T15:29:21.967+0000] {dag.py:3490} INFO - Setting next_dagrun for example_sensors to None, run_after=None
[2024-06-24T15:29:21.975+0000] {processor.py:178} INFO - Processing /home/airflow/.local/lib/python3.7/site-packages/airflow/example_dags/example_sensors.py took 0.037 seconds
[2024-06-24T15:29:52.642+0000] {processor.py:156} INFO - Started process (PID=3057) to work on /home/airflow/.local/lib/python3.7/site-packages/airflow/example_dags/example_sensors.py
[2024-06-24T15:29:52.643+0000] {processor.py:799} INFO - Processing file /home/airflow/.local/lib/python3.7/site-packages/airflow/example_dags/example_sensors.py for tasks to queue
[2024-06-24T15:29:52.643+0000] {logging_mixin.py:149} INFO - [2024-06-24T15:29:52.643+0000] {dagbag.py:541} INFO - Filling up the DagBag from /home/airflow/.local/lib/python3.7/site-packages/airflow/example_dags/example_sensors.py
[2024-06-24T15:29:52.648+0000] {processor.py:809} INFO - DAG(s) dict_keys(['example_sensors']) retrieved from /home/airflow/.local/lib/python3.7/site-packages/airflow/example_dags/example_sensors.py
[2024-06-24T15:29:52.660+0000] {logging_mixin.py:149} INFO - [2024-06-24T15:29:52.660+0000] {dag.py:2726} INFO - Sync 1 DAGs
[2024-06-24T15:29:52.670+0000] {logging_mixin.py:149} INFO - [2024-06-24T15:29:52.670+0000] {dag.py:3490} INFO - Setting next_dagrun for example_sensors to None, run_after=None
[2024-06-24T15:29:52.677+0000] {processor.py:178} INFO - Processing /home/airflow/.local/lib/python3.7/site-packages/airflow/example_dags/example_sensors.py took 0.037 seconds
[2024-06-24T15:30:23.261+0000] {processor.py:156} INFO - Started process (PID=3125) to work on /home/airflow/.local/lib/python3.7/site-packages/airflow/example_dags/example_sensors.py
[2024-06-24T15:30:23.261+0000] {processor.py:799} INFO - Processing file /home/airflow/.local/lib/python3.7/site-packages/airflow/example_dags/example_sensors.py for tasks to queue
[2024-06-24T15:30:23.261+0000] {logging_mixin.py:149} INFO - [2024-06-24T15:30:23.261+0000] {dagbag.py:541} INFO - Filling up the DagBag from /home/airflow/.local/lib/python3.7/site-packages/airflow/example_dags/example_sensors.py
[2024-06-24T15:30:23.265+0000] {processor.py:809} INFO - DAG(s) dict_keys(['example_sensors']) retrieved from /home/airflow/.local/lib/python3.7/site-packages/airflow/example_dags/example_sensors.py
[2024-06-24T15:30:23.278+0000] {logging_mixin.py:149} INFO - [2024-06-24T15:30:23.278+0000] {dag.py:2726} INFO - Sync 1 DAGs
[2024-06-24T15:30:23.288+0000] {logging_mixin.py:149} INFO - [2024-06-24T15:30:23.288+0000] {dag.py:3490} INFO - Setting next_dagrun for example_sensors to None, run_after=None
[2024-06-24T15:30:23.295+0000] {processor.py:178} INFO - Processing /home/airflow/.local/lib/python3.7/site-packages/airflow/example_dags/example_sensors.py took 0.036 seconds
