[2024-06-24T15:03:50.431+0000] {processor.py:156} INFO - Started process (PID=66) to work on /home/airflow/.local/lib/python3.7/site-packages/airflow/example_dags/example_bash_operator.py
[2024-06-24T15:03:50.431+0000] {processor.py:799} INFO - Processing file /home/airflow/.local/lib/python3.7/site-packages/airflow/example_dags/example_bash_operator.py for tasks to queue
[2024-06-24T15:03:50.432+0000] {logging_mixin.py:149} INFO - [2024-06-24T15:03:50.432+0000] {dagbag.py:541} INFO - Filling up the DagBag from /home/airflow/.local/lib/python3.7/site-packages/airflow/example_dags/example_bash_operator.py
[2024-06-24T15:03:50.445+0000] {processor.py:809} INFO - DAG(s) dict_keys(['example_bash_operator']) retrieved from /home/airflow/.local/lib/python3.7/site-packages/airflow/example_dags/example_bash_operator.py
[2024-06-24T15:03:50.521+0000] {logging_mixin.py:149} INFO - [2024-06-24T15:03:50.521+0000] {manager.py:504} INFO - Created Permission View: can delete on DAG:example_bash_operator
[2024-06-24T15:03:50.532+0000] {logging_mixin.py:149} INFO - [2024-06-24T15:03:50.532+0000] {manager.py:504} INFO - Created Permission View: can edit on DAG:example_bash_operator
[2024-06-24T15:03:50.539+0000] {logging_mixin.py:149} INFO - [2024-06-24T15:03:50.538+0000] {manager.py:504} INFO - Created Permission View: can read on DAG:example_bash_operator
[2024-06-24T15:03:50.539+0000] {logging_mixin.py:149} INFO - [2024-06-24T15:03:50.539+0000] {dag.py:2726} INFO - Sync 1 DAGs
[2024-06-24T15:03:50.552+0000] {logging_mixin.py:149} INFO - [2024-06-24T15:03:50.552+0000] {dag.py:2747} INFO - Creating ORM DAG for example_bash_operator
[2024-06-24T15:03:50.564+0000] {logging_mixin.py:149} INFO - [2024-06-24T15:03:50.564+0000] {dag.py:3490} INFO - Setting next_dagrun for example_bash_operator to 2024-06-23T00:00:00+00:00, run_after=2024-06-24T00:00:00+00:00
[2024-06-24T15:03:50.577+0000] {processor.py:178} INFO - Processing /home/airflow/.local/lib/python3.7/site-packages/airflow/example_dags/example_bash_operator.py took 0.148 seconds
[2024-06-24T15:04:21.136+0000] {processor.py:156} INFO - Started process (PID=135) to work on /home/airflow/.local/lib/python3.7/site-packages/airflow/example_dags/example_bash_operator.py
[2024-06-24T15:04:21.136+0000] {processor.py:799} INFO - Processing file /home/airflow/.local/lib/python3.7/site-packages/airflow/example_dags/example_bash_operator.py for tasks to queue
[2024-06-24T15:04:21.137+0000] {logging_mixin.py:149} INFO - [2024-06-24T15:04:21.137+0000] {dagbag.py:541} INFO - Filling up the DagBag from /home/airflow/.local/lib/python3.7/site-packages/airflow/example_dags/example_bash_operator.py
[2024-06-24T15:04:21.142+0000] {processor.py:809} INFO - DAG(s) dict_keys(['example_bash_operator']) retrieved from /home/airflow/.local/lib/python3.7/site-packages/airflow/example_dags/example_bash_operator.py
[2024-06-24T15:04:21.159+0000] {logging_mixin.py:149} INFO - [2024-06-24T15:04:21.158+0000] {dag.py:2726} INFO - Sync 1 DAGs
[2024-06-24T15:04:21.171+0000] {logging_mixin.py:149} INFO - [2024-06-24T15:04:21.171+0000] {dag.py:3490} INFO - Setting next_dagrun for example_bash_operator to 2024-06-23T00:00:00+00:00, run_after=2024-06-24T00:00:00+00:00
[2024-06-24T15:04:21.179+0000] {processor.py:178} INFO - Processing /home/airflow/.local/lib/python3.7/site-packages/airflow/example_dags/example_bash_operator.py took 0.045 seconds
[2024-06-24T15:04:51.776+0000] {processor.py:156} INFO - Started process (PID=203) to work on /home/airflow/.local/lib/python3.7/site-packages/airflow/example_dags/example_bash_operator.py
[2024-06-24T15:04:51.776+0000] {processor.py:799} INFO - Processing file /home/airflow/.local/lib/python3.7/site-packages/airflow/example_dags/example_bash_operator.py for tasks to queue
[2024-06-24T15:04:51.776+0000] {logging_mixin.py:149} INFO - [2024-06-24T15:04:51.776+0000] {dagbag.py:541} INFO - Filling up the DagBag from /home/airflow/.local/lib/python3.7/site-packages/airflow/example_dags/example_bash_operator.py
[2024-06-24T15:04:51.782+0000] {processor.py:809} INFO - DAG(s) dict_keys(['example_bash_operator']) retrieved from /home/airflow/.local/lib/python3.7/site-packages/airflow/example_dags/example_bash_operator.py
[2024-06-24T15:04:51.796+0000] {logging_mixin.py:149} INFO - [2024-06-24T15:04:51.796+0000] {dag.py:2726} INFO - Sync 1 DAGs
[2024-06-24T15:04:51.807+0000] {logging_mixin.py:149} INFO - [2024-06-24T15:04:51.807+0000] {dag.py:3490} INFO - Setting next_dagrun for example_bash_operator to 2024-06-23T00:00:00+00:00, run_after=2024-06-24T00:00:00+00:00
[2024-06-24T15:04:51.814+0000] {processor.py:178} INFO - Processing /home/airflow/.local/lib/python3.7/site-packages/airflow/example_dags/example_bash_operator.py took 0.039 seconds
[2024-06-24T15:05:22.328+0000] {processor.py:156} INFO - Started process (PID=272) to work on /home/airflow/.local/lib/python3.7/site-packages/airflow/example_dags/example_bash_operator.py
[2024-06-24T15:05:22.328+0000] {processor.py:799} INFO - Processing file /home/airflow/.local/lib/python3.7/site-packages/airflow/example_dags/example_bash_operator.py for tasks to queue
[2024-06-24T15:05:22.329+0000] {logging_mixin.py:149} INFO - [2024-06-24T15:05:22.329+0000] {dagbag.py:541} INFO - Filling up the DagBag from /home/airflow/.local/lib/python3.7/site-packages/airflow/example_dags/example_bash_operator.py
[2024-06-24T15:05:22.334+0000] {processor.py:809} INFO - DAG(s) dict_keys(['example_bash_operator']) retrieved from /home/airflow/.local/lib/python3.7/site-packages/airflow/example_dags/example_bash_operator.py
[2024-06-24T15:05:22.347+0000] {logging_mixin.py:149} INFO - [2024-06-24T15:05:22.347+0000] {dag.py:2726} INFO - Sync 1 DAGs
[2024-06-24T15:05:22.357+0000] {logging_mixin.py:149} INFO - [2024-06-24T15:05:22.357+0000] {dag.py:3490} INFO - Setting next_dagrun for example_bash_operator to 2024-06-23T00:00:00+00:00, run_after=2024-06-24T00:00:00+00:00
[2024-06-24T15:05:22.363+0000] {processor.py:178} INFO - Processing /home/airflow/.local/lib/python3.7/site-packages/airflow/example_dags/example_bash_operator.py took 0.036 seconds
[2024-06-24T15:05:52.933+0000] {processor.py:156} INFO - Started process (PID=341) to work on /home/airflow/.local/lib/python3.7/site-packages/airflow/example_dags/example_bash_operator.py
[2024-06-24T15:05:52.933+0000] {processor.py:799} INFO - Processing file /home/airflow/.local/lib/python3.7/site-packages/airflow/example_dags/example_bash_operator.py for tasks to queue
[2024-06-24T15:05:52.933+0000] {logging_mixin.py:149} INFO - [2024-06-24T15:05:52.933+0000] {dagbag.py:541} INFO - Filling up the DagBag from /home/airflow/.local/lib/python3.7/site-packages/airflow/example_dags/example_bash_operator.py
[2024-06-24T15:05:52.939+0000] {processor.py:809} INFO - DAG(s) dict_keys(['example_bash_operator']) retrieved from /home/airflow/.local/lib/python3.7/site-packages/airflow/example_dags/example_bash_operator.py
[2024-06-24T15:05:52.953+0000] {logging_mixin.py:149} INFO - [2024-06-24T15:05:52.953+0000] {dag.py:2726} INFO - Sync 1 DAGs
[2024-06-24T15:05:52.963+0000] {logging_mixin.py:149} INFO - [2024-06-24T15:05:52.963+0000] {dag.py:3490} INFO - Setting next_dagrun for example_bash_operator to 2024-06-23T00:00:00+00:00, run_after=2024-06-24T00:00:00+00:00
[2024-06-24T15:05:52.970+0000] {processor.py:178} INFO - Processing /home/airflow/.local/lib/python3.7/site-packages/airflow/example_dags/example_bash_operator.py took 0.039 seconds
[2024-06-24T15:06:23.602+0000] {processor.py:156} INFO - Started process (PID=409) to work on /home/airflow/.local/lib/python3.7/site-packages/airflow/example_dags/example_bash_operator.py
[2024-06-24T15:06:23.602+0000] {processor.py:799} INFO - Processing file /home/airflow/.local/lib/python3.7/site-packages/airflow/example_dags/example_bash_operator.py for tasks to queue
[2024-06-24T15:06:23.602+0000] {logging_mixin.py:149} INFO - [2024-06-24T15:06:23.602+0000] {dagbag.py:541} INFO - Filling up the DagBag from /home/airflow/.local/lib/python3.7/site-packages/airflow/example_dags/example_bash_operator.py
[2024-06-24T15:06:23.608+0000] {processor.py:809} INFO - DAG(s) dict_keys(['example_bash_operator']) retrieved from /home/airflow/.local/lib/python3.7/site-packages/airflow/example_dags/example_bash_operator.py
[2024-06-24T15:06:23.622+0000] {logging_mixin.py:149} INFO - [2024-06-24T15:06:23.622+0000] {dag.py:2726} INFO - Sync 1 DAGs
[2024-06-24T15:06:23.633+0000] {logging_mixin.py:149} INFO - [2024-06-24T15:06:23.633+0000] {dag.py:3490} INFO - Setting next_dagrun for example_bash_operator to 2024-06-23T00:00:00+00:00, run_after=2024-06-24T00:00:00+00:00
[2024-06-24T15:06:23.640+0000] {processor.py:178} INFO - Processing /home/airflow/.local/lib/python3.7/site-packages/airflow/example_dags/example_bash_operator.py took 0.040 seconds
[2024-06-24T15:06:54.249+0000] {processor.py:156} INFO - Started process (PID=478) to work on /home/airflow/.local/lib/python3.7/site-packages/airflow/example_dags/example_bash_operator.py
[2024-06-24T15:06:54.249+0000] {processor.py:799} INFO - Processing file /home/airflow/.local/lib/python3.7/site-packages/airflow/example_dags/example_bash_operator.py for tasks to queue
[2024-06-24T15:06:54.250+0000] {logging_mixin.py:149} INFO - [2024-06-24T15:06:54.250+0000] {dagbag.py:541} INFO - Filling up the DagBag from /home/airflow/.local/lib/python3.7/site-packages/airflow/example_dags/example_bash_operator.py
[2024-06-24T15:06:54.255+0000] {processor.py:809} INFO - DAG(s) dict_keys(['example_bash_operator']) retrieved from /home/airflow/.local/lib/python3.7/site-packages/airflow/example_dags/example_bash_operator.py
[2024-06-24T15:06:54.270+0000] {logging_mixin.py:149} INFO - [2024-06-24T15:06:54.270+0000] {dag.py:2726} INFO - Sync 1 DAGs
[2024-06-24T15:06:54.280+0000] {logging_mixin.py:149} INFO - [2024-06-24T15:06:54.280+0000] {dag.py:3490} INFO - Setting next_dagrun for example_bash_operator to 2024-06-23T00:00:00+00:00, run_after=2024-06-24T00:00:00+00:00
[2024-06-24T15:06:54.287+0000] {processor.py:178} INFO - Processing /home/airflow/.local/lib/python3.7/site-packages/airflow/example_dags/example_bash_operator.py took 0.039 seconds
[2024-06-24T15:07:53.720+0000] {processor.py:156} INFO - Started process (PID=66) to work on /home/airflow/.local/lib/python3.7/site-packages/airflow/example_dags/example_bash_operator.py
[2024-06-24T15:07:53.720+0000] {processor.py:799} INFO - Processing file /home/airflow/.local/lib/python3.7/site-packages/airflow/example_dags/example_bash_operator.py for tasks to queue
[2024-06-24T15:07:53.721+0000] {logging_mixin.py:149} INFO - [2024-06-24T15:07:53.721+0000] {dagbag.py:541} INFO - Filling up the DagBag from /home/airflow/.local/lib/python3.7/site-packages/airflow/example_dags/example_bash_operator.py
[2024-06-24T15:07:53.731+0000] {processor.py:809} INFO - DAG(s) dict_keys(['example_bash_operator']) retrieved from /home/airflow/.local/lib/python3.7/site-packages/airflow/example_dags/example_bash_operator.py
[2024-06-24T15:07:53.738+0000] {logging_mixin.py:149} INFO - [2024-06-24T15:07:53.738+0000] {dag.py:2726} INFO - Sync 1 DAGs
[2024-06-24T15:07:53.751+0000] {logging_mixin.py:149} INFO - [2024-06-24T15:07:53.751+0000] {dag.py:3490} INFO - Setting next_dagrun for example_bash_operator to 2024-06-23T00:00:00+00:00, run_after=2024-06-24T00:00:00+00:00
[2024-06-24T15:07:53.761+0000] {processor.py:178} INFO - Processing /home/airflow/.local/lib/python3.7/site-packages/airflow/example_dags/example_bash_operator.py took 0.043 seconds
[2024-06-24T15:08:24.123+0000] {processor.py:156} INFO - Started process (PID=139) to work on /home/airflow/.local/lib/python3.7/site-packages/airflow/example_dags/example_bash_operator.py
[2024-06-24T15:08:24.124+0000] {processor.py:799} INFO - Processing file /home/airflow/.local/lib/python3.7/site-packages/airflow/example_dags/example_bash_operator.py for tasks to queue
[2024-06-24T15:08:24.124+0000] {logging_mixin.py:149} INFO - [2024-06-24T15:08:24.124+0000] {dagbag.py:541} INFO - Filling up the DagBag from /home/airflow/.local/lib/python3.7/site-packages/airflow/example_dags/example_bash_operator.py
[2024-06-24T15:08:24.129+0000] {processor.py:809} INFO - DAG(s) dict_keys(['example_bash_operator']) retrieved from /home/airflow/.local/lib/python3.7/site-packages/airflow/example_dags/example_bash_operator.py
[2024-06-24T15:08:24.144+0000] {logging_mixin.py:149} INFO - [2024-06-24T15:08:24.144+0000] {dag.py:2726} INFO - Sync 1 DAGs
[2024-06-24T15:08:24.154+0000] {logging_mixin.py:149} INFO - [2024-06-24T15:08:24.154+0000] {dag.py:3490} INFO - Setting next_dagrun for example_bash_operator to 2024-06-23T00:00:00+00:00, run_after=2024-06-24T00:00:00+00:00
[2024-06-24T15:08:24.160+0000] {processor.py:178} INFO - Processing /home/airflow/.local/lib/python3.7/site-packages/airflow/example_dags/example_bash_operator.py took 0.038 seconds
[2024-06-24T15:08:54.715+0000] {processor.py:156} INFO - Started process (PID=208) to work on /home/airflow/.local/lib/python3.7/site-packages/airflow/example_dags/example_bash_operator.py
[2024-06-24T15:08:54.715+0000] {processor.py:799} INFO - Processing file /home/airflow/.local/lib/python3.7/site-packages/airflow/example_dags/example_bash_operator.py for tasks to queue
[2024-06-24T15:08:54.715+0000] {logging_mixin.py:149} INFO - [2024-06-24T15:08:54.715+0000] {dagbag.py:541} INFO - Filling up the DagBag from /home/airflow/.local/lib/python3.7/site-packages/airflow/example_dags/example_bash_operator.py
[2024-06-24T15:08:54.721+0000] {processor.py:809} INFO - DAG(s) dict_keys(['example_bash_operator']) retrieved from /home/airflow/.local/lib/python3.7/site-packages/airflow/example_dags/example_bash_operator.py
[2024-06-24T15:08:54.735+0000] {logging_mixin.py:149} INFO - [2024-06-24T15:08:54.735+0000] {dag.py:2726} INFO - Sync 1 DAGs
[2024-06-24T15:08:54.745+0000] {logging_mixin.py:149} INFO - [2024-06-24T15:08:54.745+0000] {dag.py:3490} INFO - Setting next_dagrun for example_bash_operator to 2024-06-23T00:00:00+00:00, run_after=2024-06-24T00:00:00+00:00
[2024-06-24T15:08:54.751+0000] {processor.py:178} INFO - Processing /home/airflow/.local/lib/python3.7/site-packages/airflow/example_dags/example_bash_operator.py took 0.038 seconds
[2024-06-24T15:09:25.458+0000] {processor.py:156} INFO - Started process (PID=277) to work on /home/airflow/.local/lib/python3.7/site-packages/airflow/example_dags/example_bash_operator.py
[2024-06-24T15:09:25.458+0000] {processor.py:799} INFO - Processing file /home/airflow/.local/lib/python3.7/site-packages/airflow/example_dags/example_bash_operator.py for tasks to queue
[2024-06-24T15:09:25.458+0000] {logging_mixin.py:149} INFO - [2024-06-24T15:09:25.458+0000] {dagbag.py:541} INFO - Filling up the DagBag from /home/airflow/.local/lib/python3.7/site-packages/airflow/example_dags/example_bash_operator.py
[2024-06-24T15:09:25.464+0000] {processor.py:809} INFO - DAG(s) dict_keys(['example_bash_operator']) retrieved from /home/airflow/.local/lib/python3.7/site-packages/airflow/example_dags/example_bash_operator.py
[2024-06-24T15:09:25.480+0000] {logging_mixin.py:149} INFO - [2024-06-24T15:09:25.480+0000] {dag.py:2726} INFO - Sync 1 DAGs
[2024-06-24T15:09:25.490+0000] {logging_mixin.py:149} INFO - [2024-06-24T15:09:25.490+0000] {dag.py:3490} INFO - Setting next_dagrun for example_bash_operator to 2024-06-23T00:00:00+00:00, run_after=2024-06-24T00:00:00+00:00
[2024-06-24T15:09:25.497+0000] {processor.py:178} INFO - Processing /home/airflow/.local/lib/python3.7/site-packages/airflow/example_dags/example_bash_operator.py took 0.041 seconds
[2024-06-24T15:09:56.046+0000] {processor.py:156} INFO - Started process (PID=346) to work on /home/airflow/.local/lib/python3.7/site-packages/airflow/example_dags/example_bash_operator.py
[2024-06-24T15:09:56.046+0000] {processor.py:799} INFO - Processing file /home/airflow/.local/lib/python3.7/site-packages/airflow/example_dags/example_bash_operator.py for tasks to queue
[2024-06-24T15:09:56.046+0000] {logging_mixin.py:149} INFO - [2024-06-24T15:09:56.046+0000] {dagbag.py:541} INFO - Filling up the DagBag from /home/airflow/.local/lib/python3.7/site-packages/airflow/example_dags/example_bash_operator.py
[2024-06-24T15:09:56.052+0000] {processor.py:809} INFO - DAG(s) dict_keys(['example_bash_operator']) retrieved from /home/airflow/.local/lib/python3.7/site-packages/airflow/example_dags/example_bash_operator.py
[2024-06-24T15:09:56.066+0000] {logging_mixin.py:149} INFO - [2024-06-24T15:09:56.066+0000] {dag.py:2726} INFO - Sync 1 DAGs
[2024-06-24T15:09:56.078+0000] {logging_mixin.py:149} INFO - [2024-06-24T15:09:56.077+0000] {dag.py:3490} INFO - Setting next_dagrun for example_bash_operator to 2024-06-23T00:00:00+00:00, run_after=2024-06-24T00:00:00+00:00
[2024-06-24T15:09:56.085+0000] {processor.py:178} INFO - Processing /home/airflow/.local/lib/python3.7/site-packages/airflow/example_dags/example_bash_operator.py took 0.040 seconds
[2024-06-24T15:10:26.734+0000] {processor.py:156} INFO - Started process (PID=415) to work on /home/airflow/.local/lib/python3.7/site-packages/airflow/example_dags/example_bash_operator.py
[2024-06-24T15:10:26.735+0000] {processor.py:799} INFO - Processing file /home/airflow/.local/lib/python3.7/site-packages/airflow/example_dags/example_bash_operator.py for tasks to queue
[2024-06-24T15:10:26.735+0000] {logging_mixin.py:149} INFO - [2024-06-24T15:10:26.735+0000] {dagbag.py:541} INFO - Filling up the DagBag from /home/airflow/.local/lib/python3.7/site-packages/airflow/example_dags/example_bash_operator.py
[2024-06-24T15:10:26.741+0000] {processor.py:809} INFO - DAG(s) dict_keys(['example_bash_operator']) retrieved from /home/airflow/.local/lib/python3.7/site-packages/airflow/example_dags/example_bash_operator.py
[2024-06-24T15:10:26.756+0000] {logging_mixin.py:149} INFO - [2024-06-24T15:10:26.756+0000] {dag.py:2726} INFO - Sync 1 DAGs
[2024-06-24T15:10:26.768+0000] {logging_mixin.py:149} INFO - [2024-06-24T15:10:26.768+0000] {dag.py:3490} INFO - Setting next_dagrun for example_bash_operator to 2024-06-23T00:00:00+00:00, run_after=2024-06-24T00:00:00+00:00
[2024-06-24T15:10:26.775+0000] {processor.py:178} INFO - Processing /home/airflow/.local/lib/python3.7/site-packages/airflow/example_dags/example_bash_operator.py took 0.042 seconds
[2024-06-24T15:10:57.474+0000] {processor.py:156} INFO - Started process (PID=484) to work on /home/airflow/.local/lib/python3.7/site-packages/airflow/example_dags/example_bash_operator.py
[2024-06-24T15:10:57.474+0000] {processor.py:799} INFO - Processing file /home/airflow/.local/lib/python3.7/site-packages/airflow/example_dags/example_bash_operator.py for tasks to queue
[2024-06-24T15:10:57.474+0000] {logging_mixin.py:149} INFO - [2024-06-24T15:10:57.474+0000] {dagbag.py:541} INFO - Filling up the DagBag from /home/airflow/.local/lib/python3.7/site-packages/airflow/example_dags/example_bash_operator.py
[2024-06-24T15:10:57.480+0000] {processor.py:809} INFO - DAG(s) dict_keys(['example_bash_operator']) retrieved from /home/airflow/.local/lib/python3.7/site-packages/airflow/example_dags/example_bash_operator.py
[2024-06-24T15:10:57.496+0000] {logging_mixin.py:149} INFO - [2024-06-24T15:10:57.496+0000] {dag.py:2726} INFO - Sync 1 DAGs
[2024-06-24T15:10:57.507+0000] {logging_mixin.py:149} INFO - [2024-06-24T15:10:57.507+0000] {dag.py:3490} INFO - Setting next_dagrun for example_bash_operator to 2024-06-23T00:00:00+00:00, run_after=2024-06-24T00:00:00+00:00
[2024-06-24T15:10:57.517+0000] {processor.py:178} INFO - Processing /home/airflow/.local/lib/python3.7/site-packages/airflow/example_dags/example_bash_operator.py took 0.044 seconds
[2024-06-24T15:11:28.192+0000] {processor.py:156} INFO - Started process (PID=553) to work on /home/airflow/.local/lib/python3.7/site-packages/airflow/example_dags/example_bash_operator.py
[2024-06-24T15:11:28.192+0000] {processor.py:799} INFO - Processing file /home/airflow/.local/lib/python3.7/site-packages/airflow/example_dags/example_bash_operator.py for tasks to queue
[2024-06-24T15:11:28.192+0000] {logging_mixin.py:149} INFO - [2024-06-24T15:11:28.192+0000] {dagbag.py:541} INFO - Filling up the DagBag from /home/airflow/.local/lib/python3.7/site-packages/airflow/example_dags/example_bash_operator.py
[2024-06-24T15:11:28.198+0000] {processor.py:809} INFO - DAG(s) dict_keys(['example_bash_operator']) retrieved from /home/airflow/.local/lib/python3.7/site-packages/airflow/example_dags/example_bash_operator.py
[2024-06-24T15:11:28.213+0000] {logging_mixin.py:149} INFO - [2024-06-24T15:11:28.213+0000] {dag.py:2726} INFO - Sync 1 DAGs
[2024-06-24T15:11:28.224+0000] {logging_mixin.py:149} INFO - [2024-06-24T15:11:28.224+0000] {dag.py:3490} INFO - Setting next_dagrun for example_bash_operator to 2024-06-23T00:00:00+00:00, run_after=2024-06-24T00:00:00+00:00
[2024-06-24T15:11:28.231+0000] {processor.py:178} INFO - Processing /home/airflow/.local/lib/python3.7/site-packages/airflow/example_dags/example_bash_operator.py took 0.040 seconds
[2024-06-24T15:11:59.021+0000] {processor.py:156} INFO - Started process (PID=622) to work on /home/airflow/.local/lib/python3.7/site-packages/airflow/example_dags/example_bash_operator.py
[2024-06-24T15:11:59.022+0000] {processor.py:799} INFO - Processing file /home/airflow/.local/lib/python3.7/site-packages/airflow/example_dags/example_bash_operator.py for tasks to queue
[2024-06-24T15:11:59.022+0000] {logging_mixin.py:149} INFO - [2024-06-24T15:11:59.022+0000] {dagbag.py:541} INFO - Filling up the DagBag from /home/airflow/.local/lib/python3.7/site-packages/airflow/example_dags/example_bash_operator.py
[2024-06-24T15:11:59.028+0000] {processor.py:809} INFO - DAG(s) dict_keys(['example_bash_operator']) retrieved from /home/airflow/.local/lib/python3.7/site-packages/airflow/example_dags/example_bash_operator.py
[2024-06-24T15:11:59.042+0000] {logging_mixin.py:149} INFO - [2024-06-24T15:11:59.042+0000] {dag.py:2726} INFO - Sync 1 DAGs
[2024-06-24T15:11:59.053+0000] {logging_mixin.py:149} INFO - [2024-06-24T15:11:59.053+0000] {dag.py:3490} INFO - Setting next_dagrun for example_bash_operator to 2024-06-23T00:00:00+00:00, run_after=2024-06-24T00:00:00+00:00
[2024-06-24T15:11:59.060+0000] {processor.py:178} INFO - Processing /home/airflow/.local/lib/python3.7/site-packages/airflow/example_dags/example_bash_operator.py took 0.040 seconds
[2024-06-24T15:12:29.653+0000] {processor.py:156} INFO - Started process (PID=691) to work on /home/airflow/.local/lib/python3.7/site-packages/airflow/example_dags/example_bash_operator.py
[2024-06-24T15:12:29.654+0000] {processor.py:799} INFO - Processing file /home/airflow/.local/lib/python3.7/site-packages/airflow/example_dags/example_bash_operator.py for tasks to queue
[2024-06-24T15:12:29.654+0000] {logging_mixin.py:149} INFO - [2024-06-24T15:12:29.654+0000] {dagbag.py:541} INFO - Filling up the DagBag from /home/airflow/.local/lib/python3.7/site-packages/airflow/example_dags/example_bash_operator.py
[2024-06-24T15:12:29.660+0000] {processor.py:809} INFO - DAG(s) dict_keys(['example_bash_operator']) retrieved from /home/airflow/.local/lib/python3.7/site-packages/airflow/example_dags/example_bash_operator.py
[2024-06-24T15:12:29.676+0000] {logging_mixin.py:149} INFO - [2024-06-24T15:12:29.675+0000] {dag.py:2726} INFO - Sync 1 DAGs
[2024-06-24T15:12:29.687+0000] {logging_mixin.py:149} INFO - [2024-06-24T15:12:29.687+0000] {dag.py:3490} INFO - Setting next_dagrun for example_bash_operator to 2024-06-23T00:00:00+00:00, run_after=2024-06-24T00:00:00+00:00
[2024-06-24T15:12:29.695+0000] {processor.py:178} INFO - Processing /home/airflow/.local/lib/python3.7/site-packages/airflow/example_dags/example_bash_operator.py took 0.043 seconds
[2024-06-24T15:13:00.314+0000] {processor.py:156} INFO - Started process (PID=760) to work on /home/airflow/.local/lib/python3.7/site-packages/airflow/example_dags/example_bash_operator.py
[2024-06-24T15:13:00.314+0000] {processor.py:799} INFO - Processing file /home/airflow/.local/lib/python3.7/site-packages/airflow/example_dags/example_bash_operator.py for tasks to queue
[2024-06-24T15:13:00.314+0000] {logging_mixin.py:149} INFO - [2024-06-24T15:13:00.314+0000] {dagbag.py:541} INFO - Filling up the DagBag from /home/airflow/.local/lib/python3.7/site-packages/airflow/example_dags/example_bash_operator.py
[2024-06-24T15:13:00.320+0000] {processor.py:809} INFO - DAG(s) dict_keys(['example_bash_operator']) retrieved from /home/airflow/.local/lib/python3.7/site-packages/airflow/example_dags/example_bash_operator.py
[2024-06-24T15:13:00.336+0000] {logging_mixin.py:149} INFO - [2024-06-24T15:13:00.336+0000] {dag.py:2726} INFO - Sync 1 DAGs
[2024-06-24T15:13:00.347+0000] {logging_mixin.py:149} INFO - [2024-06-24T15:13:00.347+0000] {dag.py:3490} INFO - Setting next_dagrun for example_bash_operator to 2024-06-23T00:00:00+00:00, run_after=2024-06-24T00:00:00+00:00
[2024-06-24T15:13:00.355+0000] {processor.py:178} INFO - Processing /home/airflow/.local/lib/python3.7/site-packages/airflow/example_dags/example_bash_operator.py took 0.042 seconds
[2024-06-24T15:13:31.029+0000] {processor.py:156} INFO - Started process (PID=829) to work on /home/airflow/.local/lib/python3.7/site-packages/airflow/example_dags/example_bash_operator.py
[2024-06-24T15:13:31.030+0000] {processor.py:799} INFO - Processing file /home/airflow/.local/lib/python3.7/site-packages/airflow/example_dags/example_bash_operator.py for tasks to queue
[2024-06-24T15:13:31.030+0000] {logging_mixin.py:149} INFO - [2024-06-24T15:13:31.030+0000] {dagbag.py:541} INFO - Filling up the DagBag from /home/airflow/.local/lib/python3.7/site-packages/airflow/example_dags/example_bash_operator.py
[2024-06-24T15:13:31.036+0000] {processor.py:809} INFO - DAG(s) dict_keys(['example_bash_operator']) retrieved from /home/airflow/.local/lib/python3.7/site-packages/airflow/example_dags/example_bash_operator.py
[2024-06-24T15:13:31.050+0000] {logging_mixin.py:149} INFO - [2024-06-24T15:13:31.049+0000] {dag.py:2726} INFO - Sync 1 DAGs
[2024-06-24T15:13:31.060+0000] {logging_mixin.py:149} INFO - [2024-06-24T15:13:31.060+0000] {dag.py:3490} INFO - Setting next_dagrun for example_bash_operator to 2024-06-23T00:00:00+00:00, run_after=2024-06-24T00:00:00+00:00
[2024-06-24T15:13:31.067+0000] {processor.py:178} INFO - Processing /home/airflow/.local/lib/python3.7/site-packages/airflow/example_dags/example_bash_operator.py took 0.039 seconds
[2024-06-24T15:14:01.576+0000] {processor.py:156} INFO - Started process (PID=898) to work on /home/airflow/.local/lib/python3.7/site-packages/airflow/example_dags/example_bash_operator.py
[2024-06-24T15:14:01.576+0000] {processor.py:799} INFO - Processing file /home/airflow/.local/lib/python3.7/site-packages/airflow/example_dags/example_bash_operator.py for tasks to queue
[2024-06-24T15:14:01.576+0000] {logging_mixin.py:149} INFO - [2024-06-24T15:14:01.576+0000] {dagbag.py:541} INFO - Filling up the DagBag from /home/airflow/.local/lib/python3.7/site-packages/airflow/example_dags/example_bash_operator.py
[2024-06-24T15:14:01.582+0000] {processor.py:809} INFO - DAG(s) dict_keys(['example_bash_operator']) retrieved from /home/airflow/.local/lib/python3.7/site-packages/airflow/example_dags/example_bash_operator.py
[2024-06-24T15:14:01.598+0000] {logging_mixin.py:149} INFO - [2024-06-24T15:14:01.598+0000] {dag.py:2726} INFO - Sync 1 DAGs
[2024-06-24T15:14:01.609+0000] {logging_mixin.py:149} INFO - [2024-06-24T15:14:01.609+0000] {dag.py:3490} INFO - Setting next_dagrun for example_bash_operator to 2024-06-23T00:00:00+00:00, run_after=2024-06-24T00:00:00+00:00
[2024-06-24T15:14:01.616+0000] {processor.py:178} INFO - Processing /home/airflow/.local/lib/python3.7/site-packages/airflow/example_dags/example_bash_operator.py took 0.042 seconds
[2024-06-24T15:14:32.052+0000] {processor.py:156} INFO - Started process (PID=967) to work on /home/airflow/.local/lib/python3.7/site-packages/airflow/example_dags/example_bash_operator.py
[2024-06-24T15:14:32.052+0000] {processor.py:799} INFO - Processing file /home/airflow/.local/lib/python3.7/site-packages/airflow/example_dags/example_bash_operator.py for tasks to queue
[2024-06-24T15:14:32.052+0000] {logging_mixin.py:149} INFO - [2024-06-24T15:14:32.052+0000] {dagbag.py:541} INFO - Filling up the DagBag from /home/airflow/.local/lib/python3.7/site-packages/airflow/example_dags/example_bash_operator.py
[2024-06-24T15:14:32.058+0000] {processor.py:809} INFO - DAG(s) dict_keys(['example_bash_operator']) retrieved from /home/airflow/.local/lib/python3.7/site-packages/airflow/example_dags/example_bash_operator.py
[2024-06-24T15:14:32.073+0000] {logging_mixin.py:149} INFO - [2024-06-24T15:14:32.073+0000] {dag.py:2726} INFO - Sync 1 DAGs
[2024-06-24T15:14:32.084+0000] {logging_mixin.py:149} INFO - [2024-06-24T15:14:32.084+0000] {dag.py:3490} INFO - Setting next_dagrun for example_bash_operator to 2024-06-23T00:00:00+00:00, run_after=2024-06-24T00:00:00+00:00
[2024-06-24T15:14:32.091+0000] {processor.py:178} INFO - Processing /home/airflow/.local/lib/python3.7/site-packages/airflow/example_dags/example_bash_operator.py took 0.040 seconds
[2024-06-24T15:15:02.513+0000] {processor.py:156} INFO - Started process (PID=1036) to work on /home/airflow/.local/lib/python3.7/site-packages/airflow/example_dags/example_bash_operator.py
[2024-06-24T15:15:02.513+0000] {processor.py:799} INFO - Processing file /home/airflow/.local/lib/python3.7/site-packages/airflow/example_dags/example_bash_operator.py for tasks to queue
[2024-06-24T15:15:02.513+0000] {logging_mixin.py:149} INFO - [2024-06-24T15:15:02.513+0000] {dagbag.py:541} INFO - Filling up the DagBag from /home/airflow/.local/lib/python3.7/site-packages/airflow/example_dags/example_bash_operator.py
[2024-06-24T15:15:02.519+0000] {processor.py:809} INFO - DAG(s) dict_keys(['example_bash_operator']) retrieved from /home/airflow/.local/lib/python3.7/site-packages/airflow/example_dags/example_bash_operator.py
[2024-06-24T15:15:02.534+0000] {logging_mixin.py:149} INFO - [2024-06-24T15:15:02.534+0000] {dag.py:2726} INFO - Sync 1 DAGs
[2024-06-24T15:15:02.544+0000] {logging_mixin.py:149} INFO - [2024-06-24T15:15:02.544+0000] {dag.py:3490} INFO - Setting next_dagrun for example_bash_operator to 2024-06-23T00:00:00+00:00, run_after=2024-06-24T00:00:00+00:00
[2024-06-24T15:15:02.551+0000] {processor.py:178} INFO - Processing /home/airflow/.local/lib/python3.7/site-packages/airflow/example_dags/example_bash_operator.py took 0.039 seconds
[2024-06-24T15:15:33.222+0000] {processor.py:156} INFO - Started process (PID=1114) to work on /home/airflow/.local/lib/python3.7/site-packages/airflow/example_dags/example_bash_operator.py
[2024-06-24T15:15:33.222+0000] {processor.py:799} INFO - Processing file /home/airflow/.local/lib/python3.7/site-packages/airflow/example_dags/example_bash_operator.py for tasks to queue
[2024-06-24T15:15:33.223+0000] {logging_mixin.py:149} INFO - [2024-06-24T15:15:33.223+0000] {dagbag.py:541} INFO - Filling up the DagBag from /home/airflow/.local/lib/python3.7/site-packages/airflow/example_dags/example_bash_operator.py
[2024-06-24T15:15:33.229+0000] {processor.py:809} INFO - DAG(s) dict_keys(['example_bash_operator']) retrieved from /home/airflow/.local/lib/python3.7/site-packages/airflow/example_dags/example_bash_operator.py
[2024-06-24T15:15:33.243+0000] {logging_mixin.py:149} INFO - [2024-06-24T15:15:33.243+0000] {dag.py:2726} INFO - Sync 1 DAGs
[2024-06-24T15:15:33.254+0000] {logging_mixin.py:149} INFO - [2024-06-24T15:15:33.254+0000] {dag.py:3490} INFO - Setting next_dagrun for example_bash_operator to 2024-06-23T00:00:00+00:00, run_after=2024-06-24T00:00:00+00:00
[2024-06-24T15:15:33.261+0000] {processor.py:178} INFO - Processing /home/airflow/.local/lib/python3.7/site-packages/airflow/example_dags/example_bash_operator.py took 0.040 seconds
[2024-06-24T15:16:03.785+0000] {processor.py:156} INFO - Started process (PID=1183) to work on /home/airflow/.local/lib/python3.7/site-packages/airflow/example_dags/example_bash_operator.py
[2024-06-24T15:16:03.785+0000] {processor.py:799} INFO - Processing file /home/airflow/.local/lib/python3.7/site-packages/airflow/example_dags/example_bash_operator.py for tasks to queue
[2024-06-24T15:16:03.786+0000] {logging_mixin.py:149} INFO - [2024-06-24T15:16:03.786+0000] {dagbag.py:541} INFO - Filling up the DagBag from /home/airflow/.local/lib/python3.7/site-packages/airflow/example_dags/example_bash_operator.py
[2024-06-24T15:16:03.792+0000] {processor.py:809} INFO - DAG(s) dict_keys(['example_bash_operator']) retrieved from /home/airflow/.local/lib/python3.7/site-packages/airflow/example_dags/example_bash_operator.py
[2024-06-24T15:16:03.807+0000] {logging_mixin.py:149} INFO - [2024-06-24T15:16:03.807+0000] {dag.py:2726} INFO - Sync 1 DAGs
[2024-06-24T15:16:03.818+0000] {logging_mixin.py:149} INFO - [2024-06-24T15:16:03.818+0000] {dag.py:3490} INFO - Setting next_dagrun for example_bash_operator to 2024-06-23T00:00:00+00:00, run_after=2024-06-24T00:00:00+00:00
[2024-06-24T15:16:03.825+0000] {processor.py:178} INFO - Processing /home/airflow/.local/lib/python3.7/site-packages/airflow/example_dags/example_bash_operator.py took 0.041 seconds
[2024-06-24T15:16:34.487+0000] {processor.py:156} INFO - Started process (PID=1252) to work on /home/airflow/.local/lib/python3.7/site-packages/airflow/example_dags/example_bash_operator.py
[2024-06-24T15:16:34.488+0000] {processor.py:799} INFO - Processing file /home/airflow/.local/lib/python3.7/site-packages/airflow/example_dags/example_bash_operator.py for tasks to queue
[2024-06-24T15:16:34.488+0000] {logging_mixin.py:149} INFO - [2024-06-24T15:16:34.488+0000] {dagbag.py:541} INFO - Filling up the DagBag from /home/airflow/.local/lib/python3.7/site-packages/airflow/example_dags/example_bash_operator.py
[2024-06-24T15:16:34.495+0000] {processor.py:809} INFO - DAG(s) dict_keys(['example_bash_operator']) retrieved from /home/airflow/.local/lib/python3.7/site-packages/airflow/example_dags/example_bash_operator.py
[2024-06-24T15:16:34.510+0000] {logging_mixin.py:149} INFO - [2024-06-24T15:16:34.510+0000] {dag.py:2726} INFO - Sync 1 DAGs
[2024-06-24T15:16:34.521+0000] {logging_mixin.py:149} INFO - [2024-06-24T15:16:34.521+0000] {dag.py:3490} INFO - Setting next_dagrun for example_bash_operator to 2024-06-23T00:00:00+00:00, run_after=2024-06-24T00:00:00+00:00
[2024-06-24T15:16:34.527+0000] {processor.py:178} INFO - Processing /home/airflow/.local/lib/python3.7/site-packages/airflow/example_dags/example_bash_operator.py took 0.042 seconds
[2024-06-24T15:17:05.093+0000] {processor.py:156} INFO - Started process (PID=1321) to work on /home/airflow/.local/lib/python3.7/site-packages/airflow/example_dags/example_bash_operator.py
[2024-06-24T15:17:05.094+0000] {processor.py:799} INFO - Processing file /home/airflow/.local/lib/python3.7/site-packages/airflow/example_dags/example_bash_operator.py for tasks to queue
[2024-06-24T15:17:05.094+0000] {logging_mixin.py:149} INFO - [2024-06-24T15:17:05.094+0000] {dagbag.py:541} INFO - Filling up the DagBag from /home/airflow/.local/lib/python3.7/site-packages/airflow/example_dags/example_bash_operator.py
[2024-06-24T15:17:05.100+0000] {processor.py:809} INFO - DAG(s) dict_keys(['example_bash_operator']) retrieved from /home/airflow/.local/lib/python3.7/site-packages/airflow/example_dags/example_bash_operator.py
[2024-06-24T15:17:05.114+0000] {logging_mixin.py:149} INFO - [2024-06-24T15:17:05.114+0000] {dag.py:2726} INFO - Sync 1 DAGs
[2024-06-24T15:17:05.125+0000] {logging_mixin.py:149} INFO - [2024-06-24T15:17:05.125+0000] {dag.py:3490} INFO - Setting next_dagrun for example_bash_operator to 2024-06-23T00:00:00+00:00, run_after=2024-06-24T00:00:00+00:00
[2024-06-24T15:17:05.131+0000] {processor.py:178} INFO - Processing /home/airflow/.local/lib/python3.7/site-packages/airflow/example_dags/example_bash_operator.py took 0.039 seconds
[2024-06-24T15:17:35.643+0000] {processor.py:156} INFO - Started process (PID=1389) to work on /home/airflow/.local/lib/python3.7/site-packages/airflow/example_dags/example_bash_operator.py
[2024-06-24T15:17:35.643+0000] {processor.py:799} INFO - Processing file /home/airflow/.local/lib/python3.7/site-packages/airflow/example_dags/example_bash_operator.py for tasks to queue
[2024-06-24T15:17:35.643+0000] {logging_mixin.py:149} INFO - [2024-06-24T15:17:35.643+0000] {dagbag.py:541} INFO - Filling up the DagBag from /home/airflow/.local/lib/python3.7/site-packages/airflow/example_dags/example_bash_operator.py
[2024-06-24T15:17:35.649+0000] {processor.py:809} INFO - DAG(s) dict_keys(['example_bash_operator']) retrieved from /home/airflow/.local/lib/python3.7/site-packages/airflow/example_dags/example_bash_operator.py
[2024-06-24T15:17:35.665+0000] {logging_mixin.py:149} INFO - [2024-06-24T15:17:35.665+0000] {dag.py:2726} INFO - Sync 1 DAGs
[2024-06-24T15:17:35.676+0000] {logging_mixin.py:149} INFO - [2024-06-24T15:17:35.676+0000] {dag.py:3490} INFO - Setting next_dagrun for example_bash_operator to 2024-06-23T00:00:00+00:00, run_after=2024-06-24T00:00:00+00:00
[2024-06-24T15:17:35.683+0000] {processor.py:178} INFO - Processing /home/airflow/.local/lib/python3.7/site-packages/airflow/example_dags/example_bash_operator.py took 0.042 seconds
[2024-06-24T15:18:06.191+0000] {processor.py:156} INFO - Started process (PID=1458) to work on /home/airflow/.local/lib/python3.7/site-packages/airflow/example_dags/example_bash_operator.py
[2024-06-24T15:18:06.192+0000] {processor.py:799} INFO - Processing file /home/airflow/.local/lib/python3.7/site-packages/airflow/example_dags/example_bash_operator.py for tasks to queue
[2024-06-24T15:18:06.192+0000] {logging_mixin.py:149} INFO - [2024-06-24T15:18:06.192+0000] {dagbag.py:541} INFO - Filling up the DagBag from /home/airflow/.local/lib/python3.7/site-packages/airflow/example_dags/example_bash_operator.py
[2024-06-24T15:18:06.198+0000] {processor.py:809} INFO - DAG(s) dict_keys(['example_bash_operator']) retrieved from /home/airflow/.local/lib/python3.7/site-packages/airflow/example_dags/example_bash_operator.py
[2024-06-24T15:18:06.214+0000] {logging_mixin.py:149} INFO - [2024-06-24T15:18:06.214+0000] {dag.py:2726} INFO - Sync 1 DAGs
[2024-06-24T15:18:06.225+0000] {logging_mixin.py:149} INFO - [2024-06-24T15:18:06.225+0000] {dag.py:3490} INFO - Setting next_dagrun for example_bash_operator to 2024-06-23T00:00:00+00:00, run_after=2024-06-24T00:00:00+00:00
[2024-06-24T15:18:06.232+0000] {processor.py:178} INFO - Processing /home/airflow/.local/lib/python3.7/site-packages/airflow/example_dags/example_bash_operator.py took 0.042 seconds
[2024-06-24T15:18:36.891+0000] {processor.py:156} INFO - Started process (PID=1527) to work on /home/airflow/.local/lib/python3.7/site-packages/airflow/example_dags/example_bash_operator.py
[2024-06-24T15:18:36.891+0000] {processor.py:799} INFO - Processing file /home/airflow/.local/lib/python3.7/site-packages/airflow/example_dags/example_bash_operator.py for tasks to queue
[2024-06-24T15:18:36.891+0000] {logging_mixin.py:149} INFO - [2024-06-24T15:18:36.891+0000] {dagbag.py:541} INFO - Filling up the DagBag from /home/airflow/.local/lib/python3.7/site-packages/airflow/example_dags/example_bash_operator.py
[2024-06-24T15:18:36.897+0000] {processor.py:809} INFO - DAG(s) dict_keys(['example_bash_operator']) retrieved from /home/airflow/.local/lib/python3.7/site-packages/airflow/example_dags/example_bash_operator.py
[2024-06-24T15:18:36.911+0000] {logging_mixin.py:149} INFO - [2024-06-24T15:18:36.911+0000] {dag.py:2726} INFO - Sync 1 DAGs
[2024-06-24T15:18:36.922+0000] {logging_mixin.py:149} INFO - [2024-06-24T15:18:36.922+0000] {dag.py:3490} INFO - Setting next_dagrun for example_bash_operator to 2024-06-23T00:00:00+00:00, run_after=2024-06-24T00:00:00+00:00
[2024-06-24T15:18:36.929+0000] {processor.py:178} INFO - Processing /home/airflow/.local/lib/python3.7/site-packages/airflow/example_dags/example_bash_operator.py took 0.040 seconds
[2024-06-24T15:19:07.650+0000] {processor.py:156} INFO - Started process (PID=1596) to work on /home/airflow/.local/lib/python3.7/site-packages/airflow/example_dags/example_bash_operator.py
[2024-06-24T15:19:07.650+0000] {processor.py:799} INFO - Processing file /home/airflow/.local/lib/python3.7/site-packages/airflow/example_dags/example_bash_operator.py for tasks to queue
[2024-06-24T15:19:07.651+0000] {logging_mixin.py:149} INFO - [2024-06-24T15:19:07.651+0000] {dagbag.py:541} INFO - Filling up the DagBag from /home/airflow/.local/lib/python3.7/site-packages/airflow/example_dags/example_bash_operator.py
[2024-06-24T15:19:07.656+0000] {processor.py:809} INFO - DAG(s) dict_keys(['example_bash_operator']) retrieved from /home/airflow/.local/lib/python3.7/site-packages/airflow/example_dags/example_bash_operator.py
[2024-06-24T15:19:07.671+0000] {logging_mixin.py:149} INFO - [2024-06-24T15:19:07.671+0000] {dag.py:2726} INFO - Sync 1 DAGs
[2024-06-24T15:19:07.683+0000] {logging_mixin.py:149} INFO - [2024-06-24T15:19:07.683+0000] {dag.py:3490} INFO - Setting next_dagrun for example_bash_operator to 2024-06-23T00:00:00+00:00, run_after=2024-06-24T00:00:00+00:00
[2024-06-24T15:19:07.690+0000] {processor.py:178} INFO - Processing /home/airflow/.local/lib/python3.7/site-packages/airflow/example_dags/example_bash_operator.py took 0.041 seconds
[2024-06-24T15:19:38.229+0000] {processor.py:156} INFO - Started process (PID=1665) to work on /home/airflow/.local/lib/python3.7/site-packages/airflow/example_dags/example_bash_operator.py
[2024-06-24T15:19:38.229+0000] {processor.py:799} INFO - Processing file /home/airflow/.local/lib/python3.7/site-packages/airflow/example_dags/example_bash_operator.py for tasks to queue
[2024-06-24T15:19:38.229+0000] {logging_mixin.py:149} INFO - [2024-06-24T15:19:38.229+0000] {dagbag.py:541} INFO - Filling up the DagBag from /home/airflow/.local/lib/python3.7/site-packages/airflow/example_dags/example_bash_operator.py
[2024-06-24T15:19:38.235+0000] {processor.py:809} INFO - DAG(s) dict_keys(['example_bash_operator']) retrieved from /home/airflow/.local/lib/python3.7/site-packages/airflow/example_dags/example_bash_operator.py
[2024-06-24T15:19:38.250+0000] {logging_mixin.py:149} INFO - [2024-06-24T15:19:38.250+0000] {dag.py:2726} INFO - Sync 1 DAGs
[2024-06-24T15:19:38.261+0000] {logging_mixin.py:149} INFO - [2024-06-24T15:19:38.261+0000] {dag.py:3490} INFO - Setting next_dagrun for example_bash_operator to 2024-06-23T00:00:00+00:00, run_after=2024-06-24T00:00:00+00:00
[2024-06-24T15:19:38.268+0000] {processor.py:178} INFO - Processing /home/airflow/.local/lib/python3.7/site-packages/airflow/example_dags/example_bash_operator.py took 0.040 seconds
[2024-06-24T15:20:08.726+0000] {processor.py:156} INFO - Started process (PID=1734) to work on /home/airflow/.local/lib/python3.7/site-packages/airflow/example_dags/example_bash_operator.py
[2024-06-24T15:20:08.727+0000] {processor.py:799} INFO - Processing file /home/airflow/.local/lib/python3.7/site-packages/airflow/example_dags/example_bash_operator.py for tasks to queue
[2024-06-24T15:20:08.727+0000] {logging_mixin.py:149} INFO - [2024-06-24T15:20:08.727+0000] {dagbag.py:541} INFO - Filling up the DagBag from /home/airflow/.local/lib/python3.7/site-packages/airflow/example_dags/example_bash_operator.py
[2024-06-24T15:20:08.733+0000] {processor.py:809} INFO - DAG(s) dict_keys(['example_bash_operator']) retrieved from /home/airflow/.local/lib/python3.7/site-packages/airflow/example_dags/example_bash_operator.py
[2024-06-24T15:20:08.753+0000] {logging_mixin.py:149} INFO - [2024-06-24T15:20:08.753+0000] {dag.py:2726} INFO - Sync 1 DAGs
[2024-06-24T15:20:08.766+0000] {logging_mixin.py:149} INFO - [2024-06-24T15:20:08.766+0000] {dag.py:3490} INFO - Setting next_dagrun for example_bash_operator to 2024-06-23T00:00:00+00:00, run_after=2024-06-24T00:00:00+00:00
[2024-06-24T15:20:08.774+0000] {processor.py:178} INFO - Processing /home/airflow/.local/lib/python3.7/site-packages/airflow/example_dags/example_bash_operator.py took 0.049 seconds
[2024-06-24T15:20:39.461+0000] {processor.py:156} INFO - Started process (PID=1803) to work on /home/airflow/.local/lib/python3.7/site-packages/airflow/example_dags/example_bash_operator.py
[2024-06-24T15:20:39.461+0000] {processor.py:799} INFO - Processing file /home/airflow/.local/lib/python3.7/site-packages/airflow/example_dags/example_bash_operator.py for tasks to queue
[2024-06-24T15:20:39.462+0000] {logging_mixin.py:149} INFO - [2024-06-24T15:20:39.462+0000] {dagbag.py:541} INFO - Filling up the DagBag from /home/airflow/.local/lib/python3.7/site-packages/airflow/example_dags/example_bash_operator.py
[2024-06-24T15:20:39.468+0000] {processor.py:809} INFO - DAG(s) dict_keys(['example_bash_operator']) retrieved from /home/airflow/.local/lib/python3.7/site-packages/airflow/example_dags/example_bash_operator.py
[2024-06-24T15:20:39.483+0000] {logging_mixin.py:149} INFO - [2024-06-24T15:20:39.483+0000] {dag.py:2726} INFO - Sync 1 DAGs
[2024-06-24T15:20:39.496+0000] {logging_mixin.py:149} INFO - [2024-06-24T15:20:39.496+0000] {dag.py:3490} INFO - Setting next_dagrun for example_bash_operator to 2024-06-23T00:00:00+00:00, run_after=2024-06-24T00:00:00+00:00
[2024-06-24T15:20:39.503+0000] {processor.py:178} INFO - Processing /home/airflow/.local/lib/python3.7/site-packages/airflow/example_dags/example_bash_operator.py took 0.043 seconds
[2024-06-24T15:21:10.110+0000] {processor.py:156} INFO - Started process (PID=1872) to work on /home/airflow/.local/lib/python3.7/site-packages/airflow/example_dags/example_bash_operator.py
[2024-06-24T15:21:10.110+0000] {processor.py:799} INFO - Processing file /home/airflow/.local/lib/python3.7/site-packages/airflow/example_dags/example_bash_operator.py for tasks to queue
[2024-06-24T15:21:10.110+0000] {logging_mixin.py:149} INFO - [2024-06-24T15:21:10.110+0000] {dagbag.py:541} INFO - Filling up the DagBag from /home/airflow/.local/lib/python3.7/site-packages/airflow/example_dags/example_bash_operator.py
[2024-06-24T15:21:10.116+0000] {processor.py:809} INFO - DAG(s) dict_keys(['example_bash_operator']) retrieved from /home/airflow/.local/lib/python3.7/site-packages/airflow/example_dags/example_bash_operator.py
[2024-06-24T15:21:10.132+0000] {logging_mixin.py:149} INFO - [2024-06-24T15:21:10.132+0000] {dag.py:2726} INFO - Sync 1 DAGs
[2024-06-24T15:21:10.143+0000] {logging_mixin.py:149} INFO - [2024-06-24T15:21:10.143+0000] {dag.py:3490} INFO - Setting next_dagrun for example_bash_operator to 2024-06-23T00:00:00+00:00, run_after=2024-06-24T00:00:00+00:00
[2024-06-24T15:21:10.152+0000] {processor.py:178} INFO - Processing /home/airflow/.local/lib/python3.7/site-packages/airflow/example_dags/example_bash_operator.py took 0.044 seconds
[2024-06-24T15:21:40.991+0000] {processor.py:156} INFO - Started process (PID=1940) to work on /home/airflow/.local/lib/python3.7/site-packages/airflow/example_dags/example_bash_operator.py
[2024-06-24T15:21:40.991+0000] {processor.py:799} INFO - Processing file /home/airflow/.local/lib/python3.7/site-packages/airflow/example_dags/example_bash_operator.py for tasks to queue
[2024-06-24T15:21:40.991+0000] {logging_mixin.py:149} INFO - [2024-06-24T15:21:40.991+0000] {dagbag.py:541} INFO - Filling up the DagBag from /home/airflow/.local/lib/python3.7/site-packages/airflow/example_dags/example_bash_operator.py
[2024-06-24T15:21:40.997+0000] {processor.py:809} INFO - DAG(s) dict_keys(['example_bash_operator']) retrieved from /home/airflow/.local/lib/python3.7/site-packages/airflow/example_dags/example_bash_operator.py
[2024-06-24T15:21:41.012+0000] {logging_mixin.py:149} INFO - [2024-06-24T15:21:41.012+0000] {dag.py:2726} INFO - Sync 1 DAGs
[2024-06-24T15:21:41.023+0000] {logging_mixin.py:149} INFO - [2024-06-24T15:21:41.023+0000] {dag.py:3490} INFO - Setting next_dagrun for example_bash_operator to 2024-06-23T00:00:00+00:00, run_after=2024-06-24T00:00:00+00:00
[2024-06-24T15:21:41.031+0000] {processor.py:178} INFO - Processing /home/airflow/.local/lib/python3.7/site-packages/airflow/example_dags/example_bash_operator.py took 0.042 seconds
[2024-06-24T15:22:11.764+0000] {processor.py:156} INFO - Started process (PID=2009) to work on /home/airflow/.local/lib/python3.7/site-packages/airflow/example_dags/example_bash_operator.py
[2024-06-24T15:22:11.764+0000] {processor.py:799} INFO - Processing file /home/airflow/.local/lib/python3.7/site-packages/airflow/example_dags/example_bash_operator.py for tasks to queue
[2024-06-24T15:22:11.764+0000] {logging_mixin.py:149} INFO - [2024-06-24T15:22:11.764+0000] {dagbag.py:541} INFO - Filling up the DagBag from /home/airflow/.local/lib/python3.7/site-packages/airflow/example_dags/example_bash_operator.py
[2024-06-24T15:22:11.770+0000] {processor.py:809} INFO - DAG(s) dict_keys(['example_bash_operator']) retrieved from /home/airflow/.local/lib/python3.7/site-packages/airflow/example_dags/example_bash_operator.py
[2024-06-24T15:22:11.785+0000] {logging_mixin.py:149} INFO - [2024-06-24T15:22:11.785+0000] {dag.py:2726} INFO - Sync 1 DAGs
[2024-06-24T15:22:11.796+0000] {logging_mixin.py:149} INFO - [2024-06-24T15:22:11.796+0000] {dag.py:3490} INFO - Setting next_dagrun for example_bash_operator to 2024-06-23T00:00:00+00:00, run_after=2024-06-24T00:00:00+00:00
[2024-06-24T15:22:11.806+0000] {processor.py:178} INFO - Processing /home/airflow/.local/lib/python3.7/site-packages/airflow/example_dags/example_bash_operator.py took 0.044 seconds
[2024-06-24T15:22:42.391+0000] {processor.py:156} INFO - Started process (PID=2077) to work on /home/airflow/.local/lib/python3.7/site-packages/airflow/example_dags/example_bash_operator.py
[2024-06-24T15:22:42.391+0000] {processor.py:799} INFO - Processing file /home/airflow/.local/lib/python3.7/site-packages/airflow/example_dags/example_bash_operator.py for tasks to queue
[2024-06-24T15:22:42.391+0000] {logging_mixin.py:149} INFO - [2024-06-24T15:22:42.391+0000] {dagbag.py:541} INFO - Filling up the DagBag from /home/airflow/.local/lib/python3.7/site-packages/airflow/example_dags/example_bash_operator.py
[2024-06-24T15:22:42.397+0000] {processor.py:809} INFO - DAG(s) dict_keys(['example_bash_operator']) retrieved from /home/airflow/.local/lib/python3.7/site-packages/airflow/example_dags/example_bash_operator.py
[2024-06-24T15:22:42.412+0000] {logging_mixin.py:149} INFO - [2024-06-24T15:22:42.412+0000] {dag.py:2726} INFO - Sync 1 DAGs
[2024-06-24T15:22:42.424+0000] {logging_mixin.py:149} INFO - [2024-06-24T15:22:42.424+0000] {dag.py:3490} INFO - Setting next_dagrun for example_bash_operator to 2024-06-23T00:00:00+00:00, run_after=2024-06-24T00:00:00+00:00
[2024-06-24T15:22:42.431+0000] {processor.py:178} INFO - Processing /home/airflow/.local/lib/python3.7/site-packages/airflow/example_dags/example_bash_operator.py took 0.041 seconds
[2024-06-24T15:23:13.041+0000] {processor.py:156} INFO - Started process (PID=2146) to work on /home/airflow/.local/lib/python3.7/site-packages/airflow/example_dags/example_bash_operator.py
[2024-06-24T15:23:13.042+0000] {processor.py:799} INFO - Processing file /home/airflow/.local/lib/python3.7/site-packages/airflow/example_dags/example_bash_operator.py for tasks to queue
[2024-06-24T15:23:13.042+0000] {logging_mixin.py:149} INFO - [2024-06-24T15:23:13.042+0000] {dagbag.py:541} INFO - Filling up the DagBag from /home/airflow/.local/lib/python3.7/site-packages/airflow/example_dags/example_bash_operator.py
[2024-06-24T15:23:13.049+0000] {processor.py:809} INFO - DAG(s) dict_keys(['example_bash_operator']) retrieved from /home/airflow/.local/lib/python3.7/site-packages/airflow/example_dags/example_bash_operator.py
[2024-06-24T15:23:13.064+0000] {logging_mixin.py:149} INFO - [2024-06-24T15:23:13.064+0000] {dag.py:2726} INFO - Sync 1 DAGs
[2024-06-24T15:23:13.075+0000] {logging_mixin.py:149} INFO - [2024-06-24T15:23:13.075+0000] {dag.py:3490} INFO - Setting next_dagrun for example_bash_operator to 2024-06-23T00:00:00+00:00, run_after=2024-06-24T00:00:00+00:00
[2024-06-24T15:23:13.082+0000] {processor.py:178} INFO - Processing /home/airflow/.local/lib/python3.7/site-packages/airflow/example_dags/example_bash_operator.py took 0.042 seconds
[2024-06-24T15:23:43.767+0000] {processor.py:156} INFO - Started process (PID=2215) to work on /home/airflow/.local/lib/python3.7/site-packages/airflow/example_dags/example_bash_operator.py
[2024-06-24T15:23:43.768+0000] {processor.py:799} INFO - Processing file /home/airflow/.local/lib/python3.7/site-packages/airflow/example_dags/example_bash_operator.py for tasks to queue
[2024-06-24T15:23:43.768+0000] {logging_mixin.py:149} INFO - [2024-06-24T15:23:43.768+0000] {dagbag.py:541} INFO - Filling up the DagBag from /home/airflow/.local/lib/python3.7/site-packages/airflow/example_dags/example_bash_operator.py
[2024-06-24T15:23:43.774+0000] {processor.py:809} INFO - DAG(s) dict_keys(['example_bash_operator']) retrieved from /home/airflow/.local/lib/python3.7/site-packages/airflow/example_dags/example_bash_operator.py
[2024-06-24T15:23:43.790+0000] {logging_mixin.py:149} INFO - [2024-06-24T15:23:43.790+0000] {dag.py:2726} INFO - Sync 1 DAGs
[2024-06-24T15:23:43.802+0000] {logging_mixin.py:149} INFO - [2024-06-24T15:23:43.801+0000] {dag.py:3490} INFO - Setting next_dagrun for example_bash_operator to 2024-06-23T00:00:00+00:00, run_after=2024-06-24T00:00:00+00:00
[2024-06-24T15:23:43.808+0000] {processor.py:178} INFO - Processing /home/airflow/.local/lib/python3.7/site-packages/airflow/example_dags/example_bash_operator.py took 0.042 seconds
[2024-06-24T15:24:14.476+0000] {processor.py:156} INFO - Started process (PID=2284) to work on /home/airflow/.local/lib/python3.7/site-packages/airflow/example_dags/example_bash_operator.py
[2024-06-24T15:24:14.476+0000] {processor.py:799} INFO - Processing file /home/airflow/.local/lib/python3.7/site-packages/airflow/example_dags/example_bash_operator.py for tasks to queue
[2024-06-24T15:24:14.477+0000] {logging_mixin.py:149} INFO - [2024-06-24T15:24:14.477+0000] {dagbag.py:541} INFO - Filling up the DagBag from /home/airflow/.local/lib/python3.7/site-packages/airflow/example_dags/example_bash_operator.py
[2024-06-24T15:24:14.483+0000] {processor.py:809} INFO - DAG(s) dict_keys(['example_bash_operator']) retrieved from /home/airflow/.local/lib/python3.7/site-packages/airflow/example_dags/example_bash_operator.py
[2024-06-24T15:24:14.499+0000] {logging_mixin.py:149} INFO - [2024-06-24T15:24:14.499+0000] {dag.py:2726} INFO - Sync 1 DAGs
[2024-06-24T15:24:14.510+0000] {logging_mixin.py:149} INFO - [2024-06-24T15:24:14.510+0000] {dag.py:3490} INFO - Setting next_dagrun for example_bash_operator to 2024-06-23T00:00:00+00:00, run_after=2024-06-24T00:00:00+00:00
[2024-06-24T15:24:14.519+0000] {processor.py:178} INFO - Processing /home/airflow/.local/lib/python3.7/site-packages/airflow/example_dags/example_bash_operator.py took 0.045 seconds
[2024-06-24T15:24:45.060+0000] {processor.py:156} INFO - Started process (PID=2353) to work on /home/airflow/.local/lib/python3.7/site-packages/airflow/example_dags/example_bash_operator.py
[2024-06-24T15:24:45.060+0000] {processor.py:799} INFO - Processing file /home/airflow/.local/lib/python3.7/site-packages/airflow/example_dags/example_bash_operator.py for tasks to queue
[2024-06-24T15:24:45.061+0000] {logging_mixin.py:149} INFO - [2024-06-24T15:24:45.061+0000] {dagbag.py:541} INFO - Filling up the DagBag from /home/airflow/.local/lib/python3.7/site-packages/airflow/example_dags/example_bash_operator.py
[2024-06-24T15:24:45.067+0000] {processor.py:809} INFO - DAG(s) dict_keys(['example_bash_operator']) retrieved from /home/airflow/.local/lib/python3.7/site-packages/airflow/example_dags/example_bash_operator.py
[2024-06-24T15:24:45.083+0000] {logging_mixin.py:149} INFO - [2024-06-24T15:24:45.082+0000] {dag.py:2726} INFO - Sync 1 DAGs
[2024-06-24T15:24:45.095+0000] {logging_mixin.py:149} INFO - [2024-06-24T15:24:45.095+0000] {dag.py:3490} INFO - Setting next_dagrun for example_bash_operator to 2024-06-23T00:00:00+00:00, run_after=2024-06-24T00:00:00+00:00
[2024-06-24T15:24:45.102+0000] {processor.py:178} INFO - Processing /home/airflow/.local/lib/python3.7/site-packages/airflow/example_dags/example_bash_operator.py took 0.043 seconds
[2024-06-24T15:25:15.623+0000] {processor.py:156} INFO - Started process (PID=2421) to work on /home/airflow/.local/lib/python3.7/site-packages/airflow/example_dags/example_bash_operator.py
[2024-06-24T15:25:15.624+0000] {processor.py:799} INFO - Processing file /home/airflow/.local/lib/python3.7/site-packages/airflow/example_dags/example_bash_operator.py for tasks to queue
[2024-06-24T15:25:15.624+0000] {logging_mixin.py:149} INFO - [2024-06-24T15:25:15.624+0000] {dagbag.py:541} INFO - Filling up the DagBag from /home/airflow/.local/lib/python3.7/site-packages/airflow/example_dags/example_bash_operator.py
[2024-06-24T15:25:15.630+0000] {processor.py:809} INFO - DAG(s) dict_keys(['example_bash_operator']) retrieved from /home/airflow/.local/lib/python3.7/site-packages/airflow/example_dags/example_bash_operator.py
[2024-06-24T15:25:15.648+0000] {logging_mixin.py:149} INFO - [2024-06-24T15:25:15.647+0000] {dag.py:2726} INFO - Sync 1 DAGs
[2024-06-24T15:25:15.663+0000] {logging_mixin.py:149} INFO - [2024-06-24T15:25:15.663+0000] {dag.py:3490} INFO - Setting next_dagrun for example_bash_operator to 2024-06-23T00:00:00+00:00, run_after=2024-06-24T00:00:00+00:00
[2024-06-24T15:25:15.671+0000] {processor.py:178} INFO - Processing /home/airflow/.local/lib/python3.7/site-packages/airflow/example_dags/example_bash_operator.py took 0.049 seconds
[2024-06-24T15:25:46.271+0000] {processor.py:156} INFO - Started process (PID=2496) to work on /home/airflow/.local/lib/python3.7/site-packages/airflow/example_dags/example_bash_operator.py
[2024-06-24T15:25:46.271+0000] {processor.py:799} INFO - Processing file /home/airflow/.local/lib/python3.7/site-packages/airflow/example_dags/example_bash_operator.py for tasks to queue
[2024-06-24T15:25:46.271+0000] {logging_mixin.py:149} INFO - [2024-06-24T15:25:46.271+0000] {dagbag.py:541} INFO - Filling up the DagBag from /home/airflow/.local/lib/python3.7/site-packages/airflow/example_dags/example_bash_operator.py
[2024-06-24T15:25:46.277+0000] {processor.py:809} INFO - DAG(s) dict_keys(['example_bash_operator']) retrieved from /home/airflow/.local/lib/python3.7/site-packages/airflow/example_dags/example_bash_operator.py
[2024-06-24T15:25:46.291+0000] {logging_mixin.py:149} INFO - [2024-06-24T15:25:46.291+0000] {dag.py:2726} INFO - Sync 1 DAGs
[2024-06-24T15:25:46.302+0000] {logging_mixin.py:149} INFO - [2024-06-24T15:25:46.302+0000] {dag.py:3490} INFO - Setting next_dagrun for example_bash_operator to 2024-06-23T00:00:00+00:00, run_after=2024-06-24T00:00:00+00:00
[2024-06-24T15:25:46.309+0000] {processor.py:178} INFO - Processing /home/airflow/.local/lib/python3.7/site-packages/airflow/example_dags/example_bash_operator.py took 0.040 seconds
[2024-06-24T15:26:16.824+0000] {processor.py:156} INFO - Started process (PID=2565) to work on /home/airflow/.local/lib/python3.7/site-packages/airflow/example_dags/example_bash_operator.py
[2024-06-24T15:26:16.824+0000] {processor.py:799} INFO - Processing file /home/airflow/.local/lib/python3.7/site-packages/airflow/example_dags/example_bash_operator.py for tasks to queue
[2024-06-24T15:26:16.825+0000] {logging_mixin.py:149} INFO - [2024-06-24T15:26:16.824+0000] {dagbag.py:541} INFO - Filling up the DagBag from /home/airflow/.local/lib/python3.7/site-packages/airflow/example_dags/example_bash_operator.py
[2024-06-24T15:26:16.830+0000] {processor.py:809} INFO - DAG(s) dict_keys(['example_bash_operator']) retrieved from /home/airflow/.local/lib/python3.7/site-packages/airflow/example_dags/example_bash_operator.py
[2024-06-24T15:26:16.845+0000] {logging_mixin.py:149} INFO - [2024-06-24T15:26:16.845+0000] {dag.py:2726} INFO - Sync 1 DAGs
[2024-06-24T15:26:16.856+0000] {logging_mixin.py:149} INFO - [2024-06-24T15:26:16.856+0000] {dag.py:3490} INFO - Setting next_dagrun for example_bash_operator to 2024-06-23T00:00:00+00:00, run_after=2024-06-24T00:00:00+00:00
[2024-06-24T15:26:16.863+0000] {processor.py:178} INFO - Processing /home/airflow/.local/lib/python3.7/site-packages/airflow/example_dags/example_bash_operator.py took 0.040 seconds
[2024-06-24T15:26:47.529+0000] {processor.py:156} INFO - Started process (PID=2634) to work on /home/airflow/.local/lib/python3.7/site-packages/airflow/example_dags/example_bash_operator.py
[2024-06-24T15:26:47.529+0000] {processor.py:799} INFO - Processing file /home/airflow/.local/lib/python3.7/site-packages/airflow/example_dags/example_bash_operator.py for tasks to queue
[2024-06-24T15:26:47.530+0000] {logging_mixin.py:149} INFO - [2024-06-24T15:26:47.530+0000] {dagbag.py:541} INFO - Filling up the DagBag from /home/airflow/.local/lib/python3.7/site-packages/airflow/example_dags/example_bash_operator.py
[2024-06-24T15:26:47.536+0000] {processor.py:809} INFO - DAG(s) dict_keys(['example_bash_operator']) retrieved from /home/airflow/.local/lib/python3.7/site-packages/airflow/example_dags/example_bash_operator.py
[2024-06-24T15:26:47.551+0000] {logging_mixin.py:149} INFO - [2024-06-24T15:26:47.550+0000] {dag.py:2726} INFO - Sync 1 DAGs
[2024-06-24T15:26:47.562+0000] {logging_mixin.py:149} INFO - [2024-06-24T15:26:47.562+0000] {dag.py:3490} INFO - Setting next_dagrun for example_bash_operator to 2024-06-23T00:00:00+00:00, run_after=2024-06-24T00:00:00+00:00
[2024-06-24T15:26:47.570+0000] {processor.py:178} INFO - Processing /home/airflow/.local/lib/python3.7/site-packages/airflow/example_dags/example_bash_operator.py took 0.042 seconds
[2024-06-24T15:27:18.416+0000] {processor.py:156} INFO - Started process (PID=2703) to work on /home/airflow/.local/lib/python3.7/site-packages/airflow/example_dags/example_bash_operator.py
[2024-06-24T15:27:18.417+0000] {processor.py:799} INFO - Processing file /home/airflow/.local/lib/python3.7/site-packages/airflow/example_dags/example_bash_operator.py for tasks to queue
[2024-06-24T15:27:18.417+0000] {logging_mixin.py:149} INFO - [2024-06-24T15:27:18.417+0000] {dagbag.py:541} INFO - Filling up the DagBag from /home/airflow/.local/lib/python3.7/site-packages/airflow/example_dags/example_bash_operator.py
[2024-06-24T15:27:18.424+0000] {processor.py:809} INFO - DAG(s) dict_keys(['example_bash_operator']) retrieved from /home/airflow/.local/lib/python3.7/site-packages/airflow/example_dags/example_bash_operator.py
[2024-06-24T15:27:18.441+0000] {logging_mixin.py:149} INFO - [2024-06-24T15:27:18.440+0000] {dag.py:2726} INFO - Sync 1 DAGs
[2024-06-24T15:27:18.453+0000] {logging_mixin.py:149} INFO - [2024-06-24T15:27:18.453+0000] {dag.py:3490} INFO - Setting next_dagrun for example_bash_operator to 2024-06-23T00:00:00+00:00, run_after=2024-06-24T00:00:00+00:00
[2024-06-24T15:27:18.461+0000] {processor.py:178} INFO - Processing /home/airflow/.local/lib/python3.7/site-packages/airflow/example_dags/example_bash_operator.py took 0.046 seconds
[2024-06-24T15:27:49.240+0000] {processor.py:156} INFO - Started process (PID=2772) to work on /home/airflow/.local/lib/python3.7/site-packages/airflow/example_dags/example_bash_operator.py
[2024-06-24T15:27:49.240+0000] {processor.py:799} INFO - Processing file /home/airflow/.local/lib/python3.7/site-packages/airflow/example_dags/example_bash_operator.py for tasks to queue
[2024-06-24T15:27:49.240+0000] {logging_mixin.py:149} INFO - [2024-06-24T15:27:49.240+0000] {dagbag.py:541} INFO - Filling up the DagBag from /home/airflow/.local/lib/python3.7/site-packages/airflow/example_dags/example_bash_operator.py
[2024-06-24T15:27:49.246+0000] {processor.py:809} INFO - DAG(s) dict_keys(['example_bash_operator']) retrieved from /home/airflow/.local/lib/python3.7/site-packages/airflow/example_dags/example_bash_operator.py
[2024-06-24T15:27:49.262+0000] {logging_mixin.py:149} INFO - [2024-06-24T15:27:49.262+0000] {dag.py:2726} INFO - Sync 1 DAGs
[2024-06-24T15:27:49.273+0000] {logging_mixin.py:149} INFO - [2024-06-24T15:27:49.273+0000] {dag.py:3490} INFO - Setting next_dagrun for example_bash_operator to 2024-06-23T00:00:00+00:00, run_after=2024-06-24T00:00:00+00:00
[2024-06-24T15:27:49.280+0000] {processor.py:178} INFO - Processing /home/airflow/.local/lib/python3.7/site-packages/airflow/example_dags/example_bash_operator.py took 0.042 seconds
[2024-06-24T15:28:20.142+0000] {processor.py:156} INFO - Started process (PID=2841) to work on /home/airflow/.local/lib/python3.7/site-packages/airflow/example_dags/example_bash_operator.py
[2024-06-24T15:28:20.142+0000] {processor.py:799} INFO - Processing file /home/airflow/.local/lib/python3.7/site-packages/airflow/example_dags/example_bash_operator.py for tasks to queue
[2024-06-24T15:28:20.142+0000] {logging_mixin.py:149} INFO - [2024-06-24T15:28:20.142+0000] {dagbag.py:541} INFO - Filling up the DagBag from /home/airflow/.local/lib/python3.7/site-packages/airflow/example_dags/example_bash_operator.py
[2024-06-24T15:28:20.149+0000] {processor.py:809} INFO - DAG(s) dict_keys(['example_bash_operator']) retrieved from /home/airflow/.local/lib/python3.7/site-packages/airflow/example_dags/example_bash_operator.py
[2024-06-24T15:28:20.165+0000] {logging_mixin.py:149} INFO - [2024-06-24T15:28:20.165+0000] {dag.py:2726} INFO - Sync 1 DAGs
[2024-06-24T15:28:20.176+0000] {logging_mixin.py:149} INFO - [2024-06-24T15:28:20.176+0000] {dag.py:3490} INFO - Setting next_dagrun for example_bash_operator to 2024-06-23T00:00:00+00:00, run_after=2024-06-24T00:00:00+00:00
[2024-06-24T15:28:20.183+0000] {processor.py:178} INFO - Processing /home/airflow/.local/lib/python3.7/site-packages/airflow/example_dags/example_bash_operator.py took 0.043 seconds
[2024-06-24T15:28:51.031+0000] {processor.py:156} INFO - Started process (PID=2910) to work on /home/airflow/.local/lib/python3.7/site-packages/airflow/example_dags/example_bash_operator.py
[2024-06-24T15:28:51.032+0000] {processor.py:799} INFO - Processing file /home/airflow/.local/lib/python3.7/site-packages/airflow/example_dags/example_bash_operator.py for tasks to queue
[2024-06-24T15:28:51.032+0000] {logging_mixin.py:149} INFO - [2024-06-24T15:28:51.032+0000] {dagbag.py:541} INFO - Filling up the DagBag from /home/airflow/.local/lib/python3.7/site-packages/airflow/example_dags/example_bash_operator.py
[2024-06-24T15:28:51.038+0000] {processor.py:809} INFO - DAG(s) dict_keys(['example_bash_operator']) retrieved from /home/airflow/.local/lib/python3.7/site-packages/airflow/example_dags/example_bash_operator.py
[2024-06-24T15:28:51.053+0000] {logging_mixin.py:149} INFO - [2024-06-24T15:28:51.053+0000] {dag.py:2726} INFO - Sync 1 DAGs
[2024-06-24T15:28:51.066+0000] {logging_mixin.py:149} INFO - [2024-06-24T15:28:51.066+0000] {dag.py:3490} INFO - Setting next_dagrun for example_bash_operator to 2024-06-23T00:00:00+00:00, run_after=2024-06-24T00:00:00+00:00
[2024-06-24T15:28:51.073+0000] {processor.py:178} INFO - Processing /home/airflow/.local/lib/python3.7/site-packages/airflow/example_dags/example_bash_operator.py took 0.043 seconds
[2024-06-24T15:29:21.669+0000] {processor.py:156} INFO - Started process (PID=2978) to work on /home/airflow/.local/lib/python3.7/site-packages/airflow/example_dags/example_bash_operator.py
[2024-06-24T15:29:21.670+0000] {processor.py:799} INFO - Processing file /home/airflow/.local/lib/python3.7/site-packages/airflow/example_dags/example_bash_operator.py for tasks to queue
[2024-06-24T15:29:21.670+0000] {logging_mixin.py:149} INFO - [2024-06-24T15:29:21.670+0000] {dagbag.py:541} INFO - Filling up the DagBag from /home/airflow/.local/lib/python3.7/site-packages/airflow/example_dags/example_bash_operator.py
[2024-06-24T15:29:21.676+0000] {processor.py:809} INFO - DAG(s) dict_keys(['example_bash_operator']) retrieved from /home/airflow/.local/lib/python3.7/site-packages/airflow/example_dags/example_bash_operator.py
[2024-06-24T15:29:21.691+0000] {logging_mixin.py:149} INFO - [2024-06-24T15:29:21.691+0000] {dag.py:2726} INFO - Sync 1 DAGs
[2024-06-24T15:29:21.702+0000] {logging_mixin.py:149} INFO - [2024-06-24T15:29:21.702+0000] {dag.py:3490} INFO - Setting next_dagrun for example_bash_operator to 2024-06-23T00:00:00+00:00, run_after=2024-06-24T00:00:00+00:00
[2024-06-24T15:29:21.710+0000] {processor.py:178} INFO - Processing /home/airflow/.local/lib/python3.7/site-packages/airflow/example_dags/example_bash_operator.py took 0.042 seconds
[2024-06-24T15:29:52.378+0000] {processor.py:156} INFO - Started process (PID=3047) to work on /home/airflow/.local/lib/python3.7/site-packages/airflow/example_dags/example_bash_operator.py
[2024-06-24T15:29:52.378+0000] {processor.py:799} INFO - Processing file /home/airflow/.local/lib/python3.7/site-packages/airflow/example_dags/example_bash_operator.py for tasks to queue
[2024-06-24T15:29:52.378+0000] {logging_mixin.py:149} INFO - [2024-06-24T15:29:52.378+0000] {dagbag.py:541} INFO - Filling up the DagBag from /home/airflow/.local/lib/python3.7/site-packages/airflow/example_dags/example_bash_operator.py
[2024-06-24T15:29:52.385+0000] {processor.py:809} INFO - DAG(s) dict_keys(['example_bash_operator']) retrieved from /home/airflow/.local/lib/python3.7/site-packages/airflow/example_dags/example_bash_operator.py
[2024-06-24T15:29:52.400+0000] {logging_mixin.py:149} INFO - [2024-06-24T15:29:52.400+0000] {dag.py:2726} INFO - Sync 1 DAGs
[2024-06-24T15:29:52.411+0000] {logging_mixin.py:149} INFO - [2024-06-24T15:29:52.411+0000] {dag.py:3490} INFO - Setting next_dagrun for example_bash_operator to 2024-06-23T00:00:00+00:00, run_after=2024-06-24T00:00:00+00:00
[2024-06-24T15:29:52.418+0000] {processor.py:178} INFO - Processing /home/airflow/.local/lib/python3.7/site-packages/airflow/example_dags/example_bash_operator.py took 0.042 seconds
[2024-06-24T15:30:23.025+0000] {processor.py:156} INFO - Started process (PID=3115) to work on /home/airflow/.local/lib/python3.7/site-packages/airflow/example_dags/example_bash_operator.py
[2024-06-24T15:30:23.026+0000] {processor.py:799} INFO - Processing file /home/airflow/.local/lib/python3.7/site-packages/airflow/example_dags/example_bash_operator.py for tasks to queue
[2024-06-24T15:30:23.027+0000] {logging_mixin.py:149} INFO - [2024-06-24T15:30:23.027+0000] {dagbag.py:541} INFO - Filling up the DagBag from /home/airflow/.local/lib/python3.7/site-packages/airflow/example_dags/example_bash_operator.py
[2024-06-24T15:30:23.034+0000] {processor.py:809} INFO - DAG(s) dict_keys(['example_bash_operator']) retrieved from /home/airflow/.local/lib/python3.7/site-packages/airflow/example_dags/example_bash_operator.py
[2024-06-24T15:30:23.049+0000] {logging_mixin.py:149} INFO - [2024-06-24T15:30:23.049+0000] {dag.py:2726} INFO - Sync 1 DAGs
[2024-06-24T15:30:23.061+0000] {logging_mixin.py:149} INFO - [2024-06-24T15:30:23.061+0000] {dag.py:3490} INFO - Setting next_dagrun for example_bash_operator to 2024-06-23T00:00:00+00:00, run_after=2024-06-24T00:00:00+00:00
[2024-06-24T15:30:23.068+0000] {processor.py:178} INFO - Processing /home/airflow/.local/lib/python3.7/site-packages/airflow/example_dags/example_bash_operator.py took 0.044 seconds
