[2024-06-24T15:03:49.271+0000] {processor.py:156} INFO - Started process (PID=51) to work on /home/airflow/.local/lib/python3.7/site-packages/airflow/example_dags/example_branch_python_dop_operator_3.py
[2024-06-24T15:03:49.271+0000] {processor.py:799} INFO - Processing file /home/airflow/.local/lib/python3.7/site-packages/airflow/example_dags/example_branch_python_dop_operator_3.py for tasks to queue
[2024-06-24T15:03:49.271+0000] {logging_mixin.py:149} INFO - [2024-06-24T15:03:49.271+0000] {dagbag.py:541} INFO - Filling up the DagBag from /home/airflow/.local/lib/python3.7/site-packages/airflow/example_dags/example_branch_python_dop_operator_3.py
[2024-06-24T15:03:49.276+0000] {processor.py:809} INFO - DAG(s) dict_keys(['example_branch_dop_operator_v3']) retrieved from /home/airflow/.local/lib/python3.7/site-packages/airflow/example_dags/example_branch_python_dop_operator_3.py
[2024-06-24T15:03:49.330+0000] {logging_mixin.py:149} INFO - [2024-06-24T15:03:49.330+0000] {manager.py:504} INFO - Created Permission View: can delete on DAG:example_branch_dop_operator_v3
[2024-06-24T15:03:49.334+0000] {logging_mixin.py:149} INFO - [2024-06-24T15:03:49.334+0000] {manager.py:504} INFO - Created Permission View: can edit on DAG:example_branch_dop_operator_v3
[2024-06-24T15:03:49.337+0000] {logging_mixin.py:149} INFO - [2024-06-24T15:03:49.337+0000] {manager.py:504} INFO - Created Permission View: can read on DAG:example_branch_dop_operator_v3
[2024-06-24T15:03:49.337+0000] {logging_mixin.py:149} INFO - [2024-06-24T15:03:49.337+0000] {dag.py:2726} INFO - Sync 1 DAGs
[2024-06-24T15:03:49.344+0000] {logging_mixin.py:149} INFO - [2024-06-24T15:03:49.344+0000] {dag.py:2747} INFO - Creating ORM DAG for example_branch_dop_operator_v3
[2024-06-24T15:03:49.352+0000] {logging_mixin.py:149} INFO - [2024-06-24T15:03:49.352+0000] {dag.py:3490} INFO - Setting next_dagrun for example_branch_dop_operator_v3 to 2024-06-24T15:02:00+00:00, run_after=2024-06-24T15:03:00+00:00
[2024-06-24T15:03:49.360+0000] {processor.py:178} INFO - Processing /home/airflow/.local/lib/python3.7/site-packages/airflow/example_dags/example_branch_python_dop_operator_3.py took 0.091 seconds
[2024-06-24T15:04:19.539+0000] {processor.py:156} INFO - Started process (PID=111) to work on /home/airflow/.local/lib/python3.7/site-packages/airflow/example_dags/example_branch_python_dop_operator_3.py
[2024-06-24T15:04:19.539+0000] {processor.py:799} INFO - Processing file /home/airflow/.local/lib/python3.7/site-packages/airflow/example_dags/example_branch_python_dop_operator_3.py for tasks to queue
[2024-06-24T15:04:19.539+0000] {logging_mixin.py:149} INFO - [2024-06-24T15:04:19.539+0000] {dagbag.py:541} INFO - Filling up the DagBag from /home/airflow/.local/lib/python3.7/site-packages/airflow/example_dags/example_branch_python_dop_operator_3.py
[2024-06-24T15:04:19.543+0000] {processor.py:809} INFO - DAG(s) dict_keys(['example_branch_dop_operator_v3']) retrieved from /home/airflow/.local/lib/python3.7/site-packages/airflow/example_dags/example_branch_python_dop_operator_3.py
[2024-06-24T15:04:19.553+0000] {logging_mixin.py:149} INFO - [2024-06-24T15:04:19.553+0000] {dag.py:2726} INFO - Sync 1 DAGs
[2024-06-24T15:04:19.566+0000] {logging_mixin.py:149} INFO - [2024-06-24T15:04:19.566+0000] {dag.py:3490} INFO - Setting next_dagrun for example_branch_dop_operator_v3 to 2024-06-24T15:03:00+00:00, run_after=2024-06-24T15:04:00+00:00
[2024-06-24T15:04:19.573+0000] {processor.py:178} INFO - Processing /home/airflow/.local/lib/python3.7/site-packages/airflow/example_dags/example_branch_python_dop_operator_3.py took 0.036 seconds
[2024-06-24T15:04:50.414+0000] {processor.py:156} INFO - Started process (PID=188) to work on /home/airflow/.local/lib/python3.7/site-packages/airflow/example_dags/example_branch_python_dop_operator_3.py
[2024-06-24T15:04:50.414+0000] {processor.py:799} INFO - Processing file /home/airflow/.local/lib/python3.7/site-packages/airflow/example_dags/example_branch_python_dop_operator_3.py for tasks to queue
[2024-06-24T15:04:50.415+0000] {logging_mixin.py:149} INFO - [2024-06-24T15:04:50.414+0000] {dagbag.py:541} INFO - Filling up the DagBag from /home/airflow/.local/lib/python3.7/site-packages/airflow/example_dags/example_branch_python_dop_operator_3.py
[2024-06-24T15:04:50.418+0000] {processor.py:809} INFO - DAG(s) dict_keys(['example_branch_dop_operator_v3']) retrieved from /home/airflow/.local/lib/python3.7/site-packages/airflow/example_dags/example_branch_python_dop_operator_3.py
[2024-06-24T15:04:50.428+0000] {logging_mixin.py:149} INFO - [2024-06-24T15:04:50.428+0000] {dag.py:2726} INFO - Sync 1 DAGs
[2024-06-24T15:04:50.440+0000] {logging_mixin.py:149} INFO - [2024-06-24T15:04:50.440+0000] {dag.py:3490} INFO - Setting next_dagrun for example_branch_dop_operator_v3 to 2024-06-24T15:03:00+00:00, run_after=2024-06-24T15:04:00+00:00
[2024-06-24T15:04:50.447+0000] {processor.py:178} INFO - Processing /home/airflow/.local/lib/python3.7/site-packages/airflow/example_dags/example_branch_python_dop_operator_3.py took 0.035 seconds
[2024-06-24T15:05:20.970+0000] {processor.py:156} INFO - Started process (PID=257) to work on /home/airflow/.local/lib/python3.7/site-packages/airflow/example_dags/example_branch_python_dop_operator_3.py
[2024-06-24T15:05:20.970+0000] {processor.py:799} INFO - Processing file /home/airflow/.local/lib/python3.7/site-packages/airflow/example_dags/example_branch_python_dop_operator_3.py for tasks to queue
[2024-06-24T15:05:20.971+0000] {logging_mixin.py:149} INFO - [2024-06-24T15:05:20.971+0000] {dagbag.py:541} INFO - Filling up the DagBag from /home/airflow/.local/lib/python3.7/site-packages/airflow/example_dags/example_branch_python_dop_operator_3.py
[2024-06-24T15:05:20.974+0000] {processor.py:809} INFO - DAG(s) dict_keys(['example_branch_dop_operator_v3']) retrieved from /home/airflow/.local/lib/python3.7/site-packages/airflow/example_dags/example_branch_python_dop_operator_3.py
[2024-06-24T15:05:20.984+0000] {logging_mixin.py:149} INFO - [2024-06-24T15:05:20.984+0000] {dag.py:2726} INFO - Sync 1 DAGs
[2024-06-24T15:05:20.996+0000] {logging_mixin.py:149} INFO - [2024-06-24T15:05:20.996+0000] {dag.py:3490} INFO - Setting next_dagrun for example_branch_dop_operator_v3 to 2024-06-24T15:04:00+00:00, run_after=2024-06-24T15:05:00+00:00
[2024-06-24T15:05:21.003+0000] {processor.py:178} INFO - Processing /home/airflow/.local/lib/python3.7/site-packages/airflow/example_dags/example_branch_python_dop_operator_3.py took 0.034 seconds
[2024-06-24T15:05:51.582+0000] {processor.py:156} INFO - Started process (PID=326) to work on /home/airflow/.local/lib/python3.7/site-packages/airflow/example_dags/example_branch_python_dop_operator_3.py
[2024-06-24T15:05:51.583+0000] {processor.py:799} INFO - Processing file /home/airflow/.local/lib/python3.7/site-packages/airflow/example_dags/example_branch_python_dop_operator_3.py for tasks to queue
[2024-06-24T15:05:51.583+0000] {logging_mixin.py:149} INFO - [2024-06-24T15:05:51.583+0000] {dagbag.py:541} INFO - Filling up the DagBag from /home/airflow/.local/lib/python3.7/site-packages/airflow/example_dags/example_branch_python_dop_operator_3.py
[2024-06-24T15:05:51.589+0000] {processor.py:809} INFO - DAG(s) dict_keys(['example_branch_dop_operator_v3']) retrieved from /home/airflow/.local/lib/python3.7/site-packages/airflow/example_dags/example_branch_python_dop_operator_3.py
[2024-06-24T15:05:51.600+0000] {logging_mixin.py:149} INFO - [2024-06-24T15:05:51.600+0000] {dag.py:2726} INFO - Sync 1 DAGs
[2024-06-24T15:05:51.613+0000] {logging_mixin.py:149} INFO - [2024-06-24T15:05:51.613+0000] {dag.py:3490} INFO - Setting next_dagrun for example_branch_dop_operator_v3 to 2024-06-24T15:04:00+00:00, run_after=2024-06-24T15:05:00+00:00
[2024-06-24T15:05:51.622+0000] {processor.py:178} INFO - Processing /home/airflow/.local/lib/python3.7/site-packages/airflow/example_dags/example_branch_python_dop_operator_3.py took 0.042 seconds
[2024-06-24T15:06:22.176+0000] {processor.py:156} INFO - Started process (PID=394) to work on /home/airflow/.local/lib/python3.7/site-packages/airflow/example_dags/example_branch_python_dop_operator_3.py
[2024-06-24T15:06:22.176+0000] {processor.py:799} INFO - Processing file /home/airflow/.local/lib/python3.7/site-packages/airflow/example_dags/example_branch_python_dop_operator_3.py for tasks to queue
[2024-06-24T15:06:22.177+0000] {logging_mixin.py:149} INFO - [2024-06-24T15:06:22.177+0000] {dagbag.py:541} INFO - Filling up the DagBag from /home/airflow/.local/lib/python3.7/site-packages/airflow/example_dags/example_branch_python_dop_operator_3.py
[2024-06-24T15:06:22.180+0000] {processor.py:809} INFO - DAG(s) dict_keys(['example_branch_dop_operator_v3']) retrieved from /home/airflow/.local/lib/python3.7/site-packages/airflow/example_dags/example_branch_python_dop_operator_3.py
[2024-06-24T15:06:22.190+0000] {logging_mixin.py:149} INFO - [2024-06-24T15:06:22.190+0000] {dag.py:2726} INFO - Sync 1 DAGs
[2024-06-24T15:06:22.203+0000] {logging_mixin.py:149} INFO - [2024-06-24T15:06:22.203+0000] {dag.py:3490} INFO - Setting next_dagrun for example_branch_dop_operator_v3 to 2024-06-24T15:05:00+00:00, run_after=2024-06-24T15:06:00+00:00
[2024-06-24T15:06:22.212+0000] {processor.py:178} INFO - Processing /home/airflow/.local/lib/python3.7/site-packages/airflow/example_dags/example_branch_python_dop_operator_3.py took 0.037 seconds
[2024-06-24T15:06:52.851+0000] {processor.py:156} INFO - Started process (PID=463) to work on /home/airflow/.local/lib/python3.7/site-packages/airflow/example_dags/example_branch_python_dop_operator_3.py
[2024-06-24T15:06:52.853+0000] {processor.py:799} INFO - Processing file /home/airflow/.local/lib/python3.7/site-packages/airflow/example_dags/example_branch_python_dop_operator_3.py for tasks to queue
[2024-06-24T15:06:52.854+0000] {logging_mixin.py:149} INFO - [2024-06-24T15:06:52.854+0000] {dagbag.py:541} INFO - Filling up the DagBag from /home/airflow/.local/lib/python3.7/site-packages/airflow/example_dags/example_branch_python_dop_operator_3.py
[2024-06-24T15:06:52.857+0000] {processor.py:809} INFO - DAG(s) dict_keys(['example_branch_dop_operator_v3']) retrieved from /home/airflow/.local/lib/python3.7/site-packages/airflow/example_dags/example_branch_python_dop_operator_3.py
[2024-06-24T15:06:52.868+0000] {logging_mixin.py:149} INFO - [2024-06-24T15:06:52.868+0000] {dag.py:2726} INFO - Sync 1 DAGs
[2024-06-24T15:06:52.881+0000] {logging_mixin.py:149} INFO - [2024-06-24T15:06:52.881+0000] {dag.py:3490} INFO - Setting next_dagrun for example_branch_dop_operator_v3 to 2024-06-24T15:05:00+00:00, run_after=2024-06-24T15:06:00+00:00
[2024-06-24T15:06:52.889+0000] {processor.py:178} INFO - Processing /home/airflow/.local/lib/python3.7/site-packages/airflow/example_dags/example_branch_python_dop_operator_3.py took 0.038 seconds
[2024-06-24T15:07:53.159+0000] {processor.py:156} INFO - Started process (PID=51) to work on /home/airflow/.local/lib/python3.7/site-packages/airflow/example_dags/example_branch_python_dop_operator_3.py
[2024-06-24T15:07:53.159+0000] {processor.py:799} INFO - Processing file /home/airflow/.local/lib/python3.7/site-packages/airflow/example_dags/example_branch_python_dop_operator_3.py for tasks to queue
[2024-06-24T15:07:53.160+0000] {logging_mixin.py:149} INFO - [2024-06-24T15:07:53.160+0000] {dagbag.py:541} INFO - Filling up the DagBag from /home/airflow/.local/lib/python3.7/site-packages/airflow/example_dags/example_branch_python_dop_operator_3.py
[2024-06-24T15:07:53.165+0000] {processor.py:809} INFO - DAG(s) dict_keys(['example_branch_dop_operator_v3']) retrieved from /home/airflow/.local/lib/python3.7/site-packages/airflow/example_dags/example_branch_python_dop_operator_3.py
[2024-06-24T15:07:53.171+0000] {logging_mixin.py:149} INFO - [2024-06-24T15:07:53.171+0000] {dag.py:2726} INFO - Sync 1 DAGs
[2024-06-24T15:07:53.187+0000] {logging_mixin.py:149} INFO - [2024-06-24T15:07:53.187+0000] {dag.py:3490} INFO - Setting next_dagrun for example_branch_dop_operator_v3 to 2024-06-24T15:06:00+00:00, run_after=2024-06-24T15:07:00+00:00
[2024-06-24T15:07:53.195+0000] {processor.py:178} INFO - Processing /home/airflow/.local/lib/python3.7/site-packages/airflow/example_dags/example_branch_python_dop_operator_3.py took 0.038 seconds
[2024-06-24T15:08:23.576+0000] {processor.py:156} INFO - Started process (PID=115) to work on /home/airflow/.local/lib/python3.7/site-packages/airflow/example_dags/example_branch_python_dop_operator_3.py
[2024-06-24T15:08:23.576+0000] {processor.py:799} INFO - Processing file /home/airflow/.local/lib/python3.7/site-packages/airflow/example_dags/example_branch_python_dop_operator_3.py for tasks to queue
[2024-06-24T15:08:23.576+0000] {logging_mixin.py:149} INFO - [2024-06-24T15:08:23.576+0000] {dagbag.py:541} INFO - Filling up the DagBag from /home/airflow/.local/lib/python3.7/site-packages/airflow/example_dags/example_branch_python_dop_operator_3.py
[2024-06-24T15:08:23.580+0000] {processor.py:809} INFO - DAG(s) dict_keys(['example_branch_dop_operator_v3']) retrieved from /home/airflow/.local/lib/python3.7/site-packages/airflow/example_dags/example_branch_python_dop_operator_3.py
[2024-06-24T15:08:23.590+0000] {logging_mixin.py:149} INFO - [2024-06-24T15:08:23.590+0000] {dag.py:2726} INFO - Sync 1 DAGs
[2024-06-24T15:08:23.603+0000] {logging_mixin.py:149} INFO - [2024-06-24T15:08:23.603+0000] {dag.py:3490} INFO - Setting next_dagrun for example_branch_dop_operator_v3 to 2024-06-24T15:07:00+00:00, run_after=2024-06-24T15:08:00+00:00
[2024-06-24T15:08:23.609+0000] {processor.py:178} INFO - Processing /home/airflow/.local/lib/python3.7/site-packages/airflow/example_dags/example_branch_python_dop_operator_3.py took 0.035 seconds
[2024-06-24T15:08:54.353+0000] {processor.py:156} INFO - Started process (PID=193) to work on /home/airflow/.local/lib/python3.7/site-packages/airflow/example_dags/example_branch_python_dop_operator_3.py
[2024-06-24T15:08:54.354+0000] {processor.py:799} INFO - Processing file /home/airflow/.local/lib/python3.7/site-packages/airflow/example_dags/example_branch_python_dop_operator_3.py for tasks to queue
[2024-06-24T15:08:54.354+0000] {logging_mixin.py:149} INFO - [2024-06-24T15:08:54.354+0000] {dagbag.py:541} INFO - Filling up the DagBag from /home/airflow/.local/lib/python3.7/site-packages/airflow/example_dags/example_branch_python_dop_operator_3.py
[2024-06-24T15:08:54.357+0000] {processor.py:809} INFO - DAG(s) dict_keys(['example_branch_dop_operator_v3']) retrieved from /home/airflow/.local/lib/python3.7/site-packages/airflow/example_dags/example_branch_python_dop_operator_3.py
[2024-06-24T15:08:54.368+0000] {logging_mixin.py:149} INFO - [2024-06-24T15:08:54.368+0000] {dag.py:2726} INFO - Sync 1 DAGs
[2024-06-24T15:08:54.380+0000] {logging_mixin.py:149} INFO - [2024-06-24T15:08:54.380+0000] {dag.py:3490} INFO - Setting next_dagrun for example_branch_dop_operator_v3 to 2024-06-24T15:07:00+00:00, run_after=2024-06-24T15:08:00+00:00
[2024-06-24T15:08:54.387+0000] {processor.py:178} INFO - Processing /home/airflow/.local/lib/python3.7/site-packages/airflow/example_dags/example_branch_python_dop_operator_3.py took 0.035 seconds
[2024-06-24T15:09:25.139+0000] {processor.py:156} INFO - Started process (PID=262) to work on /home/airflow/.local/lib/python3.7/site-packages/airflow/example_dags/example_branch_python_dop_operator_3.py
[2024-06-24T15:09:25.139+0000] {processor.py:799} INFO - Processing file /home/airflow/.local/lib/python3.7/site-packages/airflow/example_dags/example_branch_python_dop_operator_3.py for tasks to queue
[2024-06-24T15:09:25.139+0000] {logging_mixin.py:149} INFO - [2024-06-24T15:09:25.139+0000] {dagbag.py:541} INFO - Filling up the DagBag from /home/airflow/.local/lib/python3.7/site-packages/airflow/example_dags/example_branch_python_dop_operator_3.py
[2024-06-24T15:09:25.143+0000] {processor.py:809} INFO - DAG(s) dict_keys(['example_branch_dop_operator_v3']) retrieved from /home/airflow/.local/lib/python3.7/site-packages/airflow/example_dags/example_branch_python_dop_operator_3.py
[2024-06-24T15:09:25.153+0000] {logging_mixin.py:149} INFO - [2024-06-24T15:09:25.153+0000] {dag.py:2726} INFO - Sync 1 DAGs
[2024-06-24T15:09:25.164+0000] {logging_mixin.py:149} INFO - [2024-06-24T15:09:25.164+0000] {dag.py:3490} INFO - Setting next_dagrun for example_branch_dop_operator_v3 to 2024-06-24T15:08:00+00:00, run_after=2024-06-24T15:09:00+00:00
[2024-06-24T15:09:25.171+0000] {processor.py:178} INFO - Processing /home/airflow/.local/lib/python3.7/site-packages/airflow/example_dags/example_branch_python_dop_operator_3.py took 0.034 seconds
[2024-06-24T15:09:55.744+0000] {processor.py:156} INFO - Started process (PID=331) to work on /home/airflow/.local/lib/python3.7/site-packages/airflow/example_dags/example_branch_python_dop_operator_3.py
[2024-06-24T15:09:55.744+0000] {processor.py:799} INFO - Processing file /home/airflow/.local/lib/python3.7/site-packages/airflow/example_dags/example_branch_python_dop_operator_3.py for tasks to queue
[2024-06-24T15:09:55.744+0000] {logging_mixin.py:149} INFO - [2024-06-24T15:09:55.744+0000] {dagbag.py:541} INFO - Filling up the DagBag from /home/airflow/.local/lib/python3.7/site-packages/airflow/example_dags/example_branch_python_dop_operator_3.py
[2024-06-24T15:09:55.748+0000] {processor.py:809} INFO - DAG(s) dict_keys(['example_branch_dop_operator_v3']) retrieved from /home/airflow/.local/lib/python3.7/site-packages/airflow/example_dags/example_branch_python_dop_operator_3.py
[2024-06-24T15:09:55.759+0000] {logging_mixin.py:149} INFO - [2024-06-24T15:09:55.759+0000] {dag.py:2726} INFO - Sync 1 DAGs
[2024-06-24T15:09:55.771+0000] {logging_mixin.py:149} INFO - [2024-06-24T15:09:55.771+0000] {dag.py:3490} INFO - Setting next_dagrun for example_branch_dop_operator_v3 to 2024-06-24T15:08:00+00:00, run_after=2024-06-24T15:09:00+00:00
[2024-06-24T15:09:55.778+0000] {processor.py:178} INFO - Processing /home/airflow/.local/lib/python3.7/site-packages/airflow/example_dags/example_branch_python_dop_operator_3.py took 0.036 seconds
[2024-06-24T15:10:26.397+0000] {processor.py:156} INFO - Started process (PID=400) to work on /home/airflow/.local/lib/python3.7/site-packages/airflow/example_dags/example_branch_python_dop_operator_3.py
[2024-06-24T15:10:26.397+0000] {processor.py:799} INFO - Processing file /home/airflow/.local/lib/python3.7/site-packages/airflow/example_dags/example_branch_python_dop_operator_3.py for tasks to queue
[2024-06-24T15:10:26.397+0000] {logging_mixin.py:149} INFO - [2024-06-24T15:10:26.397+0000] {dagbag.py:541} INFO - Filling up the DagBag from /home/airflow/.local/lib/python3.7/site-packages/airflow/example_dags/example_branch_python_dop_operator_3.py
[2024-06-24T15:10:26.401+0000] {processor.py:809} INFO - DAG(s) dict_keys(['example_branch_dop_operator_v3']) retrieved from /home/airflow/.local/lib/python3.7/site-packages/airflow/example_dags/example_branch_python_dop_operator_3.py
[2024-06-24T15:10:26.416+0000] {logging_mixin.py:149} INFO - [2024-06-24T15:10:26.416+0000] {dag.py:2726} INFO - Sync 1 DAGs
[2024-06-24T15:10:26.430+0000] {logging_mixin.py:149} INFO - [2024-06-24T15:10:26.430+0000] {dag.py:3490} INFO - Setting next_dagrun for example_branch_dop_operator_v3 to 2024-06-24T15:09:00+00:00, run_after=2024-06-24T15:10:00+00:00
[2024-06-24T15:10:26.437+0000] {processor.py:178} INFO - Processing /home/airflow/.local/lib/python3.7/site-packages/airflow/example_dags/example_branch_python_dop_operator_3.py took 0.042 seconds
[2024-06-24T15:10:57.142+0000] {processor.py:156} INFO - Started process (PID=469) to work on /home/airflow/.local/lib/python3.7/site-packages/airflow/example_dags/example_branch_python_dop_operator_3.py
[2024-06-24T15:10:57.142+0000] {processor.py:799} INFO - Processing file /home/airflow/.local/lib/python3.7/site-packages/airflow/example_dags/example_branch_python_dop_operator_3.py for tasks to queue
[2024-06-24T15:10:57.142+0000] {logging_mixin.py:149} INFO - [2024-06-24T15:10:57.142+0000] {dagbag.py:541} INFO - Filling up the DagBag from /home/airflow/.local/lib/python3.7/site-packages/airflow/example_dags/example_branch_python_dop_operator_3.py
[2024-06-24T15:10:57.146+0000] {processor.py:809} INFO - DAG(s) dict_keys(['example_branch_dop_operator_v3']) retrieved from /home/airflow/.local/lib/python3.7/site-packages/airflow/example_dags/example_branch_python_dop_operator_3.py
[2024-06-24T15:10:57.156+0000] {logging_mixin.py:149} INFO - [2024-06-24T15:10:57.156+0000] {dag.py:2726} INFO - Sync 1 DAGs
[2024-06-24T15:10:57.169+0000] {logging_mixin.py:149} INFO - [2024-06-24T15:10:57.169+0000] {dag.py:3490} INFO - Setting next_dagrun for example_branch_dop_operator_v3 to 2024-06-24T15:09:00+00:00, run_after=2024-06-24T15:10:00+00:00
[2024-06-24T15:10:57.176+0000] {processor.py:178} INFO - Processing /home/airflow/.local/lib/python3.7/site-packages/airflow/example_dags/example_branch_python_dop_operator_3.py took 0.036 seconds
[2024-06-24T15:11:27.869+0000] {processor.py:156} INFO - Started process (PID=538) to work on /home/airflow/.local/lib/python3.7/site-packages/airflow/example_dags/example_branch_python_dop_operator_3.py
[2024-06-24T15:11:27.869+0000] {processor.py:799} INFO - Processing file /home/airflow/.local/lib/python3.7/site-packages/airflow/example_dags/example_branch_python_dop_operator_3.py for tasks to queue
[2024-06-24T15:11:27.869+0000] {logging_mixin.py:149} INFO - [2024-06-24T15:11:27.869+0000] {dagbag.py:541} INFO - Filling up the DagBag from /home/airflow/.local/lib/python3.7/site-packages/airflow/example_dags/example_branch_python_dop_operator_3.py
[2024-06-24T15:11:27.873+0000] {processor.py:809} INFO - DAG(s) dict_keys(['example_branch_dop_operator_v3']) retrieved from /home/airflow/.local/lib/python3.7/site-packages/airflow/example_dags/example_branch_python_dop_operator_3.py
[2024-06-24T15:11:27.883+0000] {logging_mixin.py:149} INFO - [2024-06-24T15:11:27.883+0000] {dag.py:2726} INFO - Sync 1 DAGs
[2024-06-24T15:11:27.895+0000] {logging_mixin.py:149} INFO - [2024-06-24T15:11:27.895+0000] {dag.py:3490} INFO - Setting next_dagrun for example_branch_dop_operator_v3 to 2024-06-24T15:10:00+00:00, run_after=2024-06-24T15:11:00+00:00
[2024-06-24T15:11:27.902+0000] {processor.py:178} INFO - Processing /home/airflow/.local/lib/python3.7/site-packages/airflow/example_dags/example_branch_python_dop_operator_3.py took 0.034 seconds
[2024-06-24T15:11:58.597+0000] {processor.py:156} INFO - Started process (PID=607) to work on /home/airflow/.local/lib/python3.7/site-packages/airflow/example_dags/example_branch_python_dop_operator_3.py
[2024-06-24T15:11:58.597+0000] {processor.py:799} INFO - Processing file /home/airflow/.local/lib/python3.7/site-packages/airflow/example_dags/example_branch_python_dop_operator_3.py for tasks to queue
[2024-06-24T15:11:58.597+0000] {logging_mixin.py:149} INFO - [2024-06-24T15:11:58.597+0000] {dagbag.py:541} INFO - Filling up the DagBag from /home/airflow/.local/lib/python3.7/site-packages/airflow/example_dags/example_branch_python_dop_operator_3.py
[2024-06-24T15:11:58.600+0000] {processor.py:809} INFO - DAG(s) dict_keys(['example_branch_dop_operator_v3']) retrieved from /home/airflow/.local/lib/python3.7/site-packages/airflow/example_dags/example_branch_python_dop_operator_3.py
[2024-06-24T15:11:58.610+0000] {logging_mixin.py:149} INFO - [2024-06-24T15:11:58.610+0000] {dag.py:2726} INFO - Sync 1 DAGs
[2024-06-24T15:11:58.621+0000] {logging_mixin.py:149} INFO - [2024-06-24T15:11:58.621+0000] {dag.py:3490} INFO - Setting next_dagrun for example_branch_dop_operator_v3 to 2024-06-24T15:10:00+00:00, run_after=2024-06-24T15:11:00+00:00
[2024-06-24T15:11:58.628+0000] {processor.py:178} INFO - Processing /home/airflow/.local/lib/python3.7/site-packages/airflow/example_dags/example_branch_python_dop_operator_3.py took 0.032 seconds
[2024-06-24T15:12:29.329+0000] {processor.py:156} INFO - Started process (PID=676) to work on /home/airflow/.local/lib/python3.7/site-packages/airflow/example_dags/example_branch_python_dop_operator_3.py
[2024-06-24T15:12:29.330+0000] {processor.py:799} INFO - Processing file /home/airflow/.local/lib/python3.7/site-packages/airflow/example_dags/example_branch_python_dop_operator_3.py for tasks to queue
[2024-06-24T15:12:29.330+0000] {logging_mixin.py:149} INFO - [2024-06-24T15:12:29.330+0000] {dagbag.py:541} INFO - Filling up the DagBag from /home/airflow/.local/lib/python3.7/site-packages/airflow/example_dags/example_branch_python_dop_operator_3.py
[2024-06-24T15:12:29.333+0000] {processor.py:809} INFO - DAG(s) dict_keys(['example_branch_dop_operator_v3']) retrieved from /home/airflow/.local/lib/python3.7/site-packages/airflow/example_dags/example_branch_python_dop_operator_3.py
[2024-06-24T15:12:29.343+0000] {logging_mixin.py:149} INFO - [2024-06-24T15:12:29.343+0000] {dag.py:2726} INFO - Sync 1 DAGs
[2024-06-24T15:12:29.356+0000] {logging_mixin.py:149} INFO - [2024-06-24T15:12:29.356+0000] {dag.py:3490} INFO - Setting next_dagrun for example_branch_dop_operator_v3 to 2024-06-24T15:11:00+00:00, run_after=2024-06-24T15:12:00+00:00
[2024-06-24T15:12:29.364+0000] {processor.py:178} INFO - Processing /home/airflow/.local/lib/python3.7/site-packages/airflow/example_dags/example_branch_python_dop_operator_3.py took 0.036 seconds
[2024-06-24T15:12:59.978+0000] {processor.py:156} INFO - Started process (PID=745) to work on /home/airflow/.local/lib/python3.7/site-packages/airflow/example_dags/example_branch_python_dop_operator_3.py
[2024-06-24T15:12:59.979+0000] {processor.py:799} INFO - Processing file /home/airflow/.local/lib/python3.7/site-packages/airflow/example_dags/example_branch_python_dop_operator_3.py for tasks to queue
[2024-06-24T15:12:59.979+0000] {logging_mixin.py:149} INFO - [2024-06-24T15:12:59.979+0000] {dagbag.py:541} INFO - Filling up the DagBag from /home/airflow/.local/lib/python3.7/site-packages/airflow/example_dags/example_branch_python_dop_operator_3.py
[2024-06-24T15:12:59.982+0000] {processor.py:809} INFO - DAG(s) dict_keys(['example_branch_dop_operator_v3']) retrieved from /home/airflow/.local/lib/python3.7/site-packages/airflow/example_dags/example_branch_python_dop_operator_3.py
[2024-06-24T15:12:59.992+0000] {logging_mixin.py:149} INFO - [2024-06-24T15:12:59.992+0000] {dag.py:2726} INFO - Sync 1 DAGs
[2024-06-24T15:13:00.005+0000] {logging_mixin.py:149} INFO - [2024-06-24T15:13:00.005+0000] {dag.py:3490} INFO - Setting next_dagrun for example_branch_dop_operator_v3 to 2024-06-24T15:12:00+00:00, run_after=2024-06-24T15:13:00+00:00
[2024-06-24T15:13:00.013+0000] {processor.py:178} INFO - Processing /home/airflow/.local/lib/python3.7/site-packages/airflow/example_dags/example_branch_python_dop_operator_3.py took 0.036 seconds
[2024-06-24T15:13:30.673+0000] {processor.py:156} INFO - Started process (PID=814) to work on /home/airflow/.local/lib/python3.7/site-packages/airflow/example_dags/example_branch_python_dop_operator_3.py
[2024-06-24T15:13:30.673+0000] {processor.py:799} INFO - Processing file /home/airflow/.local/lib/python3.7/site-packages/airflow/example_dags/example_branch_python_dop_operator_3.py for tasks to queue
[2024-06-24T15:13:30.674+0000] {logging_mixin.py:149} INFO - [2024-06-24T15:13:30.673+0000] {dagbag.py:541} INFO - Filling up the DagBag from /home/airflow/.local/lib/python3.7/site-packages/airflow/example_dags/example_branch_python_dop_operator_3.py
[2024-06-24T15:13:30.677+0000] {processor.py:809} INFO - DAG(s) dict_keys(['example_branch_dop_operator_v3']) retrieved from /home/airflow/.local/lib/python3.7/site-packages/airflow/example_dags/example_branch_python_dop_operator_3.py
[2024-06-24T15:13:30.689+0000] {logging_mixin.py:149} INFO - [2024-06-24T15:13:30.689+0000] {dag.py:2726} INFO - Sync 1 DAGs
[2024-06-24T15:13:30.701+0000] {logging_mixin.py:149} INFO - [2024-06-24T15:13:30.701+0000] {dag.py:3490} INFO - Setting next_dagrun for example_branch_dop_operator_v3 to 2024-06-24T15:12:00+00:00, run_after=2024-06-24T15:13:00+00:00
[2024-06-24T15:13:30.710+0000] {processor.py:178} INFO - Processing /home/airflow/.local/lib/python3.7/site-packages/airflow/example_dags/example_branch_python_dop_operator_3.py took 0.039 seconds
[2024-06-24T15:14:01.264+0000] {processor.py:156} INFO - Started process (PID=883) to work on /home/airflow/.local/lib/python3.7/site-packages/airflow/example_dags/example_branch_python_dop_operator_3.py
[2024-06-24T15:14:01.264+0000] {processor.py:799} INFO - Processing file /home/airflow/.local/lib/python3.7/site-packages/airflow/example_dags/example_branch_python_dop_operator_3.py for tasks to queue
[2024-06-24T15:14:01.265+0000] {logging_mixin.py:149} INFO - [2024-06-24T15:14:01.265+0000] {dagbag.py:541} INFO - Filling up the DagBag from /home/airflow/.local/lib/python3.7/site-packages/airflow/example_dags/example_branch_python_dop_operator_3.py
[2024-06-24T15:14:01.268+0000] {processor.py:809} INFO - DAG(s) dict_keys(['example_branch_dop_operator_v3']) retrieved from /home/airflow/.local/lib/python3.7/site-packages/airflow/example_dags/example_branch_python_dop_operator_3.py
[2024-06-24T15:14:01.278+0000] {logging_mixin.py:149} INFO - [2024-06-24T15:14:01.278+0000] {dag.py:2726} INFO - Sync 1 DAGs
[2024-06-24T15:14:01.290+0000] {logging_mixin.py:149} INFO - [2024-06-24T15:14:01.290+0000] {dag.py:3490} INFO - Setting next_dagrun for example_branch_dop_operator_v3 to 2024-06-24T15:13:00+00:00, run_after=2024-06-24T15:14:00+00:00
[2024-06-24T15:14:01.297+0000] {processor.py:178} INFO - Processing /home/airflow/.local/lib/python3.7/site-packages/airflow/example_dags/example_branch_python_dop_operator_3.py took 0.034 seconds
[2024-06-24T15:14:31.741+0000] {processor.py:156} INFO - Started process (PID=952) to work on /home/airflow/.local/lib/python3.7/site-packages/airflow/example_dags/example_branch_python_dop_operator_3.py
[2024-06-24T15:14:31.741+0000] {processor.py:799} INFO - Processing file /home/airflow/.local/lib/python3.7/site-packages/airflow/example_dags/example_branch_python_dop_operator_3.py for tasks to queue
[2024-06-24T15:14:31.741+0000] {logging_mixin.py:149} INFO - [2024-06-24T15:14:31.741+0000] {dagbag.py:541} INFO - Filling up the DagBag from /home/airflow/.local/lib/python3.7/site-packages/airflow/example_dags/example_branch_python_dop_operator_3.py
[2024-06-24T15:14:31.745+0000] {processor.py:809} INFO - DAG(s) dict_keys(['example_branch_dop_operator_v3']) retrieved from /home/airflow/.local/lib/python3.7/site-packages/airflow/example_dags/example_branch_python_dop_operator_3.py
[2024-06-24T15:14:31.755+0000] {logging_mixin.py:149} INFO - [2024-06-24T15:14:31.755+0000] {dag.py:2726} INFO - Sync 1 DAGs
[2024-06-24T15:14:31.767+0000] {logging_mixin.py:149} INFO - [2024-06-24T15:14:31.767+0000] {dag.py:3490} INFO - Setting next_dagrun for example_branch_dop_operator_v3 to 2024-06-24T15:13:00+00:00, run_after=2024-06-24T15:14:00+00:00
[2024-06-24T15:14:31.774+0000] {processor.py:178} INFO - Processing /home/airflow/.local/lib/python3.7/site-packages/airflow/example_dags/example_branch_python_dop_operator_3.py took 0.035 seconds
[2024-06-24T15:15:02.162+0000] {processor.py:156} INFO - Started process (PID=1021) to work on /home/airflow/.local/lib/python3.7/site-packages/airflow/example_dags/example_branch_python_dop_operator_3.py
[2024-06-24T15:15:02.163+0000] {processor.py:799} INFO - Processing file /home/airflow/.local/lib/python3.7/site-packages/airflow/example_dags/example_branch_python_dop_operator_3.py for tasks to queue
[2024-06-24T15:15:02.163+0000] {logging_mixin.py:149} INFO - [2024-06-24T15:15:02.163+0000] {dagbag.py:541} INFO - Filling up the DagBag from /home/airflow/.local/lib/python3.7/site-packages/airflow/example_dags/example_branch_python_dop_operator_3.py
[2024-06-24T15:15:02.166+0000] {processor.py:809} INFO - DAG(s) dict_keys(['example_branch_dop_operator_v3']) retrieved from /home/airflow/.local/lib/python3.7/site-packages/airflow/example_dags/example_branch_python_dop_operator_3.py
[2024-06-24T15:15:02.176+0000] {logging_mixin.py:149} INFO - [2024-06-24T15:15:02.176+0000] {dag.py:2726} INFO - Sync 1 DAGs
[2024-06-24T15:15:02.188+0000] {logging_mixin.py:149} INFO - [2024-06-24T15:15:02.188+0000] {dag.py:3490} INFO - Setting next_dagrun for example_branch_dop_operator_v3 to 2024-06-24T15:14:00+00:00, run_after=2024-06-24T15:15:00+00:00
[2024-06-24T15:15:02.196+0000] {processor.py:178} INFO - Processing /home/airflow/.local/lib/python3.7/site-packages/airflow/example_dags/example_branch_python_dop_operator_3.py took 0.035 seconds
[2024-06-24T15:15:32.859+0000] {processor.py:156} INFO - Started process (PID=1099) to work on /home/airflow/.local/lib/python3.7/site-packages/airflow/example_dags/example_branch_python_dop_operator_3.py
[2024-06-24T15:15:32.859+0000] {processor.py:799} INFO - Processing file /home/airflow/.local/lib/python3.7/site-packages/airflow/example_dags/example_branch_python_dop_operator_3.py for tasks to queue
[2024-06-24T15:15:32.859+0000] {logging_mixin.py:149} INFO - [2024-06-24T15:15:32.859+0000] {dagbag.py:541} INFO - Filling up the DagBag from /home/airflow/.local/lib/python3.7/site-packages/airflow/example_dags/example_branch_python_dop_operator_3.py
[2024-06-24T15:15:32.862+0000] {processor.py:809} INFO - DAG(s) dict_keys(['example_branch_dop_operator_v3']) retrieved from /home/airflow/.local/lib/python3.7/site-packages/airflow/example_dags/example_branch_python_dop_operator_3.py
[2024-06-24T15:15:32.873+0000] {logging_mixin.py:149} INFO - [2024-06-24T15:15:32.873+0000] {dag.py:2726} INFO - Sync 1 DAGs
[2024-06-24T15:15:32.886+0000] {logging_mixin.py:149} INFO - [2024-06-24T15:15:32.886+0000] {dag.py:3490} INFO - Setting next_dagrun for example_branch_dop_operator_v3 to 2024-06-24T15:14:00+00:00, run_after=2024-06-24T15:15:00+00:00
[2024-06-24T15:15:32.894+0000] {processor.py:178} INFO - Processing /home/airflow/.local/lib/python3.7/site-packages/airflow/example_dags/example_branch_python_dop_operator_3.py took 0.037 seconds
[2024-06-24T15:16:03.455+0000] {processor.py:156} INFO - Started process (PID=1168) to work on /home/airflow/.local/lib/python3.7/site-packages/airflow/example_dags/example_branch_python_dop_operator_3.py
[2024-06-24T15:16:03.455+0000] {processor.py:799} INFO - Processing file /home/airflow/.local/lib/python3.7/site-packages/airflow/example_dags/example_branch_python_dop_operator_3.py for tasks to queue
[2024-06-24T15:16:03.456+0000] {logging_mixin.py:149} INFO - [2024-06-24T15:16:03.456+0000] {dagbag.py:541} INFO - Filling up the DagBag from /home/airflow/.local/lib/python3.7/site-packages/airflow/example_dags/example_branch_python_dop_operator_3.py
[2024-06-24T15:16:03.459+0000] {processor.py:809} INFO - DAG(s) dict_keys(['example_branch_dop_operator_v3']) retrieved from /home/airflow/.local/lib/python3.7/site-packages/airflow/example_dags/example_branch_python_dop_operator_3.py
[2024-06-24T15:16:03.470+0000] {logging_mixin.py:149} INFO - [2024-06-24T15:16:03.470+0000] {dag.py:2726} INFO - Sync 1 DAGs
[2024-06-24T15:16:03.482+0000] {logging_mixin.py:149} INFO - [2024-06-24T15:16:03.482+0000] {dag.py:3490} INFO - Setting next_dagrun for example_branch_dop_operator_v3 to 2024-06-24T15:15:00+00:00, run_after=2024-06-24T15:16:00+00:00
[2024-06-24T15:16:03.490+0000] {processor.py:178} INFO - Processing /home/airflow/.local/lib/python3.7/site-packages/airflow/example_dags/example_branch_python_dop_operator_3.py took 0.036 seconds
[2024-06-24T15:16:34.172+0000] {processor.py:156} INFO - Started process (PID=1237) to work on /home/airflow/.local/lib/python3.7/site-packages/airflow/example_dags/example_branch_python_dop_operator_3.py
[2024-06-24T15:16:34.173+0000] {processor.py:799} INFO - Processing file /home/airflow/.local/lib/python3.7/site-packages/airflow/example_dags/example_branch_python_dop_operator_3.py for tasks to queue
[2024-06-24T15:16:34.173+0000] {logging_mixin.py:149} INFO - [2024-06-24T15:16:34.173+0000] {dagbag.py:541} INFO - Filling up the DagBag from /home/airflow/.local/lib/python3.7/site-packages/airflow/example_dags/example_branch_python_dop_operator_3.py
[2024-06-24T15:16:34.176+0000] {processor.py:809} INFO - DAG(s) dict_keys(['example_branch_dop_operator_v3']) retrieved from /home/airflow/.local/lib/python3.7/site-packages/airflow/example_dags/example_branch_python_dop_operator_3.py
[2024-06-24T15:16:34.186+0000] {logging_mixin.py:149} INFO - [2024-06-24T15:16:34.186+0000] {dag.py:2726} INFO - Sync 1 DAGs
[2024-06-24T15:16:34.199+0000] {logging_mixin.py:149} INFO - [2024-06-24T15:16:34.198+0000] {dag.py:3490} INFO - Setting next_dagrun for example_branch_dop_operator_v3 to 2024-06-24T15:15:00+00:00, run_after=2024-06-24T15:16:00+00:00
[2024-06-24T15:16:34.208+0000] {processor.py:178} INFO - Processing /home/airflow/.local/lib/python3.7/site-packages/airflow/example_dags/example_branch_python_dop_operator_3.py took 0.037 seconds
[2024-06-24T15:17:04.766+0000] {processor.py:156} INFO - Started process (PID=1306) to work on /home/airflow/.local/lib/python3.7/site-packages/airflow/example_dags/example_branch_python_dop_operator_3.py
[2024-06-24T15:17:04.766+0000] {processor.py:799} INFO - Processing file /home/airflow/.local/lib/python3.7/site-packages/airflow/example_dags/example_branch_python_dop_operator_3.py for tasks to queue
[2024-06-24T15:17:04.767+0000] {logging_mixin.py:149} INFO - [2024-06-24T15:17:04.766+0000] {dagbag.py:541} INFO - Filling up the DagBag from /home/airflow/.local/lib/python3.7/site-packages/airflow/example_dags/example_branch_python_dop_operator_3.py
[2024-06-24T15:17:04.770+0000] {processor.py:809} INFO - DAG(s) dict_keys(['example_branch_dop_operator_v3']) retrieved from /home/airflow/.local/lib/python3.7/site-packages/airflow/example_dags/example_branch_python_dop_operator_3.py
[2024-06-24T15:17:04.780+0000] {logging_mixin.py:149} INFO - [2024-06-24T15:17:04.780+0000] {dag.py:2726} INFO - Sync 1 DAGs
[2024-06-24T15:17:04.792+0000] {logging_mixin.py:149} INFO - [2024-06-24T15:17:04.792+0000] {dag.py:3490} INFO - Setting next_dagrun for example_branch_dop_operator_v3 to 2024-06-24T15:16:00+00:00, run_after=2024-06-24T15:17:00+00:00
[2024-06-24T15:17:04.799+0000] {processor.py:178} INFO - Processing /home/airflow/.local/lib/python3.7/site-packages/airflow/example_dags/example_branch_python_dop_operator_3.py took 0.035 seconds
[2024-06-24T15:17:35.316+0000] {processor.py:156} INFO - Started process (PID=1374) to work on /home/airflow/.local/lib/python3.7/site-packages/airflow/example_dags/example_branch_python_dop_operator_3.py
[2024-06-24T15:17:35.317+0000] {processor.py:799} INFO - Processing file /home/airflow/.local/lib/python3.7/site-packages/airflow/example_dags/example_branch_python_dop_operator_3.py for tasks to queue
[2024-06-24T15:17:35.317+0000] {logging_mixin.py:149} INFO - [2024-06-24T15:17:35.317+0000] {dagbag.py:541} INFO - Filling up the DagBag from /home/airflow/.local/lib/python3.7/site-packages/airflow/example_dags/example_branch_python_dop_operator_3.py
[2024-06-24T15:17:35.320+0000] {processor.py:809} INFO - DAG(s) dict_keys(['example_branch_dop_operator_v3']) retrieved from /home/airflow/.local/lib/python3.7/site-packages/airflow/example_dags/example_branch_python_dop_operator_3.py
[2024-06-24T15:17:35.332+0000] {logging_mixin.py:149} INFO - [2024-06-24T15:17:35.332+0000] {dag.py:2726} INFO - Sync 1 DAGs
[2024-06-24T15:17:35.345+0000] {logging_mixin.py:149} INFO - [2024-06-24T15:17:35.345+0000] {dag.py:3490} INFO - Setting next_dagrun for example_branch_dop_operator_v3 to 2024-06-24T15:16:00+00:00, run_after=2024-06-24T15:17:00+00:00
[2024-06-24T15:17:35.353+0000] {processor.py:178} INFO - Processing /home/airflow/.local/lib/python3.7/site-packages/airflow/example_dags/example_branch_python_dop_operator_3.py took 0.038 seconds
[2024-06-24T15:18:05.856+0000] {processor.py:156} INFO - Started process (PID=1443) to work on /home/airflow/.local/lib/python3.7/site-packages/airflow/example_dags/example_branch_python_dop_operator_3.py
[2024-06-24T15:18:05.856+0000] {processor.py:799} INFO - Processing file /home/airflow/.local/lib/python3.7/site-packages/airflow/example_dags/example_branch_python_dop_operator_3.py for tasks to queue
[2024-06-24T15:18:05.856+0000] {logging_mixin.py:149} INFO - [2024-06-24T15:18:05.856+0000] {dagbag.py:541} INFO - Filling up the DagBag from /home/airflow/.local/lib/python3.7/site-packages/airflow/example_dags/example_branch_python_dop_operator_3.py
[2024-06-24T15:18:05.860+0000] {processor.py:809} INFO - DAG(s) dict_keys(['example_branch_dop_operator_v3']) retrieved from /home/airflow/.local/lib/python3.7/site-packages/airflow/example_dags/example_branch_python_dop_operator_3.py
[2024-06-24T15:18:05.872+0000] {logging_mixin.py:149} INFO - [2024-06-24T15:18:05.872+0000] {dag.py:2726} INFO - Sync 1 DAGs
[2024-06-24T15:18:05.886+0000] {logging_mixin.py:149} INFO - [2024-06-24T15:18:05.886+0000] {dag.py:3490} INFO - Setting next_dagrun for example_branch_dop_operator_v3 to 2024-06-24T15:17:00+00:00, run_after=2024-06-24T15:18:00+00:00
[2024-06-24T15:18:05.894+0000] {processor.py:178} INFO - Processing /home/airflow/.local/lib/python3.7/site-packages/airflow/example_dags/example_branch_python_dop_operator_3.py took 0.040 seconds
[2024-06-24T15:18:36.564+0000] {processor.py:156} INFO - Started process (PID=1512) to work on /home/airflow/.local/lib/python3.7/site-packages/airflow/example_dags/example_branch_python_dop_operator_3.py
[2024-06-24T15:18:36.564+0000] {processor.py:799} INFO - Processing file /home/airflow/.local/lib/python3.7/site-packages/airflow/example_dags/example_branch_python_dop_operator_3.py for tasks to queue
[2024-06-24T15:18:36.565+0000] {logging_mixin.py:149} INFO - [2024-06-24T15:18:36.565+0000] {dagbag.py:541} INFO - Filling up the DagBag from /home/airflow/.local/lib/python3.7/site-packages/airflow/example_dags/example_branch_python_dop_operator_3.py
[2024-06-24T15:18:36.569+0000] {processor.py:809} INFO - DAG(s) dict_keys(['example_branch_dop_operator_v3']) retrieved from /home/airflow/.local/lib/python3.7/site-packages/airflow/example_dags/example_branch_python_dop_operator_3.py
[2024-06-24T15:18:36.579+0000] {logging_mixin.py:149} INFO - [2024-06-24T15:18:36.579+0000] {dag.py:2726} INFO - Sync 1 DAGs
[2024-06-24T15:18:36.591+0000] {logging_mixin.py:149} INFO - [2024-06-24T15:18:36.591+0000] {dag.py:3490} INFO - Setting next_dagrun for example_branch_dop_operator_v3 to 2024-06-24T15:17:00+00:00, run_after=2024-06-24T15:18:00+00:00
[2024-06-24T15:18:36.598+0000] {processor.py:178} INFO - Processing /home/airflow/.local/lib/python3.7/site-packages/airflow/example_dags/example_branch_python_dop_operator_3.py took 0.035 seconds
[2024-06-24T15:19:07.331+0000] {processor.py:156} INFO - Started process (PID=1581) to work on /home/airflow/.local/lib/python3.7/site-packages/airflow/example_dags/example_branch_python_dop_operator_3.py
[2024-06-24T15:19:07.332+0000] {processor.py:799} INFO - Processing file /home/airflow/.local/lib/python3.7/site-packages/airflow/example_dags/example_branch_python_dop_operator_3.py for tasks to queue
[2024-06-24T15:19:07.332+0000] {logging_mixin.py:149} INFO - [2024-06-24T15:19:07.332+0000] {dagbag.py:541} INFO - Filling up the DagBag from /home/airflow/.local/lib/python3.7/site-packages/airflow/example_dags/example_branch_python_dop_operator_3.py
[2024-06-24T15:19:07.335+0000] {processor.py:809} INFO - DAG(s) dict_keys(['example_branch_dop_operator_v3']) retrieved from /home/airflow/.local/lib/python3.7/site-packages/airflow/example_dags/example_branch_python_dop_operator_3.py
[2024-06-24T15:19:07.345+0000] {logging_mixin.py:149} INFO - [2024-06-24T15:19:07.345+0000] {dag.py:2726} INFO - Sync 1 DAGs
[2024-06-24T15:19:07.358+0000] {logging_mixin.py:149} INFO - [2024-06-24T15:19:07.358+0000] {dag.py:3490} INFO - Setting next_dagrun for example_branch_dop_operator_v3 to 2024-06-24T15:18:00+00:00, run_after=2024-06-24T15:19:00+00:00
[2024-06-24T15:19:07.367+0000] {processor.py:178} INFO - Processing /home/airflow/.local/lib/python3.7/site-packages/airflow/example_dags/example_branch_python_dop_operator_3.py took 0.037 seconds
[2024-06-24T15:19:37.925+0000] {processor.py:156} INFO - Started process (PID=1650) to work on /home/airflow/.local/lib/python3.7/site-packages/airflow/example_dags/example_branch_python_dop_operator_3.py
[2024-06-24T15:19:37.925+0000] {processor.py:799} INFO - Processing file /home/airflow/.local/lib/python3.7/site-packages/airflow/example_dags/example_branch_python_dop_operator_3.py for tasks to queue
[2024-06-24T15:19:37.926+0000] {logging_mixin.py:149} INFO - [2024-06-24T15:19:37.926+0000] {dagbag.py:541} INFO - Filling up the DagBag from /home/airflow/.local/lib/python3.7/site-packages/airflow/example_dags/example_branch_python_dop_operator_3.py
[2024-06-24T15:19:37.929+0000] {processor.py:809} INFO - DAG(s) dict_keys(['example_branch_dop_operator_v3']) retrieved from /home/airflow/.local/lib/python3.7/site-packages/airflow/example_dags/example_branch_python_dop_operator_3.py
[2024-06-24T15:19:37.939+0000] {logging_mixin.py:149} INFO - [2024-06-24T15:19:37.939+0000] {dag.py:2726} INFO - Sync 1 DAGs
[2024-06-24T15:19:37.951+0000] {logging_mixin.py:149} INFO - [2024-06-24T15:19:37.951+0000] {dag.py:3490} INFO - Setting next_dagrun for example_branch_dop_operator_v3 to 2024-06-24T15:18:00+00:00, run_after=2024-06-24T15:19:00+00:00
[2024-06-24T15:19:37.958+0000] {processor.py:178} INFO - Processing /home/airflow/.local/lib/python3.7/site-packages/airflow/example_dags/example_branch_python_dop_operator_3.py took 0.034 seconds
[2024-06-24T15:20:08.372+0000] {processor.py:156} INFO - Started process (PID=1719) to work on /home/airflow/.local/lib/python3.7/site-packages/airflow/example_dags/example_branch_python_dop_operator_3.py
[2024-06-24T15:20:08.372+0000] {processor.py:799} INFO - Processing file /home/airflow/.local/lib/python3.7/site-packages/airflow/example_dags/example_branch_python_dop_operator_3.py for tasks to queue
[2024-06-24T15:20:08.372+0000] {logging_mixin.py:149} INFO - [2024-06-24T15:20:08.372+0000] {dagbag.py:541} INFO - Filling up the DagBag from /home/airflow/.local/lib/python3.7/site-packages/airflow/example_dags/example_branch_python_dop_operator_3.py
[2024-06-24T15:20:08.376+0000] {processor.py:809} INFO - DAG(s) dict_keys(['example_branch_dop_operator_v3']) retrieved from /home/airflow/.local/lib/python3.7/site-packages/airflow/example_dags/example_branch_python_dop_operator_3.py
[2024-06-24T15:20:08.387+0000] {logging_mixin.py:149} INFO - [2024-06-24T15:20:08.387+0000] {dag.py:2726} INFO - Sync 1 DAGs
[2024-06-24T15:20:08.401+0000] {logging_mixin.py:149} INFO - [2024-06-24T15:20:08.401+0000] {dag.py:3490} INFO - Setting next_dagrun for example_branch_dop_operator_v3 to 2024-06-24T15:19:00+00:00, run_after=2024-06-24T15:20:00+00:00
[2024-06-24T15:20:08.408+0000] {processor.py:178} INFO - Processing /home/airflow/.local/lib/python3.7/site-packages/airflow/example_dags/example_branch_python_dop_operator_3.py took 0.038 seconds
[2024-06-24T15:20:39.129+0000] {processor.py:156} INFO - Started process (PID=1788) to work on /home/airflow/.local/lib/python3.7/site-packages/airflow/example_dags/example_branch_python_dop_operator_3.py
[2024-06-24T15:20:39.129+0000] {processor.py:799} INFO - Processing file /home/airflow/.local/lib/python3.7/site-packages/airflow/example_dags/example_branch_python_dop_operator_3.py for tasks to queue
[2024-06-24T15:20:39.130+0000] {logging_mixin.py:149} INFO - [2024-06-24T15:20:39.130+0000] {dagbag.py:541} INFO - Filling up the DagBag from /home/airflow/.local/lib/python3.7/site-packages/airflow/example_dags/example_branch_python_dop_operator_3.py
[2024-06-24T15:20:39.133+0000] {processor.py:809} INFO - DAG(s) dict_keys(['example_branch_dop_operator_v3']) retrieved from /home/airflow/.local/lib/python3.7/site-packages/airflow/example_dags/example_branch_python_dop_operator_3.py
[2024-06-24T15:20:39.143+0000] {logging_mixin.py:149} INFO - [2024-06-24T15:20:39.143+0000] {dag.py:2726} INFO - Sync 1 DAGs
[2024-06-24T15:20:39.156+0000] {logging_mixin.py:149} INFO - [2024-06-24T15:20:39.156+0000] {dag.py:3490} INFO - Setting next_dagrun for example_branch_dop_operator_v3 to 2024-06-24T15:19:00+00:00, run_after=2024-06-24T15:20:00+00:00
[2024-06-24T15:20:39.163+0000] {processor.py:178} INFO - Processing /home/airflow/.local/lib/python3.7/site-packages/airflow/example_dags/example_branch_python_dop_operator_3.py took 0.036 seconds
[2024-06-24T15:21:09.762+0000] {processor.py:156} INFO - Started process (PID=1857) to work on /home/airflow/.local/lib/python3.7/site-packages/airflow/example_dags/example_branch_python_dop_operator_3.py
[2024-06-24T15:21:09.763+0000] {processor.py:799} INFO - Processing file /home/airflow/.local/lib/python3.7/site-packages/airflow/example_dags/example_branch_python_dop_operator_3.py for tasks to queue
[2024-06-24T15:21:09.763+0000] {logging_mixin.py:149} INFO - [2024-06-24T15:21:09.763+0000] {dagbag.py:541} INFO - Filling up the DagBag from /home/airflow/.local/lib/python3.7/site-packages/airflow/example_dags/example_branch_python_dop_operator_3.py
[2024-06-24T15:21:09.768+0000] {processor.py:809} INFO - DAG(s) dict_keys(['example_branch_dop_operator_v3']) retrieved from /home/airflow/.local/lib/python3.7/site-packages/airflow/example_dags/example_branch_python_dop_operator_3.py
[2024-06-24T15:21:09.783+0000] {logging_mixin.py:149} INFO - [2024-06-24T15:21:09.783+0000] {dag.py:2726} INFO - Sync 1 DAGs
[2024-06-24T15:21:09.800+0000] {logging_mixin.py:149} INFO - [2024-06-24T15:21:09.800+0000] {dag.py:3490} INFO - Setting next_dagrun for example_branch_dop_operator_v3 to 2024-06-24T15:20:00+00:00, run_after=2024-06-24T15:21:00+00:00
[2024-06-24T15:21:09.808+0000] {processor.py:178} INFO - Processing /home/airflow/.local/lib/python3.7/site-packages/airflow/example_dags/example_branch_python_dop_operator_3.py took 0.048 seconds
[2024-06-24T15:21:40.673+0000] {processor.py:156} INFO - Started process (PID=1925) to work on /home/airflow/.local/lib/python3.7/site-packages/airflow/example_dags/example_branch_python_dop_operator_3.py
[2024-06-24T15:21:40.673+0000] {processor.py:799} INFO - Processing file /home/airflow/.local/lib/python3.7/site-packages/airflow/example_dags/example_branch_python_dop_operator_3.py for tasks to queue
[2024-06-24T15:21:40.674+0000] {logging_mixin.py:149} INFO - [2024-06-24T15:21:40.674+0000] {dagbag.py:541} INFO - Filling up the DagBag from /home/airflow/.local/lib/python3.7/site-packages/airflow/example_dags/example_branch_python_dop_operator_3.py
[2024-06-24T15:21:40.677+0000] {processor.py:809} INFO - DAG(s) dict_keys(['example_branch_dop_operator_v3']) retrieved from /home/airflow/.local/lib/python3.7/site-packages/airflow/example_dags/example_branch_python_dop_operator_3.py
[2024-06-24T15:21:40.693+0000] {logging_mixin.py:149} INFO - [2024-06-24T15:21:40.693+0000] {dag.py:2726} INFO - Sync 1 DAGs
[2024-06-24T15:21:40.707+0000] {logging_mixin.py:149} INFO - [2024-06-24T15:21:40.707+0000] {dag.py:3490} INFO - Setting next_dagrun for example_branch_dop_operator_v3 to 2024-06-24T15:20:00+00:00, run_after=2024-06-24T15:21:00+00:00
[2024-06-24T15:21:40.715+0000] {processor.py:178} INFO - Processing /home/airflow/.local/lib/python3.7/site-packages/airflow/example_dags/example_branch_python_dop_operator_3.py took 0.043 seconds
[2024-06-24T15:22:11.440+0000] {processor.py:156} INFO - Started process (PID=1994) to work on /home/airflow/.local/lib/python3.7/site-packages/airflow/example_dags/example_branch_python_dop_operator_3.py
[2024-06-24T15:22:11.440+0000] {processor.py:799} INFO - Processing file /home/airflow/.local/lib/python3.7/site-packages/airflow/example_dags/example_branch_python_dop_operator_3.py for tasks to queue
[2024-06-24T15:22:11.441+0000] {logging_mixin.py:149} INFO - [2024-06-24T15:22:11.441+0000] {dagbag.py:541} INFO - Filling up the DagBag from /home/airflow/.local/lib/python3.7/site-packages/airflow/example_dags/example_branch_python_dop_operator_3.py
[2024-06-24T15:22:11.444+0000] {processor.py:809} INFO - DAG(s) dict_keys(['example_branch_dop_operator_v3']) retrieved from /home/airflow/.local/lib/python3.7/site-packages/airflow/example_dags/example_branch_python_dop_operator_3.py
[2024-06-24T15:22:11.454+0000] {logging_mixin.py:149} INFO - [2024-06-24T15:22:11.454+0000] {dag.py:2726} INFO - Sync 1 DAGs
[2024-06-24T15:22:11.466+0000] {logging_mixin.py:149} INFO - [2024-06-24T15:22:11.466+0000] {dag.py:3490} INFO - Setting next_dagrun for example_branch_dop_operator_v3 to 2024-06-24T15:21:00+00:00, run_after=2024-06-24T15:22:00+00:00
[2024-06-24T15:22:11.474+0000] {processor.py:178} INFO - Processing /home/airflow/.local/lib/python3.7/site-packages/airflow/example_dags/example_branch_python_dop_operator_3.py took 0.035 seconds
[2024-06-24T15:22:42.062+0000] {processor.py:156} INFO - Started process (PID=2062) to work on /home/airflow/.local/lib/python3.7/site-packages/airflow/example_dags/example_branch_python_dop_operator_3.py
[2024-06-24T15:22:42.062+0000] {processor.py:799} INFO - Processing file /home/airflow/.local/lib/python3.7/site-packages/airflow/example_dags/example_branch_python_dop_operator_3.py for tasks to queue
[2024-06-24T15:22:42.063+0000] {logging_mixin.py:149} INFO - [2024-06-24T15:22:42.063+0000] {dagbag.py:541} INFO - Filling up the DagBag from /home/airflow/.local/lib/python3.7/site-packages/airflow/example_dags/example_branch_python_dop_operator_3.py
[2024-06-24T15:22:42.066+0000] {processor.py:809} INFO - DAG(s) dict_keys(['example_branch_dop_operator_v3']) retrieved from /home/airflow/.local/lib/python3.7/site-packages/airflow/example_dags/example_branch_python_dop_operator_3.py
[2024-06-24T15:22:42.076+0000] {logging_mixin.py:149} INFO - [2024-06-24T15:22:42.076+0000] {dag.py:2726} INFO - Sync 1 DAGs
[2024-06-24T15:22:42.087+0000] {logging_mixin.py:149} INFO - [2024-06-24T15:22:42.087+0000] {dag.py:3490} INFO - Setting next_dagrun for example_branch_dop_operator_v3 to 2024-06-24T15:21:00+00:00, run_after=2024-06-24T15:22:00+00:00
[2024-06-24T15:22:42.095+0000] {processor.py:178} INFO - Processing /home/airflow/.local/lib/python3.7/site-packages/airflow/example_dags/example_branch_python_dop_operator_3.py took 0.034 seconds
[2024-06-24T15:23:12.709+0000] {processor.py:156} INFO - Started process (PID=2131) to work on /home/airflow/.local/lib/python3.7/site-packages/airflow/example_dags/example_branch_python_dop_operator_3.py
[2024-06-24T15:23:12.709+0000] {processor.py:799} INFO - Processing file /home/airflow/.local/lib/python3.7/site-packages/airflow/example_dags/example_branch_python_dop_operator_3.py for tasks to queue
[2024-06-24T15:23:12.709+0000] {logging_mixin.py:149} INFO - [2024-06-24T15:23:12.709+0000] {dagbag.py:541} INFO - Filling up the DagBag from /home/airflow/.local/lib/python3.7/site-packages/airflow/example_dags/example_branch_python_dop_operator_3.py
[2024-06-24T15:23:12.713+0000] {processor.py:809} INFO - DAG(s) dict_keys(['example_branch_dop_operator_v3']) retrieved from /home/airflow/.local/lib/python3.7/site-packages/airflow/example_dags/example_branch_python_dop_operator_3.py
[2024-06-24T15:23:12.724+0000] {logging_mixin.py:149} INFO - [2024-06-24T15:23:12.724+0000] {dag.py:2726} INFO - Sync 1 DAGs
[2024-06-24T15:23:12.737+0000] {logging_mixin.py:149} INFO - [2024-06-24T15:23:12.737+0000] {dag.py:3490} INFO - Setting next_dagrun for example_branch_dop_operator_v3 to 2024-06-24T15:22:00+00:00, run_after=2024-06-24T15:23:00+00:00
[2024-06-24T15:23:12.745+0000] {processor.py:178} INFO - Processing /home/airflow/.local/lib/python3.7/site-packages/airflow/example_dags/example_branch_python_dop_operator_3.py took 0.037 seconds
[2024-06-24T15:23:43.408+0000] {processor.py:156} INFO - Started process (PID=2200) to work on /home/airflow/.local/lib/python3.7/site-packages/airflow/example_dags/example_branch_python_dop_operator_3.py
[2024-06-24T15:23:43.408+0000] {processor.py:799} INFO - Processing file /home/airflow/.local/lib/python3.7/site-packages/airflow/example_dags/example_branch_python_dop_operator_3.py for tasks to queue
[2024-06-24T15:23:43.409+0000] {logging_mixin.py:149} INFO - [2024-06-24T15:23:43.409+0000] {dagbag.py:541} INFO - Filling up the DagBag from /home/airflow/.local/lib/python3.7/site-packages/airflow/example_dags/example_branch_python_dop_operator_3.py
[2024-06-24T15:23:43.412+0000] {processor.py:809} INFO - DAG(s) dict_keys(['example_branch_dop_operator_v3']) retrieved from /home/airflow/.local/lib/python3.7/site-packages/airflow/example_dags/example_branch_python_dop_operator_3.py
[2024-06-24T15:23:43.424+0000] {logging_mixin.py:149} INFO - [2024-06-24T15:23:43.423+0000] {dag.py:2726} INFO - Sync 1 DAGs
[2024-06-24T15:23:43.441+0000] {logging_mixin.py:149} INFO - [2024-06-24T15:23:43.441+0000] {dag.py:3490} INFO - Setting next_dagrun for example_branch_dop_operator_v3 to 2024-06-24T15:22:00+00:00, run_after=2024-06-24T15:23:00+00:00
[2024-06-24T15:23:43.450+0000] {processor.py:178} INFO - Processing /home/airflow/.local/lib/python3.7/site-packages/airflow/example_dags/example_branch_python_dop_operator_3.py took 0.043 seconds
[2024-06-24T15:24:14.134+0000] {processor.py:156} INFO - Started process (PID=2269) to work on /home/airflow/.local/lib/python3.7/site-packages/airflow/example_dags/example_branch_python_dop_operator_3.py
[2024-06-24T15:24:14.135+0000] {processor.py:799} INFO - Processing file /home/airflow/.local/lib/python3.7/site-packages/airflow/example_dags/example_branch_python_dop_operator_3.py for tasks to queue
[2024-06-24T15:24:14.135+0000] {logging_mixin.py:149} INFO - [2024-06-24T15:24:14.135+0000] {dagbag.py:541} INFO - Filling up the DagBag from /home/airflow/.local/lib/python3.7/site-packages/airflow/example_dags/example_branch_python_dop_operator_3.py
[2024-06-24T15:24:14.138+0000] {processor.py:809} INFO - DAG(s) dict_keys(['example_branch_dop_operator_v3']) retrieved from /home/airflow/.local/lib/python3.7/site-packages/airflow/example_dags/example_branch_python_dop_operator_3.py
[2024-06-24T15:24:14.149+0000] {logging_mixin.py:149} INFO - [2024-06-24T15:24:14.149+0000] {dag.py:2726} INFO - Sync 1 DAGs
[2024-06-24T15:24:14.162+0000] {logging_mixin.py:149} INFO - [2024-06-24T15:24:14.162+0000] {dag.py:3490} INFO - Setting next_dagrun for example_branch_dop_operator_v3 to 2024-06-24T15:23:00+00:00, run_after=2024-06-24T15:24:00+00:00
[2024-06-24T15:24:14.171+0000] {processor.py:178} INFO - Processing /home/airflow/.local/lib/python3.7/site-packages/airflow/example_dags/example_branch_python_dop_operator_3.py took 0.038 seconds
[2024-06-24T15:24:44.728+0000] {processor.py:156} INFO - Started process (PID=2338) to work on /home/airflow/.local/lib/python3.7/site-packages/airflow/example_dags/example_branch_python_dop_operator_3.py
[2024-06-24T15:24:44.728+0000] {processor.py:799} INFO - Processing file /home/airflow/.local/lib/python3.7/site-packages/airflow/example_dags/example_branch_python_dop_operator_3.py for tasks to queue
[2024-06-24T15:24:44.728+0000] {logging_mixin.py:149} INFO - [2024-06-24T15:24:44.728+0000] {dagbag.py:541} INFO - Filling up the DagBag from /home/airflow/.local/lib/python3.7/site-packages/airflow/example_dags/example_branch_python_dop_operator_3.py
[2024-06-24T15:24:44.732+0000] {processor.py:809} INFO - DAG(s) dict_keys(['example_branch_dop_operator_v3']) retrieved from /home/airflow/.local/lib/python3.7/site-packages/airflow/example_dags/example_branch_python_dop_operator_3.py
[2024-06-24T15:24:44.743+0000] {logging_mixin.py:149} INFO - [2024-06-24T15:24:44.743+0000] {dag.py:2726} INFO - Sync 1 DAGs
[2024-06-24T15:24:44.757+0000] {logging_mixin.py:149} INFO - [2024-06-24T15:24:44.757+0000] {dag.py:3490} INFO - Setting next_dagrun for example_branch_dop_operator_v3 to 2024-06-24T15:23:00+00:00, run_after=2024-06-24T15:24:00+00:00
[2024-06-24T15:24:44.764+0000] {processor.py:178} INFO - Processing /home/airflow/.local/lib/python3.7/site-packages/airflow/example_dags/example_branch_python_dop_operator_3.py took 0.038 seconds
[2024-06-24T15:25:15.274+0000] {processor.py:156} INFO - Started process (PID=2406) to work on /home/airflow/.local/lib/python3.7/site-packages/airflow/example_dags/example_branch_python_dop_operator_3.py
[2024-06-24T15:25:15.274+0000] {processor.py:799} INFO - Processing file /home/airflow/.local/lib/python3.7/site-packages/airflow/example_dags/example_branch_python_dop_operator_3.py for tasks to queue
[2024-06-24T15:25:15.274+0000] {logging_mixin.py:149} INFO - [2024-06-24T15:25:15.274+0000] {dagbag.py:541} INFO - Filling up the DagBag from /home/airflow/.local/lib/python3.7/site-packages/airflow/example_dags/example_branch_python_dop_operator_3.py
[2024-06-24T15:25:15.278+0000] {processor.py:809} INFO - DAG(s) dict_keys(['example_branch_dop_operator_v3']) retrieved from /home/airflow/.local/lib/python3.7/site-packages/airflow/example_dags/example_branch_python_dop_operator_3.py
[2024-06-24T15:25:15.291+0000] {logging_mixin.py:149} INFO - [2024-06-24T15:25:15.291+0000] {dag.py:2726} INFO - Sync 1 DAGs
[2024-06-24T15:25:15.304+0000] {logging_mixin.py:149} INFO - [2024-06-24T15:25:15.304+0000] {dag.py:3490} INFO - Setting next_dagrun for example_branch_dop_operator_v3 to 2024-06-24T15:24:00+00:00, run_after=2024-06-24T15:25:00+00:00
[2024-06-24T15:25:15.313+0000] {processor.py:178} INFO - Processing /home/airflow/.local/lib/python3.7/site-packages/airflow/example_dags/example_branch_python_dop_operator_3.py took 0.040 seconds
[2024-06-24T15:25:45.855+0000] {processor.py:156} INFO - Started process (PID=2474) to work on /home/airflow/.local/lib/python3.7/site-packages/airflow/example_dags/example_branch_python_dop_operator_3.py
[2024-06-24T15:25:45.856+0000] {processor.py:799} INFO - Processing file /home/airflow/.local/lib/python3.7/site-packages/airflow/example_dags/example_branch_python_dop_operator_3.py for tasks to queue
[2024-06-24T15:25:45.856+0000] {logging_mixin.py:149} INFO - [2024-06-24T15:25:45.856+0000] {dagbag.py:541} INFO - Filling up the DagBag from /home/airflow/.local/lib/python3.7/site-packages/airflow/example_dags/example_branch_python_dop_operator_3.py
[2024-06-24T15:25:45.860+0000] {processor.py:809} INFO - DAG(s) dict_keys(['example_branch_dop_operator_v3']) retrieved from /home/airflow/.local/lib/python3.7/site-packages/airflow/example_dags/example_branch_python_dop_operator_3.py
[2024-06-24T15:25:45.872+0000] {logging_mixin.py:149} INFO - [2024-06-24T15:25:45.872+0000] {dag.py:2726} INFO - Sync 1 DAGs
[2024-06-24T15:25:45.887+0000] {logging_mixin.py:149} INFO - [2024-06-24T15:25:45.887+0000] {dag.py:3490} INFO - Setting next_dagrun for example_branch_dop_operator_v3 to 2024-06-24T15:24:00+00:00, run_after=2024-06-24T15:25:00+00:00
[2024-06-24T15:25:45.896+0000] {processor.py:178} INFO - Processing /home/airflow/.local/lib/python3.7/site-packages/airflow/example_dags/example_branch_python_dop_operator_3.py took 0.042 seconds
[2024-06-24T15:26:16.478+0000] {processor.py:156} INFO - Started process (PID=2550) to work on /home/airflow/.local/lib/python3.7/site-packages/airflow/example_dags/example_branch_python_dop_operator_3.py
[2024-06-24T15:26:16.480+0000] {processor.py:799} INFO - Processing file /home/airflow/.local/lib/python3.7/site-packages/airflow/example_dags/example_branch_python_dop_operator_3.py for tasks to queue
[2024-06-24T15:26:16.481+0000] {logging_mixin.py:149} INFO - [2024-06-24T15:26:16.481+0000] {dagbag.py:541} INFO - Filling up the DagBag from /home/airflow/.local/lib/python3.7/site-packages/airflow/example_dags/example_branch_python_dop_operator_3.py
[2024-06-24T15:26:16.485+0000] {processor.py:809} INFO - DAG(s) dict_keys(['example_branch_dop_operator_v3']) retrieved from /home/airflow/.local/lib/python3.7/site-packages/airflow/example_dags/example_branch_python_dop_operator_3.py
[2024-06-24T15:26:16.497+0000] {logging_mixin.py:149} INFO - [2024-06-24T15:26:16.497+0000] {dag.py:2726} INFO - Sync 1 DAGs
[2024-06-24T15:26:16.510+0000] {logging_mixin.py:149} INFO - [2024-06-24T15:26:16.510+0000] {dag.py:3490} INFO - Setting next_dagrun for example_branch_dop_operator_v3 to 2024-06-24T15:25:00+00:00, run_after=2024-06-24T15:26:00+00:00
[2024-06-24T15:26:16.517+0000] {processor.py:178} INFO - Processing /home/airflow/.local/lib/python3.7/site-packages/airflow/example_dags/example_branch_python_dop_operator_3.py took 0.040 seconds
[2024-06-24T15:26:47.147+0000] {processor.py:156} INFO - Started process (PID=2619) to work on /home/airflow/.local/lib/python3.7/site-packages/airflow/example_dags/example_branch_python_dop_operator_3.py
[2024-06-24T15:26:47.148+0000] {processor.py:799} INFO - Processing file /home/airflow/.local/lib/python3.7/site-packages/airflow/example_dags/example_branch_python_dop_operator_3.py for tasks to queue
[2024-06-24T15:26:47.148+0000] {logging_mixin.py:149} INFO - [2024-06-24T15:26:47.148+0000] {dagbag.py:541} INFO - Filling up the DagBag from /home/airflow/.local/lib/python3.7/site-packages/airflow/example_dags/example_branch_python_dop_operator_3.py
[2024-06-24T15:26:47.152+0000] {processor.py:809} INFO - DAG(s) dict_keys(['example_branch_dop_operator_v3']) retrieved from /home/airflow/.local/lib/python3.7/site-packages/airflow/example_dags/example_branch_python_dop_operator_3.py
[2024-06-24T15:26:47.164+0000] {logging_mixin.py:149} INFO - [2024-06-24T15:26:47.164+0000] {dag.py:2726} INFO - Sync 1 DAGs
[2024-06-24T15:26:47.179+0000] {logging_mixin.py:149} INFO - [2024-06-24T15:26:47.179+0000] {dag.py:3490} INFO - Setting next_dagrun for example_branch_dop_operator_v3 to 2024-06-24T15:25:00+00:00, run_after=2024-06-24T15:26:00+00:00
[2024-06-24T15:26:47.186+0000] {processor.py:178} INFO - Processing /home/airflow/.local/lib/python3.7/site-packages/airflow/example_dags/example_branch_python_dop_operator_3.py took 0.040 seconds
[2024-06-24T15:27:18.043+0000] {processor.py:156} INFO - Started process (PID=2688) to work on /home/airflow/.local/lib/python3.7/site-packages/airflow/example_dags/example_branch_python_dop_operator_3.py
[2024-06-24T15:27:18.044+0000] {processor.py:799} INFO - Processing file /home/airflow/.local/lib/python3.7/site-packages/airflow/example_dags/example_branch_python_dop_operator_3.py for tasks to queue
[2024-06-24T15:27:18.045+0000] {logging_mixin.py:149} INFO - [2024-06-24T15:27:18.045+0000] {dagbag.py:541} INFO - Filling up the DagBag from /home/airflow/.local/lib/python3.7/site-packages/airflow/example_dags/example_branch_python_dop_operator_3.py
[2024-06-24T15:27:18.050+0000] {processor.py:809} INFO - DAG(s) dict_keys(['example_branch_dop_operator_v3']) retrieved from /home/airflow/.local/lib/python3.7/site-packages/airflow/example_dags/example_branch_python_dop_operator_3.py
[2024-06-24T15:27:18.064+0000] {logging_mixin.py:149} INFO - [2024-06-24T15:27:18.064+0000] {dag.py:2726} INFO - Sync 1 DAGs
[2024-06-24T15:27:18.079+0000] {logging_mixin.py:149} INFO - [2024-06-24T15:27:18.078+0000] {dag.py:3490} INFO - Setting next_dagrun for example_branch_dop_operator_v3 to 2024-06-24T15:26:00+00:00, run_after=2024-06-24T15:27:00+00:00
[2024-06-24T15:27:18.088+0000] {processor.py:178} INFO - Processing /home/airflow/.local/lib/python3.7/site-packages/airflow/example_dags/example_branch_python_dop_operator_3.py took 0.047 seconds
[2024-06-24T15:27:48.873+0000] {processor.py:156} INFO - Started process (PID=2757) to work on /home/airflow/.local/lib/python3.7/site-packages/airflow/example_dags/example_branch_python_dop_operator_3.py
[2024-06-24T15:27:48.873+0000] {processor.py:799} INFO - Processing file /home/airflow/.local/lib/python3.7/site-packages/airflow/example_dags/example_branch_python_dop_operator_3.py for tasks to queue
[2024-06-24T15:27:48.873+0000] {logging_mixin.py:149} INFO - [2024-06-24T15:27:48.873+0000] {dagbag.py:541} INFO - Filling up the DagBag from /home/airflow/.local/lib/python3.7/site-packages/airflow/example_dags/example_branch_python_dop_operator_3.py
[2024-06-24T15:27:48.879+0000] {processor.py:809} INFO - DAG(s) dict_keys(['example_branch_dop_operator_v3']) retrieved from /home/airflow/.local/lib/python3.7/site-packages/airflow/example_dags/example_branch_python_dop_operator_3.py
[2024-06-24T15:27:48.893+0000] {logging_mixin.py:149} INFO - [2024-06-24T15:27:48.893+0000] {dag.py:2726} INFO - Sync 1 DAGs
[2024-06-24T15:27:48.909+0000] {logging_mixin.py:149} INFO - [2024-06-24T15:27:48.909+0000] {dag.py:3490} INFO - Setting next_dagrun for example_branch_dop_operator_v3 to 2024-06-24T15:26:00+00:00, run_after=2024-06-24T15:27:00+00:00
[2024-06-24T15:27:48.920+0000] {processor.py:178} INFO - Processing /home/airflow/.local/lib/python3.7/site-packages/airflow/example_dags/example_branch_python_dop_operator_3.py took 0.048 seconds
[2024-06-24T15:28:19.817+0000] {processor.py:156} INFO - Started process (PID=2826) to work on /home/airflow/.local/lib/python3.7/site-packages/airflow/example_dags/example_branch_python_dop_operator_3.py
[2024-06-24T15:28:19.817+0000] {processor.py:799} INFO - Processing file /home/airflow/.local/lib/python3.7/site-packages/airflow/example_dags/example_branch_python_dop_operator_3.py for tasks to queue
[2024-06-24T15:28:19.817+0000] {logging_mixin.py:149} INFO - [2024-06-24T15:28:19.817+0000] {dagbag.py:541} INFO - Filling up the DagBag from /home/airflow/.local/lib/python3.7/site-packages/airflow/example_dags/example_branch_python_dop_operator_3.py
[2024-06-24T15:28:19.821+0000] {processor.py:809} INFO - DAG(s) dict_keys(['example_branch_dop_operator_v3']) retrieved from /home/airflow/.local/lib/python3.7/site-packages/airflow/example_dags/example_branch_python_dop_operator_3.py
[2024-06-24T15:28:19.830+0000] {logging_mixin.py:149} INFO - [2024-06-24T15:28:19.830+0000] {dag.py:2726} INFO - Sync 1 DAGs
[2024-06-24T15:28:19.843+0000] {logging_mixin.py:149} INFO - [2024-06-24T15:28:19.843+0000] {dag.py:3490} INFO - Setting next_dagrun for example_branch_dop_operator_v3 to 2024-06-24T15:27:00+00:00, run_after=2024-06-24T15:28:00+00:00
[2024-06-24T15:28:19.851+0000] {processor.py:178} INFO - Processing /home/airflow/.local/lib/python3.7/site-packages/airflow/example_dags/example_branch_python_dop_operator_3.py took 0.036 seconds
[2024-06-24T15:28:50.716+0000] {processor.py:156} INFO - Started process (PID=2895) to work on /home/airflow/.local/lib/python3.7/site-packages/airflow/example_dags/example_branch_python_dop_operator_3.py
[2024-06-24T15:28:50.717+0000] {processor.py:799} INFO - Processing file /home/airflow/.local/lib/python3.7/site-packages/airflow/example_dags/example_branch_python_dop_operator_3.py for tasks to queue
[2024-06-24T15:28:50.717+0000] {logging_mixin.py:149} INFO - [2024-06-24T15:28:50.717+0000] {dagbag.py:541} INFO - Filling up the DagBag from /home/airflow/.local/lib/python3.7/site-packages/airflow/example_dags/example_branch_python_dop_operator_3.py
[2024-06-24T15:28:50.720+0000] {processor.py:809} INFO - DAG(s) dict_keys(['example_branch_dop_operator_v3']) retrieved from /home/airflow/.local/lib/python3.7/site-packages/airflow/example_dags/example_branch_python_dop_operator_3.py
[2024-06-24T15:28:50.731+0000] {logging_mixin.py:149} INFO - [2024-06-24T15:28:50.731+0000] {dag.py:2726} INFO - Sync 1 DAGs
[2024-06-24T15:28:50.743+0000] {logging_mixin.py:149} INFO - [2024-06-24T15:28:50.743+0000] {dag.py:3490} INFO - Setting next_dagrun for example_branch_dop_operator_v3 to 2024-06-24T15:27:00+00:00, run_after=2024-06-24T15:28:00+00:00
[2024-06-24T15:28:50.750+0000] {processor.py:178} INFO - Processing /home/airflow/.local/lib/python3.7/site-packages/airflow/example_dags/example_branch_python_dop_operator_3.py took 0.036 seconds
[2024-06-24T15:29:21.344+0000] {processor.py:156} INFO - Started process (PID=2963) to work on /home/airflow/.local/lib/python3.7/site-packages/airflow/example_dags/example_branch_python_dop_operator_3.py
[2024-06-24T15:29:21.344+0000] {processor.py:799} INFO - Processing file /home/airflow/.local/lib/python3.7/site-packages/airflow/example_dags/example_branch_python_dop_operator_3.py for tasks to queue
[2024-06-24T15:29:21.344+0000] {logging_mixin.py:149} INFO - [2024-06-24T15:29:21.344+0000] {dagbag.py:541} INFO - Filling up the DagBag from /home/airflow/.local/lib/python3.7/site-packages/airflow/example_dags/example_branch_python_dop_operator_3.py
[2024-06-24T15:29:21.348+0000] {processor.py:809} INFO - DAG(s) dict_keys(['example_branch_dop_operator_v3']) retrieved from /home/airflow/.local/lib/python3.7/site-packages/airflow/example_dags/example_branch_python_dop_operator_3.py
[2024-06-24T15:29:21.359+0000] {logging_mixin.py:149} INFO - [2024-06-24T15:29:21.359+0000] {dag.py:2726} INFO - Sync 1 DAGs
[2024-06-24T15:29:21.372+0000] {logging_mixin.py:149} INFO - [2024-06-24T15:29:21.372+0000] {dag.py:3490} INFO - Setting next_dagrun for example_branch_dop_operator_v3 to 2024-06-24T15:28:00+00:00, run_after=2024-06-24T15:29:00+00:00
[2024-06-24T15:29:21.380+0000] {processor.py:178} INFO - Processing /home/airflow/.local/lib/python3.7/site-packages/airflow/example_dags/example_branch_python_dop_operator_3.py took 0.038 seconds
[2024-06-24T15:29:52.052+0000] {processor.py:156} INFO - Started process (PID=3032) to work on /home/airflow/.local/lib/python3.7/site-packages/airflow/example_dags/example_branch_python_dop_operator_3.py
[2024-06-24T15:29:52.053+0000] {processor.py:799} INFO - Processing file /home/airflow/.local/lib/python3.7/site-packages/airflow/example_dags/example_branch_python_dop_operator_3.py for tasks to queue
[2024-06-24T15:29:52.053+0000] {logging_mixin.py:149} INFO - [2024-06-24T15:29:52.053+0000] {dagbag.py:541} INFO - Filling up the DagBag from /home/airflow/.local/lib/python3.7/site-packages/airflow/example_dags/example_branch_python_dop_operator_3.py
[2024-06-24T15:29:52.057+0000] {processor.py:809} INFO - DAG(s) dict_keys(['example_branch_dop_operator_v3']) retrieved from /home/airflow/.local/lib/python3.7/site-packages/airflow/example_dags/example_branch_python_dop_operator_3.py
[2024-06-24T15:29:52.067+0000] {logging_mixin.py:149} INFO - [2024-06-24T15:29:52.067+0000] {dag.py:2726} INFO - Sync 1 DAGs
[2024-06-24T15:29:52.080+0000] {logging_mixin.py:149} INFO - [2024-06-24T15:29:52.080+0000] {dag.py:3490} INFO - Setting next_dagrun for example_branch_dop_operator_v3 to 2024-06-24T15:28:00+00:00, run_after=2024-06-24T15:29:00+00:00
[2024-06-24T15:29:52.088+0000] {processor.py:178} INFO - Processing /home/airflow/.local/lib/python3.7/site-packages/airflow/example_dags/example_branch_python_dop_operator_3.py took 0.037 seconds
[2024-06-24T15:30:22.664+0000] {processor.py:156} INFO - Started process (PID=3100) to work on /home/airflow/.local/lib/python3.7/site-packages/airflow/example_dags/example_branch_python_dop_operator_3.py
[2024-06-24T15:30:22.664+0000] {processor.py:799} INFO - Processing file /home/airflow/.local/lib/python3.7/site-packages/airflow/example_dags/example_branch_python_dop_operator_3.py for tasks to queue
[2024-06-24T15:30:22.665+0000] {logging_mixin.py:149} INFO - [2024-06-24T15:30:22.665+0000] {dagbag.py:541} INFO - Filling up the DagBag from /home/airflow/.local/lib/python3.7/site-packages/airflow/example_dags/example_branch_python_dop_operator_3.py
[2024-06-24T15:30:22.669+0000] {processor.py:809} INFO - DAG(s) dict_keys(['example_branch_dop_operator_v3']) retrieved from /home/airflow/.local/lib/python3.7/site-packages/airflow/example_dags/example_branch_python_dop_operator_3.py
[2024-06-24T15:30:22.681+0000] {logging_mixin.py:149} INFO - [2024-06-24T15:30:22.681+0000] {dag.py:2726} INFO - Sync 1 DAGs
[2024-06-24T15:30:22.696+0000] {logging_mixin.py:149} INFO - [2024-06-24T15:30:22.696+0000] {dag.py:3490} INFO - Setting next_dagrun for example_branch_dop_operator_v3 to 2024-06-24T15:29:00+00:00, run_after=2024-06-24T15:30:00+00:00
[2024-06-24T15:30:22.706+0000] {processor.py:178} INFO - Processing /home/airflow/.local/lib/python3.7/site-packages/airflow/example_dags/example_branch_python_dop_operator_3.py took 0.043 seconds
