[2024-06-24T15:03:50.312+0000] {processor.py:156} INFO - Started process (PID=64) to work on /home/airflow/.local/lib/python3.7/site-packages/airflow/example_dags/example_branch_operator_decorator.py
[2024-06-24T15:03:50.313+0000] {processor.py:799} INFO - Processing file /home/airflow/.local/lib/python3.7/site-packages/airflow/example_dags/example_branch_operator_decorator.py for tasks to queue
[2024-06-24T15:03:50.313+0000] {logging_mixin.py:149} INFO - [2024-06-24T15:03:50.313+0000] {dagbag.py:541} INFO - Filling up the DagBag from /home/airflow/.local/lib/python3.7/site-packages/airflow/example_dags/example_branch_operator_decorator.py
[2024-06-24T15:03:50.320+0000] {processor.py:809} INFO - DAG(s) dict_keys(['example_branch_python_operator_decorator']) retrieved from /home/airflow/.local/lib/python3.7/site-packages/airflow/example_dags/example_branch_operator_decorator.py
[2024-06-24T15:03:50.387+0000] {logging_mixin.py:149} INFO - [2024-06-24T15:03:50.387+0000] {manager.py:504} INFO - Created Permission View: can delete on DAG:example_branch_python_operator_decorator
[2024-06-24T15:03:50.394+0000] {logging_mixin.py:149} INFO - [2024-06-24T15:03:50.394+0000] {manager.py:504} INFO - Created Permission View: can edit on DAG:example_branch_python_operator_decorator
[2024-06-24T15:03:50.397+0000] {logging_mixin.py:149} INFO - [2024-06-24T15:03:50.397+0000] {manager.py:504} INFO - Created Permission View: can read on DAG:example_branch_python_operator_decorator
[2024-06-24T15:03:50.398+0000] {logging_mixin.py:149} INFO - [2024-06-24T15:03:50.398+0000] {dag.py:2726} INFO - Sync 1 DAGs
[2024-06-24T15:03:50.405+0000] {logging_mixin.py:149} INFO - [2024-06-24T15:03:50.404+0000] {dag.py:2747} INFO - Creating ORM DAG for example_branch_python_operator_decorator
[2024-06-24T15:03:50.411+0000] {logging_mixin.py:149} INFO - [2024-06-24T15:03:50.411+0000] {dag.py:3490} INFO - Setting next_dagrun for example_branch_python_operator_decorator to 2024-06-23T00:00:00+00:00, run_after=2024-06-24T00:00:00+00:00
[2024-06-24T15:03:50.420+0000] {processor.py:178} INFO - Processing /home/airflow/.local/lib/python3.7/site-packages/airflow/example_dags/example_branch_operator_decorator.py took 0.109 seconds
[2024-06-24T15:04:21.080+0000] {processor.py:156} INFO - Started process (PID=133) to work on /home/airflow/.local/lib/python3.7/site-packages/airflow/example_dags/example_branch_operator_decorator.py
[2024-06-24T15:04:21.081+0000] {processor.py:799} INFO - Processing file /home/airflow/.local/lib/python3.7/site-packages/airflow/example_dags/example_branch_operator_decorator.py for tasks to queue
[2024-06-24T15:04:21.081+0000] {logging_mixin.py:149} INFO - [2024-06-24T15:04:21.081+0000] {dagbag.py:541} INFO - Filling up the DagBag from /home/airflow/.local/lib/python3.7/site-packages/airflow/example_dags/example_branch_operator_decorator.py
[2024-06-24T15:04:21.087+0000] {processor.py:809} INFO - DAG(s) dict_keys(['example_branch_python_operator_decorator']) retrieved from /home/airflow/.local/lib/python3.7/site-packages/airflow/example_dags/example_branch_operator_decorator.py
[2024-06-24T15:04:21.102+0000] {logging_mixin.py:149} INFO - [2024-06-24T15:04:21.102+0000] {dag.py:2726} INFO - Sync 1 DAGs
[2024-06-24T15:04:21.115+0000] {logging_mixin.py:149} INFO - [2024-06-24T15:04:21.115+0000] {dag.py:3490} INFO - Setting next_dagrun for example_branch_python_operator_decorator to 2024-06-23T00:00:00+00:00, run_after=2024-06-24T00:00:00+00:00
[2024-06-24T15:04:21.125+0000] {processor.py:178} INFO - Processing /home/airflow/.local/lib/python3.7/site-packages/airflow/example_dags/example_branch_operator_decorator.py took 0.046 seconds
[2024-06-24T15:04:51.705+0000] {processor.py:156} INFO - Started process (PID=201) to work on /home/airflow/.local/lib/python3.7/site-packages/airflow/example_dags/example_branch_operator_decorator.py
[2024-06-24T15:04:51.705+0000] {processor.py:799} INFO - Processing file /home/airflow/.local/lib/python3.7/site-packages/airflow/example_dags/example_branch_operator_decorator.py for tasks to queue
[2024-06-24T15:04:51.705+0000] {logging_mixin.py:149} INFO - [2024-06-24T15:04:51.705+0000] {dagbag.py:541} INFO - Filling up the DagBag from /home/airflow/.local/lib/python3.7/site-packages/airflow/example_dags/example_branch_operator_decorator.py
[2024-06-24T15:04:51.709+0000] {processor.py:809} INFO - DAG(s) dict_keys(['example_branch_python_operator_decorator']) retrieved from /home/airflow/.local/lib/python3.7/site-packages/airflow/example_dags/example_branch_operator_decorator.py
[2024-06-24T15:04:51.719+0000] {logging_mixin.py:149} INFO - [2024-06-24T15:04:51.719+0000] {dag.py:2726} INFO - Sync 1 DAGs
[2024-06-24T15:04:51.729+0000] {logging_mixin.py:149} INFO - [2024-06-24T15:04:51.729+0000] {dag.py:3490} INFO - Setting next_dagrun for example_branch_python_operator_decorator to 2024-06-23T00:00:00+00:00, run_after=2024-06-24T00:00:00+00:00
[2024-06-24T15:04:51.735+0000] {processor.py:178} INFO - Processing /home/airflow/.local/lib/python3.7/site-packages/airflow/example_dags/example_branch_operator_decorator.py took 0.032 seconds
[2024-06-24T15:05:22.290+0000] {processor.py:156} INFO - Started process (PID=270) to work on /home/airflow/.local/lib/python3.7/site-packages/airflow/example_dags/example_branch_operator_decorator.py
[2024-06-24T15:05:22.290+0000] {processor.py:799} INFO - Processing file /home/airflow/.local/lib/python3.7/site-packages/airflow/example_dags/example_branch_operator_decorator.py for tasks to queue
[2024-06-24T15:05:22.290+0000] {logging_mixin.py:149} INFO - [2024-06-24T15:05:22.290+0000] {dagbag.py:541} INFO - Filling up the DagBag from /home/airflow/.local/lib/python3.7/site-packages/airflow/example_dags/example_branch_operator_decorator.py
[2024-06-24T15:05:22.294+0000] {processor.py:809} INFO - DAG(s) dict_keys(['example_branch_python_operator_decorator']) retrieved from /home/airflow/.local/lib/python3.7/site-packages/airflow/example_dags/example_branch_operator_decorator.py
[2024-06-24T15:05:22.304+0000] {logging_mixin.py:149} INFO - [2024-06-24T15:05:22.304+0000] {dag.py:2726} INFO - Sync 1 DAGs
[2024-06-24T15:05:22.314+0000] {logging_mixin.py:149} INFO - [2024-06-24T15:05:22.314+0000] {dag.py:3490} INFO - Setting next_dagrun for example_branch_python_operator_decorator to 2024-06-23T00:00:00+00:00, run_after=2024-06-24T00:00:00+00:00
[2024-06-24T15:05:22.321+0000] {processor.py:178} INFO - Processing /home/airflow/.local/lib/python3.7/site-packages/airflow/example_dags/example_branch_operator_decorator.py took 0.033 seconds
[2024-06-24T15:05:52.894+0000] {processor.py:156} INFO - Started process (PID=339) to work on /home/airflow/.local/lib/python3.7/site-packages/airflow/example_dags/example_branch_operator_decorator.py
[2024-06-24T15:05:52.895+0000] {processor.py:799} INFO - Processing file /home/airflow/.local/lib/python3.7/site-packages/airflow/example_dags/example_branch_operator_decorator.py for tasks to queue
[2024-06-24T15:05:52.895+0000] {logging_mixin.py:149} INFO - [2024-06-24T15:05:52.895+0000] {dagbag.py:541} INFO - Filling up the DagBag from /home/airflow/.local/lib/python3.7/site-packages/airflow/example_dags/example_branch_operator_decorator.py
[2024-06-24T15:05:52.899+0000] {processor.py:809} INFO - DAG(s) dict_keys(['example_branch_python_operator_decorator']) retrieved from /home/airflow/.local/lib/python3.7/site-packages/airflow/example_dags/example_branch_operator_decorator.py
[2024-06-24T15:05:52.908+0000] {logging_mixin.py:149} INFO - [2024-06-24T15:05:52.908+0000] {dag.py:2726} INFO - Sync 1 DAGs
[2024-06-24T15:05:52.918+0000] {logging_mixin.py:149} INFO - [2024-06-24T15:05:52.918+0000] {dag.py:3490} INFO - Setting next_dagrun for example_branch_python_operator_decorator to 2024-06-23T00:00:00+00:00, run_after=2024-06-24T00:00:00+00:00
[2024-06-24T15:05:52.925+0000] {processor.py:178} INFO - Processing /home/airflow/.local/lib/python3.7/site-packages/airflow/example_dags/example_branch_operator_decorator.py took 0.031 seconds
[2024-06-24T15:06:23.530+0000] {processor.py:156} INFO - Started process (PID=407) to work on /home/airflow/.local/lib/python3.7/site-packages/airflow/example_dags/example_branch_operator_decorator.py
[2024-06-24T15:06:23.530+0000] {processor.py:799} INFO - Processing file /home/airflow/.local/lib/python3.7/site-packages/airflow/example_dags/example_branch_operator_decorator.py for tasks to queue
[2024-06-24T15:06:23.530+0000] {logging_mixin.py:149} INFO - [2024-06-24T15:06:23.530+0000] {dagbag.py:541} INFO - Filling up the DagBag from /home/airflow/.local/lib/python3.7/site-packages/airflow/example_dags/example_branch_operator_decorator.py
[2024-06-24T15:06:23.534+0000] {processor.py:809} INFO - DAG(s) dict_keys(['example_branch_python_operator_decorator']) retrieved from /home/airflow/.local/lib/python3.7/site-packages/airflow/example_dags/example_branch_operator_decorator.py
[2024-06-24T15:06:23.544+0000] {logging_mixin.py:149} INFO - [2024-06-24T15:06:23.544+0000] {dag.py:2726} INFO - Sync 1 DAGs
[2024-06-24T15:06:23.554+0000] {logging_mixin.py:149} INFO - [2024-06-24T15:06:23.554+0000] {dag.py:3490} INFO - Setting next_dagrun for example_branch_python_operator_decorator to 2024-06-23T00:00:00+00:00, run_after=2024-06-24T00:00:00+00:00
[2024-06-24T15:06:23.560+0000] {processor.py:178} INFO - Processing /home/airflow/.local/lib/python3.7/site-packages/airflow/example_dags/example_branch_operator_decorator.py took 0.032 seconds
[2024-06-24T15:06:54.175+0000] {processor.py:156} INFO - Started process (PID=476) to work on /home/airflow/.local/lib/python3.7/site-packages/airflow/example_dags/example_branch_operator_decorator.py
[2024-06-24T15:06:54.175+0000] {processor.py:799} INFO - Processing file /home/airflow/.local/lib/python3.7/site-packages/airflow/example_dags/example_branch_operator_decorator.py for tasks to queue
[2024-06-24T15:06:54.175+0000] {logging_mixin.py:149} INFO - [2024-06-24T15:06:54.175+0000] {dagbag.py:541} INFO - Filling up the DagBag from /home/airflow/.local/lib/python3.7/site-packages/airflow/example_dags/example_branch_operator_decorator.py
[2024-06-24T15:06:54.179+0000] {processor.py:809} INFO - DAG(s) dict_keys(['example_branch_python_operator_decorator']) retrieved from /home/airflow/.local/lib/python3.7/site-packages/airflow/example_dags/example_branch_operator_decorator.py
[2024-06-24T15:06:54.189+0000] {logging_mixin.py:149} INFO - [2024-06-24T15:06:54.189+0000] {dag.py:2726} INFO - Sync 1 DAGs
[2024-06-24T15:06:54.200+0000] {logging_mixin.py:149} INFO - [2024-06-24T15:06:54.199+0000] {dag.py:3490} INFO - Setting next_dagrun for example_branch_python_operator_decorator to 2024-06-23T00:00:00+00:00, run_after=2024-06-24T00:00:00+00:00
[2024-06-24T15:06:54.206+0000] {processor.py:178} INFO - Processing /home/airflow/.local/lib/python3.7/site-packages/airflow/example_dags/example_branch_operator_decorator.py took 0.032 seconds
[2024-06-24T15:07:53.664+0000] {processor.py:156} INFO - Started process (PID=64) to work on /home/airflow/.local/lib/python3.7/site-packages/airflow/example_dags/example_branch_operator_decorator.py
[2024-06-24T15:07:53.664+0000] {processor.py:799} INFO - Processing file /home/airflow/.local/lib/python3.7/site-packages/airflow/example_dags/example_branch_operator_decorator.py for tasks to queue
[2024-06-24T15:07:53.665+0000] {logging_mixin.py:149} INFO - [2024-06-24T15:07:53.665+0000] {dagbag.py:541} INFO - Filling up the DagBag from /home/airflow/.local/lib/python3.7/site-packages/airflow/example_dags/example_branch_operator_decorator.py
[2024-06-24T15:07:53.671+0000] {processor.py:809} INFO - DAG(s) dict_keys(['example_branch_python_operator_decorator']) retrieved from /home/airflow/.local/lib/python3.7/site-packages/airflow/example_dags/example_branch_operator_decorator.py
[2024-06-24T15:07:53.678+0000] {logging_mixin.py:149} INFO - [2024-06-24T15:07:53.678+0000] {dag.py:2726} INFO - Sync 1 DAGs
[2024-06-24T15:07:53.691+0000] {logging_mixin.py:149} INFO - [2024-06-24T15:07:53.691+0000] {dag.py:3490} INFO - Setting next_dagrun for example_branch_python_operator_decorator to 2024-06-23T00:00:00+00:00, run_after=2024-06-24T00:00:00+00:00
[2024-06-24T15:07:53.707+0000] {processor.py:178} INFO - Processing /home/airflow/.local/lib/python3.7/site-packages/airflow/example_dags/example_branch_operator_decorator.py took 0.044 seconds
[2024-06-24T15:08:24.083+0000] {processor.py:156} INFO - Started process (PID=137) to work on /home/airflow/.local/lib/python3.7/site-packages/airflow/example_dags/example_branch_operator_decorator.py
[2024-06-24T15:08:24.084+0000] {processor.py:799} INFO - Processing file /home/airflow/.local/lib/python3.7/site-packages/airflow/example_dags/example_branch_operator_decorator.py for tasks to queue
[2024-06-24T15:08:24.084+0000] {logging_mixin.py:149} INFO - [2024-06-24T15:08:24.084+0000] {dagbag.py:541} INFO - Filling up the DagBag from /home/airflow/.local/lib/python3.7/site-packages/airflow/example_dags/example_branch_operator_decorator.py
[2024-06-24T15:08:24.088+0000] {processor.py:809} INFO - DAG(s) dict_keys(['example_branch_python_operator_decorator']) retrieved from /home/airflow/.local/lib/python3.7/site-packages/airflow/example_dags/example_branch_operator_decorator.py
[2024-06-24T15:08:24.098+0000] {logging_mixin.py:149} INFO - [2024-06-24T15:08:24.098+0000] {dag.py:2726} INFO - Sync 1 DAGs
[2024-06-24T15:08:24.109+0000] {logging_mixin.py:149} INFO - [2024-06-24T15:08:24.109+0000] {dag.py:3490} INFO - Setting next_dagrun for example_branch_python_operator_decorator to 2024-06-23T00:00:00+00:00, run_after=2024-06-24T00:00:00+00:00
[2024-06-24T15:08:24.116+0000] {processor.py:178} INFO - Processing /home/airflow/.local/lib/python3.7/site-packages/airflow/example_dags/example_branch_operator_decorator.py took 0.034 seconds
[2024-06-24T15:08:54.675+0000] {processor.py:156} INFO - Started process (PID=206) to work on /home/airflow/.local/lib/python3.7/site-packages/airflow/example_dags/example_branch_operator_decorator.py
[2024-06-24T15:08:54.675+0000] {processor.py:799} INFO - Processing file /home/airflow/.local/lib/python3.7/site-packages/airflow/example_dags/example_branch_operator_decorator.py for tasks to queue
[2024-06-24T15:08:54.675+0000] {logging_mixin.py:149} INFO - [2024-06-24T15:08:54.675+0000] {dagbag.py:541} INFO - Filling up the DagBag from /home/airflow/.local/lib/python3.7/site-packages/airflow/example_dags/example_branch_operator_decorator.py
[2024-06-24T15:08:54.679+0000] {processor.py:809} INFO - DAG(s) dict_keys(['example_branch_python_operator_decorator']) retrieved from /home/airflow/.local/lib/python3.7/site-packages/airflow/example_dags/example_branch_operator_decorator.py
[2024-06-24T15:08:54.689+0000] {logging_mixin.py:149} INFO - [2024-06-24T15:08:54.689+0000] {dag.py:2726} INFO - Sync 1 DAGs
[2024-06-24T15:08:54.700+0000] {logging_mixin.py:149} INFO - [2024-06-24T15:08:54.700+0000] {dag.py:3490} INFO - Setting next_dagrun for example_branch_python_operator_decorator to 2024-06-23T00:00:00+00:00, run_after=2024-06-24T00:00:00+00:00
[2024-06-24T15:08:54.707+0000] {processor.py:178} INFO - Processing /home/airflow/.local/lib/python3.7/site-packages/airflow/example_dags/example_branch_operator_decorator.py took 0.034 seconds
[2024-06-24T15:09:25.417+0000] {processor.py:156} INFO - Started process (PID=275) to work on /home/airflow/.local/lib/python3.7/site-packages/airflow/example_dags/example_branch_operator_decorator.py
[2024-06-24T15:09:25.417+0000] {processor.py:799} INFO - Processing file /home/airflow/.local/lib/python3.7/site-packages/airflow/example_dags/example_branch_operator_decorator.py for tasks to queue
[2024-06-24T15:09:25.417+0000] {logging_mixin.py:149} INFO - [2024-06-24T15:09:25.417+0000] {dagbag.py:541} INFO - Filling up the DagBag from /home/airflow/.local/lib/python3.7/site-packages/airflow/example_dags/example_branch_operator_decorator.py
[2024-06-24T15:09:25.421+0000] {processor.py:809} INFO - DAG(s) dict_keys(['example_branch_python_operator_decorator']) retrieved from /home/airflow/.local/lib/python3.7/site-packages/airflow/example_dags/example_branch_operator_decorator.py
[2024-06-24T15:09:25.432+0000] {logging_mixin.py:149} INFO - [2024-06-24T15:09:25.432+0000] {dag.py:2726} INFO - Sync 1 DAGs
[2024-06-24T15:09:25.443+0000] {logging_mixin.py:149} INFO - [2024-06-24T15:09:25.443+0000] {dag.py:3490} INFO - Setting next_dagrun for example_branch_python_operator_decorator to 2024-06-23T00:00:00+00:00, run_after=2024-06-24T00:00:00+00:00
[2024-06-24T15:09:25.449+0000] {processor.py:178} INFO - Processing /home/airflow/.local/lib/python3.7/site-packages/airflow/example_dags/example_branch_operator_decorator.py took 0.034 seconds
[2024-06-24T15:09:56.005+0000] {processor.py:156} INFO - Started process (PID=344) to work on /home/airflow/.local/lib/python3.7/site-packages/airflow/example_dags/example_branch_operator_decorator.py
[2024-06-24T15:09:56.005+0000] {processor.py:799} INFO - Processing file /home/airflow/.local/lib/python3.7/site-packages/airflow/example_dags/example_branch_operator_decorator.py for tasks to queue
[2024-06-24T15:09:56.006+0000] {logging_mixin.py:149} INFO - [2024-06-24T15:09:56.006+0000] {dagbag.py:541} INFO - Filling up the DagBag from /home/airflow/.local/lib/python3.7/site-packages/airflow/example_dags/example_branch_operator_decorator.py
[2024-06-24T15:09:56.010+0000] {processor.py:809} INFO - DAG(s) dict_keys(['example_branch_python_operator_decorator']) retrieved from /home/airflow/.local/lib/python3.7/site-packages/airflow/example_dags/example_branch_operator_decorator.py
[2024-06-24T15:09:56.020+0000] {logging_mixin.py:149} INFO - [2024-06-24T15:09:56.020+0000] {dag.py:2726} INFO - Sync 1 DAGs
[2024-06-24T15:09:56.030+0000] {logging_mixin.py:149} INFO - [2024-06-24T15:09:56.030+0000] {dag.py:3490} INFO - Setting next_dagrun for example_branch_python_operator_decorator to 2024-06-23T00:00:00+00:00, run_after=2024-06-24T00:00:00+00:00
[2024-06-24T15:09:56.038+0000] {processor.py:178} INFO - Processing /home/airflow/.local/lib/python3.7/site-packages/airflow/example_dags/example_branch_operator_decorator.py took 0.034 seconds
[2024-06-24T15:10:26.688+0000] {processor.py:156} INFO - Started process (PID=413) to work on /home/airflow/.local/lib/python3.7/site-packages/airflow/example_dags/example_branch_operator_decorator.py
[2024-06-24T15:10:26.689+0000] {processor.py:799} INFO - Processing file /home/airflow/.local/lib/python3.7/site-packages/airflow/example_dags/example_branch_operator_decorator.py for tasks to queue
[2024-06-24T15:10:26.689+0000] {logging_mixin.py:149} INFO - [2024-06-24T15:10:26.689+0000] {dagbag.py:541} INFO - Filling up the DagBag from /home/airflow/.local/lib/python3.7/site-packages/airflow/example_dags/example_branch_operator_decorator.py
[2024-06-24T15:10:26.695+0000] {processor.py:809} INFO - DAG(s) dict_keys(['example_branch_python_operator_decorator']) retrieved from /home/airflow/.local/lib/python3.7/site-packages/airflow/example_dags/example_branch_operator_decorator.py
[2024-06-24T15:10:26.706+0000] {logging_mixin.py:149} INFO - [2024-06-24T15:10:26.706+0000] {dag.py:2726} INFO - Sync 1 DAGs
[2024-06-24T15:10:26.719+0000] {logging_mixin.py:149} INFO - [2024-06-24T15:10:26.719+0000] {dag.py:3490} INFO - Setting next_dagrun for example_branch_python_operator_decorator to 2024-06-23T00:00:00+00:00, run_after=2024-06-24T00:00:00+00:00
[2024-06-24T15:10:26.726+0000] {processor.py:178} INFO - Processing /home/airflow/.local/lib/python3.7/site-packages/airflow/example_dags/example_branch_operator_decorator.py took 0.039 seconds
[2024-06-24T15:10:57.424+0000] {processor.py:156} INFO - Started process (PID=482) to work on /home/airflow/.local/lib/python3.7/site-packages/airflow/example_dags/example_branch_operator_decorator.py
[2024-06-24T15:10:57.427+0000] {processor.py:799} INFO - Processing file /home/airflow/.local/lib/python3.7/site-packages/airflow/example_dags/example_branch_operator_decorator.py for tasks to queue
[2024-06-24T15:10:57.427+0000] {logging_mixin.py:149} INFO - [2024-06-24T15:10:57.427+0000] {dagbag.py:541} INFO - Filling up the DagBag from /home/airflow/.local/lib/python3.7/site-packages/airflow/example_dags/example_branch_operator_decorator.py
[2024-06-24T15:10:57.432+0000] {processor.py:809} INFO - DAG(s) dict_keys(['example_branch_python_operator_decorator']) retrieved from /home/airflow/.local/lib/python3.7/site-packages/airflow/example_dags/example_branch_operator_decorator.py
[2024-06-24T15:10:57.443+0000] {logging_mixin.py:149} INFO - [2024-06-24T15:10:57.443+0000] {dag.py:2726} INFO - Sync 1 DAGs
[2024-06-24T15:10:57.457+0000] {logging_mixin.py:149} INFO - [2024-06-24T15:10:57.457+0000] {dag.py:3490} INFO - Setting next_dagrun for example_branch_python_operator_decorator to 2024-06-23T00:00:00+00:00, run_after=2024-06-24T00:00:00+00:00
[2024-06-24T15:10:57.465+0000] {processor.py:178} INFO - Processing /home/airflow/.local/lib/python3.7/site-packages/airflow/example_dags/example_branch_operator_decorator.py took 0.042 seconds
[2024-06-24T15:11:28.151+0000] {processor.py:156} INFO - Started process (PID=551) to work on /home/airflow/.local/lib/python3.7/site-packages/airflow/example_dags/example_branch_operator_decorator.py
[2024-06-24T15:11:28.152+0000] {processor.py:799} INFO - Processing file /home/airflow/.local/lib/python3.7/site-packages/airflow/example_dags/example_branch_operator_decorator.py for tasks to queue
[2024-06-24T15:11:28.152+0000] {logging_mixin.py:149} INFO - [2024-06-24T15:11:28.152+0000] {dagbag.py:541} INFO - Filling up the DagBag from /home/airflow/.local/lib/python3.7/site-packages/airflow/example_dags/example_branch_operator_decorator.py
[2024-06-24T15:11:28.156+0000] {processor.py:809} INFO - DAG(s) dict_keys(['example_branch_python_operator_decorator']) retrieved from /home/airflow/.local/lib/python3.7/site-packages/airflow/example_dags/example_branch_operator_decorator.py
[2024-06-24T15:11:28.166+0000] {logging_mixin.py:149} INFO - [2024-06-24T15:11:28.166+0000] {dag.py:2726} INFO - Sync 1 DAGs
[2024-06-24T15:11:28.177+0000] {logging_mixin.py:149} INFO - [2024-06-24T15:11:28.177+0000] {dag.py:3490} INFO - Setting next_dagrun for example_branch_python_operator_decorator to 2024-06-23T00:00:00+00:00, run_after=2024-06-24T00:00:00+00:00
[2024-06-24T15:11:28.184+0000] {processor.py:178} INFO - Processing /home/airflow/.local/lib/python3.7/site-packages/airflow/example_dags/example_branch_operator_decorator.py took 0.034 seconds
[2024-06-24T15:11:58.932+0000] {processor.py:156} INFO - Started process (PID=620) to work on /home/airflow/.local/lib/python3.7/site-packages/airflow/example_dags/example_branch_operator_decorator.py
[2024-06-24T15:11:58.933+0000] {processor.py:799} INFO - Processing file /home/airflow/.local/lib/python3.7/site-packages/airflow/example_dags/example_branch_operator_decorator.py for tasks to queue
[2024-06-24T15:11:58.933+0000] {logging_mixin.py:149} INFO - [2024-06-24T15:11:58.933+0000] {dagbag.py:541} INFO - Filling up the DagBag from /home/airflow/.local/lib/python3.7/site-packages/airflow/example_dags/example_branch_operator_decorator.py
[2024-06-24T15:11:58.939+0000] {processor.py:809} INFO - DAG(s) dict_keys(['example_branch_python_operator_decorator']) retrieved from /home/airflow/.local/lib/python3.7/site-packages/airflow/example_dags/example_branch_operator_decorator.py
[2024-06-24T15:11:58.950+0000] {logging_mixin.py:149} INFO - [2024-06-24T15:11:58.950+0000] {dag.py:2726} INFO - Sync 1 DAGs
[2024-06-24T15:11:58.963+0000] {logging_mixin.py:149} INFO - [2024-06-24T15:11:58.963+0000] {dag.py:3490} INFO - Setting next_dagrun for example_branch_python_operator_decorator to 2024-06-23T00:00:00+00:00, run_after=2024-06-24T00:00:00+00:00
[2024-06-24T15:11:58.976+0000] {processor.py:178} INFO - Processing /home/airflow/.local/lib/python3.7/site-packages/airflow/example_dags/example_branch_operator_decorator.py took 0.046 seconds
[2024-06-24T15:12:29.608+0000] {processor.py:156} INFO - Started process (PID=689) to work on /home/airflow/.local/lib/python3.7/site-packages/airflow/example_dags/example_branch_operator_decorator.py
[2024-06-24T15:12:29.608+0000] {processor.py:799} INFO - Processing file /home/airflow/.local/lib/python3.7/site-packages/airflow/example_dags/example_branch_operator_decorator.py for tasks to queue
[2024-06-24T15:12:29.608+0000] {logging_mixin.py:149} INFO - [2024-06-24T15:12:29.608+0000] {dagbag.py:541} INFO - Filling up the DagBag from /home/airflow/.local/lib/python3.7/site-packages/airflow/example_dags/example_branch_operator_decorator.py
[2024-06-24T15:12:29.613+0000] {processor.py:809} INFO - DAG(s) dict_keys(['example_branch_python_operator_decorator']) retrieved from /home/airflow/.local/lib/python3.7/site-packages/airflow/example_dags/example_branch_operator_decorator.py
[2024-06-24T15:12:29.624+0000] {logging_mixin.py:149} INFO - [2024-06-24T15:12:29.624+0000] {dag.py:2726} INFO - Sync 1 DAGs
[2024-06-24T15:12:29.636+0000] {logging_mixin.py:149} INFO - [2024-06-24T15:12:29.636+0000] {dag.py:3490} INFO - Setting next_dagrun for example_branch_python_operator_decorator to 2024-06-23T00:00:00+00:00, run_after=2024-06-24T00:00:00+00:00
[2024-06-24T15:12:29.644+0000] {processor.py:178} INFO - Processing /home/airflow/.local/lib/python3.7/site-packages/airflow/example_dags/example_branch_operator_decorator.py took 0.038 seconds
[2024-06-24T15:13:00.263+0000] {processor.py:156} INFO - Started process (PID=758) to work on /home/airflow/.local/lib/python3.7/site-packages/airflow/example_dags/example_branch_operator_decorator.py
[2024-06-24T15:13:00.263+0000] {processor.py:799} INFO - Processing file /home/airflow/.local/lib/python3.7/site-packages/airflow/example_dags/example_branch_operator_decorator.py for tasks to queue
[2024-06-24T15:13:00.264+0000] {logging_mixin.py:149} INFO - [2024-06-24T15:13:00.263+0000] {dagbag.py:541} INFO - Filling up the DagBag from /home/airflow/.local/lib/python3.7/site-packages/airflow/example_dags/example_branch_operator_decorator.py
[2024-06-24T15:13:00.269+0000] {processor.py:809} INFO - DAG(s) dict_keys(['example_branch_python_operator_decorator']) retrieved from /home/airflow/.local/lib/python3.7/site-packages/airflow/example_dags/example_branch_operator_decorator.py
[2024-06-24T15:13:00.286+0000] {logging_mixin.py:149} INFO - [2024-06-24T15:13:00.286+0000] {dag.py:2726} INFO - Sync 1 DAGs
[2024-06-24T15:13:00.298+0000] {logging_mixin.py:149} INFO - [2024-06-24T15:13:00.298+0000] {dag.py:3490} INFO - Setting next_dagrun for example_branch_python_operator_decorator to 2024-06-23T00:00:00+00:00, run_after=2024-06-24T00:00:00+00:00
[2024-06-24T15:13:00.305+0000] {processor.py:178} INFO - Processing /home/airflow/.local/lib/python3.7/site-packages/airflow/example_dags/example_branch_operator_decorator.py took 0.044 seconds
[2024-06-24T15:13:30.989+0000] {processor.py:156} INFO - Started process (PID=827) to work on /home/airflow/.local/lib/python3.7/site-packages/airflow/example_dags/example_branch_operator_decorator.py
[2024-06-24T15:13:30.989+0000] {processor.py:799} INFO - Processing file /home/airflow/.local/lib/python3.7/site-packages/airflow/example_dags/example_branch_operator_decorator.py for tasks to queue
[2024-06-24T15:13:30.989+0000] {logging_mixin.py:149} INFO - [2024-06-24T15:13:30.989+0000] {dagbag.py:541} INFO - Filling up the DagBag from /home/airflow/.local/lib/python3.7/site-packages/airflow/example_dags/example_branch_operator_decorator.py
[2024-06-24T15:13:30.993+0000] {processor.py:809} INFO - DAG(s) dict_keys(['example_branch_python_operator_decorator']) retrieved from /home/airflow/.local/lib/python3.7/site-packages/airflow/example_dags/example_branch_operator_decorator.py
[2024-06-24T15:13:31.004+0000] {logging_mixin.py:149} INFO - [2024-06-24T15:13:31.004+0000] {dag.py:2726} INFO - Sync 1 DAGs
[2024-06-24T15:13:31.014+0000] {logging_mixin.py:149} INFO - [2024-06-24T15:13:31.014+0000] {dag.py:3490} INFO - Setting next_dagrun for example_branch_python_operator_decorator to 2024-06-23T00:00:00+00:00, run_after=2024-06-24T00:00:00+00:00
[2024-06-24T15:13:31.021+0000] {processor.py:178} INFO - Processing /home/airflow/.local/lib/python3.7/site-packages/airflow/example_dags/example_branch_operator_decorator.py took 0.033 seconds
[2024-06-24T15:14:01.534+0000] {processor.py:156} INFO - Started process (PID=896) to work on /home/airflow/.local/lib/python3.7/site-packages/airflow/example_dags/example_branch_operator_decorator.py
[2024-06-24T15:14:01.534+0000] {processor.py:799} INFO - Processing file /home/airflow/.local/lib/python3.7/site-packages/airflow/example_dags/example_branch_operator_decorator.py for tasks to queue
[2024-06-24T15:14:01.535+0000] {logging_mixin.py:149} INFO - [2024-06-24T15:14:01.535+0000] {dagbag.py:541} INFO - Filling up the DagBag from /home/airflow/.local/lib/python3.7/site-packages/airflow/example_dags/example_branch_operator_decorator.py
[2024-06-24T15:14:01.539+0000] {processor.py:809} INFO - DAG(s) dict_keys(['example_branch_python_operator_decorator']) retrieved from /home/airflow/.local/lib/python3.7/site-packages/airflow/example_dags/example_branch_operator_decorator.py
[2024-06-24T15:14:01.550+0000] {logging_mixin.py:149} INFO - [2024-06-24T15:14:01.549+0000] {dag.py:2726} INFO - Sync 1 DAGs
[2024-06-24T15:14:01.561+0000] {logging_mixin.py:149} INFO - [2024-06-24T15:14:01.561+0000] {dag.py:3490} INFO - Setting next_dagrun for example_branch_python_operator_decorator to 2024-06-23T00:00:00+00:00, run_after=2024-06-24T00:00:00+00:00
[2024-06-24T15:14:01.568+0000] {processor.py:178} INFO - Processing /home/airflow/.local/lib/python3.7/site-packages/airflow/example_dags/example_branch_operator_decorator.py took 0.035 seconds
[2024-06-24T15:14:32.011+0000] {processor.py:156} INFO - Started process (PID=965) to work on /home/airflow/.local/lib/python3.7/site-packages/airflow/example_dags/example_branch_operator_decorator.py
[2024-06-24T15:14:32.012+0000] {processor.py:799} INFO - Processing file /home/airflow/.local/lib/python3.7/site-packages/airflow/example_dags/example_branch_operator_decorator.py for tasks to queue
[2024-06-24T15:14:32.012+0000] {logging_mixin.py:149} INFO - [2024-06-24T15:14:32.012+0000] {dagbag.py:541} INFO - Filling up the DagBag from /home/airflow/.local/lib/python3.7/site-packages/airflow/example_dags/example_branch_operator_decorator.py
[2024-06-24T15:14:32.016+0000] {processor.py:809} INFO - DAG(s) dict_keys(['example_branch_python_operator_decorator']) retrieved from /home/airflow/.local/lib/python3.7/site-packages/airflow/example_dags/example_branch_operator_decorator.py
[2024-06-24T15:14:32.027+0000] {logging_mixin.py:149} INFO - [2024-06-24T15:14:32.027+0000] {dag.py:2726} INFO - Sync 1 DAGs
[2024-06-24T15:14:32.038+0000] {logging_mixin.py:149} INFO - [2024-06-24T15:14:32.037+0000] {dag.py:3490} INFO - Setting next_dagrun for example_branch_python_operator_decorator to 2024-06-23T00:00:00+00:00, run_after=2024-06-24T00:00:00+00:00
[2024-06-24T15:14:32.044+0000] {processor.py:178} INFO - Processing /home/airflow/.local/lib/python3.7/site-packages/airflow/example_dags/example_branch_operator_decorator.py took 0.034 seconds
[2024-06-24T15:15:02.475+0000] {processor.py:156} INFO - Started process (PID=1034) to work on /home/airflow/.local/lib/python3.7/site-packages/airflow/example_dags/example_branch_operator_decorator.py
[2024-06-24T15:15:02.475+0000] {processor.py:799} INFO - Processing file /home/airflow/.local/lib/python3.7/site-packages/airflow/example_dags/example_branch_operator_decorator.py for tasks to queue
[2024-06-24T15:15:02.475+0000] {logging_mixin.py:149} INFO - [2024-06-24T15:15:02.475+0000] {dagbag.py:541} INFO - Filling up the DagBag from /home/airflow/.local/lib/python3.7/site-packages/airflow/example_dags/example_branch_operator_decorator.py
[2024-06-24T15:15:02.479+0000] {processor.py:809} INFO - DAG(s) dict_keys(['example_branch_python_operator_decorator']) retrieved from /home/airflow/.local/lib/python3.7/site-packages/airflow/example_dags/example_branch_operator_decorator.py
[2024-06-24T15:15:02.489+0000] {logging_mixin.py:149} INFO - [2024-06-24T15:15:02.489+0000] {dag.py:2726} INFO - Sync 1 DAGs
[2024-06-24T15:15:02.499+0000] {logging_mixin.py:149} INFO - [2024-06-24T15:15:02.499+0000] {dag.py:3490} INFO - Setting next_dagrun for example_branch_python_operator_decorator to 2024-06-23T00:00:00+00:00, run_after=2024-06-24T00:00:00+00:00
[2024-06-24T15:15:02.505+0000] {processor.py:178} INFO - Processing /home/airflow/.local/lib/python3.7/site-packages/airflow/example_dags/example_branch_operator_decorator.py took 0.031 seconds
[2024-06-24T15:15:33.181+0000] {processor.py:156} INFO - Started process (PID=1112) to work on /home/airflow/.local/lib/python3.7/site-packages/airflow/example_dags/example_branch_operator_decorator.py
[2024-06-24T15:15:33.181+0000] {processor.py:799} INFO - Processing file /home/airflow/.local/lib/python3.7/site-packages/airflow/example_dags/example_branch_operator_decorator.py for tasks to queue
[2024-06-24T15:15:33.182+0000] {logging_mixin.py:149} INFO - [2024-06-24T15:15:33.182+0000] {dagbag.py:541} INFO - Filling up the DagBag from /home/airflow/.local/lib/python3.7/site-packages/airflow/example_dags/example_branch_operator_decorator.py
[2024-06-24T15:15:33.186+0000] {processor.py:809} INFO - DAG(s) dict_keys(['example_branch_python_operator_decorator']) retrieved from /home/airflow/.local/lib/python3.7/site-packages/airflow/example_dags/example_branch_operator_decorator.py
[2024-06-24T15:15:33.197+0000] {logging_mixin.py:149} INFO - [2024-06-24T15:15:33.197+0000] {dag.py:2726} INFO - Sync 1 DAGs
[2024-06-24T15:15:33.207+0000] {logging_mixin.py:149} INFO - [2024-06-24T15:15:33.207+0000] {dag.py:3490} INFO - Setting next_dagrun for example_branch_python_operator_decorator to 2024-06-23T00:00:00+00:00, run_after=2024-06-24T00:00:00+00:00
[2024-06-24T15:15:33.214+0000] {processor.py:178} INFO - Processing /home/airflow/.local/lib/python3.7/site-packages/airflow/example_dags/example_branch_operator_decorator.py took 0.035 seconds
[2024-06-24T15:16:03.742+0000] {processor.py:156} INFO - Started process (PID=1181) to work on /home/airflow/.local/lib/python3.7/site-packages/airflow/example_dags/example_branch_operator_decorator.py
[2024-06-24T15:16:03.742+0000] {processor.py:799} INFO - Processing file /home/airflow/.local/lib/python3.7/site-packages/airflow/example_dags/example_branch_operator_decorator.py for tasks to queue
[2024-06-24T15:16:03.742+0000] {logging_mixin.py:149} INFO - [2024-06-24T15:16:03.742+0000] {dagbag.py:541} INFO - Filling up the DagBag from /home/airflow/.local/lib/python3.7/site-packages/airflow/example_dags/example_branch_operator_decorator.py
[2024-06-24T15:16:03.747+0000] {processor.py:809} INFO - DAG(s) dict_keys(['example_branch_python_operator_decorator']) retrieved from /home/airflow/.local/lib/python3.7/site-packages/airflow/example_dags/example_branch_operator_decorator.py
[2024-06-24T15:16:03.758+0000] {logging_mixin.py:149} INFO - [2024-06-24T15:16:03.758+0000] {dag.py:2726} INFO - Sync 1 DAGs
[2024-06-24T15:16:03.770+0000] {logging_mixin.py:149} INFO - [2024-06-24T15:16:03.769+0000] {dag.py:3490} INFO - Setting next_dagrun for example_branch_python_operator_decorator to 2024-06-23T00:00:00+00:00, run_after=2024-06-24T00:00:00+00:00
[2024-06-24T15:16:03.777+0000] {processor.py:178} INFO - Processing /home/airflow/.local/lib/python3.7/site-packages/airflow/example_dags/example_branch_operator_decorator.py took 0.037 seconds
[2024-06-24T15:16:34.444+0000] {processor.py:156} INFO - Started process (PID=1250) to work on /home/airflow/.local/lib/python3.7/site-packages/airflow/example_dags/example_branch_operator_decorator.py
[2024-06-24T15:16:34.444+0000] {processor.py:799} INFO - Processing file /home/airflow/.local/lib/python3.7/site-packages/airflow/example_dags/example_branch_operator_decorator.py for tasks to queue
[2024-06-24T15:16:34.444+0000] {logging_mixin.py:149} INFO - [2024-06-24T15:16:34.444+0000] {dagbag.py:541} INFO - Filling up the DagBag from /home/airflow/.local/lib/python3.7/site-packages/airflow/example_dags/example_branch_operator_decorator.py
[2024-06-24T15:16:34.448+0000] {processor.py:809} INFO - DAG(s) dict_keys(['example_branch_python_operator_decorator']) retrieved from /home/airflow/.local/lib/python3.7/site-packages/airflow/example_dags/example_branch_operator_decorator.py
[2024-06-24T15:16:34.459+0000] {logging_mixin.py:149} INFO - [2024-06-24T15:16:34.459+0000] {dag.py:2726} INFO - Sync 1 DAGs
[2024-06-24T15:16:34.471+0000] {logging_mixin.py:149} INFO - [2024-06-24T15:16:34.471+0000] {dag.py:3490} INFO - Setting next_dagrun for example_branch_python_operator_decorator to 2024-06-23T00:00:00+00:00, run_after=2024-06-24T00:00:00+00:00
[2024-06-24T15:16:34.478+0000] {processor.py:178} INFO - Processing /home/airflow/.local/lib/python3.7/site-packages/airflow/example_dags/example_branch_operator_decorator.py took 0.035 seconds
[2024-06-24T15:17:05.051+0000] {processor.py:156} INFO - Started process (PID=1319) to work on /home/airflow/.local/lib/python3.7/site-packages/airflow/example_dags/example_branch_operator_decorator.py
[2024-06-24T15:17:05.052+0000] {processor.py:799} INFO - Processing file /home/airflow/.local/lib/python3.7/site-packages/airflow/example_dags/example_branch_operator_decorator.py for tasks to queue
[2024-06-24T15:17:05.052+0000] {logging_mixin.py:149} INFO - [2024-06-24T15:17:05.052+0000] {dagbag.py:541} INFO - Filling up the DagBag from /home/airflow/.local/lib/python3.7/site-packages/airflow/example_dags/example_branch_operator_decorator.py
[2024-06-24T15:17:05.057+0000] {processor.py:809} INFO - DAG(s) dict_keys(['example_branch_python_operator_decorator']) retrieved from /home/airflow/.local/lib/python3.7/site-packages/airflow/example_dags/example_branch_operator_decorator.py
[2024-06-24T15:17:05.068+0000] {logging_mixin.py:149} INFO - [2024-06-24T15:17:05.068+0000] {dag.py:2726} INFO - Sync 1 DAGs
[2024-06-24T15:17:05.079+0000] {logging_mixin.py:149} INFO - [2024-06-24T15:17:05.079+0000] {dag.py:3490} INFO - Setting next_dagrun for example_branch_python_operator_decorator to 2024-06-23T00:00:00+00:00, run_after=2024-06-24T00:00:00+00:00
[2024-06-24T15:17:05.086+0000] {processor.py:178} INFO - Processing /home/airflow/.local/lib/python3.7/site-packages/airflow/example_dags/example_branch_operator_decorator.py took 0.036 seconds
[2024-06-24T15:17:35.600+0000] {processor.py:156} INFO - Started process (PID=1387) to work on /home/airflow/.local/lib/python3.7/site-packages/airflow/example_dags/example_branch_operator_decorator.py
[2024-06-24T15:17:35.601+0000] {processor.py:799} INFO - Processing file /home/airflow/.local/lib/python3.7/site-packages/airflow/example_dags/example_branch_operator_decorator.py for tasks to queue
[2024-06-24T15:17:35.601+0000] {logging_mixin.py:149} INFO - [2024-06-24T15:17:35.601+0000] {dagbag.py:541} INFO - Filling up the DagBag from /home/airflow/.local/lib/python3.7/site-packages/airflow/example_dags/example_branch_operator_decorator.py
[2024-06-24T15:17:35.605+0000] {processor.py:809} INFO - DAG(s) dict_keys(['example_branch_python_operator_decorator']) retrieved from /home/airflow/.local/lib/python3.7/site-packages/airflow/example_dags/example_branch_operator_decorator.py
[2024-06-24T15:17:35.617+0000] {logging_mixin.py:149} INFO - [2024-06-24T15:17:35.616+0000] {dag.py:2726} INFO - Sync 1 DAGs
[2024-06-24T15:17:35.628+0000] {logging_mixin.py:149} INFO - [2024-06-24T15:17:35.628+0000] {dag.py:3490} INFO - Setting next_dagrun for example_branch_python_operator_decorator to 2024-06-23T00:00:00+00:00, run_after=2024-06-24T00:00:00+00:00
[2024-06-24T15:17:35.635+0000] {processor.py:178} INFO - Processing /home/airflow/.local/lib/python3.7/site-packages/airflow/example_dags/example_branch_operator_decorator.py took 0.036 seconds
[2024-06-24T15:18:06.147+0000] {processor.py:156} INFO - Started process (PID=1456) to work on /home/airflow/.local/lib/python3.7/site-packages/airflow/example_dags/example_branch_operator_decorator.py
[2024-06-24T15:18:06.148+0000] {processor.py:799} INFO - Processing file /home/airflow/.local/lib/python3.7/site-packages/airflow/example_dags/example_branch_operator_decorator.py for tasks to queue
[2024-06-24T15:18:06.148+0000] {logging_mixin.py:149} INFO - [2024-06-24T15:18:06.148+0000] {dagbag.py:541} INFO - Filling up the DagBag from /home/airflow/.local/lib/python3.7/site-packages/airflow/example_dags/example_branch_operator_decorator.py
[2024-06-24T15:18:06.152+0000] {processor.py:809} INFO - DAG(s) dict_keys(['example_branch_python_operator_decorator']) retrieved from /home/airflow/.local/lib/python3.7/site-packages/airflow/example_dags/example_branch_operator_decorator.py
[2024-06-24T15:18:06.164+0000] {logging_mixin.py:149} INFO - [2024-06-24T15:18:06.164+0000] {dag.py:2726} INFO - Sync 1 DAGs
[2024-06-24T15:18:06.175+0000] {logging_mixin.py:149} INFO - [2024-06-24T15:18:06.175+0000] {dag.py:3490} INFO - Setting next_dagrun for example_branch_python_operator_decorator to 2024-06-23T00:00:00+00:00, run_after=2024-06-24T00:00:00+00:00
[2024-06-24T15:18:06.183+0000] {processor.py:178} INFO - Processing /home/airflow/.local/lib/python3.7/site-packages/airflow/example_dags/example_branch_operator_decorator.py took 0.037 seconds
[2024-06-24T15:18:36.848+0000] {processor.py:156} INFO - Started process (PID=1525) to work on /home/airflow/.local/lib/python3.7/site-packages/airflow/example_dags/example_branch_operator_decorator.py
[2024-06-24T15:18:36.849+0000] {processor.py:799} INFO - Processing file /home/airflow/.local/lib/python3.7/site-packages/airflow/example_dags/example_branch_operator_decorator.py for tasks to queue
[2024-06-24T15:18:36.849+0000] {logging_mixin.py:149} INFO - [2024-06-24T15:18:36.849+0000] {dagbag.py:541} INFO - Filling up the DagBag from /home/airflow/.local/lib/python3.7/site-packages/airflow/example_dags/example_branch_operator_decorator.py
[2024-06-24T15:18:36.853+0000] {processor.py:809} INFO - DAG(s) dict_keys(['example_branch_python_operator_decorator']) retrieved from /home/airflow/.local/lib/python3.7/site-packages/airflow/example_dags/example_branch_operator_decorator.py
[2024-06-24T15:18:36.864+0000] {logging_mixin.py:149} INFO - [2024-06-24T15:18:36.864+0000] {dag.py:2726} INFO - Sync 1 DAGs
[2024-06-24T15:18:36.875+0000] {logging_mixin.py:149} INFO - [2024-06-24T15:18:36.874+0000] {dag.py:3490} INFO - Setting next_dagrun for example_branch_python_operator_decorator to 2024-06-23T00:00:00+00:00, run_after=2024-06-24T00:00:00+00:00
[2024-06-24T15:18:36.881+0000] {processor.py:178} INFO - Processing /home/airflow/.local/lib/python3.7/site-packages/airflow/example_dags/example_branch_operator_decorator.py took 0.034 seconds
[2024-06-24T15:19:07.608+0000] {processor.py:156} INFO - Started process (PID=1594) to work on /home/airflow/.local/lib/python3.7/site-packages/airflow/example_dags/example_branch_operator_decorator.py
[2024-06-24T15:19:07.608+0000] {processor.py:799} INFO - Processing file /home/airflow/.local/lib/python3.7/site-packages/airflow/example_dags/example_branch_operator_decorator.py for tasks to queue
[2024-06-24T15:19:07.609+0000] {logging_mixin.py:149} INFO - [2024-06-24T15:19:07.608+0000] {dagbag.py:541} INFO - Filling up the DagBag from /home/airflow/.local/lib/python3.7/site-packages/airflow/example_dags/example_branch_operator_decorator.py
[2024-06-24T15:19:07.612+0000] {processor.py:809} INFO - DAG(s) dict_keys(['example_branch_python_operator_decorator']) retrieved from /home/airflow/.local/lib/python3.7/site-packages/airflow/example_dags/example_branch_operator_decorator.py
[2024-06-24T15:19:07.623+0000] {logging_mixin.py:149} INFO - [2024-06-24T15:19:07.623+0000] {dag.py:2726} INFO - Sync 1 DAGs
[2024-06-24T15:19:07.634+0000] {logging_mixin.py:149} INFO - [2024-06-24T15:19:07.634+0000] {dag.py:3490} INFO - Setting next_dagrun for example_branch_python_operator_decorator to 2024-06-23T00:00:00+00:00, run_after=2024-06-24T00:00:00+00:00
[2024-06-24T15:19:07.641+0000] {processor.py:178} INFO - Processing /home/airflow/.local/lib/python3.7/site-packages/airflow/example_dags/example_branch_operator_decorator.py took 0.035 seconds
[2024-06-24T15:19:38.189+0000] {processor.py:156} INFO - Started process (PID=1663) to work on /home/airflow/.local/lib/python3.7/site-packages/airflow/example_dags/example_branch_operator_decorator.py
[2024-06-24T15:19:38.189+0000] {processor.py:799} INFO - Processing file /home/airflow/.local/lib/python3.7/site-packages/airflow/example_dags/example_branch_operator_decorator.py for tasks to queue
[2024-06-24T15:19:38.189+0000] {logging_mixin.py:149} INFO - [2024-06-24T15:19:38.189+0000] {dagbag.py:541} INFO - Filling up the DagBag from /home/airflow/.local/lib/python3.7/site-packages/airflow/example_dags/example_branch_operator_decorator.py
[2024-06-24T15:19:38.193+0000] {processor.py:809} INFO - DAG(s) dict_keys(['example_branch_python_operator_decorator']) retrieved from /home/airflow/.local/lib/python3.7/site-packages/airflow/example_dags/example_branch_operator_decorator.py
[2024-06-24T15:19:38.203+0000] {logging_mixin.py:149} INFO - [2024-06-24T15:19:38.203+0000] {dag.py:2726} INFO - Sync 1 DAGs
[2024-06-24T15:19:38.214+0000] {logging_mixin.py:149} INFO - [2024-06-24T15:19:38.214+0000] {dag.py:3490} INFO - Setting next_dagrun for example_branch_python_operator_decorator to 2024-06-23T00:00:00+00:00, run_after=2024-06-24T00:00:00+00:00
[2024-06-24T15:19:38.221+0000] {processor.py:178} INFO - Processing /home/airflow/.local/lib/python3.7/site-packages/airflow/example_dags/example_branch_operator_decorator.py took 0.033 seconds
[2024-06-24T15:20:08.677+0000] {processor.py:156} INFO - Started process (PID=1732) to work on /home/airflow/.local/lib/python3.7/site-packages/airflow/example_dags/example_branch_operator_decorator.py
[2024-06-24T15:20:08.677+0000] {processor.py:799} INFO - Processing file /home/airflow/.local/lib/python3.7/site-packages/airflow/example_dags/example_branch_operator_decorator.py for tasks to queue
[2024-06-24T15:20:08.677+0000] {logging_mixin.py:149} INFO - [2024-06-24T15:20:08.677+0000] {dagbag.py:541} INFO - Filling up the DagBag from /home/airflow/.local/lib/python3.7/site-packages/airflow/example_dags/example_branch_operator_decorator.py
[2024-06-24T15:20:08.682+0000] {processor.py:809} INFO - DAG(s) dict_keys(['example_branch_python_operator_decorator']) retrieved from /home/airflow/.local/lib/python3.7/site-packages/airflow/example_dags/example_branch_operator_decorator.py
[2024-06-24T15:20:08.695+0000] {logging_mixin.py:149} INFO - [2024-06-24T15:20:08.695+0000] {dag.py:2726} INFO - Sync 1 DAGs
[2024-06-24T15:20:08.709+0000] {logging_mixin.py:149} INFO - [2024-06-24T15:20:08.709+0000] {dag.py:3490} INFO - Setting next_dagrun for example_branch_python_operator_decorator to 2024-06-23T00:00:00+00:00, run_after=2024-06-24T00:00:00+00:00
[2024-06-24T15:20:08.717+0000] {processor.py:178} INFO - Processing /home/airflow/.local/lib/python3.7/site-packages/airflow/example_dags/example_branch_operator_decorator.py took 0.042 seconds
[2024-06-24T15:20:39.413+0000] {processor.py:156} INFO - Started process (PID=1801) to work on /home/airflow/.local/lib/python3.7/site-packages/airflow/example_dags/example_branch_operator_decorator.py
[2024-06-24T15:20:39.413+0000] {processor.py:799} INFO - Processing file /home/airflow/.local/lib/python3.7/site-packages/airflow/example_dags/example_branch_operator_decorator.py for tasks to queue
[2024-06-24T15:20:39.413+0000] {logging_mixin.py:149} INFO - [2024-06-24T15:20:39.413+0000] {dagbag.py:541} INFO - Filling up the DagBag from /home/airflow/.local/lib/python3.7/site-packages/airflow/example_dags/example_branch_operator_decorator.py
[2024-06-24T15:20:39.419+0000] {processor.py:809} INFO - DAG(s) dict_keys(['example_branch_python_operator_decorator']) retrieved from /home/airflow/.local/lib/python3.7/site-packages/airflow/example_dags/example_branch_operator_decorator.py
[2024-06-24T15:20:39.433+0000] {logging_mixin.py:149} INFO - [2024-06-24T15:20:39.433+0000] {dag.py:2726} INFO - Sync 1 DAGs
[2024-06-24T15:20:39.445+0000] {logging_mixin.py:149} INFO - [2024-06-24T15:20:39.445+0000] {dag.py:3490} INFO - Setting next_dagrun for example_branch_python_operator_decorator to 2024-06-23T00:00:00+00:00, run_after=2024-06-24T00:00:00+00:00
[2024-06-24T15:20:39.453+0000] {processor.py:178} INFO - Processing /home/airflow/.local/lib/python3.7/site-packages/airflow/example_dags/example_branch_operator_decorator.py took 0.041 seconds
[2024-06-24T15:21:10.067+0000] {processor.py:156} INFO - Started process (PID=1870) to work on /home/airflow/.local/lib/python3.7/site-packages/airflow/example_dags/example_branch_operator_decorator.py
[2024-06-24T15:21:10.067+0000] {processor.py:799} INFO - Processing file /home/airflow/.local/lib/python3.7/site-packages/airflow/example_dags/example_branch_operator_decorator.py for tasks to queue
[2024-06-24T15:21:10.067+0000] {logging_mixin.py:149} INFO - [2024-06-24T15:21:10.067+0000] {dagbag.py:541} INFO - Filling up the DagBag from /home/airflow/.local/lib/python3.7/site-packages/airflow/example_dags/example_branch_operator_decorator.py
[2024-06-24T15:21:10.072+0000] {processor.py:809} INFO - DAG(s) dict_keys(['example_branch_python_operator_decorator']) retrieved from /home/airflow/.local/lib/python3.7/site-packages/airflow/example_dags/example_branch_operator_decorator.py
[2024-06-24T15:21:10.083+0000] {logging_mixin.py:149} INFO - [2024-06-24T15:21:10.082+0000] {dag.py:2726} INFO - Sync 1 DAGs
[2024-06-24T15:21:10.094+0000] {logging_mixin.py:149} INFO - [2024-06-24T15:21:10.094+0000] {dag.py:3490} INFO - Setting next_dagrun for example_branch_python_operator_decorator to 2024-06-23T00:00:00+00:00, run_after=2024-06-24T00:00:00+00:00
[2024-06-24T15:21:10.101+0000] {processor.py:178} INFO - Processing /home/airflow/.local/lib/python3.7/site-packages/airflow/example_dags/example_branch_operator_decorator.py took 0.036 seconds
[2024-06-24T15:21:40.950+0000] {processor.py:156} INFO - Started process (PID=1938) to work on /home/airflow/.local/lib/python3.7/site-packages/airflow/example_dags/example_branch_operator_decorator.py
[2024-06-24T15:21:40.951+0000] {processor.py:799} INFO - Processing file /home/airflow/.local/lib/python3.7/site-packages/airflow/example_dags/example_branch_operator_decorator.py for tasks to queue
[2024-06-24T15:21:40.951+0000] {logging_mixin.py:149} INFO - [2024-06-24T15:21:40.951+0000] {dagbag.py:541} INFO - Filling up the DagBag from /home/airflow/.local/lib/python3.7/site-packages/airflow/example_dags/example_branch_operator_decorator.py
[2024-06-24T15:21:40.955+0000] {processor.py:809} INFO - DAG(s) dict_keys(['example_branch_python_operator_decorator']) retrieved from /home/airflow/.local/lib/python3.7/site-packages/airflow/example_dags/example_branch_operator_decorator.py
[2024-06-24T15:21:40.965+0000] {logging_mixin.py:149} INFO - [2024-06-24T15:21:40.965+0000] {dag.py:2726} INFO - Sync 1 DAGs
[2024-06-24T15:21:40.976+0000] {logging_mixin.py:149} INFO - [2024-06-24T15:21:40.976+0000] {dag.py:3490} INFO - Setting next_dagrun for example_branch_python_operator_decorator to 2024-06-23T00:00:00+00:00, run_after=2024-06-24T00:00:00+00:00
[2024-06-24T15:21:40.983+0000] {processor.py:178} INFO - Processing /home/airflow/.local/lib/python3.7/site-packages/airflow/example_dags/example_branch_operator_decorator.py took 0.034 seconds
[2024-06-24T15:22:11.721+0000] {processor.py:156} INFO - Started process (PID=2007) to work on /home/airflow/.local/lib/python3.7/site-packages/airflow/example_dags/example_branch_operator_decorator.py
[2024-06-24T15:22:11.721+0000] {processor.py:799} INFO - Processing file /home/airflow/.local/lib/python3.7/site-packages/airflow/example_dags/example_branch_operator_decorator.py for tasks to queue
[2024-06-24T15:22:11.721+0000] {logging_mixin.py:149} INFO - [2024-06-24T15:22:11.721+0000] {dagbag.py:541} INFO - Filling up the DagBag from /home/airflow/.local/lib/python3.7/site-packages/airflow/example_dags/example_branch_operator_decorator.py
[2024-06-24T15:22:11.725+0000] {processor.py:809} INFO - DAG(s) dict_keys(['example_branch_python_operator_decorator']) retrieved from /home/airflow/.local/lib/python3.7/site-packages/airflow/example_dags/example_branch_operator_decorator.py
[2024-06-24T15:22:11.737+0000] {logging_mixin.py:149} INFO - [2024-06-24T15:22:11.737+0000] {dag.py:2726} INFO - Sync 1 DAGs
[2024-06-24T15:22:11.748+0000] {logging_mixin.py:149} INFO - [2024-06-24T15:22:11.748+0000] {dag.py:3490} INFO - Setting next_dagrun for example_branch_python_operator_decorator to 2024-06-23T00:00:00+00:00, run_after=2024-06-24T00:00:00+00:00
[2024-06-24T15:22:11.756+0000] {processor.py:178} INFO - Processing /home/airflow/.local/lib/python3.7/site-packages/airflow/example_dags/example_branch_operator_decorator.py took 0.036 seconds
[2024-06-24T15:22:42.348+0000] {processor.py:156} INFO - Started process (PID=2075) to work on /home/airflow/.local/lib/python3.7/site-packages/airflow/example_dags/example_branch_operator_decorator.py
[2024-06-24T15:22:42.349+0000] {processor.py:799} INFO - Processing file /home/airflow/.local/lib/python3.7/site-packages/airflow/example_dags/example_branch_operator_decorator.py for tasks to queue
[2024-06-24T15:22:42.349+0000] {logging_mixin.py:149} INFO - [2024-06-24T15:22:42.349+0000] {dagbag.py:541} INFO - Filling up the DagBag from /home/airflow/.local/lib/python3.7/site-packages/airflow/example_dags/example_branch_operator_decorator.py
[2024-06-24T15:22:42.353+0000] {processor.py:809} INFO - DAG(s) dict_keys(['example_branch_python_operator_decorator']) retrieved from /home/airflow/.local/lib/python3.7/site-packages/airflow/example_dags/example_branch_operator_decorator.py
[2024-06-24T15:22:42.365+0000] {logging_mixin.py:149} INFO - [2024-06-24T15:22:42.364+0000] {dag.py:2726} INFO - Sync 1 DAGs
[2024-06-24T15:22:42.375+0000] {logging_mixin.py:149} INFO - [2024-06-24T15:22:42.375+0000] {dag.py:3490} INFO - Setting next_dagrun for example_branch_python_operator_decorator to 2024-06-23T00:00:00+00:00, run_after=2024-06-24T00:00:00+00:00
[2024-06-24T15:22:42.383+0000] {processor.py:178} INFO - Processing /home/airflow/.local/lib/python3.7/site-packages/airflow/example_dags/example_branch_operator_decorator.py took 0.036 seconds
[2024-06-24T15:23:12.996+0000] {processor.py:156} INFO - Started process (PID=2144) to work on /home/airflow/.local/lib/python3.7/site-packages/airflow/example_dags/example_branch_operator_decorator.py
[2024-06-24T15:23:12.997+0000] {processor.py:799} INFO - Processing file /home/airflow/.local/lib/python3.7/site-packages/airflow/example_dags/example_branch_operator_decorator.py for tasks to queue
[2024-06-24T15:23:12.997+0000] {logging_mixin.py:149} INFO - [2024-06-24T15:23:12.997+0000] {dagbag.py:541} INFO - Filling up the DagBag from /home/airflow/.local/lib/python3.7/site-packages/airflow/example_dags/example_branch_operator_decorator.py
[2024-06-24T15:23:13.001+0000] {processor.py:809} INFO - DAG(s) dict_keys(['example_branch_python_operator_decorator']) retrieved from /home/airflow/.local/lib/python3.7/site-packages/airflow/example_dags/example_branch_operator_decorator.py
[2024-06-24T15:23:13.013+0000] {logging_mixin.py:149} INFO - [2024-06-24T15:23:13.013+0000] {dag.py:2726} INFO - Sync 1 DAGs
[2024-06-24T15:23:13.024+0000] {logging_mixin.py:149} INFO - [2024-06-24T15:23:13.024+0000] {dag.py:3490} INFO - Setting next_dagrun for example_branch_python_operator_decorator to 2024-06-23T00:00:00+00:00, run_after=2024-06-24T00:00:00+00:00
[2024-06-24T15:23:13.031+0000] {processor.py:178} INFO - Processing /home/airflow/.local/lib/python3.7/site-packages/airflow/example_dags/example_branch_operator_decorator.py took 0.036 seconds
[2024-06-24T15:23:43.725+0000] {processor.py:156} INFO - Started process (PID=2213) to work on /home/airflow/.local/lib/python3.7/site-packages/airflow/example_dags/example_branch_operator_decorator.py
[2024-06-24T15:23:43.725+0000] {processor.py:799} INFO - Processing file /home/airflow/.local/lib/python3.7/site-packages/airflow/example_dags/example_branch_operator_decorator.py for tasks to queue
[2024-06-24T15:23:43.726+0000] {logging_mixin.py:149} INFO - [2024-06-24T15:23:43.726+0000] {dagbag.py:541} INFO - Filling up the DagBag from /home/airflow/.local/lib/python3.7/site-packages/airflow/example_dags/example_branch_operator_decorator.py
[2024-06-24T15:23:43.729+0000] {processor.py:809} INFO - DAG(s) dict_keys(['example_branch_python_operator_decorator']) retrieved from /home/airflow/.local/lib/python3.7/site-packages/airflow/example_dags/example_branch_operator_decorator.py
[2024-06-24T15:23:43.741+0000] {logging_mixin.py:149} INFO - [2024-06-24T15:23:43.741+0000] {dag.py:2726} INFO - Sync 1 DAGs
[2024-06-24T15:23:43.752+0000] {logging_mixin.py:149} INFO - [2024-06-24T15:23:43.752+0000] {dag.py:3490} INFO - Setting next_dagrun for example_branch_python_operator_decorator to 2024-06-23T00:00:00+00:00, run_after=2024-06-24T00:00:00+00:00
[2024-06-24T15:23:43.759+0000] {processor.py:178} INFO - Processing /home/airflow/.local/lib/python3.7/site-packages/airflow/example_dags/example_branch_operator_decorator.py took 0.035 seconds
[2024-06-24T15:24:14.430+0000] {processor.py:156} INFO - Started process (PID=2282) to work on /home/airflow/.local/lib/python3.7/site-packages/airflow/example_dags/example_branch_operator_decorator.py
[2024-06-24T15:24:14.431+0000] {processor.py:799} INFO - Processing file /home/airflow/.local/lib/python3.7/site-packages/airflow/example_dags/example_branch_operator_decorator.py for tasks to queue
[2024-06-24T15:24:14.431+0000] {logging_mixin.py:149} INFO - [2024-06-24T15:24:14.431+0000] {dagbag.py:541} INFO - Filling up the DagBag from /home/airflow/.local/lib/python3.7/site-packages/airflow/example_dags/example_branch_operator_decorator.py
[2024-06-24T15:24:14.435+0000] {processor.py:809} INFO - DAG(s) dict_keys(['example_branch_python_operator_decorator']) retrieved from /home/airflow/.local/lib/python3.7/site-packages/airflow/example_dags/example_branch_operator_decorator.py
[2024-06-24T15:24:14.447+0000] {logging_mixin.py:149} INFO - [2024-06-24T15:24:14.447+0000] {dag.py:2726} INFO - Sync 1 DAGs
[2024-06-24T15:24:14.460+0000] {logging_mixin.py:149} INFO - [2024-06-24T15:24:14.459+0000] {dag.py:3490} INFO - Setting next_dagrun for example_branch_python_operator_decorator to 2024-06-23T00:00:00+00:00, run_after=2024-06-24T00:00:00+00:00
[2024-06-24T15:24:14.467+0000] {processor.py:178} INFO - Processing /home/airflow/.local/lib/python3.7/site-packages/airflow/example_dags/example_branch_operator_decorator.py took 0.039 seconds
[2024-06-24T15:24:45.016+0000] {processor.py:156} INFO - Started process (PID=2351) to work on /home/airflow/.local/lib/python3.7/site-packages/airflow/example_dags/example_branch_operator_decorator.py
[2024-06-24T15:24:45.017+0000] {processor.py:799} INFO - Processing file /home/airflow/.local/lib/python3.7/site-packages/airflow/example_dags/example_branch_operator_decorator.py for tasks to queue
[2024-06-24T15:24:45.017+0000] {logging_mixin.py:149} INFO - [2024-06-24T15:24:45.017+0000] {dagbag.py:541} INFO - Filling up the DagBag from /home/airflow/.local/lib/python3.7/site-packages/airflow/example_dags/example_branch_operator_decorator.py
[2024-06-24T15:24:45.021+0000] {processor.py:809} INFO - DAG(s) dict_keys(['example_branch_python_operator_decorator']) retrieved from /home/airflow/.local/lib/python3.7/site-packages/airflow/example_dags/example_branch_operator_decorator.py
[2024-06-24T15:24:45.033+0000] {logging_mixin.py:149} INFO - [2024-06-24T15:24:45.033+0000] {dag.py:2726} INFO - Sync 1 DAGs
[2024-06-24T15:24:45.044+0000] {logging_mixin.py:149} INFO - [2024-06-24T15:24:45.044+0000] {dag.py:3490} INFO - Setting next_dagrun for example_branch_python_operator_decorator to 2024-06-23T00:00:00+00:00, run_after=2024-06-24T00:00:00+00:00
[2024-06-24T15:24:45.052+0000] {processor.py:178} INFO - Processing /home/airflow/.local/lib/python3.7/site-packages/airflow/example_dags/example_branch_operator_decorator.py took 0.037 seconds
[2024-06-24T15:25:15.574+0000] {processor.py:156} INFO - Started process (PID=2419) to work on /home/airflow/.local/lib/python3.7/site-packages/airflow/example_dags/example_branch_operator_decorator.py
[2024-06-24T15:25:15.574+0000] {processor.py:799} INFO - Processing file /home/airflow/.local/lib/python3.7/site-packages/airflow/example_dags/example_branch_operator_decorator.py for tasks to queue
[2024-06-24T15:25:15.574+0000] {logging_mixin.py:149} INFO - [2024-06-24T15:25:15.574+0000] {dagbag.py:541} INFO - Filling up the DagBag from /home/airflow/.local/lib/python3.7/site-packages/airflow/example_dags/example_branch_operator_decorator.py
[2024-06-24T15:25:15.579+0000] {processor.py:809} INFO - DAG(s) dict_keys(['example_branch_python_operator_decorator']) retrieved from /home/airflow/.local/lib/python3.7/site-packages/airflow/example_dags/example_branch_operator_decorator.py
[2024-06-24T15:25:15.590+0000] {logging_mixin.py:149} INFO - [2024-06-24T15:25:15.590+0000] {dag.py:2726} INFO - Sync 1 DAGs
[2024-06-24T15:25:15.607+0000] {logging_mixin.py:149} INFO - [2024-06-24T15:25:15.607+0000] {dag.py:3490} INFO - Setting next_dagrun for example_branch_python_operator_decorator to 2024-06-23T00:00:00+00:00, run_after=2024-06-24T00:00:00+00:00
[2024-06-24T15:25:15.615+0000] {processor.py:178} INFO - Processing /home/airflow/.local/lib/python3.7/site-packages/airflow/example_dags/example_branch_operator_decorator.py took 0.043 seconds
[2024-06-24T15:25:46.192+0000] {processor.py:156} INFO - Started process (PID=2494) to work on /home/airflow/.local/lib/python3.7/site-packages/airflow/example_dags/example_branch_operator_decorator.py
[2024-06-24T15:25:46.192+0000] {processor.py:799} INFO - Processing file /home/airflow/.local/lib/python3.7/site-packages/airflow/example_dags/example_branch_operator_decorator.py for tasks to queue
[2024-06-24T15:25:46.192+0000] {logging_mixin.py:149} INFO - [2024-06-24T15:25:46.192+0000] {dagbag.py:541} INFO - Filling up the DagBag from /home/airflow/.local/lib/python3.7/site-packages/airflow/example_dags/example_branch_operator_decorator.py
[2024-06-24T15:25:46.196+0000] {processor.py:809} INFO - DAG(s) dict_keys(['example_branch_python_operator_decorator']) retrieved from /home/airflow/.local/lib/python3.7/site-packages/airflow/example_dags/example_branch_operator_decorator.py
[2024-06-24T15:25:46.208+0000] {logging_mixin.py:149} INFO - [2024-06-24T15:25:46.208+0000] {dag.py:2726} INFO - Sync 1 DAGs
[2024-06-24T15:25:46.218+0000] {logging_mixin.py:149} INFO - [2024-06-24T15:25:46.218+0000] {dag.py:3490} INFO - Setting next_dagrun for example_branch_python_operator_decorator to 2024-06-23T00:00:00+00:00, run_after=2024-06-24T00:00:00+00:00
[2024-06-24T15:25:46.225+0000] {processor.py:178} INFO - Processing /home/airflow/.local/lib/python3.7/site-packages/airflow/example_dags/example_branch_operator_decorator.py took 0.035 seconds
[2024-06-24T15:26:16.745+0000] {processor.py:156} INFO - Started process (PID=2563) to work on /home/airflow/.local/lib/python3.7/site-packages/airflow/example_dags/example_branch_operator_decorator.py
[2024-06-24T15:26:16.745+0000] {processor.py:799} INFO - Processing file /home/airflow/.local/lib/python3.7/site-packages/airflow/example_dags/example_branch_operator_decorator.py for tasks to queue
[2024-06-24T15:26:16.746+0000] {logging_mixin.py:149} INFO - [2024-06-24T15:26:16.746+0000] {dagbag.py:541} INFO - Filling up the DagBag from /home/airflow/.local/lib/python3.7/site-packages/airflow/example_dags/example_branch_operator_decorator.py
[2024-06-24T15:26:16.750+0000] {processor.py:809} INFO - DAG(s) dict_keys(['example_branch_python_operator_decorator']) retrieved from /home/airflow/.local/lib/python3.7/site-packages/airflow/example_dags/example_branch_operator_decorator.py
[2024-06-24T15:26:16.760+0000] {logging_mixin.py:149} INFO - [2024-06-24T15:26:16.760+0000] {dag.py:2726} INFO - Sync 1 DAGs
[2024-06-24T15:26:16.770+0000] {logging_mixin.py:149} INFO - [2024-06-24T15:26:16.770+0000] {dag.py:3490} INFO - Setting next_dagrun for example_branch_python_operator_decorator to 2024-06-23T00:00:00+00:00, run_after=2024-06-24T00:00:00+00:00
[2024-06-24T15:26:16.777+0000] {processor.py:178} INFO - Processing /home/airflow/.local/lib/python3.7/site-packages/airflow/example_dags/example_branch_operator_decorator.py took 0.033 seconds
[2024-06-24T15:26:47.482+0000] {processor.py:156} INFO - Started process (PID=2632) to work on /home/airflow/.local/lib/python3.7/site-packages/airflow/example_dags/example_branch_operator_decorator.py
[2024-06-24T15:26:47.482+0000] {processor.py:799} INFO - Processing file /home/airflow/.local/lib/python3.7/site-packages/airflow/example_dags/example_branch_operator_decorator.py for tasks to queue
[2024-06-24T15:26:47.483+0000] {logging_mixin.py:149} INFO - [2024-06-24T15:26:47.483+0000] {dagbag.py:541} INFO - Filling up the DagBag from /home/airflow/.local/lib/python3.7/site-packages/airflow/example_dags/example_branch_operator_decorator.py
[2024-06-24T15:26:47.487+0000] {processor.py:809} INFO - DAG(s) dict_keys(['example_branch_python_operator_decorator']) retrieved from /home/airflow/.local/lib/python3.7/site-packages/airflow/example_dags/example_branch_operator_decorator.py
[2024-06-24T15:26:47.500+0000] {logging_mixin.py:149} INFO - [2024-06-24T15:26:47.500+0000] {dag.py:2726} INFO - Sync 1 DAGs
[2024-06-24T15:26:47.512+0000] {logging_mixin.py:149} INFO - [2024-06-24T15:26:47.512+0000] {dag.py:3490} INFO - Setting next_dagrun for example_branch_python_operator_decorator to 2024-06-23T00:00:00+00:00, run_after=2024-06-24T00:00:00+00:00
[2024-06-24T15:26:47.520+0000] {processor.py:178} INFO - Processing /home/airflow/.local/lib/python3.7/site-packages/airflow/example_dags/example_branch_operator_decorator.py took 0.039 seconds
[2024-06-24T15:27:18.369+0000] {processor.py:156} INFO - Started process (PID=2701) to work on /home/airflow/.local/lib/python3.7/site-packages/airflow/example_dags/example_branch_operator_decorator.py
[2024-06-24T15:27:18.370+0000] {processor.py:799} INFO - Processing file /home/airflow/.local/lib/python3.7/site-packages/airflow/example_dags/example_branch_operator_decorator.py for tasks to queue
[2024-06-24T15:27:18.370+0000] {logging_mixin.py:149} INFO - [2024-06-24T15:27:18.370+0000] {dagbag.py:541} INFO - Filling up the DagBag from /home/airflow/.local/lib/python3.7/site-packages/airflow/example_dags/example_branch_operator_decorator.py
[2024-06-24T15:27:18.374+0000] {processor.py:809} INFO - DAG(s) dict_keys(['example_branch_python_operator_decorator']) retrieved from /home/airflow/.local/lib/python3.7/site-packages/airflow/example_dags/example_branch_operator_decorator.py
[2024-06-24T15:27:18.385+0000] {logging_mixin.py:149} INFO - [2024-06-24T15:27:18.385+0000] {dag.py:2726} INFO - Sync 1 DAGs
[2024-06-24T15:27:18.399+0000] {logging_mixin.py:149} INFO - [2024-06-24T15:27:18.399+0000] {dag.py:3490} INFO - Setting next_dagrun for example_branch_python_operator_decorator to 2024-06-23T00:00:00+00:00, run_after=2024-06-24T00:00:00+00:00
[2024-06-24T15:27:18.407+0000] {processor.py:178} INFO - Processing /home/airflow/.local/lib/python3.7/site-packages/airflow/example_dags/example_branch_operator_decorator.py took 0.039 seconds
[2024-06-24T15:27:49.196+0000] {processor.py:156} INFO - Started process (PID=2770) to work on /home/airflow/.local/lib/python3.7/site-packages/airflow/example_dags/example_branch_operator_decorator.py
[2024-06-24T15:27:49.197+0000] {processor.py:799} INFO - Processing file /home/airflow/.local/lib/python3.7/site-packages/airflow/example_dags/example_branch_operator_decorator.py for tasks to queue
[2024-06-24T15:27:49.197+0000] {logging_mixin.py:149} INFO - [2024-06-24T15:27:49.197+0000] {dagbag.py:541} INFO - Filling up the DagBag from /home/airflow/.local/lib/python3.7/site-packages/airflow/example_dags/example_branch_operator_decorator.py
[2024-06-24T15:27:49.201+0000] {processor.py:809} INFO - DAG(s) dict_keys(['example_branch_python_operator_decorator']) retrieved from /home/airflow/.local/lib/python3.7/site-packages/airflow/example_dags/example_branch_operator_decorator.py
[2024-06-24T15:27:49.212+0000] {logging_mixin.py:149} INFO - [2024-06-24T15:27:49.212+0000] {dag.py:2726} INFO - Sync 1 DAGs
[2024-06-24T15:27:49.224+0000] {logging_mixin.py:149} INFO - [2024-06-24T15:27:49.224+0000] {dag.py:3490} INFO - Setting next_dagrun for example_branch_python_operator_decorator to 2024-06-23T00:00:00+00:00, run_after=2024-06-24T00:00:00+00:00
[2024-06-24T15:27:49.232+0000] {processor.py:178} INFO - Processing /home/airflow/.local/lib/python3.7/site-packages/airflow/example_dags/example_branch_operator_decorator.py took 0.037 seconds
[2024-06-24T15:28:20.099+0000] {processor.py:156} INFO - Started process (PID=2839) to work on /home/airflow/.local/lib/python3.7/site-packages/airflow/example_dags/example_branch_operator_decorator.py
[2024-06-24T15:28:20.099+0000] {processor.py:799} INFO - Processing file /home/airflow/.local/lib/python3.7/site-packages/airflow/example_dags/example_branch_operator_decorator.py for tasks to queue
[2024-06-24T15:28:20.099+0000] {logging_mixin.py:149} INFO - [2024-06-24T15:28:20.099+0000] {dagbag.py:541} INFO - Filling up the DagBag from /home/airflow/.local/lib/python3.7/site-packages/airflow/example_dags/example_branch_operator_decorator.py
[2024-06-24T15:28:20.104+0000] {processor.py:809} INFO - DAG(s) dict_keys(['example_branch_python_operator_decorator']) retrieved from /home/airflow/.local/lib/python3.7/site-packages/airflow/example_dags/example_branch_operator_decorator.py
[2024-06-24T15:28:20.115+0000] {logging_mixin.py:149} INFO - [2024-06-24T15:28:20.115+0000] {dag.py:2726} INFO - Sync 1 DAGs
[2024-06-24T15:28:20.127+0000] {logging_mixin.py:149} INFO - [2024-06-24T15:28:20.127+0000] {dag.py:3490} INFO - Setting next_dagrun for example_branch_python_operator_decorator to 2024-06-23T00:00:00+00:00, run_after=2024-06-24T00:00:00+00:00
[2024-06-24T15:28:20.134+0000] {processor.py:178} INFO - Processing /home/airflow/.local/lib/python3.7/site-packages/airflow/example_dags/example_branch_operator_decorator.py took 0.036 seconds
[2024-06-24T15:28:50.989+0000] {processor.py:156} INFO - Started process (PID=2908) to work on /home/airflow/.local/lib/python3.7/site-packages/airflow/example_dags/example_branch_operator_decorator.py
[2024-06-24T15:28:50.989+0000] {processor.py:799} INFO - Processing file /home/airflow/.local/lib/python3.7/site-packages/airflow/example_dags/example_branch_operator_decorator.py for tasks to queue
[2024-06-24T15:28:50.989+0000] {logging_mixin.py:149} INFO - [2024-06-24T15:28:50.989+0000] {dagbag.py:541} INFO - Filling up the DagBag from /home/airflow/.local/lib/python3.7/site-packages/airflow/example_dags/example_branch_operator_decorator.py
[2024-06-24T15:28:50.993+0000] {processor.py:809} INFO - DAG(s) dict_keys(['example_branch_python_operator_decorator']) retrieved from /home/airflow/.local/lib/python3.7/site-packages/airflow/example_dags/example_branch_operator_decorator.py
[2024-06-24T15:28:51.004+0000] {logging_mixin.py:149} INFO - [2024-06-24T15:28:51.004+0000] {dag.py:2726} INFO - Sync 1 DAGs
[2024-06-24T15:28:51.015+0000] {logging_mixin.py:149} INFO - [2024-06-24T15:28:51.015+0000] {dag.py:3490} INFO - Setting next_dagrun for example_branch_python_operator_decorator to 2024-06-23T00:00:00+00:00, run_after=2024-06-24T00:00:00+00:00
[2024-06-24T15:28:51.023+0000] {processor.py:178} INFO - Processing /home/airflow/.local/lib/python3.7/site-packages/airflow/example_dags/example_branch_operator_decorator.py took 0.036 seconds
[2024-06-24T15:29:21.626+0000] {processor.py:156} INFO - Started process (PID=2976) to work on /home/airflow/.local/lib/python3.7/site-packages/airflow/example_dags/example_branch_operator_decorator.py
[2024-06-24T15:29:21.626+0000] {processor.py:799} INFO - Processing file /home/airflow/.local/lib/python3.7/site-packages/airflow/example_dags/example_branch_operator_decorator.py for tasks to queue
[2024-06-24T15:29:21.627+0000] {logging_mixin.py:149} INFO - [2024-06-24T15:29:21.627+0000] {dagbag.py:541} INFO - Filling up the DagBag from /home/airflow/.local/lib/python3.7/site-packages/airflow/example_dags/example_branch_operator_decorator.py
[2024-06-24T15:29:21.631+0000] {processor.py:809} INFO - DAG(s) dict_keys(['example_branch_python_operator_decorator']) retrieved from /home/airflow/.local/lib/python3.7/site-packages/airflow/example_dags/example_branch_operator_decorator.py
[2024-06-24T15:29:21.642+0000] {logging_mixin.py:149} INFO - [2024-06-24T15:29:21.642+0000] {dag.py:2726} INFO - Sync 1 DAGs
[2024-06-24T15:29:21.653+0000] {logging_mixin.py:149} INFO - [2024-06-24T15:29:21.653+0000] {dag.py:3490} INFO - Setting next_dagrun for example_branch_python_operator_decorator to 2024-06-23T00:00:00+00:00, run_after=2024-06-24T00:00:00+00:00
[2024-06-24T15:29:21.661+0000] {processor.py:178} INFO - Processing /home/airflow/.local/lib/python3.7/site-packages/airflow/example_dags/example_branch_operator_decorator.py took 0.036 seconds
[2024-06-24T15:29:52.333+0000] {processor.py:156} INFO - Started process (PID=3045) to work on /home/airflow/.local/lib/python3.7/site-packages/airflow/example_dags/example_branch_operator_decorator.py
[2024-06-24T15:29:52.333+0000] {processor.py:799} INFO - Processing file /home/airflow/.local/lib/python3.7/site-packages/airflow/example_dags/example_branch_operator_decorator.py for tasks to queue
[2024-06-24T15:29:52.334+0000] {logging_mixin.py:149} INFO - [2024-06-24T15:29:52.334+0000] {dagbag.py:541} INFO - Filling up the DagBag from /home/airflow/.local/lib/python3.7/site-packages/airflow/example_dags/example_branch_operator_decorator.py
[2024-06-24T15:29:52.338+0000] {processor.py:809} INFO - DAG(s) dict_keys(['example_branch_python_operator_decorator']) retrieved from /home/airflow/.local/lib/python3.7/site-packages/airflow/example_dags/example_branch_operator_decorator.py
[2024-06-24T15:29:52.349+0000] {logging_mixin.py:149} INFO - [2024-06-24T15:29:52.349+0000] {dag.py:2726} INFO - Sync 1 DAGs
[2024-06-24T15:29:52.362+0000] {logging_mixin.py:149} INFO - [2024-06-24T15:29:52.362+0000] {dag.py:3490} INFO - Setting next_dagrun for example_branch_python_operator_decorator to 2024-06-23T00:00:00+00:00, run_after=2024-06-24T00:00:00+00:00
[2024-06-24T15:29:52.369+0000] {processor.py:178} INFO - Processing /home/airflow/.local/lib/python3.7/site-packages/airflow/example_dags/example_branch_operator_decorator.py took 0.038 seconds
[2024-06-24T15:30:22.978+0000] {processor.py:156} INFO - Started process (PID=3113) to work on /home/airflow/.local/lib/python3.7/site-packages/airflow/example_dags/example_branch_operator_decorator.py
[2024-06-24T15:30:22.978+0000] {processor.py:799} INFO - Processing file /home/airflow/.local/lib/python3.7/site-packages/airflow/example_dags/example_branch_operator_decorator.py for tasks to queue
[2024-06-24T15:30:22.978+0000] {logging_mixin.py:149} INFO - [2024-06-24T15:30:22.978+0000] {dagbag.py:541} INFO - Filling up the DagBag from /home/airflow/.local/lib/python3.7/site-packages/airflow/example_dags/example_branch_operator_decorator.py
[2024-06-24T15:30:22.983+0000] {processor.py:809} INFO - DAG(s) dict_keys(['example_branch_python_operator_decorator']) retrieved from /home/airflow/.local/lib/python3.7/site-packages/airflow/example_dags/example_branch_operator_decorator.py
[2024-06-24T15:30:22.995+0000] {logging_mixin.py:149} INFO - [2024-06-24T15:30:22.995+0000] {dag.py:2726} INFO - Sync 1 DAGs
[2024-06-24T15:30:23.007+0000] {logging_mixin.py:149} INFO - [2024-06-24T15:30:23.007+0000] {dag.py:3490} INFO - Setting next_dagrun for example_branch_python_operator_decorator to 2024-06-23T00:00:00+00:00, run_after=2024-06-24T00:00:00+00:00
[2024-06-24T15:30:23.015+0000] {processor.py:178} INFO - Processing /home/airflow/.local/lib/python3.7/site-packages/airflow/example_dags/example_branch_operator_decorator.py took 0.038 seconds
