[2024-06-24T15:03:50.588+0000] {processor.py:156} INFO - Started process (PID=68) to work on /home/airflow/.local/lib/python3.7/site-packages/airflow/example_dags/example_task_group.py
[2024-06-24T15:03:50.589+0000] {processor.py:799} INFO - Processing file /home/airflow/.local/lib/python3.7/site-packages/airflow/example_dags/example_task_group.py for tasks to queue
[2024-06-24T15:03:50.589+0000] {logging_mixin.py:149} INFO - [2024-06-24T15:03:50.589+0000] {dagbag.py:541} INFO - Filling up the DagBag from /home/airflow/.local/lib/python3.7/site-packages/airflow/example_dags/example_task_group.py
[2024-06-24T15:03:50.596+0000] {processor.py:809} INFO - DAG(s) dict_keys(['example_task_group']) retrieved from /home/airflow/.local/lib/python3.7/site-packages/airflow/example_dags/example_task_group.py
[2024-06-24T15:03:50.661+0000] {logging_mixin.py:149} INFO - [2024-06-24T15:03:50.661+0000] {manager.py:504} INFO - Created Permission View: can delete on DAG:example_task_group
[2024-06-24T15:03:50.667+0000] {logging_mixin.py:149} INFO - [2024-06-24T15:03:50.667+0000] {manager.py:504} INFO - Created Permission View: can edit on DAG:example_task_group
[2024-06-24T15:03:50.672+0000] {logging_mixin.py:149} INFO - [2024-06-24T15:03:50.672+0000] {manager.py:504} INFO - Created Permission View: can read on DAG:example_task_group
[2024-06-24T15:03:50.672+0000] {logging_mixin.py:149} INFO - [2024-06-24T15:03:50.672+0000] {dag.py:2726} INFO - Sync 1 DAGs
[2024-06-24T15:03:50.680+0000] {logging_mixin.py:149} INFO - [2024-06-24T15:03:50.680+0000] {dag.py:2747} INFO - Creating ORM DAG for example_task_group
[2024-06-24T15:03:50.687+0000] {logging_mixin.py:149} INFO - [2024-06-24T15:03:50.687+0000] {dag.py:3490} INFO - Setting next_dagrun for example_task_group to 2024-06-23T15:03:50.687280+00:00, run_after=2024-06-24T15:03:50.687280+00:00
[2024-06-24T15:03:50.696+0000] {processor.py:178} INFO - Processing /home/airflow/.local/lib/python3.7/site-packages/airflow/example_dags/example_task_group.py took 0.109 seconds
[2024-06-24T15:04:21.188+0000] {processor.py:156} INFO - Started process (PID=137) to work on /home/airflow/.local/lib/python3.7/site-packages/airflow/example_dags/example_task_group.py
[2024-06-24T15:04:21.188+0000] {processor.py:799} INFO - Processing file /home/airflow/.local/lib/python3.7/site-packages/airflow/example_dags/example_task_group.py for tasks to queue
[2024-06-24T15:04:21.188+0000] {logging_mixin.py:149} INFO - [2024-06-24T15:04:21.188+0000] {dagbag.py:541} INFO - Filling up the DagBag from /home/airflow/.local/lib/python3.7/site-packages/airflow/example_dags/example_task_group.py
[2024-06-24T15:04:21.192+0000] {processor.py:809} INFO - DAG(s) dict_keys(['example_task_group']) retrieved from /home/airflow/.local/lib/python3.7/site-packages/airflow/example_dags/example_task_group.py
[2024-06-24T15:04:21.202+0000] {logging_mixin.py:149} INFO - [2024-06-24T15:04:21.202+0000] {dag.py:2726} INFO - Sync 1 DAGs
[2024-06-24T15:04:21.214+0000] {logging_mixin.py:149} INFO - [2024-06-24T15:04:21.214+0000] {dag.py:3490} INFO - Setting next_dagrun for example_task_group to 2024-06-23T15:04:21.213880+00:00, run_after=2024-06-24T15:04:21.213880+00:00
[2024-06-24T15:04:21.222+0000] {processor.py:178} INFO - Processing /home/airflow/.local/lib/python3.7/site-packages/airflow/example_dags/example_task_group.py took 0.036 seconds
[2024-06-24T15:04:51.813+0000] {processor.py:156} INFO - Started process (PID=205) to work on /home/airflow/.local/lib/python3.7/site-packages/airflow/example_dags/example_task_group.py
[2024-06-24T15:04:51.813+0000] {processor.py:799} INFO - Processing file /home/airflow/.local/lib/python3.7/site-packages/airflow/example_dags/example_task_group.py for tasks to queue
[2024-06-24T15:04:51.813+0000] {logging_mixin.py:149} INFO - [2024-06-24T15:04:51.813+0000] {dagbag.py:541} INFO - Filling up the DagBag from /home/airflow/.local/lib/python3.7/site-packages/airflow/example_dags/example_task_group.py
[2024-06-24T15:04:51.817+0000] {processor.py:809} INFO - DAG(s) dict_keys(['example_task_group']) retrieved from /home/airflow/.local/lib/python3.7/site-packages/airflow/example_dags/example_task_group.py
[2024-06-24T15:04:51.827+0000] {logging_mixin.py:149} INFO - [2024-06-24T15:04:51.827+0000] {dag.py:2726} INFO - Sync 1 DAGs
[2024-06-24T15:04:51.837+0000] {logging_mixin.py:149} INFO - [2024-06-24T15:04:51.837+0000] {dag.py:3490} INFO - Setting next_dagrun for example_task_group to 2024-06-23T15:04:51.837451+00:00, run_after=2024-06-24T15:04:51.837451+00:00
[2024-06-24T15:04:51.844+0000] {processor.py:178} INFO - Processing /home/airflow/.local/lib/python3.7/site-packages/airflow/example_dags/example_task_group.py took 0.032 seconds
[2024-06-24T15:05:22.371+0000] {processor.py:156} INFO - Started process (PID=274) to work on /home/airflow/.local/lib/python3.7/site-packages/airflow/example_dags/example_task_group.py
[2024-06-24T15:05:22.371+0000] {processor.py:799} INFO - Processing file /home/airflow/.local/lib/python3.7/site-packages/airflow/example_dags/example_task_group.py for tasks to queue
[2024-06-24T15:05:22.371+0000] {logging_mixin.py:149} INFO - [2024-06-24T15:05:22.371+0000] {dagbag.py:541} INFO - Filling up the DagBag from /home/airflow/.local/lib/python3.7/site-packages/airflow/example_dags/example_task_group.py
[2024-06-24T15:05:22.374+0000] {processor.py:809} INFO - DAG(s) dict_keys(['example_task_group']) retrieved from /home/airflow/.local/lib/python3.7/site-packages/airflow/example_dags/example_task_group.py
[2024-06-24T15:05:22.384+0000] {logging_mixin.py:149} INFO - [2024-06-24T15:05:22.384+0000] {dag.py:2726} INFO - Sync 1 DAGs
[2024-06-24T15:05:22.393+0000] {logging_mixin.py:149} INFO - [2024-06-24T15:05:22.393+0000] {dag.py:3490} INFO - Setting next_dagrun for example_task_group to 2024-06-23T15:05:22.393354+00:00, run_after=2024-06-24T15:05:22.393354+00:00
[2024-06-24T15:05:22.399+0000] {processor.py:178} INFO - Processing /home/airflow/.local/lib/python3.7/site-packages/airflow/example_dags/example_task_group.py took 0.030 seconds
[2024-06-24T15:05:52.978+0000] {processor.py:156} INFO - Started process (PID=343) to work on /home/airflow/.local/lib/python3.7/site-packages/airflow/example_dags/example_task_group.py
[2024-06-24T15:05:52.979+0000] {processor.py:799} INFO - Processing file /home/airflow/.local/lib/python3.7/site-packages/airflow/example_dags/example_task_group.py for tasks to queue
[2024-06-24T15:05:52.979+0000] {logging_mixin.py:149} INFO - [2024-06-24T15:05:52.979+0000] {dagbag.py:541} INFO - Filling up the DagBag from /home/airflow/.local/lib/python3.7/site-packages/airflow/example_dags/example_task_group.py
[2024-06-24T15:05:52.982+0000] {processor.py:809} INFO - DAG(s) dict_keys(['example_task_group']) retrieved from /home/airflow/.local/lib/python3.7/site-packages/airflow/example_dags/example_task_group.py
[2024-06-24T15:05:52.991+0000] {logging_mixin.py:149} INFO - [2024-06-24T15:05:52.991+0000] {dag.py:2726} INFO - Sync 1 DAGs
[2024-06-24T15:05:53.001+0000] {logging_mixin.py:149} INFO - [2024-06-24T15:05:53.001+0000] {dag.py:3490} INFO - Setting next_dagrun for example_task_group to 2024-06-23T15:05:53.001183+00:00, run_after=2024-06-24T15:05:53.001183+00:00
[2024-06-24T15:05:53.008+0000] {processor.py:178} INFO - Processing /home/airflow/.local/lib/python3.7/site-packages/airflow/example_dags/example_task_group.py took 0.031 seconds
[2024-06-24T15:06:23.639+0000] {processor.py:156} INFO - Started process (PID=411) to work on /home/airflow/.local/lib/python3.7/site-packages/airflow/example_dags/example_task_group.py
[2024-06-24T15:06:23.639+0000] {processor.py:799} INFO - Processing file /home/airflow/.local/lib/python3.7/site-packages/airflow/example_dags/example_task_group.py for tasks to queue
[2024-06-24T15:06:23.639+0000] {logging_mixin.py:149} INFO - [2024-06-24T15:06:23.639+0000] {dagbag.py:541} INFO - Filling up the DagBag from /home/airflow/.local/lib/python3.7/site-packages/airflow/example_dags/example_task_group.py
[2024-06-24T15:06:23.643+0000] {processor.py:809} INFO - DAG(s) dict_keys(['example_task_group']) retrieved from /home/airflow/.local/lib/python3.7/site-packages/airflow/example_dags/example_task_group.py
[2024-06-24T15:06:23.653+0000] {logging_mixin.py:149} INFO - [2024-06-24T15:06:23.653+0000] {dag.py:2726} INFO - Sync 1 DAGs
[2024-06-24T15:06:23.663+0000] {logging_mixin.py:149} INFO - [2024-06-24T15:06:23.663+0000] {dag.py:3490} INFO - Setting next_dagrun for example_task_group to 2024-06-23T15:06:23.663687+00:00, run_after=2024-06-24T15:06:23.663687+00:00
[2024-06-24T15:06:23.670+0000] {processor.py:178} INFO - Processing /home/airflow/.local/lib/python3.7/site-packages/airflow/example_dags/example_task_group.py took 0.032 seconds
[2024-06-24T15:06:54.289+0000] {processor.py:156} INFO - Started process (PID=480) to work on /home/airflow/.local/lib/python3.7/site-packages/airflow/example_dags/example_task_group.py
[2024-06-24T15:06:54.289+0000] {processor.py:799} INFO - Processing file /home/airflow/.local/lib/python3.7/site-packages/airflow/example_dags/example_task_group.py for tasks to queue
[2024-06-24T15:06:54.290+0000] {logging_mixin.py:149} INFO - [2024-06-24T15:06:54.290+0000] {dagbag.py:541} INFO - Filling up the DagBag from /home/airflow/.local/lib/python3.7/site-packages/airflow/example_dags/example_task_group.py
[2024-06-24T15:06:54.293+0000] {processor.py:809} INFO - DAG(s) dict_keys(['example_task_group']) retrieved from /home/airflow/.local/lib/python3.7/site-packages/airflow/example_dags/example_task_group.py
[2024-06-24T15:06:54.303+0000] {logging_mixin.py:149} INFO - [2024-06-24T15:06:54.302+0000] {dag.py:2726} INFO - Sync 1 DAGs
[2024-06-24T15:06:54.312+0000] {logging_mixin.py:149} INFO - [2024-06-24T15:06:54.312+0000] {dag.py:3490} INFO - Setting next_dagrun for example_task_group to 2024-06-23T15:06:54.312728+00:00, run_after=2024-06-24T15:06:54.312728+00:00
[2024-06-24T15:06:54.319+0000] {processor.py:178} INFO - Processing /home/airflow/.local/lib/python3.7/site-packages/airflow/example_dags/example_task_group.py took 0.031 seconds
[2024-06-24T15:07:53.770+0000] {processor.py:156} INFO - Started process (PID=68) to work on /home/airflow/.local/lib/python3.7/site-packages/airflow/example_dags/example_task_group.py
[2024-06-24T15:07:53.771+0000] {processor.py:799} INFO - Processing file /home/airflow/.local/lib/python3.7/site-packages/airflow/example_dags/example_task_group.py for tasks to queue
[2024-06-24T15:07:53.772+0000] {logging_mixin.py:149} INFO - [2024-06-24T15:07:53.772+0000] {dagbag.py:541} INFO - Filling up the DagBag from /home/airflow/.local/lib/python3.7/site-packages/airflow/example_dags/example_task_group.py
[2024-06-24T15:07:53.782+0000] {processor.py:809} INFO - DAG(s) dict_keys(['example_task_group']) retrieved from /home/airflow/.local/lib/python3.7/site-packages/airflow/example_dags/example_task_group.py
[2024-06-24T15:07:53.792+0000] {logging_mixin.py:149} INFO - [2024-06-24T15:07:53.792+0000] {dag.py:2726} INFO - Sync 1 DAGs
[2024-06-24T15:07:53.806+0000] {logging_mixin.py:149} INFO - [2024-06-24T15:07:53.806+0000] {dag.py:3490} INFO - Setting next_dagrun for example_task_group to 2024-06-23T15:07:53.806657+00:00, run_after=2024-06-24T15:07:53.806657+00:00
[2024-06-24T15:07:53.824+0000] {processor.py:178} INFO - Processing /home/airflow/.local/lib/python3.7/site-packages/airflow/example_dags/example_task_group.py took 0.054 seconds
[2024-06-24T15:08:24.169+0000] {processor.py:156} INFO - Started process (PID=141) to work on /home/airflow/.local/lib/python3.7/site-packages/airflow/example_dags/example_task_group.py
[2024-06-24T15:08:24.169+0000] {processor.py:799} INFO - Processing file /home/airflow/.local/lib/python3.7/site-packages/airflow/example_dags/example_task_group.py for tasks to queue
[2024-06-24T15:08:24.169+0000] {logging_mixin.py:149} INFO - [2024-06-24T15:08:24.169+0000] {dagbag.py:541} INFO - Filling up the DagBag from /home/airflow/.local/lib/python3.7/site-packages/airflow/example_dags/example_task_group.py
[2024-06-24T15:08:24.172+0000] {processor.py:809} INFO - DAG(s) dict_keys(['example_task_group']) retrieved from /home/airflow/.local/lib/python3.7/site-packages/airflow/example_dags/example_task_group.py
[2024-06-24T15:08:24.182+0000] {logging_mixin.py:149} INFO - [2024-06-24T15:08:24.182+0000] {dag.py:2726} INFO - Sync 1 DAGs
[2024-06-24T15:08:24.192+0000] {logging_mixin.py:149} INFO - [2024-06-24T15:08:24.192+0000] {dag.py:3490} INFO - Setting next_dagrun for example_task_group to 2024-06-23T15:08:24.191913+00:00, run_after=2024-06-24T15:08:24.191913+00:00
[2024-06-24T15:08:24.198+0000] {processor.py:178} INFO - Processing /home/airflow/.local/lib/python3.7/site-packages/airflow/example_dags/example_task_group.py took 0.031 seconds
[2024-06-24T15:08:54.761+0000] {processor.py:156} INFO - Started process (PID=210) to work on /home/airflow/.local/lib/python3.7/site-packages/airflow/example_dags/example_task_group.py
[2024-06-24T15:08:54.761+0000] {processor.py:799} INFO - Processing file /home/airflow/.local/lib/python3.7/site-packages/airflow/example_dags/example_task_group.py for tasks to queue
[2024-06-24T15:08:54.761+0000] {logging_mixin.py:149} INFO - [2024-06-24T15:08:54.761+0000] {dagbag.py:541} INFO - Filling up the DagBag from /home/airflow/.local/lib/python3.7/site-packages/airflow/example_dags/example_task_group.py
[2024-06-24T15:08:54.764+0000] {processor.py:809} INFO - DAG(s) dict_keys(['example_task_group']) retrieved from /home/airflow/.local/lib/python3.7/site-packages/airflow/example_dags/example_task_group.py
[2024-06-24T15:08:54.774+0000] {logging_mixin.py:149} INFO - [2024-06-24T15:08:54.774+0000] {dag.py:2726} INFO - Sync 1 DAGs
[2024-06-24T15:08:54.784+0000] {logging_mixin.py:149} INFO - [2024-06-24T15:08:54.784+0000] {dag.py:3490} INFO - Setting next_dagrun for example_task_group to 2024-06-23T15:08:54.784132+00:00, run_after=2024-06-24T15:08:54.784132+00:00
[2024-06-24T15:08:54.791+0000] {processor.py:178} INFO - Processing /home/airflow/.local/lib/python3.7/site-packages/airflow/example_dags/example_task_group.py took 0.031 seconds
[2024-06-24T15:09:25.506+0000] {processor.py:156} INFO - Started process (PID=279) to work on /home/airflow/.local/lib/python3.7/site-packages/airflow/example_dags/example_task_group.py
[2024-06-24T15:09:25.506+0000] {processor.py:799} INFO - Processing file /home/airflow/.local/lib/python3.7/site-packages/airflow/example_dags/example_task_group.py for tasks to queue
[2024-06-24T15:09:25.506+0000] {logging_mixin.py:149} INFO - [2024-06-24T15:09:25.506+0000] {dagbag.py:541} INFO - Filling up the DagBag from /home/airflow/.local/lib/python3.7/site-packages/airflow/example_dags/example_task_group.py
[2024-06-24T15:09:25.510+0000] {processor.py:809} INFO - DAG(s) dict_keys(['example_task_group']) retrieved from /home/airflow/.local/lib/python3.7/site-packages/airflow/example_dags/example_task_group.py
[2024-06-24T15:09:25.519+0000] {logging_mixin.py:149} INFO - [2024-06-24T15:09:25.519+0000] {dag.py:2726} INFO - Sync 1 DAGs
[2024-06-24T15:09:25.530+0000] {logging_mixin.py:149} INFO - [2024-06-24T15:09:25.530+0000] {dag.py:3490} INFO - Setting next_dagrun for example_task_group to 2024-06-23T15:09:25.530544+00:00, run_after=2024-06-24T15:09:25.530544+00:00
[2024-06-24T15:09:25.537+0000] {processor.py:178} INFO - Processing /home/airflow/.local/lib/python3.7/site-packages/airflow/example_dags/example_task_group.py took 0.033 seconds
[2024-06-24T15:09:56.093+0000] {processor.py:156} INFO - Started process (PID=348) to work on /home/airflow/.local/lib/python3.7/site-packages/airflow/example_dags/example_task_group.py
[2024-06-24T15:09:56.093+0000] {processor.py:799} INFO - Processing file /home/airflow/.local/lib/python3.7/site-packages/airflow/example_dags/example_task_group.py for tasks to queue
[2024-06-24T15:09:56.093+0000] {logging_mixin.py:149} INFO - [2024-06-24T15:09:56.093+0000] {dagbag.py:541} INFO - Filling up the DagBag from /home/airflow/.local/lib/python3.7/site-packages/airflow/example_dags/example_task_group.py
[2024-06-24T15:09:56.096+0000] {processor.py:809} INFO - DAG(s) dict_keys(['example_task_group']) retrieved from /home/airflow/.local/lib/python3.7/site-packages/airflow/example_dags/example_task_group.py
[2024-06-24T15:09:56.106+0000] {logging_mixin.py:149} INFO - [2024-06-24T15:09:56.106+0000] {dag.py:2726} INFO - Sync 1 DAGs
[2024-06-24T15:09:56.117+0000] {logging_mixin.py:149} INFO - [2024-06-24T15:09:56.117+0000] {dag.py:3490} INFO - Setting next_dagrun for example_task_group to 2024-06-23T15:09:56.117207+00:00, run_after=2024-06-24T15:09:56.117207+00:00
[2024-06-24T15:09:56.125+0000] {processor.py:178} INFO - Processing /home/airflow/.local/lib/python3.7/site-packages/airflow/example_dags/example_task_group.py took 0.033 seconds
[2024-06-24T15:10:26.785+0000] {processor.py:156} INFO - Started process (PID=417) to work on /home/airflow/.local/lib/python3.7/site-packages/airflow/example_dags/example_task_group.py
[2024-06-24T15:10:26.785+0000] {processor.py:799} INFO - Processing file /home/airflow/.local/lib/python3.7/site-packages/airflow/example_dags/example_task_group.py for tasks to queue
[2024-06-24T15:10:26.785+0000] {logging_mixin.py:149} INFO - [2024-06-24T15:10:26.785+0000] {dagbag.py:541} INFO - Filling up the DagBag from /home/airflow/.local/lib/python3.7/site-packages/airflow/example_dags/example_task_group.py
[2024-06-24T15:10:26.789+0000] {processor.py:809} INFO - DAG(s) dict_keys(['example_task_group']) retrieved from /home/airflow/.local/lib/python3.7/site-packages/airflow/example_dags/example_task_group.py
[2024-06-24T15:10:26.800+0000] {logging_mixin.py:149} INFO - [2024-06-24T15:10:26.800+0000] {dag.py:2726} INFO - Sync 1 DAGs
[2024-06-24T15:10:26.812+0000] {logging_mixin.py:149} INFO - [2024-06-24T15:10:26.812+0000] {dag.py:3490} INFO - Setting next_dagrun for example_task_group to 2024-06-23T15:10:26.812068+00:00, run_after=2024-06-24T15:10:26.812068+00:00
[2024-06-24T15:10:26.819+0000] {processor.py:178} INFO - Processing /home/airflow/.local/lib/python3.7/site-packages/airflow/example_dags/example_task_group.py took 0.036 seconds
[2024-06-24T15:10:57.525+0000] {processor.py:156} INFO - Started process (PID=486) to work on /home/airflow/.local/lib/python3.7/site-packages/airflow/example_dags/example_task_group.py
[2024-06-24T15:10:57.526+0000] {processor.py:799} INFO - Processing file /home/airflow/.local/lib/python3.7/site-packages/airflow/example_dags/example_task_group.py for tasks to queue
[2024-06-24T15:10:57.526+0000] {logging_mixin.py:149} INFO - [2024-06-24T15:10:57.526+0000] {dagbag.py:541} INFO - Filling up the DagBag from /home/airflow/.local/lib/python3.7/site-packages/airflow/example_dags/example_task_group.py
[2024-06-24T15:10:57.529+0000] {processor.py:809} INFO - DAG(s) dict_keys(['example_task_group']) retrieved from /home/airflow/.local/lib/python3.7/site-packages/airflow/example_dags/example_task_group.py
[2024-06-24T15:10:57.541+0000] {logging_mixin.py:149} INFO - [2024-06-24T15:10:57.541+0000] {dag.py:2726} INFO - Sync 1 DAGs
[2024-06-24T15:10:57.553+0000] {logging_mixin.py:149} INFO - [2024-06-24T15:10:57.553+0000] {dag.py:3490} INFO - Setting next_dagrun for example_task_group to 2024-06-23T15:10:57.553412+00:00, run_after=2024-06-24T15:10:57.553412+00:00
[2024-06-24T15:10:57.562+0000] {processor.py:178} INFO - Processing /home/airflow/.local/lib/python3.7/site-packages/airflow/example_dags/example_task_group.py took 0.038 seconds
[2024-06-24T15:11:28.239+0000] {processor.py:156} INFO - Started process (PID=555) to work on /home/airflow/.local/lib/python3.7/site-packages/airflow/example_dags/example_task_group.py
[2024-06-24T15:11:28.239+0000] {processor.py:799} INFO - Processing file /home/airflow/.local/lib/python3.7/site-packages/airflow/example_dags/example_task_group.py for tasks to queue
[2024-06-24T15:11:28.240+0000] {logging_mixin.py:149} INFO - [2024-06-24T15:11:28.240+0000] {dagbag.py:541} INFO - Filling up the DagBag from /home/airflow/.local/lib/python3.7/site-packages/airflow/example_dags/example_task_group.py
[2024-06-24T15:11:28.243+0000] {processor.py:809} INFO - DAG(s) dict_keys(['example_task_group']) retrieved from /home/airflow/.local/lib/python3.7/site-packages/airflow/example_dags/example_task_group.py
[2024-06-24T15:11:28.253+0000] {logging_mixin.py:149} INFO - [2024-06-24T15:11:28.253+0000] {dag.py:2726} INFO - Sync 1 DAGs
[2024-06-24T15:11:28.263+0000] {logging_mixin.py:149} INFO - [2024-06-24T15:11:28.263+0000] {dag.py:3490} INFO - Setting next_dagrun for example_task_group to 2024-06-23T15:11:28.263697+00:00, run_after=2024-06-24T15:11:28.263697+00:00
[2024-06-24T15:11:28.270+0000] {processor.py:178} INFO - Processing /home/airflow/.local/lib/python3.7/site-packages/airflow/example_dags/example_task_group.py took 0.033 seconds
[2024-06-24T15:11:59.061+0000] {processor.py:156} INFO - Started process (PID=624) to work on /home/airflow/.local/lib/python3.7/site-packages/airflow/example_dags/example_task_group.py
[2024-06-24T15:11:59.062+0000] {processor.py:799} INFO - Processing file /home/airflow/.local/lib/python3.7/site-packages/airflow/example_dags/example_task_group.py for tasks to queue
[2024-06-24T15:11:59.062+0000] {logging_mixin.py:149} INFO - [2024-06-24T15:11:59.062+0000] {dagbag.py:541} INFO - Filling up the DagBag from /home/airflow/.local/lib/python3.7/site-packages/airflow/example_dags/example_task_group.py
[2024-06-24T15:11:59.065+0000] {processor.py:809} INFO - DAG(s) dict_keys(['example_task_group']) retrieved from /home/airflow/.local/lib/python3.7/site-packages/airflow/example_dags/example_task_group.py
[2024-06-24T15:11:59.076+0000] {logging_mixin.py:149} INFO - [2024-06-24T15:11:59.076+0000] {dag.py:2726} INFO - Sync 1 DAGs
[2024-06-24T15:11:59.086+0000] {logging_mixin.py:149} INFO - [2024-06-24T15:11:59.086+0000] {dag.py:3490} INFO - Setting next_dagrun for example_task_group to 2024-06-23T15:11:59.086538+00:00, run_after=2024-06-24T15:11:59.086538+00:00
[2024-06-24T15:11:59.094+0000] {processor.py:178} INFO - Processing /home/airflow/.local/lib/python3.7/site-packages/airflow/example_dags/example_task_group.py took 0.034 seconds
[2024-06-24T15:12:29.703+0000] {processor.py:156} INFO - Started process (PID=693) to work on /home/airflow/.local/lib/python3.7/site-packages/airflow/example_dags/example_task_group.py
[2024-06-24T15:12:29.704+0000] {processor.py:799} INFO - Processing file /home/airflow/.local/lib/python3.7/site-packages/airflow/example_dags/example_task_group.py for tasks to queue
[2024-06-24T15:12:29.705+0000] {logging_mixin.py:149} INFO - [2024-06-24T15:12:29.705+0000] {dagbag.py:541} INFO - Filling up the DagBag from /home/airflow/.local/lib/python3.7/site-packages/airflow/example_dags/example_task_group.py
[2024-06-24T15:12:29.708+0000] {processor.py:809} INFO - DAG(s) dict_keys(['example_task_group']) retrieved from /home/airflow/.local/lib/python3.7/site-packages/airflow/example_dags/example_task_group.py
[2024-06-24T15:12:29.719+0000] {logging_mixin.py:149} INFO - [2024-06-24T15:12:29.719+0000] {dag.py:2726} INFO - Sync 1 DAGs
[2024-06-24T15:12:29.730+0000] {logging_mixin.py:149} INFO - [2024-06-24T15:12:29.730+0000] {dag.py:3490} INFO - Setting next_dagrun for example_task_group to 2024-06-23T15:12:29.730163+00:00, run_after=2024-06-24T15:12:29.730163+00:00
[2024-06-24T15:12:29.737+0000] {processor.py:178} INFO - Processing /home/airflow/.local/lib/python3.7/site-packages/airflow/example_dags/example_task_group.py took 0.035 seconds
[2024-06-24T15:13:00.364+0000] {processor.py:156} INFO - Started process (PID=762) to work on /home/airflow/.local/lib/python3.7/site-packages/airflow/example_dags/example_task_group.py
[2024-06-24T15:13:00.365+0000] {processor.py:799} INFO - Processing file /home/airflow/.local/lib/python3.7/site-packages/airflow/example_dags/example_task_group.py for tasks to queue
[2024-06-24T15:13:00.365+0000] {logging_mixin.py:149} INFO - [2024-06-24T15:13:00.365+0000] {dagbag.py:541} INFO - Filling up the DagBag from /home/airflow/.local/lib/python3.7/site-packages/airflow/example_dags/example_task_group.py
[2024-06-24T15:13:00.369+0000] {processor.py:809} INFO - DAG(s) dict_keys(['example_task_group']) retrieved from /home/airflow/.local/lib/python3.7/site-packages/airflow/example_dags/example_task_group.py
[2024-06-24T15:13:00.386+0000] {logging_mixin.py:149} INFO - [2024-06-24T15:13:00.386+0000] {dag.py:2726} INFO - Sync 1 DAGs
[2024-06-24T15:13:00.406+0000] {logging_mixin.py:149} INFO - [2024-06-24T15:13:00.405+0000] {dag.py:3490} INFO - Setting next_dagrun for example_task_group to 2024-06-23T15:13:00.405787+00:00, run_after=2024-06-24T15:13:00.405787+00:00
[2024-06-24T15:13:00.419+0000] {processor.py:178} INFO - Processing /home/airflow/.local/lib/python3.7/site-packages/airflow/example_dags/example_task_group.py took 0.056 seconds
[2024-06-24T15:13:31.075+0000] {processor.py:156} INFO - Started process (PID=831) to work on /home/airflow/.local/lib/python3.7/site-packages/airflow/example_dags/example_task_group.py
[2024-06-24T15:13:31.076+0000] {processor.py:799} INFO - Processing file /home/airflow/.local/lib/python3.7/site-packages/airflow/example_dags/example_task_group.py for tasks to queue
[2024-06-24T15:13:31.076+0000] {logging_mixin.py:149} INFO - [2024-06-24T15:13:31.076+0000] {dagbag.py:541} INFO - Filling up the DagBag from /home/airflow/.local/lib/python3.7/site-packages/airflow/example_dags/example_task_group.py
[2024-06-24T15:13:31.079+0000] {processor.py:809} INFO - DAG(s) dict_keys(['example_task_group']) retrieved from /home/airflow/.local/lib/python3.7/site-packages/airflow/example_dags/example_task_group.py
[2024-06-24T15:13:31.089+0000] {logging_mixin.py:149} INFO - [2024-06-24T15:13:31.089+0000] {dag.py:2726} INFO - Sync 1 DAGs
[2024-06-24T15:13:31.099+0000] {logging_mixin.py:149} INFO - [2024-06-24T15:13:31.099+0000] {dag.py:3490} INFO - Setting next_dagrun for example_task_group to 2024-06-23T15:13:31.099713+00:00, run_after=2024-06-24T15:13:31.099713+00:00
[2024-06-24T15:13:31.107+0000] {processor.py:178} INFO - Processing /home/airflow/.local/lib/python3.7/site-packages/airflow/example_dags/example_task_group.py took 0.033 seconds
[2024-06-24T15:14:01.624+0000] {processor.py:156} INFO - Started process (PID=900) to work on /home/airflow/.local/lib/python3.7/site-packages/airflow/example_dags/example_task_group.py
[2024-06-24T15:14:01.624+0000] {processor.py:799} INFO - Processing file /home/airflow/.local/lib/python3.7/site-packages/airflow/example_dags/example_task_group.py for tasks to queue
[2024-06-24T15:14:01.626+0000] {logging_mixin.py:149} INFO - [2024-06-24T15:14:01.625+0000] {dagbag.py:541} INFO - Filling up the DagBag from /home/airflow/.local/lib/python3.7/site-packages/airflow/example_dags/example_task_group.py
[2024-06-24T15:14:01.629+0000] {processor.py:809} INFO - DAG(s) dict_keys(['example_task_group']) retrieved from /home/airflow/.local/lib/python3.7/site-packages/airflow/example_dags/example_task_group.py
[2024-06-24T15:14:01.639+0000] {logging_mixin.py:149} INFO - [2024-06-24T15:14:01.639+0000] {dag.py:2726} INFO - Sync 1 DAGs
[2024-06-24T15:14:01.650+0000] {logging_mixin.py:149} INFO - [2024-06-24T15:14:01.650+0000] {dag.py:3490} INFO - Setting next_dagrun for example_task_group to 2024-06-23T15:14:01.650003+00:00, run_after=2024-06-24T15:14:01.650003+00:00
[2024-06-24T15:14:01.657+0000] {processor.py:178} INFO - Processing /home/airflow/.local/lib/python3.7/site-packages/airflow/example_dags/example_task_group.py took 0.034 seconds
[2024-06-24T15:14:32.098+0000] {processor.py:156} INFO - Started process (PID=969) to work on /home/airflow/.local/lib/python3.7/site-packages/airflow/example_dags/example_task_group.py
[2024-06-24T15:14:32.099+0000] {processor.py:799} INFO - Processing file /home/airflow/.local/lib/python3.7/site-packages/airflow/example_dags/example_task_group.py for tasks to queue
[2024-06-24T15:14:32.099+0000] {logging_mixin.py:149} INFO - [2024-06-24T15:14:32.099+0000] {dagbag.py:541} INFO - Filling up the DagBag from /home/airflow/.local/lib/python3.7/site-packages/airflow/example_dags/example_task_group.py
[2024-06-24T15:14:32.102+0000] {processor.py:809} INFO - DAG(s) dict_keys(['example_task_group']) retrieved from /home/airflow/.local/lib/python3.7/site-packages/airflow/example_dags/example_task_group.py
[2024-06-24T15:14:32.112+0000] {logging_mixin.py:149} INFO - [2024-06-24T15:14:32.112+0000] {dag.py:2726} INFO - Sync 1 DAGs
[2024-06-24T15:14:32.122+0000] {logging_mixin.py:149} INFO - [2024-06-24T15:14:32.122+0000] {dag.py:3490} INFO - Setting next_dagrun for example_task_group to 2024-06-23T15:14:32.122771+00:00, run_after=2024-06-24T15:14:32.122771+00:00
[2024-06-24T15:14:32.129+0000] {processor.py:178} INFO - Processing /home/airflow/.local/lib/python3.7/site-packages/airflow/example_dags/example_task_group.py took 0.032 seconds
[2024-06-24T15:15:02.590+0000] {processor.py:156} INFO - Started process (PID=1038) to work on /home/airflow/.local/lib/python3.7/site-packages/airflow/example_dags/example_task_group.py
[2024-06-24T15:15:02.590+0000] {processor.py:799} INFO - Processing file /home/airflow/.local/lib/python3.7/site-packages/airflow/example_dags/example_task_group.py for tasks to queue
[2024-06-24T15:15:02.591+0000] {logging_mixin.py:149} INFO - [2024-06-24T15:15:02.591+0000] {dagbag.py:541} INFO - Filling up the DagBag from /home/airflow/.local/lib/python3.7/site-packages/airflow/example_dags/example_task_group.py
[2024-06-24T15:15:02.594+0000] {processor.py:809} INFO - DAG(s) dict_keys(['example_task_group']) retrieved from /home/airflow/.local/lib/python3.7/site-packages/airflow/example_dags/example_task_group.py
[2024-06-24T15:15:02.604+0000] {logging_mixin.py:149} INFO - [2024-06-24T15:15:02.604+0000] {dag.py:2726} INFO - Sync 1 DAGs
[2024-06-24T15:15:02.614+0000] {logging_mixin.py:149} INFO - [2024-06-24T15:15:02.614+0000] {dag.py:3490} INFO - Setting next_dagrun for example_task_group to 2024-06-23T15:15:02.614536+00:00, run_after=2024-06-24T15:15:02.614536+00:00
[2024-06-24T15:15:02.621+0000] {processor.py:178} INFO - Processing /home/airflow/.local/lib/python3.7/site-packages/airflow/example_dags/example_task_group.py took 0.033 seconds
[2024-06-24T15:15:33.266+0000] {processor.py:156} INFO - Started process (PID=1116) to work on /home/airflow/.local/lib/python3.7/site-packages/airflow/example_dags/example_task_group.py
[2024-06-24T15:15:33.266+0000] {processor.py:799} INFO - Processing file /home/airflow/.local/lib/python3.7/site-packages/airflow/example_dags/example_task_group.py for tasks to queue
[2024-06-24T15:15:33.266+0000] {logging_mixin.py:149} INFO - [2024-06-24T15:15:33.266+0000] {dagbag.py:541} INFO - Filling up the DagBag from /home/airflow/.local/lib/python3.7/site-packages/airflow/example_dags/example_task_group.py
[2024-06-24T15:15:33.269+0000] {processor.py:809} INFO - DAG(s) dict_keys(['example_task_group']) retrieved from /home/airflow/.local/lib/python3.7/site-packages/airflow/example_dags/example_task_group.py
[2024-06-24T15:15:33.279+0000] {logging_mixin.py:149} INFO - [2024-06-24T15:15:33.279+0000] {dag.py:2726} INFO - Sync 1 DAGs
[2024-06-24T15:15:33.288+0000] {logging_mixin.py:149} INFO - [2024-06-24T15:15:33.288+0000] {dag.py:3490} INFO - Setting next_dagrun for example_task_group to 2024-06-23T15:15:33.288588+00:00, run_after=2024-06-24T15:15:33.288588+00:00
[2024-06-24T15:15:33.295+0000] {processor.py:178} INFO - Processing /home/airflow/.local/lib/python3.7/site-packages/airflow/example_dags/example_task_group.py took 0.030 seconds
[2024-06-24T15:16:03.833+0000] {processor.py:156} INFO - Started process (PID=1185) to work on /home/airflow/.local/lib/python3.7/site-packages/airflow/example_dags/example_task_group.py
[2024-06-24T15:16:03.833+0000] {processor.py:799} INFO - Processing file /home/airflow/.local/lib/python3.7/site-packages/airflow/example_dags/example_task_group.py for tasks to queue
[2024-06-24T15:16:03.833+0000] {logging_mixin.py:149} INFO - [2024-06-24T15:16:03.833+0000] {dagbag.py:541} INFO - Filling up the DagBag from /home/airflow/.local/lib/python3.7/site-packages/airflow/example_dags/example_task_group.py
[2024-06-24T15:16:03.836+0000] {processor.py:809} INFO - DAG(s) dict_keys(['example_task_group']) retrieved from /home/airflow/.local/lib/python3.7/site-packages/airflow/example_dags/example_task_group.py
[2024-06-24T15:16:03.846+0000] {logging_mixin.py:149} INFO - [2024-06-24T15:16:03.846+0000] {dag.py:2726} INFO - Sync 1 DAGs
[2024-06-24T15:16:03.856+0000] {logging_mixin.py:149} INFO - [2024-06-24T15:16:03.856+0000] {dag.py:3490} INFO - Setting next_dagrun for example_task_group to 2024-06-23T15:16:03.855911+00:00, run_after=2024-06-24T15:16:03.855911+00:00
[2024-06-24T15:16:03.862+0000] {processor.py:178} INFO - Processing /home/airflow/.local/lib/python3.7/site-packages/airflow/example_dags/example_task_group.py took 0.030 seconds
[2024-06-24T15:16:34.535+0000] {processor.py:156} INFO - Started process (PID=1254) to work on /home/airflow/.local/lib/python3.7/site-packages/airflow/example_dags/example_task_group.py
[2024-06-24T15:16:34.535+0000] {processor.py:799} INFO - Processing file /home/airflow/.local/lib/python3.7/site-packages/airflow/example_dags/example_task_group.py for tasks to queue
[2024-06-24T15:16:34.536+0000] {logging_mixin.py:149} INFO - [2024-06-24T15:16:34.535+0000] {dagbag.py:541} INFO - Filling up the DagBag from /home/airflow/.local/lib/python3.7/site-packages/airflow/example_dags/example_task_group.py
[2024-06-24T15:16:34.539+0000] {processor.py:809} INFO - DAG(s) dict_keys(['example_task_group']) retrieved from /home/airflow/.local/lib/python3.7/site-packages/airflow/example_dags/example_task_group.py
[2024-06-24T15:16:34.548+0000] {logging_mixin.py:149} INFO - [2024-06-24T15:16:34.548+0000] {dag.py:2726} INFO - Sync 1 DAGs
[2024-06-24T15:16:34.558+0000] {logging_mixin.py:149} INFO - [2024-06-24T15:16:34.558+0000] {dag.py:3490} INFO - Setting next_dagrun for example_task_group to 2024-06-23T15:16:34.557933+00:00, run_after=2024-06-24T15:16:34.557933+00:00
[2024-06-24T15:16:34.564+0000] {processor.py:178} INFO - Processing /home/airflow/.local/lib/python3.7/site-packages/airflow/example_dags/example_task_group.py took 0.030 seconds
[2024-06-24T15:17:05.133+0000] {processor.py:156} INFO - Started process (PID=1323) to work on /home/airflow/.local/lib/python3.7/site-packages/airflow/example_dags/example_task_group.py
[2024-06-24T15:17:05.134+0000] {processor.py:799} INFO - Processing file /home/airflow/.local/lib/python3.7/site-packages/airflow/example_dags/example_task_group.py for tasks to queue
[2024-06-24T15:17:05.134+0000] {logging_mixin.py:149} INFO - [2024-06-24T15:17:05.134+0000] {dagbag.py:541} INFO - Filling up the DagBag from /home/airflow/.local/lib/python3.7/site-packages/airflow/example_dags/example_task_group.py
[2024-06-24T15:17:05.137+0000] {processor.py:809} INFO - DAG(s) dict_keys(['example_task_group']) retrieved from /home/airflow/.local/lib/python3.7/site-packages/airflow/example_dags/example_task_group.py
[2024-06-24T15:17:05.147+0000] {logging_mixin.py:149} INFO - [2024-06-24T15:17:05.147+0000] {dag.py:2726} INFO - Sync 1 DAGs
[2024-06-24T15:17:05.158+0000] {logging_mixin.py:149} INFO - [2024-06-24T15:17:05.158+0000] {dag.py:3490} INFO - Setting next_dagrun for example_task_group to 2024-06-23T15:17:05.158248+00:00, run_after=2024-06-24T15:17:05.158248+00:00
[2024-06-24T15:17:05.165+0000] {processor.py:178} INFO - Processing /home/airflow/.local/lib/python3.7/site-packages/airflow/example_dags/example_task_group.py took 0.033 seconds
[2024-06-24T15:17:35.691+0000] {processor.py:156} INFO - Started process (PID=1391) to work on /home/airflow/.local/lib/python3.7/site-packages/airflow/example_dags/example_task_group.py
[2024-06-24T15:17:35.691+0000] {processor.py:799} INFO - Processing file /home/airflow/.local/lib/python3.7/site-packages/airflow/example_dags/example_task_group.py for tasks to queue
[2024-06-24T15:17:35.691+0000] {logging_mixin.py:149} INFO - [2024-06-24T15:17:35.691+0000] {dagbag.py:541} INFO - Filling up the DagBag from /home/airflow/.local/lib/python3.7/site-packages/airflow/example_dags/example_task_group.py
[2024-06-24T15:17:35.695+0000] {processor.py:809} INFO - DAG(s) dict_keys(['example_task_group']) retrieved from /home/airflow/.local/lib/python3.7/site-packages/airflow/example_dags/example_task_group.py
[2024-06-24T15:17:35.705+0000] {logging_mixin.py:149} INFO - [2024-06-24T15:17:35.705+0000] {dag.py:2726} INFO - Sync 1 DAGs
[2024-06-24T15:17:35.715+0000] {logging_mixin.py:149} INFO - [2024-06-24T15:17:35.715+0000] {dag.py:3490} INFO - Setting next_dagrun for example_task_group to 2024-06-23T15:17:35.715463+00:00, run_after=2024-06-24T15:17:35.715463+00:00
[2024-06-24T15:17:35.722+0000] {processor.py:178} INFO - Processing /home/airflow/.local/lib/python3.7/site-packages/airflow/example_dags/example_task_group.py took 0.033 seconds
[2024-06-24T15:18:06.241+0000] {processor.py:156} INFO - Started process (PID=1460) to work on /home/airflow/.local/lib/python3.7/site-packages/airflow/example_dags/example_task_group.py
[2024-06-24T15:18:06.242+0000] {processor.py:799} INFO - Processing file /home/airflow/.local/lib/python3.7/site-packages/airflow/example_dags/example_task_group.py for tasks to queue
[2024-06-24T15:18:06.245+0000] {logging_mixin.py:149} INFO - [2024-06-24T15:18:06.245+0000] {dagbag.py:541} INFO - Filling up the DagBag from /home/airflow/.local/lib/python3.7/site-packages/airflow/example_dags/example_task_group.py
[2024-06-24T15:18:06.249+0000] {processor.py:809} INFO - DAG(s) dict_keys(['example_task_group']) retrieved from /home/airflow/.local/lib/python3.7/site-packages/airflow/example_dags/example_task_group.py
[2024-06-24T15:18:06.259+0000] {logging_mixin.py:149} INFO - [2024-06-24T15:18:06.259+0000] {dag.py:2726} INFO - Sync 1 DAGs
[2024-06-24T15:18:06.269+0000] {logging_mixin.py:149} INFO - [2024-06-24T15:18:06.269+0000] {dag.py:3490} INFO - Setting next_dagrun for example_task_group to 2024-06-23T15:18:06.269403+00:00, run_after=2024-06-24T15:18:06.269403+00:00
[2024-06-24T15:18:06.277+0000] {processor.py:178} INFO - Processing /home/airflow/.local/lib/python3.7/site-packages/airflow/example_dags/example_task_group.py took 0.037 seconds
[2024-06-24T15:18:36.938+0000] {processor.py:156} INFO - Started process (PID=1529) to work on /home/airflow/.local/lib/python3.7/site-packages/airflow/example_dags/example_task_group.py
[2024-06-24T15:18:36.939+0000] {processor.py:799} INFO - Processing file /home/airflow/.local/lib/python3.7/site-packages/airflow/example_dags/example_task_group.py for tasks to queue
[2024-06-24T15:18:36.939+0000] {logging_mixin.py:149} INFO - [2024-06-24T15:18:36.939+0000] {dagbag.py:541} INFO - Filling up the DagBag from /home/airflow/.local/lib/python3.7/site-packages/airflow/example_dags/example_task_group.py
[2024-06-24T15:18:36.946+0000] {processor.py:809} INFO - DAG(s) dict_keys(['example_task_group']) retrieved from /home/airflow/.local/lib/python3.7/site-packages/airflow/example_dags/example_task_group.py
[2024-06-24T15:18:36.958+0000] {logging_mixin.py:149} INFO - [2024-06-24T15:18:36.958+0000] {dag.py:2726} INFO - Sync 1 DAGs
[2024-06-24T15:18:36.970+0000] {logging_mixin.py:149} INFO - [2024-06-24T15:18:36.970+0000] {dag.py:3490} INFO - Setting next_dagrun for example_task_group to 2024-06-23T15:18:36.970245+00:00, run_after=2024-06-24T15:18:36.970245+00:00
[2024-06-24T15:18:36.978+0000] {processor.py:178} INFO - Processing /home/airflow/.local/lib/python3.7/site-packages/airflow/example_dags/example_task_group.py took 0.042 seconds
[2024-06-24T15:19:07.698+0000] {processor.py:156} INFO - Started process (PID=1598) to work on /home/airflow/.local/lib/python3.7/site-packages/airflow/example_dags/example_task_group.py
[2024-06-24T15:19:07.698+0000] {processor.py:799} INFO - Processing file /home/airflow/.local/lib/python3.7/site-packages/airflow/example_dags/example_task_group.py for tasks to queue
[2024-06-24T15:19:07.699+0000] {logging_mixin.py:149} INFO - [2024-06-24T15:19:07.699+0000] {dagbag.py:541} INFO - Filling up the DagBag from /home/airflow/.local/lib/python3.7/site-packages/airflow/example_dags/example_task_group.py
[2024-06-24T15:19:07.702+0000] {processor.py:809} INFO - DAG(s) dict_keys(['example_task_group']) retrieved from /home/airflow/.local/lib/python3.7/site-packages/airflow/example_dags/example_task_group.py
[2024-06-24T15:19:07.712+0000] {logging_mixin.py:149} INFO - [2024-06-24T15:19:07.712+0000] {dag.py:2726} INFO - Sync 1 DAGs
[2024-06-24T15:19:07.723+0000] {logging_mixin.py:149} INFO - [2024-06-24T15:19:07.723+0000] {dag.py:3490} INFO - Setting next_dagrun for example_task_group to 2024-06-23T15:19:07.723803+00:00, run_after=2024-06-24T15:19:07.723803+00:00
[2024-06-24T15:19:07.731+0000] {processor.py:178} INFO - Processing /home/airflow/.local/lib/python3.7/site-packages/airflow/example_dags/example_task_group.py took 0.034 seconds
[2024-06-24T15:19:38.276+0000] {processor.py:156} INFO - Started process (PID=1667) to work on /home/airflow/.local/lib/python3.7/site-packages/airflow/example_dags/example_task_group.py
[2024-06-24T15:19:38.276+0000] {processor.py:799} INFO - Processing file /home/airflow/.local/lib/python3.7/site-packages/airflow/example_dags/example_task_group.py for tasks to queue
[2024-06-24T15:19:38.276+0000] {logging_mixin.py:149} INFO - [2024-06-24T15:19:38.276+0000] {dagbag.py:541} INFO - Filling up the DagBag from /home/airflow/.local/lib/python3.7/site-packages/airflow/example_dags/example_task_group.py
[2024-06-24T15:19:38.280+0000] {processor.py:809} INFO - DAG(s) dict_keys(['example_task_group']) retrieved from /home/airflow/.local/lib/python3.7/site-packages/airflow/example_dags/example_task_group.py
[2024-06-24T15:19:38.290+0000] {logging_mixin.py:149} INFO - [2024-06-24T15:19:38.290+0000] {dag.py:2726} INFO - Sync 1 DAGs
[2024-06-24T15:19:38.300+0000] {logging_mixin.py:149} INFO - [2024-06-24T15:19:38.300+0000] {dag.py:3490} INFO - Setting next_dagrun for example_task_group to 2024-06-23T15:19:38.300162+00:00, run_after=2024-06-24T15:19:38.300162+00:00
[2024-06-24T15:19:38.307+0000] {processor.py:178} INFO - Processing /home/airflow/.local/lib/python3.7/site-packages/airflow/example_dags/example_task_group.py took 0.033 seconds
[2024-06-24T15:20:08.783+0000] {processor.py:156} INFO - Started process (PID=1736) to work on /home/airflow/.local/lib/python3.7/site-packages/airflow/example_dags/example_task_group.py
[2024-06-24T15:20:08.783+0000] {processor.py:799} INFO - Processing file /home/airflow/.local/lib/python3.7/site-packages/airflow/example_dags/example_task_group.py for tasks to queue
[2024-06-24T15:20:08.783+0000] {logging_mixin.py:149} INFO - [2024-06-24T15:20:08.783+0000] {dagbag.py:541} INFO - Filling up the DagBag from /home/airflow/.local/lib/python3.7/site-packages/airflow/example_dags/example_task_group.py
[2024-06-24T15:20:08.787+0000] {processor.py:809} INFO - DAG(s) dict_keys(['example_task_group']) retrieved from /home/airflow/.local/lib/python3.7/site-packages/airflow/example_dags/example_task_group.py
[2024-06-24T15:20:08.798+0000] {logging_mixin.py:149} INFO - [2024-06-24T15:20:08.798+0000] {dag.py:2726} INFO - Sync 1 DAGs
[2024-06-24T15:20:08.810+0000] {logging_mixin.py:149} INFO - [2024-06-24T15:20:08.810+0000] {dag.py:3490} INFO - Setting next_dagrun for example_task_group to 2024-06-23T15:20:08.810573+00:00, run_after=2024-06-24T15:20:08.810573+00:00
[2024-06-24T15:20:08.819+0000] {processor.py:178} INFO - Processing /home/airflow/.local/lib/python3.7/site-packages/airflow/example_dags/example_task_group.py took 0.038 seconds
[2024-06-24T15:20:39.511+0000] {processor.py:156} INFO - Started process (PID=1805) to work on /home/airflow/.local/lib/python3.7/site-packages/airflow/example_dags/example_task_group.py
[2024-06-24T15:20:39.512+0000] {processor.py:799} INFO - Processing file /home/airflow/.local/lib/python3.7/site-packages/airflow/example_dags/example_task_group.py for tasks to queue
[2024-06-24T15:20:39.512+0000] {logging_mixin.py:149} INFO - [2024-06-24T15:20:39.512+0000] {dagbag.py:541} INFO - Filling up the DagBag from /home/airflow/.local/lib/python3.7/site-packages/airflow/example_dags/example_task_group.py
[2024-06-24T15:20:39.516+0000] {processor.py:809} INFO - DAG(s) dict_keys(['example_task_group']) retrieved from /home/airflow/.local/lib/python3.7/site-packages/airflow/example_dags/example_task_group.py
[2024-06-24T15:20:39.527+0000] {logging_mixin.py:149} INFO - [2024-06-24T15:20:39.526+0000] {dag.py:2726} INFO - Sync 1 DAGs
[2024-06-24T15:20:39.542+0000] {logging_mixin.py:149} INFO - [2024-06-24T15:20:39.542+0000] {dag.py:3490} INFO - Setting next_dagrun for example_task_group to 2024-06-23T15:20:39.542645+00:00, run_after=2024-06-24T15:20:39.542645+00:00
[2024-06-24T15:20:39.549+0000] {processor.py:178} INFO - Processing /home/airflow/.local/lib/python3.7/site-packages/airflow/example_dags/example_task_group.py took 0.039 seconds
[2024-06-24T15:21:10.164+0000] {processor.py:156} INFO - Started process (PID=1874) to work on /home/airflow/.local/lib/python3.7/site-packages/airflow/example_dags/example_task_group.py
[2024-06-24T15:21:10.164+0000] {processor.py:799} INFO - Processing file /home/airflow/.local/lib/python3.7/site-packages/airflow/example_dags/example_task_group.py for tasks to queue
[2024-06-24T15:21:10.164+0000] {logging_mixin.py:149} INFO - [2024-06-24T15:21:10.164+0000] {dagbag.py:541} INFO - Filling up the DagBag from /home/airflow/.local/lib/python3.7/site-packages/airflow/example_dags/example_task_group.py
[2024-06-24T15:21:10.168+0000] {processor.py:809} INFO - DAG(s) dict_keys(['example_task_group']) retrieved from /home/airflow/.local/lib/python3.7/site-packages/airflow/example_dags/example_task_group.py
[2024-06-24T15:21:10.180+0000] {logging_mixin.py:149} INFO - [2024-06-24T15:21:10.180+0000] {dag.py:2726} INFO - Sync 1 DAGs
[2024-06-24T15:21:10.191+0000] {logging_mixin.py:149} INFO - [2024-06-24T15:21:10.191+0000] {dag.py:3490} INFO - Setting next_dagrun for example_task_group to 2024-06-23T15:21:10.191784+00:00, run_after=2024-06-24T15:21:10.191784+00:00
[2024-06-24T15:21:10.202+0000] {processor.py:178} INFO - Processing /home/airflow/.local/lib/python3.7/site-packages/airflow/example_dags/example_task_group.py took 0.040 seconds
[2024-06-24T15:21:41.040+0000] {processor.py:156} INFO - Started process (PID=1942) to work on /home/airflow/.local/lib/python3.7/site-packages/airflow/example_dags/example_task_group.py
[2024-06-24T15:21:41.040+0000] {processor.py:799} INFO - Processing file /home/airflow/.local/lib/python3.7/site-packages/airflow/example_dags/example_task_group.py for tasks to queue
[2024-06-24T15:21:41.040+0000] {logging_mixin.py:149} INFO - [2024-06-24T15:21:41.040+0000] {dagbag.py:541} INFO - Filling up the DagBag from /home/airflow/.local/lib/python3.7/site-packages/airflow/example_dags/example_task_group.py
[2024-06-24T15:21:41.044+0000] {processor.py:809} INFO - DAG(s) dict_keys(['example_task_group']) retrieved from /home/airflow/.local/lib/python3.7/site-packages/airflow/example_dags/example_task_group.py
[2024-06-24T15:21:41.054+0000] {logging_mixin.py:149} INFO - [2024-06-24T15:21:41.053+0000] {dag.py:2726} INFO - Sync 1 DAGs
[2024-06-24T15:21:41.064+0000] {logging_mixin.py:149} INFO - [2024-06-24T15:21:41.064+0000] {dag.py:3490} INFO - Setting next_dagrun for example_task_group to 2024-06-23T15:21:41.064017+00:00, run_after=2024-06-24T15:21:41.064017+00:00
[2024-06-24T15:21:41.071+0000] {processor.py:178} INFO - Processing /home/airflow/.local/lib/python3.7/site-packages/airflow/example_dags/example_task_group.py took 0.032 seconds
[2024-06-24T15:22:11.813+0000] {processor.py:156} INFO - Started process (PID=2011) to work on /home/airflow/.local/lib/python3.7/site-packages/airflow/example_dags/example_task_group.py
[2024-06-24T15:22:11.814+0000] {processor.py:799} INFO - Processing file /home/airflow/.local/lib/python3.7/site-packages/airflow/example_dags/example_task_group.py for tasks to queue
[2024-06-24T15:22:11.814+0000] {logging_mixin.py:149} INFO - [2024-06-24T15:22:11.814+0000] {dagbag.py:541} INFO - Filling up the DagBag from /home/airflow/.local/lib/python3.7/site-packages/airflow/example_dags/example_task_group.py
[2024-06-24T15:22:11.817+0000] {processor.py:809} INFO - DAG(s) dict_keys(['example_task_group']) retrieved from /home/airflow/.local/lib/python3.7/site-packages/airflow/example_dags/example_task_group.py
[2024-06-24T15:22:11.827+0000] {logging_mixin.py:149} INFO - [2024-06-24T15:22:11.827+0000] {dag.py:2726} INFO - Sync 1 DAGs
[2024-06-24T15:22:11.836+0000] {logging_mixin.py:149} INFO - [2024-06-24T15:22:11.836+0000] {dag.py:3490} INFO - Setting next_dagrun for example_task_group to 2024-06-23T15:22:11.836743+00:00, run_after=2024-06-24T15:22:11.836743+00:00
[2024-06-24T15:22:11.843+0000] {processor.py:178} INFO - Processing /home/airflow/.local/lib/python3.7/site-packages/airflow/example_dags/example_task_group.py took 0.031 seconds
[2024-06-24T15:22:42.435+0000] {processor.py:156} INFO - Started process (PID=2079) to work on /home/airflow/.local/lib/python3.7/site-packages/airflow/example_dags/example_task_group.py
[2024-06-24T15:22:42.435+0000] {processor.py:799} INFO - Processing file /home/airflow/.local/lib/python3.7/site-packages/airflow/example_dags/example_task_group.py for tasks to queue
[2024-06-24T15:22:42.436+0000] {logging_mixin.py:149} INFO - [2024-06-24T15:22:42.436+0000] {dagbag.py:541} INFO - Filling up the DagBag from /home/airflow/.local/lib/python3.7/site-packages/airflow/example_dags/example_task_group.py
[2024-06-24T15:22:42.439+0000] {processor.py:809} INFO - DAG(s) dict_keys(['example_task_group']) retrieved from /home/airflow/.local/lib/python3.7/site-packages/airflow/example_dags/example_task_group.py
[2024-06-24T15:22:42.449+0000] {logging_mixin.py:149} INFO - [2024-06-24T15:22:42.449+0000] {dag.py:2726} INFO - Sync 1 DAGs
[2024-06-24T15:22:42.459+0000] {logging_mixin.py:149} INFO - [2024-06-24T15:22:42.459+0000] {dag.py:3490} INFO - Setting next_dagrun for example_task_group to 2024-06-23T15:22:42.459044+00:00, run_after=2024-06-24T15:22:42.459044+00:00
[2024-06-24T15:22:42.465+0000] {processor.py:178} INFO - Processing /home/airflow/.local/lib/python3.7/site-packages/airflow/example_dags/example_task_group.py took 0.031 seconds
[2024-06-24T15:23:13.090+0000] {processor.py:156} INFO - Started process (PID=2148) to work on /home/airflow/.local/lib/python3.7/site-packages/airflow/example_dags/example_task_group.py
[2024-06-24T15:23:13.091+0000] {processor.py:799} INFO - Processing file /home/airflow/.local/lib/python3.7/site-packages/airflow/example_dags/example_task_group.py for tasks to queue
[2024-06-24T15:23:13.091+0000] {logging_mixin.py:149} INFO - [2024-06-24T15:23:13.091+0000] {dagbag.py:541} INFO - Filling up the DagBag from /home/airflow/.local/lib/python3.7/site-packages/airflow/example_dags/example_task_group.py
[2024-06-24T15:23:13.094+0000] {processor.py:809} INFO - DAG(s) dict_keys(['example_task_group']) retrieved from /home/airflow/.local/lib/python3.7/site-packages/airflow/example_dags/example_task_group.py
[2024-06-24T15:23:13.104+0000] {logging_mixin.py:149} INFO - [2024-06-24T15:23:13.104+0000] {dag.py:2726} INFO - Sync 1 DAGs
[2024-06-24T15:23:13.114+0000] {logging_mixin.py:149} INFO - [2024-06-24T15:23:13.114+0000] {dag.py:3490} INFO - Setting next_dagrun for example_task_group to 2024-06-23T15:23:13.114264+00:00, run_after=2024-06-24T15:23:13.114264+00:00
[2024-06-24T15:23:13.121+0000] {processor.py:178} INFO - Processing /home/airflow/.local/lib/python3.7/site-packages/airflow/example_dags/example_task_group.py took 0.032 seconds
[2024-06-24T15:23:43.816+0000] {processor.py:156} INFO - Started process (PID=2217) to work on /home/airflow/.local/lib/python3.7/site-packages/airflow/example_dags/example_task_group.py
[2024-06-24T15:23:43.816+0000] {processor.py:799} INFO - Processing file /home/airflow/.local/lib/python3.7/site-packages/airflow/example_dags/example_task_group.py for tasks to queue
[2024-06-24T15:23:43.817+0000] {logging_mixin.py:149} INFO - [2024-06-24T15:23:43.817+0000] {dagbag.py:541} INFO - Filling up the DagBag from /home/airflow/.local/lib/python3.7/site-packages/airflow/example_dags/example_task_group.py
[2024-06-24T15:23:43.820+0000] {processor.py:809} INFO - DAG(s) dict_keys(['example_task_group']) retrieved from /home/airflow/.local/lib/python3.7/site-packages/airflow/example_dags/example_task_group.py
[2024-06-24T15:23:43.831+0000] {logging_mixin.py:149} INFO - [2024-06-24T15:23:43.831+0000] {dag.py:2726} INFO - Sync 1 DAGs
[2024-06-24T15:23:43.842+0000] {logging_mixin.py:149} INFO - [2024-06-24T15:23:43.842+0000] {dag.py:3490} INFO - Setting next_dagrun for example_task_group to 2024-06-23T15:23:43.842010+00:00, run_after=2024-06-24T15:23:43.842010+00:00
[2024-06-24T15:23:43.849+0000] {processor.py:178} INFO - Processing /home/airflow/.local/lib/python3.7/site-packages/airflow/example_dags/example_task_group.py took 0.034 seconds
[2024-06-24T15:24:14.527+0000] {processor.py:156} INFO - Started process (PID=2286) to work on /home/airflow/.local/lib/python3.7/site-packages/airflow/example_dags/example_task_group.py
[2024-06-24T15:24:14.528+0000] {processor.py:799} INFO - Processing file /home/airflow/.local/lib/python3.7/site-packages/airflow/example_dags/example_task_group.py for tasks to queue
[2024-06-24T15:24:14.528+0000] {logging_mixin.py:149} INFO - [2024-06-24T15:24:14.528+0000] {dagbag.py:541} INFO - Filling up the DagBag from /home/airflow/.local/lib/python3.7/site-packages/airflow/example_dags/example_task_group.py
[2024-06-24T15:24:14.531+0000] {processor.py:809} INFO - DAG(s) dict_keys(['example_task_group']) retrieved from /home/airflow/.local/lib/python3.7/site-packages/airflow/example_dags/example_task_group.py
[2024-06-24T15:24:14.543+0000] {logging_mixin.py:149} INFO - [2024-06-24T15:24:14.543+0000] {dag.py:2726} INFO - Sync 1 DAGs
[2024-06-24T15:24:14.555+0000] {logging_mixin.py:149} INFO - [2024-06-24T15:24:14.555+0000] {dag.py:3490} INFO - Setting next_dagrun for example_task_group to 2024-06-23T15:24:14.555099+00:00, run_after=2024-06-24T15:24:14.555099+00:00
[2024-06-24T15:24:14.563+0000] {processor.py:178} INFO - Processing /home/airflow/.local/lib/python3.7/site-packages/airflow/example_dags/example_task_group.py took 0.037 seconds
[2024-06-24T15:24:45.110+0000] {processor.py:156} INFO - Started process (PID=2355) to work on /home/airflow/.local/lib/python3.7/site-packages/airflow/example_dags/example_task_group.py
[2024-06-24T15:24:45.110+0000] {processor.py:799} INFO - Processing file /home/airflow/.local/lib/python3.7/site-packages/airflow/example_dags/example_task_group.py for tasks to queue
[2024-06-24T15:24:45.111+0000] {logging_mixin.py:149} INFO - [2024-06-24T15:24:45.111+0000] {dagbag.py:541} INFO - Filling up the DagBag from /home/airflow/.local/lib/python3.7/site-packages/airflow/example_dags/example_task_group.py
[2024-06-24T15:24:45.114+0000] {processor.py:809} INFO - DAG(s) dict_keys(['example_task_group']) retrieved from /home/airflow/.local/lib/python3.7/site-packages/airflow/example_dags/example_task_group.py
[2024-06-24T15:24:45.125+0000] {logging_mixin.py:149} INFO - [2024-06-24T15:24:45.125+0000] {dag.py:2726} INFO - Sync 1 DAGs
[2024-06-24T15:24:45.137+0000] {logging_mixin.py:149} INFO - [2024-06-24T15:24:45.137+0000] {dag.py:3490} INFO - Setting next_dagrun for example_task_group to 2024-06-23T15:24:45.137109+00:00, run_after=2024-06-24T15:24:45.137109+00:00
[2024-06-24T15:24:45.144+0000] {processor.py:178} INFO - Processing /home/airflow/.local/lib/python3.7/site-packages/airflow/example_dags/example_task_group.py took 0.036 seconds
[2024-06-24T15:25:15.681+0000] {processor.py:156} INFO - Started process (PID=2423) to work on /home/airflow/.local/lib/python3.7/site-packages/airflow/example_dags/example_task_group.py
[2024-06-24T15:25:15.681+0000] {processor.py:799} INFO - Processing file /home/airflow/.local/lib/python3.7/site-packages/airflow/example_dags/example_task_group.py for tasks to queue
[2024-06-24T15:25:15.681+0000] {logging_mixin.py:149} INFO - [2024-06-24T15:25:15.681+0000] {dagbag.py:541} INFO - Filling up the DagBag from /home/airflow/.local/lib/python3.7/site-packages/airflow/example_dags/example_task_group.py
[2024-06-24T15:25:15.685+0000] {processor.py:809} INFO - DAG(s) dict_keys(['example_task_group']) retrieved from /home/airflow/.local/lib/python3.7/site-packages/airflow/example_dags/example_task_group.py
[2024-06-24T15:25:15.697+0000] {logging_mixin.py:149} INFO - [2024-06-24T15:25:15.697+0000] {dag.py:2726} INFO - Sync 1 DAGs
[2024-06-24T15:25:15.708+0000] {logging_mixin.py:149} INFO - [2024-06-24T15:25:15.707+0000] {dag.py:3490} INFO - Setting next_dagrun for example_task_group to 2024-06-23T15:25:15.707850+00:00, run_after=2024-06-24T15:25:15.707850+00:00
[2024-06-24T15:25:15.715+0000] {processor.py:178} INFO - Processing /home/airflow/.local/lib/python3.7/site-packages/airflow/example_dags/example_task_group.py took 0.036 seconds
[2024-06-24T15:25:46.309+0000] {processor.py:156} INFO - Started process (PID=2498) to work on /home/airflow/.local/lib/python3.7/site-packages/airflow/example_dags/example_task_group.py
[2024-06-24T15:25:46.309+0000] {processor.py:799} INFO - Processing file /home/airflow/.local/lib/python3.7/site-packages/airflow/example_dags/example_task_group.py for tasks to queue
[2024-06-24T15:25:46.310+0000] {logging_mixin.py:149} INFO - [2024-06-24T15:25:46.310+0000] {dagbag.py:541} INFO - Filling up the DagBag from /home/airflow/.local/lib/python3.7/site-packages/airflow/example_dags/example_task_group.py
[2024-06-24T15:25:46.313+0000] {processor.py:809} INFO - DAG(s) dict_keys(['example_task_group']) retrieved from /home/airflow/.local/lib/python3.7/site-packages/airflow/example_dags/example_task_group.py
[2024-06-24T15:25:46.324+0000] {logging_mixin.py:149} INFO - [2024-06-24T15:25:46.324+0000] {dag.py:2726} INFO - Sync 1 DAGs
[2024-06-24T15:25:46.334+0000] {logging_mixin.py:149} INFO - [2024-06-24T15:25:46.334+0000] {dag.py:3490} INFO - Setting next_dagrun for example_task_group to 2024-06-23T15:25:46.334502+00:00, run_after=2024-06-24T15:25:46.334502+00:00
[2024-06-24T15:25:46.342+0000] {processor.py:178} INFO - Processing /home/airflow/.local/lib/python3.7/site-packages/airflow/example_dags/example_task_group.py took 0.035 seconds
[2024-06-24T15:26:16.863+0000] {processor.py:156} INFO - Started process (PID=2567) to work on /home/airflow/.local/lib/python3.7/site-packages/airflow/example_dags/example_task_group.py
[2024-06-24T15:26:16.863+0000] {processor.py:799} INFO - Processing file /home/airflow/.local/lib/python3.7/site-packages/airflow/example_dags/example_task_group.py for tasks to queue
[2024-06-24T15:26:16.864+0000] {logging_mixin.py:149} INFO - [2024-06-24T15:26:16.863+0000] {dagbag.py:541} INFO - Filling up the DagBag from /home/airflow/.local/lib/python3.7/site-packages/airflow/example_dags/example_task_group.py
[2024-06-24T15:26:16.867+0000] {processor.py:809} INFO - DAG(s) dict_keys(['example_task_group']) retrieved from /home/airflow/.local/lib/python3.7/site-packages/airflow/example_dags/example_task_group.py
[2024-06-24T15:26:16.878+0000] {logging_mixin.py:149} INFO - [2024-06-24T15:26:16.878+0000] {dag.py:2726} INFO - Sync 1 DAGs
[2024-06-24T15:26:16.889+0000] {logging_mixin.py:149} INFO - [2024-06-24T15:26:16.888+0000] {dag.py:3490} INFO - Setting next_dagrun for example_task_group to 2024-06-23T15:26:16.888825+00:00, run_after=2024-06-24T15:26:16.888825+00:00
[2024-06-24T15:26:16.896+0000] {processor.py:178} INFO - Processing /home/airflow/.local/lib/python3.7/site-packages/airflow/example_dags/example_task_group.py took 0.034 seconds
[2024-06-24T15:26:47.578+0000] {processor.py:156} INFO - Started process (PID=2636) to work on /home/airflow/.local/lib/python3.7/site-packages/airflow/example_dags/example_task_group.py
[2024-06-24T15:26:47.579+0000] {processor.py:799} INFO - Processing file /home/airflow/.local/lib/python3.7/site-packages/airflow/example_dags/example_task_group.py for tasks to queue
[2024-06-24T15:26:47.579+0000] {logging_mixin.py:149} INFO - [2024-06-24T15:26:47.579+0000] {dagbag.py:541} INFO - Filling up the DagBag from /home/airflow/.local/lib/python3.7/site-packages/airflow/example_dags/example_task_group.py
[2024-06-24T15:26:47.582+0000] {processor.py:809} INFO - DAG(s) dict_keys(['example_task_group']) retrieved from /home/airflow/.local/lib/python3.7/site-packages/airflow/example_dags/example_task_group.py
[2024-06-24T15:26:47.594+0000] {logging_mixin.py:149} INFO - [2024-06-24T15:26:47.594+0000] {dag.py:2726} INFO - Sync 1 DAGs
[2024-06-24T15:26:47.606+0000] {logging_mixin.py:149} INFO - [2024-06-24T15:26:47.606+0000] {dag.py:3490} INFO - Setting next_dagrun for example_task_group to 2024-06-23T15:26:47.606021+00:00, run_after=2024-06-24T15:26:47.606021+00:00
[2024-06-24T15:26:47.618+0000] {processor.py:178} INFO - Processing /home/airflow/.local/lib/python3.7/site-packages/airflow/example_dags/example_task_group.py took 0.041 seconds
[2024-06-24T15:27:18.470+0000] {processor.py:156} INFO - Started process (PID=2705) to work on /home/airflow/.local/lib/python3.7/site-packages/airflow/example_dags/example_task_group.py
[2024-06-24T15:27:18.471+0000] {processor.py:799} INFO - Processing file /home/airflow/.local/lib/python3.7/site-packages/airflow/example_dags/example_task_group.py for tasks to queue
[2024-06-24T15:27:18.471+0000] {logging_mixin.py:149} INFO - [2024-06-24T15:27:18.471+0000] {dagbag.py:541} INFO - Filling up the DagBag from /home/airflow/.local/lib/python3.7/site-packages/airflow/example_dags/example_task_group.py
[2024-06-24T15:27:18.475+0000] {processor.py:809} INFO - DAG(s) dict_keys(['example_task_group']) retrieved from /home/airflow/.local/lib/python3.7/site-packages/airflow/example_dags/example_task_group.py
[2024-06-24T15:27:18.488+0000] {logging_mixin.py:149} INFO - [2024-06-24T15:27:18.488+0000] {dag.py:2726} INFO - Sync 1 DAGs
[2024-06-24T15:27:18.500+0000] {logging_mixin.py:149} INFO - [2024-06-24T15:27:18.500+0000] {dag.py:3490} INFO - Setting next_dagrun for example_task_group to 2024-06-23T15:27:18.500395+00:00, run_after=2024-06-24T15:27:18.500395+00:00
[2024-06-24T15:27:18.509+0000] {processor.py:178} INFO - Processing /home/airflow/.local/lib/python3.7/site-packages/airflow/example_dags/example_task_group.py took 0.041 seconds
[2024-06-24T15:27:49.289+0000] {processor.py:156} INFO - Started process (PID=2774) to work on /home/airflow/.local/lib/python3.7/site-packages/airflow/example_dags/example_task_group.py
[2024-06-24T15:27:49.289+0000] {processor.py:799} INFO - Processing file /home/airflow/.local/lib/python3.7/site-packages/airflow/example_dags/example_task_group.py for tasks to queue
[2024-06-24T15:27:49.289+0000] {logging_mixin.py:149} INFO - [2024-06-24T15:27:49.289+0000] {dagbag.py:541} INFO - Filling up the DagBag from /home/airflow/.local/lib/python3.7/site-packages/airflow/example_dags/example_task_group.py
[2024-06-24T15:27:49.293+0000] {processor.py:809} INFO - DAG(s) dict_keys(['example_task_group']) retrieved from /home/airflow/.local/lib/python3.7/site-packages/airflow/example_dags/example_task_group.py
[2024-06-24T15:27:49.304+0000] {logging_mixin.py:149} INFO - [2024-06-24T15:27:49.303+0000] {dag.py:2726} INFO - Sync 1 DAGs
[2024-06-24T15:27:49.317+0000] {logging_mixin.py:149} INFO - [2024-06-24T15:27:49.317+0000] {dag.py:3490} INFO - Setting next_dagrun for example_task_group to 2024-06-23T15:27:49.317496+00:00, run_after=2024-06-24T15:27:49.317496+00:00
[2024-06-24T15:27:49.326+0000] {processor.py:178} INFO - Processing /home/airflow/.local/lib/python3.7/site-packages/airflow/example_dags/example_task_group.py took 0.039 seconds
[2024-06-24T15:28:20.191+0000] {processor.py:156} INFO - Started process (PID=2843) to work on /home/airflow/.local/lib/python3.7/site-packages/airflow/example_dags/example_task_group.py
[2024-06-24T15:28:20.191+0000] {processor.py:799} INFO - Processing file /home/airflow/.local/lib/python3.7/site-packages/airflow/example_dags/example_task_group.py for tasks to queue
[2024-06-24T15:28:20.192+0000] {logging_mixin.py:149} INFO - [2024-06-24T15:28:20.192+0000] {dagbag.py:541} INFO - Filling up the DagBag from /home/airflow/.local/lib/python3.7/site-packages/airflow/example_dags/example_task_group.py
[2024-06-24T15:28:20.195+0000] {processor.py:809} INFO - DAG(s) dict_keys(['example_task_group']) retrieved from /home/airflow/.local/lib/python3.7/site-packages/airflow/example_dags/example_task_group.py
[2024-06-24T15:28:20.205+0000] {logging_mixin.py:149} INFO - [2024-06-24T15:28:20.205+0000] {dag.py:2726} INFO - Sync 1 DAGs
[2024-06-24T15:28:20.216+0000] {logging_mixin.py:149} INFO - [2024-06-24T15:28:20.216+0000] {dag.py:3490} INFO - Setting next_dagrun for example_task_group to 2024-06-23T15:28:20.216323+00:00, run_after=2024-06-24T15:28:20.216323+00:00
[2024-06-24T15:28:20.223+0000] {processor.py:178} INFO - Processing /home/airflow/.local/lib/python3.7/site-packages/airflow/example_dags/example_task_group.py took 0.033 seconds
[2024-06-24T15:28:51.081+0000] {processor.py:156} INFO - Started process (PID=2912) to work on /home/airflow/.local/lib/python3.7/site-packages/airflow/example_dags/example_task_group.py
[2024-06-24T15:28:51.081+0000] {processor.py:799} INFO - Processing file /home/airflow/.local/lib/python3.7/site-packages/airflow/example_dags/example_task_group.py for tasks to queue
[2024-06-24T15:28:51.081+0000] {logging_mixin.py:149} INFO - [2024-06-24T15:28:51.081+0000] {dagbag.py:541} INFO - Filling up the DagBag from /home/airflow/.local/lib/python3.7/site-packages/airflow/example_dags/example_task_group.py
[2024-06-24T15:28:51.085+0000] {processor.py:809} INFO - DAG(s) dict_keys(['example_task_group']) retrieved from /home/airflow/.local/lib/python3.7/site-packages/airflow/example_dags/example_task_group.py
[2024-06-24T15:28:51.096+0000] {logging_mixin.py:149} INFO - [2024-06-24T15:28:51.096+0000] {dag.py:2726} INFO - Sync 1 DAGs
[2024-06-24T15:28:51.107+0000] {logging_mixin.py:149} INFO - [2024-06-24T15:28:51.107+0000] {dag.py:3490} INFO - Setting next_dagrun for example_task_group to 2024-06-23T15:28:51.107354+00:00, run_after=2024-06-24T15:28:51.107354+00:00
[2024-06-24T15:28:51.115+0000] {processor.py:178} INFO - Processing /home/airflow/.local/lib/python3.7/site-packages/airflow/example_dags/example_task_group.py took 0.036 seconds
[2024-06-24T15:29:21.718+0000] {processor.py:156} INFO - Started process (PID=2980) to work on /home/airflow/.local/lib/python3.7/site-packages/airflow/example_dags/example_task_group.py
[2024-06-24T15:29:21.719+0000] {processor.py:799} INFO - Processing file /home/airflow/.local/lib/python3.7/site-packages/airflow/example_dags/example_task_group.py for tasks to queue
[2024-06-24T15:29:21.719+0000] {logging_mixin.py:149} INFO - [2024-06-24T15:29:21.719+0000] {dagbag.py:541} INFO - Filling up the DagBag from /home/airflow/.local/lib/python3.7/site-packages/airflow/example_dags/example_task_group.py
[2024-06-24T15:29:21.723+0000] {processor.py:809} INFO - DAG(s) dict_keys(['example_task_group']) retrieved from /home/airflow/.local/lib/python3.7/site-packages/airflow/example_dags/example_task_group.py
[2024-06-24T15:29:21.733+0000] {logging_mixin.py:149} INFO - [2024-06-24T15:29:21.733+0000] {dag.py:2726} INFO - Sync 1 DAGs
[2024-06-24T15:29:21.744+0000] {logging_mixin.py:149} INFO - [2024-06-24T15:29:21.744+0000] {dag.py:3490} INFO - Setting next_dagrun for example_task_group to 2024-06-23T15:29:21.743907+00:00, run_after=2024-06-24T15:29:21.743907+00:00
[2024-06-24T15:29:21.751+0000] {processor.py:178} INFO - Processing /home/airflow/.local/lib/python3.7/site-packages/airflow/example_dags/example_task_group.py took 0.034 seconds
[2024-06-24T15:29:52.426+0000] {processor.py:156} INFO - Started process (PID=3049) to work on /home/airflow/.local/lib/python3.7/site-packages/airflow/example_dags/example_task_group.py
[2024-06-24T15:29:52.427+0000] {processor.py:799} INFO - Processing file /home/airflow/.local/lib/python3.7/site-packages/airflow/example_dags/example_task_group.py for tasks to queue
[2024-06-24T15:29:52.427+0000] {logging_mixin.py:149} INFO - [2024-06-24T15:29:52.427+0000] {dagbag.py:541} INFO - Filling up the DagBag from /home/airflow/.local/lib/python3.7/site-packages/airflow/example_dags/example_task_group.py
[2024-06-24T15:29:52.430+0000] {processor.py:809} INFO - DAG(s) dict_keys(['example_task_group']) retrieved from /home/airflow/.local/lib/python3.7/site-packages/airflow/example_dags/example_task_group.py
[2024-06-24T15:29:52.441+0000] {logging_mixin.py:149} INFO - [2024-06-24T15:29:52.441+0000] {dag.py:2726} INFO - Sync 1 DAGs
[2024-06-24T15:29:52.452+0000] {logging_mixin.py:149} INFO - [2024-06-24T15:29:52.452+0000] {dag.py:3490} INFO - Setting next_dagrun for example_task_group to 2024-06-23T15:29:52.452165+00:00, run_after=2024-06-24T15:29:52.452165+00:00
[2024-06-24T15:29:52.459+0000] {processor.py:178} INFO - Processing /home/airflow/.local/lib/python3.7/site-packages/airflow/example_dags/example_task_group.py took 0.034 seconds
[2024-06-24T15:30:23.077+0000] {processor.py:156} INFO - Started process (PID=3117) to work on /home/airflow/.local/lib/python3.7/site-packages/airflow/example_dags/example_task_group.py
[2024-06-24T15:30:23.077+0000] {processor.py:799} INFO - Processing file /home/airflow/.local/lib/python3.7/site-packages/airflow/example_dags/example_task_group.py for tasks to queue
[2024-06-24T15:30:23.077+0000] {logging_mixin.py:149} INFO - [2024-06-24T15:30:23.077+0000] {dagbag.py:541} INFO - Filling up the DagBag from /home/airflow/.local/lib/python3.7/site-packages/airflow/example_dags/example_task_group.py
[2024-06-24T15:30:23.081+0000] {processor.py:809} INFO - DAG(s) dict_keys(['example_task_group']) retrieved from /home/airflow/.local/lib/python3.7/site-packages/airflow/example_dags/example_task_group.py
[2024-06-24T15:30:23.092+0000] {logging_mixin.py:149} INFO - [2024-06-24T15:30:23.092+0000] {dag.py:2726} INFO - Sync 1 DAGs
[2024-06-24T15:30:23.103+0000] {logging_mixin.py:149} INFO - [2024-06-24T15:30:23.102+0000] {dag.py:3490} INFO - Setting next_dagrun for example_task_group to 2024-06-23T15:30:23.102840+00:00, run_after=2024-06-24T15:30:23.102840+00:00
[2024-06-24T15:30:23.110+0000] {processor.py:178} INFO - Processing /home/airflow/.local/lib/python3.7/site-packages/airflow/example_dags/example_task_group.py took 0.035 seconds
