[2024-06-24T15:03:49.062+0000] {processor.py:156} INFO - Started process (PID=48) to work on /home/airflow/.local/lib/python3.7/site-packages/airflow/example_dags/example_nested_branch_dag.py
[2024-06-24T15:03:49.062+0000] {processor.py:799} INFO - Processing file /home/airflow/.local/lib/python3.7/site-packages/airflow/example_dags/example_nested_branch_dag.py for tasks to queue
[2024-06-24T15:03:49.063+0000] {logging_mixin.py:149} INFO - [2024-06-24T15:03:49.063+0000] {dagbag.py:541} INFO - Filling up the DagBag from /home/airflow/.local/lib/python3.7/site-packages/airflow/example_dags/example_nested_branch_dag.py
[2024-06-24T15:03:49.069+0000] {processor.py:809} INFO - DAG(s) dict_keys(['example_nested_branch_dag']) retrieved from /home/airflow/.local/lib/python3.7/site-packages/airflow/example_dags/example_nested_branch_dag.py
[2024-06-24T15:03:49.131+0000] {logging_mixin.py:149} INFO - [2024-06-24T15:03:49.130+0000] {manager.py:504} INFO - Created Permission View: can delete on DAG:example_nested_branch_dag
[2024-06-24T15:03:49.135+0000] {logging_mixin.py:149} INFO - [2024-06-24T15:03:49.135+0000] {manager.py:504} INFO - Created Permission View: can edit on DAG:example_nested_branch_dag
[2024-06-24T15:03:49.138+0000] {logging_mixin.py:149} INFO - [2024-06-24T15:03:49.138+0000] {manager.py:504} INFO - Created Permission View: can read on DAG:example_nested_branch_dag
[2024-06-24T15:03:49.139+0000] {logging_mixin.py:149} INFO - [2024-06-24T15:03:49.139+0000] {dag.py:2726} INFO - Sync 1 DAGs
[2024-06-24T15:03:49.145+0000] {logging_mixin.py:149} INFO - [2024-06-24T15:03:49.145+0000] {dag.py:2747} INFO - Creating ORM DAG for example_nested_branch_dag
[2024-06-24T15:03:49.151+0000] {logging_mixin.py:149} INFO - [2024-06-24T15:03:49.151+0000] {dag.py:3490} INFO - Setting next_dagrun for example_nested_branch_dag to 2024-06-23T00:00:00+00:00, run_after=2024-06-24T00:00:00+00:00
[2024-06-24T15:03:49.159+0000] {processor.py:178} INFO - Processing /home/airflow/.local/lib/python3.7/site-packages/airflow/example_dags/example_nested_branch_dag.py took 0.099 seconds
[2024-06-24T15:04:19.495+0000] {processor.py:156} INFO - Started process (PID=109) to work on /home/airflow/.local/lib/python3.7/site-packages/airflow/example_dags/example_nested_branch_dag.py
[2024-06-24T15:04:19.496+0000] {processor.py:799} INFO - Processing file /home/airflow/.local/lib/python3.7/site-packages/airflow/example_dags/example_nested_branch_dag.py for tasks to queue
[2024-06-24T15:04:19.496+0000] {logging_mixin.py:149} INFO - [2024-06-24T15:04:19.496+0000] {dagbag.py:541} INFO - Filling up the DagBag from /home/airflow/.local/lib/python3.7/site-packages/airflow/example_dags/example_nested_branch_dag.py
[2024-06-24T15:04:19.500+0000] {processor.py:809} INFO - DAG(s) dict_keys(['example_nested_branch_dag']) retrieved from /home/airflow/.local/lib/python3.7/site-packages/airflow/example_dags/example_nested_branch_dag.py
[2024-06-24T15:04:19.511+0000] {logging_mixin.py:149} INFO - [2024-06-24T15:04:19.510+0000] {dag.py:2726} INFO - Sync 1 DAGs
[2024-06-24T15:04:19.523+0000] {logging_mixin.py:149} INFO - [2024-06-24T15:04:19.522+0000] {dag.py:3490} INFO - Setting next_dagrun for example_nested_branch_dag to 2024-06-23T00:00:00+00:00, run_after=2024-06-24T00:00:00+00:00
[2024-06-24T15:04:19.530+0000] {processor.py:178} INFO - Processing /home/airflow/.local/lib/python3.7/site-packages/airflow/example_dags/example_nested_branch_dag.py took 0.036 seconds
[2024-06-24T15:04:50.353+0000] {processor.py:156} INFO - Started process (PID=186) to work on /home/airflow/.local/lib/python3.7/site-packages/airflow/example_dags/example_nested_branch_dag.py
[2024-06-24T15:04:50.354+0000] {processor.py:799} INFO - Processing file /home/airflow/.local/lib/python3.7/site-packages/airflow/example_dags/example_nested_branch_dag.py for tasks to queue
[2024-06-24T15:04:50.354+0000] {logging_mixin.py:149} INFO - [2024-06-24T15:04:50.354+0000] {dagbag.py:541} INFO - Filling up the DagBag from /home/airflow/.local/lib/python3.7/site-packages/airflow/example_dags/example_nested_branch_dag.py
[2024-06-24T15:04:50.358+0000] {processor.py:809} INFO - DAG(s) dict_keys(['example_nested_branch_dag']) retrieved from /home/airflow/.local/lib/python3.7/site-packages/airflow/example_dags/example_nested_branch_dag.py
[2024-06-24T15:04:50.368+0000] {logging_mixin.py:149} INFO - [2024-06-24T15:04:50.368+0000] {dag.py:2726} INFO - Sync 1 DAGs
[2024-06-24T15:04:50.379+0000] {logging_mixin.py:149} INFO - [2024-06-24T15:04:50.379+0000] {dag.py:3490} INFO - Setting next_dagrun for example_nested_branch_dag to 2024-06-23T00:00:00+00:00, run_after=2024-06-24T00:00:00+00:00
[2024-06-24T15:04:50.386+0000] {processor.py:178} INFO - Processing /home/airflow/.local/lib/python3.7/site-packages/airflow/example_dags/example_nested_branch_dag.py took 0.033 seconds
[2024-06-24T15:05:20.908+0000] {processor.py:156} INFO - Started process (PID=255) to work on /home/airflow/.local/lib/python3.7/site-packages/airflow/example_dags/example_nested_branch_dag.py
[2024-06-24T15:05:20.908+0000] {processor.py:799} INFO - Processing file /home/airflow/.local/lib/python3.7/site-packages/airflow/example_dags/example_nested_branch_dag.py for tasks to queue
[2024-06-24T15:05:20.908+0000] {logging_mixin.py:149} INFO - [2024-06-24T15:05:20.908+0000] {dagbag.py:541} INFO - Filling up the DagBag from /home/airflow/.local/lib/python3.7/site-packages/airflow/example_dags/example_nested_branch_dag.py
[2024-06-24T15:05:20.912+0000] {processor.py:809} INFO - DAG(s) dict_keys(['example_nested_branch_dag']) retrieved from /home/airflow/.local/lib/python3.7/site-packages/airflow/example_dags/example_nested_branch_dag.py
[2024-06-24T15:05:20.923+0000] {logging_mixin.py:149} INFO - [2024-06-24T15:05:20.923+0000] {dag.py:2726} INFO - Sync 1 DAGs
[2024-06-24T15:05:20.934+0000] {logging_mixin.py:149} INFO - [2024-06-24T15:05:20.934+0000] {dag.py:3490} INFO - Setting next_dagrun for example_nested_branch_dag to 2024-06-23T00:00:00+00:00, run_after=2024-06-24T00:00:00+00:00
[2024-06-24T15:05:20.941+0000] {processor.py:178} INFO - Processing /home/airflow/.local/lib/python3.7/site-packages/airflow/example_dags/example_nested_branch_dag.py took 0.034 seconds
[2024-06-24T15:05:51.539+0000] {processor.py:156} INFO - Started process (PID=324) to work on /home/airflow/.local/lib/python3.7/site-packages/airflow/example_dags/example_nested_branch_dag.py
[2024-06-24T15:05:51.539+0000] {processor.py:799} INFO - Processing file /home/airflow/.local/lib/python3.7/site-packages/airflow/example_dags/example_nested_branch_dag.py for tasks to queue
[2024-06-24T15:05:51.540+0000] {logging_mixin.py:149} INFO - [2024-06-24T15:05:51.540+0000] {dagbag.py:541} INFO - Filling up the DagBag from /home/airflow/.local/lib/python3.7/site-packages/airflow/example_dags/example_nested_branch_dag.py
[2024-06-24T15:05:51.543+0000] {processor.py:809} INFO - DAG(s) dict_keys(['example_nested_branch_dag']) retrieved from /home/airflow/.local/lib/python3.7/site-packages/airflow/example_dags/example_nested_branch_dag.py
[2024-06-24T15:05:51.554+0000] {logging_mixin.py:149} INFO - [2024-06-24T15:05:51.554+0000] {dag.py:2726} INFO - Sync 1 DAGs
[2024-06-24T15:05:51.564+0000] {logging_mixin.py:149} INFO - [2024-06-24T15:05:51.564+0000] {dag.py:3490} INFO - Setting next_dagrun for example_nested_branch_dag to 2024-06-23T00:00:00+00:00, run_after=2024-06-24T00:00:00+00:00
[2024-06-24T15:05:51.572+0000] {processor.py:178} INFO - Processing /home/airflow/.local/lib/python3.7/site-packages/airflow/example_dags/example_nested_branch_dag.py took 0.034 seconds
[2024-06-24T15:06:22.097+0000] {processor.py:156} INFO - Started process (PID=392) to work on /home/airflow/.local/lib/python3.7/site-packages/airflow/example_dags/example_nested_branch_dag.py
[2024-06-24T15:06:22.097+0000] {processor.py:799} INFO - Processing file /home/airflow/.local/lib/python3.7/site-packages/airflow/example_dags/example_nested_branch_dag.py for tasks to queue
[2024-06-24T15:06:22.098+0000] {logging_mixin.py:149} INFO - [2024-06-24T15:06:22.097+0000] {dagbag.py:541} INFO - Filling up the DagBag from /home/airflow/.local/lib/python3.7/site-packages/airflow/example_dags/example_nested_branch_dag.py
[2024-06-24T15:06:22.101+0000] {processor.py:809} INFO - DAG(s) dict_keys(['example_nested_branch_dag']) retrieved from /home/airflow/.local/lib/python3.7/site-packages/airflow/example_dags/example_nested_branch_dag.py
[2024-06-24T15:06:22.112+0000] {logging_mixin.py:149} INFO - [2024-06-24T15:06:22.112+0000] {dag.py:2726} INFO - Sync 1 DAGs
[2024-06-24T15:06:22.123+0000] {logging_mixin.py:149} INFO - [2024-06-24T15:06:22.123+0000] {dag.py:3490} INFO - Setting next_dagrun for example_nested_branch_dag to 2024-06-23T00:00:00+00:00, run_after=2024-06-24T00:00:00+00:00
[2024-06-24T15:06:22.130+0000] {processor.py:178} INFO - Processing /home/airflow/.local/lib/python3.7/site-packages/airflow/example_dags/example_nested_branch_dag.py took 0.034 seconds
[2024-06-24T15:06:52.771+0000] {processor.py:156} INFO - Started process (PID=461) to work on /home/airflow/.local/lib/python3.7/site-packages/airflow/example_dags/example_nested_branch_dag.py
[2024-06-24T15:06:52.771+0000] {processor.py:799} INFO - Processing file /home/airflow/.local/lib/python3.7/site-packages/airflow/example_dags/example_nested_branch_dag.py for tasks to queue
[2024-06-24T15:06:52.771+0000] {logging_mixin.py:149} INFO - [2024-06-24T15:06:52.771+0000] {dagbag.py:541} INFO - Filling up the DagBag from /home/airflow/.local/lib/python3.7/site-packages/airflow/example_dags/example_nested_branch_dag.py
[2024-06-24T15:06:52.775+0000] {processor.py:809} INFO - DAG(s) dict_keys(['example_nested_branch_dag']) retrieved from /home/airflow/.local/lib/python3.7/site-packages/airflow/example_dags/example_nested_branch_dag.py
[2024-06-24T15:06:52.786+0000] {logging_mixin.py:149} INFO - [2024-06-24T15:06:52.786+0000] {dag.py:2726} INFO - Sync 1 DAGs
[2024-06-24T15:06:52.797+0000] {logging_mixin.py:149} INFO - [2024-06-24T15:06:52.797+0000] {dag.py:3490} INFO - Setting next_dagrun for example_nested_branch_dag to 2024-06-23T00:00:00+00:00, run_after=2024-06-24T00:00:00+00:00
[2024-06-24T15:06:52.805+0000] {processor.py:178} INFO - Processing /home/airflow/.local/lib/python3.7/site-packages/airflow/example_dags/example_nested_branch_dag.py took 0.035 seconds
[2024-06-24T15:07:53.056+0000] {processor.py:156} INFO - Started process (PID=48) to work on /home/airflow/.local/lib/python3.7/site-packages/airflow/example_dags/example_nested_branch_dag.py
[2024-06-24T15:07:53.059+0000] {processor.py:799} INFO - Processing file /home/airflow/.local/lib/python3.7/site-packages/airflow/example_dags/example_nested_branch_dag.py for tasks to queue
[2024-06-24T15:07:53.060+0000] {logging_mixin.py:149} INFO - [2024-06-24T15:07:53.060+0000] {dagbag.py:541} INFO - Filling up the DagBag from /home/airflow/.local/lib/python3.7/site-packages/airflow/example_dags/example_nested_branch_dag.py
[2024-06-24T15:07:53.065+0000] {processor.py:809} INFO - DAG(s) dict_keys(['example_nested_branch_dag']) retrieved from /home/airflow/.local/lib/python3.7/site-packages/airflow/example_dags/example_nested_branch_dag.py
[2024-06-24T15:07:53.074+0000] {logging_mixin.py:149} INFO - [2024-06-24T15:07:53.074+0000] {dag.py:2726} INFO - Sync 1 DAGs
[2024-06-24T15:07:53.098+0000] {logging_mixin.py:149} INFO - [2024-06-24T15:07:53.098+0000] {dag.py:3490} INFO - Setting next_dagrun for example_nested_branch_dag to 2024-06-23T00:00:00+00:00, run_after=2024-06-24T00:00:00+00:00
[2024-06-24T15:07:53.107+0000] {processor.py:178} INFO - Processing /home/airflow/.local/lib/python3.7/site-packages/airflow/example_dags/example_nested_branch_dag.py took 0.052 seconds
[2024-06-24T15:08:23.532+0000] {processor.py:156} INFO - Started process (PID=113) to work on /home/airflow/.local/lib/python3.7/site-packages/airflow/example_dags/example_nested_branch_dag.py
[2024-06-24T15:08:23.532+0000] {processor.py:799} INFO - Processing file /home/airflow/.local/lib/python3.7/site-packages/airflow/example_dags/example_nested_branch_dag.py for tasks to queue
[2024-06-24T15:08:23.533+0000] {logging_mixin.py:149} INFO - [2024-06-24T15:08:23.533+0000] {dagbag.py:541} INFO - Filling up the DagBag from /home/airflow/.local/lib/python3.7/site-packages/airflow/example_dags/example_nested_branch_dag.py
[2024-06-24T15:08:23.537+0000] {processor.py:809} INFO - DAG(s) dict_keys(['example_nested_branch_dag']) retrieved from /home/airflow/.local/lib/python3.7/site-packages/airflow/example_dags/example_nested_branch_dag.py
[2024-06-24T15:08:23.548+0000] {logging_mixin.py:149} INFO - [2024-06-24T15:08:23.548+0000] {dag.py:2726} INFO - Sync 1 DAGs
[2024-06-24T15:08:23.560+0000] {logging_mixin.py:149} INFO - [2024-06-24T15:08:23.560+0000] {dag.py:3490} INFO - Setting next_dagrun for example_nested_branch_dag to 2024-06-23T00:00:00+00:00, run_after=2024-06-24T00:00:00+00:00
[2024-06-24T15:08:23.567+0000] {processor.py:178} INFO - Processing /home/airflow/.local/lib/python3.7/site-packages/airflow/example_dags/example_nested_branch_dag.py took 0.037 seconds
[2024-06-24T15:08:54.274+0000] {processor.py:156} INFO - Started process (PID=191) to work on /home/airflow/.local/lib/python3.7/site-packages/airflow/example_dags/example_nested_branch_dag.py
[2024-06-24T15:08:54.274+0000] {processor.py:799} INFO - Processing file /home/airflow/.local/lib/python3.7/site-packages/airflow/example_dags/example_nested_branch_dag.py for tasks to queue
[2024-06-24T15:08:54.274+0000] {logging_mixin.py:149} INFO - [2024-06-24T15:08:54.274+0000] {dagbag.py:541} INFO - Filling up the DagBag from /home/airflow/.local/lib/python3.7/site-packages/airflow/example_dags/example_nested_branch_dag.py
[2024-06-24T15:08:54.278+0000] {processor.py:809} INFO - DAG(s) dict_keys(['example_nested_branch_dag']) retrieved from /home/airflow/.local/lib/python3.7/site-packages/airflow/example_dags/example_nested_branch_dag.py
[2024-06-24T15:08:54.289+0000] {logging_mixin.py:149} INFO - [2024-06-24T15:08:54.289+0000] {dag.py:2726} INFO - Sync 1 DAGs
[2024-06-24T15:08:54.299+0000] {logging_mixin.py:149} INFO - [2024-06-24T15:08:54.299+0000] {dag.py:3490} INFO - Setting next_dagrun for example_nested_branch_dag to 2024-06-23T00:00:00+00:00, run_after=2024-06-24T00:00:00+00:00
[2024-06-24T15:08:54.307+0000] {processor.py:178} INFO - Processing /home/airflow/.local/lib/python3.7/site-packages/airflow/example_dags/example_nested_branch_dag.py took 0.034 seconds
[2024-06-24T15:09:25.066+0000] {processor.py:156} INFO - Started process (PID=260) to work on /home/airflow/.local/lib/python3.7/site-packages/airflow/example_dags/example_nested_branch_dag.py
[2024-06-24T15:09:25.066+0000] {processor.py:799} INFO - Processing file /home/airflow/.local/lib/python3.7/site-packages/airflow/example_dags/example_nested_branch_dag.py for tasks to queue
[2024-06-24T15:09:25.066+0000] {logging_mixin.py:149} INFO - [2024-06-24T15:09:25.066+0000] {dagbag.py:541} INFO - Filling up the DagBag from /home/airflow/.local/lib/python3.7/site-packages/airflow/example_dags/example_nested_branch_dag.py
[2024-06-24T15:09:25.071+0000] {processor.py:809} INFO - DAG(s) dict_keys(['example_nested_branch_dag']) retrieved from /home/airflow/.local/lib/python3.7/site-packages/airflow/example_dags/example_nested_branch_dag.py
[2024-06-24T15:09:25.082+0000] {logging_mixin.py:149} INFO - [2024-06-24T15:09:25.082+0000] {dag.py:2726} INFO - Sync 1 DAGs
[2024-06-24T15:09:25.092+0000] {logging_mixin.py:149} INFO - [2024-06-24T15:09:25.092+0000] {dag.py:3490} INFO - Setting next_dagrun for example_nested_branch_dag to 2024-06-23T00:00:00+00:00, run_after=2024-06-24T00:00:00+00:00
[2024-06-24T15:09:25.100+0000] {processor.py:178} INFO - Processing /home/airflow/.local/lib/python3.7/site-packages/airflow/example_dags/example_nested_branch_dag.py took 0.035 seconds
[2024-06-24T15:09:55.665+0000] {processor.py:156} INFO - Started process (PID=329) to work on /home/airflow/.local/lib/python3.7/site-packages/airflow/example_dags/example_nested_branch_dag.py
[2024-06-24T15:09:55.665+0000] {processor.py:799} INFO - Processing file /home/airflow/.local/lib/python3.7/site-packages/airflow/example_dags/example_nested_branch_dag.py for tasks to queue
[2024-06-24T15:09:55.666+0000] {logging_mixin.py:149} INFO - [2024-06-24T15:09:55.665+0000] {dagbag.py:541} INFO - Filling up the DagBag from /home/airflow/.local/lib/python3.7/site-packages/airflow/example_dags/example_nested_branch_dag.py
[2024-06-24T15:09:55.669+0000] {processor.py:809} INFO - DAG(s) dict_keys(['example_nested_branch_dag']) retrieved from /home/airflow/.local/lib/python3.7/site-packages/airflow/example_dags/example_nested_branch_dag.py
[2024-06-24T15:09:55.680+0000] {logging_mixin.py:149} INFO - [2024-06-24T15:09:55.680+0000] {dag.py:2726} INFO - Sync 1 DAGs
[2024-06-24T15:09:55.691+0000] {logging_mixin.py:149} INFO - [2024-06-24T15:09:55.691+0000] {dag.py:3490} INFO - Setting next_dagrun for example_nested_branch_dag to 2024-06-23T00:00:00+00:00, run_after=2024-06-24T00:00:00+00:00
[2024-06-24T15:09:55.698+0000] {processor.py:178} INFO - Processing /home/airflow/.local/lib/python3.7/site-packages/airflow/example_dags/example_nested_branch_dag.py took 0.035 seconds
[2024-06-24T15:10:26.313+0000] {processor.py:156} INFO - Started process (PID=398) to work on /home/airflow/.local/lib/python3.7/site-packages/airflow/example_dags/example_nested_branch_dag.py
[2024-06-24T15:10:26.313+0000] {processor.py:799} INFO - Processing file /home/airflow/.local/lib/python3.7/site-packages/airflow/example_dags/example_nested_branch_dag.py for tasks to queue
[2024-06-24T15:10:26.314+0000] {logging_mixin.py:149} INFO - [2024-06-24T15:10:26.314+0000] {dagbag.py:541} INFO - Filling up the DagBag from /home/airflow/.local/lib/python3.7/site-packages/airflow/example_dags/example_nested_branch_dag.py
[2024-06-24T15:10:26.318+0000] {processor.py:809} INFO - DAG(s) dict_keys(['example_nested_branch_dag']) retrieved from /home/airflow/.local/lib/python3.7/site-packages/airflow/example_dags/example_nested_branch_dag.py
[2024-06-24T15:10:26.328+0000] {logging_mixin.py:149} INFO - [2024-06-24T15:10:26.328+0000] {dag.py:2726} INFO - Sync 1 DAGs
[2024-06-24T15:10:26.340+0000] {logging_mixin.py:149} INFO - [2024-06-24T15:10:26.340+0000] {dag.py:3490} INFO - Setting next_dagrun for example_nested_branch_dag to 2024-06-23T00:00:00+00:00, run_after=2024-06-24T00:00:00+00:00
[2024-06-24T15:10:26.347+0000] {processor.py:178} INFO - Processing /home/airflow/.local/lib/python3.7/site-packages/airflow/example_dags/example_nested_branch_dag.py took 0.035 seconds
[2024-06-24T15:10:57.074+0000] {processor.py:156} INFO - Started process (PID=467) to work on /home/airflow/.local/lib/python3.7/site-packages/airflow/example_dags/example_nested_branch_dag.py
[2024-06-24T15:10:57.074+0000] {processor.py:799} INFO - Processing file /home/airflow/.local/lib/python3.7/site-packages/airflow/example_dags/example_nested_branch_dag.py for tasks to queue
[2024-06-24T15:10:57.074+0000] {logging_mixin.py:149} INFO - [2024-06-24T15:10:57.074+0000] {dagbag.py:541} INFO - Filling up the DagBag from /home/airflow/.local/lib/python3.7/site-packages/airflow/example_dags/example_nested_branch_dag.py
[2024-06-24T15:10:57.078+0000] {processor.py:809} INFO - DAG(s) dict_keys(['example_nested_branch_dag']) retrieved from /home/airflow/.local/lib/python3.7/site-packages/airflow/example_dags/example_nested_branch_dag.py
[2024-06-24T15:10:57.089+0000] {logging_mixin.py:149} INFO - [2024-06-24T15:10:57.089+0000] {dag.py:2726} INFO - Sync 1 DAGs
[2024-06-24T15:10:57.099+0000] {logging_mixin.py:149} INFO - [2024-06-24T15:10:57.099+0000] {dag.py:3490} INFO - Setting next_dagrun for example_nested_branch_dag to 2024-06-23T00:00:00+00:00, run_after=2024-06-24T00:00:00+00:00
[2024-06-24T15:10:57.107+0000] {processor.py:178} INFO - Processing /home/airflow/.local/lib/python3.7/site-packages/airflow/example_dags/example_nested_branch_dag.py took 0.034 seconds
[2024-06-24T15:11:27.785+0000] {processor.py:156} INFO - Started process (PID=536) to work on /home/airflow/.local/lib/python3.7/site-packages/airflow/example_dags/example_nested_branch_dag.py
[2024-06-24T15:11:27.786+0000] {processor.py:799} INFO - Processing file /home/airflow/.local/lib/python3.7/site-packages/airflow/example_dags/example_nested_branch_dag.py for tasks to queue
[2024-06-24T15:11:27.786+0000] {logging_mixin.py:149} INFO - [2024-06-24T15:11:27.786+0000] {dagbag.py:541} INFO - Filling up the DagBag from /home/airflow/.local/lib/python3.7/site-packages/airflow/example_dags/example_nested_branch_dag.py
[2024-06-24T15:11:27.790+0000] {processor.py:809} INFO - DAG(s) dict_keys(['example_nested_branch_dag']) retrieved from /home/airflow/.local/lib/python3.7/site-packages/airflow/example_dags/example_nested_branch_dag.py
[2024-06-24T15:11:27.802+0000] {logging_mixin.py:149} INFO - [2024-06-24T15:11:27.802+0000] {dag.py:2726} INFO - Sync 1 DAGs
[2024-06-24T15:11:27.812+0000] {logging_mixin.py:149} INFO - [2024-06-24T15:11:27.812+0000] {dag.py:3490} INFO - Setting next_dagrun for example_nested_branch_dag to 2024-06-23T00:00:00+00:00, run_after=2024-06-24T00:00:00+00:00
[2024-06-24T15:11:27.819+0000] {processor.py:178} INFO - Processing /home/airflow/.local/lib/python3.7/site-packages/airflow/example_dags/example_nested_branch_dag.py took 0.036 seconds
[2024-06-24T15:11:58.513+0000] {processor.py:156} INFO - Started process (PID=605) to work on /home/airflow/.local/lib/python3.7/site-packages/airflow/example_dags/example_nested_branch_dag.py
[2024-06-24T15:11:58.513+0000] {processor.py:799} INFO - Processing file /home/airflow/.local/lib/python3.7/site-packages/airflow/example_dags/example_nested_branch_dag.py for tasks to queue
[2024-06-24T15:11:58.514+0000] {logging_mixin.py:149} INFO - [2024-06-24T15:11:58.514+0000] {dagbag.py:541} INFO - Filling up the DagBag from /home/airflow/.local/lib/python3.7/site-packages/airflow/example_dags/example_nested_branch_dag.py
[2024-06-24T15:11:58.518+0000] {processor.py:809} INFO - DAG(s) dict_keys(['example_nested_branch_dag']) retrieved from /home/airflow/.local/lib/python3.7/site-packages/airflow/example_dags/example_nested_branch_dag.py
[2024-06-24T15:11:58.531+0000] {logging_mixin.py:149} INFO - [2024-06-24T15:11:58.531+0000] {dag.py:2726} INFO - Sync 1 DAGs
[2024-06-24T15:11:58.544+0000] {logging_mixin.py:149} INFO - [2024-06-24T15:11:58.544+0000] {dag.py:3490} INFO - Setting next_dagrun for example_nested_branch_dag to 2024-06-23T00:00:00+00:00, run_after=2024-06-24T00:00:00+00:00
[2024-06-24T15:11:58.551+0000] {processor.py:178} INFO - Processing /home/airflow/.local/lib/python3.7/site-packages/airflow/example_dags/example_nested_branch_dag.py took 0.040 seconds
[2024-06-24T15:12:29.247+0000] {processor.py:156} INFO - Started process (PID=674) to work on /home/airflow/.local/lib/python3.7/site-packages/airflow/example_dags/example_nested_branch_dag.py
[2024-06-24T15:12:29.248+0000] {processor.py:799} INFO - Processing file /home/airflow/.local/lib/python3.7/site-packages/airflow/example_dags/example_nested_branch_dag.py for tasks to queue
[2024-06-24T15:12:29.248+0000] {logging_mixin.py:149} INFO - [2024-06-24T15:12:29.248+0000] {dagbag.py:541} INFO - Filling up the DagBag from /home/airflow/.local/lib/python3.7/site-packages/airflow/example_dags/example_nested_branch_dag.py
[2024-06-24T15:12:29.252+0000] {processor.py:809} INFO - DAG(s) dict_keys(['example_nested_branch_dag']) retrieved from /home/airflow/.local/lib/python3.7/site-packages/airflow/example_dags/example_nested_branch_dag.py
[2024-06-24T15:12:29.263+0000] {logging_mixin.py:149} INFO - [2024-06-24T15:12:29.263+0000] {dag.py:2726} INFO - Sync 1 DAGs
[2024-06-24T15:12:29.275+0000] {logging_mixin.py:149} INFO - [2024-06-24T15:12:29.275+0000] {dag.py:3490} INFO - Setting next_dagrun for example_nested_branch_dag to 2024-06-23T00:00:00+00:00, run_after=2024-06-24T00:00:00+00:00
[2024-06-24T15:12:29.282+0000] {processor.py:178} INFO - Processing /home/airflow/.local/lib/python3.7/site-packages/airflow/example_dags/example_nested_branch_dag.py took 0.036 seconds
[2024-06-24T15:12:59.916+0000] {processor.py:156} INFO - Started process (PID=743) to work on /home/airflow/.local/lib/python3.7/site-packages/airflow/example_dags/example_nested_branch_dag.py
[2024-06-24T15:12:59.916+0000] {processor.py:799} INFO - Processing file /home/airflow/.local/lib/python3.7/site-packages/airflow/example_dags/example_nested_branch_dag.py for tasks to queue
[2024-06-24T15:12:59.916+0000] {logging_mixin.py:149} INFO - [2024-06-24T15:12:59.916+0000] {dagbag.py:541} INFO - Filling up the DagBag from /home/airflow/.local/lib/python3.7/site-packages/airflow/example_dags/example_nested_branch_dag.py
[2024-06-24T15:12:59.920+0000] {processor.py:809} INFO - DAG(s) dict_keys(['example_nested_branch_dag']) retrieved from /home/airflow/.local/lib/python3.7/site-packages/airflow/example_dags/example_nested_branch_dag.py
[2024-06-24T15:12:59.933+0000] {logging_mixin.py:149} INFO - [2024-06-24T15:12:59.933+0000] {dag.py:2726} INFO - Sync 1 DAGs
[2024-06-24T15:12:59.945+0000] {logging_mixin.py:149} INFO - [2024-06-24T15:12:59.945+0000] {dag.py:3490} INFO - Setting next_dagrun for example_nested_branch_dag to 2024-06-23T00:00:00+00:00, run_after=2024-06-24T00:00:00+00:00
[2024-06-24T15:12:59.953+0000] {processor.py:178} INFO - Processing /home/airflow/.local/lib/python3.7/site-packages/airflow/example_dags/example_nested_branch_dag.py took 0.038 seconds
[2024-06-24T15:13:30.589+0000] {processor.py:156} INFO - Started process (PID=812) to work on /home/airflow/.local/lib/python3.7/site-packages/airflow/example_dags/example_nested_branch_dag.py
[2024-06-24T15:13:30.589+0000] {processor.py:799} INFO - Processing file /home/airflow/.local/lib/python3.7/site-packages/airflow/example_dags/example_nested_branch_dag.py for tasks to queue
[2024-06-24T15:13:30.589+0000] {logging_mixin.py:149} INFO - [2024-06-24T15:13:30.589+0000] {dagbag.py:541} INFO - Filling up the DagBag from /home/airflow/.local/lib/python3.7/site-packages/airflow/example_dags/example_nested_branch_dag.py
[2024-06-24T15:13:30.593+0000] {processor.py:809} INFO - DAG(s) dict_keys(['example_nested_branch_dag']) retrieved from /home/airflow/.local/lib/python3.7/site-packages/airflow/example_dags/example_nested_branch_dag.py
[2024-06-24T15:13:30.603+0000] {logging_mixin.py:149} INFO - [2024-06-24T15:13:30.603+0000] {dag.py:2726} INFO - Sync 1 DAGs
[2024-06-24T15:13:30.613+0000] {logging_mixin.py:149} INFO - [2024-06-24T15:13:30.613+0000] {dag.py:3490} INFO - Setting next_dagrun for example_nested_branch_dag to 2024-06-23T00:00:00+00:00, run_after=2024-06-24T00:00:00+00:00
[2024-06-24T15:13:30.620+0000] {processor.py:178} INFO - Processing /home/airflow/.local/lib/python3.7/site-packages/airflow/example_dags/example_nested_branch_dag.py took 0.033 seconds
[2024-06-24T15:14:01.188+0000] {processor.py:156} INFO - Started process (PID=881) to work on /home/airflow/.local/lib/python3.7/site-packages/airflow/example_dags/example_nested_branch_dag.py
[2024-06-24T15:14:01.188+0000] {processor.py:799} INFO - Processing file /home/airflow/.local/lib/python3.7/site-packages/airflow/example_dags/example_nested_branch_dag.py for tasks to queue
[2024-06-24T15:14:01.188+0000] {logging_mixin.py:149} INFO - [2024-06-24T15:14:01.188+0000] {dagbag.py:541} INFO - Filling up the DagBag from /home/airflow/.local/lib/python3.7/site-packages/airflow/example_dags/example_nested_branch_dag.py
[2024-06-24T15:14:01.192+0000] {processor.py:809} INFO - DAG(s) dict_keys(['example_nested_branch_dag']) retrieved from /home/airflow/.local/lib/python3.7/site-packages/airflow/example_dags/example_nested_branch_dag.py
[2024-06-24T15:14:01.202+0000] {logging_mixin.py:149} INFO - [2024-06-24T15:14:01.202+0000] {dag.py:2726} INFO - Sync 1 DAGs
[2024-06-24T15:14:01.212+0000] {logging_mixin.py:149} INFO - [2024-06-24T15:14:01.212+0000] {dag.py:3490} INFO - Setting next_dagrun for example_nested_branch_dag to 2024-06-23T00:00:00+00:00, run_after=2024-06-24T00:00:00+00:00
[2024-06-24T15:14:01.219+0000] {processor.py:178} INFO - Processing /home/airflow/.local/lib/python3.7/site-packages/airflow/example_dags/example_nested_branch_dag.py took 0.033 seconds
[2024-06-24T15:14:31.696+0000] {processor.py:156} INFO - Started process (PID=950) to work on /home/airflow/.local/lib/python3.7/site-packages/airflow/example_dags/example_nested_branch_dag.py
[2024-06-24T15:14:31.697+0000] {processor.py:799} INFO - Processing file /home/airflow/.local/lib/python3.7/site-packages/airflow/example_dags/example_nested_branch_dag.py for tasks to queue
[2024-06-24T15:14:31.697+0000] {logging_mixin.py:149} INFO - [2024-06-24T15:14:31.697+0000] {dagbag.py:541} INFO - Filling up the DagBag from /home/airflow/.local/lib/python3.7/site-packages/airflow/example_dags/example_nested_branch_dag.py
[2024-06-24T15:14:31.701+0000] {processor.py:809} INFO - DAG(s) dict_keys(['example_nested_branch_dag']) retrieved from /home/airflow/.local/lib/python3.7/site-packages/airflow/example_dags/example_nested_branch_dag.py
[2024-06-24T15:14:31.712+0000] {logging_mixin.py:149} INFO - [2024-06-24T15:14:31.712+0000] {dag.py:2726} INFO - Sync 1 DAGs
[2024-06-24T15:14:31.724+0000] {logging_mixin.py:149} INFO - [2024-06-24T15:14:31.724+0000] {dag.py:3490} INFO - Setting next_dagrun for example_nested_branch_dag to 2024-06-23T00:00:00+00:00, run_after=2024-06-24T00:00:00+00:00
[2024-06-24T15:14:31.731+0000] {processor.py:178} INFO - Processing /home/airflow/.local/lib/python3.7/site-packages/airflow/example_dags/example_nested_branch_dag.py took 0.036 seconds
[2024-06-24T15:15:02.119+0000] {processor.py:156} INFO - Started process (PID=1019) to work on /home/airflow/.local/lib/python3.7/site-packages/airflow/example_dags/example_nested_branch_dag.py
[2024-06-24T15:15:02.119+0000] {processor.py:799} INFO - Processing file /home/airflow/.local/lib/python3.7/site-packages/airflow/example_dags/example_nested_branch_dag.py for tasks to queue
[2024-06-24T15:15:02.119+0000] {logging_mixin.py:149} INFO - [2024-06-24T15:15:02.119+0000] {dagbag.py:541} INFO - Filling up the DagBag from /home/airflow/.local/lib/python3.7/site-packages/airflow/example_dags/example_nested_branch_dag.py
[2024-06-24T15:15:02.123+0000] {processor.py:809} INFO - DAG(s) dict_keys(['example_nested_branch_dag']) retrieved from /home/airflow/.local/lib/python3.7/site-packages/airflow/example_dags/example_nested_branch_dag.py
[2024-06-24T15:15:02.134+0000] {logging_mixin.py:149} INFO - [2024-06-24T15:15:02.134+0000] {dag.py:2726} INFO - Sync 1 DAGs
[2024-06-24T15:15:02.145+0000] {logging_mixin.py:149} INFO - [2024-06-24T15:15:02.145+0000] {dag.py:3490} INFO - Setting next_dagrun for example_nested_branch_dag to 2024-06-23T00:00:00+00:00, run_after=2024-06-24T00:00:00+00:00
[2024-06-24T15:15:02.153+0000] {processor.py:178} INFO - Processing /home/airflow/.local/lib/python3.7/site-packages/airflow/example_dags/example_nested_branch_dag.py took 0.036 seconds
[2024-06-24T15:15:32.783+0000] {processor.py:156} INFO - Started process (PID=1097) to work on /home/airflow/.local/lib/python3.7/site-packages/airflow/example_dags/example_nested_branch_dag.py
[2024-06-24T15:15:32.783+0000] {processor.py:799} INFO - Processing file /home/airflow/.local/lib/python3.7/site-packages/airflow/example_dags/example_nested_branch_dag.py for tasks to queue
[2024-06-24T15:15:32.783+0000] {logging_mixin.py:149} INFO - [2024-06-24T15:15:32.783+0000] {dagbag.py:541} INFO - Filling up the DagBag from /home/airflow/.local/lib/python3.7/site-packages/airflow/example_dags/example_nested_branch_dag.py
[2024-06-24T15:15:32.787+0000] {processor.py:809} INFO - DAG(s) dict_keys(['example_nested_branch_dag']) retrieved from /home/airflow/.local/lib/python3.7/site-packages/airflow/example_dags/example_nested_branch_dag.py
[2024-06-24T15:15:32.797+0000] {logging_mixin.py:149} INFO - [2024-06-24T15:15:32.797+0000] {dag.py:2726} INFO - Sync 1 DAGs
[2024-06-24T15:15:32.807+0000] {logging_mixin.py:149} INFO - [2024-06-24T15:15:32.807+0000] {dag.py:3490} INFO - Setting next_dagrun for example_nested_branch_dag to 2024-06-23T00:00:00+00:00, run_after=2024-06-24T00:00:00+00:00
[2024-06-24T15:15:32.814+0000] {processor.py:178} INFO - Processing /home/airflow/.local/lib/python3.7/site-packages/airflow/example_dags/example_nested_branch_dag.py took 0.033 seconds
[2024-06-24T15:16:03.410+0000] {processor.py:156} INFO - Started process (PID=1166) to work on /home/airflow/.local/lib/python3.7/site-packages/airflow/example_dags/example_nested_branch_dag.py
[2024-06-24T15:16:03.410+0000] {processor.py:799} INFO - Processing file /home/airflow/.local/lib/python3.7/site-packages/airflow/example_dags/example_nested_branch_dag.py for tasks to queue
[2024-06-24T15:16:03.410+0000] {logging_mixin.py:149} INFO - [2024-06-24T15:16:03.410+0000] {dagbag.py:541} INFO - Filling up the DagBag from /home/airflow/.local/lib/python3.7/site-packages/airflow/example_dags/example_nested_branch_dag.py
[2024-06-24T15:16:03.415+0000] {processor.py:809} INFO - DAG(s) dict_keys(['example_nested_branch_dag']) retrieved from /home/airflow/.local/lib/python3.7/site-packages/airflow/example_dags/example_nested_branch_dag.py
[2024-06-24T15:16:03.426+0000] {logging_mixin.py:149} INFO - [2024-06-24T15:16:03.426+0000] {dag.py:2726} INFO - Sync 1 DAGs
[2024-06-24T15:16:03.438+0000] {logging_mixin.py:149} INFO - [2024-06-24T15:16:03.438+0000] {dag.py:3490} INFO - Setting next_dagrun for example_nested_branch_dag to 2024-06-23T00:00:00+00:00, run_after=2024-06-24T00:00:00+00:00
[2024-06-24T15:16:03.446+0000] {processor.py:178} INFO - Processing /home/airflow/.local/lib/python3.7/site-packages/airflow/example_dags/example_nested_branch_dag.py took 0.038 seconds
[2024-06-24T15:16:34.131+0000] {processor.py:156} INFO - Started process (PID=1235) to work on /home/airflow/.local/lib/python3.7/site-packages/airflow/example_dags/example_nested_branch_dag.py
[2024-06-24T15:16:34.131+0000] {processor.py:799} INFO - Processing file /home/airflow/.local/lib/python3.7/site-packages/airflow/example_dags/example_nested_branch_dag.py for tasks to queue
[2024-06-24T15:16:34.131+0000] {logging_mixin.py:149} INFO - [2024-06-24T15:16:34.131+0000] {dagbag.py:541} INFO - Filling up the DagBag from /home/airflow/.local/lib/python3.7/site-packages/airflow/example_dags/example_nested_branch_dag.py
[2024-06-24T15:16:34.135+0000] {processor.py:809} INFO - DAG(s) dict_keys(['example_nested_branch_dag']) retrieved from /home/airflow/.local/lib/python3.7/site-packages/airflow/example_dags/example_nested_branch_dag.py
[2024-06-24T15:16:34.145+0000] {logging_mixin.py:149} INFO - [2024-06-24T15:16:34.145+0000] {dag.py:2726} INFO - Sync 1 DAGs
[2024-06-24T15:16:34.157+0000] {logging_mixin.py:149} INFO - [2024-06-24T15:16:34.157+0000] {dag.py:3490} INFO - Setting next_dagrun for example_nested_branch_dag to 2024-06-23T00:00:00+00:00, run_after=2024-06-24T00:00:00+00:00
[2024-06-24T15:16:34.164+0000] {processor.py:178} INFO - Processing /home/airflow/.local/lib/python3.7/site-packages/airflow/example_dags/example_nested_branch_dag.py took 0.034 seconds
[2024-06-24T15:17:04.723+0000] {processor.py:156} INFO - Started process (PID=1304) to work on /home/airflow/.local/lib/python3.7/site-packages/airflow/example_dags/example_nested_branch_dag.py
[2024-06-24T15:17:04.724+0000] {processor.py:799} INFO - Processing file /home/airflow/.local/lib/python3.7/site-packages/airflow/example_dags/example_nested_branch_dag.py for tasks to queue
[2024-06-24T15:17:04.724+0000] {logging_mixin.py:149} INFO - [2024-06-24T15:17:04.724+0000] {dagbag.py:541} INFO - Filling up the DagBag from /home/airflow/.local/lib/python3.7/site-packages/airflow/example_dags/example_nested_branch_dag.py
[2024-06-24T15:17:04.728+0000] {processor.py:809} INFO - DAG(s) dict_keys(['example_nested_branch_dag']) retrieved from /home/airflow/.local/lib/python3.7/site-packages/airflow/example_dags/example_nested_branch_dag.py
[2024-06-24T15:17:04.738+0000] {logging_mixin.py:149} INFO - [2024-06-24T15:17:04.738+0000] {dag.py:2726} INFO - Sync 1 DAGs
[2024-06-24T15:17:04.749+0000] {logging_mixin.py:149} INFO - [2024-06-24T15:17:04.749+0000] {dag.py:3490} INFO - Setting next_dagrun for example_nested_branch_dag to 2024-06-23T00:00:00+00:00, run_after=2024-06-24T00:00:00+00:00
[2024-06-24T15:17:04.756+0000] {processor.py:178} INFO - Processing /home/airflow/.local/lib/python3.7/site-packages/airflow/example_dags/example_nested_branch_dag.py took 0.034 seconds
[2024-06-24T15:17:35.270+0000] {processor.py:156} INFO - Started process (PID=1372) to work on /home/airflow/.local/lib/python3.7/site-packages/airflow/example_dags/example_nested_branch_dag.py
[2024-06-24T15:17:35.271+0000] {processor.py:799} INFO - Processing file /home/airflow/.local/lib/python3.7/site-packages/airflow/example_dags/example_nested_branch_dag.py for tasks to queue
[2024-06-24T15:17:35.271+0000] {logging_mixin.py:149} INFO - [2024-06-24T15:17:35.271+0000] {dagbag.py:541} INFO - Filling up the DagBag from /home/airflow/.local/lib/python3.7/site-packages/airflow/example_dags/example_nested_branch_dag.py
[2024-06-24T15:17:35.275+0000] {processor.py:809} INFO - DAG(s) dict_keys(['example_nested_branch_dag']) retrieved from /home/airflow/.local/lib/python3.7/site-packages/airflow/example_dags/example_nested_branch_dag.py
[2024-06-24T15:17:35.287+0000] {logging_mixin.py:149} INFO - [2024-06-24T15:17:35.287+0000] {dag.py:2726} INFO - Sync 1 DAGs
[2024-06-24T15:17:35.299+0000] {logging_mixin.py:149} INFO - [2024-06-24T15:17:35.299+0000] {dag.py:3490} INFO - Setting next_dagrun for example_nested_branch_dag to 2024-06-23T00:00:00+00:00, run_after=2024-06-24T00:00:00+00:00
[2024-06-24T15:17:35.307+0000] {processor.py:178} INFO - Processing /home/airflow/.local/lib/python3.7/site-packages/airflow/example_dags/example_nested_branch_dag.py took 0.038 seconds
[2024-06-24T15:18:05.803+0000] {processor.py:156} INFO - Started process (PID=1441) to work on /home/airflow/.local/lib/python3.7/site-packages/airflow/example_dags/example_nested_branch_dag.py
[2024-06-24T15:18:05.804+0000] {processor.py:799} INFO - Processing file /home/airflow/.local/lib/python3.7/site-packages/airflow/example_dags/example_nested_branch_dag.py for tasks to queue
[2024-06-24T15:18:05.804+0000] {logging_mixin.py:149} INFO - [2024-06-24T15:18:05.804+0000] {dagbag.py:541} INFO - Filling up the DagBag from /home/airflow/.local/lib/python3.7/site-packages/airflow/example_dags/example_nested_branch_dag.py
[2024-06-24T15:18:05.810+0000] {processor.py:809} INFO - DAG(s) dict_keys(['example_nested_branch_dag']) retrieved from /home/airflow/.local/lib/python3.7/site-packages/airflow/example_dags/example_nested_branch_dag.py
[2024-06-24T15:18:05.823+0000] {logging_mixin.py:149} INFO - [2024-06-24T15:18:05.823+0000] {dag.py:2726} INFO - Sync 1 DAGs
[2024-06-24T15:18:05.837+0000] {logging_mixin.py:149} INFO - [2024-06-24T15:18:05.837+0000] {dag.py:3490} INFO - Setting next_dagrun for example_nested_branch_dag to 2024-06-23T00:00:00+00:00, run_after=2024-06-24T00:00:00+00:00
[2024-06-24T15:18:05.846+0000] {processor.py:178} INFO - Processing /home/airflow/.local/lib/python3.7/site-packages/airflow/example_dags/example_nested_branch_dag.py took 0.044 seconds
[2024-06-24T15:18:36.514+0000] {processor.py:156} INFO - Started process (PID=1510) to work on /home/airflow/.local/lib/python3.7/site-packages/airflow/example_dags/example_nested_branch_dag.py
[2024-06-24T15:18:36.514+0000] {processor.py:799} INFO - Processing file /home/airflow/.local/lib/python3.7/site-packages/airflow/example_dags/example_nested_branch_dag.py for tasks to queue
[2024-06-24T15:18:36.514+0000] {logging_mixin.py:149} INFO - [2024-06-24T15:18:36.514+0000] {dagbag.py:541} INFO - Filling up the DagBag from /home/airflow/.local/lib/python3.7/site-packages/airflow/example_dags/example_nested_branch_dag.py
[2024-06-24T15:18:36.519+0000] {processor.py:809} INFO - DAG(s) dict_keys(['example_nested_branch_dag']) retrieved from /home/airflow/.local/lib/python3.7/site-packages/airflow/example_dags/example_nested_branch_dag.py
[2024-06-24T15:18:36.531+0000] {logging_mixin.py:149} INFO - [2024-06-24T15:18:36.531+0000] {dag.py:2726} INFO - Sync 1 DAGs
[2024-06-24T15:18:36.543+0000] {logging_mixin.py:149} INFO - [2024-06-24T15:18:36.543+0000] {dag.py:3490} INFO - Setting next_dagrun for example_nested_branch_dag to 2024-06-23T00:00:00+00:00, run_after=2024-06-24T00:00:00+00:00
[2024-06-24T15:18:36.553+0000] {processor.py:178} INFO - Processing /home/airflow/.local/lib/python3.7/site-packages/airflow/example_dags/example_nested_branch_dag.py took 0.041 seconds
[2024-06-24T15:19:07.285+0000] {processor.py:156} INFO - Started process (PID=1579) to work on /home/airflow/.local/lib/python3.7/site-packages/airflow/example_dags/example_nested_branch_dag.py
[2024-06-24T15:19:07.285+0000] {processor.py:799} INFO - Processing file /home/airflow/.local/lib/python3.7/site-packages/airflow/example_dags/example_nested_branch_dag.py for tasks to queue
[2024-06-24T15:19:07.286+0000] {logging_mixin.py:149} INFO - [2024-06-24T15:19:07.286+0000] {dagbag.py:541} INFO - Filling up the DagBag from /home/airflow/.local/lib/python3.7/site-packages/airflow/example_dags/example_nested_branch_dag.py
[2024-06-24T15:19:07.291+0000] {processor.py:809} INFO - DAG(s) dict_keys(['example_nested_branch_dag']) retrieved from /home/airflow/.local/lib/python3.7/site-packages/airflow/example_dags/example_nested_branch_dag.py
[2024-06-24T15:19:07.302+0000] {logging_mixin.py:149} INFO - [2024-06-24T15:19:07.302+0000] {dag.py:2726} INFO - Sync 1 DAGs
[2024-06-24T15:19:07.314+0000] {logging_mixin.py:149} INFO - [2024-06-24T15:19:07.314+0000] {dag.py:3490} INFO - Setting next_dagrun for example_nested_branch_dag to 2024-06-23T00:00:00+00:00, run_after=2024-06-24T00:00:00+00:00
[2024-06-24T15:19:07.322+0000] {processor.py:178} INFO - Processing /home/airflow/.local/lib/python3.7/site-packages/airflow/example_dags/example_nested_branch_dag.py took 0.038 seconds
[2024-06-24T15:19:37.885+0000] {processor.py:156} INFO - Started process (PID=1648) to work on /home/airflow/.local/lib/python3.7/site-packages/airflow/example_dags/example_nested_branch_dag.py
[2024-06-24T15:19:37.885+0000] {processor.py:799} INFO - Processing file /home/airflow/.local/lib/python3.7/site-packages/airflow/example_dags/example_nested_branch_dag.py for tasks to queue
[2024-06-24T15:19:37.885+0000] {logging_mixin.py:149} INFO - [2024-06-24T15:19:37.885+0000] {dagbag.py:541} INFO - Filling up the DagBag from /home/airflow/.local/lib/python3.7/site-packages/airflow/example_dags/example_nested_branch_dag.py
[2024-06-24T15:19:37.889+0000] {processor.py:809} INFO - DAG(s) dict_keys(['example_nested_branch_dag']) retrieved from /home/airflow/.local/lib/python3.7/site-packages/airflow/example_dags/example_nested_branch_dag.py
[2024-06-24T15:19:37.899+0000] {logging_mixin.py:149} INFO - [2024-06-24T15:19:37.899+0000] {dag.py:2726} INFO - Sync 1 DAGs
[2024-06-24T15:19:37.910+0000] {logging_mixin.py:149} INFO - [2024-06-24T15:19:37.910+0000] {dag.py:3490} INFO - Setting next_dagrun for example_nested_branch_dag to 2024-06-23T00:00:00+00:00, run_after=2024-06-24T00:00:00+00:00
[2024-06-24T15:19:37.917+0000] {processor.py:178} INFO - Processing /home/airflow/.local/lib/python3.7/site-packages/airflow/example_dags/example_nested_branch_dag.py took 0.034 seconds
[2024-06-24T15:20:08.325+0000] {processor.py:156} INFO - Started process (PID=1717) to work on /home/airflow/.local/lib/python3.7/site-packages/airflow/example_dags/example_nested_branch_dag.py
[2024-06-24T15:20:08.325+0000] {processor.py:799} INFO - Processing file /home/airflow/.local/lib/python3.7/site-packages/airflow/example_dags/example_nested_branch_dag.py for tasks to queue
[2024-06-24T15:20:08.326+0000] {logging_mixin.py:149} INFO - [2024-06-24T15:20:08.326+0000] {dagbag.py:541} INFO - Filling up the DagBag from /home/airflow/.local/lib/python3.7/site-packages/airflow/example_dags/example_nested_branch_dag.py
[2024-06-24T15:20:08.330+0000] {processor.py:809} INFO - DAG(s) dict_keys(['example_nested_branch_dag']) retrieved from /home/airflow/.local/lib/python3.7/site-packages/airflow/example_dags/example_nested_branch_dag.py
[2024-06-24T15:20:08.343+0000] {logging_mixin.py:149} INFO - [2024-06-24T15:20:08.342+0000] {dag.py:2726} INFO - Sync 1 DAGs
[2024-06-24T15:20:08.355+0000] {logging_mixin.py:149} INFO - [2024-06-24T15:20:08.355+0000] {dag.py:3490} INFO - Setting next_dagrun for example_nested_branch_dag to 2024-06-23T00:00:00+00:00, run_after=2024-06-24T00:00:00+00:00
[2024-06-24T15:20:08.363+0000] {processor.py:178} INFO - Processing /home/airflow/.local/lib/python3.7/site-packages/airflow/example_dags/example_nested_branch_dag.py took 0.039 seconds
[2024-06-24T15:20:39.083+0000] {processor.py:156} INFO - Started process (PID=1786) to work on /home/airflow/.local/lib/python3.7/site-packages/airflow/example_dags/example_nested_branch_dag.py
[2024-06-24T15:20:39.084+0000] {processor.py:799} INFO - Processing file /home/airflow/.local/lib/python3.7/site-packages/airflow/example_dags/example_nested_branch_dag.py for tasks to queue
[2024-06-24T15:20:39.084+0000] {logging_mixin.py:149} INFO - [2024-06-24T15:20:39.084+0000] {dagbag.py:541} INFO - Filling up the DagBag from /home/airflow/.local/lib/python3.7/site-packages/airflow/example_dags/example_nested_branch_dag.py
[2024-06-24T15:20:39.088+0000] {processor.py:809} INFO - DAG(s) dict_keys(['example_nested_branch_dag']) retrieved from /home/airflow/.local/lib/python3.7/site-packages/airflow/example_dags/example_nested_branch_dag.py
[2024-06-24T15:20:39.100+0000] {logging_mixin.py:149} INFO - [2024-06-24T15:20:39.100+0000] {dag.py:2726} INFO - Sync 1 DAGs
[2024-06-24T15:20:39.112+0000] {logging_mixin.py:149} INFO - [2024-06-24T15:20:39.112+0000] {dag.py:3490} INFO - Setting next_dagrun for example_nested_branch_dag to 2024-06-23T00:00:00+00:00, run_after=2024-06-24T00:00:00+00:00
[2024-06-24T15:20:39.120+0000] {processor.py:178} INFO - Processing /home/airflow/.local/lib/python3.7/site-packages/airflow/example_dags/example_nested_branch_dag.py took 0.038 seconds
[2024-06-24T15:21:09.705+0000] {processor.py:156} INFO - Started process (PID=1855) to work on /home/airflow/.local/lib/python3.7/site-packages/airflow/example_dags/example_nested_branch_dag.py
[2024-06-24T15:21:09.706+0000] {processor.py:799} INFO - Processing file /home/airflow/.local/lib/python3.7/site-packages/airflow/example_dags/example_nested_branch_dag.py for tasks to queue
[2024-06-24T15:21:09.706+0000] {logging_mixin.py:149} INFO - [2024-06-24T15:21:09.706+0000] {dagbag.py:541} INFO - Filling up the DagBag from /home/airflow/.local/lib/python3.7/site-packages/airflow/example_dags/example_nested_branch_dag.py
[2024-06-24T15:21:09.711+0000] {processor.py:809} INFO - DAG(s) dict_keys(['example_nested_branch_dag']) retrieved from /home/airflow/.local/lib/python3.7/site-packages/airflow/example_dags/example_nested_branch_dag.py
[2024-06-24T15:21:09.725+0000] {logging_mixin.py:149} INFO - [2024-06-24T15:21:09.725+0000] {dag.py:2726} INFO - Sync 1 DAGs
[2024-06-24T15:21:09.739+0000] {logging_mixin.py:149} INFO - [2024-06-24T15:21:09.739+0000] {dag.py:3490} INFO - Setting next_dagrun for example_nested_branch_dag to 2024-06-23T00:00:00+00:00, run_after=2024-06-24T00:00:00+00:00
[2024-06-24T15:21:09.750+0000] {processor.py:178} INFO - Processing /home/airflow/.local/lib/python3.7/site-packages/airflow/example_dags/example_nested_branch_dag.py took 0.047 seconds
[2024-06-24T15:21:40.622+0000] {processor.py:156} INFO - Started process (PID=1923) to work on /home/airflow/.local/lib/python3.7/site-packages/airflow/example_dags/example_nested_branch_dag.py
[2024-06-24T15:21:40.623+0000] {processor.py:799} INFO - Processing file /home/airflow/.local/lib/python3.7/site-packages/airflow/example_dags/example_nested_branch_dag.py for tasks to queue
[2024-06-24T15:21:40.623+0000] {logging_mixin.py:149} INFO - [2024-06-24T15:21:40.623+0000] {dagbag.py:541} INFO - Filling up the DagBag from /home/airflow/.local/lib/python3.7/site-packages/airflow/example_dags/example_nested_branch_dag.py
[2024-06-24T15:21:40.629+0000] {processor.py:809} INFO - DAG(s) dict_keys(['example_nested_branch_dag']) retrieved from /home/airflow/.local/lib/python3.7/site-packages/airflow/example_dags/example_nested_branch_dag.py
[2024-06-24T15:21:40.642+0000] {logging_mixin.py:149} INFO - [2024-06-24T15:21:40.642+0000] {dag.py:2726} INFO - Sync 1 DAGs
[2024-06-24T15:21:40.655+0000] {logging_mixin.py:149} INFO - [2024-06-24T15:21:40.655+0000] {dag.py:3490} INFO - Setting next_dagrun for example_nested_branch_dag to 2024-06-23T00:00:00+00:00, run_after=2024-06-24T00:00:00+00:00
[2024-06-24T15:21:40.664+0000] {processor.py:178} INFO - Processing /home/airflow/.local/lib/python3.7/site-packages/airflow/example_dags/example_nested_branch_dag.py took 0.044 seconds
[2024-06-24T15:22:11.393+0000] {processor.py:156} INFO - Started process (PID=1992) to work on /home/airflow/.local/lib/python3.7/site-packages/airflow/example_dags/example_nested_branch_dag.py
[2024-06-24T15:22:11.393+0000] {processor.py:799} INFO - Processing file /home/airflow/.local/lib/python3.7/site-packages/airflow/example_dags/example_nested_branch_dag.py for tasks to queue
[2024-06-24T15:22:11.393+0000] {logging_mixin.py:149} INFO - [2024-06-24T15:22:11.393+0000] {dagbag.py:541} INFO - Filling up the DagBag from /home/airflow/.local/lib/python3.7/site-packages/airflow/example_dags/example_nested_branch_dag.py
[2024-06-24T15:22:11.398+0000] {processor.py:809} INFO - DAG(s) dict_keys(['example_nested_branch_dag']) retrieved from /home/airflow/.local/lib/python3.7/site-packages/airflow/example_dags/example_nested_branch_dag.py
[2024-06-24T15:22:11.411+0000] {logging_mixin.py:149} INFO - [2024-06-24T15:22:11.411+0000] {dag.py:2726} INFO - Sync 1 DAGs
[2024-06-24T15:22:11.423+0000] {logging_mixin.py:149} INFO - [2024-06-24T15:22:11.423+0000] {dag.py:3490} INFO - Setting next_dagrun for example_nested_branch_dag to 2024-06-23T00:00:00+00:00, run_after=2024-06-24T00:00:00+00:00
[2024-06-24T15:22:11.432+0000] {processor.py:178} INFO - Processing /home/airflow/.local/lib/python3.7/site-packages/airflow/example_dags/example_nested_branch_dag.py took 0.040 seconds
[2024-06-24T15:22:42.019+0000] {processor.py:156} INFO - Started process (PID=2060) to work on /home/airflow/.local/lib/python3.7/site-packages/airflow/example_dags/example_nested_branch_dag.py
[2024-06-24T15:22:42.019+0000] {processor.py:799} INFO - Processing file /home/airflow/.local/lib/python3.7/site-packages/airflow/example_dags/example_nested_branch_dag.py for tasks to queue
[2024-06-24T15:22:42.019+0000] {logging_mixin.py:149} INFO - [2024-06-24T15:22:42.019+0000] {dagbag.py:541} INFO - Filling up the DagBag from /home/airflow/.local/lib/python3.7/site-packages/airflow/example_dags/example_nested_branch_dag.py
[2024-06-24T15:22:42.024+0000] {processor.py:809} INFO - DAG(s) dict_keys(['example_nested_branch_dag']) retrieved from /home/airflow/.local/lib/python3.7/site-packages/airflow/example_dags/example_nested_branch_dag.py
[2024-06-24T15:22:42.035+0000] {logging_mixin.py:149} INFO - [2024-06-24T15:22:42.035+0000] {dag.py:2726} INFO - Sync 1 DAGs
[2024-06-24T15:22:42.046+0000] {logging_mixin.py:149} INFO - [2024-06-24T15:22:42.045+0000] {dag.py:3490} INFO - Setting next_dagrun for example_nested_branch_dag to 2024-06-23T00:00:00+00:00, run_after=2024-06-24T00:00:00+00:00
[2024-06-24T15:22:42.053+0000] {processor.py:178} INFO - Processing /home/airflow/.local/lib/python3.7/site-packages/airflow/example_dags/example_nested_branch_dag.py took 0.035 seconds
[2024-06-24T15:23:12.665+0000] {processor.py:156} INFO - Started process (PID=2129) to work on /home/airflow/.local/lib/python3.7/site-packages/airflow/example_dags/example_nested_branch_dag.py
[2024-06-24T15:23:12.665+0000] {processor.py:799} INFO - Processing file /home/airflow/.local/lib/python3.7/site-packages/airflow/example_dags/example_nested_branch_dag.py for tasks to queue
[2024-06-24T15:23:12.665+0000] {logging_mixin.py:149} INFO - [2024-06-24T15:23:12.665+0000] {dagbag.py:541} INFO - Filling up the DagBag from /home/airflow/.local/lib/python3.7/site-packages/airflow/example_dags/example_nested_branch_dag.py
[2024-06-24T15:23:12.670+0000] {processor.py:809} INFO - DAG(s) dict_keys(['example_nested_branch_dag']) retrieved from /home/airflow/.local/lib/python3.7/site-packages/airflow/example_dags/example_nested_branch_dag.py
[2024-06-24T15:23:12.681+0000] {logging_mixin.py:149} INFO - [2024-06-24T15:23:12.681+0000] {dag.py:2726} INFO - Sync 1 DAGs
[2024-06-24T15:23:12.693+0000] {logging_mixin.py:149} INFO - [2024-06-24T15:23:12.693+0000] {dag.py:3490} INFO - Setting next_dagrun for example_nested_branch_dag to 2024-06-23T00:00:00+00:00, run_after=2024-06-24T00:00:00+00:00
[2024-06-24T15:23:12.700+0000] {processor.py:178} INFO - Processing /home/airflow/.local/lib/python3.7/site-packages/airflow/example_dags/example_nested_branch_dag.py took 0.037 seconds
[2024-06-24T15:23:43.361+0000] {processor.py:156} INFO - Started process (PID=2198) to work on /home/airflow/.local/lib/python3.7/site-packages/airflow/example_dags/example_nested_branch_dag.py
[2024-06-24T15:23:43.361+0000] {processor.py:799} INFO - Processing file /home/airflow/.local/lib/python3.7/site-packages/airflow/example_dags/example_nested_branch_dag.py for tasks to queue
[2024-06-24T15:23:43.362+0000] {logging_mixin.py:149} INFO - [2024-06-24T15:23:43.362+0000] {dagbag.py:541} INFO - Filling up the DagBag from /home/airflow/.local/lib/python3.7/site-packages/airflow/example_dags/example_nested_branch_dag.py
[2024-06-24T15:23:43.366+0000] {processor.py:809} INFO - DAG(s) dict_keys(['example_nested_branch_dag']) retrieved from /home/airflow/.local/lib/python3.7/site-packages/airflow/example_dags/example_nested_branch_dag.py
[2024-06-24T15:23:43.379+0000] {logging_mixin.py:149} INFO - [2024-06-24T15:23:43.379+0000] {dag.py:2726} INFO - Sync 1 DAGs
[2024-06-24T15:23:43.391+0000] {logging_mixin.py:149} INFO - [2024-06-24T15:23:43.391+0000] {dag.py:3490} INFO - Setting next_dagrun for example_nested_branch_dag to 2024-06-23T00:00:00+00:00, run_after=2024-06-24T00:00:00+00:00
[2024-06-24T15:23:43.399+0000] {processor.py:178} INFO - Processing /home/airflow/.local/lib/python3.7/site-packages/airflow/example_dags/example_nested_branch_dag.py took 0.040 seconds
[2024-06-24T15:24:14.090+0000] {processor.py:156} INFO - Started process (PID=2267) to work on /home/airflow/.local/lib/python3.7/site-packages/airflow/example_dags/example_nested_branch_dag.py
[2024-06-24T15:24:14.090+0000] {processor.py:799} INFO - Processing file /home/airflow/.local/lib/python3.7/site-packages/airflow/example_dags/example_nested_branch_dag.py for tasks to queue
[2024-06-24T15:24:14.090+0000] {logging_mixin.py:149} INFO - [2024-06-24T15:24:14.090+0000] {dagbag.py:541} INFO - Filling up the DagBag from /home/airflow/.local/lib/python3.7/site-packages/airflow/example_dags/example_nested_branch_dag.py
[2024-06-24T15:24:14.095+0000] {processor.py:809} INFO - DAG(s) dict_keys(['example_nested_branch_dag']) retrieved from /home/airflow/.local/lib/python3.7/site-packages/airflow/example_dags/example_nested_branch_dag.py
[2024-06-24T15:24:14.105+0000] {logging_mixin.py:149} INFO - [2024-06-24T15:24:14.105+0000] {dag.py:2726} INFO - Sync 1 DAGs
[2024-06-24T15:24:14.117+0000] {logging_mixin.py:149} INFO - [2024-06-24T15:24:14.117+0000] {dag.py:3490} INFO - Setting next_dagrun for example_nested_branch_dag to 2024-06-23T00:00:00+00:00, run_after=2024-06-24T00:00:00+00:00
[2024-06-24T15:24:14.126+0000] {processor.py:178} INFO - Processing /home/airflow/.local/lib/python3.7/site-packages/airflow/example_dags/example_nested_branch_dag.py took 0.037 seconds
[2024-06-24T15:24:44.674+0000] {processor.py:156} INFO - Started process (PID=2336) to work on /home/airflow/.local/lib/python3.7/site-packages/airflow/example_dags/example_nested_branch_dag.py
[2024-06-24T15:24:44.675+0000] {processor.py:799} INFO - Processing file /home/airflow/.local/lib/python3.7/site-packages/airflow/example_dags/example_nested_branch_dag.py for tasks to queue
[2024-06-24T15:24:44.677+0000] {logging_mixin.py:149} INFO - [2024-06-24T15:24:44.676+0000] {dagbag.py:541} INFO - Filling up the DagBag from /home/airflow/.local/lib/python3.7/site-packages/airflow/example_dags/example_nested_branch_dag.py
[2024-06-24T15:24:44.683+0000] {processor.py:809} INFO - DAG(s) dict_keys(['example_nested_branch_dag']) retrieved from /home/airflow/.local/lib/python3.7/site-packages/airflow/example_dags/example_nested_branch_dag.py
[2024-06-24T15:24:44.697+0000] {logging_mixin.py:149} INFO - [2024-06-24T15:24:44.696+0000] {dag.py:2726} INFO - Sync 1 DAGs
[2024-06-24T15:24:44.710+0000] {logging_mixin.py:149} INFO - [2024-06-24T15:24:44.710+0000] {dag.py:3490} INFO - Setting next_dagrun for example_nested_branch_dag to 2024-06-23T00:00:00+00:00, run_after=2024-06-24T00:00:00+00:00
[2024-06-24T15:24:44.718+0000] {processor.py:178} INFO - Processing /home/airflow/.local/lib/python3.7/site-packages/airflow/example_dags/example_nested_branch_dag.py took 0.045 seconds
[2024-06-24T15:25:15.224+0000] {processor.py:156} INFO - Started process (PID=2404) to work on /home/airflow/.local/lib/python3.7/site-packages/airflow/example_dags/example_nested_branch_dag.py
[2024-06-24T15:25:15.224+0000] {processor.py:799} INFO - Processing file /home/airflow/.local/lib/python3.7/site-packages/airflow/example_dags/example_nested_branch_dag.py for tasks to queue
[2024-06-24T15:25:15.224+0000] {logging_mixin.py:149} INFO - [2024-06-24T15:25:15.224+0000] {dagbag.py:541} INFO - Filling up the DagBag from /home/airflow/.local/lib/python3.7/site-packages/airflow/example_dags/example_nested_branch_dag.py
[2024-06-24T15:25:15.230+0000] {processor.py:809} INFO - DAG(s) dict_keys(['example_nested_branch_dag']) retrieved from /home/airflow/.local/lib/python3.7/site-packages/airflow/example_dags/example_nested_branch_dag.py
[2024-06-24T15:25:15.243+0000] {logging_mixin.py:149} INFO - [2024-06-24T15:25:15.243+0000] {dag.py:2726} INFO - Sync 1 DAGs
[2024-06-24T15:25:15.256+0000] {logging_mixin.py:149} INFO - [2024-06-24T15:25:15.256+0000] {dag.py:3490} INFO - Setting next_dagrun for example_nested_branch_dag to 2024-06-23T00:00:00+00:00, run_after=2024-06-24T00:00:00+00:00
[2024-06-24T15:25:15.264+0000] {processor.py:178} INFO - Processing /home/airflow/.local/lib/python3.7/site-packages/airflow/example_dags/example_nested_branch_dag.py took 0.042 seconds
[2024-06-24T15:25:45.792+0000] {processor.py:156} INFO - Started process (PID=2472) to work on /home/airflow/.local/lib/python3.7/site-packages/airflow/example_dags/example_nested_branch_dag.py
[2024-06-24T15:25:45.793+0000] {processor.py:799} INFO - Processing file /home/airflow/.local/lib/python3.7/site-packages/airflow/example_dags/example_nested_branch_dag.py for tasks to queue
[2024-06-24T15:25:45.793+0000] {logging_mixin.py:149} INFO - [2024-06-24T15:25:45.793+0000] {dagbag.py:541} INFO - Filling up the DagBag from /home/airflow/.local/lib/python3.7/site-packages/airflow/example_dags/example_nested_branch_dag.py
[2024-06-24T15:25:45.798+0000] {processor.py:809} INFO - DAG(s) dict_keys(['example_nested_branch_dag']) retrieved from /home/airflow/.local/lib/python3.7/site-packages/airflow/example_dags/example_nested_branch_dag.py
[2024-06-24T15:25:45.812+0000] {logging_mixin.py:149} INFO - [2024-06-24T15:25:45.812+0000] {dag.py:2726} INFO - Sync 1 DAGs
[2024-06-24T15:25:45.827+0000] {logging_mixin.py:149} INFO - [2024-06-24T15:25:45.827+0000] {dag.py:3490} INFO - Setting next_dagrun for example_nested_branch_dag to 2024-06-23T00:00:00+00:00, run_after=2024-06-24T00:00:00+00:00
[2024-06-24T15:25:45.845+0000] {processor.py:178} INFO - Processing /home/airflow/.local/lib/python3.7/site-packages/airflow/example_dags/example_nested_branch_dag.py took 0.056 seconds
[2024-06-24T15:26:16.430+0000] {processor.py:156} INFO - Started process (PID=2548) to work on /home/airflow/.local/lib/python3.7/site-packages/airflow/example_dags/example_nested_branch_dag.py
[2024-06-24T15:26:16.430+0000] {processor.py:799} INFO - Processing file /home/airflow/.local/lib/python3.7/site-packages/airflow/example_dags/example_nested_branch_dag.py for tasks to queue
[2024-06-24T15:26:16.430+0000] {logging_mixin.py:149} INFO - [2024-06-24T15:26:16.430+0000] {dagbag.py:541} INFO - Filling up the DagBag from /home/airflow/.local/lib/python3.7/site-packages/airflow/example_dags/example_nested_branch_dag.py
[2024-06-24T15:26:16.435+0000] {processor.py:809} INFO - DAG(s) dict_keys(['example_nested_branch_dag']) retrieved from /home/airflow/.local/lib/python3.7/site-packages/airflow/example_dags/example_nested_branch_dag.py
[2024-06-24T15:26:16.446+0000] {logging_mixin.py:149} INFO - [2024-06-24T15:26:16.446+0000] {dag.py:2726} INFO - Sync 1 DAGs
[2024-06-24T15:26:16.459+0000] {logging_mixin.py:149} INFO - [2024-06-24T15:26:16.459+0000] {dag.py:3490} INFO - Setting next_dagrun for example_nested_branch_dag to 2024-06-23T00:00:00+00:00, run_after=2024-06-24T00:00:00+00:00
[2024-06-24T15:26:16.466+0000] {processor.py:178} INFO - Processing /home/airflow/.local/lib/python3.7/site-packages/airflow/example_dags/example_nested_branch_dag.py took 0.038 seconds
[2024-06-24T15:26:47.089+0000] {processor.py:156} INFO - Started process (PID=2617) to work on /home/airflow/.local/lib/python3.7/site-packages/airflow/example_dags/example_nested_branch_dag.py
[2024-06-24T15:26:47.090+0000] {processor.py:799} INFO - Processing file /home/airflow/.local/lib/python3.7/site-packages/airflow/example_dags/example_nested_branch_dag.py for tasks to queue
[2024-06-24T15:26:47.090+0000] {logging_mixin.py:149} INFO - [2024-06-24T15:26:47.090+0000] {dagbag.py:541} INFO - Filling up the DagBag from /home/airflow/.local/lib/python3.7/site-packages/airflow/example_dags/example_nested_branch_dag.py
[2024-06-24T15:26:47.100+0000] {processor.py:809} INFO - DAG(s) dict_keys(['example_nested_branch_dag']) retrieved from /home/airflow/.local/lib/python3.7/site-packages/airflow/example_dags/example_nested_branch_dag.py
[2024-06-24T15:26:47.116+0000] {logging_mixin.py:149} INFO - [2024-06-24T15:26:47.116+0000] {dag.py:2726} INFO - Sync 1 DAGs
[2024-06-24T15:26:47.130+0000] {logging_mixin.py:149} INFO - [2024-06-24T15:26:47.130+0000] {dag.py:3490} INFO - Setting next_dagrun for example_nested_branch_dag to 2024-06-23T00:00:00+00:00, run_after=2024-06-24T00:00:00+00:00
[2024-06-24T15:26:47.138+0000] {processor.py:178} INFO - Processing /home/airflow/.local/lib/python3.7/site-packages/airflow/example_dags/example_nested_branch_dag.py took 0.050 seconds
[2024-06-24T15:27:17.963+0000] {processor.py:156} INFO - Started process (PID=2686) to work on /home/airflow/.local/lib/python3.7/site-packages/airflow/example_dags/example_nested_branch_dag.py
[2024-06-24T15:27:17.964+0000] {processor.py:799} INFO - Processing file /home/airflow/.local/lib/python3.7/site-packages/airflow/example_dags/example_nested_branch_dag.py for tasks to queue
[2024-06-24T15:27:17.964+0000] {logging_mixin.py:149} INFO - [2024-06-24T15:27:17.964+0000] {dagbag.py:541} INFO - Filling up the DagBag from /home/airflow/.local/lib/python3.7/site-packages/airflow/example_dags/example_nested_branch_dag.py
[2024-06-24T15:27:17.971+0000] {processor.py:809} INFO - DAG(s) dict_keys(['example_nested_branch_dag']) retrieved from /home/airflow/.local/lib/python3.7/site-packages/airflow/example_dags/example_nested_branch_dag.py
[2024-06-24T15:27:17.987+0000] {logging_mixin.py:149} INFO - [2024-06-24T15:27:17.987+0000] {dag.py:2726} INFO - Sync 1 DAGs
[2024-06-24T15:27:18.003+0000] {logging_mixin.py:149} INFO - [2024-06-24T15:27:18.003+0000] {dag.py:3490} INFO - Setting next_dagrun for example_nested_branch_dag to 2024-06-23T00:00:00+00:00, run_after=2024-06-24T00:00:00+00:00
[2024-06-24T15:27:18.025+0000] {processor.py:178} INFO - Processing /home/airflow/.local/lib/python3.7/site-packages/airflow/example_dags/example_nested_branch_dag.py took 0.064 seconds
[2024-06-24T15:27:48.818+0000] {processor.py:156} INFO - Started process (PID=2755) to work on /home/airflow/.local/lib/python3.7/site-packages/airflow/example_dags/example_nested_branch_dag.py
[2024-06-24T15:27:48.819+0000] {processor.py:799} INFO - Processing file /home/airflow/.local/lib/python3.7/site-packages/airflow/example_dags/example_nested_branch_dag.py for tasks to queue
[2024-06-24T15:27:48.819+0000] {logging_mixin.py:149} INFO - [2024-06-24T15:27:48.819+0000] {dagbag.py:541} INFO - Filling up the DagBag from /home/airflow/.local/lib/python3.7/site-packages/airflow/example_dags/example_nested_branch_dag.py
[2024-06-24T15:27:48.823+0000] {processor.py:809} INFO - DAG(s) dict_keys(['example_nested_branch_dag']) retrieved from /home/airflow/.local/lib/python3.7/site-packages/airflow/example_dags/example_nested_branch_dag.py
[2024-06-24T15:27:48.835+0000] {logging_mixin.py:149} INFO - [2024-06-24T15:27:48.835+0000] {dag.py:2726} INFO - Sync 1 DAGs
[2024-06-24T15:27:48.850+0000] {logging_mixin.py:149} INFO - [2024-06-24T15:27:48.849+0000] {dag.py:3490} INFO - Setting next_dagrun for example_nested_branch_dag to 2024-06-23T00:00:00+00:00, run_after=2024-06-24T00:00:00+00:00
[2024-06-24T15:27:48.861+0000] {processor.py:178} INFO - Processing /home/airflow/.local/lib/python3.7/site-packages/airflow/example_dags/example_nested_branch_dag.py took 0.044 seconds
[2024-06-24T15:28:19.774+0000] {processor.py:156} INFO - Started process (PID=2824) to work on /home/airflow/.local/lib/python3.7/site-packages/airflow/example_dags/example_nested_branch_dag.py
[2024-06-24T15:28:19.775+0000] {processor.py:799} INFO - Processing file /home/airflow/.local/lib/python3.7/site-packages/airflow/example_dags/example_nested_branch_dag.py for tasks to queue
[2024-06-24T15:28:19.775+0000] {logging_mixin.py:149} INFO - [2024-06-24T15:28:19.775+0000] {dagbag.py:541} INFO - Filling up the DagBag from /home/airflow/.local/lib/python3.7/site-packages/airflow/example_dags/example_nested_branch_dag.py
[2024-06-24T15:28:19.779+0000] {processor.py:809} INFO - DAG(s) dict_keys(['example_nested_branch_dag']) retrieved from /home/airflow/.local/lib/python3.7/site-packages/airflow/example_dags/example_nested_branch_dag.py
[2024-06-24T15:28:19.789+0000] {logging_mixin.py:149} INFO - [2024-06-24T15:28:19.789+0000] {dag.py:2726} INFO - Sync 1 DAGs
[2024-06-24T15:28:19.800+0000] {logging_mixin.py:149} INFO - [2024-06-24T15:28:19.800+0000] {dag.py:3490} INFO - Setting next_dagrun for example_nested_branch_dag to 2024-06-23T00:00:00+00:00, run_after=2024-06-24T00:00:00+00:00
[2024-06-24T15:28:19.807+0000] {processor.py:178} INFO - Processing /home/airflow/.local/lib/python3.7/site-packages/airflow/example_dags/example_nested_branch_dag.py took 0.035 seconds
[2024-06-24T15:28:50.667+0000] {processor.py:156} INFO - Started process (PID=2893) to work on /home/airflow/.local/lib/python3.7/site-packages/airflow/example_dags/example_nested_branch_dag.py
[2024-06-24T15:28:50.667+0000] {processor.py:799} INFO - Processing file /home/airflow/.local/lib/python3.7/site-packages/airflow/example_dags/example_nested_branch_dag.py for tasks to queue
[2024-06-24T15:28:50.667+0000] {logging_mixin.py:149} INFO - [2024-06-24T15:28:50.667+0000] {dagbag.py:541} INFO - Filling up the DagBag from /home/airflow/.local/lib/python3.7/site-packages/airflow/example_dags/example_nested_branch_dag.py
[2024-06-24T15:28:50.672+0000] {processor.py:809} INFO - DAG(s) dict_keys(['example_nested_branch_dag']) retrieved from /home/airflow/.local/lib/python3.7/site-packages/airflow/example_dags/example_nested_branch_dag.py
[2024-06-24T15:28:50.688+0000] {logging_mixin.py:149} INFO - [2024-06-24T15:28:50.688+0000] {dag.py:2726} INFO - Sync 1 DAGs
[2024-06-24T15:28:50.700+0000] {logging_mixin.py:149} INFO - [2024-06-24T15:28:50.700+0000] {dag.py:3490} INFO - Setting next_dagrun for example_nested_branch_dag to 2024-06-23T00:00:00+00:00, run_after=2024-06-24T00:00:00+00:00
[2024-06-24T15:28:50.708+0000] {processor.py:178} INFO - Processing /home/airflow/.local/lib/python3.7/site-packages/airflow/example_dags/example_nested_branch_dag.py took 0.043 seconds
[2024-06-24T15:29:21.297+0000] {processor.py:156} INFO - Started process (PID=2961) to work on /home/airflow/.local/lib/python3.7/site-packages/airflow/example_dags/example_nested_branch_dag.py
[2024-06-24T15:29:21.298+0000] {processor.py:799} INFO - Processing file /home/airflow/.local/lib/python3.7/site-packages/airflow/example_dags/example_nested_branch_dag.py for tasks to queue
[2024-06-24T15:29:21.298+0000] {logging_mixin.py:149} INFO - [2024-06-24T15:29:21.298+0000] {dagbag.py:541} INFO - Filling up the DagBag from /home/airflow/.local/lib/python3.7/site-packages/airflow/example_dags/example_nested_branch_dag.py
[2024-06-24T15:29:21.302+0000] {processor.py:809} INFO - DAG(s) dict_keys(['example_nested_branch_dag']) retrieved from /home/airflow/.local/lib/python3.7/site-packages/airflow/example_dags/example_nested_branch_dag.py
[2024-06-24T15:29:21.314+0000] {logging_mixin.py:149} INFO - [2024-06-24T15:29:21.314+0000] {dag.py:2726} INFO - Sync 1 DAGs
[2024-06-24T15:29:21.326+0000] {logging_mixin.py:149} INFO - [2024-06-24T15:29:21.326+0000] {dag.py:3490} INFO - Setting next_dagrun for example_nested_branch_dag to 2024-06-23T00:00:00+00:00, run_after=2024-06-24T00:00:00+00:00
[2024-06-24T15:29:21.334+0000] {processor.py:178} INFO - Processing /home/airflow/.local/lib/python3.7/site-packages/airflow/example_dags/example_nested_branch_dag.py took 0.038 seconds
[2024-06-24T15:29:51.999+0000] {processor.py:156} INFO - Started process (PID=3030) to work on /home/airflow/.local/lib/python3.7/site-packages/airflow/example_dags/example_nested_branch_dag.py
[2024-06-24T15:29:52.000+0000] {processor.py:799} INFO - Processing file /home/airflow/.local/lib/python3.7/site-packages/airflow/example_dags/example_nested_branch_dag.py for tasks to queue
[2024-06-24T15:29:52.000+0000] {logging_mixin.py:149} INFO - [2024-06-24T15:29:52.000+0000] {dagbag.py:541} INFO - Filling up the DagBag from /home/airflow/.local/lib/python3.7/site-packages/airflow/example_dags/example_nested_branch_dag.py
[2024-06-24T15:29:52.004+0000] {processor.py:809} INFO - DAG(s) dict_keys(['example_nested_branch_dag']) retrieved from /home/airflow/.local/lib/python3.7/site-packages/airflow/example_dags/example_nested_branch_dag.py
[2024-06-24T15:29:52.017+0000] {logging_mixin.py:149} INFO - [2024-06-24T15:29:52.017+0000] {dag.py:2726} INFO - Sync 1 DAGs
[2024-06-24T15:29:52.032+0000] {logging_mixin.py:149} INFO - [2024-06-24T15:29:52.032+0000] {dag.py:3490} INFO - Setting next_dagrun for example_nested_branch_dag to 2024-06-23T00:00:00+00:00, run_after=2024-06-24T00:00:00+00:00
[2024-06-24T15:29:52.042+0000] {processor.py:178} INFO - Processing /home/airflow/.local/lib/python3.7/site-packages/airflow/example_dags/example_nested_branch_dag.py took 0.045 seconds
[2024-06-24T15:30:22.610+0000] {processor.py:156} INFO - Started process (PID=3098) to work on /home/airflow/.local/lib/python3.7/site-packages/airflow/example_dags/example_nested_branch_dag.py
[2024-06-24T15:30:22.611+0000] {processor.py:799} INFO - Processing file /home/airflow/.local/lib/python3.7/site-packages/airflow/example_dags/example_nested_branch_dag.py for tasks to queue
[2024-06-24T15:30:22.611+0000] {logging_mixin.py:149} INFO - [2024-06-24T15:30:22.611+0000] {dagbag.py:541} INFO - Filling up the DagBag from /home/airflow/.local/lib/python3.7/site-packages/airflow/example_dags/example_nested_branch_dag.py
[2024-06-24T15:30:22.615+0000] {processor.py:809} INFO - DAG(s) dict_keys(['example_nested_branch_dag']) retrieved from /home/airflow/.local/lib/python3.7/site-packages/airflow/example_dags/example_nested_branch_dag.py
[2024-06-24T15:30:22.631+0000] {logging_mixin.py:149} INFO - [2024-06-24T15:30:22.631+0000] {dag.py:2726} INFO - Sync 1 DAGs
[2024-06-24T15:30:22.644+0000] {logging_mixin.py:149} INFO - [2024-06-24T15:30:22.644+0000] {dag.py:3490} INFO - Setting next_dagrun for example_nested_branch_dag to 2024-06-23T00:00:00+00:00, run_after=2024-06-24T00:00:00+00:00
[2024-06-24T15:30:22.654+0000] {processor.py:178} INFO - Processing /home/airflow/.local/lib/python3.7/site-packages/airflow/example_dags/example_nested_branch_dag.py took 0.045 seconds
