[2024-06-24T15:03:49.465+0000] {processor.py:156} INFO - Started process (PID=53) to work on /home/airflow/.local/lib/python3.7/site-packages/airflow/example_dags/example_latest_only_with_trigger.py
[2024-06-24T15:03:49.466+0000] {processor.py:799} INFO - Processing file /home/airflow/.local/lib/python3.7/site-packages/airflow/example_dags/example_latest_only_with_trigger.py for tasks to queue
[2024-06-24T15:03:49.466+0000] {logging_mixin.py:149} INFO - [2024-06-24T15:03:49.466+0000] {dagbag.py:541} INFO - Filling up the DagBag from /home/airflow/.local/lib/python3.7/site-packages/airflow/example_dags/example_latest_only_with_trigger.py
[2024-06-24T15:03:49.470+0000] {processor.py:809} INFO - DAG(s) dict_keys(['latest_only_with_trigger']) retrieved from /home/airflow/.local/lib/python3.7/site-packages/airflow/example_dags/example_latest_only_with_trigger.py
[2024-06-24T15:03:49.539+0000] {logging_mixin.py:149} INFO - [2024-06-24T15:03:49.539+0000] {manager.py:504} INFO - Created Permission View: can delete on DAG:latest_only_with_trigger
[2024-06-24T15:03:49.544+0000] {logging_mixin.py:149} INFO - [2024-06-24T15:03:49.544+0000] {manager.py:504} INFO - Created Permission View: can edit on DAG:latest_only_with_trigger
[2024-06-24T15:03:49.547+0000] {logging_mixin.py:149} INFO - [2024-06-24T15:03:49.547+0000] {manager.py:504} INFO - Created Permission View: can read on DAG:latest_only_with_trigger
[2024-06-24T15:03:49.547+0000] {logging_mixin.py:149} INFO - [2024-06-24T15:03:49.547+0000] {dag.py:2726} INFO - Sync 1 DAGs
[2024-06-24T15:03:49.555+0000] {logging_mixin.py:149} INFO - [2024-06-24T15:03:49.555+0000] {dag.py:2747} INFO - Creating ORM DAG for latest_only_with_trigger
[2024-06-24T15:03:49.562+0000] {logging_mixin.py:149} INFO - [2024-06-24T15:03:49.562+0000] {dag.py:3490} INFO - Setting next_dagrun for latest_only_with_trigger to 2024-06-24T11:03:49.562108+00:00, run_after=2024-06-24T15:03:49.562108+00:00
[2024-06-24T15:03:49.571+0000] {processor.py:178} INFO - Processing /home/airflow/.local/lib/python3.7/site-packages/airflow/example_dags/example_latest_only_with_trigger.py took 0.107 seconds
[2024-06-24T15:04:19.581+0000] {processor.py:156} INFO - Started process (PID=113) to work on /home/airflow/.local/lib/python3.7/site-packages/airflow/example_dags/example_latest_only_with_trigger.py
[2024-06-24T15:04:19.582+0000] {processor.py:799} INFO - Processing file /home/airflow/.local/lib/python3.7/site-packages/airflow/example_dags/example_latest_only_with_trigger.py for tasks to queue
[2024-06-24T15:04:19.582+0000] {logging_mixin.py:149} INFO - [2024-06-24T15:04:19.582+0000] {dagbag.py:541} INFO - Filling up the DagBag from /home/airflow/.local/lib/python3.7/site-packages/airflow/example_dags/example_latest_only_with_trigger.py
[2024-06-24T15:04:19.585+0000] {processor.py:809} INFO - DAG(s) dict_keys(['latest_only_with_trigger']) retrieved from /home/airflow/.local/lib/python3.7/site-packages/airflow/example_dags/example_latest_only_with_trigger.py
[2024-06-24T15:04:19.595+0000] {logging_mixin.py:149} INFO - [2024-06-24T15:04:19.595+0000] {dag.py:2726} INFO - Sync 1 DAGs
[2024-06-24T15:04:19.606+0000] {logging_mixin.py:149} INFO - [2024-06-24T15:04:19.606+0000] {dag.py:3490} INFO - Setting next_dagrun for latest_only_with_trigger to 2024-06-24T11:04:19.605987+00:00, run_after=2024-06-24T15:04:19.605987+00:00
[2024-06-24T15:04:19.613+0000] {processor.py:178} INFO - Processing /home/airflow/.local/lib/python3.7/site-packages/airflow/example_dags/example_latest_only_with_trigger.py took 0.033 seconds
[2024-06-24T15:04:50.455+0000] {processor.py:156} INFO - Started process (PID=190) to work on /home/airflow/.local/lib/python3.7/site-packages/airflow/example_dags/example_latest_only_with_trigger.py
[2024-06-24T15:04:50.455+0000] {processor.py:799} INFO - Processing file /home/airflow/.local/lib/python3.7/site-packages/airflow/example_dags/example_latest_only_with_trigger.py for tasks to queue
[2024-06-24T15:04:50.455+0000] {logging_mixin.py:149} INFO - [2024-06-24T15:04:50.455+0000] {dagbag.py:541} INFO - Filling up the DagBag from /home/airflow/.local/lib/python3.7/site-packages/airflow/example_dags/example_latest_only_with_trigger.py
[2024-06-24T15:04:50.458+0000] {processor.py:809} INFO - DAG(s) dict_keys(['latest_only_with_trigger']) retrieved from /home/airflow/.local/lib/python3.7/site-packages/airflow/example_dags/example_latest_only_with_trigger.py
[2024-06-24T15:04:50.468+0000] {logging_mixin.py:149} INFO - [2024-06-24T15:04:50.468+0000] {dag.py:2726} INFO - Sync 1 DAGs
[2024-06-24T15:04:50.479+0000] {logging_mixin.py:149} INFO - [2024-06-24T15:04:50.479+0000] {dag.py:3490} INFO - Setting next_dagrun for latest_only_with_trigger to 2024-06-24T11:04:50.479443+00:00, run_after=2024-06-24T15:04:50.479443+00:00
[2024-06-24T15:04:50.486+0000] {processor.py:178} INFO - Processing /home/airflow/.local/lib/python3.7/site-packages/airflow/example_dags/example_latest_only_with_trigger.py took 0.032 seconds
[2024-06-24T15:05:21.011+0000] {processor.py:156} INFO - Started process (PID=259) to work on /home/airflow/.local/lib/python3.7/site-packages/airflow/example_dags/example_latest_only_with_trigger.py
[2024-06-24T15:05:21.011+0000] {processor.py:799} INFO - Processing file /home/airflow/.local/lib/python3.7/site-packages/airflow/example_dags/example_latest_only_with_trigger.py for tasks to queue
[2024-06-24T15:05:21.011+0000] {logging_mixin.py:149} INFO - [2024-06-24T15:05:21.011+0000] {dagbag.py:541} INFO - Filling up the DagBag from /home/airflow/.local/lib/python3.7/site-packages/airflow/example_dags/example_latest_only_with_trigger.py
[2024-06-24T15:05:21.014+0000] {processor.py:809} INFO - DAG(s) dict_keys(['latest_only_with_trigger']) retrieved from /home/airflow/.local/lib/python3.7/site-packages/airflow/example_dags/example_latest_only_with_trigger.py
[2024-06-24T15:05:21.024+0000] {logging_mixin.py:149} INFO - [2024-06-24T15:05:21.023+0000] {dag.py:2726} INFO - Sync 1 DAGs
[2024-06-24T15:05:21.034+0000] {logging_mixin.py:149} INFO - [2024-06-24T15:05:21.034+0000] {dag.py:3490} INFO - Setting next_dagrun for latest_only_with_trigger to 2024-06-24T11:05:21.034500+00:00, run_after=2024-06-24T15:05:21.034500+00:00
[2024-06-24T15:05:21.041+0000] {processor.py:178} INFO - Processing /home/airflow/.local/lib/python3.7/site-packages/airflow/example_dags/example_latest_only_with_trigger.py took 0.032 seconds
[2024-06-24T15:05:51.632+0000] {processor.py:156} INFO - Started process (PID=328) to work on /home/airflow/.local/lib/python3.7/site-packages/airflow/example_dags/example_latest_only_with_trigger.py
[2024-06-24T15:05:51.634+0000] {processor.py:799} INFO - Processing file /home/airflow/.local/lib/python3.7/site-packages/airflow/example_dags/example_latest_only_with_trigger.py for tasks to queue
[2024-06-24T15:05:51.634+0000] {logging_mixin.py:149} INFO - [2024-06-24T15:05:51.634+0000] {dagbag.py:541} INFO - Filling up the DagBag from /home/airflow/.local/lib/python3.7/site-packages/airflow/example_dags/example_latest_only_with_trigger.py
[2024-06-24T15:05:51.637+0000] {processor.py:809} INFO - DAG(s) dict_keys(['latest_only_with_trigger']) retrieved from /home/airflow/.local/lib/python3.7/site-packages/airflow/example_dags/example_latest_only_with_trigger.py
[2024-06-24T15:05:51.647+0000] {logging_mixin.py:149} INFO - [2024-06-24T15:05:51.647+0000] {dag.py:2726} INFO - Sync 1 DAGs
[2024-06-24T15:05:51.658+0000] {logging_mixin.py:149} INFO - [2024-06-24T15:05:51.658+0000] {dag.py:3490} INFO - Setting next_dagrun for latest_only_with_trigger to 2024-06-24T11:05:51.658375+00:00, run_after=2024-06-24T15:05:51.658375+00:00
[2024-06-24T15:05:51.665+0000] {processor.py:178} INFO - Processing /home/airflow/.local/lib/python3.7/site-packages/airflow/example_dags/example_latest_only_with_trigger.py took 0.035 seconds
[2024-06-24T15:06:22.268+0000] {processor.py:156} INFO - Started process (PID=396) to work on /home/airflow/.local/lib/python3.7/site-packages/airflow/example_dags/example_latest_only_with_trigger.py
[2024-06-24T15:06:22.269+0000] {processor.py:799} INFO - Processing file /home/airflow/.local/lib/python3.7/site-packages/airflow/example_dags/example_latest_only_with_trigger.py for tasks to queue
[2024-06-24T15:06:22.269+0000] {logging_mixin.py:149} INFO - [2024-06-24T15:06:22.269+0000] {dagbag.py:541} INFO - Filling up the DagBag from /home/airflow/.local/lib/python3.7/site-packages/airflow/example_dags/example_latest_only_with_trigger.py
[2024-06-24T15:06:22.272+0000] {processor.py:809} INFO - DAG(s) dict_keys(['latest_only_with_trigger']) retrieved from /home/airflow/.local/lib/python3.7/site-packages/airflow/example_dags/example_latest_only_with_trigger.py
[2024-06-24T15:06:22.283+0000] {logging_mixin.py:149} INFO - [2024-06-24T15:06:22.283+0000] {dag.py:2726} INFO - Sync 1 DAGs
[2024-06-24T15:06:22.294+0000] {logging_mixin.py:149} INFO - [2024-06-24T15:06:22.294+0000] {dag.py:3490} INFO - Setting next_dagrun for latest_only_with_trigger to 2024-06-24T11:06:22.294126+00:00, run_after=2024-06-24T15:06:22.294126+00:00
[2024-06-24T15:06:22.300+0000] {processor.py:178} INFO - Processing /home/airflow/.local/lib/python3.7/site-packages/airflow/example_dags/example_latest_only_with_trigger.py took 0.033 seconds
[2024-06-24T15:06:52.898+0000] {processor.py:156} INFO - Started process (PID=465) to work on /home/airflow/.local/lib/python3.7/site-packages/airflow/example_dags/example_latest_only_with_trigger.py
[2024-06-24T15:06:52.898+0000] {processor.py:799} INFO - Processing file /home/airflow/.local/lib/python3.7/site-packages/airflow/example_dags/example_latest_only_with_trigger.py for tasks to queue
[2024-06-24T15:06:52.898+0000] {logging_mixin.py:149} INFO - [2024-06-24T15:06:52.898+0000] {dagbag.py:541} INFO - Filling up the DagBag from /home/airflow/.local/lib/python3.7/site-packages/airflow/example_dags/example_latest_only_with_trigger.py
[2024-06-24T15:06:52.901+0000] {processor.py:809} INFO - DAG(s) dict_keys(['latest_only_with_trigger']) retrieved from /home/airflow/.local/lib/python3.7/site-packages/airflow/example_dags/example_latest_only_with_trigger.py
[2024-06-24T15:06:52.910+0000] {logging_mixin.py:149} INFO - [2024-06-24T15:06:52.910+0000] {dag.py:2726} INFO - Sync 1 DAGs
[2024-06-24T15:06:52.920+0000] {logging_mixin.py:149} INFO - [2024-06-24T15:06:52.920+0000] {dag.py:3490} INFO - Setting next_dagrun for latest_only_with_trigger to 2024-06-24T11:06:52.920014+00:00, run_after=2024-06-24T15:06:52.920014+00:00
[2024-06-24T15:06:52.927+0000] {processor.py:178} INFO - Processing /home/airflow/.local/lib/python3.7/site-packages/airflow/example_dags/example_latest_only_with_trigger.py took 0.030 seconds
[2024-06-24T15:07:53.266+0000] {processor.py:156} INFO - Started process (PID=53) to work on /home/airflow/.local/lib/python3.7/site-packages/airflow/example_dags/example_latest_only_with_trigger.py
[2024-06-24T15:07:53.267+0000] {processor.py:799} INFO - Processing file /home/airflow/.local/lib/python3.7/site-packages/airflow/example_dags/example_latest_only_with_trigger.py for tasks to queue
[2024-06-24T15:07:53.267+0000] {logging_mixin.py:149} INFO - [2024-06-24T15:07:53.267+0000] {dagbag.py:541} INFO - Filling up the DagBag from /home/airflow/.local/lib/python3.7/site-packages/airflow/example_dags/example_latest_only_with_trigger.py
[2024-06-24T15:07:53.271+0000] {processor.py:809} INFO - DAG(s) dict_keys(['latest_only_with_trigger']) retrieved from /home/airflow/.local/lib/python3.7/site-packages/airflow/example_dags/example_latest_only_with_trigger.py
[2024-06-24T15:07:53.277+0000] {logging_mixin.py:149} INFO - [2024-06-24T15:07:53.277+0000] {dag.py:2726} INFO - Sync 1 DAGs
[2024-06-24T15:07:53.290+0000] {logging_mixin.py:149} INFO - [2024-06-24T15:07:53.290+0000] {dag.py:3490} INFO - Setting next_dagrun for latest_only_with_trigger to 2024-06-24T11:07:53.290579+00:00, run_after=2024-06-24T15:07:53.290579+00:00
[2024-06-24T15:07:53.299+0000] {processor.py:178} INFO - Processing /home/airflow/.local/lib/python3.7/site-packages/airflow/example_dags/example_latest_only_with_trigger.py took 0.034 seconds
[2024-06-24T15:08:23.617+0000] {processor.py:156} INFO - Started process (PID=117) to work on /home/airflow/.local/lib/python3.7/site-packages/airflow/example_dags/example_latest_only_with_trigger.py
[2024-06-24T15:08:23.617+0000] {processor.py:799} INFO - Processing file /home/airflow/.local/lib/python3.7/site-packages/airflow/example_dags/example_latest_only_with_trigger.py for tasks to queue
[2024-06-24T15:08:23.618+0000] {logging_mixin.py:149} INFO - [2024-06-24T15:08:23.618+0000] {dagbag.py:541} INFO - Filling up the DagBag from /home/airflow/.local/lib/python3.7/site-packages/airflow/example_dags/example_latest_only_with_trigger.py
[2024-06-24T15:08:23.620+0000] {processor.py:809} INFO - DAG(s) dict_keys(['latest_only_with_trigger']) retrieved from /home/airflow/.local/lib/python3.7/site-packages/airflow/example_dags/example_latest_only_with_trigger.py
[2024-06-24T15:08:23.631+0000] {logging_mixin.py:149} INFO - [2024-06-24T15:08:23.631+0000] {dag.py:2726} INFO - Sync 1 DAGs
[2024-06-24T15:08:23.641+0000] {logging_mixin.py:149} INFO - [2024-06-24T15:08:23.641+0000] {dag.py:3490} INFO - Setting next_dagrun for latest_only_with_trigger to 2024-06-24T11:08:23.641778+00:00, run_after=2024-06-24T15:08:23.641778+00:00
[2024-06-24T15:08:23.648+0000] {processor.py:178} INFO - Processing /home/airflow/.local/lib/python3.7/site-packages/airflow/example_dags/example_latest_only_with_trigger.py took 0.033 seconds
[2024-06-24T15:08:54.395+0000] {processor.py:156} INFO - Started process (PID=195) to work on /home/airflow/.local/lib/python3.7/site-packages/airflow/example_dags/example_latest_only_with_trigger.py
[2024-06-24T15:08:54.395+0000] {processor.py:799} INFO - Processing file /home/airflow/.local/lib/python3.7/site-packages/airflow/example_dags/example_latest_only_with_trigger.py for tasks to queue
[2024-06-24T15:08:54.395+0000] {logging_mixin.py:149} INFO - [2024-06-24T15:08:54.395+0000] {dagbag.py:541} INFO - Filling up the DagBag from /home/airflow/.local/lib/python3.7/site-packages/airflow/example_dags/example_latest_only_with_trigger.py
[2024-06-24T15:08:54.398+0000] {processor.py:809} INFO - DAG(s) dict_keys(['latest_only_with_trigger']) retrieved from /home/airflow/.local/lib/python3.7/site-packages/airflow/example_dags/example_latest_only_with_trigger.py
[2024-06-24T15:08:54.409+0000] {logging_mixin.py:149} INFO - [2024-06-24T15:08:54.408+0000] {dag.py:2726} INFO - Sync 1 DAGs
[2024-06-24T15:08:54.418+0000] {logging_mixin.py:149} INFO - [2024-06-24T15:08:54.418+0000] {dag.py:3490} INFO - Setting next_dagrun for latest_only_with_trigger to 2024-06-24T11:08:54.418817+00:00, run_after=2024-06-24T15:08:54.418817+00:00
[2024-06-24T15:08:54.426+0000] {processor.py:178} INFO - Processing /home/airflow/.local/lib/python3.7/site-packages/airflow/example_dags/example_latest_only_with_trigger.py took 0.033 seconds
[2024-06-24T15:09:25.179+0000] {processor.py:156} INFO - Started process (PID=264) to work on /home/airflow/.local/lib/python3.7/site-packages/airflow/example_dags/example_latest_only_with_trigger.py
[2024-06-24T15:09:25.179+0000] {processor.py:799} INFO - Processing file /home/airflow/.local/lib/python3.7/site-packages/airflow/example_dags/example_latest_only_with_trigger.py for tasks to queue
[2024-06-24T15:09:25.180+0000] {logging_mixin.py:149} INFO - [2024-06-24T15:09:25.180+0000] {dagbag.py:541} INFO - Filling up the DagBag from /home/airflow/.local/lib/python3.7/site-packages/airflow/example_dags/example_latest_only_with_trigger.py
[2024-06-24T15:09:25.182+0000] {processor.py:809} INFO - DAG(s) dict_keys(['latest_only_with_trigger']) retrieved from /home/airflow/.local/lib/python3.7/site-packages/airflow/example_dags/example_latest_only_with_trigger.py
[2024-06-24T15:09:25.193+0000] {logging_mixin.py:149} INFO - [2024-06-24T15:09:25.193+0000] {dag.py:2726} INFO - Sync 1 DAGs
[2024-06-24T15:09:25.203+0000] {logging_mixin.py:149} INFO - [2024-06-24T15:09:25.203+0000] {dag.py:3490} INFO - Setting next_dagrun for latest_only_with_trigger to 2024-06-24T11:09:25.203020+00:00, run_after=2024-06-24T15:09:25.203020+00:00
[2024-06-24T15:09:25.210+0000] {processor.py:178} INFO - Processing /home/airflow/.local/lib/python3.7/site-packages/airflow/example_dags/example_latest_only_with_trigger.py took 0.032 seconds
[2024-06-24T15:09:55.786+0000] {processor.py:156} INFO - Started process (PID=333) to work on /home/airflow/.local/lib/python3.7/site-packages/airflow/example_dags/example_latest_only_with_trigger.py
[2024-06-24T15:09:55.786+0000] {processor.py:799} INFO - Processing file /home/airflow/.local/lib/python3.7/site-packages/airflow/example_dags/example_latest_only_with_trigger.py for tasks to queue
[2024-06-24T15:09:55.786+0000] {logging_mixin.py:149} INFO - [2024-06-24T15:09:55.786+0000] {dagbag.py:541} INFO - Filling up the DagBag from /home/airflow/.local/lib/python3.7/site-packages/airflow/example_dags/example_latest_only_with_trigger.py
[2024-06-24T15:09:55.789+0000] {processor.py:809} INFO - DAG(s) dict_keys(['latest_only_with_trigger']) retrieved from /home/airflow/.local/lib/python3.7/site-packages/airflow/example_dags/example_latest_only_with_trigger.py
[2024-06-24T15:09:55.799+0000] {logging_mixin.py:149} INFO - [2024-06-24T15:09:55.799+0000] {dag.py:2726} INFO - Sync 1 DAGs
[2024-06-24T15:09:55.809+0000] {logging_mixin.py:149} INFO - [2024-06-24T15:09:55.809+0000] {dag.py:3490} INFO - Setting next_dagrun for latest_only_with_trigger to 2024-06-24T11:09:55.809342+00:00, run_after=2024-06-24T15:09:55.809342+00:00
[2024-06-24T15:09:55.816+0000] {processor.py:178} INFO - Processing /home/airflow/.local/lib/python3.7/site-packages/airflow/example_dags/example_latest_only_with_trigger.py took 0.031 seconds
[2024-06-24T15:10:26.445+0000] {processor.py:156} INFO - Started process (PID=402) to work on /home/airflow/.local/lib/python3.7/site-packages/airflow/example_dags/example_latest_only_with_trigger.py
[2024-06-24T15:10:26.446+0000] {processor.py:799} INFO - Processing file /home/airflow/.local/lib/python3.7/site-packages/airflow/example_dags/example_latest_only_with_trigger.py for tasks to queue
[2024-06-24T15:10:26.446+0000] {logging_mixin.py:149} INFO - [2024-06-24T15:10:26.446+0000] {dagbag.py:541} INFO - Filling up the DagBag from /home/airflow/.local/lib/python3.7/site-packages/airflow/example_dags/example_latest_only_with_trigger.py
[2024-06-24T15:10:26.448+0000] {processor.py:809} INFO - DAG(s) dict_keys(['latest_only_with_trigger']) retrieved from /home/airflow/.local/lib/python3.7/site-packages/airflow/example_dags/example_latest_only_with_trigger.py
[2024-06-24T15:10:26.459+0000] {logging_mixin.py:149} INFO - [2024-06-24T15:10:26.459+0000] {dag.py:2726} INFO - Sync 1 DAGs
[2024-06-24T15:10:26.469+0000] {logging_mixin.py:149} INFO - [2024-06-24T15:10:26.469+0000] {dag.py:3490} INFO - Setting next_dagrun for latest_only_with_trigger to 2024-06-24T11:10:26.469723+00:00, run_after=2024-06-24T15:10:26.469723+00:00
[2024-06-24T15:10:26.477+0000] {processor.py:178} INFO - Processing /home/airflow/.local/lib/python3.7/site-packages/airflow/example_dags/example_latest_only_with_trigger.py took 0.033 seconds
[2024-06-24T15:10:57.183+0000] {processor.py:156} INFO - Started process (PID=471) to work on /home/airflow/.local/lib/python3.7/site-packages/airflow/example_dags/example_latest_only_with_trigger.py
[2024-06-24T15:10:57.184+0000] {processor.py:799} INFO - Processing file /home/airflow/.local/lib/python3.7/site-packages/airflow/example_dags/example_latest_only_with_trigger.py for tasks to queue
[2024-06-24T15:10:57.184+0000] {logging_mixin.py:149} INFO - [2024-06-24T15:10:57.184+0000] {dagbag.py:541} INFO - Filling up the DagBag from /home/airflow/.local/lib/python3.7/site-packages/airflow/example_dags/example_latest_only_with_trigger.py
[2024-06-24T15:10:57.187+0000] {processor.py:809} INFO - DAG(s) dict_keys(['latest_only_with_trigger']) retrieved from /home/airflow/.local/lib/python3.7/site-packages/airflow/example_dags/example_latest_only_with_trigger.py
[2024-06-24T15:10:57.197+0000] {logging_mixin.py:149} INFO - [2024-06-24T15:10:57.197+0000] {dag.py:2726} INFO - Sync 1 DAGs
[2024-06-24T15:10:57.207+0000] {logging_mixin.py:149} INFO - [2024-06-24T15:10:57.207+0000] {dag.py:3490} INFO - Setting next_dagrun for latest_only_with_trigger to 2024-06-24T11:10:57.207736+00:00, run_after=2024-06-24T15:10:57.207736+00:00
[2024-06-24T15:10:57.214+0000] {processor.py:178} INFO - Processing /home/airflow/.local/lib/python3.7/site-packages/airflow/example_dags/example_latest_only_with_trigger.py took 0.032 seconds
[2024-06-24T15:11:27.909+0000] {processor.py:156} INFO - Started process (PID=540) to work on /home/airflow/.local/lib/python3.7/site-packages/airflow/example_dags/example_latest_only_with_trigger.py
[2024-06-24T15:11:27.909+0000] {processor.py:799} INFO - Processing file /home/airflow/.local/lib/python3.7/site-packages/airflow/example_dags/example_latest_only_with_trigger.py for tasks to queue
[2024-06-24T15:11:27.909+0000] {logging_mixin.py:149} INFO - [2024-06-24T15:11:27.909+0000] {dagbag.py:541} INFO - Filling up the DagBag from /home/airflow/.local/lib/python3.7/site-packages/airflow/example_dags/example_latest_only_with_trigger.py
[2024-06-24T15:11:27.912+0000] {processor.py:809} INFO - DAG(s) dict_keys(['latest_only_with_trigger']) retrieved from /home/airflow/.local/lib/python3.7/site-packages/airflow/example_dags/example_latest_only_with_trigger.py
[2024-06-24T15:11:27.921+0000] {logging_mixin.py:149} INFO - [2024-06-24T15:11:27.921+0000] {dag.py:2726} INFO - Sync 1 DAGs
[2024-06-24T15:11:27.930+0000] {logging_mixin.py:149} INFO - [2024-06-24T15:11:27.930+0000] {dag.py:3490} INFO - Setting next_dagrun for latest_only_with_trigger to 2024-06-24T11:11:27.930569+00:00, run_after=2024-06-24T15:11:27.930569+00:00
[2024-06-24T15:11:27.936+0000] {processor.py:178} INFO - Processing /home/airflow/.local/lib/python3.7/site-packages/airflow/example_dags/example_latest_only_with_trigger.py took 0.029 seconds
[2024-06-24T15:11:58.637+0000] {processor.py:156} INFO - Started process (PID=609) to work on /home/airflow/.local/lib/python3.7/site-packages/airflow/example_dags/example_latest_only_with_trigger.py
[2024-06-24T15:11:58.637+0000] {processor.py:799} INFO - Processing file /home/airflow/.local/lib/python3.7/site-packages/airflow/example_dags/example_latest_only_with_trigger.py for tasks to queue
[2024-06-24T15:11:58.637+0000] {logging_mixin.py:149} INFO - [2024-06-24T15:11:58.637+0000] {dagbag.py:541} INFO - Filling up the DagBag from /home/airflow/.local/lib/python3.7/site-packages/airflow/example_dags/example_latest_only_with_trigger.py
[2024-06-24T15:11:58.640+0000] {processor.py:809} INFO - DAG(s) dict_keys(['latest_only_with_trigger']) retrieved from /home/airflow/.local/lib/python3.7/site-packages/airflow/example_dags/example_latest_only_with_trigger.py
[2024-06-24T15:11:58.649+0000] {logging_mixin.py:149} INFO - [2024-06-24T15:11:58.649+0000] {dag.py:2726} INFO - Sync 1 DAGs
[2024-06-24T15:11:58.659+0000] {logging_mixin.py:149} INFO - [2024-06-24T15:11:58.659+0000] {dag.py:3490} INFO - Setting next_dagrun for latest_only_with_trigger to 2024-06-24T11:11:58.659344+00:00, run_after=2024-06-24T15:11:58.659344+00:00
[2024-06-24T15:11:58.666+0000] {processor.py:178} INFO - Processing /home/airflow/.local/lib/python3.7/site-packages/airflow/example_dags/example_latest_only_with_trigger.py took 0.030 seconds
[2024-06-24T15:12:29.372+0000] {processor.py:156} INFO - Started process (PID=678) to work on /home/airflow/.local/lib/python3.7/site-packages/airflow/example_dags/example_latest_only_with_trigger.py
[2024-06-24T15:12:29.372+0000] {processor.py:799} INFO - Processing file /home/airflow/.local/lib/python3.7/site-packages/airflow/example_dags/example_latest_only_with_trigger.py for tasks to queue
[2024-06-24T15:12:29.372+0000] {logging_mixin.py:149} INFO - [2024-06-24T15:12:29.372+0000] {dagbag.py:541} INFO - Filling up the DagBag from /home/airflow/.local/lib/python3.7/site-packages/airflow/example_dags/example_latest_only_with_trigger.py
[2024-06-24T15:12:29.375+0000] {processor.py:809} INFO - DAG(s) dict_keys(['latest_only_with_trigger']) retrieved from /home/airflow/.local/lib/python3.7/site-packages/airflow/example_dags/example_latest_only_with_trigger.py
[2024-06-24T15:12:29.385+0000] {logging_mixin.py:149} INFO - [2024-06-24T15:12:29.385+0000] {dag.py:2726} INFO - Sync 1 DAGs
[2024-06-24T15:12:29.395+0000] {logging_mixin.py:149} INFO - [2024-06-24T15:12:29.395+0000] {dag.py:3490} INFO - Setting next_dagrun for latest_only_with_trigger to 2024-06-24T11:12:29.395548+00:00, run_after=2024-06-24T15:12:29.395548+00:00
[2024-06-24T15:12:29.402+0000] {processor.py:178} INFO - Processing /home/airflow/.local/lib/python3.7/site-packages/airflow/example_dags/example_latest_only_with_trigger.py took 0.032 seconds
[2024-06-24T15:13:00.022+0000] {processor.py:156} INFO - Started process (PID=747) to work on /home/airflow/.local/lib/python3.7/site-packages/airflow/example_dags/example_latest_only_with_trigger.py
[2024-06-24T15:13:00.022+0000] {processor.py:799} INFO - Processing file /home/airflow/.local/lib/python3.7/site-packages/airflow/example_dags/example_latest_only_with_trigger.py for tasks to queue
[2024-06-24T15:13:00.022+0000] {logging_mixin.py:149} INFO - [2024-06-24T15:13:00.022+0000] {dagbag.py:541} INFO - Filling up the DagBag from /home/airflow/.local/lib/python3.7/site-packages/airflow/example_dags/example_latest_only_with_trigger.py
[2024-06-24T15:13:00.025+0000] {processor.py:809} INFO - DAG(s) dict_keys(['latest_only_with_trigger']) retrieved from /home/airflow/.local/lib/python3.7/site-packages/airflow/example_dags/example_latest_only_with_trigger.py
[2024-06-24T15:13:00.037+0000] {logging_mixin.py:149} INFO - [2024-06-24T15:13:00.037+0000] {dag.py:2726} INFO - Sync 1 DAGs
[2024-06-24T15:13:00.049+0000] {logging_mixin.py:149} INFO - [2024-06-24T15:13:00.049+0000] {dag.py:3490} INFO - Setting next_dagrun for latest_only_with_trigger to 2024-06-24T11:13:00.049249+00:00, run_after=2024-06-24T15:13:00.049249+00:00
[2024-06-24T15:13:00.056+0000] {processor.py:178} INFO - Processing /home/airflow/.local/lib/python3.7/site-packages/airflow/example_dags/example_latest_only_with_trigger.py took 0.036 seconds
[2024-06-24T15:13:30.726+0000] {processor.py:156} INFO - Started process (PID=816) to work on /home/airflow/.local/lib/python3.7/site-packages/airflow/example_dags/example_latest_only_with_trigger.py
[2024-06-24T15:13:30.726+0000] {processor.py:799} INFO - Processing file /home/airflow/.local/lib/python3.7/site-packages/airflow/example_dags/example_latest_only_with_trigger.py for tasks to queue
[2024-06-24T15:13:30.726+0000] {logging_mixin.py:149} INFO - [2024-06-24T15:13:30.726+0000] {dagbag.py:541} INFO - Filling up the DagBag from /home/airflow/.local/lib/python3.7/site-packages/airflow/example_dags/example_latest_only_with_trigger.py
[2024-06-24T15:13:30.729+0000] {processor.py:809} INFO - DAG(s) dict_keys(['latest_only_with_trigger']) retrieved from /home/airflow/.local/lib/python3.7/site-packages/airflow/example_dags/example_latest_only_with_trigger.py
[2024-06-24T15:13:30.739+0000] {logging_mixin.py:149} INFO - [2024-06-24T15:13:30.739+0000] {dag.py:2726} INFO - Sync 1 DAGs
[2024-06-24T15:13:30.748+0000] {logging_mixin.py:149} INFO - [2024-06-24T15:13:30.748+0000] {dag.py:3490} INFO - Setting next_dagrun for latest_only_with_trigger to 2024-06-24T11:13:30.748844+00:00, run_after=2024-06-24T15:13:30.748844+00:00
[2024-06-24T15:13:30.755+0000] {processor.py:178} INFO - Processing /home/airflow/.local/lib/python3.7/site-packages/airflow/example_dags/example_latest_only_with_trigger.py took 0.031 seconds
[2024-06-24T15:14:01.305+0000] {processor.py:156} INFO - Started process (PID=885) to work on /home/airflow/.local/lib/python3.7/site-packages/airflow/example_dags/example_latest_only_with_trigger.py
[2024-06-24T15:14:01.305+0000] {processor.py:799} INFO - Processing file /home/airflow/.local/lib/python3.7/site-packages/airflow/example_dags/example_latest_only_with_trigger.py for tasks to queue
[2024-06-24T15:14:01.305+0000] {logging_mixin.py:149} INFO - [2024-06-24T15:14:01.305+0000] {dagbag.py:541} INFO - Filling up the DagBag from /home/airflow/.local/lib/python3.7/site-packages/airflow/example_dags/example_latest_only_with_trigger.py
[2024-06-24T15:14:01.308+0000] {processor.py:809} INFO - DAG(s) dict_keys(['latest_only_with_trigger']) retrieved from /home/airflow/.local/lib/python3.7/site-packages/airflow/example_dags/example_latest_only_with_trigger.py
[2024-06-24T15:14:01.318+0000] {logging_mixin.py:149} INFO - [2024-06-24T15:14:01.318+0000] {dag.py:2726} INFO - Sync 1 DAGs
[2024-06-24T15:14:01.329+0000] {logging_mixin.py:149} INFO - [2024-06-24T15:14:01.329+0000] {dag.py:3490} INFO - Setting next_dagrun for latest_only_with_trigger to 2024-06-24T11:14:01.328934+00:00, run_after=2024-06-24T15:14:01.328934+00:00
[2024-06-24T15:14:01.335+0000] {processor.py:178} INFO - Processing /home/airflow/.local/lib/python3.7/site-packages/airflow/example_dags/example_latest_only_with_trigger.py took 0.032 seconds
[2024-06-24T15:14:31.782+0000] {processor.py:156} INFO - Started process (PID=954) to work on /home/airflow/.local/lib/python3.7/site-packages/airflow/example_dags/example_latest_only_with_trigger.py
[2024-06-24T15:14:31.783+0000] {processor.py:799} INFO - Processing file /home/airflow/.local/lib/python3.7/site-packages/airflow/example_dags/example_latest_only_with_trigger.py for tasks to queue
[2024-06-24T15:14:31.783+0000] {logging_mixin.py:149} INFO - [2024-06-24T15:14:31.783+0000] {dagbag.py:541} INFO - Filling up the DagBag from /home/airflow/.local/lib/python3.7/site-packages/airflow/example_dags/example_latest_only_with_trigger.py
[2024-06-24T15:14:31.785+0000] {processor.py:809} INFO - DAG(s) dict_keys(['latest_only_with_trigger']) retrieved from /home/airflow/.local/lib/python3.7/site-packages/airflow/example_dags/example_latest_only_with_trigger.py
[2024-06-24T15:14:31.795+0000] {logging_mixin.py:149} INFO - [2024-06-24T15:14:31.795+0000] {dag.py:2726} INFO - Sync 1 DAGs
[2024-06-24T15:14:31.805+0000] {logging_mixin.py:149} INFO - [2024-06-24T15:14:31.805+0000] {dag.py:3490} INFO - Setting next_dagrun for latest_only_with_trigger to 2024-06-24T11:14:31.805494+00:00, run_after=2024-06-24T15:14:31.805494+00:00
[2024-06-24T15:14:31.812+0000] {processor.py:178} INFO - Processing /home/airflow/.local/lib/python3.7/site-packages/airflow/example_dags/example_latest_only_with_trigger.py took 0.031 seconds
[2024-06-24T15:15:02.204+0000] {processor.py:156} INFO - Started process (PID=1023) to work on /home/airflow/.local/lib/python3.7/site-packages/airflow/example_dags/example_latest_only_with_trigger.py
[2024-06-24T15:15:02.205+0000] {processor.py:799} INFO - Processing file /home/airflow/.local/lib/python3.7/site-packages/airflow/example_dags/example_latest_only_with_trigger.py for tasks to queue
[2024-06-24T15:15:02.205+0000] {logging_mixin.py:149} INFO - [2024-06-24T15:15:02.205+0000] {dagbag.py:541} INFO - Filling up the DagBag from /home/airflow/.local/lib/python3.7/site-packages/airflow/example_dags/example_latest_only_with_trigger.py
[2024-06-24T15:15:02.207+0000] {processor.py:809} INFO - DAG(s) dict_keys(['latest_only_with_trigger']) retrieved from /home/airflow/.local/lib/python3.7/site-packages/airflow/example_dags/example_latest_only_with_trigger.py
[2024-06-24T15:15:02.217+0000] {logging_mixin.py:149} INFO - [2024-06-24T15:15:02.217+0000] {dag.py:2726} INFO - Sync 1 DAGs
[2024-06-24T15:15:02.226+0000] {logging_mixin.py:149} INFO - [2024-06-24T15:15:02.226+0000] {dag.py:3490} INFO - Setting next_dagrun for latest_only_with_trigger to 2024-06-24T11:15:02.226823+00:00, run_after=2024-06-24T15:15:02.226823+00:00
[2024-06-24T15:15:02.235+0000] {processor.py:178} INFO - Processing /home/airflow/.local/lib/python3.7/site-packages/airflow/example_dags/example_latest_only_with_trigger.py took 0.032 seconds
[2024-06-24T15:15:32.945+0000] {processor.py:156} INFO - Started process (PID=1101) to work on /home/airflow/.local/lib/python3.7/site-packages/airflow/example_dags/example_latest_only_with_trigger.py
[2024-06-24T15:15:32.945+0000] {processor.py:799} INFO - Processing file /home/airflow/.local/lib/python3.7/site-packages/airflow/example_dags/example_latest_only_with_trigger.py for tasks to queue
[2024-06-24T15:15:32.945+0000] {logging_mixin.py:149} INFO - [2024-06-24T15:15:32.945+0000] {dagbag.py:541} INFO - Filling up the DagBag from /home/airflow/.local/lib/python3.7/site-packages/airflow/example_dags/example_latest_only_with_trigger.py
[2024-06-24T15:15:32.948+0000] {processor.py:809} INFO - DAG(s) dict_keys(['latest_only_with_trigger']) retrieved from /home/airflow/.local/lib/python3.7/site-packages/airflow/example_dags/example_latest_only_with_trigger.py
[2024-06-24T15:15:32.958+0000] {logging_mixin.py:149} INFO - [2024-06-24T15:15:32.958+0000] {dag.py:2726} INFO - Sync 1 DAGs
[2024-06-24T15:15:32.968+0000] {logging_mixin.py:149} INFO - [2024-06-24T15:15:32.968+0000] {dag.py:3490} INFO - Setting next_dagrun for latest_only_with_trigger to 2024-06-24T11:15:32.968390+00:00, run_after=2024-06-24T15:15:32.968390+00:00
[2024-06-24T15:15:32.976+0000] {processor.py:178} INFO - Processing /home/airflow/.local/lib/python3.7/site-packages/airflow/example_dags/example_latest_only_with_trigger.py took 0.032 seconds
[2024-06-24T15:16:03.498+0000] {processor.py:156} INFO - Started process (PID=1170) to work on /home/airflow/.local/lib/python3.7/site-packages/airflow/example_dags/example_latest_only_with_trigger.py
[2024-06-24T15:16:03.498+0000] {processor.py:799} INFO - Processing file /home/airflow/.local/lib/python3.7/site-packages/airflow/example_dags/example_latest_only_with_trigger.py for tasks to queue
[2024-06-24T15:16:03.498+0000] {logging_mixin.py:149} INFO - [2024-06-24T15:16:03.498+0000] {dagbag.py:541} INFO - Filling up the DagBag from /home/airflow/.local/lib/python3.7/site-packages/airflow/example_dags/example_latest_only_with_trigger.py
[2024-06-24T15:16:03.501+0000] {processor.py:809} INFO - DAG(s) dict_keys(['latest_only_with_trigger']) retrieved from /home/airflow/.local/lib/python3.7/site-packages/airflow/example_dags/example_latest_only_with_trigger.py
[2024-06-24T15:16:03.511+0000] {logging_mixin.py:149} INFO - [2024-06-24T15:16:03.511+0000] {dag.py:2726} INFO - Sync 1 DAGs
[2024-06-24T15:16:03.524+0000] {logging_mixin.py:149} INFO - [2024-06-24T15:16:03.524+0000] {dag.py:3490} INFO - Setting next_dagrun for latest_only_with_trigger to 2024-06-24T11:16:03.524038+00:00, run_after=2024-06-24T15:16:03.524038+00:00
[2024-06-24T15:16:03.531+0000] {processor.py:178} INFO - Processing /home/airflow/.local/lib/python3.7/site-packages/airflow/example_dags/example_latest_only_with_trigger.py took 0.035 seconds
[2024-06-24T15:16:34.216+0000] {processor.py:156} INFO - Started process (PID=1239) to work on /home/airflow/.local/lib/python3.7/site-packages/airflow/example_dags/example_latest_only_with_trigger.py
[2024-06-24T15:16:34.216+0000] {processor.py:799} INFO - Processing file /home/airflow/.local/lib/python3.7/site-packages/airflow/example_dags/example_latest_only_with_trigger.py for tasks to queue
[2024-06-24T15:16:34.216+0000] {logging_mixin.py:149} INFO - [2024-06-24T15:16:34.216+0000] {dagbag.py:541} INFO - Filling up the DagBag from /home/airflow/.local/lib/python3.7/site-packages/airflow/example_dags/example_latest_only_with_trigger.py
[2024-06-24T15:16:34.219+0000] {processor.py:809} INFO - DAG(s) dict_keys(['latest_only_with_trigger']) retrieved from /home/airflow/.local/lib/python3.7/site-packages/airflow/example_dags/example_latest_only_with_trigger.py
[2024-06-24T15:16:34.229+0000] {logging_mixin.py:149} INFO - [2024-06-24T15:16:34.229+0000] {dag.py:2726} INFO - Sync 1 DAGs
[2024-06-24T15:16:34.240+0000] {logging_mixin.py:149} INFO - [2024-06-24T15:16:34.240+0000] {dag.py:3490} INFO - Setting next_dagrun for latest_only_with_trigger to 2024-06-24T11:16:34.239884+00:00, run_after=2024-06-24T15:16:34.239884+00:00
[2024-06-24T15:16:34.247+0000] {processor.py:178} INFO - Processing /home/airflow/.local/lib/python3.7/site-packages/airflow/example_dags/example_latest_only_with_trigger.py took 0.032 seconds
[2024-06-24T15:17:04.808+0000] {processor.py:156} INFO - Started process (PID=1308) to work on /home/airflow/.local/lib/python3.7/site-packages/airflow/example_dags/example_latest_only_with_trigger.py
[2024-06-24T15:17:04.808+0000] {processor.py:799} INFO - Processing file /home/airflow/.local/lib/python3.7/site-packages/airflow/example_dags/example_latest_only_with_trigger.py for tasks to queue
[2024-06-24T15:17:04.808+0000] {logging_mixin.py:149} INFO - [2024-06-24T15:17:04.808+0000] {dagbag.py:541} INFO - Filling up the DagBag from /home/airflow/.local/lib/python3.7/site-packages/airflow/example_dags/example_latest_only_with_trigger.py
[2024-06-24T15:17:04.811+0000] {processor.py:809} INFO - DAG(s) dict_keys(['latest_only_with_trigger']) retrieved from /home/airflow/.local/lib/python3.7/site-packages/airflow/example_dags/example_latest_only_with_trigger.py
[2024-06-24T15:17:04.820+0000] {logging_mixin.py:149} INFO - [2024-06-24T15:17:04.820+0000] {dag.py:2726} INFO - Sync 1 DAGs
[2024-06-24T15:17:04.831+0000] {logging_mixin.py:149} INFO - [2024-06-24T15:17:04.831+0000] {dag.py:3490} INFO - Setting next_dagrun for latest_only_with_trigger to 2024-06-24T11:17:04.831166+00:00, run_after=2024-06-24T15:17:04.831166+00:00
[2024-06-24T15:17:04.839+0000] {processor.py:178} INFO - Processing /home/airflow/.local/lib/python3.7/site-packages/airflow/example_dags/example_latest_only_with_trigger.py took 0.032 seconds
[2024-06-24T15:17:35.363+0000] {processor.py:156} INFO - Started process (PID=1376) to work on /home/airflow/.local/lib/python3.7/site-packages/airflow/example_dags/example_latest_only_with_trigger.py
[2024-06-24T15:17:35.363+0000] {processor.py:799} INFO - Processing file /home/airflow/.local/lib/python3.7/site-packages/airflow/example_dags/example_latest_only_with_trigger.py for tasks to queue
[2024-06-24T15:17:35.363+0000] {logging_mixin.py:149} INFO - [2024-06-24T15:17:35.363+0000] {dagbag.py:541} INFO - Filling up the DagBag from /home/airflow/.local/lib/python3.7/site-packages/airflow/example_dags/example_latest_only_with_trigger.py
[2024-06-24T15:17:35.366+0000] {processor.py:809} INFO - DAG(s) dict_keys(['latest_only_with_trigger']) retrieved from /home/airflow/.local/lib/python3.7/site-packages/airflow/example_dags/example_latest_only_with_trigger.py
[2024-06-24T15:17:35.377+0000] {logging_mixin.py:149} INFO - [2024-06-24T15:17:35.377+0000] {dag.py:2726} INFO - Sync 1 DAGs
[2024-06-24T15:17:35.388+0000] {logging_mixin.py:149} INFO - [2024-06-24T15:17:35.388+0000] {dag.py:3490} INFO - Setting next_dagrun for latest_only_with_trigger to 2024-06-24T11:17:35.388723+00:00, run_after=2024-06-24T15:17:35.388723+00:00
[2024-06-24T15:17:35.396+0000] {processor.py:178} INFO - Processing /home/airflow/.local/lib/python3.7/site-packages/airflow/example_dags/example_latest_only_with_trigger.py took 0.035 seconds
[2024-06-24T15:18:05.903+0000] {processor.py:156} INFO - Started process (PID=1445) to work on /home/airflow/.local/lib/python3.7/site-packages/airflow/example_dags/example_latest_only_with_trigger.py
[2024-06-24T15:18:05.903+0000] {processor.py:799} INFO - Processing file /home/airflow/.local/lib/python3.7/site-packages/airflow/example_dags/example_latest_only_with_trigger.py for tasks to queue
[2024-06-24T15:18:05.904+0000] {logging_mixin.py:149} INFO - [2024-06-24T15:18:05.904+0000] {dagbag.py:541} INFO - Filling up the DagBag from /home/airflow/.local/lib/python3.7/site-packages/airflow/example_dags/example_latest_only_with_trigger.py
[2024-06-24T15:18:05.906+0000] {processor.py:809} INFO - DAG(s) dict_keys(['latest_only_with_trigger']) retrieved from /home/airflow/.local/lib/python3.7/site-packages/airflow/example_dags/example_latest_only_with_trigger.py
[2024-06-24T15:18:05.917+0000] {logging_mixin.py:149} INFO - [2024-06-24T15:18:05.917+0000] {dag.py:2726} INFO - Sync 1 DAGs
[2024-06-24T15:18:05.929+0000] {logging_mixin.py:149} INFO - [2024-06-24T15:18:05.929+0000] {dag.py:3490} INFO - Setting next_dagrun for latest_only_with_trigger to 2024-06-24T11:18:05.929182+00:00, run_after=2024-06-24T15:18:05.929182+00:00
[2024-06-24T15:18:05.936+0000] {processor.py:178} INFO - Processing /home/airflow/.local/lib/python3.7/site-packages/airflow/example_dags/example_latest_only_with_trigger.py took 0.034 seconds
[2024-06-24T15:18:36.607+0000] {processor.py:156} INFO - Started process (PID=1514) to work on /home/airflow/.local/lib/python3.7/site-packages/airflow/example_dags/example_latest_only_with_trigger.py
[2024-06-24T15:18:36.608+0000] {processor.py:799} INFO - Processing file /home/airflow/.local/lib/python3.7/site-packages/airflow/example_dags/example_latest_only_with_trigger.py for tasks to queue
[2024-06-24T15:18:36.608+0000] {logging_mixin.py:149} INFO - [2024-06-24T15:18:36.608+0000] {dagbag.py:541} INFO - Filling up the DagBag from /home/airflow/.local/lib/python3.7/site-packages/airflow/example_dags/example_latest_only_with_trigger.py
[2024-06-24T15:18:36.610+0000] {processor.py:809} INFO - DAG(s) dict_keys(['latest_only_with_trigger']) retrieved from /home/airflow/.local/lib/python3.7/site-packages/airflow/example_dags/example_latest_only_with_trigger.py
[2024-06-24T15:18:36.622+0000] {logging_mixin.py:149} INFO - [2024-06-24T15:18:36.622+0000] {dag.py:2726} INFO - Sync 1 DAGs
[2024-06-24T15:18:36.632+0000] {logging_mixin.py:149} INFO - [2024-06-24T15:18:36.632+0000] {dag.py:3490} INFO - Setting next_dagrun for latest_only_with_trigger to 2024-06-24T11:18:36.632389+00:00, run_after=2024-06-24T15:18:36.632389+00:00
[2024-06-24T15:18:36.639+0000] {processor.py:178} INFO - Processing /home/airflow/.local/lib/python3.7/site-packages/airflow/example_dags/example_latest_only_with_trigger.py took 0.033 seconds
[2024-06-24T15:19:07.379+0000] {processor.py:156} INFO - Started process (PID=1583) to work on /home/airflow/.local/lib/python3.7/site-packages/airflow/example_dags/example_latest_only_with_trigger.py
[2024-06-24T15:19:07.380+0000] {processor.py:799} INFO - Processing file /home/airflow/.local/lib/python3.7/site-packages/airflow/example_dags/example_latest_only_with_trigger.py for tasks to queue
[2024-06-24T15:19:07.380+0000] {logging_mixin.py:149} INFO - [2024-06-24T15:19:07.380+0000] {dagbag.py:541} INFO - Filling up the DagBag from /home/airflow/.local/lib/python3.7/site-packages/airflow/example_dags/example_latest_only_with_trigger.py
[2024-06-24T15:19:07.383+0000] {processor.py:809} INFO - DAG(s) dict_keys(['latest_only_with_trigger']) retrieved from /home/airflow/.local/lib/python3.7/site-packages/airflow/example_dags/example_latest_only_with_trigger.py
[2024-06-24T15:19:07.392+0000] {logging_mixin.py:149} INFO - [2024-06-24T15:19:07.392+0000] {dag.py:2726} INFO - Sync 1 DAGs
[2024-06-24T15:19:07.404+0000] {logging_mixin.py:149} INFO - [2024-06-24T15:19:07.404+0000] {dag.py:3490} INFO - Setting next_dagrun for latest_only_with_trigger to 2024-06-24T11:19:07.404667+00:00, run_after=2024-06-24T15:19:07.404667+00:00
[2024-06-24T15:19:07.413+0000] {processor.py:178} INFO - Processing /home/airflow/.local/lib/python3.7/site-packages/airflow/example_dags/example_latest_only_with_trigger.py took 0.035 seconds
[2024-06-24T15:19:37.965+0000] {processor.py:156} INFO - Started process (PID=1652) to work on /home/airflow/.local/lib/python3.7/site-packages/airflow/example_dags/example_latest_only_with_trigger.py
[2024-06-24T15:19:37.966+0000] {processor.py:799} INFO - Processing file /home/airflow/.local/lib/python3.7/site-packages/airflow/example_dags/example_latest_only_with_trigger.py for tasks to queue
[2024-06-24T15:19:37.966+0000] {logging_mixin.py:149} INFO - [2024-06-24T15:19:37.966+0000] {dagbag.py:541} INFO - Filling up the DagBag from /home/airflow/.local/lib/python3.7/site-packages/airflow/example_dags/example_latest_only_with_trigger.py
[2024-06-24T15:19:37.968+0000] {processor.py:809} INFO - DAG(s) dict_keys(['latest_only_with_trigger']) retrieved from /home/airflow/.local/lib/python3.7/site-packages/airflow/example_dags/example_latest_only_with_trigger.py
[2024-06-24T15:19:37.978+0000] {logging_mixin.py:149} INFO - [2024-06-24T15:19:37.978+0000] {dag.py:2726} INFO - Sync 1 DAGs
[2024-06-24T15:19:37.988+0000] {logging_mixin.py:149} INFO - [2024-06-24T15:19:37.988+0000] {dag.py:3490} INFO - Setting next_dagrun for latest_only_with_trigger to 2024-06-24T11:19:37.988622+00:00, run_after=2024-06-24T15:19:37.988622+00:00
[2024-06-24T15:19:37.995+0000] {processor.py:178} INFO - Processing /home/airflow/.local/lib/python3.7/site-packages/airflow/example_dags/example_latest_only_with_trigger.py took 0.031 seconds
[2024-06-24T15:20:08.416+0000] {processor.py:156} INFO - Started process (PID=1721) to work on /home/airflow/.local/lib/python3.7/site-packages/airflow/example_dags/example_latest_only_with_trigger.py
[2024-06-24T15:20:08.416+0000] {processor.py:799} INFO - Processing file /home/airflow/.local/lib/python3.7/site-packages/airflow/example_dags/example_latest_only_with_trigger.py for tasks to queue
[2024-06-24T15:20:08.417+0000] {logging_mixin.py:149} INFO - [2024-06-24T15:20:08.417+0000] {dagbag.py:541} INFO - Filling up the DagBag from /home/airflow/.local/lib/python3.7/site-packages/airflow/example_dags/example_latest_only_with_trigger.py
[2024-06-24T15:20:08.419+0000] {processor.py:809} INFO - DAG(s) dict_keys(['latest_only_with_trigger']) retrieved from /home/airflow/.local/lib/python3.7/site-packages/airflow/example_dags/example_latest_only_with_trigger.py
[2024-06-24T15:20:08.429+0000] {logging_mixin.py:149} INFO - [2024-06-24T15:20:08.429+0000] {dag.py:2726} INFO - Sync 1 DAGs
[2024-06-24T15:20:08.440+0000] {logging_mixin.py:149} INFO - [2024-06-24T15:20:08.440+0000] {dag.py:3490} INFO - Setting next_dagrun for latest_only_with_trigger to 2024-06-24T11:20:08.440281+00:00, run_after=2024-06-24T15:20:08.440281+00:00
[2024-06-24T15:20:08.448+0000] {processor.py:178} INFO - Processing /home/airflow/.local/lib/python3.7/site-packages/airflow/example_dags/example_latest_only_with_trigger.py took 0.033 seconds
[2024-06-24T15:20:39.171+0000] {processor.py:156} INFO - Started process (PID=1790) to work on /home/airflow/.local/lib/python3.7/site-packages/airflow/example_dags/example_latest_only_with_trigger.py
[2024-06-24T15:20:39.172+0000] {processor.py:799} INFO - Processing file /home/airflow/.local/lib/python3.7/site-packages/airflow/example_dags/example_latest_only_with_trigger.py for tasks to queue
[2024-06-24T15:20:39.172+0000] {logging_mixin.py:149} INFO - [2024-06-24T15:20:39.172+0000] {dagbag.py:541} INFO - Filling up the DagBag from /home/airflow/.local/lib/python3.7/site-packages/airflow/example_dags/example_latest_only_with_trigger.py
[2024-06-24T15:20:39.175+0000] {processor.py:809} INFO - DAG(s) dict_keys(['latest_only_with_trigger']) retrieved from /home/airflow/.local/lib/python3.7/site-packages/airflow/example_dags/example_latest_only_with_trigger.py
[2024-06-24T15:20:39.184+0000] {logging_mixin.py:149} INFO - [2024-06-24T15:20:39.184+0000] {dag.py:2726} INFO - Sync 1 DAGs
[2024-06-24T15:20:39.195+0000] {logging_mixin.py:149} INFO - [2024-06-24T15:20:39.195+0000] {dag.py:3490} INFO - Setting next_dagrun for latest_only_with_trigger to 2024-06-24T11:20:39.195586+00:00, run_after=2024-06-24T15:20:39.195586+00:00
[2024-06-24T15:20:39.203+0000] {processor.py:178} INFO - Processing /home/airflow/.local/lib/python3.7/site-packages/airflow/example_dags/example_latest_only_with_trigger.py took 0.033 seconds
[2024-06-24T15:21:09.819+0000] {processor.py:156} INFO - Started process (PID=1859) to work on /home/airflow/.local/lib/python3.7/site-packages/airflow/example_dags/example_latest_only_with_trigger.py
[2024-06-24T15:21:09.820+0000] {processor.py:799} INFO - Processing file /home/airflow/.local/lib/python3.7/site-packages/airflow/example_dags/example_latest_only_with_trigger.py for tasks to queue
[2024-06-24T15:21:09.820+0000] {logging_mixin.py:149} INFO - [2024-06-24T15:21:09.820+0000] {dagbag.py:541} INFO - Filling up the DagBag from /home/airflow/.local/lib/python3.7/site-packages/airflow/example_dags/example_latest_only_with_trigger.py
[2024-06-24T15:21:09.823+0000] {processor.py:809} INFO - DAG(s) dict_keys(['latest_only_with_trigger']) retrieved from /home/airflow/.local/lib/python3.7/site-packages/airflow/example_dags/example_latest_only_with_trigger.py
[2024-06-24T15:21:09.835+0000] {logging_mixin.py:149} INFO - [2024-06-24T15:21:09.835+0000] {dag.py:2726} INFO - Sync 1 DAGs
[2024-06-24T15:21:09.847+0000] {logging_mixin.py:149} INFO - [2024-06-24T15:21:09.847+0000] {dag.py:3490} INFO - Setting next_dagrun for latest_only_with_trigger to 2024-06-24T11:21:09.847362+00:00, run_after=2024-06-24T15:21:09.847362+00:00
[2024-06-24T15:21:09.855+0000] {processor.py:178} INFO - Processing /home/airflow/.local/lib/python3.7/site-packages/airflow/example_dags/example_latest_only_with_trigger.py took 0.037 seconds
[2024-06-24T15:21:40.724+0000] {processor.py:156} INFO - Started process (PID=1927) to work on /home/airflow/.local/lib/python3.7/site-packages/airflow/example_dags/example_latest_only_with_trigger.py
[2024-06-24T15:21:40.724+0000] {processor.py:799} INFO - Processing file /home/airflow/.local/lib/python3.7/site-packages/airflow/example_dags/example_latest_only_with_trigger.py for tasks to queue
[2024-06-24T15:21:40.725+0000] {logging_mixin.py:149} INFO - [2024-06-24T15:21:40.725+0000] {dagbag.py:541} INFO - Filling up the DagBag from /home/airflow/.local/lib/python3.7/site-packages/airflow/example_dags/example_latest_only_with_trigger.py
[2024-06-24T15:21:40.729+0000] {processor.py:809} INFO - DAG(s) dict_keys(['latest_only_with_trigger']) retrieved from /home/airflow/.local/lib/python3.7/site-packages/airflow/example_dags/example_latest_only_with_trigger.py
[2024-06-24T15:21:40.740+0000] {logging_mixin.py:149} INFO - [2024-06-24T15:21:40.740+0000] {dag.py:2726} INFO - Sync 1 DAGs
[2024-06-24T15:21:40.752+0000] {logging_mixin.py:149} INFO - [2024-06-24T15:21:40.752+0000] {dag.py:3490} INFO - Setting next_dagrun for latest_only_with_trigger to 2024-06-24T11:21:40.752102+00:00, run_after=2024-06-24T15:21:40.752102+00:00
[2024-06-24T15:21:40.759+0000] {processor.py:178} INFO - Processing /home/airflow/.local/lib/python3.7/site-packages/airflow/example_dags/example_latest_only_with_trigger.py took 0.037 seconds
[2024-06-24T15:22:11.482+0000] {processor.py:156} INFO - Started process (PID=1996) to work on /home/airflow/.local/lib/python3.7/site-packages/airflow/example_dags/example_latest_only_with_trigger.py
[2024-06-24T15:22:11.482+0000] {processor.py:799} INFO - Processing file /home/airflow/.local/lib/python3.7/site-packages/airflow/example_dags/example_latest_only_with_trigger.py for tasks to queue
[2024-06-24T15:22:11.483+0000] {logging_mixin.py:149} INFO - [2024-06-24T15:22:11.483+0000] {dagbag.py:541} INFO - Filling up the DagBag from /home/airflow/.local/lib/python3.7/site-packages/airflow/example_dags/example_latest_only_with_trigger.py
[2024-06-24T15:22:11.485+0000] {processor.py:809} INFO - DAG(s) dict_keys(['latest_only_with_trigger']) retrieved from /home/airflow/.local/lib/python3.7/site-packages/airflow/example_dags/example_latest_only_with_trigger.py
[2024-06-24T15:22:11.495+0000] {logging_mixin.py:149} INFO - [2024-06-24T15:22:11.495+0000] {dag.py:2726} INFO - Sync 1 DAGs
[2024-06-24T15:22:11.506+0000] {logging_mixin.py:149} INFO - [2024-06-24T15:22:11.506+0000] {dag.py:3490} INFO - Setting next_dagrun for latest_only_with_trigger to 2024-06-24T11:22:11.506116+00:00, run_after=2024-06-24T15:22:11.506116+00:00
[2024-06-24T15:22:11.515+0000] {processor.py:178} INFO - Processing /home/airflow/.local/lib/python3.7/site-packages/airflow/example_dags/example_latest_only_with_trigger.py took 0.035 seconds
[2024-06-24T15:22:42.103+0000] {processor.py:156} INFO - Started process (PID=2064) to work on /home/airflow/.local/lib/python3.7/site-packages/airflow/example_dags/example_latest_only_with_trigger.py
[2024-06-24T15:22:42.103+0000] {processor.py:799} INFO - Processing file /home/airflow/.local/lib/python3.7/site-packages/airflow/example_dags/example_latest_only_with_trigger.py for tasks to queue
[2024-06-24T15:22:42.104+0000] {logging_mixin.py:149} INFO - [2024-06-24T15:22:42.104+0000] {dagbag.py:541} INFO - Filling up the DagBag from /home/airflow/.local/lib/python3.7/site-packages/airflow/example_dags/example_latest_only_with_trigger.py
[2024-06-24T15:22:42.107+0000] {processor.py:809} INFO - DAG(s) dict_keys(['latest_only_with_trigger']) retrieved from /home/airflow/.local/lib/python3.7/site-packages/airflow/example_dags/example_latest_only_with_trigger.py
[2024-06-24T15:22:42.116+0000] {logging_mixin.py:149} INFO - [2024-06-24T15:22:42.116+0000] {dag.py:2726} INFO - Sync 1 DAGs
[2024-06-24T15:22:42.128+0000] {logging_mixin.py:149} INFO - [2024-06-24T15:22:42.128+0000] {dag.py:3490} INFO - Setting next_dagrun for latest_only_with_trigger to 2024-06-24T11:22:42.128235+00:00, run_after=2024-06-24T15:22:42.128235+00:00
[2024-06-24T15:22:42.135+0000] {processor.py:178} INFO - Processing /home/airflow/.local/lib/python3.7/site-packages/airflow/example_dags/example_latest_only_with_trigger.py took 0.033 seconds
[2024-06-24T15:23:12.753+0000] {processor.py:156} INFO - Started process (PID=2133) to work on /home/airflow/.local/lib/python3.7/site-packages/airflow/example_dags/example_latest_only_with_trigger.py
[2024-06-24T15:23:12.753+0000] {processor.py:799} INFO - Processing file /home/airflow/.local/lib/python3.7/site-packages/airflow/example_dags/example_latest_only_with_trigger.py for tasks to queue
[2024-06-24T15:23:12.754+0000] {logging_mixin.py:149} INFO - [2024-06-24T15:23:12.754+0000] {dagbag.py:541} INFO - Filling up the DagBag from /home/airflow/.local/lib/python3.7/site-packages/airflow/example_dags/example_latest_only_with_trigger.py
[2024-06-24T15:23:12.756+0000] {processor.py:809} INFO - DAG(s) dict_keys(['latest_only_with_trigger']) retrieved from /home/airflow/.local/lib/python3.7/site-packages/airflow/example_dags/example_latest_only_with_trigger.py
[2024-06-24T15:23:12.767+0000] {logging_mixin.py:149} INFO - [2024-06-24T15:23:12.767+0000] {dag.py:2726} INFO - Sync 1 DAGs
[2024-06-24T15:23:12.778+0000] {logging_mixin.py:149} INFO - [2024-06-24T15:23:12.778+0000] {dag.py:3490} INFO - Setting next_dagrun for latest_only_with_trigger to 2024-06-24T11:23:12.778465+00:00, run_after=2024-06-24T15:23:12.778465+00:00
[2024-06-24T15:23:12.786+0000] {processor.py:178} INFO - Processing /home/airflow/.local/lib/python3.7/site-packages/airflow/example_dags/example_latest_only_with_trigger.py took 0.034 seconds
[2024-06-24T15:23:43.462+0000] {processor.py:156} INFO - Started process (PID=2202) to work on /home/airflow/.local/lib/python3.7/site-packages/airflow/example_dags/example_latest_only_with_trigger.py
[2024-06-24T15:23:43.463+0000] {processor.py:799} INFO - Processing file /home/airflow/.local/lib/python3.7/site-packages/airflow/example_dags/example_latest_only_with_trigger.py for tasks to queue
[2024-06-24T15:23:43.463+0000] {logging_mixin.py:149} INFO - [2024-06-24T15:23:43.463+0000] {dagbag.py:541} INFO - Filling up the DagBag from /home/airflow/.local/lib/python3.7/site-packages/airflow/example_dags/example_latest_only_with_trigger.py
[2024-06-24T15:23:43.466+0000] {processor.py:809} INFO - DAG(s) dict_keys(['latest_only_with_trigger']) retrieved from /home/airflow/.local/lib/python3.7/site-packages/airflow/example_dags/example_latest_only_with_trigger.py
[2024-06-24T15:23:43.480+0000] {logging_mixin.py:149} INFO - [2024-06-24T15:23:43.480+0000] {dag.py:2726} INFO - Sync 1 DAGs
[2024-06-24T15:23:43.491+0000] {logging_mixin.py:149} INFO - [2024-06-24T15:23:43.491+0000] {dag.py:3490} INFO - Setting next_dagrun for latest_only_with_trigger to 2024-06-24T11:23:43.491497+00:00, run_after=2024-06-24T15:23:43.491497+00:00
[2024-06-24T15:23:43.499+0000] {processor.py:178} INFO - Processing /home/airflow/.local/lib/python3.7/site-packages/airflow/example_dags/example_latest_only_with_trigger.py took 0.038 seconds
[2024-06-24T15:24:14.179+0000] {processor.py:156} INFO - Started process (PID=2271) to work on /home/airflow/.local/lib/python3.7/site-packages/airflow/example_dags/example_latest_only_with_trigger.py
[2024-06-24T15:24:14.180+0000] {processor.py:799} INFO - Processing file /home/airflow/.local/lib/python3.7/site-packages/airflow/example_dags/example_latest_only_with_trigger.py for tasks to queue
[2024-06-24T15:24:14.180+0000] {logging_mixin.py:149} INFO - [2024-06-24T15:24:14.180+0000] {dagbag.py:541} INFO - Filling up the DagBag from /home/airflow/.local/lib/python3.7/site-packages/airflow/example_dags/example_latest_only_with_trigger.py
[2024-06-24T15:24:14.183+0000] {processor.py:809} INFO - DAG(s) dict_keys(['latest_only_with_trigger']) retrieved from /home/airflow/.local/lib/python3.7/site-packages/airflow/example_dags/example_latest_only_with_trigger.py
[2024-06-24T15:24:14.193+0000] {logging_mixin.py:149} INFO - [2024-06-24T15:24:14.193+0000] {dag.py:2726} INFO - Sync 1 DAGs
[2024-06-24T15:24:14.204+0000] {logging_mixin.py:149} INFO - [2024-06-24T15:24:14.204+0000] {dag.py:3490} INFO - Setting next_dagrun for latest_only_with_trigger to 2024-06-24T11:24:14.204274+00:00, run_after=2024-06-24T15:24:14.204274+00:00
[2024-06-24T15:24:14.211+0000] {processor.py:178} INFO - Processing /home/airflow/.local/lib/python3.7/site-packages/airflow/example_dags/example_latest_only_with_trigger.py took 0.033 seconds
[2024-06-24T15:24:44.772+0000] {processor.py:156} INFO - Started process (PID=2340) to work on /home/airflow/.local/lib/python3.7/site-packages/airflow/example_dags/example_latest_only_with_trigger.py
[2024-06-24T15:24:44.773+0000] {processor.py:799} INFO - Processing file /home/airflow/.local/lib/python3.7/site-packages/airflow/example_dags/example_latest_only_with_trigger.py for tasks to queue
[2024-06-24T15:24:44.773+0000] {logging_mixin.py:149} INFO - [2024-06-24T15:24:44.773+0000] {dagbag.py:541} INFO - Filling up the DagBag from /home/airflow/.local/lib/python3.7/site-packages/airflow/example_dags/example_latest_only_with_trigger.py
[2024-06-24T15:24:44.775+0000] {processor.py:809} INFO - DAG(s) dict_keys(['latest_only_with_trigger']) retrieved from /home/airflow/.local/lib/python3.7/site-packages/airflow/example_dags/example_latest_only_with_trigger.py
[2024-06-24T15:24:44.786+0000] {logging_mixin.py:149} INFO - [2024-06-24T15:24:44.786+0000] {dag.py:2726} INFO - Sync 1 DAGs
[2024-06-24T15:24:44.797+0000] {logging_mixin.py:149} INFO - [2024-06-24T15:24:44.797+0000] {dag.py:3490} INFO - Setting next_dagrun for latest_only_with_trigger to 2024-06-24T11:24:44.797573+00:00, run_after=2024-06-24T15:24:44.797573+00:00
[2024-06-24T15:24:44.805+0000] {processor.py:178} INFO - Processing /home/airflow/.local/lib/python3.7/site-packages/airflow/example_dags/example_latest_only_with_trigger.py took 0.034 seconds
[2024-06-24T15:25:15.323+0000] {processor.py:156} INFO - Started process (PID=2408) to work on /home/airflow/.local/lib/python3.7/site-packages/airflow/example_dags/example_latest_only_with_trigger.py
[2024-06-24T15:25:15.323+0000] {processor.py:799} INFO - Processing file /home/airflow/.local/lib/python3.7/site-packages/airflow/example_dags/example_latest_only_with_trigger.py for tasks to queue
[2024-06-24T15:25:15.323+0000] {logging_mixin.py:149} INFO - [2024-06-24T15:25:15.323+0000] {dagbag.py:541} INFO - Filling up the DagBag from /home/airflow/.local/lib/python3.7/site-packages/airflow/example_dags/example_latest_only_with_trigger.py
[2024-06-24T15:25:15.326+0000] {processor.py:809} INFO - DAG(s) dict_keys(['latest_only_with_trigger']) retrieved from /home/airflow/.local/lib/python3.7/site-packages/airflow/example_dags/example_latest_only_with_trigger.py
[2024-06-24T15:25:15.337+0000] {logging_mixin.py:149} INFO - [2024-06-24T15:25:15.337+0000] {dag.py:2726} INFO - Sync 1 DAGs
[2024-06-24T15:25:15.349+0000] {logging_mixin.py:149} INFO - [2024-06-24T15:25:15.348+0000] {dag.py:3490} INFO - Setting next_dagrun for latest_only_with_trigger to 2024-06-24T11:25:15.348822+00:00, run_after=2024-06-24T15:25:15.348822+00:00
[2024-06-24T15:25:15.356+0000] {processor.py:178} INFO - Processing /home/airflow/.local/lib/python3.7/site-packages/airflow/example_dags/example_latest_only_with_trigger.py took 0.035 seconds
[2024-06-24T15:25:45.908+0000] {processor.py:156} INFO - Started process (PID=2476) to work on /home/airflow/.local/lib/python3.7/site-packages/airflow/example_dags/example_latest_only_with_trigger.py
[2024-06-24T15:25:45.908+0000] {processor.py:799} INFO - Processing file /home/airflow/.local/lib/python3.7/site-packages/airflow/example_dags/example_latest_only_with_trigger.py for tasks to queue
[2024-06-24T15:25:45.909+0000] {logging_mixin.py:149} INFO - [2024-06-24T15:25:45.909+0000] {dagbag.py:541} INFO - Filling up the DagBag from /home/airflow/.local/lib/python3.7/site-packages/airflow/example_dags/example_latest_only_with_trigger.py
[2024-06-24T15:25:45.912+0000] {processor.py:809} INFO - DAG(s) dict_keys(['latest_only_with_trigger']) retrieved from /home/airflow/.local/lib/python3.7/site-packages/airflow/example_dags/example_latest_only_with_trigger.py
[2024-06-24T15:25:45.923+0000] {logging_mixin.py:149} INFO - [2024-06-24T15:25:45.923+0000] {dag.py:2726} INFO - Sync 1 DAGs
[2024-06-24T15:25:45.941+0000] {logging_mixin.py:149} INFO - [2024-06-24T15:25:45.941+0000] {dag.py:3490} INFO - Setting next_dagrun for latest_only_with_trigger to 2024-06-24T11:25:45.941225+00:00, run_after=2024-06-24T15:25:45.941225+00:00
[2024-06-24T15:25:45.954+0000] {processor.py:178} INFO - Processing /home/airflow/.local/lib/python3.7/site-packages/airflow/example_dags/example_latest_only_with_trigger.py took 0.047 seconds
[2024-06-24T15:26:16.526+0000] {processor.py:156} INFO - Started process (PID=2552) to work on /home/airflow/.local/lib/python3.7/site-packages/airflow/example_dags/example_latest_only_with_trigger.py
[2024-06-24T15:26:16.526+0000] {processor.py:799} INFO - Processing file /home/airflow/.local/lib/python3.7/site-packages/airflow/example_dags/example_latest_only_with_trigger.py for tasks to queue
[2024-06-24T15:26:16.526+0000] {logging_mixin.py:149} INFO - [2024-06-24T15:26:16.526+0000] {dagbag.py:541} INFO - Filling up the DagBag from /home/airflow/.local/lib/python3.7/site-packages/airflow/example_dags/example_latest_only_with_trigger.py
[2024-06-24T15:26:16.529+0000] {processor.py:809} INFO - DAG(s) dict_keys(['latest_only_with_trigger']) retrieved from /home/airflow/.local/lib/python3.7/site-packages/airflow/example_dags/example_latest_only_with_trigger.py
[2024-06-24T15:26:16.540+0000] {logging_mixin.py:149} INFO - [2024-06-24T15:26:16.540+0000] {dag.py:2726} INFO - Sync 1 DAGs
[2024-06-24T15:26:16.550+0000] {logging_mixin.py:149} INFO - [2024-06-24T15:26:16.550+0000] {dag.py:3490} INFO - Setting next_dagrun for latest_only_with_trigger to 2024-06-24T11:26:16.550486+00:00, run_after=2024-06-24T15:26:16.550486+00:00
[2024-06-24T15:26:16.557+0000] {processor.py:178} INFO - Processing /home/airflow/.local/lib/python3.7/site-packages/airflow/example_dags/example_latest_only_with_trigger.py took 0.033 seconds
[2024-06-24T15:26:47.195+0000] {processor.py:156} INFO - Started process (PID=2621) to work on /home/airflow/.local/lib/python3.7/site-packages/airflow/example_dags/example_latest_only_with_trigger.py
[2024-06-24T15:26:47.196+0000] {processor.py:799} INFO - Processing file /home/airflow/.local/lib/python3.7/site-packages/airflow/example_dags/example_latest_only_with_trigger.py for tasks to queue
[2024-06-24T15:26:47.196+0000] {logging_mixin.py:149} INFO - [2024-06-24T15:26:47.196+0000] {dagbag.py:541} INFO - Filling up the DagBag from /home/airflow/.local/lib/python3.7/site-packages/airflow/example_dags/example_latest_only_with_trigger.py
[2024-06-24T15:26:47.199+0000] {processor.py:809} INFO - DAG(s) dict_keys(['latest_only_with_trigger']) retrieved from /home/airflow/.local/lib/python3.7/site-packages/airflow/example_dags/example_latest_only_with_trigger.py
[2024-06-24T15:26:47.211+0000] {logging_mixin.py:149} INFO - [2024-06-24T15:26:47.211+0000] {dag.py:2726} INFO - Sync 1 DAGs
[2024-06-24T15:26:47.223+0000] {logging_mixin.py:149} INFO - [2024-06-24T15:26:47.223+0000] {dag.py:3490} INFO - Setting next_dagrun for latest_only_with_trigger to 2024-06-24T11:26:47.223195+00:00, run_after=2024-06-24T15:26:47.223195+00:00
[2024-06-24T15:26:47.231+0000] {processor.py:178} INFO - Processing /home/airflow/.local/lib/python3.7/site-packages/airflow/example_dags/example_latest_only_with_trigger.py took 0.037 seconds
[2024-06-24T15:27:18.098+0000] {processor.py:156} INFO - Started process (PID=2690) to work on /home/airflow/.local/lib/python3.7/site-packages/airflow/example_dags/example_latest_only_with_trigger.py
[2024-06-24T15:27:18.098+0000] {processor.py:799} INFO - Processing file /home/airflow/.local/lib/python3.7/site-packages/airflow/example_dags/example_latest_only_with_trigger.py for tasks to queue
[2024-06-24T15:27:18.099+0000] {logging_mixin.py:149} INFO - [2024-06-24T15:27:18.099+0000] {dagbag.py:541} INFO - Filling up the DagBag from /home/airflow/.local/lib/python3.7/site-packages/airflow/example_dags/example_latest_only_with_trigger.py
[2024-06-24T15:27:18.102+0000] {processor.py:809} INFO - DAG(s) dict_keys(['latest_only_with_trigger']) retrieved from /home/airflow/.local/lib/python3.7/site-packages/airflow/example_dags/example_latest_only_with_trigger.py
[2024-06-24T15:27:18.114+0000] {logging_mixin.py:149} INFO - [2024-06-24T15:27:18.114+0000] {dag.py:2726} INFO - Sync 1 DAGs
[2024-06-24T15:27:18.127+0000] {logging_mixin.py:149} INFO - [2024-06-24T15:27:18.127+0000] {dag.py:3490} INFO - Setting next_dagrun for latest_only_with_trigger to 2024-06-24T11:27:18.127071+00:00, run_after=2024-06-24T15:27:18.127071+00:00
[2024-06-24T15:27:18.135+0000] {processor.py:178} INFO - Processing /home/airflow/.local/lib/python3.7/site-packages/airflow/example_dags/example_latest_only_with_trigger.py took 0.039 seconds
[2024-06-24T15:27:48.931+0000] {processor.py:156} INFO - Started process (PID=2759) to work on /home/airflow/.local/lib/python3.7/site-packages/airflow/example_dags/example_latest_only_with_trigger.py
[2024-06-24T15:27:48.932+0000] {processor.py:799} INFO - Processing file /home/airflow/.local/lib/python3.7/site-packages/airflow/example_dags/example_latest_only_with_trigger.py for tasks to queue
[2024-06-24T15:27:48.932+0000] {logging_mixin.py:149} INFO - [2024-06-24T15:27:48.932+0000] {dagbag.py:541} INFO - Filling up the DagBag from /home/airflow/.local/lib/python3.7/site-packages/airflow/example_dags/example_latest_only_with_trigger.py
[2024-06-24T15:27:48.935+0000] {processor.py:809} INFO - DAG(s) dict_keys(['latest_only_with_trigger']) retrieved from /home/airflow/.local/lib/python3.7/site-packages/airflow/example_dags/example_latest_only_with_trigger.py
[2024-06-24T15:27:48.948+0000] {logging_mixin.py:149} INFO - [2024-06-24T15:27:48.948+0000] {dag.py:2726} INFO - Sync 1 DAGs
[2024-06-24T15:27:48.962+0000] {logging_mixin.py:149} INFO - [2024-06-24T15:27:48.962+0000] {dag.py:3490} INFO - Setting next_dagrun for latest_only_with_trigger to 2024-06-24T11:27:48.962166+00:00, run_after=2024-06-24T15:27:48.962166+00:00
[2024-06-24T15:27:48.971+0000] {processor.py:178} INFO - Processing /home/airflow/.local/lib/python3.7/site-packages/airflow/example_dags/example_latest_only_with_trigger.py took 0.041 seconds
[2024-06-24T15:28:19.858+0000] {processor.py:156} INFO - Started process (PID=2828) to work on /home/airflow/.local/lib/python3.7/site-packages/airflow/example_dags/example_latest_only_with_trigger.py
[2024-06-24T15:28:19.859+0000] {processor.py:799} INFO - Processing file /home/airflow/.local/lib/python3.7/site-packages/airflow/example_dags/example_latest_only_with_trigger.py for tasks to queue
[2024-06-24T15:28:19.859+0000] {logging_mixin.py:149} INFO - [2024-06-24T15:28:19.859+0000] {dagbag.py:541} INFO - Filling up the DagBag from /home/airflow/.local/lib/python3.7/site-packages/airflow/example_dags/example_latest_only_with_trigger.py
[2024-06-24T15:28:19.862+0000] {processor.py:809} INFO - DAG(s) dict_keys(['latest_only_with_trigger']) retrieved from /home/airflow/.local/lib/python3.7/site-packages/airflow/example_dags/example_latest_only_with_trigger.py
[2024-06-24T15:28:19.872+0000] {logging_mixin.py:149} INFO - [2024-06-24T15:28:19.871+0000] {dag.py:2726} INFO - Sync 1 DAGs
[2024-06-24T15:28:19.882+0000] {logging_mixin.py:149} INFO - [2024-06-24T15:28:19.882+0000] {dag.py:3490} INFO - Setting next_dagrun for latest_only_with_trigger to 2024-06-24T11:28:19.882734+00:00, run_after=2024-06-24T15:28:19.882734+00:00
[2024-06-24T15:28:19.890+0000] {processor.py:178} INFO - Processing /home/airflow/.local/lib/python3.7/site-packages/airflow/example_dags/example_latest_only_with_trigger.py took 0.033 seconds
[2024-06-24T15:28:50.758+0000] {processor.py:156} INFO - Started process (PID=2897) to work on /home/airflow/.local/lib/python3.7/site-packages/airflow/example_dags/example_latest_only_with_trigger.py
[2024-06-24T15:28:50.758+0000] {processor.py:799} INFO - Processing file /home/airflow/.local/lib/python3.7/site-packages/airflow/example_dags/example_latest_only_with_trigger.py for tasks to queue
[2024-06-24T15:28:50.759+0000] {logging_mixin.py:149} INFO - [2024-06-24T15:28:50.759+0000] {dagbag.py:541} INFO - Filling up the DagBag from /home/airflow/.local/lib/python3.7/site-packages/airflow/example_dags/example_latest_only_with_trigger.py
[2024-06-24T15:28:50.761+0000] {processor.py:809} INFO - DAG(s) dict_keys(['latest_only_with_trigger']) retrieved from /home/airflow/.local/lib/python3.7/site-packages/airflow/example_dags/example_latest_only_with_trigger.py
[2024-06-24T15:28:50.772+0000] {logging_mixin.py:149} INFO - [2024-06-24T15:28:50.772+0000] {dag.py:2726} INFO - Sync 1 DAGs
[2024-06-24T15:28:50.783+0000] {logging_mixin.py:149} INFO - [2024-06-24T15:28:50.783+0000] {dag.py:3490} INFO - Setting next_dagrun for latest_only_with_trigger to 2024-06-24T11:28:50.783067+00:00, run_after=2024-06-24T15:28:50.783067+00:00
[2024-06-24T15:28:50.790+0000] {processor.py:178} INFO - Processing /home/airflow/.local/lib/python3.7/site-packages/airflow/example_dags/example_latest_only_with_trigger.py took 0.033 seconds
[2024-06-24T15:29:21.390+0000] {processor.py:156} INFO - Started process (PID=2965) to work on /home/airflow/.local/lib/python3.7/site-packages/airflow/example_dags/example_latest_only_with_trigger.py
[2024-06-24T15:29:21.390+0000] {processor.py:799} INFO - Processing file /home/airflow/.local/lib/python3.7/site-packages/airflow/example_dags/example_latest_only_with_trigger.py for tasks to queue
[2024-06-24T15:29:21.391+0000] {logging_mixin.py:149} INFO - [2024-06-24T15:29:21.390+0000] {dagbag.py:541} INFO - Filling up the DagBag from /home/airflow/.local/lib/python3.7/site-packages/airflow/example_dags/example_latest_only_with_trigger.py
[2024-06-24T15:29:21.394+0000] {processor.py:809} INFO - DAG(s) dict_keys(['latest_only_with_trigger']) retrieved from /home/airflow/.local/lib/python3.7/site-packages/airflow/example_dags/example_latest_only_with_trigger.py
[2024-06-24T15:29:21.405+0000] {logging_mixin.py:149} INFO - [2024-06-24T15:29:21.405+0000] {dag.py:2726} INFO - Sync 1 DAGs
[2024-06-24T15:29:21.416+0000] {logging_mixin.py:149} INFO - [2024-06-24T15:29:21.416+0000] {dag.py:3490} INFO - Setting next_dagrun for latest_only_with_trigger to 2024-06-24T11:29:21.416340+00:00, run_after=2024-06-24T15:29:21.416340+00:00
[2024-06-24T15:29:21.423+0000] {processor.py:178} INFO - Processing /home/airflow/.local/lib/python3.7/site-packages/airflow/example_dags/example_latest_only_with_trigger.py took 0.035 seconds
[2024-06-24T15:29:52.096+0000] {processor.py:156} INFO - Started process (PID=3034) to work on /home/airflow/.local/lib/python3.7/site-packages/airflow/example_dags/example_latest_only_with_trigger.py
[2024-06-24T15:29:52.096+0000] {processor.py:799} INFO - Processing file /home/airflow/.local/lib/python3.7/site-packages/airflow/example_dags/example_latest_only_with_trigger.py for tasks to queue
[2024-06-24T15:29:52.096+0000] {logging_mixin.py:149} INFO - [2024-06-24T15:29:52.096+0000] {dagbag.py:541} INFO - Filling up the DagBag from /home/airflow/.local/lib/python3.7/site-packages/airflow/example_dags/example_latest_only_with_trigger.py
[2024-06-24T15:29:52.099+0000] {processor.py:809} INFO - DAG(s) dict_keys(['latest_only_with_trigger']) retrieved from /home/airflow/.local/lib/python3.7/site-packages/airflow/example_dags/example_latest_only_with_trigger.py
[2024-06-24T15:29:52.109+0000] {logging_mixin.py:149} INFO - [2024-06-24T15:29:52.109+0000] {dag.py:2726} INFO - Sync 1 DAGs
[2024-06-24T15:29:52.120+0000] {logging_mixin.py:149} INFO - [2024-06-24T15:29:52.120+0000] {dag.py:3490} INFO - Setting next_dagrun for latest_only_with_trigger to 2024-06-24T11:29:52.120500+00:00, run_after=2024-06-24T15:29:52.120500+00:00
[2024-06-24T15:29:52.128+0000] {processor.py:178} INFO - Processing /home/airflow/.local/lib/python3.7/site-packages/airflow/example_dags/example_latest_only_with_trigger.py took 0.034 seconds
[2024-06-24T15:30:22.715+0000] {processor.py:156} INFO - Started process (PID=3102) to work on /home/airflow/.local/lib/python3.7/site-packages/airflow/example_dags/example_latest_only_with_trigger.py
[2024-06-24T15:30:22.715+0000] {processor.py:799} INFO - Processing file /home/airflow/.local/lib/python3.7/site-packages/airflow/example_dags/example_latest_only_with_trigger.py for tasks to queue
[2024-06-24T15:30:22.716+0000] {logging_mixin.py:149} INFO - [2024-06-24T15:30:22.716+0000] {dagbag.py:541} INFO - Filling up the DagBag from /home/airflow/.local/lib/python3.7/site-packages/airflow/example_dags/example_latest_only_with_trigger.py
[2024-06-24T15:30:22.719+0000] {processor.py:809} INFO - DAG(s) dict_keys(['latest_only_with_trigger']) retrieved from /home/airflow/.local/lib/python3.7/site-packages/airflow/example_dags/example_latest_only_with_trigger.py
[2024-06-24T15:30:22.732+0000] {logging_mixin.py:149} INFO - [2024-06-24T15:30:22.731+0000] {dag.py:2726} INFO - Sync 1 DAGs
[2024-06-24T15:30:22.744+0000] {logging_mixin.py:149} INFO - [2024-06-24T15:30:22.744+0000] {dag.py:3490} INFO - Setting next_dagrun for latest_only_with_trigger to 2024-06-24T11:30:22.744491+00:00, run_after=2024-06-24T15:30:22.744491+00:00
[2024-06-24T15:30:22.753+0000] {processor.py:178} INFO - Processing /home/airflow/.local/lib/python3.7/site-packages/airflow/example_dags/example_latest_only_with_trigger.py took 0.040 seconds
