[2024-06-24T15:03:50.151+0000] {processor.py:156} INFO - Started process (PID=62) to work on /home/airflow/.local/lib/python3.7/site-packages/airflow/example_dags/example_short_circuit_decorator.py
[2024-06-24T15:03:50.155+0000] {processor.py:799} INFO - Processing file /home/airflow/.local/lib/python3.7/site-packages/airflow/example_dags/example_short_circuit_decorator.py for tasks to queue
[2024-06-24T15:03:50.158+0000] {logging_mixin.py:149} INFO - [2024-06-24T15:03:50.158+0000] {dagbag.py:541} INFO - Filling up the DagBag from /home/airflow/.local/lib/python3.7/site-packages/airflow/example_dags/example_short_circuit_decorator.py
[2024-06-24T15:03:50.169+0000] {processor.py:809} INFO - DAG(s) dict_keys(['example_short_circuit_decorator']) retrieved from /home/airflow/.local/lib/python3.7/site-packages/airflow/example_dags/example_short_circuit_decorator.py
[2024-06-24T15:03:50.250+0000] {logging_mixin.py:149} INFO - [2024-06-24T15:03:50.249+0000] {manager.py:504} INFO - Created Permission View: can delete on DAG:example_short_circuit_decorator
[2024-06-24T15:03:50.262+0000] {logging_mixin.py:149} INFO - [2024-06-24T15:03:50.262+0000] {manager.py:504} INFO - Created Permission View: can edit on DAG:example_short_circuit_decorator
[2024-06-24T15:03:50.267+0000] {logging_mixin.py:149} INFO - [2024-06-24T15:03:50.266+0000] {manager.py:504} INFO - Created Permission View: can read on DAG:example_short_circuit_decorator
[2024-06-24T15:03:50.267+0000] {logging_mixin.py:149} INFO - [2024-06-24T15:03:50.267+0000] {dag.py:2726} INFO - Sync 1 DAGs
[2024-06-24T15:03:50.278+0000] {logging_mixin.py:149} INFO - [2024-06-24T15:03:50.278+0000] {dag.py:2747} INFO - Creating ORM DAG for example_short_circuit_decorator
[2024-06-24T15:03:50.287+0000] {logging_mixin.py:149} INFO - [2024-06-24T15:03:50.287+0000] {dag.py:3490} INFO - Setting next_dagrun for example_short_circuit_decorator to 2024-06-23T15:03:50.287244+00:00, run_after=2024-06-24T15:03:50.287244+00:00
[2024-06-24T15:03:50.300+0000] {processor.py:178} INFO - Processing /home/airflow/.local/lib/python3.7/site-packages/airflow/example_dags/example_short_circuit_decorator.py took 0.152 seconds
[2024-06-24T15:04:21.028+0000] {processor.py:156} INFO - Started process (PID=131) to work on /home/airflow/.local/lib/python3.7/site-packages/airflow/example_dags/example_short_circuit_decorator.py
[2024-06-24T15:04:21.028+0000] {processor.py:799} INFO - Processing file /home/airflow/.local/lib/python3.7/site-packages/airflow/example_dags/example_short_circuit_decorator.py for tasks to queue
[2024-06-24T15:04:21.028+0000] {logging_mixin.py:149} INFO - [2024-06-24T15:04:21.028+0000] {dagbag.py:541} INFO - Filling up the DagBag from /home/airflow/.local/lib/python3.7/site-packages/airflow/example_dags/example_short_circuit_decorator.py
[2024-06-24T15:04:21.034+0000] {processor.py:809} INFO - DAG(s) dict_keys(['example_short_circuit_decorator']) retrieved from /home/airflow/.local/lib/python3.7/site-packages/airflow/example_dags/example_short_circuit_decorator.py
[2024-06-24T15:04:21.047+0000] {logging_mixin.py:149} INFO - [2024-06-24T15:04:21.047+0000] {dag.py:2726} INFO - Sync 1 DAGs
[2024-06-24T15:04:21.060+0000] {logging_mixin.py:149} INFO - [2024-06-24T15:04:21.060+0000] {dag.py:3490} INFO - Setting next_dagrun for example_short_circuit_decorator to 2024-06-23T15:04:21.060441+00:00, run_after=2024-06-24T15:04:21.060441+00:00
[2024-06-24T15:04:21.069+0000] {processor.py:178} INFO - Processing /home/airflow/.local/lib/python3.7/site-packages/airflow/example_dags/example_short_circuit_decorator.py took 0.043 seconds
[2024-06-24T15:04:51.664+0000] {processor.py:156} INFO - Started process (PID=199) to work on /home/airflow/.local/lib/python3.7/site-packages/airflow/example_dags/example_short_circuit_decorator.py
[2024-06-24T15:04:51.664+0000] {processor.py:799} INFO - Processing file /home/airflow/.local/lib/python3.7/site-packages/airflow/example_dags/example_short_circuit_decorator.py for tasks to queue
[2024-06-24T15:04:51.665+0000] {logging_mixin.py:149} INFO - [2024-06-24T15:04:51.665+0000] {dagbag.py:541} INFO - Filling up the DagBag from /home/airflow/.local/lib/python3.7/site-packages/airflow/example_dags/example_short_circuit_decorator.py
[2024-06-24T15:04:51.669+0000] {processor.py:809} INFO - DAG(s) dict_keys(['example_short_circuit_decorator']) retrieved from /home/airflow/.local/lib/python3.7/site-packages/airflow/example_dags/example_short_circuit_decorator.py
[2024-06-24T15:04:51.679+0000] {logging_mixin.py:149} INFO - [2024-06-24T15:04:51.679+0000] {dag.py:2726} INFO - Sync 1 DAGs
[2024-06-24T15:04:51.689+0000] {logging_mixin.py:149} INFO - [2024-06-24T15:04:51.689+0000] {dag.py:3490} INFO - Setting next_dagrun for example_short_circuit_decorator to 2024-06-23T15:04:51.689473+00:00, run_after=2024-06-24T15:04:51.689473+00:00
[2024-06-24T15:04:51.696+0000] {processor.py:178} INFO - Processing /home/airflow/.local/lib/python3.7/site-packages/airflow/example_dags/example_short_circuit_decorator.py took 0.034 seconds
[2024-06-24T15:05:22.216+0000] {processor.py:156} INFO - Started process (PID=268) to work on /home/airflow/.local/lib/python3.7/site-packages/airflow/example_dags/example_short_circuit_decorator.py
[2024-06-24T15:05:22.216+0000] {processor.py:799} INFO - Processing file /home/airflow/.local/lib/python3.7/site-packages/airflow/example_dags/example_short_circuit_decorator.py for tasks to queue
[2024-06-24T15:05:22.216+0000] {logging_mixin.py:149} INFO - [2024-06-24T15:05:22.216+0000] {dagbag.py:541} INFO - Filling up the DagBag from /home/airflow/.local/lib/python3.7/site-packages/airflow/example_dags/example_short_circuit_decorator.py
[2024-06-24T15:05:22.220+0000] {processor.py:809} INFO - DAG(s) dict_keys(['example_short_circuit_decorator']) retrieved from /home/airflow/.local/lib/python3.7/site-packages/airflow/example_dags/example_short_circuit_decorator.py
[2024-06-24T15:05:22.230+0000] {logging_mixin.py:149} INFO - [2024-06-24T15:05:22.230+0000] {dag.py:2726} INFO - Sync 1 DAGs
[2024-06-24T15:05:22.240+0000] {logging_mixin.py:149} INFO - [2024-06-24T15:05:22.239+0000] {dag.py:3490} INFO - Setting next_dagrun for example_short_circuit_decorator to 2024-06-23T15:05:22.239887+00:00, run_after=2024-06-24T15:05:22.239887+00:00
[2024-06-24T15:05:22.246+0000] {processor.py:178} INFO - Processing /home/airflow/.local/lib/python3.7/site-packages/airflow/example_dags/example_short_circuit_decorator.py took 0.032 seconds
[2024-06-24T15:05:52.854+0000] {processor.py:156} INFO - Started process (PID=337) to work on /home/airflow/.local/lib/python3.7/site-packages/airflow/example_dags/example_short_circuit_decorator.py
[2024-06-24T15:05:52.854+0000] {processor.py:799} INFO - Processing file /home/airflow/.local/lib/python3.7/site-packages/airflow/example_dags/example_short_circuit_decorator.py for tasks to queue
[2024-06-24T15:05:52.854+0000] {logging_mixin.py:149} INFO - [2024-06-24T15:05:52.854+0000] {dagbag.py:541} INFO - Filling up the DagBag from /home/airflow/.local/lib/python3.7/site-packages/airflow/example_dags/example_short_circuit_decorator.py
[2024-06-24T15:05:52.858+0000] {processor.py:809} INFO - DAG(s) dict_keys(['example_short_circuit_decorator']) retrieved from /home/airflow/.local/lib/python3.7/site-packages/airflow/example_dags/example_short_circuit_decorator.py
[2024-06-24T15:05:52.869+0000] {logging_mixin.py:149} INFO - [2024-06-24T15:05:52.869+0000] {dag.py:2726} INFO - Sync 1 DAGs
[2024-06-24T15:05:52.879+0000] {logging_mixin.py:149} INFO - [2024-06-24T15:05:52.879+0000] {dag.py:3490} INFO - Setting next_dagrun for example_short_circuit_decorator to 2024-06-23T15:05:52.878919+00:00, run_after=2024-06-24T15:05:52.878919+00:00
[2024-06-24T15:05:52.885+0000] {processor.py:178} INFO - Processing /home/airflow/.local/lib/python3.7/site-packages/airflow/example_dags/example_short_circuit_decorator.py took 0.033 seconds
[2024-06-24T15:06:23.492+0000] {processor.py:156} INFO - Started process (PID=405) to work on /home/airflow/.local/lib/python3.7/site-packages/airflow/example_dags/example_short_circuit_decorator.py
[2024-06-24T15:06:23.492+0000] {processor.py:799} INFO - Processing file /home/airflow/.local/lib/python3.7/site-packages/airflow/example_dags/example_short_circuit_decorator.py for tasks to queue
[2024-06-24T15:06:23.492+0000] {logging_mixin.py:149} INFO - [2024-06-24T15:06:23.492+0000] {dagbag.py:541} INFO - Filling up the DagBag from /home/airflow/.local/lib/python3.7/site-packages/airflow/example_dags/example_short_circuit_decorator.py
[2024-06-24T15:06:23.496+0000] {processor.py:809} INFO - DAG(s) dict_keys(['example_short_circuit_decorator']) retrieved from /home/airflow/.local/lib/python3.7/site-packages/airflow/example_dags/example_short_circuit_decorator.py
[2024-06-24T15:06:23.506+0000] {logging_mixin.py:149} INFO - [2024-06-24T15:06:23.506+0000] {dag.py:2726} INFO - Sync 1 DAGs
[2024-06-24T15:06:23.516+0000] {logging_mixin.py:149} INFO - [2024-06-24T15:06:23.516+0000] {dag.py:3490} INFO - Setting next_dagrun for example_short_circuit_decorator to 2024-06-23T15:06:23.516155+00:00, run_after=2024-06-24T15:06:23.516155+00:00
[2024-06-24T15:06:23.522+0000] {processor.py:178} INFO - Processing /home/airflow/.local/lib/python3.7/site-packages/airflow/example_dags/example_short_circuit_decorator.py took 0.032 seconds
[2024-06-24T15:06:54.137+0000] {processor.py:156} INFO - Started process (PID=474) to work on /home/airflow/.local/lib/python3.7/site-packages/airflow/example_dags/example_short_circuit_decorator.py
[2024-06-24T15:06:54.137+0000] {processor.py:799} INFO - Processing file /home/airflow/.local/lib/python3.7/site-packages/airflow/example_dags/example_short_circuit_decorator.py for tasks to queue
[2024-06-24T15:06:54.138+0000] {logging_mixin.py:149} INFO - [2024-06-24T15:06:54.138+0000] {dagbag.py:541} INFO - Filling up the DagBag from /home/airflow/.local/lib/python3.7/site-packages/airflow/example_dags/example_short_circuit_decorator.py
[2024-06-24T15:06:54.141+0000] {processor.py:809} INFO - DAG(s) dict_keys(['example_short_circuit_decorator']) retrieved from /home/airflow/.local/lib/python3.7/site-packages/airflow/example_dags/example_short_circuit_decorator.py
[2024-06-24T15:06:54.151+0000] {logging_mixin.py:149} INFO - [2024-06-24T15:06:54.151+0000] {dag.py:2726} INFO - Sync 1 DAGs
[2024-06-24T15:06:54.160+0000] {logging_mixin.py:149} INFO - [2024-06-24T15:06:54.160+0000] {dag.py:3490} INFO - Setting next_dagrun for example_short_circuit_decorator to 2024-06-23T15:06:54.160325+00:00, run_after=2024-06-24T15:06:54.160325+00:00
[2024-06-24T15:06:54.166+0000] {processor.py:178} INFO - Processing /home/airflow/.local/lib/python3.7/site-packages/airflow/example_dags/example_short_circuit_decorator.py took 0.030 seconds
[2024-06-24T15:07:53.614+0000] {processor.py:156} INFO - Started process (PID=62) to work on /home/airflow/.local/lib/python3.7/site-packages/airflow/example_dags/example_short_circuit_decorator.py
[2024-06-24T15:07:53.614+0000] {processor.py:799} INFO - Processing file /home/airflow/.local/lib/python3.7/site-packages/airflow/example_dags/example_short_circuit_decorator.py for tasks to queue
[2024-06-24T15:07:53.614+0000] {logging_mixin.py:149} INFO - [2024-06-24T15:07:53.614+0000] {dagbag.py:541} INFO - Filling up the DagBag from /home/airflow/.local/lib/python3.7/site-packages/airflow/example_dags/example_short_circuit_decorator.py
[2024-06-24T15:07:53.621+0000] {processor.py:809} INFO - DAG(s) dict_keys(['example_short_circuit_decorator']) retrieved from /home/airflow/.local/lib/python3.7/site-packages/airflow/example_dags/example_short_circuit_decorator.py
[2024-06-24T15:07:53.627+0000] {logging_mixin.py:149} INFO - [2024-06-24T15:07:53.627+0000] {dag.py:2726} INFO - Sync 1 DAGs
[2024-06-24T15:07:53.642+0000] {logging_mixin.py:149} INFO - [2024-06-24T15:07:53.642+0000] {dag.py:3490} INFO - Setting next_dagrun for example_short_circuit_decorator to 2024-06-23T15:07:53.642191+00:00, run_after=2024-06-24T15:07:53.642191+00:00
[2024-06-24T15:07:53.653+0000] {processor.py:178} INFO - Processing /home/airflow/.local/lib/python3.7/site-packages/airflow/example_dags/example_short_circuit_decorator.py took 0.041 seconds
[2024-06-24T15:08:23.987+0000] {processor.py:156} INFO - Started process (PID=135) to work on /home/airflow/.local/lib/python3.7/site-packages/airflow/example_dags/example_short_circuit_decorator.py
[2024-06-24T15:08:23.987+0000] {processor.py:799} INFO - Processing file /home/airflow/.local/lib/python3.7/site-packages/airflow/example_dags/example_short_circuit_decorator.py for tasks to queue
[2024-06-24T15:08:23.987+0000] {logging_mixin.py:149} INFO - [2024-06-24T15:08:23.987+0000] {dagbag.py:541} INFO - Filling up the DagBag from /home/airflow/.local/lib/python3.7/site-packages/airflow/example_dags/example_short_circuit_decorator.py
[2024-06-24T15:08:23.991+0000] {processor.py:809} INFO - DAG(s) dict_keys(['example_short_circuit_decorator']) retrieved from /home/airflow/.local/lib/python3.7/site-packages/airflow/example_dags/example_short_circuit_decorator.py
[2024-06-24T15:08:24.002+0000] {logging_mixin.py:149} INFO - [2024-06-24T15:08:24.002+0000] {dag.py:2726} INFO - Sync 1 DAGs
[2024-06-24T15:08:24.012+0000] {logging_mixin.py:149} INFO - [2024-06-24T15:08:24.012+0000] {dag.py:3490} INFO - Setting next_dagrun for example_short_circuit_decorator to 2024-06-23T15:08:24.012424+00:00, run_after=2024-06-24T15:08:24.012424+00:00
[2024-06-24T15:08:24.019+0000] {processor.py:178} INFO - Processing /home/airflow/.local/lib/python3.7/site-packages/airflow/example_dags/example_short_circuit_decorator.py took 0.034 seconds
[2024-06-24T15:08:54.597+0000] {processor.py:156} INFO - Started process (PID=204) to work on /home/airflow/.local/lib/python3.7/site-packages/airflow/example_dags/example_short_circuit_decorator.py
[2024-06-24T15:08:54.598+0000] {processor.py:799} INFO - Processing file /home/airflow/.local/lib/python3.7/site-packages/airflow/example_dags/example_short_circuit_decorator.py for tasks to queue
[2024-06-24T15:08:54.598+0000] {logging_mixin.py:149} INFO - [2024-06-24T15:08:54.598+0000] {dagbag.py:541} INFO - Filling up the DagBag from /home/airflow/.local/lib/python3.7/site-packages/airflow/example_dags/example_short_circuit_decorator.py
[2024-06-24T15:08:54.601+0000] {processor.py:809} INFO - DAG(s) dict_keys(['example_short_circuit_decorator']) retrieved from /home/airflow/.local/lib/python3.7/site-packages/airflow/example_dags/example_short_circuit_decorator.py
[2024-06-24T15:08:54.611+0000] {logging_mixin.py:149} INFO - [2024-06-24T15:08:54.611+0000] {dag.py:2726} INFO - Sync 1 DAGs
[2024-06-24T15:08:54.621+0000] {logging_mixin.py:149} INFO - [2024-06-24T15:08:54.621+0000] {dag.py:3490} INFO - Setting next_dagrun for example_short_circuit_decorator to 2024-06-23T15:08:54.621370+00:00, run_after=2024-06-24T15:08:54.621370+00:00
[2024-06-24T15:08:54.627+0000] {processor.py:178} INFO - Processing /home/airflow/.local/lib/python3.7/site-packages/airflow/example_dags/example_short_circuit_decorator.py took 0.031 seconds
[2024-06-24T15:09:25.378+0000] {processor.py:156} INFO - Started process (PID=273) to work on /home/airflow/.local/lib/python3.7/site-packages/airflow/example_dags/example_short_circuit_decorator.py
[2024-06-24T15:09:25.378+0000] {processor.py:799} INFO - Processing file /home/airflow/.local/lib/python3.7/site-packages/airflow/example_dags/example_short_circuit_decorator.py for tasks to queue
[2024-06-24T15:09:25.378+0000] {logging_mixin.py:149} INFO - [2024-06-24T15:09:25.378+0000] {dagbag.py:541} INFO - Filling up the DagBag from /home/airflow/.local/lib/python3.7/site-packages/airflow/example_dags/example_short_circuit_decorator.py
[2024-06-24T15:09:25.382+0000] {processor.py:809} INFO - DAG(s) dict_keys(['example_short_circuit_decorator']) retrieved from /home/airflow/.local/lib/python3.7/site-packages/airflow/example_dags/example_short_circuit_decorator.py
[2024-06-24T15:09:25.392+0000] {logging_mixin.py:149} INFO - [2024-06-24T15:09:25.392+0000] {dag.py:2726} INFO - Sync 1 DAGs
[2024-06-24T15:09:25.402+0000] {logging_mixin.py:149} INFO - [2024-06-24T15:09:25.402+0000] {dag.py:3490} INFO - Setting next_dagrun for example_short_circuit_decorator to 2024-06-23T15:09:25.402030+00:00, run_after=2024-06-24T15:09:25.402030+00:00
[2024-06-24T15:09:25.408+0000] {processor.py:178} INFO - Processing /home/airflow/.local/lib/python3.7/site-packages/airflow/example_dags/example_short_circuit_decorator.py took 0.032 seconds
[2024-06-24T15:09:55.964+0000] {processor.py:156} INFO - Started process (PID=342) to work on /home/airflow/.local/lib/python3.7/site-packages/airflow/example_dags/example_short_circuit_decorator.py
[2024-06-24T15:09:55.965+0000] {processor.py:799} INFO - Processing file /home/airflow/.local/lib/python3.7/site-packages/airflow/example_dags/example_short_circuit_decorator.py for tasks to queue
[2024-06-24T15:09:55.965+0000] {logging_mixin.py:149} INFO - [2024-06-24T15:09:55.965+0000] {dagbag.py:541} INFO - Filling up the DagBag from /home/airflow/.local/lib/python3.7/site-packages/airflow/example_dags/example_short_circuit_decorator.py
[2024-06-24T15:09:55.969+0000] {processor.py:809} INFO - DAG(s) dict_keys(['example_short_circuit_decorator']) retrieved from /home/airflow/.local/lib/python3.7/site-packages/airflow/example_dags/example_short_circuit_decorator.py
[2024-06-24T15:09:55.979+0000] {logging_mixin.py:149} INFO - [2024-06-24T15:09:55.979+0000] {dag.py:2726} INFO - Sync 1 DAGs
[2024-06-24T15:09:55.989+0000] {logging_mixin.py:149} INFO - [2024-06-24T15:09:55.989+0000] {dag.py:3490} INFO - Setting next_dagrun for example_short_circuit_decorator to 2024-06-23T15:09:55.989269+00:00, run_after=2024-06-24T15:09:55.989269+00:00
[2024-06-24T15:09:55.996+0000] {processor.py:178} INFO - Processing /home/airflow/.local/lib/python3.7/site-packages/airflow/example_dags/example_short_circuit_decorator.py took 0.033 seconds
[2024-06-24T15:10:26.643+0000] {processor.py:156} INFO - Started process (PID=411) to work on /home/airflow/.local/lib/python3.7/site-packages/airflow/example_dags/example_short_circuit_decorator.py
[2024-06-24T15:10:26.643+0000] {processor.py:799} INFO - Processing file /home/airflow/.local/lib/python3.7/site-packages/airflow/example_dags/example_short_circuit_decorator.py for tasks to queue
[2024-06-24T15:10:26.644+0000] {logging_mixin.py:149} INFO - [2024-06-24T15:10:26.644+0000] {dagbag.py:541} INFO - Filling up the DagBag from /home/airflow/.local/lib/python3.7/site-packages/airflow/example_dags/example_short_circuit_decorator.py
[2024-06-24T15:10:26.648+0000] {processor.py:809} INFO - DAG(s) dict_keys(['example_short_circuit_decorator']) retrieved from /home/airflow/.local/lib/python3.7/site-packages/airflow/example_dags/example_short_circuit_decorator.py
[2024-06-24T15:10:26.659+0000] {logging_mixin.py:149} INFO - [2024-06-24T15:10:26.659+0000] {dag.py:2726} INFO - Sync 1 DAGs
[2024-06-24T15:10:26.670+0000] {logging_mixin.py:149} INFO - [2024-06-24T15:10:26.670+0000] {dag.py:3490} INFO - Setting next_dagrun for example_short_circuit_decorator to 2024-06-23T15:10:26.670399+00:00, run_after=2024-06-24T15:10:26.670399+00:00
[2024-06-24T15:10:26.678+0000] {processor.py:178} INFO - Processing /home/airflow/.local/lib/python3.7/site-packages/airflow/example_dags/example_short_circuit_decorator.py took 0.036 seconds
[2024-06-24T15:10:57.373+0000] {processor.py:156} INFO - Started process (PID=480) to work on /home/airflow/.local/lib/python3.7/site-packages/airflow/example_dags/example_short_circuit_decorator.py
[2024-06-24T15:10:57.373+0000] {processor.py:799} INFO - Processing file /home/airflow/.local/lib/python3.7/site-packages/airflow/example_dags/example_short_circuit_decorator.py for tasks to queue
[2024-06-24T15:10:57.374+0000] {logging_mixin.py:149} INFO - [2024-06-24T15:10:57.374+0000] {dagbag.py:541} INFO - Filling up the DagBag from /home/airflow/.local/lib/python3.7/site-packages/airflow/example_dags/example_short_circuit_decorator.py
[2024-06-24T15:10:57.381+0000] {processor.py:809} INFO - DAG(s) dict_keys(['example_short_circuit_decorator']) retrieved from /home/airflow/.local/lib/python3.7/site-packages/airflow/example_dags/example_short_circuit_decorator.py
[2024-06-24T15:10:57.394+0000] {logging_mixin.py:149} INFO - [2024-06-24T15:10:57.394+0000] {dag.py:2726} INFO - Sync 1 DAGs
[2024-06-24T15:10:57.406+0000] {logging_mixin.py:149} INFO - [2024-06-24T15:10:57.406+0000] {dag.py:3490} INFO - Setting next_dagrun for example_short_circuit_decorator to 2024-06-23T15:10:57.406310+00:00, run_after=2024-06-24T15:10:57.406310+00:00
[2024-06-24T15:10:57.415+0000] {processor.py:178} INFO - Processing /home/airflow/.local/lib/python3.7/site-packages/airflow/example_dags/example_short_circuit_decorator.py took 0.044 seconds
[2024-06-24T15:11:28.111+0000] {processor.py:156} INFO - Started process (PID=549) to work on /home/airflow/.local/lib/python3.7/site-packages/airflow/example_dags/example_short_circuit_decorator.py
[2024-06-24T15:11:28.111+0000] {processor.py:799} INFO - Processing file /home/airflow/.local/lib/python3.7/site-packages/airflow/example_dags/example_short_circuit_decorator.py for tasks to queue
[2024-06-24T15:11:28.112+0000] {logging_mixin.py:149} INFO - [2024-06-24T15:11:28.112+0000] {dagbag.py:541} INFO - Filling up the DagBag from /home/airflow/.local/lib/python3.7/site-packages/airflow/example_dags/example_short_circuit_decorator.py
[2024-06-24T15:11:28.115+0000] {processor.py:809} INFO - DAG(s) dict_keys(['example_short_circuit_decorator']) retrieved from /home/airflow/.local/lib/python3.7/site-packages/airflow/example_dags/example_short_circuit_decorator.py
[2024-06-24T15:11:28.126+0000] {logging_mixin.py:149} INFO - [2024-06-24T15:11:28.126+0000] {dag.py:2726} INFO - Sync 1 DAGs
[2024-06-24T15:11:28.136+0000] {logging_mixin.py:149} INFO - [2024-06-24T15:11:28.136+0000] {dag.py:3490} INFO - Setting next_dagrun for example_short_circuit_decorator to 2024-06-23T15:11:28.136554+00:00, run_after=2024-06-24T15:11:28.136554+00:00
[2024-06-24T15:11:28.143+0000] {processor.py:178} INFO - Processing /home/airflow/.local/lib/python3.7/site-packages/airflow/example_dags/example_short_circuit_decorator.py took 0.034 seconds
[2024-06-24T15:11:58.889+0000] {processor.py:156} INFO - Started process (PID=618) to work on /home/airflow/.local/lib/python3.7/site-packages/airflow/example_dags/example_short_circuit_decorator.py
[2024-06-24T15:11:58.890+0000] {processor.py:799} INFO - Processing file /home/airflow/.local/lib/python3.7/site-packages/airflow/example_dags/example_short_circuit_decorator.py for tasks to queue
[2024-06-24T15:11:58.890+0000] {logging_mixin.py:149} INFO - [2024-06-24T15:11:58.890+0000] {dagbag.py:541} INFO - Filling up the DagBag from /home/airflow/.local/lib/python3.7/site-packages/airflow/example_dags/example_short_circuit_decorator.py
[2024-06-24T15:11:58.894+0000] {processor.py:809} INFO - DAG(s) dict_keys(['example_short_circuit_decorator']) retrieved from /home/airflow/.local/lib/python3.7/site-packages/airflow/example_dags/example_short_circuit_decorator.py
[2024-06-24T15:11:58.904+0000] {logging_mixin.py:149} INFO - [2024-06-24T15:11:58.904+0000] {dag.py:2726} INFO - Sync 1 DAGs
[2024-06-24T15:11:58.914+0000] {logging_mixin.py:149} INFO - [2024-06-24T15:11:58.914+0000] {dag.py:3490} INFO - Setting next_dagrun for example_short_circuit_decorator to 2024-06-23T15:11:58.914145+00:00, run_after=2024-06-24T15:11:58.914145+00:00
[2024-06-24T15:11:58.920+0000] {processor.py:178} INFO - Processing /home/airflow/.local/lib/python3.7/site-packages/airflow/example_dags/example_short_circuit_decorator.py took 0.032 seconds
[2024-06-24T15:12:29.565+0000] {processor.py:156} INFO - Started process (PID=687) to work on /home/airflow/.local/lib/python3.7/site-packages/airflow/example_dags/example_short_circuit_decorator.py
[2024-06-24T15:12:29.565+0000] {processor.py:799} INFO - Processing file /home/airflow/.local/lib/python3.7/site-packages/airflow/example_dags/example_short_circuit_decorator.py for tasks to queue
[2024-06-24T15:12:29.565+0000] {logging_mixin.py:149} INFO - [2024-06-24T15:12:29.565+0000] {dagbag.py:541} INFO - Filling up the DagBag from /home/airflow/.local/lib/python3.7/site-packages/airflow/example_dags/example_short_circuit_decorator.py
[2024-06-24T15:12:29.569+0000] {processor.py:809} INFO - DAG(s) dict_keys(['example_short_circuit_decorator']) retrieved from /home/airflow/.local/lib/python3.7/site-packages/airflow/example_dags/example_short_circuit_decorator.py
[2024-06-24T15:12:29.581+0000] {logging_mixin.py:149} INFO - [2024-06-24T15:12:29.581+0000] {dag.py:2726} INFO - Sync 1 DAGs
[2024-06-24T15:12:29.592+0000] {logging_mixin.py:149} INFO - [2024-06-24T15:12:29.592+0000] {dag.py:3490} INFO - Setting next_dagrun for example_short_circuit_decorator to 2024-06-23T15:12:29.592379+00:00, run_after=2024-06-24T15:12:29.592379+00:00
[2024-06-24T15:12:29.599+0000] {processor.py:178} INFO - Processing /home/airflow/.local/lib/python3.7/site-packages/airflow/example_dags/example_short_circuit_decorator.py took 0.036 seconds
[2024-06-24T15:13:00.214+0000] {processor.py:156} INFO - Started process (PID=756) to work on /home/airflow/.local/lib/python3.7/site-packages/airflow/example_dags/example_short_circuit_decorator.py
[2024-06-24T15:13:00.214+0000] {processor.py:799} INFO - Processing file /home/airflow/.local/lib/python3.7/site-packages/airflow/example_dags/example_short_circuit_decorator.py for tasks to queue
[2024-06-24T15:13:00.214+0000] {logging_mixin.py:149} INFO - [2024-06-24T15:13:00.214+0000] {dagbag.py:541} INFO - Filling up the DagBag from /home/airflow/.local/lib/python3.7/site-packages/airflow/example_dags/example_short_circuit_decorator.py
[2024-06-24T15:13:00.218+0000] {processor.py:809} INFO - DAG(s) dict_keys(['example_short_circuit_decorator']) retrieved from /home/airflow/.local/lib/python3.7/site-packages/airflow/example_dags/example_short_circuit_decorator.py
[2024-06-24T15:13:00.230+0000] {logging_mixin.py:149} INFO - [2024-06-24T15:13:00.230+0000] {dag.py:2726} INFO - Sync 1 DAGs
[2024-06-24T15:13:00.241+0000] {logging_mixin.py:149} INFO - [2024-06-24T15:13:00.241+0000] {dag.py:3490} INFO - Setting next_dagrun for example_short_circuit_decorator to 2024-06-23T15:13:00.241781+00:00, run_after=2024-06-24T15:13:00.241781+00:00
[2024-06-24T15:13:00.250+0000] {processor.py:178} INFO - Processing /home/airflow/.local/lib/python3.7/site-packages/airflow/example_dags/example_short_circuit_decorator.py took 0.038 seconds
[2024-06-24T15:13:30.951+0000] {processor.py:156} INFO - Started process (PID=825) to work on /home/airflow/.local/lib/python3.7/site-packages/airflow/example_dags/example_short_circuit_decorator.py
[2024-06-24T15:13:30.951+0000] {processor.py:799} INFO - Processing file /home/airflow/.local/lib/python3.7/site-packages/airflow/example_dags/example_short_circuit_decorator.py for tasks to queue
[2024-06-24T15:13:30.951+0000] {logging_mixin.py:149} INFO - [2024-06-24T15:13:30.951+0000] {dagbag.py:541} INFO - Filling up the DagBag from /home/airflow/.local/lib/python3.7/site-packages/airflow/example_dags/example_short_circuit_decorator.py
[2024-06-24T15:13:30.955+0000] {processor.py:809} INFO - DAG(s) dict_keys(['example_short_circuit_decorator']) retrieved from /home/airflow/.local/lib/python3.7/site-packages/airflow/example_dags/example_short_circuit_decorator.py
[2024-06-24T15:13:30.964+0000] {logging_mixin.py:149} INFO - [2024-06-24T15:13:30.964+0000] {dag.py:2726} INFO - Sync 1 DAGs
[2024-06-24T15:13:30.974+0000] {logging_mixin.py:149} INFO - [2024-06-24T15:13:30.974+0000] {dag.py:3490} INFO - Setting next_dagrun for example_short_circuit_decorator to 2024-06-23T15:13:30.974065+00:00, run_after=2024-06-24T15:13:30.974065+00:00
[2024-06-24T15:13:30.980+0000] {processor.py:178} INFO - Processing /home/airflow/.local/lib/python3.7/site-packages/airflow/example_dags/example_short_circuit_decorator.py took 0.031 seconds
[2024-06-24T15:14:01.493+0000] {processor.py:156} INFO - Started process (PID=894) to work on /home/airflow/.local/lib/python3.7/site-packages/airflow/example_dags/example_short_circuit_decorator.py
[2024-06-24T15:14:01.493+0000] {processor.py:799} INFO - Processing file /home/airflow/.local/lib/python3.7/site-packages/airflow/example_dags/example_short_circuit_decorator.py for tasks to queue
[2024-06-24T15:14:01.493+0000] {logging_mixin.py:149} INFO - [2024-06-24T15:14:01.493+0000] {dagbag.py:541} INFO - Filling up the DagBag from /home/airflow/.local/lib/python3.7/site-packages/airflow/example_dags/example_short_circuit_decorator.py
[2024-06-24T15:14:01.497+0000] {processor.py:809} INFO - DAG(s) dict_keys(['example_short_circuit_decorator']) retrieved from /home/airflow/.local/lib/python3.7/site-packages/airflow/example_dags/example_short_circuit_decorator.py
[2024-06-24T15:14:01.508+0000] {logging_mixin.py:149} INFO - [2024-06-24T15:14:01.508+0000] {dag.py:2726} INFO - Sync 1 DAGs
[2024-06-24T15:14:01.519+0000] {logging_mixin.py:149} INFO - [2024-06-24T15:14:01.519+0000] {dag.py:3490} INFO - Setting next_dagrun for example_short_circuit_decorator to 2024-06-23T15:14:01.519398+00:00, run_after=2024-06-24T15:14:01.519398+00:00
[2024-06-24T15:14:01.526+0000] {processor.py:178} INFO - Processing /home/airflow/.local/lib/python3.7/site-packages/airflow/example_dags/example_short_circuit_decorator.py took 0.034 seconds
[2024-06-24T15:14:31.971+0000] {processor.py:156} INFO - Started process (PID=963) to work on /home/airflow/.local/lib/python3.7/site-packages/airflow/example_dags/example_short_circuit_decorator.py
[2024-06-24T15:14:31.971+0000] {processor.py:799} INFO - Processing file /home/airflow/.local/lib/python3.7/site-packages/airflow/example_dags/example_short_circuit_decorator.py for tasks to queue
[2024-06-24T15:14:31.972+0000] {logging_mixin.py:149} INFO - [2024-06-24T15:14:31.972+0000] {dagbag.py:541} INFO - Filling up the DagBag from /home/airflow/.local/lib/python3.7/site-packages/airflow/example_dags/example_short_circuit_decorator.py
[2024-06-24T15:14:31.976+0000] {processor.py:809} INFO - DAG(s) dict_keys(['example_short_circuit_decorator']) retrieved from /home/airflow/.local/lib/python3.7/site-packages/airflow/example_dags/example_short_circuit_decorator.py
[2024-06-24T15:14:31.987+0000] {logging_mixin.py:149} INFO - [2024-06-24T15:14:31.986+0000] {dag.py:2726} INFO - Sync 1 DAGs
[2024-06-24T15:14:31.996+0000] {logging_mixin.py:149} INFO - [2024-06-24T15:14:31.996+0000] {dag.py:3490} INFO - Setting next_dagrun for example_short_circuit_decorator to 2024-06-23T15:14:31.996711+00:00, run_after=2024-06-24T15:14:31.996711+00:00
[2024-06-24T15:14:32.003+0000] {processor.py:178} INFO - Processing /home/airflow/.local/lib/python3.7/site-packages/airflow/example_dags/example_short_circuit_decorator.py took 0.034 seconds
[2024-06-24T15:15:02.434+0000] {processor.py:156} INFO - Started process (PID=1032) to work on /home/airflow/.local/lib/python3.7/site-packages/airflow/example_dags/example_short_circuit_decorator.py
[2024-06-24T15:15:02.434+0000] {processor.py:799} INFO - Processing file /home/airflow/.local/lib/python3.7/site-packages/airflow/example_dags/example_short_circuit_decorator.py for tasks to queue
[2024-06-24T15:15:02.435+0000] {logging_mixin.py:149} INFO - [2024-06-24T15:15:02.435+0000] {dagbag.py:541} INFO - Filling up the DagBag from /home/airflow/.local/lib/python3.7/site-packages/airflow/example_dags/example_short_circuit_decorator.py
[2024-06-24T15:15:02.439+0000] {processor.py:809} INFO - DAG(s) dict_keys(['example_short_circuit_decorator']) retrieved from /home/airflow/.local/lib/python3.7/site-packages/airflow/example_dags/example_short_circuit_decorator.py
[2024-06-24T15:15:02.449+0000] {logging_mixin.py:149} INFO - [2024-06-24T15:15:02.449+0000] {dag.py:2726} INFO - Sync 1 DAGs
[2024-06-24T15:15:02.459+0000] {logging_mixin.py:149} INFO - [2024-06-24T15:15:02.459+0000] {dag.py:3490} INFO - Setting next_dagrun for example_short_circuit_decorator to 2024-06-23T15:15:02.459708+00:00, run_after=2024-06-24T15:15:02.459708+00:00
[2024-06-24T15:15:02.466+0000] {processor.py:178} INFO - Processing /home/airflow/.local/lib/python3.7/site-packages/airflow/example_dags/example_short_circuit_decorator.py took 0.034 seconds
[2024-06-24T15:15:33.139+0000] {processor.py:156} INFO - Started process (PID=1110) to work on /home/airflow/.local/lib/python3.7/site-packages/airflow/example_dags/example_short_circuit_decorator.py
[2024-06-24T15:15:33.139+0000] {processor.py:799} INFO - Processing file /home/airflow/.local/lib/python3.7/site-packages/airflow/example_dags/example_short_circuit_decorator.py for tasks to queue
[2024-06-24T15:15:33.140+0000] {logging_mixin.py:149} INFO - [2024-06-24T15:15:33.140+0000] {dagbag.py:541} INFO - Filling up the DagBag from /home/airflow/.local/lib/python3.7/site-packages/airflow/example_dags/example_short_circuit_decorator.py
[2024-06-24T15:15:33.146+0000] {processor.py:809} INFO - DAG(s) dict_keys(['example_short_circuit_decorator']) retrieved from /home/airflow/.local/lib/python3.7/site-packages/airflow/example_dags/example_short_circuit_decorator.py
[2024-06-24T15:15:33.156+0000] {logging_mixin.py:149} INFO - [2024-06-24T15:15:33.156+0000] {dag.py:2726} INFO - Sync 1 DAGs
[2024-06-24T15:15:33.166+0000] {logging_mixin.py:149} INFO - [2024-06-24T15:15:33.166+0000] {dag.py:3490} INFO - Setting next_dagrun for example_short_circuit_decorator to 2024-06-23T15:15:33.166751+00:00, run_after=2024-06-24T15:15:33.166751+00:00
[2024-06-24T15:15:33.173+0000] {processor.py:178} INFO - Processing /home/airflow/.local/lib/python3.7/site-packages/airflow/example_dags/example_short_circuit_decorator.py took 0.035 seconds
[2024-06-24T15:16:03.698+0000] {processor.py:156} INFO - Started process (PID=1179) to work on /home/airflow/.local/lib/python3.7/site-packages/airflow/example_dags/example_short_circuit_decorator.py
[2024-06-24T15:16:03.699+0000] {processor.py:799} INFO - Processing file /home/airflow/.local/lib/python3.7/site-packages/airflow/example_dags/example_short_circuit_decorator.py for tasks to queue
[2024-06-24T15:16:03.699+0000] {logging_mixin.py:149} INFO - [2024-06-24T15:16:03.699+0000] {dagbag.py:541} INFO - Filling up the DagBag from /home/airflow/.local/lib/python3.7/site-packages/airflow/example_dags/example_short_circuit_decorator.py
[2024-06-24T15:16:03.703+0000] {processor.py:809} INFO - DAG(s) dict_keys(['example_short_circuit_decorator']) retrieved from /home/airflow/.local/lib/python3.7/site-packages/airflow/example_dags/example_short_circuit_decorator.py
[2024-06-24T15:16:03.715+0000] {logging_mixin.py:149} INFO - [2024-06-24T15:16:03.715+0000] {dag.py:2726} INFO - Sync 1 DAGs
[2024-06-24T15:16:03.726+0000] {logging_mixin.py:149} INFO - [2024-06-24T15:16:03.726+0000] {dag.py:3490} INFO - Setting next_dagrun for example_short_circuit_decorator to 2024-06-23T15:16:03.725962+00:00, run_after=2024-06-24T15:16:03.725962+00:00
[2024-06-24T15:16:03.733+0000] {processor.py:178} INFO - Processing /home/airflow/.local/lib/python3.7/site-packages/airflow/example_dags/example_short_circuit_decorator.py took 0.036 seconds
[2024-06-24T15:16:34.403+0000] {processor.py:156} INFO - Started process (PID=1248) to work on /home/airflow/.local/lib/python3.7/site-packages/airflow/example_dags/example_short_circuit_decorator.py
[2024-06-24T15:16:34.403+0000] {processor.py:799} INFO - Processing file /home/airflow/.local/lib/python3.7/site-packages/airflow/example_dags/example_short_circuit_decorator.py for tasks to queue
[2024-06-24T15:16:34.404+0000] {logging_mixin.py:149} INFO - [2024-06-24T15:16:34.404+0000] {dagbag.py:541} INFO - Filling up the DagBag from /home/airflow/.local/lib/python3.7/site-packages/airflow/example_dags/example_short_circuit_decorator.py
[2024-06-24T15:16:34.408+0000] {processor.py:809} INFO - DAG(s) dict_keys(['example_short_circuit_decorator']) retrieved from /home/airflow/.local/lib/python3.7/site-packages/airflow/example_dags/example_short_circuit_decorator.py
[2024-06-24T15:16:34.418+0000] {logging_mixin.py:149} INFO - [2024-06-24T15:16:34.418+0000] {dag.py:2726} INFO - Sync 1 DAGs
[2024-06-24T15:16:34.429+0000] {logging_mixin.py:149} INFO - [2024-06-24T15:16:34.429+0000] {dag.py:3490} INFO - Setting next_dagrun for example_short_circuit_decorator to 2024-06-23T15:16:34.429726+00:00, run_after=2024-06-24T15:16:34.429726+00:00
[2024-06-24T15:16:34.436+0000] {processor.py:178} INFO - Processing /home/airflow/.local/lib/python3.7/site-packages/airflow/example_dags/example_short_circuit_decorator.py took 0.034 seconds
[2024-06-24T15:17:05.007+0000] {processor.py:156} INFO - Started process (PID=1317) to work on /home/airflow/.local/lib/python3.7/site-packages/airflow/example_dags/example_short_circuit_decorator.py
[2024-06-24T15:17:05.007+0000] {processor.py:799} INFO - Processing file /home/airflow/.local/lib/python3.7/site-packages/airflow/example_dags/example_short_circuit_decorator.py for tasks to queue
[2024-06-24T15:17:05.007+0000] {logging_mixin.py:149} INFO - [2024-06-24T15:17:05.007+0000] {dagbag.py:541} INFO - Filling up the DagBag from /home/airflow/.local/lib/python3.7/site-packages/airflow/example_dags/example_short_circuit_decorator.py
[2024-06-24T15:17:05.012+0000] {processor.py:809} INFO - DAG(s) dict_keys(['example_short_circuit_decorator']) retrieved from /home/airflow/.local/lib/python3.7/site-packages/airflow/example_dags/example_short_circuit_decorator.py
[2024-06-24T15:17:05.023+0000] {logging_mixin.py:149} INFO - [2024-06-24T15:17:05.023+0000] {dag.py:2726} INFO - Sync 1 DAGs
[2024-06-24T15:17:05.033+0000] {logging_mixin.py:149} INFO - [2024-06-24T15:17:05.033+0000] {dag.py:3490} INFO - Setting next_dagrun for example_short_circuit_decorator to 2024-06-23T15:17:05.033326+00:00, run_after=2024-06-24T15:17:05.033326+00:00
[2024-06-24T15:17:05.041+0000] {processor.py:178} INFO - Processing /home/airflow/.local/lib/python3.7/site-packages/airflow/example_dags/example_short_circuit_decorator.py took 0.036 seconds
[2024-06-24T15:17:35.559+0000] {processor.py:156} INFO - Started process (PID=1385) to work on /home/airflow/.local/lib/python3.7/site-packages/airflow/example_dags/example_short_circuit_decorator.py
[2024-06-24T15:17:35.560+0000] {processor.py:799} INFO - Processing file /home/airflow/.local/lib/python3.7/site-packages/airflow/example_dags/example_short_circuit_decorator.py for tasks to queue
[2024-06-24T15:17:35.560+0000] {logging_mixin.py:149} INFO - [2024-06-24T15:17:35.560+0000] {dagbag.py:541} INFO - Filling up the DagBag from /home/airflow/.local/lib/python3.7/site-packages/airflow/example_dags/example_short_circuit_decorator.py
[2024-06-24T15:17:35.564+0000] {processor.py:809} INFO - DAG(s) dict_keys(['example_short_circuit_decorator']) retrieved from /home/airflow/.local/lib/python3.7/site-packages/airflow/example_dags/example_short_circuit_decorator.py
[2024-06-24T15:17:35.575+0000] {logging_mixin.py:149} INFO - [2024-06-24T15:17:35.575+0000] {dag.py:2726} INFO - Sync 1 DAGs
[2024-06-24T15:17:35.586+0000] {logging_mixin.py:149} INFO - [2024-06-24T15:17:35.586+0000] {dag.py:3490} INFO - Setting next_dagrun for example_short_circuit_decorator to 2024-06-23T15:17:35.586464+00:00, run_after=2024-06-24T15:17:35.586464+00:00
[2024-06-24T15:17:35.593+0000] {processor.py:178} INFO - Processing /home/airflow/.local/lib/python3.7/site-packages/airflow/example_dags/example_short_circuit_decorator.py took 0.035 seconds
[2024-06-24T15:18:06.104+0000] {processor.py:156} INFO - Started process (PID=1454) to work on /home/airflow/.local/lib/python3.7/site-packages/airflow/example_dags/example_short_circuit_decorator.py
[2024-06-24T15:18:06.104+0000] {processor.py:799} INFO - Processing file /home/airflow/.local/lib/python3.7/site-packages/airflow/example_dags/example_short_circuit_decorator.py for tasks to queue
[2024-06-24T15:18:06.104+0000] {logging_mixin.py:149} INFO - [2024-06-24T15:18:06.104+0000] {dagbag.py:541} INFO - Filling up the DagBag from /home/airflow/.local/lib/python3.7/site-packages/airflow/example_dags/example_short_circuit_decorator.py
[2024-06-24T15:18:06.109+0000] {processor.py:809} INFO - DAG(s) dict_keys(['example_short_circuit_decorator']) retrieved from /home/airflow/.local/lib/python3.7/site-packages/airflow/example_dags/example_short_circuit_decorator.py
[2024-06-24T15:18:06.120+0000] {logging_mixin.py:149} INFO - [2024-06-24T15:18:06.120+0000] {dag.py:2726} INFO - Sync 1 DAGs
[2024-06-24T15:18:06.132+0000] {logging_mixin.py:149} INFO - [2024-06-24T15:18:06.132+0000] {dag.py:3490} INFO - Setting next_dagrun for example_short_circuit_decorator to 2024-06-23T15:18:06.132087+00:00, run_after=2024-06-24T15:18:06.132087+00:00
[2024-06-24T15:18:06.139+0000] {processor.py:178} INFO - Processing /home/airflow/.local/lib/python3.7/site-packages/airflow/example_dags/example_short_circuit_decorator.py took 0.036 seconds
[2024-06-24T15:18:36.809+0000] {processor.py:156} INFO - Started process (PID=1523) to work on /home/airflow/.local/lib/python3.7/site-packages/airflow/example_dags/example_short_circuit_decorator.py
[2024-06-24T15:18:36.809+0000] {processor.py:799} INFO - Processing file /home/airflow/.local/lib/python3.7/site-packages/airflow/example_dags/example_short_circuit_decorator.py for tasks to queue
[2024-06-24T15:18:36.809+0000] {logging_mixin.py:149} INFO - [2024-06-24T15:18:36.809+0000] {dagbag.py:541} INFO - Filling up the DagBag from /home/airflow/.local/lib/python3.7/site-packages/airflow/example_dags/example_short_circuit_decorator.py
[2024-06-24T15:18:36.813+0000] {processor.py:809} INFO - DAG(s) dict_keys(['example_short_circuit_decorator']) retrieved from /home/airflow/.local/lib/python3.7/site-packages/airflow/example_dags/example_short_circuit_decorator.py
[2024-06-24T15:18:36.823+0000] {logging_mixin.py:149} INFO - [2024-06-24T15:18:36.823+0000] {dag.py:2726} INFO - Sync 1 DAGs
[2024-06-24T15:18:36.833+0000] {logging_mixin.py:149} INFO - [2024-06-24T15:18:36.833+0000] {dag.py:3490} INFO - Setting next_dagrun for example_short_circuit_decorator to 2024-06-23T15:18:36.833315+00:00, run_after=2024-06-24T15:18:36.833315+00:00
[2024-06-24T15:18:36.839+0000] {processor.py:178} INFO - Processing /home/airflow/.local/lib/python3.7/site-packages/airflow/example_dags/example_short_circuit_decorator.py took 0.032 seconds
[2024-06-24T15:19:07.567+0000] {processor.py:156} INFO - Started process (PID=1592) to work on /home/airflow/.local/lib/python3.7/site-packages/airflow/example_dags/example_short_circuit_decorator.py
[2024-06-24T15:19:07.567+0000] {processor.py:799} INFO - Processing file /home/airflow/.local/lib/python3.7/site-packages/airflow/example_dags/example_short_circuit_decorator.py for tasks to queue
[2024-06-24T15:19:07.568+0000] {logging_mixin.py:149} INFO - [2024-06-24T15:19:07.568+0000] {dagbag.py:541} INFO - Filling up the DagBag from /home/airflow/.local/lib/python3.7/site-packages/airflow/example_dags/example_short_circuit_decorator.py
[2024-06-24T15:19:07.572+0000] {processor.py:809} INFO - DAG(s) dict_keys(['example_short_circuit_decorator']) retrieved from /home/airflow/.local/lib/python3.7/site-packages/airflow/example_dags/example_short_circuit_decorator.py
[2024-06-24T15:19:07.582+0000] {logging_mixin.py:149} INFO - [2024-06-24T15:19:07.582+0000] {dag.py:2726} INFO - Sync 1 DAGs
[2024-06-24T15:19:07.592+0000] {logging_mixin.py:149} INFO - [2024-06-24T15:19:07.592+0000] {dag.py:3490} INFO - Setting next_dagrun for example_short_circuit_decorator to 2024-06-23T15:19:07.592543+00:00, run_after=2024-06-24T15:19:07.592543+00:00
[2024-06-24T15:19:07.599+0000] {processor.py:178} INFO - Processing /home/airflow/.local/lib/python3.7/site-packages/airflow/example_dags/example_short_circuit_decorator.py took 0.033 seconds
[2024-06-24T15:19:38.149+0000] {processor.py:156} INFO - Started process (PID=1661) to work on /home/airflow/.local/lib/python3.7/site-packages/airflow/example_dags/example_short_circuit_decorator.py
[2024-06-24T15:19:38.149+0000] {processor.py:799} INFO - Processing file /home/airflow/.local/lib/python3.7/site-packages/airflow/example_dags/example_short_circuit_decorator.py for tasks to queue
[2024-06-24T15:19:38.149+0000] {logging_mixin.py:149} INFO - [2024-06-24T15:19:38.149+0000] {dagbag.py:541} INFO - Filling up the DagBag from /home/airflow/.local/lib/python3.7/site-packages/airflow/example_dags/example_short_circuit_decorator.py
[2024-06-24T15:19:38.153+0000] {processor.py:809} INFO - DAG(s) dict_keys(['example_short_circuit_decorator']) retrieved from /home/airflow/.local/lib/python3.7/site-packages/airflow/example_dags/example_short_circuit_decorator.py
[2024-06-24T15:19:38.164+0000] {logging_mixin.py:149} INFO - [2024-06-24T15:19:38.164+0000] {dag.py:2726} INFO - Sync 1 DAGs
[2024-06-24T15:19:38.174+0000] {logging_mixin.py:149} INFO - [2024-06-24T15:19:38.174+0000] {dag.py:3490} INFO - Setting next_dagrun for example_short_circuit_decorator to 2024-06-23T15:19:38.174400+00:00, run_after=2024-06-24T15:19:38.174400+00:00
[2024-06-24T15:19:38.181+0000] {processor.py:178} INFO - Processing /home/airflow/.local/lib/python3.7/site-packages/airflow/example_dags/example_short_circuit_decorator.py took 0.034 seconds
[2024-06-24T15:20:08.622+0000] {processor.py:156} INFO - Started process (PID=1730) to work on /home/airflow/.local/lib/python3.7/site-packages/airflow/example_dags/example_short_circuit_decorator.py
[2024-06-24T15:20:08.623+0000] {processor.py:799} INFO - Processing file /home/airflow/.local/lib/python3.7/site-packages/airflow/example_dags/example_short_circuit_decorator.py for tasks to queue
[2024-06-24T15:20:08.624+0000] {logging_mixin.py:149} INFO - [2024-06-24T15:20:08.623+0000] {dagbag.py:541} INFO - Filling up the DagBag from /home/airflow/.local/lib/python3.7/site-packages/airflow/example_dags/example_short_circuit_decorator.py
[2024-06-24T15:20:08.630+0000] {processor.py:809} INFO - DAG(s) dict_keys(['example_short_circuit_decorator']) retrieved from /home/airflow/.local/lib/python3.7/site-packages/airflow/example_dags/example_short_circuit_decorator.py
[2024-06-24T15:20:08.643+0000] {logging_mixin.py:149} INFO - [2024-06-24T15:20:08.643+0000] {dag.py:2726} INFO - Sync 1 DAGs
[2024-06-24T15:20:08.656+0000] {logging_mixin.py:149} INFO - [2024-06-24T15:20:08.656+0000] {dag.py:3490} INFO - Setting next_dagrun for example_short_circuit_decorator to 2024-06-23T15:20:08.656661+00:00, run_after=2024-06-24T15:20:08.656661+00:00
[2024-06-24T15:20:08.665+0000] {processor.py:178} INFO - Processing /home/airflow/.local/lib/python3.7/site-packages/airflow/example_dags/example_short_circuit_decorator.py took 0.045 seconds
[2024-06-24T15:20:39.365+0000] {processor.py:156} INFO - Started process (PID=1799) to work on /home/airflow/.local/lib/python3.7/site-packages/airflow/example_dags/example_short_circuit_decorator.py
[2024-06-24T15:20:39.366+0000] {processor.py:799} INFO - Processing file /home/airflow/.local/lib/python3.7/site-packages/airflow/example_dags/example_short_circuit_decorator.py for tasks to queue
[2024-06-24T15:20:39.366+0000] {logging_mixin.py:149} INFO - [2024-06-24T15:20:39.366+0000] {dagbag.py:541} INFO - Filling up the DagBag from /home/airflow/.local/lib/python3.7/site-packages/airflow/example_dags/example_short_circuit_decorator.py
[2024-06-24T15:20:39.371+0000] {processor.py:809} INFO - DAG(s) dict_keys(['example_short_circuit_decorator']) retrieved from /home/airflow/.local/lib/python3.7/site-packages/airflow/example_dags/example_short_circuit_decorator.py
[2024-06-24T15:20:39.383+0000] {logging_mixin.py:149} INFO - [2024-06-24T15:20:39.383+0000] {dag.py:2726} INFO - Sync 1 DAGs
[2024-06-24T15:20:39.396+0000] {logging_mixin.py:149} INFO - [2024-06-24T15:20:39.396+0000] {dag.py:3490} INFO - Setting next_dagrun for example_short_circuit_decorator to 2024-06-23T15:20:39.396511+00:00, run_after=2024-06-24T15:20:39.396511+00:00
[2024-06-24T15:20:39.404+0000] {processor.py:178} INFO - Processing /home/airflow/.local/lib/python3.7/site-packages/airflow/example_dags/example_short_circuit_decorator.py took 0.040 seconds
[2024-06-24T15:21:10.022+0000] {processor.py:156} INFO - Started process (PID=1868) to work on /home/airflow/.local/lib/python3.7/site-packages/airflow/example_dags/example_short_circuit_decorator.py
[2024-06-24T15:21:10.023+0000] {processor.py:799} INFO - Processing file /home/airflow/.local/lib/python3.7/site-packages/airflow/example_dags/example_short_circuit_decorator.py for tasks to queue
[2024-06-24T15:21:10.023+0000] {logging_mixin.py:149} INFO - [2024-06-24T15:21:10.023+0000] {dagbag.py:541} INFO - Filling up the DagBag from /home/airflow/.local/lib/python3.7/site-packages/airflow/example_dags/example_short_circuit_decorator.py
[2024-06-24T15:21:10.027+0000] {processor.py:809} INFO - DAG(s) dict_keys(['example_short_circuit_decorator']) retrieved from /home/airflow/.local/lib/python3.7/site-packages/airflow/example_dags/example_short_circuit_decorator.py
[2024-06-24T15:21:10.040+0000] {logging_mixin.py:149} INFO - [2024-06-24T15:21:10.040+0000] {dag.py:2726} INFO - Sync 1 DAGs
[2024-06-24T15:21:10.051+0000] {logging_mixin.py:149} INFO - [2024-06-24T15:21:10.051+0000] {dag.py:3490} INFO - Setting next_dagrun for example_short_circuit_decorator to 2024-06-23T15:21:10.051564+00:00, run_after=2024-06-24T15:21:10.051564+00:00
[2024-06-24T15:21:10.058+0000] {processor.py:178} INFO - Processing /home/airflow/.local/lib/python3.7/site-packages/airflow/example_dags/example_short_circuit_decorator.py took 0.037 seconds
[2024-06-24T15:21:40.908+0000] {processor.py:156} INFO - Started process (PID=1936) to work on /home/airflow/.local/lib/python3.7/site-packages/airflow/example_dags/example_short_circuit_decorator.py
[2024-06-24T15:21:40.908+0000] {processor.py:799} INFO - Processing file /home/airflow/.local/lib/python3.7/site-packages/airflow/example_dags/example_short_circuit_decorator.py for tasks to queue
[2024-06-24T15:21:40.908+0000] {logging_mixin.py:149} INFO - [2024-06-24T15:21:40.908+0000] {dagbag.py:541} INFO - Filling up the DagBag from /home/airflow/.local/lib/python3.7/site-packages/airflow/example_dags/example_short_circuit_decorator.py
[2024-06-24T15:21:40.912+0000] {processor.py:809} INFO - DAG(s) dict_keys(['example_short_circuit_decorator']) retrieved from /home/airflow/.local/lib/python3.7/site-packages/airflow/example_dags/example_short_circuit_decorator.py
[2024-06-24T15:21:40.923+0000] {logging_mixin.py:149} INFO - [2024-06-24T15:21:40.923+0000] {dag.py:2726} INFO - Sync 1 DAGs
[2024-06-24T15:21:40.933+0000] {logging_mixin.py:149} INFO - [2024-06-24T15:21:40.933+0000] {dag.py:3490} INFO - Setting next_dagrun for example_short_circuit_decorator to 2024-06-23T15:21:40.933621+00:00, run_after=2024-06-24T15:21:40.933621+00:00
[2024-06-24T15:21:40.941+0000] {processor.py:178} INFO - Processing /home/airflow/.local/lib/python3.7/site-packages/airflow/example_dags/example_short_circuit_decorator.py took 0.035 seconds
[2024-06-24T15:22:11.677+0000] {processor.py:156} INFO - Started process (PID=2005) to work on /home/airflow/.local/lib/python3.7/site-packages/airflow/example_dags/example_short_circuit_decorator.py
[2024-06-24T15:22:11.677+0000] {processor.py:799} INFO - Processing file /home/airflow/.local/lib/python3.7/site-packages/airflow/example_dags/example_short_circuit_decorator.py for tasks to queue
[2024-06-24T15:22:11.678+0000] {logging_mixin.py:149} INFO - [2024-06-24T15:22:11.678+0000] {dagbag.py:541} INFO - Filling up the DagBag from /home/airflow/.local/lib/python3.7/site-packages/airflow/example_dags/example_short_circuit_decorator.py
[2024-06-24T15:22:11.683+0000] {processor.py:809} INFO - DAG(s) dict_keys(['example_short_circuit_decorator']) retrieved from /home/airflow/.local/lib/python3.7/site-packages/airflow/example_dags/example_short_circuit_decorator.py
[2024-06-24T15:22:11.694+0000] {logging_mixin.py:149} INFO - [2024-06-24T15:22:11.694+0000] {dag.py:2726} INFO - Sync 1 DAGs
[2024-06-24T15:22:11.705+0000] {logging_mixin.py:149} INFO - [2024-06-24T15:22:11.705+0000] {dag.py:3490} INFO - Setting next_dagrun for example_short_circuit_decorator to 2024-06-23T15:22:11.705418+00:00, run_after=2024-06-24T15:22:11.705418+00:00
[2024-06-24T15:22:11.712+0000] {processor.py:178} INFO - Processing /home/airflow/.local/lib/python3.7/site-packages/airflow/example_dags/example_short_circuit_decorator.py took 0.037 seconds
[2024-06-24T15:22:42.308+0000] {processor.py:156} INFO - Started process (PID=2073) to work on /home/airflow/.local/lib/python3.7/site-packages/airflow/example_dags/example_short_circuit_decorator.py
[2024-06-24T15:22:42.308+0000] {processor.py:799} INFO - Processing file /home/airflow/.local/lib/python3.7/site-packages/airflow/example_dags/example_short_circuit_decorator.py for tasks to queue
[2024-06-24T15:22:42.308+0000] {logging_mixin.py:149} INFO - [2024-06-24T15:22:42.308+0000] {dagbag.py:541} INFO - Filling up the DagBag from /home/airflow/.local/lib/python3.7/site-packages/airflow/example_dags/example_short_circuit_decorator.py
[2024-06-24T15:22:42.313+0000] {processor.py:809} INFO - DAG(s) dict_keys(['example_short_circuit_decorator']) retrieved from /home/airflow/.local/lib/python3.7/site-packages/airflow/example_dags/example_short_circuit_decorator.py
[2024-06-24T15:22:42.324+0000] {logging_mixin.py:149} INFO - [2024-06-24T15:22:42.324+0000] {dag.py:2726} INFO - Sync 1 DAGs
[2024-06-24T15:22:42.333+0000] {logging_mixin.py:149} INFO - [2024-06-24T15:22:42.333+0000] {dag.py:3490} INFO - Setting next_dagrun for example_short_circuit_decorator to 2024-06-23T15:22:42.333797+00:00, run_after=2024-06-24T15:22:42.333797+00:00
[2024-06-24T15:22:42.340+0000] {processor.py:178} INFO - Processing /home/airflow/.local/lib/python3.7/site-packages/airflow/example_dags/example_short_circuit_decorator.py took 0.034 seconds
[2024-06-24T15:23:12.951+0000] {processor.py:156} INFO - Started process (PID=2142) to work on /home/airflow/.local/lib/python3.7/site-packages/airflow/example_dags/example_short_circuit_decorator.py
[2024-06-24T15:23:12.951+0000] {processor.py:799} INFO - Processing file /home/airflow/.local/lib/python3.7/site-packages/airflow/example_dags/example_short_circuit_decorator.py for tasks to queue
[2024-06-24T15:23:12.952+0000] {logging_mixin.py:149} INFO - [2024-06-24T15:23:12.951+0000] {dagbag.py:541} INFO - Filling up the DagBag from /home/airflow/.local/lib/python3.7/site-packages/airflow/example_dags/example_short_circuit_decorator.py
[2024-06-24T15:23:12.956+0000] {processor.py:809} INFO - DAG(s) dict_keys(['example_short_circuit_decorator']) retrieved from /home/airflow/.local/lib/python3.7/site-packages/airflow/example_dags/example_short_circuit_decorator.py
[2024-06-24T15:23:12.967+0000] {logging_mixin.py:149} INFO - [2024-06-24T15:23:12.967+0000] {dag.py:2726} INFO - Sync 1 DAGs
[2024-06-24T15:23:12.978+0000] {logging_mixin.py:149} INFO - [2024-06-24T15:23:12.977+0000] {dag.py:3490} INFO - Setting next_dagrun for example_short_circuit_decorator to 2024-06-23T15:23:12.977819+00:00, run_after=2024-06-24T15:23:12.977819+00:00
[2024-06-24T15:23:12.985+0000] {processor.py:178} INFO - Processing /home/airflow/.local/lib/python3.7/site-packages/airflow/example_dags/example_short_circuit_decorator.py took 0.035 seconds
[2024-06-24T15:23:43.679+0000] {processor.py:156} INFO - Started process (PID=2211) to work on /home/airflow/.local/lib/python3.7/site-packages/airflow/example_dags/example_short_circuit_decorator.py
[2024-06-24T15:23:43.680+0000] {processor.py:799} INFO - Processing file /home/airflow/.local/lib/python3.7/site-packages/airflow/example_dags/example_short_circuit_decorator.py for tasks to queue
[2024-06-24T15:23:43.680+0000] {logging_mixin.py:149} INFO - [2024-06-24T15:23:43.680+0000] {dagbag.py:541} INFO - Filling up the DagBag from /home/airflow/.local/lib/python3.7/site-packages/airflow/example_dags/example_short_circuit_decorator.py
[2024-06-24T15:23:43.685+0000] {processor.py:809} INFO - DAG(s) dict_keys(['example_short_circuit_decorator']) retrieved from /home/airflow/.local/lib/python3.7/site-packages/airflow/example_dags/example_short_circuit_decorator.py
[2024-06-24T15:23:43.698+0000] {logging_mixin.py:149} INFO - [2024-06-24T15:23:43.698+0000] {dag.py:2726} INFO - Sync 1 DAGs
[2024-06-24T15:23:43.709+0000] {logging_mixin.py:149} INFO - [2024-06-24T15:23:43.709+0000] {dag.py:3490} INFO - Setting next_dagrun for example_short_circuit_decorator to 2024-06-23T15:23:43.709675+00:00, run_after=2024-06-24T15:23:43.709675+00:00
[2024-06-24T15:23:43.717+0000] {processor.py:178} INFO - Processing /home/airflow/.local/lib/python3.7/site-packages/airflow/example_dags/example_short_circuit_decorator.py took 0.039 seconds
[2024-06-24T15:24:14.386+0000] {processor.py:156} INFO - Started process (PID=2280) to work on /home/airflow/.local/lib/python3.7/site-packages/airflow/example_dags/example_short_circuit_decorator.py
[2024-06-24T15:24:14.386+0000] {processor.py:799} INFO - Processing file /home/airflow/.local/lib/python3.7/site-packages/airflow/example_dags/example_short_circuit_decorator.py for tasks to queue
[2024-06-24T15:24:14.386+0000] {logging_mixin.py:149} INFO - [2024-06-24T15:24:14.386+0000] {dagbag.py:541} INFO - Filling up the DagBag from /home/airflow/.local/lib/python3.7/site-packages/airflow/example_dags/example_short_circuit_decorator.py
[2024-06-24T15:24:14.391+0000] {processor.py:809} INFO - DAG(s) dict_keys(['example_short_circuit_decorator']) retrieved from /home/airflow/.local/lib/python3.7/site-packages/airflow/example_dags/example_short_circuit_decorator.py
[2024-06-24T15:24:14.402+0000] {logging_mixin.py:149} INFO - [2024-06-24T15:24:14.402+0000] {dag.py:2726} INFO - Sync 1 DAGs
[2024-06-24T15:24:14.414+0000] {logging_mixin.py:149} INFO - [2024-06-24T15:24:14.414+0000] {dag.py:3490} INFO - Setting next_dagrun for example_short_circuit_decorator to 2024-06-23T15:24:14.414219+00:00, run_after=2024-06-24T15:24:14.414219+00:00
[2024-06-24T15:24:14.422+0000] {processor.py:178} INFO - Processing /home/airflow/.local/lib/python3.7/site-packages/airflow/example_dags/example_short_circuit_decorator.py took 0.037 seconds
[2024-06-24T15:24:44.970+0000] {processor.py:156} INFO - Started process (PID=2349) to work on /home/airflow/.local/lib/python3.7/site-packages/airflow/example_dags/example_short_circuit_decorator.py
[2024-06-24T15:24:44.970+0000] {processor.py:799} INFO - Processing file /home/airflow/.local/lib/python3.7/site-packages/airflow/example_dags/example_short_circuit_decorator.py for tasks to queue
[2024-06-24T15:24:44.970+0000] {logging_mixin.py:149} INFO - [2024-06-24T15:24:44.970+0000] {dagbag.py:541} INFO - Filling up the DagBag from /home/airflow/.local/lib/python3.7/site-packages/airflow/example_dags/example_short_circuit_decorator.py
[2024-06-24T15:24:44.974+0000] {processor.py:809} INFO - DAG(s) dict_keys(['example_short_circuit_decorator']) retrieved from /home/airflow/.local/lib/python3.7/site-packages/airflow/example_dags/example_short_circuit_decorator.py
[2024-06-24T15:24:44.986+0000] {logging_mixin.py:149} INFO - [2024-06-24T15:24:44.986+0000] {dag.py:2726} INFO - Sync 1 DAGs
[2024-06-24T15:24:44.999+0000] {logging_mixin.py:149} INFO - [2024-06-24T15:24:44.999+0000] {dag.py:3490} INFO - Setting next_dagrun for example_short_circuit_decorator to 2024-06-23T15:24:44.999394+00:00, run_after=2024-06-24T15:24:44.999394+00:00
[2024-06-24T15:24:45.008+0000] {processor.py:178} INFO - Processing /home/airflow/.local/lib/python3.7/site-packages/airflow/example_dags/example_short_circuit_decorator.py took 0.040 seconds
[2024-06-24T15:25:15.528+0000] {processor.py:156} INFO - Started process (PID=2417) to work on /home/airflow/.local/lib/python3.7/site-packages/airflow/example_dags/example_short_circuit_decorator.py
[2024-06-24T15:25:15.529+0000] {processor.py:799} INFO - Processing file /home/airflow/.local/lib/python3.7/site-packages/airflow/example_dags/example_short_circuit_decorator.py for tasks to queue
[2024-06-24T15:25:15.529+0000] {logging_mixin.py:149} INFO - [2024-06-24T15:25:15.529+0000] {dagbag.py:541} INFO - Filling up the DagBag from /home/airflow/.local/lib/python3.7/site-packages/airflow/example_dags/example_short_circuit_decorator.py
[2024-06-24T15:25:15.534+0000] {processor.py:809} INFO - DAG(s) dict_keys(['example_short_circuit_decorator']) retrieved from /home/airflow/.local/lib/python3.7/site-packages/airflow/example_dags/example_short_circuit_decorator.py
[2024-06-24T15:25:15.545+0000] {logging_mixin.py:149} INFO - [2024-06-24T15:25:15.545+0000] {dag.py:2726} INFO - Sync 1 DAGs
[2024-06-24T15:25:15.557+0000] {logging_mixin.py:149} INFO - [2024-06-24T15:25:15.557+0000] {dag.py:3490} INFO - Setting next_dagrun for example_short_circuit_decorator to 2024-06-23T15:25:15.557675+00:00, run_after=2024-06-24T15:25:15.557675+00:00
[2024-06-24T15:25:15.565+0000] {processor.py:178} INFO - Processing /home/airflow/.local/lib/python3.7/site-packages/airflow/example_dags/example_short_circuit_decorator.py took 0.039 seconds
[2024-06-24T15:25:46.151+0000] {processor.py:156} INFO - Started process (PID=2492) to work on /home/airflow/.local/lib/python3.7/site-packages/airflow/example_dags/example_short_circuit_decorator.py
[2024-06-24T15:25:46.152+0000] {processor.py:799} INFO - Processing file /home/airflow/.local/lib/python3.7/site-packages/airflow/example_dags/example_short_circuit_decorator.py for tasks to queue
[2024-06-24T15:25:46.152+0000] {logging_mixin.py:149} INFO - [2024-06-24T15:25:46.152+0000] {dagbag.py:541} INFO - Filling up the DagBag from /home/airflow/.local/lib/python3.7/site-packages/airflow/example_dags/example_short_circuit_decorator.py
[2024-06-24T15:25:46.156+0000] {processor.py:809} INFO - DAG(s) dict_keys(['example_short_circuit_decorator']) retrieved from /home/airflow/.local/lib/python3.7/site-packages/airflow/example_dags/example_short_circuit_decorator.py
[2024-06-24T15:25:46.166+0000] {logging_mixin.py:149} INFO - [2024-06-24T15:25:46.166+0000] {dag.py:2726} INFO - Sync 1 DAGs
[2024-06-24T15:25:46.176+0000] {logging_mixin.py:149} INFO - [2024-06-24T15:25:46.176+0000] {dag.py:3490} INFO - Setting next_dagrun for example_short_circuit_decorator to 2024-06-23T15:25:46.176719+00:00, run_after=2024-06-24T15:25:46.176719+00:00
[2024-06-24T15:25:46.183+0000] {processor.py:178} INFO - Processing /home/airflow/.local/lib/python3.7/site-packages/airflow/example_dags/example_short_circuit_decorator.py took 0.033 seconds
[2024-06-24T15:26:16.704+0000] {processor.py:156} INFO - Started process (PID=2561) to work on /home/airflow/.local/lib/python3.7/site-packages/airflow/example_dags/example_short_circuit_decorator.py
[2024-06-24T15:26:16.704+0000] {processor.py:799} INFO - Processing file /home/airflow/.local/lib/python3.7/site-packages/airflow/example_dags/example_short_circuit_decorator.py for tasks to queue
[2024-06-24T15:26:16.704+0000] {logging_mixin.py:149} INFO - [2024-06-24T15:26:16.704+0000] {dagbag.py:541} INFO - Filling up the DagBag from /home/airflow/.local/lib/python3.7/site-packages/airflow/example_dags/example_short_circuit_decorator.py
[2024-06-24T15:26:16.708+0000] {processor.py:809} INFO - DAG(s) dict_keys(['example_short_circuit_decorator']) retrieved from /home/airflow/.local/lib/python3.7/site-packages/airflow/example_dags/example_short_circuit_decorator.py
[2024-06-24T15:26:16.718+0000] {logging_mixin.py:149} INFO - [2024-06-24T15:26:16.718+0000] {dag.py:2726} INFO - Sync 1 DAGs
[2024-06-24T15:26:16.729+0000] {logging_mixin.py:149} INFO - [2024-06-24T15:26:16.729+0000] {dag.py:3490} INFO - Setting next_dagrun for example_short_circuit_decorator to 2024-06-23T15:26:16.729300+00:00, run_after=2024-06-24T15:26:16.729300+00:00
[2024-06-24T15:26:16.736+0000] {processor.py:178} INFO - Processing /home/airflow/.local/lib/python3.7/site-packages/airflow/example_dags/example_short_circuit_decorator.py took 0.034 seconds
[2024-06-24T15:26:47.423+0000] {processor.py:156} INFO - Started process (PID=2630) to work on /home/airflow/.local/lib/python3.7/site-packages/airflow/example_dags/example_short_circuit_decorator.py
[2024-06-24T15:26:47.423+0000] {processor.py:799} INFO - Processing file /home/airflow/.local/lib/python3.7/site-packages/airflow/example_dags/example_short_circuit_decorator.py for tasks to queue
[2024-06-24T15:26:47.424+0000] {logging_mixin.py:149} INFO - [2024-06-24T15:26:47.424+0000] {dagbag.py:541} INFO - Filling up the DagBag from /home/airflow/.local/lib/python3.7/site-packages/airflow/example_dags/example_short_circuit_decorator.py
[2024-06-24T15:26:47.431+0000] {processor.py:809} INFO - DAG(s) dict_keys(['example_short_circuit_decorator']) retrieved from /home/airflow/.local/lib/python3.7/site-packages/airflow/example_dags/example_short_circuit_decorator.py
[2024-06-24T15:26:47.445+0000] {logging_mixin.py:149} INFO - [2024-06-24T15:26:47.445+0000] {dag.py:2726} INFO - Sync 1 DAGs
[2024-06-24T15:26:47.459+0000] {logging_mixin.py:149} INFO - [2024-06-24T15:26:47.458+0000] {dag.py:3490} INFO - Setting next_dagrun for example_short_circuit_decorator to 2024-06-23T15:26:47.458765+00:00, run_after=2024-06-24T15:26:47.458765+00:00
[2024-06-24T15:26:47.470+0000] {processor.py:178} INFO - Processing /home/airflow/.local/lib/python3.7/site-packages/airflow/example_dags/example_short_circuit_decorator.py took 0.049 seconds
[2024-06-24T15:27:18.321+0000] {processor.py:156} INFO - Started process (PID=2699) to work on /home/airflow/.local/lib/python3.7/site-packages/airflow/example_dags/example_short_circuit_decorator.py
[2024-06-24T15:27:18.321+0000] {processor.py:799} INFO - Processing file /home/airflow/.local/lib/python3.7/site-packages/airflow/example_dags/example_short_circuit_decorator.py for tasks to queue
[2024-06-24T15:27:18.321+0000] {logging_mixin.py:149} INFO - [2024-06-24T15:27:18.321+0000] {dagbag.py:541} INFO - Filling up the DagBag from /home/airflow/.local/lib/python3.7/site-packages/airflow/example_dags/example_short_circuit_decorator.py
[2024-06-24T15:27:18.326+0000] {processor.py:809} INFO - DAG(s) dict_keys(['example_short_circuit_decorator']) retrieved from /home/airflow/.local/lib/python3.7/site-packages/airflow/example_dags/example_short_circuit_decorator.py
[2024-06-24T15:27:18.339+0000] {logging_mixin.py:149} INFO - [2024-06-24T15:27:18.339+0000] {dag.py:2726} INFO - Sync 1 DAGs
[2024-06-24T15:27:18.352+0000] {logging_mixin.py:149} INFO - [2024-06-24T15:27:18.352+0000] {dag.py:3490} INFO - Setting next_dagrun for example_short_circuit_decorator to 2024-06-23T15:27:18.352392+00:00, run_after=2024-06-24T15:27:18.352392+00:00
[2024-06-24T15:27:18.360+0000] {processor.py:178} INFO - Processing /home/airflow/.local/lib/python3.7/site-packages/airflow/example_dags/example_short_circuit_decorator.py took 0.041 seconds
[2024-06-24T15:27:49.154+0000] {processor.py:156} INFO - Started process (PID=2768) to work on /home/airflow/.local/lib/python3.7/site-packages/airflow/example_dags/example_short_circuit_decorator.py
[2024-06-24T15:27:49.155+0000] {processor.py:799} INFO - Processing file /home/airflow/.local/lib/python3.7/site-packages/airflow/example_dags/example_short_circuit_decorator.py for tasks to queue
[2024-06-24T15:27:49.155+0000] {logging_mixin.py:149} INFO - [2024-06-24T15:27:49.155+0000] {dagbag.py:541} INFO - Filling up the DagBag from /home/airflow/.local/lib/python3.7/site-packages/airflow/example_dags/example_short_circuit_decorator.py
[2024-06-24T15:27:49.159+0000] {processor.py:809} INFO - DAG(s) dict_keys(['example_short_circuit_decorator']) retrieved from /home/airflow/.local/lib/python3.7/site-packages/airflow/example_dags/example_short_circuit_decorator.py
[2024-06-24T15:27:49.170+0000] {logging_mixin.py:149} INFO - [2024-06-24T15:27:49.170+0000] {dag.py:2726} INFO - Sync 1 DAGs
[2024-06-24T15:27:49.181+0000] {logging_mixin.py:149} INFO - [2024-06-24T15:27:49.181+0000] {dag.py:3490} INFO - Setting next_dagrun for example_short_circuit_decorator to 2024-06-23T15:27:49.181760+00:00, run_after=2024-06-24T15:27:49.181760+00:00
[2024-06-24T15:27:49.189+0000] {processor.py:178} INFO - Processing /home/airflow/.local/lib/python3.7/site-packages/airflow/example_dags/example_short_circuit_decorator.py took 0.036 seconds
[2024-06-24T15:28:20.054+0000] {processor.py:156} INFO - Started process (PID=2837) to work on /home/airflow/.local/lib/python3.7/site-packages/airflow/example_dags/example_short_circuit_decorator.py
[2024-06-24T15:28:20.055+0000] {processor.py:799} INFO - Processing file /home/airflow/.local/lib/python3.7/site-packages/airflow/example_dags/example_short_circuit_decorator.py for tasks to queue
[2024-06-24T15:28:20.055+0000] {logging_mixin.py:149} INFO - [2024-06-24T15:28:20.055+0000] {dagbag.py:541} INFO - Filling up the DagBag from /home/airflow/.local/lib/python3.7/site-packages/airflow/example_dags/example_short_circuit_decorator.py
[2024-06-24T15:28:20.059+0000] {processor.py:809} INFO - DAG(s) dict_keys(['example_short_circuit_decorator']) retrieved from /home/airflow/.local/lib/python3.7/site-packages/airflow/example_dags/example_short_circuit_decorator.py
[2024-06-24T15:28:20.070+0000] {logging_mixin.py:149} INFO - [2024-06-24T15:28:20.070+0000] {dag.py:2726} INFO - Sync 1 DAGs
[2024-06-24T15:28:20.081+0000] {logging_mixin.py:149} INFO - [2024-06-24T15:28:20.081+0000] {dag.py:3490} INFO - Setting next_dagrun for example_short_circuit_decorator to 2024-06-23T15:28:20.081323+00:00, run_after=2024-06-24T15:28:20.081323+00:00
[2024-06-24T15:28:20.088+0000] {processor.py:178} INFO - Processing /home/airflow/.local/lib/python3.7/site-packages/airflow/example_dags/example_short_circuit_decorator.py took 0.035 seconds
[2024-06-24T15:28:50.947+0000] {processor.py:156} INFO - Started process (PID=2906) to work on /home/airflow/.local/lib/python3.7/site-packages/airflow/example_dags/example_short_circuit_decorator.py
[2024-06-24T15:28:50.947+0000] {processor.py:799} INFO - Processing file /home/airflow/.local/lib/python3.7/site-packages/airflow/example_dags/example_short_circuit_decorator.py for tasks to queue
[2024-06-24T15:28:50.947+0000] {logging_mixin.py:149} INFO - [2024-06-24T15:28:50.947+0000] {dagbag.py:541} INFO - Filling up the DagBag from /home/airflow/.local/lib/python3.7/site-packages/airflow/example_dags/example_short_circuit_decorator.py
[2024-06-24T15:28:50.951+0000] {processor.py:809} INFO - DAG(s) dict_keys(['example_short_circuit_decorator']) retrieved from /home/airflow/.local/lib/python3.7/site-packages/airflow/example_dags/example_short_circuit_decorator.py
[2024-06-24T15:28:50.962+0000] {logging_mixin.py:149} INFO - [2024-06-24T15:28:50.962+0000] {dag.py:2726} INFO - Sync 1 DAGs
[2024-06-24T15:28:50.973+0000] {logging_mixin.py:149} INFO - [2024-06-24T15:28:50.973+0000] {dag.py:3490} INFO - Setting next_dagrun for example_short_circuit_decorator to 2024-06-23T15:28:50.973341+00:00, run_after=2024-06-24T15:28:50.973341+00:00
[2024-06-24T15:28:50.981+0000] {processor.py:178} INFO - Processing /home/airflow/.local/lib/python3.7/site-packages/airflow/example_dags/example_short_circuit_decorator.py took 0.035 seconds
[2024-06-24T15:29:21.585+0000] {processor.py:156} INFO - Started process (PID=2974) to work on /home/airflow/.local/lib/python3.7/site-packages/airflow/example_dags/example_short_circuit_decorator.py
[2024-06-24T15:29:21.585+0000] {processor.py:799} INFO - Processing file /home/airflow/.local/lib/python3.7/site-packages/airflow/example_dags/example_short_circuit_decorator.py for tasks to queue
[2024-06-24T15:29:21.585+0000] {logging_mixin.py:149} INFO - [2024-06-24T15:29:21.585+0000] {dagbag.py:541} INFO - Filling up the DagBag from /home/airflow/.local/lib/python3.7/site-packages/airflow/example_dags/example_short_circuit_decorator.py
[2024-06-24T15:29:21.589+0000] {processor.py:809} INFO - DAG(s) dict_keys(['example_short_circuit_decorator']) retrieved from /home/airflow/.local/lib/python3.7/site-packages/airflow/example_dags/example_short_circuit_decorator.py
[2024-06-24T15:29:21.600+0000] {logging_mixin.py:149} INFO - [2024-06-24T15:29:21.600+0000] {dag.py:2726} INFO - Sync 1 DAGs
[2024-06-24T15:29:21.611+0000] {logging_mixin.py:149} INFO - [2024-06-24T15:29:21.611+0000] {dag.py:3490} INFO - Setting next_dagrun for example_short_circuit_decorator to 2024-06-23T15:29:21.611347+00:00, run_after=2024-06-24T15:29:21.611347+00:00
[2024-06-24T15:29:21.618+0000] {processor.py:178} INFO - Processing /home/airflow/.local/lib/python3.7/site-packages/airflow/example_dags/example_short_circuit_decorator.py took 0.035 seconds
[2024-06-24T15:29:52.289+0000] {processor.py:156} INFO - Started process (PID=3043) to work on /home/airflow/.local/lib/python3.7/site-packages/airflow/example_dags/example_short_circuit_decorator.py
[2024-06-24T15:29:52.290+0000] {processor.py:799} INFO - Processing file /home/airflow/.local/lib/python3.7/site-packages/airflow/example_dags/example_short_circuit_decorator.py for tasks to queue
[2024-06-24T15:29:52.290+0000] {logging_mixin.py:149} INFO - [2024-06-24T15:29:52.290+0000] {dagbag.py:541} INFO - Filling up the DagBag from /home/airflow/.local/lib/python3.7/site-packages/airflow/example_dags/example_short_circuit_decorator.py
[2024-06-24T15:29:52.294+0000] {processor.py:809} INFO - DAG(s) dict_keys(['example_short_circuit_decorator']) retrieved from /home/airflow/.local/lib/python3.7/site-packages/airflow/example_dags/example_short_circuit_decorator.py
[2024-06-24T15:29:52.306+0000] {logging_mixin.py:149} INFO - [2024-06-24T15:29:52.306+0000] {dag.py:2726} INFO - Sync 1 DAGs
[2024-06-24T15:29:52.318+0000] {logging_mixin.py:149} INFO - [2024-06-24T15:29:52.318+0000] {dag.py:3490} INFO - Setting next_dagrun for example_short_circuit_decorator to 2024-06-23T15:29:52.318077+00:00, run_after=2024-06-24T15:29:52.318077+00:00
[2024-06-24T15:29:52.325+0000] {processor.py:178} INFO - Processing /home/airflow/.local/lib/python3.7/site-packages/airflow/example_dags/example_short_circuit_decorator.py took 0.037 seconds
[2024-06-24T15:30:22.934+0000] {processor.py:156} INFO - Started process (PID=3111) to work on /home/airflow/.local/lib/python3.7/site-packages/airflow/example_dags/example_short_circuit_decorator.py
[2024-06-24T15:30:22.934+0000] {processor.py:799} INFO - Processing file /home/airflow/.local/lib/python3.7/site-packages/airflow/example_dags/example_short_circuit_decorator.py for tasks to queue
[2024-06-24T15:30:22.934+0000] {logging_mixin.py:149} INFO - [2024-06-24T15:30:22.934+0000] {dagbag.py:541} INFO - Filling up the DagBag from /home/airflow/.local/lib/python3.7/site-packages/airflow/example_dags/example_short_circuit_decorator.py
[2024-06-24T15:30:22.939+0000] {processor.py:809} INFO - DAG(s) dict_keys(['example_short_circuit_decorator']) retrieved from /home/airflow/.local/lib/python3.7/site-packages/airflow/example_dags/example_short_circuit_decorator.py
[2024-06-24T15:30:22.951+0000] {logging_mixin.py:149} INFO - [2024-06-24T15:30:22.950+0000] {dag.py:2726} INFO - Sync 1 DAGs
[2024-06-24T15:30:22.963+0000] {logging_mixin.py:149} INFO - [2024-06-24T15:30:22.962+0000] {dag.py:3490} INFO - Setting next_dagrun for example_short_circuit_decorator to 2024-06-23T15:30:22.962816+00:00, run_after=2024-06-24T15:30:22.962816+00:00
[2024-06-24T15:30:22.970+0000] {processor.py:178} INFO - Processing /home/airflow/.local/lib/python3.7/site-packages/airflow/example_dags/example_short_circuit_decorator.py took 0.037 seconds
