[2024-06-24T15:03:51.054+0000] {processor.py:156} INFO - Started process (PID=74) to work on /home/airflow/.local/lib/python3.7/site-packages/airflow/example_dags/example_branch_labels.py
[2024-06-24T15:03:51.054+0000] {processor.py:799} INFO - Processing file /home/airflow/.local/lib/python3.7/site-packages/airflow/example_dags/example_branch_labels.py for tasks to queue
[2024-06-24T15:03:51.055+0000] {logging_mixin.py:149} INFO - [2024-06-24T15:03:51.055+0000] {dagbag.py:541} INFO - Filling up the DagBag from /home/airflow/.local/lib/python3.7/site-packages/airflow/example_dags/example_branch_labels.py
[2024-06-24T15:03:51.060+0000] {processor.py:809} INFO - DAG(s) dict_keys(['example_branch_labels']) retrieved from /home/airflow/.local/lib/python3.7/site-packages/airflow/example_dags/example_branch_labels.py
[2024-06-24T15:03:51.113+0000] {logging_mixin.py:149} INFO - [2024-06-24T15:03:51.113+0000] {manager.py:504} INFO - Created Permission View: can delete on DAG:example_branch_labels
[2024-06-24T15:03:51.116+0000] {logging_mixin.py:149} INFO - [2024-06-24T15:03:51.116+0000] {manager.py:504} INFO - Created Permission View: can edit on DAG:example_branch_labels
[2024-06-24T15:03:51.119+0000] {logging_mixin.py:149} INFO - [2024-06-24T15:03:51.119+0000] {manager.py:504} INFO - Created Permission View: can read on DAG:example_branch_labels
[2024-06-24T15:03:51.119+0000] {logging_mixin.py:149} INFO - [2024-06-24T15:03:51.119+0000] {dag.py:2726} INFO - Sync 1 DAGs
[2024-06-24T15:03:51.124+0000] {logging_mixin.py:149} INFO - [2024-06-24T15:03:51.124+0000] {dag.py:2747} INFO - Creating ORM DAG for example_branch_labels
[2024-06-24T15:03:51.130+0000] {logging_mixin.py:149} INFO - [2024-06-24T15:03:51.130+0000] {dag.py:3490} INFO - Setting next_dagrun for example_branch_labels to 2024-06-23T00:00:00+00:00, run_after=2024-06-24T00:00:00+00:00
[2024-06-24T15:03:51.139+0000] {processor.py:178} INFO - Processing /home/airflow/.local/lib/python3.7/site-packages/airflow/example_dags/example_branch_labels.py took 0.086 seconds
[2024-06-24T15:04:21.336+0000] {processor.py:156} INFO - Started process (PID=143) to work on /home/airflow/.local/lib/python3.7/site-packages/airflow/example_dags/example_branch_labels.py
[2024-06-24T15:04:21.337+0000] {processor.py:799} INFO - Processing file /home/airflow/.local/lib/python3.7/site-packages/airflow/example_dags/example_branch_labels.py for tasks to queue
[2024-06-24T15:04:21.337+0000] {logging_mixin.py:149} INFO - [2024-06-24T15:04:21.337+0000] {dagbag.py:541} INFO - Filling up the DagBag from /home/airflow/.local/lib/python3.7/site-packages/airflow/example_dags/example_branch_labels.py
[2024-06-24T15:04:21.340+0000] {processor.py:809} INFO - DAG(s) dict_keys(['example_branch_labels']) retrieved from /home/airflow/.local/lib/python3.7/site-packages/airflow/example_dags/example_branch_labels.py
[2024-06-24T15:04:21.350+0000] {logging_mixin.py:149} INFO - [2024-06-24T15:04:21.350+0000] {dag.py:2726} INFO - Sync 1 DAGs
[2024-06-24T15:04:21.361+0000] {logging_mixin.py:149} INFO - [2024-06-24T15:04:21.361+0000] {dag.py:3490} INFO - Setting next_dagrun for example_branch_labels to 2024-06-23T00:00:00+00:00, run_after=2024-06-24T00:00:00+00:00
[2024-06-24T15:04:21.368+0000] {processor.py:178} INFO - Processing /home/airflow/.local/lib/python3.7/site-packages/airflow/example_dags/example_branch_labels.py took 0.034 seconds
[2024-06-24T15:04:51.940+0000] {processor.py:156} INFO - Started process (PID=211) to work on /home/airflow/.local/lib/python3.7/site-packages/airflow/example_dags/example_branch_labels.py
[2024-06-24T15:04:51.940+0000] {processor.py:799} INFO - Processing file /home/airflow/.local/lib/python3.7/site-packages/airflow/example_dags/example_branch_labels.py for tasks to queue
[2024-06-24T15:04:51.941+0000] {logging_mixin.py:149} INFO - [2024-06-24T15:04:51.941+0000] {dagbag.py:541} INFO - Filling up the DagBag from /home/airflow/.local/lib/python3.7/site-packages/airflow/example_dags/example_branch_labels.py
[2024-06-24T15:04:51.944+0000] {processor.py:809} INFO - DAG(s) dict_keys(['example_branch_labels']) retrieved from /home/airflow/.local/lib/python3.7/site-packages/airflow/example_dags/example_branch_labels.py
[2024-06-24T15:04:51.954+0000] {logging_mixin.py:149} INFO - [2024-06-24T15:04:51.954+0000] {dag.py:2726} INFO - Sync 1 DAGs
[2024-06-24T15:04:51.965+0000] {logging_mixin.py:149} INFO - [2024-06-24T15:04:51.965+0000] {dag.py:3490} INFO - Setting next_dagrun for example_branch_labels to 2024-06-23T00:00:00+00:00, run_after=2024-06-24T00:00:00+00:00
[2024-06-24T15:04:51.971+0000] {processor.py:178} INFO - Processing /home/airflow/.local/lib/python3.7/site-packages/airflow/example_dags/example_branch_labels.py took 0.032 seconds
[2024-06-24T15:05:22.542+0000] {processor.py:156} INFO - Started process (PID=280) to work on /home/airflow/.local/lib/python3.7/site-packages/airflow/example_dags/example_branch_labels.py
[2024-06-24T15:05:22.542+0000] {processor.py:799} INFO - Processing file /home/airflow/.local/lib/python3.7/site-packages/airflow/example_dags/example_branch_labels.py for tasks to queue
[2024-06-24T15:05:22.543+0000] {logging_mixin.py:149} INFO - [2024-06-24T15:05:22.543+0000] {dagbag.py:541} INFO - Filling up the DagBag from /home/airflow/.local/lib/python3.7/site-packages/airflow/example_dags/example_branch_labels.py
[2024-06-24T15:05:22.546+0000] {processor.py:809} INFO - DAG(s) dict_keys(['example_branch_labels']) retrieved from /home/airflow/.local/lib/python3.7/site-packages/airflow/example_dags/example_branch_labels.py
[2024-06-24T15:05:22.556+0000] {logging_mixin.py:149} INFO - [2024-06-24T15:05:22.556+0000] {dag.py:2726} INFO - Sync 1 DAGs
[2024-06-24T15:05:22.566+0000] {logging_mixin.py:149} INFO - [2024-06-24T15:05:22.566+0000] {dag.py:3490} INFO - Setting next_dagrun for example_branch_labels to 2024-06-23T00:00:00+00:00, run_after=2024-06-24T00:00:00+00:00
[2024-06-24T15:05:22.572+0000] {processor.py:178} INFO - Processing /home/airflow/.local/lib/python3.7/site-packages/airflow/example_dags/example_branch_labels.py took 0.031 seconds
[2024-06-24T15:05:53.109+0000] {processor.py:156} INFO - Started process (PID=349) to work on /home/airflow/.local/lib/python3.7/site-packages/airflow/example_dags/example_branch_labels.py
[2024-06-24T15:05:53.109+0000] {processor.py:799} INFO - Processing file /home/airflow/.local/lib/python3.7/site-packages/airflow/example_dags/example_branch_labels.py for tasks to queue
[2024-06-24T15:05:53.109+0000] {logging_mixin.py:149} INFO - [2024-06-24T15:05:53.109+0000] {dagbag.py:541} INFO - Filling up the DagBag from /home/airflow/.local/lib/python3.7/site-packages/airflow/example_dags/example_branch_labels.py
[2024-06-24T15:05:53.113+0000] {processor.py:809} INFO - DAG(s) dict_keys(['example_branch_labels']) retrieved from /home/airflow/.local/lib/python3.7/site-packages/airflow/example_dags/example_branch_labels.py
[2024-06-24T15:05:53.122+0000] {logging_mixin.py:149} INFO - [2024-06-24T15:05:53.122+0000] {dag.py:2726} INFO - Sync 1 DAGs
[2024-06-24T15:05:53.132+0000] {logging_mixin.py:149} INFO - [2024-06-24T15:05:53.132+0000] {dag.py:3490} INFO - Setting next_dagrun for example_branch_labels to 2024-06-23T00:00:00+00:00, run_after=2024-06-24T00:00:00+00:00
[2024-06-24T15:05:53.138+0000] {processor.py:178} INFO - Processing /home/airflow/.local/lib/python3.7/site-packages/airflow/example_dags/example_branch_labels.py took 0.031 seconds
[2024-06-24T15:06:23.767+0000] {processor.py:156} INFO - Started process (PID=417) to work on /home/airflow/.local/lib/python3.7/site-packages/airflow/example_dags/example_branch_labels.py
[2024-06-24T15:06:23.767+0000] {processor.py:799} INFO - Processing file /home/airflow/.local/lib/python3.7/site-packages/airflow/example_dags/example_branch_labels.py for tasks to queue
[2024-06-24T15:06:23.767+0000] {logging_mixin.py:149} INFO - [2024-06-24T15:06:23.767+0000] {dagbag.py:541} INFO - Filling up the DagBag from /home/airflow/.local/lib/python3.7/site-packages/airflow/example_dags/example_branch_labels.py
[2024-06-24T15:06:23.770+0000] {processor.py:809} INFO - DAG(s) dict_keys(['example_branch_labels']) retrieved from /home/airflow/.local/lib/python3.7/site-packages/airflow/example_dags/example_branch_labels.py
[2024-06-24T15:06:23.780+0000] {logging_mixin.py:149} INFO - [2024-06-24T15:06:23.780+0000] {dag.py:2726} INFO - Sync 1 DAGs
[2024-06-24T15:06:23.790+0000] {logging_mixin.py:149} INFO - [2024-06-24T15:06:23.790+0000] {dag.py:3490} INFO - Setting next_dagrun for example_branch_labels to 2024-06-23T00:00:00+00:00, run_after=2024-06-24T00:00:00+00:00
[2024-06-24T15:06:23.797+0000] {processor.py:178} INFO - Processing /home/airflow/.local/lib/python3.7/site-packages/airflow/example_dags/example_branch_labels.py took 0.031 seconds
[2024-06-24T15:06:54.426+0000] {processor.py:156} INFO - Started process (PID=486) to work on /home/airflow/.local/lib/python3.7/site-packages/airflow/example_dags/example_branch_labels.py
[2024-06-24T15:06:54.427+0000] {processor.py:799} INFO - Processing file /home/airflow/.local/lib/python3.7/site-packages/airflow/example_dags/example_branch_labels.py for tasks to queue
[2024-06-24T15:06:54.427+0000] {logging_mixin.py:149} INFO - [2024-06-24T15:06:54.427+0000] {dagbag.py:541} INFO - Filling up the DagBag from /home/airflow/.local/lib/python3.7/site-packages/airflow/example_dags/example_branch_labels.py
[2024-06-24T15:06:54.430+0000] {processor.py:809} INFO - DAG(s) dict_keys(['example_branch_labels']) retrieved from /home/airflow/.local/lib/python3.7/site-packages/airflow/example_dags/example_branch_labels.py
[2024-06-24T15:06:54.441+0000] {logging_mixin.py:149} INFO - [2024-06-24T15:06:54.441+0000] {dag.py:2726} INFO - Sync 1 DAGs
[2024-06-24T15:06:54.451+0000] {logging_mixin.py:149} INFO - [2024-06-24T15:06:54.451+0000] {dag.py:3490} INFO - Setting next_dagrun for example_branch_labels to 2024-06-23T00:00:00+00:00, run_after=2024-06-24T00:00:00+00:00
[2024-06-24T15:06:54.458+0000] {processor.py:178} INFO - Processing /home/airflow/.local/lib/python3.7/site-packages/airflow/example_dags/example_branch_labels.py took 0.033 seconds
[2024-06-24T15:07:53.977+0000] {processor.py:156} INFO - Started process (PID=74) to work on /home/airflow/.local/lib/python3.7/site-packages/airflow/example_dags/example_branch_labels.py
[2024-06-24T15:07:53.980+0000] {processor.py:799} INFO - Processing file /home/airflow/.local/lib/python3.7/site-packages/airflow/example_dags/example_branch_labels.py for tasks to queue
[2024-06-24T15:07:53.981+0000] {logging_mixin.py:149} INFO - [2024-06-24T15:07:53.981+0000] {dagbag.py:541} INFO - Filling up the DagBag from /home/airflow/.local/lib/python3.7/site-packages/airflow/example_dags/example_branch_labels.py
[2024-06-24T15:07:53.990+0000] {processor.py:809} INFO - DAG(s) dict_keys(['example_branch_labels']) retrieved from /home/airflow/.local/lib/python3.7/site-packages/airflow/example_dags/example_branch_labels.py
[2024-06-24T15:07:53.997+0000] {logging_mixin.py:149} INFO - [2024-06-24T15:07:53.997+0000] {dag.py:2726} INFO - Sync 1 DAGs
[2024-06-24T15:07:54.011+0000] {logging_mixin.py:149} INFO - [2024-06-24T15:07:54.011+0000] {dag.py:3490} INFO - Setting next_dagrun for example_branch_labels to 2024-06-23T00:00:00+00:00, run_after=2024-06-24T00:00:00+00:00
[2024-06-24T15:07:54.022+0000] {processor.py:178} INFO - Processing /home/airflow/.local/lib/python3.7/site-packages/airflow/example_dags/example_branch_labels.py took 0.046 seconds
[2024-06-24T15:08:24.399+0000] {processor.py:156} INFO - Started process (PID=147) to work on /home/airflow/.local/lib/python3.7/site-packages/airflow/example_dags/example_branch_labels.py
[2024-06-24T15:08:24.399+0000] {processor.py:799} INFO - Processing file /home/airflow/.local/lib/python3.7/site-packages/airflow/example_dags/example_branch_labels.py for tasks to queue
[2024-06-24T15:08:24.399+0000] {logging_mixin.py:149} INFO - [2024-06-24T15:08:24.399+0000] {dagbag.py:541} INFO - Filling up the DagBag from /home/airflow/.local/lib/python3.7/site-packages/airflow/example_dags/example_branch_labels.py
[2024-06-24T15:08:24.402+0000] {processor.py:809} INFO - DAG(s) dict_keys(['example_branch_labels']) retrieved from /home/airflow/.local/lib/python3.7/site-packages/airflow/example_dags/example_branch_labels.py
[2024-06-24T15:08:24.412+0000] {logging_mixin.py:149} INFO - [2024-06-24T15:08:24.412+0000] {dag.py:2726} INFO - Sync 1 DAGs
[2024-06-24T15:08:24.422+0000] {logging_mixin.py:149} INFO - [2024-06-24T15:08:24.422+0000] {dag.py:3490} INFO - Setting next_dagrun for example_branch_labels to 2024-06-23T00:00:00+00:00, run_after=2024-06-24T00:00:00+00:00
[2024-06-24T15:08:24.429+0000] {processor.py:178} INFO - Processing /home/airflow/.local/lib/python3.7/site-packages/airflow/example_dags/example_branch_labels.py took 0.032 seconds
[2024-06-24T15:08:54.941+0000] {processor.py:156} INFO - Started process (PID=216) to work on /home/airflow/.local/lib/python3.7/site-packages/airflow/example_dags/example_branch_labels.py
[2024-06-24T15:08:54.941+0000] {processor.py:799} INFO - Processing file /home/airflow/.local/lib/python3.7/site-packages/airflow/example_dags/example_branch_labels.py for tasks to queue
[2024-06-24T15:08:54.942+0000] {logging_mixin.py:149} INFO - [2024-06-24T15:08:54.942+0000] {dagbag.py:541} INFO - Filling up the DagBag from /home/airflow/.local/lib/python3.7/site-packages/airflow/example_dags/example_branch_labels.py
[2024-06-24T15:08:54.945+0000] {processor.py:809} INFO - DAG(s) dict_keys(['example_branch_labels']) retrieved from /home/airflow/.local/lib/python3.7/site-packages/airflow/example_dags/example_branch_labels.py
[2024-06-24T15:08:54.955+0000] {logging_mixin.py:149} INFO - [2024-06-24T15:08:54.955+0000] {dag.py:2726} INFO - Sync 1 DAGs
[2024-06-24T15:08:54.966+0000] {logging_mixin.py:149} INFO - [2024-06-24T15:08:54.966+0000] {dag.py:3490} INFO - Setting next_dagrun for example_branch_labels to 2024-06-23T00:00:00+00:00, run_after=2024-06-24T00:00:00+00:00
[2024-06-24T15:08:54.973+0000] {processor.py:178} INFO - Processing /home/airflow/.local/lib/python3.7/site-packages/airflow/example_dags/example_branch_labels.py took 0.033 seconds
[2024-06-24T15:09:25.646+0000] {processor.py:156} INFO - Started process (PID=285) to work on /home/airflow/.local/lib/python3.7/site-packages/airflow/example_dags/example_branch_labels.py
[2024-06-24T15:09:25.647+0000] {processor.py:799} INFO - Processing file /home/airflow/.local/lib/python3.7/site-packages/airflow/example_dags/example_branch_labels.py for tasks to queue
[2024-06-24T15:09:25.647+0000] {logging_mixin.py:149} INFO - [2024-06-24T15:09:25.647+0000] {dagbag.py:541} INFO - Filling up the DagBag from /home/airflow/.local/lib/python3.7/site-packages/airflow/example_dags/example_branch_labels.py
[2024-06-24T15:09:25.650+0000] {processor.py:809} INFO - DAG(s) dict_keys(['example_branch_labels']) retrieved from /home/airflow/.local/lib/python3.7/site-packages/airflow/example_dags/example_branch_labels.py
[2024-06-24T15:09:25.660+0000] {logging_mixin.py:149} INFO - [2024-06-24T15:09:25.660+0000] {dag.py:2726} INFO - Sync 1 DAGs
[2024-06-24T15:09:25.671+0000] {logging_mixin.py:149} INFO - [2024-06-24T15:09:25.671+0000] {dag.py:3490} INFO - Setting next_dagrun for example_branch_labels to 2024-06-23T00:00:00+00:00, run_after=2024-06-24T00:00:00+00:00
[2024-06-24T15:09:25.678+0000] {processor.py:178} INFO - Processing /home/airflow/.local/lib/python3.7/site-packages/airflow/example_dags/example_branch_labels.py took 0.033 seconds
[2024-06-24T15:09:56.257+0000] {processor.py:156} INFO - Started process (PID=354) to work on /home/airflow/.local/lib/python3.7/site-packages/airflow/example_dags/example_branch_labels.py
[2024-06-24T15:09:56.257+0000] {processor.py:799} INFO - Processing file /home/airflow/.local/lib/python3.7/site-packages/airflow/example_dags/example_branch_labels.py for tasks to queue
[2024-06-24T15:09:56.257+0000] {logging_mixin.py:149} INFO - [2024-06-24T15:09:56.257+0000] {dagbag.py:541} INFO - Filling up the DagBag from /home/airflow/.local/lib/python3.7/site-packages/airflow/example_dags/example_branch_labels.py
[2024-06-24T15:09:56.260+0000] {processor.py:809} INFO - DAG(s) dict_keys(['example_branch_labels']) retrieved from /home/airflow/.local/lib/python3.7/site-packages/airflow/example_dags/example_branch_labels.py
[2024-06-24T15:09:56.270+0000] {logging_mixin.py:149} INFO - [2024-06-24T15:09:56.270+0000] {dag.py:2726} INFO - Sync 1 DAGs
[2024-06-24T15:09:56.281+0000] {logging_mixin.py:149} INFO - [2024-06-24T15:09:56.281+0000] {dag.py:3490} INFO - Setting next_dagrun for example_branch_labels to 2024-06-23T00:00:00+00:00, run_after=2024-06-24T00:00:00+00:00
[2024-06-24T15:09:56.289+0000] {processor.py:178} INFO - Processing /home/airflow/.local/lib/python3.7/site-packages/airflow/example_dags/example_branch_labels.py took 0.033 seconds
[2024-06-24T15:10:26.921+0000] {processor.py:156} INFO - Started process (PID=423) to work on /home/airflow/.local/lib/python3.7/site-packages/airflow/example_dags/example_branch_labels.py
[2024-06-24T15:10:26.921+0000] {processor.py:799} INFO - Processing file /home/airflow/.local/lib/python3.7/site-packages/airflow/example_dags/example_branch_labels.py for tasks to queue
[2024-06-24T15:10:26.921+0000] {logging_mixin.py:149} INFO - [2024-06-24T15:10:26.921+0000] {dagbag.py:541} INFO - Filling up the DagBag from /home/airflow/.local/lib/python3.7/site-packages/airflow/example_dags/example_branch_labels.py
[2024-06-24T15:10:26.924+0000] {processor.py:809} INFO - DAG(s) dict_keys(['example_branch_labels']) retrieved from /home/airflow/.local/lib/python3.7/site-packages/airflow/example_dags/example_branch_labels.py
[2024-06-24T15:10:26.934+0000] {logging_mixin.py:149} INFO - [2024-06-24T15:10:26.934+0000] {dag.py:2726} INFO - Sync 1 DAGs
[2024-06-24T15:10:26.944+0000] {logging_mixin.py:149} INFO - [2024-06-24T15:10:26.944+0000] {dag.py:3490} INFO - Setting next_dagrun for example_branch_labels to 2024-06-23T00:00:00+00:00, run_after=2024-06-24T00:00:00+00:00
[2024-06-24T15:10:26.951+0000] {processor.py:178} INFO - Processing /home/airflow/.local/lib/python3.7/site-packages/airflow/example_dags/example_branch_labels.py took 0.031 seconds
[2024-06-24T15:10:57.670+0000] {processor.py:156} INFO - Started process (PID=492) to work on /home/airflow/.local/lib/python3.7/site-packages/airflow/example_dags/example_branch_labels.py
[2024-06-24T15:10:57.671+0000] {processor.py:799} INFO - Processing file /home/airflow/.local/lib/python3.7/site-packages/airflow/example_dags/example_branch_labels.py for tasks to queue
[2024-06-24T15:10:57.672+0000] {logging_mixin.py:149} INFO - [2024-06-24T15:10:57.672+0000] {dagbag.py:541} INFO - Filling up the DagBag from /home/airflow/.local/lib/python3.7/site-packages/airflow/example_dags/example_branch_labels.py
[2024-06-24T15:10:57.676+0000] {processor.py:809} INFO - DAG(s) dict_keys(['example_branch_labels']) retrieved from /home/airflow/.local/lib/python3.7/site-packages/airflow/example_dags/example_branch_labels.py
[2024-06-24T15:10:57.689+0000] {logging_mixin.py:149} INFO - [2024-06-24T15:10:57.688+0000] {dag.py:2726} INFO - Sync 1 DAGs
[2024-06-24T15:10:57.700+0000] {logging_mixin.py:149} INFO - [2024-06-24T15:10:57.700+0000] {dag.py:3490} INFO - Setting next_dagrun for example_branch_labels to 2024-06-23T00:00:00+00:00, run_after=2024-06-24T00:00:00+00:00
[2024-06-24T15:10:57.706+0000] {processor.py:178} INFO - Processing /home/airflow/.local/lib/python3.7/site-packages/airflow/example_dags/example_branch_labels.py took 0.037 seconds
[2024-06-24T15:11:28.404+0000] {processor.py:156} INFO - Started process (PID=561) to work on /home/airflow/.local/lib/python3.7/site-packages/airflow/example_dags/example_branch_labels.py
[2024-06-24T15:11:28.404+0000] {processor.py:799} INFO - Processing file /home/airflow/.local/lib/python3.7/site-packages/airflow/example_dags/example_branch_labels.py for tasks to queue
[2024-06-24T15:11:28.405+0000] {logging_mixin.py:149} INFO - [2024-06-24T15:11:28.405+0000] {dagbag.py:541} INFO - Filling up the DagBag from /home/airflow/.local/lib/python3.7/site-packages/airflow/example_dags/example_branch_labels.py
[2024-06-24T15:11:28.408+0000] {processor.py:809} INFO - DAG(s) dict_keys(['example_branch_labels']) retrieved from /home/airflow/.local/lib/python3.7/site-packages/airflow/example_dags/example_branch_labels.py
[2024-06-24T15:11:28.418+0000] {logging_mixin.py:149} INFO - [2024-06-24T15:11:28.418+0000] {dag.py:2726} INFO - Sync 1 DAGs
[2024-06-24T15:11:28.429+0000] {logging_mixin.py:149} INFO - [2024-06-24T15:11:28.429+0000] {dag.py:3490} INFO - Setting next_dagrun for example_branch_labels to 2024-06-23T00:00:00+00:00, run_after=2024-06-24T00:00:00+00:00
[2024-06-24T15:11:28.436+0000] {processor.py:178} INFO - Processing /home/airflow/.local/lib/python3.7/site-packages/airflow/example_dags/example_branch_labels.py took 0.033 seconds
[2024-06-24T15:11:59.204+0000] {processor.py:156} INFO - Started process (PID=630) to work on /home/airflow/.local/lib/python3.7/site-packages/airflow/example_dags/example_branch_labels.py
[2024-06-24T15:11:59.205+0000] {processor.py:799} INFO - Processing file /home/airflow/.local/lib/python3.7/site-packages/airflow/example_dags/example_branch_labels.py for tasks to queue
[2024-06-24T15:11:59.205+0000] {logging_mixin.py:149} INFO - [2024-06-24T15:11:59.205+0000] {dagbag.py:541} INFO - Filling up the DagBag from /home/airflow/.local/lib/python3.7/site-packages/airflow/example_dags/example_branch_labels.py
[2024-06-24T15:11:59.209+0000] {processor.py:809} INFO - DAG(s) dict_keys(['example_branch_labels']) retrieved from /home/airflow/.local/lib/python3.7/site-packages/airflow/example_dags/example_branch_labels.py
[2024-06-24T15:11:59.221+0000] {logging_mixin.py:149} INFO - [2024-06-24T15:11:59.221+0000] {dag.py:2726} INFO - Sync 1 DAGs
[2024-06-24T15:11:59.234+0000] {logging_mixin.py:149} INFO - [2024-06-24T15:11:59.234+0000] {dag.py:3490} INFO - Setting next_dagrun for example_branch_labels to 2024-06-23T00:00:00+00:00, run_after=2024-06-24T00:00:00+00:00
[2024-06-24T15:11:59.242+0000] {processor.py:178} INFO - Processing /home/airflow/.local/lib/python3.7/site-packages/airflow/example_dags/example_branch_labels.py took 0.039 seconds
[2024-06-24T15:12:29.846+0000] {processor.py:156} INFO - Started process (PID=699) to work on /home/airflow/.local/lib/python3.7/site-packages/airflow/example_dags/example_branch_labels.py
[2024-06-24T15:12:29.846+0000] {processor.py:799} INFO - Processing file /home/airflow/.local/lib/python3.7/site-packages/airflow/example_dags/example_branch_labels.py for tasks to queue
[2024-06-24T15:12:29.847+0000] {logging_mixin.py:149} INFO - [2024-06-24T15:12:29.846+0000] {dagbag.py:541} INFO - Filling up the DagBag from /home/airflow/.local/lib/python3.7/site-packages/airflow/example_dags/example_branch_labels.py
[2024-06-24T15:12:29.850+0000] {processor.py:809} INFO - DAG(s) dict_keys(['example_branch_labels']) retrieved from /home/airflow/.local/lib/python3.7/site-packages/airflow/example_dags/example_branch_labels.py
[2024-06-24T15:12:29.861+0000] {logging_mixin.py:149} INFO - [2024-06-24T15:12:29.861+0000] {dag.py:2726} INFO - Sync 1 DAGs
[2024-06-24T15:12:29.871+0000] {logging_mixin.py:149} INFO - [2024-06-24T15:12:29.871+0000] {dag.py:3490} INFO - Setting next_dagrun for example_branch_labels to 2024-06-23T00:00:00+00:00, run_after=2024-06-24T00:00:00+00:00
[2024-06-24T15:12:29.877+0000] {processor.py:178} INFO - Processing /home/airflow/.local/lib/python3.7/site-packages/airflow/example_dags/example_branch_labels.py took 0.033 seconds
[2024-06-24T15:13:00.546+0000] {processor.py:156} INFO - Started process (PID=768) to work on /home/airflow/.local/lib/python3.7/site-packages/airflow/example_dags/example_branch_labels.py
[2024-06-24T15:13:00.547+0000] {processor.py:799} INFO - Processing file /home/airflow/.local/lib/python3.7/site-packages/airflow/example_dags/example_branch_labels.py for tasks to queue
[2024-06-24T15:13:00.547+0000] {logging_mixin.py:149} INFO - [2024-06-24T15:13:00.547+0000] {dagbag.py:541} INFO - Filling up the DagBag from /home/airflow/.local/lib/python3.7/site-packages/airflow/example_dags/example_branch_labels.py
[2024-06-24T15:13:00.550+0000] {processor.py:809} INFO - DAG(s) dict_keys(['example_branch_labels']) retrieved from /home/airflow/.local/lib/python3.7/site-packages/airflow/example_dags/example_branch_labels.py
[2024-06-24T15:13:00.561+0000] {logging_mixin.py:149} INFO - [2024-06-24T15:13:00.561+0000] {dag.py:2726} INFO - Sync 1 DAGs
[2024-06-24T15:13:00.572+0000] {logging_mixin.py:149} INFO - [2024-06-24T15:13:00.572+0000] {dag.py:3490} INFO - Setting next_dagrun for example_branch_labels to 2024-06-23T00:00:00+00:00, run_after=2024-06-24T00:00:00+00:00
[2024-06-24T15:13:00.579+0000] {processor.py:178} INFO - Processing /home/airflow/.local/lib/python3.7/site-packages/airflow/example_dags/example_branch_labels.py took 0.034 seconds
[2024-06-24T15:13:31.210+0000] {processor.py:156} INFO - Started process (PID=837) to work on /home/airflow/.local/lib/python3.7/site-packages/airflow/example_dags/example_branch_labels.py
[2024-06-24T15:13:31.210+0000] {processor.py:799} INFO - Processing file /home/airflow/.local/lib/python3.7/site-packages/airflow/example_dags/example_branch_labels.py for tasks to queue
[2024-06-24T15:13:31.210+0000] {logging_mixin.py:149} INFO - [2024-06-24T15:13:31.210+0000] {dagbag.py:541} INFO - Filling up the DagBag from /home/airflow/.local/lib/python3.7/site-packages/airflow/example_dags/example_branch_labels.py
[2024-06-24T15:13:31.214+0000] {processor.py:809} INFO - DAG(s) dict_keys(['example_branch_labels']) retrieved from /home/airflow/.local/lib/python3.7/site-packages/airflow/example_dags/example_branch_labels.py
[2024-06-24T15:13:31.223+0000] {logging_mixin.py:149} INFO - [2024-06-24T15:13:31.223+0000] {dag.py:2726} INFO - Sync 1 DAGs
[2024-06-24T15:13:31.234+0000] {logging_mixin.py:149} INFO - [2024-06-24T15:13:31.234+0000] {dag.py:3490} INFO - Setting next_dagrun for example_branch_labels to 2024-06-23T00:00:00+00:00, run_after=2024-06-24T00:00:00+00:00
[2024-06-24T15:13:31.241+0000] {processor.py:178} INFO - Processing /home/airflow/.local/lib/python3.7/site-packages/airflow/example_dags/example_branch_labels.py took 0.032 seconds
[2024-06-24T15:14:01.759+0000] {processor.py:156} INFO - Started process (PID=906) to work on /home/airflow/.local/lib/python3.7/site-packages/airflow/example_dags/example_branch_labels.py
[2024-06-24T15:14:01.759+0000] {processor.py:799} INFO - Processing file /home/airflow/.local/lib/python3.7/site-packages/airflow/example_dags/example_branch_labels.py for tasks to queue
[2024-06-24T15:14:01.759+0000] {logging_mixin.py:149} INFO - [2024-06-24T15:14:01.759+0000] {dagbag.py:541} INFO - Filling up the DagBag from /home/airflow/.local/lib/python3.7/site-packages/airflow/example_dags/example_branch_labels.py
[2024-06-24T15:14:01.762+0000] {processor.py:809} INFO - DAG(s) dict_keys(['example_branch_labels']) retrieved from /home/airflow/.local/lib/python3.7/site-packages/airflow/example_dags/example_branch_labels.py
[2024-06-24T15:14:01.773+0000] {logging_mixin.py:149} INFO - [2024-06-24T15:14:01.773+0000] {dag.py:2726} INFO - Sync 1 DAGs
[2024-06-24T15:14:01.783+0000] {logging_mixin.py:149} INFO - [2024-06-24T15:14:01.783+0000] {dag.py:3490} INFO - Setting next_dagrun for example_branch_labels to 2024-06-23T00:00:00+00:00, run_after=2024-06-24T00:00:00+00:00
[2024-06-24T15:14:01.789+0000] {processor.py:178} INFO - Processing /home/airflow/.local/lib/python3.7/site-packages/airflow/example_dags/example_branch_labels.py took 0.032 seconds
[2024-06-24T15:14:32.261+0000] {processor.py:156} INFO - Started process (PID=975) to work on /home/airflow/.local/lib/python3.7/site-packages/airflow/example_dags/example_branch_labels.py
[2024-06-24T15:14:32.261+0000] {processor.py:799} INFO - Processing file /home/airflow/.local/lib/python3.7/site-packages/airflow/example_dags/example_branch_labels.py for tasks to queue
[2024-06-24T15:14:32.262+0000] {logging_mixin.py:149} INFO - [2024-06-24T15:14:32.262+0000] {dagbag.py:541} INFO - Filling up the DagBag from /home/airflow/.local/lib/python3.7/site-packages/airflow/example_dags/example_branch_labels.py
[2024-06-24T15:14:32.265+0000] {processor.py:809} INFO - DAG(s) dict_keys(['example_branch_labels']) retrieved from /home/airflow/.local/lib/python3.7/site-packages/airflow/example_dags/example_branch_labels.py
[2024-06-24T15:14:32.275+0000] {logging_mixin.py:149} INFO - [2024-06-24T15:14:32.275+0000] {dag.py:2726} INFO - Sync 1 DAGs
[2024-06-24T15:14:32.286+0000] {logging_mixin.py:149} INFO - [2024-06-24T15:14:32.286+0000] {dag.py:3490} INFO - Setting next_dagrun for example_branch_labels to 2024-06-23T00:00:00+00:00, run_after=2024-06-24T00:00:00+00:00
[2024-06-24T15:14:32.293+0000] {processor.py:178} INFO - Processing /home/airflow/.local/lib/python3.7/site-packages/airflow/example_dags/example_branch_labels.py took 0.033 seconds
[2024-06-24T15:15:02.722+0000] {processor.py:156} INFO - Started process (PID=1044) to work on /home/airflow/.local/lib/python3.7/site-packages/airflow/example_dags/example_branch_labels.py
[2024-06-24T15:15:02.723+0000] {processor.py:799} INFO - Processing file /home/airflow/.local/lib/python3.7/site-packages/airflow/example_dags/example_branch_labels.py for tasks to queue
[2024-06-24T15:15:02.723+0000] {logging_mixin.py:149} INFO - [2024-06-24T15:15:02.723+0000] {dagbag.py:541} INFO - Filling up the DagBag from /home/airflow/.local/lib/python3.7/site-packages/airflow/example_dags/example_branch_labels.py
[2024-06-24T15:15:02.726+0000] {processor.py:809} INFO - DAG(s) dict_keys(['example_branch_labels']) retrieved from /home/airflow/.local/lib/python3.7/site-packages/airflow/example_dags/example_branch_labels.py
[2024-06-24T15:15:02.736+0000] {logging_mixin.py:149} INFO - [2024-06-24T15:15:02.736+0000] {dag.py:2726} INFO - Sync 1 DAGs
[2024-06-24T15:15:02.747+0000] {logging_mixin.py:149} INFO - [2024-06-24T15:15:02.747+0000] {dag.py:3490} INFO - Setting next_dagrun for example_branch_labels to 2024-06-23T00:00:00+00:00, run_after=2024-06-24T00:00:00+00:00
[2024-06-24T15:15:02.753+0000] {processor.py:178} INFO - Processing /home/airflow/.local/lib/python3.7/site-packages/airflow/example_dags/example_branch_labels.py took 0.032 seconds
[2024-06-24T15:15:33.409+0000] {processor.py:156} INFO - Started process (PID=1122) to work on /home/airflow/.local/lib/python3.7/site-packages/airflow/example_dags/example_branch_labels.py
[2024-06-24T15:15:33.409+0000] {processor.py:799} INFO - Processing file /home/airflow/.local/lib/python3.7/site-packages/airflow/example_dags/example_branch_labels.py for tasks to queue
[2024-06-24T15:15:33.409+0000] {logging_mixin.py:149} INFO - [2024-06-24T15:15:33.409+0000] {dagbag.py:541} INFO - Filling up the DagBag from /home/airflow/.local/lib/python3.7/site-packages/airflow/example_dags/example_branch_labels.py
[2024-06-24T15:15:33.412+0000] {processor.py:809} INFO - DAG(s) dict_keys(['example_branch_labels']) retrieved from /home/airflow/.local/lib/python3.7/site-packages/airflow/example_dags/example_branch_labels.py
[2024-06-24T15:15:33.422+0000] {logging_mixin.py:149} INFO - [2024-06-24T15:15:33.422+0000] {dag.py:2726} INFO - Sync 1 DAGs
[2024-06-24T15:15:33.432+0000] {logging_mixin.py:149} INFO - [2024-06-24T15:15:33.432+0000] {dag.py:3490} INFO - Setting next_dagrun for example_branch_labels to 2024-06-23T00:00:00+00:00, run_after=2024-06-24T00:00:00+00:00
[2024-06-24T15:15:33.439+0000] {processor.py:178} INFO - Processing /home/airflow/.local/lib/python3.7/site-packages/airflow/example_dags/example_branch_labels.py took 0.032 seconds
[2024-06-24T15:16:04.007+0000] {processor.py:156} INFO - Started process (PID=1191) to work on /home/airflow/.local/lib/python3.7/site-packages/airflow/example_dags/example_branch_labels.py
[2024-06-24T15:16:04.007+0000] {processor.py:799} INFO - Processing file /home/airflow/.local/lib/python3.7/site-packages/airflow/example_dags/example_branch_labels.py for tasks to queue
[2024-06-24T15:16:04.008+0000] {logging_mixin.py:149} INFO - [2024-06-24T15:16:04.008+0000] {dagbag.py:541} INFO - Filling up the DagBag from /home/airflow/.local/lib/python3.7/site-packages/airflow/example_dags/example_branch_labels.py
[2024-06-24T15:16:04.011+0000] {processor.py:809} INFO - DAG(s) dict_keys(['example_branch_labels']) retrieved from /home/airflow/.local/lib/python3.7/site-packages/airflow/example_dags/example_branch_labels.py
[2024-06-24T15:16:04.021+0000] {logging_mixin.py:149} INFO - [2024-06-24T15:16:04.021+0000] {dag.py:2726} INFO - Sync 1 DAGs
[2024-06-24T15:16:04.032+0000] {logging_mixin.py:149} INFO - [2024-06-24T15:16:04.032+0000] {dag.py:3490} INFO - Setting next_dagrun for example_branch_labels to 2024-06-23T00:00:00+00:00, run_after=2024-06-24T00:00:00+00:00
[2024-06-24T15:16:04.039+0000] {processor.py:178} INFO - Processing /home/airflow/.local/lib/python3.7/site-packages/airflow/example_dags/example_branch_labels.py took 0.033 seconds
[2024-06-24T15:16:34.680+0000] {processor.py:156} INFO - Started process (PID=1260) to work on /home/airflow/.local/lib/python3.7/site-packages/airflow/example_dags/example_branch_labels.py
[2024-06-24T15:16:34.680+0000] {processor.py:799} INFO - Processing file /home/airflow/.local/lib/python3.7/site-packages/airflow/example_dags/example_branch_labels.py for tasks to queue
[2024-06-24T15:16:34.680+0000] {logging_mixin.py:149} INFO - [2024-06-24T15:16:34.680+0000] {dagbag.py:541} INFO - Filling up the DagBag from /home/airflow/.local/lib/python3.7/site-packages/airflow/example_dags/example_branch_labels.py
[2024-06-24T15:16:34.683+0000] {processor.py:809} INFO - DAG(s) dict_keys(['example_branch_labels']) retrieved from /home/airflow/.local/lib/python3.7/site-packages/airflow/example_dags/example_branch_labels.py
[2024-06-24T15:16:34.694+0000] {logging_mixin.py:149} INFO - [2024-06-24T15:16:34.694+0000] {dag.py:2726} INFO - Sync 1 DAGs
[2024-06-24T15:16:34.705+0000] {logging_mixin.py:149} INFO - [2024-06-24T15:16:34.705+0000] {dag.py:3490} INFO - Setting next_dagrun for example_branch_labels to 2024-06-23T00:00:00+00:00, run_after=2024-06-24T00:00:00+00:00
[2024-06-24T15:16:34.711+0000] {processor.py:178} INFO - Processing /home/airflow/.local/lib/python3.7/site-packages/airflow/example_dags/example_branch_labels.py took 0.033 seconds
[2024-06-24T15:17:05.266+0000] {processor.py:156} INFO - Started process (PID=1329) to work on /home/airflow/.local/lib/python3.7/site-packages/airflow/example_dags/example_branch_labels.py
[2024-06-24T15:17:05.266+0000] {processor.py:799} INFO - Processing file /home/airflow/.local/lib/python3.7/site-packages/airflow/example_dags/example_branch_labels.py for tasks to queue
[2024-06-24T15:17:05.266+0000] {logging_mixin.py:149} INFO - [2024-06-24T15:17:05.266+0000] {dagbag.py:541} INFO - Filling up the DagBag from /home/airflow/.local/lib/python3.7/site-packages/airflow/example_dags/example_branch_labels.py
[2024-06-24T15:17:05.269+0000] {processor.py:809} INFO - DAG(s) dict_keys(['example_branch_labels']) retrieved from /home/airflow/.local/lib/python3.7/site-packages/airflow/example_dags/example_branch_labels.py
[2024-06-24T15:17:05.279+0000] {logging_mixin.py:149} INFO - [2024-06-24T15:17:05.279+0000] {dag.py:2726} INFO - Sync 1 DAGs
[2024-06-24T15:17:05.290+0000] {logging_mixin.py:149} INFO - [2024-06-24T15:17:05.290+0000] {dag.py:3490} INFO - Setting next_dagrun for example_branch_labels to 2024-06-23T00:00:00+00:00, run_after=2024-06-24T00:00:00+00:00
[2024-06-24T15:17:05.296+0000] {processor.py:178} INFO - Processing /home/airflow/.local/lib/python3.7/site-packages/airflow/example_dags/example_branch_labels.py took 0.032 seconds
[2024-06-24T15:17:35.825+0000] {processor.py:156} INFO - Started process (PID=1397) to work on /home/airflow/.local/lib/python3.7/site-packages/airflow/example_dags/example_branch_labels.py
[2024-06-24T15:17:35.825+0000] {processor.py:799} INFO - Processing file /home/airflow/.local/lib/python3.7/site-packages/airflow/example_dags/example_branch_labels.py for tasks to queue
[2024-06-24T15:17:35.826+0000] {logging_mixin.py:149} INFO - [2024-06-24T15:17:35.826+0000] {dagbag.py:541} INFO - Filling up the DagBag from /home/airflow/.local/lib/python3.7/site-packages/airflow/example_dags/example_branch_labels.py
[2024-06-24T15:17:35.829+0000] {processor.py:809} INFO - DAG(s) dict_keys(['example_branch_labels']) retrieved from /home/airflow/.local/lib/python3.7/site-packages/airflow/example_dags/example_branch_labels.py
[2024-06-24T15:17:35.839+0000] {logging_mixin.py:149} INFO - [2024-06-24T15:17:35.839+0000] {dag.py:2726} INFO - Sync 1 DAGs
[2024-06-24T15:17:35.849+0000] {logging_mixin.py:149} INFO - [2024-06-24T15:17:35.849+0000] {dag.py:3490} INFO - Setting next_dagrun for example_branch_labels to 2024-06-23T00:00:00+00:00, run_after=2024-06-24T00:00:00+00:00
[2024-06-24T15:17:35.856+0000] {processor.py:178} INFO - Processing /home/airflow/.local/lib/python3.7/site-packages/airflow/example_dags/example_branch_labels.py took 0.032 seconds
[2024-06-24T15:18:06.384+0000] {processor.py:156} INFO - Started process (PID=1466) to work on /home/airflow/.local/lib/python3.7/site-packages/airflow/example_dags/example_branch_labels.py
[2024-06-24T15:18:06.384+0000] {processor.py:799} INFO - Processing file /home/airflow/.local/lib/python3.7/site-packages/airflow/example_dags/example_branch_labels.py for tasks to queue
[2024-06-24T15:18:06.385+0000] {logging_mixin.py:149} INFO - [2024-06-24T15:18:06.385+0000] {dagbag.py:541} INFO - Filling up the DagBag from /home/airflow/.local/lib/python3.7/site-packages/airflow/example_dags/example_branch_labels.py
[2024-06-24T15:18:06.388+0000] {processor.py:809} INFO - DAG(s) dict_keys(['example_branch_labels']) retrieved from /home/airflow/.local/lib/python3.7/site-packages/airflow/example_dags/example_branch_labels.py
[2024-06-24T15:18:06.399+0000] {logging_mixin.py:149} INFO - [2024-06-24T15:18:06.398+0000] {dag.py:2726} INFO - Sync 1 DAGs
[2024-06-24T15:18:06.409+0000] {logging_mixin.py:149} INFO - [2024-06-24T15:18:06.409+0000] {dag.py:3490} INFO - Setting next_dagrun for example_branch_labels to 2024-06-23T00:00:00+00:00, run_after=2024-06-24T00:00:00+00:00
[2024-06-24T15:18:06.416+0000] {processor.py:178} INFO - Processing /home/airflow/.local/lib/python3.7/site-packages/airflow/example_dags/example_branch_labels.py took 0.033 seconds
[2024-06-24T15:18:37.113+0000] {processor.py:156} INFO - Started process (PID=1535) to work on /home/airflow/.local/lib/python3.7/site-packages/airflow/example_dags/example_branch_labels.py
[2024-06-24T15:18:37.113+0000] {processor.py:799} INFO - Processing file /home/airflow/.local/lib/python3.7/site-packages/airflow/example_dags/example_branch_labels.py for tasks to queue
[2024-06-24T15:18:37.113+0000] {logging_mixin.py:149} INFO - [2024-06-24T15:18:37.113+0000] {dagbag.py:541} INFO - Filling up the DagBag from /home/airflow/.local/lib/python3.7/site-packages/airflow/example_dags/example_branch_labels.py
[2024-06-24T15:18:37.116+0000] {processor.py:809} INFO - DAG(s) dict_keys(['example_branch_labels']) retrieved from /home/airflow/.local/lib/python3.7/site-packages/airflow/example_dags/example_branch_labels.py
[2024-06-24T15:18:37.127+0000] {logging_mixin.py:149} INFO - [2024-06-24T15:18:37.127+0000] {dag.py:2726} INFO - Sync 1 DAGs
[2024-06-24T15:18:37.138+0000] {logging_mixin.py:149} INFO - [2024-06-24T15:18:37.138+0000] {dag.py:3490} INFO - Setting next_dagrun for example_branch_labels to 2024-06-23T00:00:00+00:00, run_after=2024-06-24T00:00:00+00:00
[2024-06-24T15:18:37.146+0000] {processor.py:178} INFO - Processing /home/airflow/.local/lib/python3.7/site-packages/airflow/example_dags/example_branch_labels.py took 0.035 seconds
[2024-06-24T15:19:07.836+0000] {processor.py:156} INFO - Started process (PID=1604) to work on /home/airflow/.local/lib/python3.7/site-packages/airflow/example_dags/example_branch_labels.py
[2024-06-24T15:19:07.836+0000] {processor.py:799} INFO - Processing file /home/airflow/.local/lib/python3.7/site-packages/airflow/example_dags/example_branch_labels.py for tasks to queue
[2024-06-24T15:19:07.837+0000] {logging_mixin.py:149} INFO - [2024-06-24T15:19:07.837+0000] {dagbag.py:541} INFO - Filling up the DagBag from /home/airflow/.local/lib/python3.7/site-packages/airflow/example_dags/example_branch_labels.py
[2024-06-24T15:19:07.842+0000] {processor.py:809} INFO - DAG(s) dict_keys(['example_branch_labels']) retrieved from /home/airflow/.local/lib/python3.7/site-packages/airflow/example_dags/example_branch_labels.py
[2024-06-24T15:19:07.854+0000] {logging_mixin.py:149} INFO - [2024-06-24T15:19:07.854+0000] {dag.py:2726} INFO - Sync 1 DAGs
[2024-06-24T15:19:07.865+0000] {logging_mixin.py:149} INFO - [2024-06-24T15:19:07.865+0000] {dag.py:3490} INFO - Setting next_dagrun for example_branch_labels to 2024-06-23T00:00:00+00:00, run_after=2024-06-24T00:00:00+00:00
[2024-06-24T15:19:07.872+0000] {processor.py:178} INFO - Processing /home/airflow/.local/lib/python3.7/site-packages/airflow/example_dags/example_branch_labels.py took 0.038 seconds
[2024-06-24T15:19:38.405+0000] {processor.py:156} INFO - Started process (PID=1673) to work on /home/airflow/.local/lib/python3.7/site-packages/airflow/example_dags/example_branch_labels.py
[2024-06-24T15:19:38.406+0000] {processor.py:799} INFO - Processing file /home/airflow/.local/lib/python3.7/site-packages/airflow/example_dags/example_branch_labels.py for tasks to queue
[2024-06-24T15:19:38.406+0000] {logging_mixin.py:149} INFO - [2024-06-24T15:19:38.406+0000] {dagbag.py:541} INFO - Filling up the DagBag from /home/airflow/.local/lib/python3.7/site-packages/airflow/example_dags/example_branch_labels.py
[2024-06-24T15:19:38.409+0000] {processor.py:809} INFO - DAG(s) dict_keys(['example_branch_labels']) retrieved from /home/airflow/.local/lib/python3.7/site-packages/airflow/example_dags/example_branch_labels.py
[2024-06-24T15:19:38.419+0000] {logging_mixin.py:149} INFO - [2024-06-24T15:19:38.419+0000] {dag.py:2726} INFO - Sync 1 DAGs
[2024-06-24T15:19:38.429+0000] {logging_mixin.py:149} INFO - [2024-06-24T15:19:38.429+0000] {dag.py:3490} INFO - Setting next_dagrun for example_branch_labels to 2024-06-23T00:00:00+00:00, run_after=2024-06-24T00:00:00+00:00
[2024-06-24T15:19:38.435+0000] {processor.py:178} INFO - Processing /home/airflow/.local/lib/python3.7/site-packages/airflow/example_dags/example_branch_labels.py took 0.031 seconds
[2024-06-24T15:20:08.950+0000] {processor.py:156} INFO - Started process (PID=1742) to work on /home/airflow/.local/lib/python3.7/site-packages/airflow/example_dags/example_branch_labels.py
[2024-06-24T15:20:08.950+0000] {processor.py:799} INFO - Processing file /home/airflow/.local/lib/python3.7/site-packages/airflow/example_dags/example_branch_labels.py for tasks to queue
[2024-06-24T15:20:08.951+0000] {logging_mixin.py:149} INFO - [2024-06-24T15:20:08.951+0000] {dagbag.py:541} INFO - Filling up the DagBag from /home/airflow/.local/lib/python3.7/site-packages/airflow/example_dags/example_branch_labels.py
[2024-06-24T15:20:08.954+0000] {processor.py:809} INFO - DAG(s) dict_keys(['example_branch_labels']) retrieved from /home/airflow/.local/lib/python3.7/site-packages/airflow/example_dags/example_branch_labels.py
[2024-06-24T15:20:08.966+0000] {logging_mixin.py:149} INFO - [2024-06-24T15:20:08.966+0000] {dag.py:2726} INFO - Sync 1 DAGs
[2024-06-24T15:20:08.978+0000] {logging_mixin.py:149} INFO - [2024-06-24T15:20:08.978+0000] {dag.py:3490} INFO - Setting next_dagrun for example_branch_labels to 2024-06-23T00:00:00+00:00, run_after=2024-06-24T00:00:00+00:00
[2024-06-24T15:20:08.986+0000] {processor.py:178} INFO - Processing /home/airflow/.local/lib/python3.7/site-packages/airflow/example_dags/example_branch_labels.py took 0.038 seconds
[2024-06-24T15:20:39.651+0000] {processor.py:156} INFO - Started process (PID=1811) to work on /home/airflow/.local/lib/python3.7/site-packages/airflow/example_dags/example_branch_labels.py
[2024-06-24T15:20:39.651+0000] {processor.py:799} INFO - Processing file /home/airflow/.local/lib/python3.7/site-packages/airflow/example_dags/example_branch_labels.py for tasks to queue
[2024-06-24T15:20:39.651+0000] {logging_mixin.py:149} INFO - [2024-06-24T15:20:39.651+0000] {dagbag.py:541} INFO - Filling up the DagBag from /home/airflow/.local/lib/python3.7/site-packages/airflow/example_dags/example_branch_labels.py
[2024-06-24T15:20:39.654+0000] {processor.py:809} INFO - DAG(s) dict_keys(['example_branch_labels']) retrieved from /home/airflow/.local/lib/python3.7/site-packages/airflow/example_dags/example_branch_labels.py
[2024-06-24T15:20:39.665+0000] {logging_mixin.py:149} INFO - [2024-06-24T15:20:39.665+0000] {dag.py:2726} INFO - Sync 1 DAGs
[2024-06-24T15:20:39.676+0000] {logging_mixin.py:149} INFO - [2024-06-24T15:20:39.676+0000] {dag.py:3490} INFO - Setting next_dagrun for example_branch_labels to 2024-06-23T00:00:00+00:00, run_after=2024-06-24T00:00:00+00:00
[2024-06-24T15:20:39.682+0000] {processor.py:178} INFO - Processing /home/airflow/.local/lib/python3.7/site-packages/airflow/example_dags/example_branch_labels.py took 0.033 seconds
[2024-06-24T15:21:10.318+0000] {processor.py:156} INFO - Started process (PID=1880) to work on /home/airflow/.local/lib/python3.7/site-packages/airflow/example_dags/example_branch_labels.py
[2024-06-24T15:21:10.320+0000] {processor.py:799} INFO - Processing file /home/airflow/.local/lib/python3.7/site-packages/airflow/example_dags/example_branch_labels.py for tasks to queue
[2024-06-24T15:21:10.323+0000] {logging_mixin.py:149} INFO - [2024-06-24T15:21:10.323+0000] {dagbag.py:541} INFO - Filling up the DagBag from /home/airflow/.local/lib/python3.7/site-packages/airflow/example_dags/example_branch_labels.py
[2024-06-24T15:21:10.327+0000] {processor.py:809} INFO - DAG(s) dict_keys(['example_branch_labels']) retrieved from /home/airflow/.local/lib/python3.7/site-packages/airflow/example_dags/example_branch_labels.py
[2024-06-24T15:21:10.338+0000] {logging_mixin.py:149} INFO - [2024-06-24T15:21:10.338+0000] {dag.py:2726} INFO - Sync 1 DAGs
[2024-06-24T15:21:10.349+0000] {logging_mixin.py:149} INFO - [2024-06-24T15:21:10.349+0000] {dag.py:3490} INFO - Setting next_dagrun for example_branch_labels to 2024-06-23T00:00:00+00:00, run_after=2024-06-24T00:00:00+00:00
[2024-06-24T15:21:10.356+0000] {processor.py:178} INFO - Processing /home/airflow/.local/lib/python3.7/site-packages/airflow/example_dags/example_branch_labels.py took 0.039 seconds
[2024-06-24T15:21:41.230+0000] {processor.py:156} INFO - Started process (PID=1948) to work on /home/airflow/.local/lib/python3.7/site-packages/airflow/example_dags/example_branch_labels.py
[2024-06-24T15:21:41.231+0000] {processor.py:799} INFO - Processing file /home/airflow/.local/lib/python3.7/site-packages/airflow/example_dags/example_branch_labels.py for tasks to queue
[2024-06-24T15:21:41.231+0000] {logging_mixin.py:149} INFO - [2024-06-24T15:21:41.231+0000] {dagbag.py:541} INFO - Filling up the DagBag from /home/airflow/.local/lib/python3.7/site-packages/airflow/example_dags/example_branch_labels.py
[2024-06-24T15:21:41.234+0000] {processor.py:809} INFO - DAG(s) dict_keys(['example_branch_labels']) retrieved from /home/airflow/.local/lib/python3.7/site-packages/airflow/example_dags/example_branch_labels.py
[2024-06-24T15:21:41.248+0000] {logging_mixin.py:149} INFO - [2024-06-24T15:21:41.248+0000] {dag.py:2726} INFO - Sync 1 DAGs
[2024-06-24T15:21:41.265+0000] {logging_mixin.py:149} INFO - [2024-06-24T15:21:41.265+0000] {dag.py:3490} INFO - Setting next_dagrun for example_branch_labels to 2024-06-23T00:00:00+00:00, run_after=2024-06-24T00:00:00+00:00
[2024-06-24T15:21:41.277+0000] {processor.py:178} INFO - Processing /home/airflow/.local/lib/python3.7/site-packages/airflow/example_dags/example_branch_labels.py took 0.048 seconds
[2024-06-24T15:22:11.960+0000] {processor.py:156} INFO - Started process (PID=2017) to work on /home/airflow/.local/lib/python3.7/site-packages/airflow/example_dags/example_branch_labels.py
[2024-06-24T15:22:11.960+0000] {processor.py:799} INFO - Processing file /home/airflow/.local/lib/python3.7/site-packages/airflow/example_dags/example_branch_labels.py for tasks to queue
[2024-06-24T15:22:11.960+0000] {logging_mixin.py:149} INFO - [2024-06-24T15:22:11.960+0000] {dagbag.py:541} INFO - Filling up the DagBag from /home/airflow/.local/lib/python3.7/site-packages/airflow/example_dags/example_branch_labels.py
[2024-06-24T15:22:11.963+0000] {processor.py:809} INFO - DAG(s) dict_keys(['example_branch_labels']) retrieved from /home/airflow/.local/lib/python3.7/site-packages/airflow/example_dags/example_branch_labels.py
[2024-06-24T15:22:11.974+0000] {logging_mixin.py:149} INFO - [2024-06-24T15:22:11.974+0000] {dag.py:2726} INFO - Sync 1 DAGs
[2024-06-24T15:22:11.985+0000] {logging_mixin.py:149} INFO - [2024-06-24T15:22:11.985+0000] {dag.py:3490} INFO - Setting next_dagrun for example_branch_labels to 2024-06-23T00:00:00+00:00, run_after=2024-06-24T00:00:00+00:00
[2024-06-24T15:22:11.992+0000] {processor.py:178} INFO - Processing /home/airflow/.local/lib/python3.7/site-packages/airflow/example_dags/example_branch_labels.py took 0.034 seconds
[2024-06-24T15:22:42.579+0000] {processor.py:156} INFO - Started process (PID=2085) to work on /home/airflow/.local/lib/python3.7/site-packages/airflow/example_dags/example_branch_labels.py
[2024-06-24T15:22:42.579+0000] {processor.py:799} INFO - Processing file /home/airflow/.local/lib/python3.7/site-packages/airflow/example_dags/example_branch_labels.py for tasks to queue
[2024-06-24T15:22:42.579+0000] {logging_mixin.py:149} INFO - [2024-06-24T15:22:42.579+0000] {dagbag.py:541} INFO - Filling up the DagBag from /home/airflow/.local/lib/python3.7/site-packages/airflow/example_dags/example_branch_labels.py
[2024-06-24T15:22:42.582+0000] {processor.py:809} INFO - DAG(s) dict_keys(['example_branch_labels']) retrieved from /home/airflow/.local/lib/python3.7/site-packages/airflow/example_dags/example_branch_labels.py
[2024-06-24T15:22:42.592+0000] {logging_mixin.py:149} INFO - [2024-06-24T15:22:42.592+0000] {dag.py:2726} INFO - Sync 1 DAGs
[2024-06-24T15:22:42.603+0000] {logging_mixin.py:149} INFO - [2024-06-24T15:22:42.603+0000] {dag.py:3490} INFO - Setting next_dagrun for example_branch_labels to 2024-06-23T00:00:00+00:00, run_after=2024-06-24T00:00:00+00:00
[2024-06-24T15:22:42.610+0000] {processor.py:178} INFO - Processing /home/airflow/.local/lib/python3.7/site-packages/airflow/example_dags/example_branch_labels.py took 0.033 seconds
[2024-06-24T15:23:13.236+0000] {processor.py:156} INFO - Started process (PID=2154) to work on /home/airflow/.local/lib/python3.7/site-packages/airflow/example_dags/example_branch_labels.py
[2024-06-24T15:23:13.237+0000] {processor.py:799} INFO - Processing file /home/airflow/.local/lib/python3.7/site-packages/airflow/example_dags/example_branch_labels.py for tasks to queue
[2024-06-24T15:23:13.237+0000] {logging_mixin.py:149} INFO - [2024-06-24T15:23:13.237+0000] {dagbag.py:541} INFO - Filling up the DagBag from /home/airflow/.local/lib/python3.7/site-packages/airflow/example_dags/example_branch_labels.py
[2024-06-24T15:23:13.240+0000] {processor.py:809} INFO - DAG(s) dict_keys(['example_branch_labels']) retrieved from /home/airflow/.local/lib/python3.7/site-packages/airflow/example_dags/example_branch_labels.py
[2024-06-24T15:23:13.253+0000] {logging_mixin.py:149} INFO - [2024-06-24T15:23:13.253+0000] {dag.py:2726} INFO - Sync 1 DAGs
[2024-06-24T15:23:13.267+0000] {logging_mixin.py:149} INFO - [2024-06-24T15:23:13.267+0000] {dag.py:3490} INFO - Setting next_dagrun for example_branch_labels to 2024-06-23T00:00:00+00:00, run_after=2024-06-24T00:00:00+00:00
[2024-06-24T15:23:13.278+0000] {processor.py:178} INFO - Processing /home/airflow/.local/lib/python3.7/site-packages/airflow/example_dags/example_branch_labels.py took 0.043 seconds
[2024-06-24T15:23:43.934+0000] {processor.py:156} INFO - Started process (PID=2222) to work on /home/airflow/.local/lib/python3.7/site-packages/airflow/example_dags/example_branch_labels.py
[2024-06-24T15:23:43.935+0000] {processor.py:799} INFO - Processing file /home/airflow/.local/lib/python3.7/site-packages/airflow/example_dags/example_branch_labels.py for tasks to queue
[2024-06-24T15:23:43.935+0000] {logging_mixin.py:149} INFO - [2024-06-24T15:23:43.935+0000] {dagbag.py:541} INFO - Filling up the DagBag from /home/airflow/.local/lib/python3.7/site-packages/airflow/example_dags/example_branch_labels.py
[2024-06-24T15:23:43.938+0000] {processor.py:809} INFO - DAG(s) dict_keys(['example_branch_labels']) retrieved from /home/airflow/.local/lib/python3.7/site-packages/airflow/example_dags/example_branch_labels.py
[2024-06-24T15:23:43.949+0000] {logging_mixin.py:149} INFO - [2024-06-24T15:23:43.949+0000] {dag.py:2726} INFO - Sync 1 DAGs
[2024-06-24T15:23:43.960+0000] {logging_mixin.py:149} INFO - [2024-06-24T15:23:43.960+0000] {dag.py:3490} INFO - Setting next_dagrun for example_branch_labels to 2024-06-23T00:00:00+00:00, run_after=2024-06-24T00:00:00+00:00
[2024-06-24T15:23:43.967+0000] {processor.py:178} INFO - Processing /home/airflow/.local/lib/python3.7/site-packages/airflow/example_dags/example_branch_labels.py took 0.034 seconds
[2024-06-24T15:24:14.693+0000] {processor.py:156} INFO - Started process (PID=2292) to work on /home/airflow/.local/lib/python3.7/site-packages/airflow/example_dags/example_branch_labels.py
[2024-06-24T15:24:14.693+0000] {processor.py:799} INFO - Processing file /home/airflow/.local/lib/python3.7/site-packages/airflow/example_dags/example_branch_labels.py for tasks to queue
[2024-06-24T15:24:14.693+0000] {logging_mixin.py:149} INFO - [2024-06-24T15:24:14.693+0000] {dagbag.py:541} INFO - Filling up the DagBag from /home/airflow/.local/lib/python3.7/site-packages/airflow/example_dags/example_branch_labels.py
[2024-06-24T15:24:14.696+0000] {processor.py:809} INFO - DAG(s) dict_keys(['example_branch_labels']) retrieved from /home/airflow/.local/lib/python3.7/site-packages/airflow/example_dags/example_branch_labels.py
[2024-06-24T15:24:14.707+0000] {logging_mixin.py:149} INFO - [2024-06-24T15:24:14.707+0000] {dag.py:2726} INFO - Sync 1 DAGs
[2024-06-24T15:24:14.718+0000] {logging_mixin.py:149} INFO - [2024-06-24T15:24:14.718+0000] {dag.py:3490} INFO - Setting next_dagrun for example_branch_labels to 2024-06-23T00:00:00+00:00, run_after=2024-06-24T00:00:00+00:00
[2024-06-24T15:24:14.725+0000] {processor.py:178} INFO - Processing /home/airflow/.local/lib/python3.7/site-packages/airflow/example_dags/example_branch_labels.py took 0.033 seconds
[2024-06-24T15:24:45.254+0000] {processor.py:156} INFO - Started process (PID=2361) to work on /home/airflow/.local/lib/python3.7/site-packages/airflow/example_dags/example_branch_labels.py
[2024-06-24T15:24:45.255+0000] {processor.py:799} INFO - Processing file /home/airflow/.local/lib/python3.7/site-packages/airflow/example_dags/example_branch_labels.py for tasks to queue
[2024-06-24T15:24:45.255+0000] {logging_mixin.py:149} INFO - [2024-06-24T15:24:45.255+0000] {dagbag.py:541} INFO - Filling up the DagBag from /home/airflow/.local/lib/python3.7/site-packages/airflow/example_dags/example_branch_labels.py
[2024-06-24T15:24:45.261+0000] {processor.py:809} INFO - DAG(s) dict_keys(['example_branch_labels']) retrieved from /home/airflow/.local/lib/python3.7/site-packages/airflow/example_dags/example_branch_labels.py
[2024-06-24T15:24:45.272+0000] {logging_mixin.py:149} INFO - [2024-06-24T15:24:45.272+0000] {dag.py:2726} INFO - Sync 1 DAGs
[2024-06-24T15:24:45.284+0000] {logging_mixin.py:149} INFO - [2024-06-24T15:24:45.284+0000] {dag.py:3490} INFO - Setting next_dagrun for example_branch_labels to 2024-06-23T00:00:00+00:00, run_after=2024-06-24T00:00:00+00:00
[2024-06-24T15:24:45.293+0000] {processor.py:178} INFO - Processing /home/airflow/.local/lib/python3.7/site-packages/airflow/example_dags/example_branch_labels.py took 0.040 seconds
[2024-06-24T15:25:15.827+0000] {processor.py:156} INFO - Started process (PID=2429) to work on /home/airflow/.local/lib/python3.7/site-packages/airflow/example_dags/example_branch_labels.py
[2024-06-24T15:25:15.828+0000] {processor.py:799} INFO - Processing file /home/airflow/.local/lib/python3.7/site-packages/airflow/example_dags/example_branch_labels.py for tasks to queue
[2024-06-24T15:25:15.828+0000] {logging_mixin.py:149} INFO - [2024-06-24T15:25:15.828+0000] {dagbag.py:541} INFO - Filling up the DagBag from /home/airflow/.local/lib/python3.7/site-packages/airflow/example_dags/example_branch_labels.py
[2024-06-24T15:25:15.831+0000] {processor.py:809} INFO - DAG(s) dict_keys(['example_branch_labels']) retrieved from /home/airflow/.local/lib/python3.7/site-packages/airflow/example_dags/example_branch_labels.py
[2024-06-24T15:25:15.849+0000] {logging_mixin.py:149} INFO - [2024-06-24T15:25:15.849+0000] {dag.py:2726} INFO - Sync 1 DAGs
[2024-06-24T15:25:15.865+0000] {logging_mixin.py:149} INFO - [2024-06-24T15:25:15.865+0000] {dag.py:3490} INFO - Setting next_dagrun for example_branch_labels to 2024-06-23T00:00:00+00:00, run_after=2024-06-24T00:00:00+00:00
[2024-06-24T15:25:15.874+0000] {processor.py:178} INFO - Processing /home/airflow/.local/lib/python3.7/site-packages/airflow/example_dags/example_branch_labels.py took 0.049 seconds
[2024-06-24T15:25:46.456+0000] {processor.py:156} INFO - Started process (PID=2504) to work on /home/airflow/.local/lib/python3.7/site-packages/airflow/example_dags/example_branch_labels.py
[2024-06-24T15:25:46.456+0000] {processor.py:799} INFO - Processing file /home/airflow/.local/lib/python3.7/site-packages/airflow/example_dags/example_branch_labels.py for tasks to queue
[2024-06-24T15:25:46.456+0000] {logging_mixin.py:149} INFO - [2024-06-24T15:25:46.456+0000] {dagbag.py:541} INFO - Filling up the DagBag from /home/airflow/.local/lib/python3.7/site-packages/airflow/example_dags/example_branch_labels.py
[2024-06-24T15:25:46.460+0000] {processor.py:809} INFO - DAG(s) dict_keys(['example_branch_labels']) retrieved from /home/airflow/.local/lib/python3.7/site-packages/airflow/example_dags/example_branch_labels.py
[2024-06-24T15:25:46.471+0000] {logging_mixin.py:149} INFO - [2024-06-24T15:25:46.471+0000] {dag.py:2726} INFO - Sync 1 DAGs
[2024-06-24T15:25:46.482+0000] {logging_mixin.py:149} INFO - [2024-06-24T15:25:46.482+0000] {dag.py:3490} INFO - Setting next_dagrun for example_branch_labels to 2024-06-23T00:00:00+00:00, run_after=2024-06-24T00:00:00+00:00
[2024-06-24T15:25:46.489+0000] {processor.py:178} INFO - Processing /home/airflow/.local/lib/python3.7/site-packages/airflow/example_dags/example_branch_labels.py took 0.034 seconds
[2024-06-24T15:26:17.000+0000] {processor.py:156} INFO - Started process (PID=2573) to work on /home/airflow/.local/lib/python3.7/site-packages/airflow/example_dags/example_branch_labels.py
[2024-06-24T15:26:17.001+0000] {processor.py:799} INFO - Processing file /home/airflow/.local/lib/python3.7/site-packages/airflow/example_dags/example_branch_labels.py for tasks to queue
[2024-06-24T15:26:17.001+0000] {logging_mixin.py:149} INFO - [2024-06-24T15:26:17.001+0000] {dagbag.py:541} INFO - Filling up the DagBag from /home/airflow/.local/lib/python3.7/site-packages/airflow/example_dags/example_branch_labels.py
[2024-06-24T15:26:17.004+0000] {processor.py:809} INFO - DAG(s) dict_keys(['example_branch_labels']) retrieved from /home/airflow/.local/lib/python3.7/site-packages/airflow/example_dags/example_branch_labels.py
[2024-06-24T15:26:17.015+0000] {logging_mixin.py:149} INFO - [2024-06-24T15:26:17.015+0000] {dag.py:2726} INFO - Sync 1 DAGs
[2024-06-24T15:26:17.025+0000] {logging_mixin.py:149} INFO - [2024-06-24T15:26:17.025+0000] {dag.py:3490} INFO - Setting next_dagrun for example_branch_labels to 2024-06-23T00:00:00+00:00, run_after=2024-06-24T00:00:00+00:00
[2024-06-24T15:26:17.032+0000] {processor.py:178} INFO - Processing /home/airflow/.local/lib/python3.7/site-packages/airflow/example_dags/example_branch_labels.py took 0.033 seconds
[2024-06-24T15:26:47.755+0000] {processor.py:156} INFO - Started process (PID=2642) to work on /home/airflow/.local/lib/python3.7/site-packages/airflow/example_dags/example_branch_labels.py
[2024-06-24T15:26:47.756+0000] {processor.py:799} INFO - Processing file /home/airflow/.local/lib/python3.7/site-packages/airflow/example_dags/example_branch_labels.py for tasks to queue
[2024-06-24T15:26:47.757+0000] {logging_mixin.py:149} INFO - [2024-06-24T15:26:47.756+0000] {dagbag.py:541} INFO - Filling up the DagBag from /home/airflow/.local/lib/python3.7/site-packages/airflow/example_dags/example_branch_labels.py
[2024-06-24T15:26:47.761+0000] {processor.py:809} INFO - DAG(s) dict_keys(['example_branch_labels']) retrieved from /home/airflow/.local/lib/python3.7/site-packages/airflow/example_dags/example_branch_labels.py
[2024-06-24T15:26:47.774+0000] {logging_mixin.py:149} INFO - [2024-06-24T15:26:47.774+0000] {dag.py:2726} INFO - Sync 1 DAGs
[2024-06-24T15:26:47.788+0000] {logging_mixin.py:149} INFO - [2024-06-24T15:26:47.788+0000] {dag.py:3490} INFO - Setting next_dagrun for example_branch_labels to 2024-06-23T00:00:00+00:00, run_after=2024-06-24T00:00:00+00:00
[2024-06-24T15:26:47.798+0000] {processor.py:178} INFO - Processing /home/airflow/.local/lib/python3.7/site-packages/airflow/example_dags/example_branch_labels.py took 0.044 seconds
[2024-06-24T15:27:18.628+0000] {processor.py:156} INFO - Started process (PID=2711) to work on /home/airflow/.local/lib/python3.7/site-packages/airflow/example_dags/example_branch_labels.py
[2024-06-24T15:27:18.628+0000] {processor.py:799} INFO - Processing file /home/airflow/.local/lib/python3.7/site-packages/airflow/example_dags/example_branch_labels.py for tasks to queue
[2024-06-24T15:27:18.629+0000] {logging_mixin.py:149} INFO - [2024-06-24T15:27:18.629+0000] {dagbag.py:541} INFO - Filling up the DagBag from /home/airflow/.local/lib/python3.7/site-packages/airflow/example_dags/example_branch_labels.py
[2024-06-24T15:27:18.632+0000] {processor.py:809} INFO - DAG(s) dict_keys(['example_branch_labels']) retrieved from /home/airflow/.local/lib/python3.7/site-packages/airflow/example_dags/example_branch_labels.py
[2024-06-24T15:27:18.643+0000] {logging_mixin.py:149} INFO - [2024-06-24T15:27:18.643+0000] {dag.py:2726} INFO - Sync 1 DAGs
[2024-06-24T15:27:18.653+0000] {logging_mixin.py:149} INFO - [2024-06-24T15:27:18.653+0000] {dag.py:3490} INFO - Setting next_dagrun for example_branch_labels to 2024-06-23T00:00:00+00:00, run_after=2024-06-24T00:00:00+00:00
[2024-06-24T15:27:18.660+0000] {processor.py:178} INFO - Processing /home/airflow/.local/lib/python3.7/site-packages/airflow/example_dags/example_branch_labels.py took 0.034 seconds
[2024-06-24T15:27:49.462+0000] {processor.py:156} INFO - Started process (PID=2780) to work on /home/airflow/.local/lib/python3.7/site-packages/airflow/example_dags/example_branch_labels.py
[2024-06-24T15:27:49.463+0000] {processor.py:799} INFO - Processing file /home/airflow/.local/lib/python3.7/site-packages/airflow/example_dags/example_branch_labels.py for tasks to queue
[2024-06-24T15:27:49.463+0000] {logging_mixin.py:149} INFO - [2024-06-24T15:27:49.463+0000] {dagbag.py:541} INFO - Filling up the DagBag from /home/airflow/.local/lib/python3.7/site-packages/airflow/example_dags/example_branch_labels.py
[2024-06-24T15:27:49.467+0000] {processor.py:809} INFO - DAG(s) dict_keys(['example_branch_labels']) retrieved from /home/airflow/.local/lib/python3.7/site-packages/airflow/example_dags/example_branch_labels.py
[2024-06-24T15:27:49.481+0000] {logging_mixin.py:149} INFO - [2024-06-24T15:27:49.481+0000] {dag.py:2726} INFO - Sync 1 DAGs
[2024-06-24T15:27:49.493+0000] {logging_mixin.py:149} INFO - [2024-06-24T15:27:49.493+0000] {dag.py:3490} INFO - Setting next_dagrun for example_branch_labels to 2024-06-23T00:00:00+00:00, run_after=2024-06-24T00:00:00+00:00
[2024-06-24T15:27:49.501+0000] {processor.py:178} INFO - Processing /home/airflow/.local/lib/python3.7/site-packages/airflow/example_dags/example_branch_labels.py took 0.041 seconds
[2024-06-24T15:28:20.329+0000] {processor.py:156} INFO - Started process (PID=2849) to work on /home/airflow/.local/lib/python3.7/site-packages/airflow/example_dags/example_branch_labels.py
[2024-06-24T15:28:20.329+0000] {processor.py:799} INFO - Processing file /home/airflow/.local/lib/python3.7/site-packages/airflow/example_dags/example_branch_labels.py for tasks to queue
[2024-06-24T15:28:20.330+0000] {logging_mixin.py:149} INFO - [2024-06-24T15:28:20.330+0000] {dagbag.py:541} INFO - Filling up the DagBag from /home/airflow/.local/lib/python3.7/site-packages/airflow/example_dags/example_branch_labels.py
[2024-06-24T15:28:20.333+0000] {processor.py:809} INFO - DAG(s) dict_keys(['example_branch_labels']) retrieved from /home/airflow/.local/lib/python3.7/site-packages/airflow/example_dags/example_branch_labels.py
[2024-06-24T15:28:20.344+0000] {logging_mixin.py:149} INFO - [2024-06-24T15:28:20.344+0000] {dag.py:2726} INFO - Sync 1 DAGs
[2024-06-24T15:28:20.354+0000] {logging_mixin.py:149} INFO - [2024-06-24T15:28:20.354+0000] {dag.py:3490} INFO - Setting next_dagrun for example_branch_labels to 2024-06-23T00:00:00+00:00, run_after=2024-06-24T00:00:00+00:00
[2024-06-24T15:28:20.361+0000] {processor.py:178} INFO - Processing /home/airflow/.local/lib/python3.7/site-packages/airflow/example_dags/example_branch_labels.py took 0.033 seconds
[2024-06-24T15:28:51.220+0000] {processor.py:156} INFO - Started process (PID=2918) to work on /home/airflow/.local/lib/python3.7/site-packages/airflow/example_dags/example_branch_labels.py
[2024-06-24T15:28:51.220+0000] {processor.py:799} INFO - Processing file /home/airflow/.local/lib/python3.7/site-packages/airflow/example_dags/example_branch_labels.py for tasks to queue
[2024-06-24T15:28:51.220+0000] {logging_mixin.py:149} INFO - [2024-06-24T15:28:51.220+0000] {dagbag.py:541} INFO - Filling up the DagBag from /home/airflow/.local/lib/python3.7/site-packages/airflow/example_dags/example_branch_labels.py
[2024-06-24T15:28:51.223+0000] {processor.py:809} INFO - DAG(s) dict_keys(['example_branch_labels']) retrieved from /home/airflow/.local/lib/python3.7/site-packages/airflow/example_dags/example_branch_labels.py
[2024-06-24T15:28:51.234+0000] {logging_mixin.py:149} INFO - [2024-06-24T15:28:51.233+0000] {dag.py:2726} INFO - Sync 1 DAGs
[2024-06-24T15:28:51.245+0000] {logging_mixin.py:149} INFO - [2024-06-24T15:28:51.244+0000] {dag.py:3490} INFO - Setting next_dagrun for example_branch_labels to 2024-06-23T00:00:00+00:00, run_after=2024-06-24T00:00:00+00:00
[2024-06-24T15:28:51.251+0000] {processor.py:178} INFO - Processing /home/airflow/.local/lib/python3.7/site-packages/airflow/example_dags/example_branch_labels.py took 0.033 seconds
[2024-06-24T15:29:21.863+0000] {processor.py:156} INFO - Started process (PID=2986) to work on /home/airflow/.local/lib/python3.7/site-packages/airflow/example_dags/example_branch_labels.py
[2024-06-24T15:29:21.863+0000] {processor.py:799} INFO - Processing file /home/airflow/.local/lib/python3.7/site-packages/airflow/example_dags/example_branch_labels.py for tasks to queue
[2024-06-24T15:29:21.864+0000] {logging_mixin.py:149} INFO - [2024-06-24T15:29:21.864+0000] {dagbag.py:541} INFO - Filling up the DagBag from /home/airflow/.local/lib/python3.7/site-packages/airflow/example_dags/example_branch_labels.py
[2024-06-24T15:29:21.867+0000] {processor.py:809} INFO - DAG(s) dict_keys(['example_branch_labels']) retrieved from /home/airflow/.local/lib/python3.7/site-packages/airflow/example_dags/example_branch_labels.py
[2024-06-24T15:29:21.878+0000] {logging_mixin.py:149} INFO - [2024-06-24T15:29:21.878+0000] {dag.py:2726} INFO - Sync 1 DAGs
[2024-06-24T15:29:21.889+0000] {logging_mixin.py:149} INFO - [2024-06-24T15:29:21.889+0000] {dag.py:3490} INFO - Setting next_dagrun for example_branch_labels to 2024-06-23T00:00:00+00:00, run_after=2024-06-24T00:00:00+00:00
[2024-06-24T15:29:21.896+0000] {processor.py:178} INFO - Processing /home/airflow/.local/lib/python3.7/site-packages/airflow/example_dags/example_branch_labels.py took 0.034 seconds
[2024-06-24T15:29:52.564+0000] {processor.py:156} INFO - Started process (PID=3055) to work on /home/airflow/.local/lib/python3.7/site-packages/airflow/example_dags/example_branch_labels.py
[2024-06-24T15:29:52.564+0000] {processor.py:799} INFO - Processing file /home/airflow/.local/lib/python3.7/site-packages/airflow/example_dags/example_branch_labels.py for tasks to queue
[2024-06-24T15:29:52.564+0000] {logging_mixin.py:149} INFO - [2024-06-24T15:29:52.564+0000] {dagbag.py:541} INFO - Filling up the DagBag from /home/airflow/.local/lib/python3.7/site-packages/airflow/example_dags/example_branch_labels.py
[2024-06-24T15:29:52.568+0000] {processor.py:809} INFO - DAG(s) dict_keys(['example_branch_labels']) retrieved from /home/airflow/.local/lib/python3.7/site-packages/airflow/example_dags/example_branch_labels.py
[2024-06-24T15:29:52.578+0000] {logging_mixin.py:149} INFO - [2024-06-24T15:29:52.578+0000] {dag.py:2726} INFO - Sync 1 DAGs
[2024-06-24T15:29:52.589+0000] {logging_mixin.py:149} INFO - [2024-06-24T15:29:52.589+0000] {dag.py:3490} INFO - Setting next_dagrun for example_branch_labels to 2024-06-23T00:00:00+00:00, run_after=2024-06-24T00:00:00+00:00
[2024-06-24T15:29:52.597+0000] {processor.py:178} INFO - Processing /home/airflow/.local/lib/python3.7/site-packages/airflow/example_dags/example_branch_labels.py took 0.035 seconds
[2024-06-24T15:30:23.218+0000] {processor.py:156} INFO - Started process (PID=3123) to work on /home/airflow/.local/lib/python3.7/site-packages/airflow/example_dags/example_branch_labels.py
[2024-06-24T15:30:23.218+0000] {processor.py:799} INFO - Processing file /home/airflow/.local/lib/python3.7/site-packages/airflow/example_dags/example_branch_labels.py for tasks to queue
[2024-06-24T15:30:23.219+0000] {logging_mixin.py:149} INFO - [2024-06-24T15:30:23.218+0000] {dagbag.py:541} INFO - Filling up the DagBag from /home/airflow/.local/lib/python3.7/site-packages/airflow/example_dags/example_branch_labels.py
[2024-06-24T15:30:23.222+0000] {processor.py:809} INFO - DAG(s) dict_keys(['example_branch_labels']) retrieved from /home/airflow/.local/lib/python3.7/site-packages/airflow/example_dags/example_branch_labels.py
[2024-06-24T15:30:23.233+0000] {logging_mixin.py:149} INFO - [2024-06-24T15:30:23.233+0000] {dag.py:2726} INFO - Sync 1 DAGs
[2024-06-24T15:30:23.244+0000] {logging_mixin.py:149} INFO - [2024-06-24T15:30:23.244+0000] {dag.py:3490} INFO - Setting next_dagrun for example_branch_labels to 2024-06-23T00:00:00+00:00, run_after=2024-06-24T00:00:00+00:00
[2024-06-24T15:30:23.251+0000] {processor.py:178} INFO - Processing /home/airflow/.local/lib/python3.7/site-packages/airflow/example_dags/example_branch_labels.py took 0.035 seconds
